[2026-03-18 14:27:44] [TID:29540] Scanning C:\Users\koengo\Cegeka\Product Management - Product Management Library
[2026-03-18 14:27:44] [TID:29540] Found 93 SD files
[2026-03-18 14:27:44] [TID:14560] START SD - IBM Power on Premise [DV0.9].docx
[2026-03-18 14:27:44] [TID:1928] START SD - Cegeka Cloud-Native Platform [PV2.0][DV1.2].docx
[2026-03-18 14:27:44] [TID:26692] START SD - Cegeka Cloud - IBM license metric tool [PRD.0.L.179][PV0.8][DV1.0].docx
[2026-03-18 14:27:44] [TID:14612] START SD - Cegeka Cloud - Monitoring Services [PRD0.L.178][PV0.8][DV1.0].docx
[2026-03-18 14:27:45] [TID:26692] ERROR SD - Cegeka Cloud - IBM license metric tool [PRD.0.L.179][PV0.8][DV1.0].docx: [Errno 2] No such file or directory: 'C:\\Users\\koengo\\OneDrive - Cegeka\\Documents\\Reusable Assets\\Products\\mapped\\SD - Cegeka Cloud - IBM license metric tool [PRD.0.L.179][PV0.8][DV1.0].json'
[2026-03-18 14:27:45] [TID:26692] START SD - Cegeka Cloud Compute IaaS Services [PRD.0.L.108][PV0.8][DV1.1].docx
[2026-03-18 14:27:45] [TID:14612] ERROR SD - Cegeka Cloud - Monitoring Services [PRD0.L.178][PV0.8][DV1.0].docx: [Errno 2] No such file or directory: 'C:\\Users\\koengo\\OneDrive - Cegeka\\Documents\\Reusable Assets\\Products\\mapped\\SD - Cegeka Cloud - Monitoring Services [PRD0.L.178][PV0.8][DV1.0].json'
[2026-03-18 14:27:45] [TID:14612] START SD - Cegeka Cloud Housing services [PRD.0.L.101][PV0.8][DV1.1].docx
[2026-03-18 14:27:45] [TID:14560] ERROR SD - IBM Power on Premise [DV0.9].docx: [Errno 2] No such file or directory: 'C:\\Users\\koengo\\OneDrive - Cegeka\\Documents\\Reusable Assets\\Products\\mapped\\SD - IBM Power on Premise [DV0.9].json'
[2026-03-18 14:27:45] [TID:14560] START SD - Cegeka Cloud Shared Backup Services [PRD.0.L.133][PV0.8][DV1.3].docx
[2026-03-18 14:27:46] [TID:14612] ERROR SD - Cegeka Cloud Housing services [PRD.0.L.101][PV0.8][DV1.1].docx: [Errno 2] No such file or directory: 'C:\\Users\\koengo\\OneDrive - Cegeka\\Documents\\Reusable Assets\\Products\\mapped\\SD - Cegeka Cloud Housing services [PRD.0.L.101][PV0.8][DV1.1].json'
[2026-03-18 14:27:46] [TID:14612] START SD - Cegeka Cloud Shared LAN Services [PRD.0.L.102][PV0.8][DV1.1].docx
[2026-03-18 14:27:46] [TID:26692] ERROR SD - Cegeka Cloud Compute IaaS Services [PRD.0.L.108][PV0.8][DV1.1].docx: [Errno 2] No such file or directory: 'C:\\Users\\koengo\\OneDrive - Cegeka\\Documents\\Reusable Assets\\Products\\mapped\\SD - Cegeka Cloud Compute IaaS Services [PRD.0.L.108][PV0.8][DV1.1].json'
[2026-03-18 14:27:46] [TID:26692] START SD - Cegeka Cloud Shared NAS Services [PRD.0.L.109][PV0.8][DV1.3].docx
[2026-03-18 14:27:46] [TID:14560] ERROR SD - Cegeka Cloud Shared Backup Services [PRD.0.L.133][PV0.8][DV1.3].docx: [Errno 2] No such file or directory: 'C:\\Users\\koengo\\OneDrive - Cegeka\\Documents\\Reusable Assets\\Products\\mapped\\SD - Cegeka Cloud Shared Backup Services [PRD.0.L.133][PV0.8][DV1.3].json'
[2026-03-18 14:27:46] [TID:14560] START SD - Dedicated Virtualization Environment Management [PRD.0.L.116][PV0.8][DV1.1].docx
[2026-03-18 14:27:46] [TID:1928] ERROR SD - Cegeka Cloud-Native Platform [PV2.0][DV1.2].docx: [Errno 2] No such file or directory: 'C:\\Users\\koengo\\OneDrive - Cegeka\\Documents\\Reusable Assets\\Products\\mapped\\SD - Cegeka Cloud-Native Platform [PV2.0][DV1.2].json'
[2026-03-18 14:27:46] [TID:1928] START SD - Generic - Hypervisor Management.docx
[2026-03-18 14:27:47] [TID:14612] ERROR SD - Cegeka Cloud Shared LAN Services [PRD.0.L.102][PV0.8][DV1.1].docx: [Errno 2] No such file or directory: 'C:\\Users\\koengo\\OneDrive - Cegeka\\Documents\\Reusable Assets\\Products\\mapped\\SD - Cegeka Cloud Shared LAN Services [PRD.0.L.102][PV0.8][DV1.1].json'
[2026-03-18 14:27:47] [TID:14612] START SD - Generic - OS Management Windows.docx
[2026-03-18 14:27:47] [TID:26692] ERROR SD - Cegeka Cloud Shared NAS Services [PRD.0.L.109][PV0.8][DV1.3].docx: [Errno 2] No such file or directory: 'C:\\Users\\koengo\\OneDrive - Cegeka\\Documents\\Reusable Assets\\Products\\mapped\\SD - Cegeka Cloud Shared NAS Services [PRD.0.L.109][PV0.8][DV1.3].json'
[2026-03-18 14:27:47] [TID:26692] START SD - Generic - SAN & Storage Device Management.docx
[2026-03-18 14:27:47] [TID:1928] ERROR SD - Generic - Hypervisor Management.docx: [Errno 2] No such file or directory: 'C:\\Users\\koengo\\OneDrive - Cegeka\\Documents\\Reusable Assets\\Products\\mapped\\SD - Generic - Hypervisor Management.json'
[2026-03-18 14:27:47] [TID:1928] START SD - Generic Service Catalogue.docx
[2026-03-18 14:27:47] [TID:14560] ERROR SD - Dedicated Virtualization Environment Management [PRD.0.L.116][PV0.8][DV1.1].docx: [Errno 2] No such file or directory: 'C:\\Users\\koengo\\OneDrive - Cegeka\\Documents\\Reusable Assets\\Products\\mapped\\SD - Dedicated Virtualization Environment Management [PRD.0.L.116][PV0.8][DV1.1].json'
[2026-03-18 14:27:47] [TID:14560] START SD - Office 365 Backup [PRD.0.L.134][PV0.8][DV1.0].docx
[2026-03-18 14:27:48] [TID:14612] ERROR SD - Generic - OS Management Windows.docx: [Errno 2] No such file or directory: 'C:\\Users\\koengo\\OneDrive - Cegeka\\Documents\\Reusable Assets\\Products\\mapped\\SD - Generic - OS Management Windows.json'
[2026-03-18 14:27:48] [TID:14612] START SD - Oracle Engineered System Management [PRD.0.L.202][PV0.8][DV1.0].docx
[2026-03-18 14:27:48] [TID:26692] ERROR SD - Generic - SAN & Storage Device Management.docx: [Errno 2] No such file or directory: 'C:\\Users\\koengo\\OneDrive - Cegeka\\Documents\\Reusable Assets\\Products\\mapped\\SD - Generic - SAN & Storage Device Management.json'
[2026-03-18 14:27:48] [TID:26692] START SD - OS Management for IBM Power [PRD.0.L.128][PV0.8][DV1.0].docx
[2026-03-18 14:27:48] [TID:14560] ERROR SD - Office 365 Backup [PRD.0.L.134][PV0.8][DV1.0].docx: [Errno 2] No such file or directory: 'C:\\Users\\koengo\\OneDrive - Cegeka\\Documents\\Reusable Assets\\Products\\mapped\\SD - Office 365 Backup [PRD.0.L.134][PV0.8][DV1.0].json'
[2026-03-18 14:27:48] [TID:14560] START SD - RedHat AMQ [PRD.0.L.136][PV0.8][DV1.0].docx
[2026-03-18 14:27:49] [TID:26692] ERROR SD - OS Management for IBM Power [PRD.0.L.128][PV0.8][DV1.0].docx: [Errno 2] No such file or directory: 'C:\\Users\\koengo\\OneDrive - Cegeka\\Documents\\Reusable Assets\\Products\\mapped\\SD - OS Management for IBM Power [PRD.0.L.128][PV0.8][DV1.0].json'
[2026-03-18 14:27:49] [TID:26692] START SD - Release and Deploy services for Argenta [PRD.0.L.191][PV0.7][DV1.0].docx
[2026-03-18 14:27:49] [TID:14612] ERROR SD - Oracle Engineered System Management [PRD.0.L.202][PV0.8][DV1.0].docx: [Errno 2] No such file or directory: 'C:\\Users\\koengo\\OneDrive - Cegeka\\Documents\\Reusable Assets\\Products\\mapped\\SD - Oracle Engineered System Management [PRD.0.L.202][PV0.8][DV1.0].json'
[2026-03-18 14:27:49] [TID:14612] START SD - Takensysteem Application Management [PRD.0.L.188][PV0.7][DV1.0].docx
[2026-03-18 14:27:49] [TID:14560] ERROR SD - RedHat AMQ [PRD.0.L.136][PV0.8][DV1.0].docx: [Errno 2] No such file or directory: 'C:\\Users\\koengo\\OneDrive - Cegeka\\Documents\\Reusable Assets\\Products\\mapped\\SD - RedHat AMQ [PRD.0.L.136][PV0.8][DV1.0].json'
[2026-03-18 14:27:49] [TID:14560] START SD - TAM IWS IBM Workload Scheduler [PRD.0.L.185][PV0.7][DV1.0].docx
[2026-03-18 14:27:50] [TID:26692] ERROR SD - Release and Deploy services for Argenta [PRD.0.L.191][PV0.7][DV1.0].docx: [Errno 2] No such file or directory: 'C:\\Users\\koengo\\OneDrive - Cegeka\\Documents\\Reusable Assets\\Products\\mapped\\SD - Release and Deploy services for Argenta [PRD.0.L.191][PV0.7][DV1.0].json'
[2026-03-18 14:27:50] [TID:26692] START SD - TAM Oracle Data Integrator ODI [PRD.0.L.138][PV0.8][DV1.0].docx
[2026-03-18 14:27:50] [TID:14612] ERROR SD - Takensysteem Application Management [PRD.0.L.188][PV0.7][DV1.0].docx: [Errno 2] No such file or directory: 'C:\\Users\\koengo\\OneDrive - Cegeka\\Documents\\Reusable Assets\\Products\\mapped\\SD - Takensysteem Application Management [PRD.0.L.188][PV0.7][DV1.0].json'
[2026-03-18 14:27:50] [TID:14612] START SD - TAM Oracle Goldengate [PRD.0.L.137][PV0.8][DV1.0].docx
[2026-03-18 14:27:51] [TID:14560] ERROR SD - TAM IWS IBM Workload Scheduler [PRD.0.L.185][PV0.7][DV1.0].docx: [Errno 2] No such file or directory: 'C:\\Users\\koengo\\OneDrive - Cegeka\\Documents\\Reusable Assets\\Products\\mapped\\SD - TAM IWS IBM Workload Scheduler [PRD.0.L.185][PV0.7][DV1.0].json'
[2026-03-18 14:27:51] [TID:14560] START SD - Technical Database management Microsoft SQL [PRD.0.L.129][PV0.8][DV1.1].docx
[2026-03-18 14:27:52] [TID:26692] ERROR SD - TAM Oracle Data Integrator ODI [PRD.0.L.138][PV0.8][DV1.0].docx: [Errno 2] No such file or directory: 'C:\\Users\\koengo\\OneDrive - Cegeka\\Documents\\Reusable Assets\\Products\\mapped\\SD - TAM Oracle Data Integrator ODI [PRD.0.L.138][PV0.8][DV1.0].json'
[2026-03-18 14:27:52] [TID:26692] START SD - Technical Database management Oracle [PRD.0.L.130][PV0.8][DV1.1].docx
[2026-03-18 14:27:52] [TID:1928] ERROR SD - Generic Service Catalogue.docx: [Errno 2] No such file or directory: 'C:\\Users\\koengo\\OneDrive - Cegeka\\Documents\\Reusable Assets\\Products\\mapped\\SD - Generic Service Catalogue.json'
[2026-03-18 14:27:52] [TID:1928] START SD - Power AIX (PAAS) [PRD.0.1.002][PV1.0][DV1.0].docx
[2026-03-18 14:27:52] [TID:14612] ERROR SD - TAM Oracle Goldengate [PRD.0.L.137][PV0.8][DV1.0].docx: [Errno 2] No such file or directory: 'C:\\Users\\koengo\\OneDrive - Cegeka\\Documents\\Reusable Assets\\Products\\mapped\\SD - TAM Oracle Goldengate [PRD.0.L.137][PV0.8][DV1.0].json'
[2026-03-18 14:27:52] [TID:14612] START SD - Cegeka IBM Power Cloud(Legacy) [PRD.0.1.003][PV0.7][DV1.0].docx
[2026-03-18 14:27:52] [TID:14560] ERROR SD - Technical Database management Microsoft SQL [PRD.0.L.129][PV0.8][DV1.1].docx: [Errno 2] No such file or directory: 'C:\\Users\\koengo\\OneDrive - Cegeka\\Documents\\Reusable Assets\\Products\\mapped\\SD - Technical Database management Microsoft SQL [PRD.0.L.129][PV0.8][DV1.1].json'
[2026-03-18 14:27:52] [TID:14560] START SD - Power IBM i (PAAS) [PRD.0.1.004][PV1.0][DV1.0].docx
[2026-03-18 14:27:52] [TID:14612] ERROR SD - Cegeka IBM Power Cloud(Legacy) [PRD.0.1.003][PV0.7][DV1.0].docx: Command '['C:\\Users\\koengo\\AppData\\Local\\Programs\\Python\\Python312\\python.exe', WindowsPath('C:/Users/koengo/OneDrive - Cegeka/Documents/Reusable Assets/Products/scripts/extract_html.py'), WindowsPath('C:/Users/koengo/Cegeka/Product Management - Product Management Library/Business Line - Cloud and Digital Platforms/[0.1] Cegeka IBM Power Services & Solutions/[PRD.0.1.003] Cegeka IBM Power Cloud/SD - Cegeka IBM Power Cloud(Legacy) [PRD.0.1.003][PV0.7][DV1.0].docx')]' returned non-zero exit status 1.
[2026-03-18 14:27:52] [TID:14612] START SD - Cegeka Azure Advisory Services - Cloud Configuration, Security & Risk Optimization Assessment [PRD.0.2.002][PV1.0][DV1.0].docx
[2026-03-18 14:27:53] [TID:14612] ERROR SD - Cegeka Azure Advisory Services - Cloud Configuration, Security & Risk Optimization Assessment [PRD.0.2.002][PV1.0][DV1.0].docx: Command '['C:\\Users\\koengo\\AppData\\Local\\Programs\\Python\\Python312\\python.exe', WindowsPath('C:/Users/koengo/OneDrive - Cegeka/Documents/Reusable Assets/Products/scripts/extract_html.py'), WindowsPath('C:/Users/koengo/Cegeka/Product Management - Product Management Library/Business Line - Cloud and Digital Platforms/[0.2] Cegeka Azure Services & Solutions/[PRD.0.2.002] Cegeka Azure Advisory Services/SD - Cegeka Azure Advisory Services - Cloud Configuration, Security & Risk Optimization Assessment [PRD.0.2.002][PV1.0][DV1.0].docx')]' returned non-zero exit status 1.
[2026-03-18 14:27:53] [TID:14612] START SD - Cegeka Azure Advisory Services - Microsoft Azure Cloud Solution Provider [PRD.0.2.002][PV1.0][DV1.0].docx
[2026-03-18 14:27:53] [TID:1928] ERROR SD - Power AIX (PAAS) [PRD.0.1.002][PV1.0][DV1.0].docx: [Errno 2] No such file or directory: 'C:\\Users\\koengo\\OneDrive - Cegeka\\Documents\\Reusable Assets\\Products\\mapped\\SD - Power AIX (PAAS) [PRD.0.1.002][PV1.0][DV1.0].json'
[2026-03-18 14:27:53] [TID:1928] START SD - Azure Managed Platform Services [PRD.0.2.020][PV2.0][DV1.0].docx
[2026-03-18 14:27:53] [TID:26692] ERROR SD - Technical Database management Oracle [PRD.0.L.130][PV0.8][DV1.1].docx: [Errno 2] No such file or directory: 'C:\\Users\\koengo\\OneDrive - Cegeka\\Documents\\Reusable Assets\\Products\\mapped\\SD - Technical Database management Oracle [PRD.0.L.130][PV0.8][DV1.1].json'
[2026-03-18 14:27:53] [TID:26692] START SD - Cegeka OCI Managed Platform Services [PRD.0.4.001][PV1.0][DV1.0].docx
[2026-03-18 14:27:53] [TID:14612] ERROR SD - Cegeka Azure Advisory Services - Microsoft Azure Cloud Solution Provider [PRD.0.2.002][PV1.0][DV1.0].docx: Command '['C:\\Users\\koengo\\AppData\\Local\\Programs\\Python\\Python312\\python.exe', WindowsPath('C:/Users/koengo/OneDrive - Cegeka/Documents/Reusable Assets/Products/scripts/extract_html.py'), WindowsPath('C:/Users/koengo/Cegeka/Product Management - Product Management Library/Business Line - Cloud and Digital Platforms/[0.2] Cegeka Azure Services & Solutions/[PRD.0.2.002] Cegeka Azure Advisory Services/SD - Cegeka Azure Advisory Services - Microsoft Azure Cloud Solution Provider [PRD.0.2.002][PV1.0][DV1.0].docx')]' returned non-zero exit status 1.
[2026-03-18 14:27:53] [TID:14612] START SD - Cegeka ExaCC Services [PRD.0.4.002][PV1.0][DV1.0].docx
[2026-03-18 14:27:53] [TID:1928] ERROR SD - Azure Managed Platform Services [PRD.0.2.020][PV2.0][DV1.0].docx: Command '['C:\\Users\\koengo\\AppData\\Local\\Programs\\Python\\Python312\\python.exe', WindowsPath('C:/Users/koengo/OneDrive - Cegeka/Documents/Reusable Assets/Products/scripts/extract_html.py'), WindowsPath('C:/Users/koengo/Cegeka/Product Management - Product Management Library/Business Line - Cloud and Digital Platforms/[0.2] Cegeka Azure Services & Solutions/[PRD.0.2.020] Cegeka Azure Managed Platform Services/SD - Azure Managed Platform Services [PRD.0.2.020][PV2.0][DV1.0].docx')]' returned non-zero exit status 1.
[2026-03-18 14:27:53] [TID:1928] START SD - Cegeka Cloud-Native Platform on Cegeka Cloud - Platform Engineering as a Service [PRD.0.5.001][PV2.2][DV1.0].docx
[2026-03-18 14:27:53] [TID:26692] ERROR SD - Cegeka OCI Managed Platform Services [PRD.0.4.001][PV1.0][DV1.0].docx: Command '['C:\\Users\\koengo\\AppData\\Local\\Programs\\Python\\Python312\\python.exe', WindowsPath('C:/Users/koengo/OneDrive - Cegeka/Documents/Reusable Assets/Products/scripts/extract_html.py'), WindowsPath('C:/Users/koengo/Cegeka/Product Management - Product Management Library/Business Line - Cloud and Digital Platforms/[0.4] Cegeka Oracle Cloud Services & Solutions/[PRD.0.4.001] Cegeka OCI Managed Platform Services/SD - Cegeka OCI Managed Platform Services [PRD.0.4.001][PV1.0][DV1.0].docx')]' returned non-zero exit status 1.
[2026-03-18 14:27:53] [TID:26692] START SD - Cegeka Cloud-Native Platform on Cegeka Cloud [PRD.0.5.001][PV2.2][DV1.2].docx
[2026-03-18 14:27:53] [TID:14560] ERROR SD - Power IBM i (PAAS) [PRD.0.1.004][PV1.0][DV1.0].docx: [Errno 2] No such file or directory: 'C:\\Users\\koengo\\OneDrive - Cegeka\\Documents\\Reusable Assets\\Products\\mapped\\SD - Power IBM i (PAAS) [PRD.0.1.004][PV1.0][DV1.0].json'
[2026-03-18 14:27:53] [TID:14560] START SD - Cegeka Technical Application Management [PRD.0.6.001][PV1.2][DV1.1].docx
[2026-03-18 14:27:54] [TID:1928] ERROR SD - Cegeka Cloud-Native Platform on Cegeka Cloud - Platform Engineering as a Service [PRD.0.5.001][PV2.2][DV1.0].docx: Command '['C:\\Users\\koengo\\AppData\\Local\\Programs\\Python\\Python312\\python.exe', WindowsPath('C:/Users/koengo/OneDrive - Cegeka/Documents/Reusable Assets/Products/scripts/extract_html.py'), WindowsPath('C:/Users/koengo/Cegeka/Product Management - Product Management Library/Business Line - Cloud and Digital Platforms/[0.5] Cegeka Digital Cloud Platforms/[PRD.0.5.001] Cegeka Cloud-Native Platform on Cegeka Cloud/SD - Cegeka Cloud-Native Platform on Cegeka Cloud - Platform Engineering as a Service [PRD.0.5.001][PV2.2][DV1.0].docx')]' returned non-zero exit status 1.
[2026-03-18 14:27:54] [TID:1928] START SD - TAM Services [PRD.0.6.001][PV1.1][DV1.1] - Word file.docx
[2026-03-18 14:27:54] [TID:26692] ERROR SD - Cegeka Cloud-Native Platform on Cegeka Cloud [PRD.0.5.001][PV2.2][DV1.2].docx: Command '['C:\\Users\\koengo\\AppData\\Local\\Programs\\Python\\Python312\\python.exe', WindowsPath('C:/Users/koengo/OneDrive - Cegeka/Documents/Reusable Assets/Products/scripts/extract_html.py'), WindowsPath('C:/Users/koengo/Cegeka/Product Management - Product Management Library/Business Line - Cloud and Digital Platforms/[0.5] Cegeka Digital Cloud Platforms/[PRD.0.5.001] Cegeka Cloud-Native Platform on Cegeka Cloud/SD - Cegeka Cloud-Native Platform on Cegeka Cloud [PRD.0.5.001][PV2.2][DV1.2].docx')]' returned non-zero exit status 1.
[2026-03-18 14:27:54] [TID:26692] START SD - Cegeka Managed File Transfer Services [PRD.0.6.002][PV1.0][DV1.0].docx
[2026-03-18 14:27:54] [TID:14560] ERROR SD - Cegeka Technical Application Management [PRD.0.6.001][PV1.2][DV1.1].docx: Command '['C:\\Users\\koengo\\AppData\\Local\\Programs\\Python\\Python312\\python.exe', WindowsPath('C:/Users/koengo/OneDrive - Cegeka/Documents/Reusable Assets/Products/scripts/extract_html.py'), WindowsPath('C:/Users/koengo/Cegeka/Product Management - Product Management Library/Business Line - Cloud and Digital Platforms/[0.6] Cegeka Application & Integration Management/[PRD.0.6.001] Cegeka Technical Application Management/SD - Cegeka Technical Application Management [PRD.0.6.001][PV1.2][DV1.1].docx')]' returned non-zero exit status 1.
[2026-03-18 14:27:54] [TID:14560] START SD - Cegeka Oracle Enterprise Manager [PRD.0.L.139][PV1.0][DV1.0].docx
[2026-03-18 14:27:54] [TID:1928] ERROR SD - TAM Services [PRD.0.6.001][PV1.1][DV1.1] - Word file.docx: Command '['C:\\Users\\koengo\\AppData\\Local\\Programs\\Python\\Python312\\python.exe', WindowsPath('C:/Users/koengo/OneDrive - Cegeka/Documents/Reusable Assets/Products/scripts/extract_html.py'), WindowsPath('C:/Users/koengo/Cegeka/Product Management - Product Management Library/Business Line - Cloud and Digital Platforms/[0.6] Cegeka Application & Integration Management/[PRD.0.6.001] Cegeka Technical Application Management/SD - TAM Services [PRD.0.6.001][PV1.1][DV1.1] - Word file.docx')]' returned non-zero exit status 1.
[2026-03-18 14:27:54] [TID:1928] START SD - Cegeka VM Cyber Protection & Recovery Service [PRD.0.8.001][PV1.0][DV1.0].docx
[2026-03-18 14:27:54] [TID:26692] ERROR SD - Cegeka Managed File Transfer Services [PRD.0.6.002][PV1.0][DV1.0].docx: Command '['C:\\Users\\koengo\\AppData\\Local\\Programs\\Python\\Python312\\python.exe', WindowsPath('C:/Users/koengo/OneDrive - Cegeka/Documents/Reusable Assets/Products/scripts/extract_html.py'), WindowsPath('C:/Users/koengo/Cegeka/Product Management - Product Management Library/Business Line - Cloud and Digital Platforms/[0.6] Cegeka Application & Integration Management/[PRD.0.6.002] Cegeka Managed File Transfer Services/SD - Cegeka Managed File Transfer Services [PRD.0.6.002][PV1.0][DV1.0].docx')]' returned non-zero exit status 1.
[2026-03-18 14:27:54] [TID:26692] START SD - Cegeka DBMS for Oracle on Azure [PRD.0.8.001][PV1.0][DV1.0].docx
[2026-03-18 14:27:54] [TID:14560] ERROR SD - Cegeka Oracle Enterprise Manager [PRD.0.L.139][PV1.0][DV1.0].docx: Command '['C:\\Users\\koengo\\AppData\\Local\\Programs\\Python\\Python312\\python.exe', WindowsPath('C:/Users/koengo/OneDrive - Cegeka/Documents/Reusable Assets/Products/scripts/extract_html.py'), WindowsPath('C:/Users/koengo/Cegeka/Product Management - Product Management Library/Business Line - Cloud and Digital Platforms/[0.6] Cegeka Application & Integration Management/[PRD.0.L.139] Cegeka Oracle Enterprise Manager/SD - Cegeka Oracle Enterprise Manager [PRD.0.L.139][PV1.0][DV1.0].docx')]' returned non-zero exit status 1.
[2026-03-18 14:27:54] [TID:14560] START SD - Cegeka Cloud Housing Services [PRD.0.L.101][PV0.8][DV1.2].docx
[2026-03-18 14:27:54] [TID:1928] ERROR SD - Cegeka VM Cyber Protection & Recovery Service [PRD.0.8.001][PV1.0][DV1.0].docx: Command '['C:\\Users\\koengo\\AppData\\Local\\Programs\\Python\\Python312\\python.exe', WindowsPath('C:/Users/koengo/OneDrive - Cegeka/Documents/Reusable Assets/Products/scripts/extract_html.py'), WindowsPath('C:/Users/koengo/Cegeka/Product Management - Product Management Library/Business Line - Cloud and Digital Platforms/[0.8] Cegeka Cyber Recovery Services & Solutions/[PRD.0.8.001] Cegeka VM Cyber Protection & Recovery Service/SD - Cegeka VM Cyber Protection & Recovery Service [PRD.0.8.001][PV1.0][DV1.0].docx')]' returned non-zero exit status 1.
[2026-03-18 14:27:54] [TID:1928] START SD - Cegeka Housing Services [PRD.0.L.101][PV0.8][DV1.3].docx
[2026-03-18 14:27:55] [TID:26692] ERROR SD - Cegeka DBMS for Oracle on Azure [PRD.0.8.001][PV1.0][DV1.0].docx: Command '['C:\\Users\\koengo\\AppData\\Local\\Programs\\Python\\Python312\\python.exe', WindowsPath('C:/Users/koengo/OneDrive - Cegeka/Documents/Reusable Assets/Products/scripts/extract_html.py'), WindowsPath('C:/Users/koengo/Cegeka/Product Management - Product Management Library/Business Line - Cloud and Digital Platforms/[0.9] Cegeka Database Management/[PRD.0.9.001] Cegeka DBMS for Oracle on Azure/SD - Cegeka DBMS for Oracle on Azure [PRD.0.8.001][PV1.0][DV1.0].docx')]' returned non-zero exit status 1.
[2026-03-18 14:27:55] [TID:26692] START SD - Repository Managed Service [PRD.0.L.300][PV1.0][DV1.0].docx
[2026-03-18 14:27:55] [TID:14560] ERROR SD - Cegeka Cloud Housing Services [PRD.0.L.101][PV0.8][DV1.2].docx: Command '['C:\\Users\\koengo\\AppData\\Local\\Programs\\Python\\Python312\\python.exe', WindowsPath('C:/Users/koengo/OneDrive - Cegeka/Documents/Reusable Assets/Products/scripts/extract_html.py'), WindowsPath('C:/Users/koengo/Cegeka/Product Management - Product Management Library/Business Line - Cloud and Digital Platforms/[0.L] Cegeka Cloud Services & Solutions/[PRD.0.L.101] Cegeka Housing Services/SD - Cegeka Cloud Housing Services [PRD.0.L.101][PV0.8][DV1.2].docx')]' returned non-zero exit status 1.
[2026-03-18 14:27:55] [TID:14560] START SD - Jenkins Managed Service [PRD.0.L.301][PV1.0][DV1.0].docx
[2026-03-18 14:27:55] [TID:14612] ERROR SD - Cegeka ExaCC Services [PRD.0.4.002][PV1.0][DV1.0].docx: [Errno 2] No such file or directory: 'C:\\Users\\koengo\\OneDrive - Cegeka\\Documents\\Reusable Assets\\Products\\mapped\\SD - Cegeka ExaCC Services [PRD.0.4.002][PV1.0][DV1.0].json'
[2026-03-18 14:27:55] [TID:14612] START SD - Automation as a Service [PRD.0.L.302][PV1.0][DV1.0].docx
[2026-03-18 14:27:55] [TID:26692] ERROR SD - Repository Managed Service [PRD.0.L.300][PV1.0][DV1.0].docx: Command '['C:\\Users\\koengo\\AppData\\Local\\Programs\\Python\\Python312\\python.exe', WindowsPath('C:/Users/koengo/OneDrive - Cegeka/Documents/Reusable Assets/Products/scripts/extract_html.py'), WindowsPath('C:/Users/koengo/Cegeka/Product Management - Product Management Library/Business Line - Cloud and Digital Platforms/[0.L] Cegeka Cloud Services & Solutions/[PRD.0.L.300] Repository Managed Service/SD - Repository Managed Service [PRD.0.L.300][PV1.0][DV1.0].docx')]' returned non-zero exit status 1.
[2026-03-18 14:27:55] [TID:26692] START SD - Cegeka OS Management - Windows on Cegeka Cloud [PRD.0.L.124][PV1.0][DV1.0].docx
[2026-03-18 14:27:55] [TID:26692] ERROR SD - Cegeka OS Management - Windows on Cegeka Cloud [PRD.0.L.124][PV1.0][DV1.0].docx: Command '['C:\\Users\\koengo\\AppData\\Local\\Programs\\Python\\Python312\\python.exe', WindowsPath('C:/Users/koengo/OneDrive - Cegeka/Documents/Reusable Assets/Products/scripts/extract_html.py'), WindowsPath('C:/Users/koengo/Cegeka/Product Management - Product Management Library/Business Line - Cloud and Digital Platforms/[0.L] Cegeka OS Management/[PRD.0.L.124] Cegeka OS Management Windows/SD - Cegeka OS Management - Windows on Cegeka Cloud [PRD.0.L.124][PV1.0][DV1.0].docx')]' returned non-zero exit status 1.
[2026-03-18 14:27:55] [TID:26692] START SD - Cegeka OS Management - Windows on Microsoft Azure [PRD.0.L.124][PV1.0][DV1.0].docx
[2026-03-18 14:27:56] [TID:14560] ERROR SD - Jenkins Managed Service [PRD.0.L.301][PV1.0][DV1.0].docx: [Errno 2] No such file or directory: 'C:\\Users\\koengo\\OneDrive - Cegeka\\Documents\\Reusable Assets\\Products\\mapped\\SD - Jenkins Managed Service [PRD.0.L.301][PV1.0][DV1.0].json'
[2026-03-18 14:27:56] [TID:14560] START SD - Cegeka OS Management - Linux on Cegeka Cloud [PRD.0.L.126][PV1.0][DV1.0].docx
[2026-03-18 14:27:56] [TID:26692] ERROR SD - Cegeka OS Management - Windows on Microsoft Azure [PRD.0.L.124][PV1.0][DV1.0].docx: Command '['C:\\Users\\koengo\\AppData\\Local\\Programs\\Python\\Python312\\python.exe', WindowsPath('C:/Users/koengo/OneDrive - Cegeka/Documents/Reusable Assets/Products/scripts/extract_html.py'), WindowsPath('C:/Users/koengo/Cegeka/Product Management - Product Management Library/Business Line - Cloud and Digital Platforms/[0.L] Cegeka OS Management/[PRD.0.L.124] Cegeka OS Management Windows/SD - Cegeka OS Management - Windows on Microsoft Azure [PRD.0.L.124][PV1.0][DV1.0].docx')]' returned non-zero exit status 1.
[2026-03-18 14:27:56] [TID:26692] START SD - Cegeka OS Management - Linux on Microsoft Azure [PRD.0.L.126][PV1.0][DV1.0].docx
[2026-03-18 14:27:56] [TID:1928] ERROR SD - Cegeka Housing Services [PRD.0.L.101][PV0.8][DV1.3].docx: [Errno 2] No such file or directory: 'C:\\Users\\koengo\\OneDrive - Cegeka\\Documents\\Reusable Assets\\Products\\mapped\\SD - Cegeka Housing Services [PRD.0.L.101][PV0.8][DV1.3].json'
[2026-03-18 14:27:56] [TID:1928] START SD - License Management - CSP License Rental [PRD.7.0.001][PV1.1][DV1.0].docx
[2026-03-18 14:27:56] [TID:14612] ERROR SD - Automation as a Service [PRD.0.L.302][PV1.0][DV1.0].docx: [Errno 2] No such file or directory: 'C:\\Users\\koengo\\OneDrive - Cegeka\\Documents\\Reusable Assets\\Products\\mapped\\SD - Automation as a Service [PRD.0.L.302][PV1.0][DV1.0].json'
[2026-03-18 14:27:56] [TID:14612] START SD - Digital Workplace Security [PRD.7.1.001][PV1.0][DV2.0].docx
[2026-03-18 14:27:56] [TID:26692] ERROR SD - Cegeka OS Management - Linux on Microsoft Azure [PRD.0.L.126][PV1.0][DV1.0].docx: Command '['C:\\Users\\koengo\\AppData\\Local\\Programs\\Python\\Python312\\python.exe', WindowsPath('C:/Users/koengo/OneDrive - Cegeka/Documents/Reusable Assets/Products/scripts/extract_html.py'), WindowsPath('C:/Users/koengo/Cegeka/Product Management - Product Management Library/Business Line - Cloud and Digital Platforms/[0.L] Cegeka OS Management/[PRD.0.L.126] Cegeka OS Management Linux/SD - Cegeka OS Management - Linux on Microsoft Azure [PRD.0.L.126][PV1.0][DV1.0].docx')]' returned non-zero exit status 1.
[2026-03-18 14:27:56] [TID:14560] ERROR SD - Cegeka OS Management - Linux on Cegeka Cloud [PRD.0.L.126][PV1.0][DV1.0].docx: Command '['C:\\Users\\koengo\\AppData\\Local\\Programs\\Python\\Python312\\python.exe', WindowsPath('C:/Users/koengo/OneDrive - Cegeka/Documents/Reusable Assets/Products/scripts/extract_html.py'), WindowsPath('C:/Users/koengo/Cegeka/Product Management - Product Management Library/Business Line - Cloud and Digital Platforms/[0.L] Cegeka OS Management/[PRD.0.L.126] Cegeka OS Management Linux/SD - Cegeka OS Management - Linux on Cegeka Cloud [PRD.0.L.126][PV1.0][DV1.0].docx')]' returned non-zero exit status 1.
[2026-03-18 14:27:56] [TID:26692] START SD - Cloud Data Backup & Restore [PRD.7.1.003][PV1.0][DV1.1].docx
[2026-03-18 14:27:56] [TID:14560] START SD - Device Lifecycle Management [PRD.7.3.001][PV1.0][DV1.1].docx
[2026-03-18 14:27:56] [TID:14612] ERROR SD - Digital Workplace Security [PRD.7.1.001][PV1.0][DV2.0].docx: Command '['C:\\Users\\koengo\\AppData\\Local\\Programs\\Python\\Python312\\python.exe', WindowsPath('C:/Users/koengo/OneDrive - Cegeka/Documents/Reusable Assets/Products/scripts/extract_html.py'), WindowsPath('C:/Users/koengo/Cegeka/Product Management - Product Management Library/Business Line - Digital Employee eXperience/[7.1] Cegeka Digital Workplace Solutions/[PRD.7.1.001] Digital Workplace Security/SD - Digital Workplace Security [PRD.7.1.001][PV1.0][DV2.0].docx')]' returned non-zero exit status 1.
[2026-03-18 14:27:56] [TID:14612] START SD - Physical Workplace Management [PRD.7.4.001][PV1.1][DV1.0].docx
[2026-03-18 14:27:57] [TID:14560] ERROR SD - Device Lifecycle Management [PRD.7.3.001][PV1.0][DV1.1].docx: Command '['C:\\Users\\koengo\\AppData\\Local\\Programs\\Python\\Python312\\python.exe', WindowsPath('C:/Users/koengo/OneDrive - Cegeka/Documents/Reusable Assets/Products/scripts/extract_html.py'), WindowsPath('C:/Users/koengo/Cegeka/Product Management - Product Management Library/Business Line - Digital Employee eXperience/[7.1] Cegeka Digital Workplace Solutions/[PRD.7.3.001] Device Lifecycle Management/SD - Device Lifecycle Management [PRD.7.3.001][PV1.0][DV1.1].docx')]' returned non-zero exit status 1.
[2026-03-18 14:27:57] [TID:14560] START SD - Virtual Workplace Management [PRD.7.4.002][PV2.0][DV1.1].docx
[2026-03-18 14:27:57] [TID:26692] ERROR SD - Cloud Data Backup & Restore [PRD.7.1.003][PV1.0][DV1.1].docx: Command '['C:\\Users\\koengo\\AppData\\Local\\Programs\\Python\\Python312\\python.exe', WindowsPath('C:/Users/koengo/OneDrive - Cegeka/Documents/Reusable Assets/Products/scripts/extract_html.py'), WindowsPath('C:/Users/koengo/Cegeka/Product Management - Product Management Library/Business Line - Digital Employee eXperience/[7.1] Cegeka Digital Workplace Solutions/[PRD.7.1.003] Cloud Data Backup & Restore/SD - Cloud Data Backup & Restore [PRD.7.1.003][PV1.0][DV1.1].docx')]' returned non-zero exit status 1.
[2026-03-18 14:27:57] [TID:26692] START SD - Application Packaging & Update Management [PRD.7.4.005][PV1.1][DV1.0].docx
[2026-03-18 14:27:57] [TID:14612] ERROR SD - Physical Workplace Management [PRD.7.4.001][PV1.1][DV1.0].docx: Command '['C:\\Users\\koengo\\AppData\\Local\\Programs\\Python\\Python312\\python.exe', WindowsPath('C:/Users/koengo/OneDrive - Cegeka/Documents/Reusable Assets/Products/scripts/extract_html.py'), WindowsPath('C:/Users/koengo/Cegeka/Product Management - Product Management Library/Business Line - Digital Employee eXperience/[7.1] Cegeka Digital Workplace Solutions/[PRD.7.4.001] Physical Workplace Management/SD - Physical Workplace Management [PRD.7.4.001][PV1.1][DV1.0].docx')]' returned non-zero exit status 1.
[2026-03-18 14:27:57] [TID:14612] START SD - Secure Workplace Access [PRD.7.4.007][PV1.0][DV1.1].docx
[2026-03-18 14:27:57] [TID:14560] ERROR SD - Virtual Workplace Management [PRD.7.4.002][PV2.0][DV1.1].docx: Command '['C:\\Users\\koengo\\AppData\\Local\\Programs\\Python\\Python312\\python.exe', WindowsPath('C:/Users/koengo/OneDrive - Cegeka/Documents/Reusable Assets/Products/scripts/extract_html.py'), WindowsPath('C:/Users/koengo/Cegeka/Product Management - Product Management Library/Business Line - Digital Employee eXperience/[7.1] Cegeka Digital Workplace Solutions/[PRD.7.4.002] Virtual Workplace Management/SD - Virtual Workplace Management [PRD.7.4.002][PV2.0][DV1.1].docx')]' returned non-zero exit status 1.
[2026-03-18 14:27:57] [TID:26692] ERROR SD - Application Packaging & Update Management [PRD.7.4.005][PV1.1][DV1.0].docx: Command '['C:\\Users\\koengo\\AppData\\Local\\Programs\\Python\\Python312\\python.exe', WindowsPath('C:/Users/koengo/OneDrive - Cegeka/Documents/Reusable Assets/Products/scripts/extract_html.py'), WindowsPath('C:/Users/koengo/Cegeka/Product Management - Product Management Library/Business Line - Digital Employee eXperience/[7.1] Cegeka Digital Workplace Solutions/[PRD.7.4.005] Application Packaging & Update Management/SD - Application Packaging & Update Management [PRD.7.4.005][PV1.1][DV1.0].docx')]' returned non-zero exit status 1.
[2026-03-18 14:27:57] [TID:14560] START SD - Teamwork [PRD.7.5.001][PV1.0][DV1.0].docx
[2026-03-18 14:27:57] [TID:26692] START SD - Meeting Room [PRD.7.5.002][PV1.0][DV1.1].docx
[2026-03-18 14:27:57] [TID:1928] ERROR SD - License Management - CSP License Rental [PRD.7.0.001][PV1.1][DV1.0].docx: [Errno 2] No such file or directory: 'C:\\Users\\koengo\\OneDrive - Cegeka\\Documents\\Reusable Assets\\Products\\mapped\\SD - License Management - CSP License Rental [PRD.7.0.001][PV1.1][DV1.0].json'
[2026-03-18 14:27:57] [TID:1928] START SD - Digital Identity Services [PRD.7.5.005][PV1.0][DV1.1].docx
[2026-03-18 14:27:59] [TID:14612] ERROR SD - Secure Workplace Access [PRD.7.4.007][PV1.0][DV1.1].docx: [Errno 2] No such file or directory: 'C:\\Users\\koengo\\OneDrive - Cegeka\\Documents\\Reusable Assets\\Products\\mapped\\SD - Secure Workplace Access [PRD.7.4.007][PV1.0][DV1.1].json'
[2026-03-18 14:27:59] [TID:14612] START SD - eXperience Management [PRD.7.2.001][PV1.0][DV1.0].docx
[2026-03-18 14:27:59] [TID:26692] ERROR SD - Meeting Room [PRD.7.5.002][PV1.0][DV1.1].docx: [Errno 2] No such file or directory: 'C:\\Users\\koengo\\OneDrive - Cegeka\\Documents\\Reusable Assets\\Products\\mapped\\SD - Meeting Room [PRD.7.5.002][PV1.0][DV1.1].json'
[2026-03-18 14:27:59] [TID:26692] START SD - Workspace Engine (Addendum) [PRD.7.7.001][PV1.0][DV1.0].docx
[2026-03-18 14:27:59] [TID:14560] ERROR SD - Teamwork [PRD.7.5.001][PV1.0][DV1.0].docx: [Errno 2] No such file or directory: 'C:\\Users\\koengo\\OneDrive - Cegeka\\Documents\\Reusable Assets\\Products\\mapped\\SD - Teamwork [PRD.7.5.001][PV1.0][DV1.0].json'
[2026-03-18 14:27:59] [TID:14560] START SD - Workspace Engine [PRD.7.7.001][PV1.0][DV1.0].docx
[2026-03-18 14:27:59] [TID:1928] ERROR SD - Digital Identity Services [PRD.7.5.005][PV1.0][DV1.1].docx: [Errno 2] No such file or directory: 'C:\\Users\\koengo\\OneDrive - Cegeka\\Documents\\Reusable Assets\\Products\\mapped\\SD - Digital Identity Services [PRD.7.5.005][PV1.0][DV1.1].json'
[2026-03-18 14:27:59] [TID:1928] START SD - Workplace Assistant [PRD.7.7.002][PV1.0][DV1.0].docx
[2026-03-18 14:28:00] [TID:26692] ERROR SD - Workspace Engine (Addendum) [PRD.7.7.001][PV1.0][DV1.0].docx: [Errno 2] No such file or directory: 'C:\\Users\\koengo\\OneDrive - Cegeka\\Documents\\Reusable Assets\\Products\\mapped\\SD - Workspace Engine (Addendum) [PRD.7.7.001][PV1.0][DV1.0].json'
[2026-03-18 14:28:00] [TID:26692] START SD - Adoption & Change Management - Coaching & Support [PRD.7.8.001][PV1.0][DV1.0].docx
[2026-03-18 14:28:01] [TID:26692] ERROR SD - Adoption & Change Management - Coaching & Support [PRD.7.8.001][PV1.0][DV1.0].docx: Command '['C:\\Users\\koengo\\AppData\\Local\\Programs\\Python\\Python312\\python.exe', WindowsPath('C:/Users/koengo/OneDrive - Cegeka/Documents/Reusable Assets/Products/scripts/extract_html.py'), WindowsPath('C:/Users/koengo/Cegeka/Product Management - Product Management Library/Business Line - Digital Employee eXperience/[7.2] Cegeka Employee Empowerment Solutions/[PRD.7.8.001] Adoption & Change Management/SD - Adoption & Change Management - Coaching & Support [PRD.7.8.001][PV1.0][DV1.0].docx')]' returned non-zero exit status 1.
[2026-03-18 14:28:01] [TID:26692] START SD - Adoption & Change Management - Purpose & Culture [PRD.7.8.001][PV1.0][DV1.0].docx
[2026-03-18 14:28:01] [TID:14560] ERROR SD - Workspace Engine [PRD.7.7.001][PV1.0][DV1.0].docx: [Errno 2] No such file or directory: 'C:\\Users\\koengo\\OneDrive - Cegeka\\Documents\\Reusable Assets\\Products\\mapped\\SD - Workspace Engine [PRD.7.7.001][PV1.0][DV1.0].json'
[2026-03-18 14:28:01] [TID:14560] START SD - Adoption & Change Management - Skilling & Growth [PRD.7.8.001][PV1.0][DV1.0].docx
[2026-03-18 14:28:01] [TID:26692] ERROR SD - Adoption & Change Management - Purpose & Culture [PRD.7.8.001][PV1.0][DV1.0].docx: Command '['C:\\Users\\koengo\\AppData\\Local\\Programs\\Python\\Python312\\python.exe', WindowsPath('C:/Users/koengo/OneDrive - Cegeka/Documents/Reusable Assets/Products/scripts/extract_html.py'), WindowsPath('C:/Users/koengo/Cegeka/Product Management - Product Management Library/Business Line - Digital Employee eXperience/[7.2] Cegeka Employee Empowerment Solutions/[PRD.7.8.001] Adoption & Change Management/SD - Adoption & Change Management - Purpose & Culture [PRD.7.8.001][PV1.0][DV1.0].docx')]' returned non-zero exit status 1.
[2026-03-18 14:28:01] [TID:26692] START SD - Digital Wellbeing [PRD.7.9.001][PV1.0][DV1.1].docx
[2026-03-18 14:28:01] [TID:14612] ERROR SD - eXperience Management [PRD.7.2.001][PV1.0][DV1.0].docx: [Errno 2] No such file or directory: 'C:\\Users\\koengo\\OneDrive - Cegeka\\Documents\\Reusable Assets\\Products\\mapped\\SD - eXperience Management [PRD.7.2.001][PV1.0][DV1.0].json'
[2026-03-18 14:28:01] [TID:14612] START SD - Remote Support [PRD.7.6.001][PV1.0][DV1.2].docx
[2026-03-18 14:28:01] [TID:14560] ERROR SD - Adoption & Change Management - Skilling & Growth [PRD.7.8.001][PV1.0][DV1.0].docx: Command '['C:\\Users\\koengo\\AppData\\Local\\Programs\\Python\\Python312\\python.exe', WindowsPath('C:/Users/koengo/OneDrive - Cegeka/Documents/Reusable Assets/Products/scripts/extract_html.py'), WindowsPath('C:/Users/koengo/Cegeka/Product Management - Product Management Library/Business Line - Digital Employee eXperience/[7.2] Cegeka Employee Empowerment Solutions/[PRD.7.8.001] Adoption & Change Management/SD - Adoption & Change Management - Skilling & Growth [PRD.7.8.001][PV1.0][DV1.0].docx')]' returned non-zero exit status 1.
[2026-03-18 14:28:01] [TID:14560] START SD - Onsite Support [PRD.7.6.002][PV1.0][DV1.1].docx
[2026-03-18 14:28:02] [TID:1928] ERROR SD - Workplace Assistant [PRD.7.7.002][PV1.0][DV1.0].docx: [Errno 2] No such file or directory: 'C:\\Users\\koengo\\OneDrive - Cegeka\\Documents\\Reusable Assets\\Products\\mapped\\SD - Workplace Assistant [PRD.7.7.002][PV1.0][DV1.0].json'
[2026-03-18 14:28:02] [TID:1928] START SD - Cegeka Cloud - Shared Firewall Services [PRD.4.L.104][PV0.8][DV1.0].docx
[2026-03-18 14:28:03] [TID:26692] ERROR SD - Digital Wellbeing [PRD.7.9.001][PV1.0][DV1.1].docx: [Errno 2] No such file or directory: 'C:\\Users\\koengo\\OneDrive - Cegeka\\Documents\\Reusable Assets\\Products\\mapped\\SD - Digital Wellbeing [PRD.7.9.001][PV1.0][DV1.1].json'
[2026-03-18 14:28:03] [TID:26692] START SD - Dedicated LAN platform management [PRD.4.5.003][PV0.8][DV1.1].docx
[2026-03-18 14:28:03] [TID:1928] ERROR SD - Cegeka Cloud - Shared Firewall Services [PRD.4.L.104][PV0.8][DV1.0].docx: [Errno 2] No such file or directory: 'C:\\Users\\koengo\\OneDrive - Cegeka\\Documents\\Reusable Assets\\Products\\mapped\\SD - Cegeka Cloud - Shared Firewall Services [PRD.4.L.104][PV0.8][DV1.0].json'
[2026-03-18 14:28:03] [TID:1928] START SD - Generic - Site-to Site VPN.docx
[2026-03-18 14:28:03] [TID:14612] ERROR SD - Remote Support [PRD.7.6.001][PV1.0][DV1.2].docx: [Errno 2] No such file or directory: 'C:\\Users\\koengo\\OneDrive - Cegeka\\Documents\\Reusable Assets\\Products\\mapped\\SD - Remote Support [PRD.7.6.001][PV1.0][DV1.2].json'
[2026-03-18 14:28:03] [TID:14612] START SD - Managed Application Delivery Controller F5 [PRD.4.5.006][PV0.8][DV1.0].docx
[2026-03-18 14:28:04] [TID:1928] ERROR SD - Generic - Site-to Site VPN.docx: [Errno 2] No such file or directory: 'C:\\Users\\koengo\\OneDrive - Cegeka\\Documents\\Reusable Assets\\Products\\mapped\\SD - Generic - Site-to Site VPN.json'
[2026-03-18 14:28:04] [TID:1928] START SD - Managed Dedicated FW platform [PRD.4.2.001][PV0.8][DV1.1].docx
[2026-03-18 14:28:04] [TID:26692] ERROR SD - Dedicated LAN platform management [PRD.4.5.003][PV0.8][DV1.1].docx: [Errno 2] No such file or directory: 'C:\\Users\\koengo\\OneDrive - Cegeka\\Documents\\Reusable Assets\\Products\\mapped\\SD - Dedicated LAN platform management [PRD.4.5.003][PV0.8][DV1.1].json'
[2026-03-18 14:28:04] [TID:26692] START SD - Cegeka Security Advisory Framework - Active Directory Security Scan - PingCastle [PRD.4.1.004][PV1.0][DV1.0].docx
[2026-03-18 14:28:04] [TID:14560] ERROR SD - Onsite Support [PRD.7.6.002][PV1.0][DV1.1].docx: [Errno 2] No such file or directory: 'C:\\Users\\koengo\\OneDrive - Cegeka\\Documents\\Reusable Assets\\Products\\mapped\\SD - Onsite Support [PRD.7.6.002][PV1.0][DV1.1].json'
[2026-03-18 14:28:04] [TID:14560] START SD - Cegeka Security Advisory Framework - CISO Office as a Service [PRD.4.1.004][PV1.0][DV1.1].docx
[2026-03-18 14:28:05] [TID:26692] ERROR SD - Cegeka Security Advisory Framework - Active Directory Security Scan - PingCastle [PRD.4.1.004][PV1.0][DV1.0].docx: Command '['C:\\Users\\koengo\\AppData\\Local\\Programs\\Python\\Python312\\python.exe', WindowsPath('C:/Users/koengo/OneDrive - Cegeka/Documents/Reusable Assets/Products/scripts/extract_html.py'), WindowsPath('C:/Users/koengo/Cegeka/Product Management - Product Management Library/Business Line - Security & Compliance/[4.1] Cybersecurity/[PRD.4.1.004] Cegeka Security Advisory Framework/SD - Cegeka Security Advisory Framework - Active Directory Security Scan - PingCastle [PRD.4.1.004][PV1.0][DV1.0].docx')]' returned non-zero exit status 1.
[2026-03-18 14:28:05] [TID:26692] START SD - Cegeka Security Advisory Framework - IGA Assessment - Elimity [PRD.4.1.004][PV1.0][DV1.0].docx
[2026-03-18 14:28:05] [TID:14560] ERROR SD - Cegeka Security Advisory Framework - CISO Office as a Service [PRD.4.1.004][PV1.0][DV1.1].docx: Command '['C:\\Users\\koengo\\AppData\\Local\\Programs\\Python\\Python312\\python.exe', WindowsPath('C:/Users/koengo/OneDrive - Cegeka/Documents/Reusable Assets/Products/scripts/extract_html.py'), WindowsPath('C:/Users/koengo/Cegeka/Product Management - Product Management Library/Business Line - Security & Compliance/[4.1] Cybersecurity/[PRD.4.1.004] Cegeka Security Advisory Framework/SD - Cegeka Security Advisory Framework - CISO Office as a Service [PRD.4.1.004][PV1.0][DV1.1].docx')]' returned non-zero exit status 1.
[2026-03-18 14:28:05] [TID:14560] START SD - Cegeka Security Advisory Framework - Third Party Risk Assessment - RiskRecon [PRD.4.1.004][PV1.0][DV1.0].docx
[2026-03-18 14:28:05] [TID:14612] ERROR SD - Managed Application Delivery Controller F5 [PRD.4.5.006][PV0.8][DV1.0].docx: [Errno 2] No such file or directory: 'C:\\Users\\koengo\\OneDrive - Cegeka\\Documents\\Reusable Assets\\Products\\mapped\\SD - Managed Application Delivery Controller F5 [PRD.4.5.006][PV0.8][DV1.0].json'
[2026-03-18 14:28:05] [TID:14612] START SD -  Managed Security Infrastructure [PRD.4.2.001][PV1.0][DV1.0].docx
[2026-03-18 14:28:05] [TID:26692] ERROR SD - Cegeka Security Advisory Framework - IGA Assessment - Elimity [PRD.4.1.004][PV1.0][DV1.0].docx: Command '['C:\\Users\\koengo\\AppData\\Local\\Programs\\Python\\Python312\\python.exe', WindowsPath('C:/Users/koengo/OneDrive - Cegeka/Documents/Reusable Assets/Products/scripts/extract_html.py'), WindowsPath('C:/Users/koengo/Cegeka/Product Management - Product Management Library/Business Line - Security & Compliance/[4.1] Cybersecurity/[PRD.4.1.004] Cegeka Security Advisory Framework/SD - Cegeka Security Advisory Framework - IGA Assessment - Elimity [PRD.4.1.004][PV1.0][DV1.0].docx')]' returned non-zero exit status 1.
[2026-03-18 14:28:05] [TID:26692] START SD - Cegeka Modern SOC - CrowdStrike - EU [PRD.4.3.008][PV2.0][DV1.0].docx
[2026-03-18 14:28:05] [TID:1928] ERROR SD - Managed Dedicated FW platform [PRD.4.2.001][PV0.8][DV1.1].docx: [Errno 2] No such file or directory: 'C:\\Users\\koengo\\OneDrive - Cegeka\\Documents\\Reusable Assets\\Products\\mapped\\SD - Managed Dedicated FW platform [PRD.4.2.001][PV0.8][DV1.1].json'
[2026-03-18 14:28:05] [TID:1928] START SD - Cegeka Modern SOC - CrowdStrike - US [PRD.4.3.008][PV2.0][DV1.0].docx
[2026-03-18 14:28:05] [TID:14560] ERROR SD - Cegeka Security Advisory Framework - Third Party Risk Assessment - RiskRecon [PRD.4.1.004][PV1.0][DV1.0].docx: Command '['C:\\Users\\koengo\\AppData\\Local\\Programs\\Python\\Python312\\python.exe', WindowsPath('C:/Users/koengo/OneDrive - Cegeka/Documents/Reusable Assets/Products/scripts/extract_html.py'), WindowsPath('C:/Users/koengo/Cegeka/Product Management - Product Management Library/Business Line - Security & Compliance/[4.1] Cybersecurity/[PRD.4.1.004] Cegeka Security Advisory Framework/SD - Cegeka Security Advisory Framework - Third Party Risk Assessment - RiskRecon [PRD.4.1.004][PV1.0][DV1.0].docx')]' returned non-zero exit status 1.
[2026-03-18 14:28:05] [TID:14560] START SD - Cegeka Modern SOC - DFIR - EU [PRD.4.3.008][PV2.0][DV1.0].docx
[2026-03-18 14:28:06] [TID:14612] ERROR SD -  Managed Security Infrastructure [PRD.4.2.001][PV1.0][DV1.0].docx: [Errno 2] No such file or directory: 'C:\\Users\\koengo\\OneDrive - Cegeka\\Documents\\Reusable Assets\\Products\\mapped\\SD -  Managed Security Infrastructure [PRD.4.2.001][PV1.0][DV1.0].json'
[2026-03-18 14:28:06] [TID:14612] START SD - Cegeka Modern SOC - Microsoft - EU [PRD.4.3.008][PV2.0][DV1.0].docx
[2026-03-18 14:28:06] [TID:14560] ERROR SD - Cegeka Modern SOC - DFIR - EU [PRD.4.3.008][PV2.0][DV1.0].docx: [Errno 2] No such file or directory: 'C:\\Users\\koengo\\OneDrive - Cegeka\\Documents\\Reusable Assets\\Products\\mapped\\SD - Cegeka Modern SOC - DFIR - EU [PRD.4.3.008][PV2.0][DV1.0].json'
[2026-03-18 14:28:06] [TID:14560] START SD - Cegeka Modern SOC - Microsoft - US [PRD.4.3.008][PV2.0][DV1.0].docx
[2026-03-18 14:28:07] [TID:26692] ERROR SD - Cegeka Modern SOC - CrowdStrike - EU [PRD.4.3.008][PV2.0][DV1.0].docx: [Errno 2] No such file or directory: 'C:\\Users\\koengo\\OneDrive - Cegeka\\Documents\\Reusable Assets\\Products\\mapped\\SD - Cegeka Modern SOC - CrowdStrike - EU [PRD.4.3.008][PV2.0][DV1.0].json'
[2026-03-18 14:28:07] [TID:26692] START SD - Cegeka Modern SOC - Recorded Future - EU [PRD.4.3.008][PV2.0][DV1.0].docx
[2026-03-18 14:28:07] [TID:1928] ERROR SD - Cegeka Modern SOC - CrowdStrike - US [PRD.4.3.008][PV2.0][DV1.0].docx: [Errno 2] No such file or directory: 'C:\\Users\\koengo\\OneDrive - Cegeka\\Documents\\Reusable Assets\\Products\\mapped\\SD - Cegeka Modern SOC - CrowdStrike - US [PRD.4.3.008][PV2.0][DV1.0].json'
[2026-03-18 14:28:07] [TID:1928] START SD - Cegeka Modern SOC - Recorded Future - US [PRD.4.3.008][PV2.0][DV1.0].docx
[2026-03-18 14:28:08] [TID:26692] ERROR SD - Cegeka Modern SOC - Recorded Future - EU [PRD.4.3.008][PV2.0][DV1.0].docx: [Errno 2] No such file or directory: 'C:\\Users\\koengo\\OneDrive - Cegeka\\Documents\\Reusable Assets\\Products\\mapped\\SD - Cegeka Modern SOC - Recorded Future - EU [PRD.4.3.008][PV2.0][DV1.0].json'
[2026-03-18 14:28:08] [TID:26692] START SD - Cegeka Modern SOC - Sentinel One - EU [PRD.4.3.008][PV2.0][DV1.0].docx
[2026-03-18 14:28:08] [TID:14612] ERROR SD - Cegeka Modern SOC - Microsoft - EU [PRD.4.3.008][PV2.0][DV1.0].docx: [Errno 2] No such file or directory: 'C:\\Users\\koengo\\OneDrive - Cegeka\\Documents\\Reusable Assets\\Products\\mapped\\SD - Cegeka Modern SOC - Microsoft - EU [PRD.4.3.008][PV2.0][DV1.0].json'
[2026-03-18 14:28:08] [TID:14612] START SD - Cegeka Modern SOC - Vectra - EU [PRD.4.3.008][PV2.0][DV1.0].docx
[2026-03-18 14:28:09] [TID:14560] ERROR SD - Cegeka Modern SOC - Microsoft - US [PRD.4.3.008][PV2.0][DV1.0].docx: [Errno 2] No such file or directory: 'C:\\Users\\koengo\\OneDrive - Cegeka\\Documents\\Reusable Assets\\Products\\mapped\\SD - Cegeka Modern SOC - Microsoft - US [PRD.4.3.008][PV2.0][DV1.0].json'
[2026-03-18 14:28:09] [TID:14560] START SD - Cegeka Modern SOC - Vectra - US [PRD.4.3.008][PV2.0][DV1.0].docx
[2026-03-18 14:28:09] [TID:1928] ERROR SD - Cegeka Modern SOC - Recorded Future - US [PRD.4.3.008][PV2.0][DV1.0].docx: [Errno 2] No such file or directory: 'C:\\Users\\koengo\\OneDrive - Cegeka\\Documents\\Reusable Assets\\Products\\mapped\\SD - Cegeka Modern SOC - Recorded Future - US [PRD.4.3.008][PV2.0][DV1.0].json'
[2026-03-18 14:28:09] [TID:1928] START SD - Cegeka Managed SD-WAN - powered by Cisco Meraki [PRD.4.5.002][PV1.0][DV1.2].docx
[2026-03-18 14:28:10] [TID:26692] ERROR SD - Cegeka Modern SOC - Sentinel One - EU [PRD.4.3.008][PV2.0][DV1.0].docx: [Errno 2] No such file or directory: 'C:\\Users\\koengo\\OneDrive - Cegeka\\Documents\\Reusable Assets\\Products\\mapped\\SD - Cegeka Modern SOC - Sentinel One - EU [PRD.4.3.008][PV2.0][DV1.0].json'
[2026-03-18 14:28:10] [TID:26692] START SD - Connection Kit [PRD.9.L.116][PV0.8][DV1.0].docx
[2026-03-18 14:28:10] [TID:14612] ERROR SD - Cegeka Modern SOC - Vectra - EU [PRD.4.3.008][PV2.0][DV1.0].docx: [Errno 2] No such file or directory: 'C:\\Users\\koengo\\OneDrive - Cegeka\\Documents\\Reusable Assets\\Products\\mapped\\SD - Cegeka Modern SOC - Vectra - EU [PRD.4.3.008][PV2.0][DV1.0].json'
[2026-03-18 14:28:10] [TID:14560] ERROR SD - Cegeka Modern SOC - Vectra - US [PRD.4.3.008][PV2.0][DV1.0].docx: [Errno 2] No such file or directory: 'C:\\Users\\koengo\\OneDrive - Cegeka\\Documents\\Reusable Assets\\Products\\mapped\\SD - Cegeka Modern SOC - Vectra - US [PRD.4.3.008][PV2.0][DV1.0].json'
[2026-03-18 14:28:11] [TID:1928] ERROR SD - Cegeka Managed SD-WAN - powered by Cisco Meraki [PRD.4.5.002][PV1.0][DV1.2].docx: [Errno 2] No such file or directory: 'C:\\Users\\koengo\\OneDrive - Cegeka\\Documents\\Reusable Assets\\Products\\mapped\\SD - Cegeka Managed SD-WAN - powered by Cisco Meraki [PRD.4.5.002][PV1.0][DV1.2].json'
[2026-03-18 14:28:11] [TID:26692] ERROR SD - Connection Kit [PRD.9.L.116][PV0.8][DV1.0].docx: [Errno 2] No such file or directory: 'C:\\Users\\koengo\\OneDrive - Cegeka\\Documents\\Reusable Assets\\Products\\mapped\\SD - Connection Kit [PRD.9.L.116][PV0.8][DV1.0].json'
[2026-03-18 14:28:11] [TID:29540] ERROR SD - IBM Power on Premise [DV0.9].docx
[2026-03-18 14:28:11] [TID:29540] ERROR SD - Cegeka Cloud-Native Platform [PV2.0][DV1.2].docx
[2026-03-18 14:28:11] [TID:29540] ERROR SD - Cegeka Cloud - IBM license metric tool [PRD.0.L.179][PV0.8][DV1.0].docx
[2026-03-18 14:28:11] [TID:29540] ERROR SD - Cegeka Cloud - Monitoring Services [PRD0.L.178][PV0.8][DV1.0].docx
[2026-03-18 14:28:11] [TID:29540] ERROR SD - Cegeka Cloud Compute IaaS Services [PRD.0.L.108][PV0.8][DV1.1].docx
[2026-03-18 14:28:11] [TID:29540] ERROR SD - Cegeka Cloud Housing services [PRD.0.L.101][PV0.8][DV1.1].docx
[2026-03-18 14:28:11] [TID:29540] ERROR SD - Cegeka Cloud Shared Backup Services [PRD.0.L.133][PV0.8][DV1.3].docx
[2026-03-18 14:28:11] [TID:29540] ERROR SD - Cegeka Cloud Shared LAN Services [PRD.0.L.102][PV0.8][DV1.1].docx
[2026-03-18 14:28:11] [TID:29540] ERROR SD - Cegeka Cloud Shared NAS Services [PRD.0.L.109][PV0.8][DV1.3].docx
[2026-03-18 14:28:11] [TID:29540] ERROR SD - Dedicated Virtualization Environment Management [PRD.0.L.116][PV0.8][DV1.1].docx
[2026-03-18 14:28:11] [TID:29540] ERROR SD - Generic - Hypervisor Management.docx
[2026-03-18 14:28:11] [TID:29540] ERROR SD - Generic - OS Management Windows.docx
[2026-03-18 14:28:11] [TID:29540] ERROR SD - Generic - SAN & Storage Device Management.docx
[2026-03-18 14:28:11] [TID:29540] ERROR SD - Generic Service Catalogue.docx
[2026-03-18 14:28:11] [TID:29540] ERROR SD - Office 365 Backup [PRD.0.L.134][PV0.8][DV1.0].docx
[2026-03-18 14:28:11] [TID:29540] ERROR SD - Oracle Engineered System Management [PRD.0.L.202][PV0.8][DV1.0].docx
[2026-03-18 14:28:11] [TID:29540] ERROR SD - OS Management for IBM Power [PRD.0.L.128][PV0.8][DV1.0].docx
[2026-03-18 14:28:11] [TID:29540] ERROR SD - RedHat AMQ [PRD.0.L.136][PV0.8][DV1.0].docx
[2026-03-18 14:28:11] [TID:29540] ERROR SD - Release and Deploy services for Argenta [PRD.0.L.191][PV0.7][DV1.0].docx
[2026-03-18 14:28:11] [TID:29540] ERROR SD - Takensysteem Application Management [PRD.0.L.188][PV0.7][DV1.0].docx
[2026-03-18 14:28:11] [TID:29540] ERROR SD - TAM IWS IBM Workload Scheduler [PRD.0.L.185][PV0.7][DV1.0].docx
[2026-03-18 14:28:11] [TID:29540] ERROR SD - TAM Oracle Data Integrator ODI [PRD.0.L.138][PV0.8][DV1.0].docx
[2026-03-18 14:28:11] [TID:29540] ERROR SD - TAM Oracle Goldengate [PRD.0.L.137][PV0.8][DV1.0].docx
[2026-03-18 14:28:11] [TID:29540] ERROR SD - Technical Database management Microsoft SQL [PRD.0.L.129][PV0.8][DV1.1].docx
[2026-03-18 14:28:11] [TID:29540] ERROR SD - Technical Database management Oracle [PRD.0.L.130][PV0.8][DV1.1].docx
[2026-03-18 14:28:11] [TID:29540] ERROR SD - Power AIX (PAAS) [PRD.0.1.002][PV1.0][DV1.0].docx
[2026-03-18 14:28:11] [TID:29540] ERROR SD - Cegeka IBM Power Cloud(Legacy) [PRD.0.1.003][PV0.7][DV1.0].docx
[2026-03-18 14:28:11] [TID:29540] ERROR SD - Power IBM i (PAAS) [PRD.0.1.004][PV1.0][DV1.0].docx
[2026-03-18 14:28:11] [TID:29540] ERROR SD - Cegeka Azure Advisory Services - Cloud Configuration, Security & Risk Optimization Assessment [PRD.0.2.002][PV1.0][DV1.0].docx
[2026-03-18 14:28:11] [TID:29540] ERROR SD - Cegeka Azure Advisory Services - Microsoft Azure Cloud Solution Provider [PRD.0.2.002][PV1.0][DV1.0].docx
[2026-03-18 14:28:11] [TID:29540] ERROR SD - Azure Managed Platform Services [PRD.0.2.020][PV2.0][DV1.0].docx
[2026-03-18 14:28:11] [TID:29540] ERROR SD - Cegeka OCI Managed Platform Services [PRD.0.4.001][PV1.0][DV1.0].docx
[2026-03-18 14:28:11] [TID:29540] ERROR SD - Cegeka ExaCC Services [PRD.0.4.002][PV1.0][DV1.0].docx
[2026-03-18 14:28:11] [TID:29540] ERROR SD - Cegeka Cloud-Native Platform on Cegeka Cloud - Platform Engineering as a Service [PRD.0.5.001][PV2.2][DV1.0].docx
[2026-03-18 14:28:11] [TID:29540] ERROR SD - Cegeka Cloud-Native Platform on Cegeka Cloud [PRD.0.5.001][PV2.2][DV1.2].docx
[2026-03-18 14:28:11] [TID:29540] ERROR SD - Cegeka Technical Application Management [PRD.0.6.001][PV1.2][DV1.1].docx
[2026-03-18 14:28:11] [TID:29540] ERROR SD - TAM Services [PRD.0.6.001][PV1.1][DV1.1] - Word file.docx
[2026-03-18 14:28:11] [TID:29540] ERROR SD - Cegeka Managed File Transfer Services [PRD.0.6.002][PV1.0][DV1.0].docx
[2026-03-18 14:28:11] [TID:29540] ERROR SD - Cegeka Oracle Enterprise Manager [PRD.0.L.139][PV1.0][DV1.0].docx
[2026-03-18 14:28:11] [TID:29540] ERROR SD - Cegeka VM Cyber Protection & Recovery Service [PRD.0.8.001][PV1.0][DV1.0].docx
[2026-03-18 14:28:11] [TID:29540] ERROR SD - Cegeka DBMS for Oracle on Azure [PRD.0.8.001][PV1.0][DV1.0].docx
[2026-03-18 14:28:11] [TID:29540] ERROR SD - Cegeka Cloud Housing Services [PRD.0.L.101][PV0.8][DV1.2].docx
[2026-03-18 14:28:11] [TID:29540] ERROR SD - Cegeka Housing Services [PRD.0.L.101][PV0.8][DV1.3].docx
[2026-03-18 14:28:11] [TID:29540] ERROR SD - Repository Managed Service [PRD.0.L.300][PV1.0][DV1.0].docx
[2026-03-18 14:28:11] [TID:29540] ERROR SD - Jenkins Managed Service [PRD.0.L.301][PV1.0][DV1.0].docx
[2026-03-18 14:28:11] [TID:29540] ERROR SD - Automation as a Service [PRD.0.L.302][PV1.0][DV1.0].docx
[2026-03-18 14:28:11] [TID:29540] ERROR SD - Cegeka OS Management - Windows on Cegeka Cloud [PRD.0.L.124][PV1.0][DV1.0].docx
[2026-03-18 14:28:11] [TID:29540] ERROR SD - Cegeka OS Management - Windows on Microsoft Azure [PRD.0.L.124][PV1.0][DV1.0].docx
[2026-03-18 14:28:11] [TID:29540] ERROR SD - Cegeka OS Management - Linux on Cegeka Cloud [PRD.0.L.126][PV1.0][DV1.0].docx
[2026-03-18 14:28:11] [TID:29540] ERROR SD - Cegeka OS Management - Linux on Microsoft Azure [PRD.0.L.126][PV1.0][DV1.0].docx
[2026-03-18 14:28:11] [TID:29540] ERROR SD - License Management - CSP License Rental [PRD.7.0.001][PV1.1][DV1.0].docx
[2026-03-18 14:28:11] [TID:29540] ERROR SD - Digital Workplace Security [PRD.7.1.001][PV1.0][DV2.0].docx
[2026-03-18 14:28:11] [TID:29540] ERROR SD - Cloud Data Backup & Restore [PRD.7.1.003][PV1.0][DV1.1].docx
[2026-03-18 14:28:11] [TID:29540] ERROR SD - Device Lifecycle Management [PRD.7.3.001][PV1.0][DV1.1].docx
[2026-03-18 14:28:11] [TID:29540] ERROR SD - Physical Workplace Management [PRD.7.4.001][PV1.1][DV1.0].docx
[2026-03-18 14:28:11] [TID:29540] ERROR SD - Virtual Workplace Management [PRD.7.4.002][PV2.0][DV1.1].docx
[2026-03-18 14:28:11] [TID:29540] ERROR SD - Application Packaging & Update Management [PRD.7.4.005][PV1.1][DV1.0].docx
[2026-03-18 14:28:11] [TID:29540] ERROR SD - Secure Workplace Access [PRD.7.4.007][PV1.0][DV1.1].docx
[2026-03-18 14:28:11] [TID:29540] ERROR SD - Teamwork [PRD.7.5.001][PV1.0][DV1.0].docx
[2026-03-18 14:28:11] [TID:29540] ERROR SD - Meeting Room [PRD.7.5.002][PV1.0][DV1.1].docx
[2026-03-18 14:28:11] [TID:29540] ERROR SD - Digital Identity Services [PRD.7.5.005][PV1.0][DV1.1].docx
[2026-03-18 14:28:11] [TID:29540] ERROR SD - eXperience Management [PRD.7.2.001][PV1.0][DV1.0].docx
[2026-03-18 14:28:11] [TID:29540] ERROR SD - Workspace Engine (Addendum) [PRD.7.7.001][PV1.0][DV1.0].docx
[2026-03-18 14:28:11] [TID:29540] ERROR SD - Workspace Engine [PRD.7.7.001][PV1.0][DV1.0].docx
[2026-03-18 14:28:11] [TID:29540] ERROR SD - Workplace Assistant [PRD.7.7.002][PV1.0][DV1.0].docx
[2026-03-18 14:28:11] [TID:29540] ERROR SD - Adoption & Change Management - Coaching & Support [PRD.7.8.001][PV1.0][DV1.0].docx
[2026-03-18 14:28:11] [TID:29540] ERROR SD - Adoption & Change Management - Purpose & Culture [PRD.7.8.001][PV1.0][DV1.0].docx
[2026-03-18 14:28:11] [TID:29540] ERROR SD - Adoption & Change Management - Skilling & Growth [PRD.7.8.001][PV1.0][DV1.0].docx
[2026-03-18 14:28:11] [TID:29540] ERROR SD - Digital Wellbeing [PRD.7.9.001][PV1.0][DV1.1].docx
[2026-03-18 14:28:11] [TID:29540] ERROR SD - Remote Support [PRD.7.6.001][PV1.0][DV1.2].docx
[2026-03-18 14:28:11] [TID:29540] ERROR SD - Onsite Support [PRD.7.6.002][PV1.0][DV1.1].docx
[2026-03-18 14:28:11] [TID:29540] ERROR SD - Cegeka Cloud - Shared Firewall Services [PRD.4.L.104][PV0.8][DV1.0].docx
[2026-03-18 14:28:11] [TID:29540] ERROR SD - Dedicated LAN platform management [PRD.4.5.003][PV0.8][DV1.1].docx
[2026-03-18 14:28:11] [TID:29540] ERROR SD - Generic - Site-to Site VPN.docx
[2026-03-18 14:28:11] [TID:29540] ERROR SD - Managed Application Delivery Controller F5 [PRD.4.5.006][PV0.8][DV1.0].docx
[2026-03-18 14:28:11] [TID:29540] ERROR SD - Managed Dedicated FW platform [PRD.4.2.001][PV0.8][DV1.1].docx
[2026-03-18 14:28:11] [TID:29540] ERROR SD - Cegeka Security Advisory Framework - Active Directory Security Scan - PingCastle [PRD.4.1.004][PV1.0][DV1.0].docx
[2026-03-18 14:28:11] [TID:29540] ERROR SD - Cegeka Security Advisory Framework - CISO Office as a Service [PRD.4.1.004][PV1.0][DV1.1].docx
[2026-03-18 14:28:11] [TID:29540] ERROR SD - Cegeka Security Advisory Framework - IGA Assessment - Elimity [PRD.4.1.004][PV1.0][DV1.0].docx
[2026-03-18 14:28:11] [TID:29540] ERROR SD - Cegeka Security Advisory Framework - Third Party Risk Assessment - RiskRecon [PRD.4.1.004][PV1.0][DV1.0].docx
[2026-03-18 14:28:11] [TID:29540] ERROR SD -  Managed Security Infrastructure [PRD.4.2.001][PV1.0][DV1.0].docx
[2026-03-18 14:28:11] [TID:29540] ERROR SD - Cegeka Modern SOC - CrowdStrike - EU [PRD.4.3.008][PV2.0][DV1.0].docx
[2026-03-18 14:28:11] [TID:29540] ERROR SD - Cegeka Modern SOC - CrowdStrike - US [PRD.4.3.008][PV2.0][DV1.0].docx
[2026-03-18 14:28:11] [TID:29540] ERROR SD - Cegeka Modern SOC - DFIR - EU [PRD.4.3.008][PV2.0][DV1.0].docx
[2026-03-18 14:28:11] [TID:29540] ERROR SD - Cegeka Modern SOC - Microsoft - EU [PRD.4.3.008][PV2.0][DV1.0].docx
[2026-03-18 14:28:11] [TID:29540] ERROR SD - Cegeka Modern SOC - Microsoft - US [PRD.4.3.008][PV2.0][DV1.0].docx
[2026-03-18 14:28:11] [TID:29540] ERROR SD - Cegeka Modern SOC - Recorded Future - EU [PRD.4.3.008][PV2.0][DV1.0].docx
[2026-03-18 14:28:11] [TID:29540] ERROR SD - Cegeka Modern SOC - Recorded Future - US [PRD.4.3.008][PV2.0][DV1.0].docx
[2026-03-18 14:28:11] [TID:29540] ERROR SD - Cegeka Modern SOC - Sentinel One - EU [PRD.4.3.008][PV2.0][DV1.0].docx
[2026-03-18 14:28:11] [TID:29540] ERROR SD - Cegeka Modern SOC - Vectra - EU [PRD.4.3.008][PV2.0][DV1.0].docx
[2026-03-18 14:28:11] [TID:29540] ERROR SD - Cegeka Modern SOC - Vectra - US [PRD.4.3.008][PV2.0][DV1.0].docx
[2026-03-18 14:28:11] [TID:29540] ERROR SD - Cegeka Managed SD-WAN - powered by Cisco Meraki [PRD.4.5.002][PV1.0][DV1.2].docx
[2026-03-18 14:28:11] [TID:29540] ERROR SD - Connection Kit [PRD.9.L.116][PV0.8][DV1.0].docx
[2026-03-18 14:28:11] [TID:29540] RUN COMPLETE
