[2026-03-17 23:34:17] [TID:22888] Start processing SD: SD - Cegeka Modern SOC - Microsoft - US [PRD.4.3.008][PV2.0][DV1.0].docx
[2026-03-17 23:34:17] [TID:22888] Extracting HTML...
[2026-03-17 23:34:20] [TID:22888] ERROR SD - Cegeka Modern SOC - Microsoft - US [PRD.4.3.008][PV2.0][DV1.0].docx: Command '['C:\\Users\\koengo\\AppData\\Local\\Programs\\Python\\Python312\\python.exe', 'C:\\Users\\koengo\\OneDrive - Cegeka\\Documents\\Reusable Assets\\Products\\scripts\\extract_html.py', 'C:\\Users\\koengo\\Cegeka\\Product Management - Product Management Library\\Business Line - Security & Compliance\\[4.1] Cybersecurity\\[PRD.4.3.008] Cegeka Modern SOC\\SD - Cegeka Modern SOC - Microsoft - US [PRD.4.3.008][PV2.0][DV1.0].docx']' returned non-zero exit status 1.
[2026-03-17 23:39:38] [TID:19068] START SD - Cegeka Modern SOC - Microsoft - US [PRD.4.3.008][PV2.0][DV1.0].docx
[2026-03-17 23:39:38] [TID:19068] Extracting HTML...
[2026-03-17 23:39:40] [TID:19068] ERROR SD - Cegeka Modern SOC - Microsoft - US [PRD.4.3.008][PV2.0][DV1.0].docx: Command '['C:\\Users\\koengo\\AppData\\Local\\Programs\\Python\\Python312\\python.exe', 'C:\\Users\\koengo\\OneDrive - Cegeka\\Documents\\Reusable Assets\\Products\\scripts\\extract_html.py', 'C:\\Users\\koengo\\Cegeka\\Product Management - Product Management Library\\Business Line - Security & Compliance\\[4.1] Cybersecurity\\[PRD.4.3.008] Cegeka Modern SOC\\SD - Cegeka Modern SOC - Microsoft - US [PRD.4.3.008][PV2.0][DV1.0].docx']' returned non-zero exit status 1.
[2026-03-17 23:44:49] [TID:27780] START SD - Cegeka Modern SOC - Microsoft - US [PRD.4.3.008][PV2.0][DV1.0].docx
[2026-03-17 23:44:49] [TID:27780] Extracting HTML...
[2026-03-17 23:44:51] [TID:27780] ERROR SD - Cegeka Modern SOC - Microsoft - US [PRD.4.3.008][PV2.0][DV1.0].docx: Command '['C:\\Users\\koengo\\AppData\\Local\\Programs\\Python\\Python312\\python.exe', 'C:\\Users\\koengo\\OneDrive - Cegeka\\Documents\\Reusable Assets\\Products\\scripts\\extract_html.py', 'C:\\Users\\koengo\\Cegeka\\Product Management - Product Management Library\\Business Line - Security & Compliance\\[4.1] Cybersecurity\\[PRD.4.3.008] Cegeka Modern SOC\\SD - Cegeka Modern SOC - Microsoft - US [PRD.4.3.008][PV2.0][DV1.0].docx']' returned non-zero exit status 1.
[2026-03-17 23:47:17] [TID:25432] START SD - Cegeka Modern SOC - Microsoft - US [PRD.4.3.008][PV2.0][DV1.0].docx
[2026-03-17 23:47:17] [TID:25432] Extracting HTML...
[2026-03-17 23:47:20] [TID:25432] ERROR SD - Cegeka Modern SOC - Microsoft - US [PRD.4.3.008][PV2.0][DV1.0].docx: Command '['C:\\Users\\koengo\\AppData\\Local\\Programs\\Python\\Python312\\python.exe', 'C:\\Users\\koengo\\OneDrive - Cegeka\\Documents\\Reusable Assets\\Products\\scripts\\extract_html.py', 'C:\\Users\\koengo\\Cegeka\\Product Management - Product Management Library\\Business Line - Security & Compliance\\[4.1] Cybersecurity\\[PRD.4.3.008] Cegeka Modern SOC\\SD - Cegeka Modern SOC - Microsoft - US [PRD.4.3.008][PV2.0][DV1.0].docx']' returned non-zero exit status 1.
[2026-03-17 23:54:48] [TID:28188] START SD - Cegeka Modern SOC - Microsoft - US [PRD.4.3.008][PV2.0][DV1.0].docx
[2026-03-17 23:54:48] [TID:28188] Extracting HTML...
[2026-03-17 23:54:51] [TID:28188] ERROR SD - Cegeka Modern SOC - Microsoft - US [PRD.4.3.008][PV2.0][DV1.0].docx: Command '['C:\\Users\\koengo\\AppData\\Local\\Programs\\Python\\Python312\\python.exe', 'C:\\Users\\koengo\\OneDrive - Cegeka\\Documents\\Reusable Assets\\Products\\scripts\\extract_html.py', 'C:\\Users\\koengo\\Cegeka\\Product Management - Product Management Library\\Business Line - Security & Compliance\\[4.1] Cybersecurity\\[PRD.4.3.008] Cegeka Modern SOC\\SD - Cegeka Modern SOC - Microsoft - US [PRD.4.3.008][PV2.0][DV1.0].docx']' returned non-zero exit status 1.
[2026-03-18 00:02:11] [TID:24992] START SD - Cegeka Modern SOC - Microsoft - US [PRD.4.3.008][PV2.0][DV1.0].docx
[2026-03-18 00:02:12] [TID:24992] Extracting HTML...
[2026-03-18 00:02:14] [TID:24992] ERROR SD - Cegeka Modern SOC - Microsoft - US [PRD.4.3.008][PV2.0][DV1.0].docx: Command '['C:\\Users\\koengo\\AppData\\Local\\Programs\\Python\\Python312\\python.exe', 'C:\\Users\\koengo\\OneDrive - Cegeka\\Documents\\Reusable Assets\\Products\\scripts\\extract_html.py', 'C:\\Users\\koengo\\Cegeka\\Product Management - Product Management Library\\Business Line - Security & Compliance\\[4.1] Cybersecurity\\[PRD.4.3.008] Cegeka Modern SOC\\SD - Cegeka Modern SOC - Microsoft - US [PRD.4.3.008][PV2.0][DV1.0].docx']' returned non-zero exit status 1.
[2026-03-18 00:11:25] [TID:14484] START SD - Cegeka Modern SOC - Microsoft - US [PRD.4.3.008][PV2.0][DV1.0].docx
[2026-03-18 00:11:26] [TID:14484] Extracting HTML...
[2026-03-18 00:11:28] [TID:14484] ERROR SD - Cegeka Modern SOC - Microsoft - US [PRD.4.3.008][PV2.0][DV1.0].docx: Command '['C:\\Users\\koengo\\AppData\\Local\\Programs\\Python\\Python312\\python.exe', 'C:\\Users\\koengo\\OneDrive - Cegeka\\Documents\\Reusable Assets\\Products\\scripts\\extract_html.py', 'C:\\Users\\koengo\\Cegeka\\Product Management - Product Management Library\\Business Line - Security & Compliance\\[4.1] Cybersecurity\\[PRD.4.3.008] Cegeka Modern SOC\\SD - Cegeka Modern SOC - Microsoft - US [PRD.4.3.008][PV2.0][DV1.0].docx']' returned non-zero exit status 1.
[2026-03-18 00:24:52] [TID:4384] START SD - Cegeka Modern SOC - Microsoft - US [PRD.4.3.008][PV2.0][DV1.0].docx
[2026-03-18 00:24:52] [TID:4384] [DEBUG] Running step: extract_html
[2026-03-18 00:24:53] [TID:4384] [DEBUG] Command: ['C:\\Users\\koengo\\AppData\\Local\\Programs\\Python\\Python312\\python.exe', 'C:\\Users\\koengo\\OneDrive - Cegeka\\Documents\\Reusable Assets\\Products\\scripts\\extract_html.py', 'C:\\Users\\koengo\\Cegeka\\Product Management - Product Management Library\\Business Line - Security & Compliance\\[4.1] Cybersecurity\\[PRD.4.3.008] Cegeka Modern SOC\\SD - Cegeka Modern SOC - Microsoft - US [PRD.4.3.008][PV2.0][DV1.0].docx']
[2026-03-18 00:24:54] [TID:4384] [DEBUG][stderr] Traceback (most recent call last):
  File "C:\Users\koengo\OneDrive - Cegeka\Documents\Reusable Assets\Products\scripts\extract_html.py", line 17, in <module>
    print(f"\u2714 HTML saved \u2192 {out_file}")
  File "C:\Users\koengo\AppData\Local\Programs\Python\Python312\Lib\encodings\cp1252.py", line 19, in encode
    return codecs.charmap_encode(input,self.errors,encoding_table)[0]
           ^^^^^^^^^^^^^^^^^^^^^^^^^^^^^^^^^^^^^^^^^^^^^^^^^^^^^^^
UnicodeEncodeError: 'charmap' codec can't encode character '\u2714' in position 0: character maps to <undefined>

[2026-03-18 00:24:54] [TID:4384] ERROR SD - Cegeka Modern SOC - Microsoft - US [PRD.4.3.008][PV2.0][DV1.0].docx: [extract_html] FAILED with exit code 1
[2026-03-18 00:28:51] [TID:26240] START SD - Cegeka Modern SOC - Microsoft - US [PRD.4.3.008][PV2.0][DV1.0].docx
[2026-03-18 00:28:51] [TID:26240] [DEBUG] Running step: extract_html
[2026-03-18 00:28:51] [TID:26240] [DEBUG] Command: ['C:\\Users\\koengo\\AppData\\Local\\Programs\\Python\\Python312\\python.exe', 'C:\\Users\\koengo\\OneDrive - Cegeka\\Documents\\Reusable Assets\\Products\\scripts\\extract_html.py', 'C:\\Users\\koengo\\Cegeka\\Product Management - Product Management Library\\Business Line - Security & Compliance\\[4.1] Cybersecurity\\[PRD.4.3.008] Cegeka Modern SOC\\SD - Cegeka Modern SOC - Microsoft - US [PRD.4.3.008][PV2.0][DV1.0].docx']
[2026-03-18 00:28:53] [TID:26240] [DEBUG][stderr] Traceback (most recent call last):
  File "C:\Users\koengo\OneDrive - Cegeka\Documents\Reusable Assets\Products\scripts\extract_html.py", line 17, in <module>
    print(f"\u2714 HTML saved \u2192 {out_file}")
  File "C:\Users\koengo\AppData\Local\Programs\Python\Python312\Lib\encodings\cp1252.py", line 19, in encode
    return codecs.charmap_encode(input,self.errors,encoding_table)[0]
           ^^^^^^^^^^^^^^^^^^^^^^^^^^^^^^^^^^^^^^^^^^^^^^^^^^^^^^^
UnicodeEncodeError: 'charmap' codec can't encode character '\u2714' in position 0: character maps to <undefined>

[2026-03-18 00:28:53] [TID:26240] ERROR SD - Cegeka Modern SOC - Microsoft - US [PRD.4.3.008][PV2.0][DV1.0].docx: [extract_html] FAILED with exit code 1
[2026-03-18 00:39:52] [TID:22268] START SD - Cegeka Modern SOC - Microsoft - US [PRD.4.3.008][PV2.0][DV1.0].docx
[2026-03-18 00:39:53] [TID:22268] [DEBUG] Running step: extract_html
[2026-03-18 00:39:53] [TID:22268] [DEBUG] Command: ['C:\\Users\\koengo\\AppData\\Local\\Programs\\Python\\Python312\\python.exe', 'C:\\Users\\koengo\\OneDrive - Cegeka\\Documents\\Reusable Assets\\Products\\scripts\\extract_html.py', 'C:\\Users\\koengo\\Cegeka\\Product Management - Product Management Library\\Business Line - Security & Compliance\\[4.1] Cybersecurity\\[PRD.4.3.008] Cegeka Modern SOC\\SD - Cegeka Modern SOC - Microsoft - US [PRD.4.3.008][PV2.0][DV1.0].docx']
[2026-03-18 00:39:54] [TID:22268] [DEBUG][stderr] Traceback (most recent call last):
  File "C:\Users\koengo\OneDrive - Cegeka\Documents\Reusable Assets\Products\scripts\extract_html.py", line 17, in <module>
    print(f"\u2714 HTML saved \u2192 {out_file}")
  File "C:\Users\koengo\AppData\Local\Programs\Python\Python312\Lib\encodings\cp1252.py", line 19, in encode
    return codecs.charmap_encode(input,self.errors,encoding_table)[0]
           ^^^^^^^^^^^^^^^^^^^^^^^^^^^^^^^^^^^^^^^^^^^^^^^^^^^^^^^
UnicodeEncodeError: 'charmap' codec can't encode character '\u2714' in position 0: character maps to <undefined>

[2026-03-18 00:39:54] [TID:22268] ERROR SD - Cegeka Modern SOC - Microsoft - US [PRD.4.3.008][PV2.0][DV1.0].docx: [extract_html] FAILED with exit code 1
[2026-03-18 00:52:08] [TID:18100] START SD - Cegeka Modern SOC - Microsoft - US [PRD.4.3.008][PV2.0][DV1.0].docx
[2026-03-18 00:52:08] [TID:18100] [DEBUG] Running step: extract_html
[2026-03-18 00:52:08] [TID:18100] [DEBUG] Command: ['C:\\Users\\koengo\\AppData\\Local\\Programs\\Python\\Python312\\python.exe', 'C:\\Users\\koengo\\OneDrive - Cegeka\\Documents\\Reusable Assets\\Products\\scripts\\extract_html.py', 'C:\\Users\\koengo\\Cegeka\\Product Management - Product Management Library\\Business Line - Security & Compliance\\[4.1] Cybersecurity\\[PRD.4.3.008] Cegeka Modern SOC\\SD - Cegeka Modern SOC - Microsoft - US [PRD.4.3.008][PV2.0][DV1.0].docx']
[2026-03-18 00:52:10] [TID:18100] [DEBUG][stdout] ✔ HTML saved for SD - Cegeka Modern SOC - Microsoft - US [PRD.4.3.008][PV2.0][DV1.0].docx

[2026-03-18 00:52:10] [TID:18100] [DEBUG] Step 'extract_html' OK
[2026-03-18 00:52:10] [TID:18100] [DEBUG] Running step: parse_html
[2026-03-18 00:52:10] [TID:18100] [DEBUG] Command: ['C:\\Users\\koengo\\AppData\\Local\\Programs\\Python\\Python312\\python.exe', 'C:\\Users\\koengo\\OneDrive - Cegeka\\Documents\\Reusable Assets\\Products\\scripts\\parse_html_sections.py', 'extracted_html\\SD - Cegeka Modern SOC - Microsoft - US [PRD.4.3.008][PV2.0][DV1.0].html']
[2026-03-18 00:52:10] [TID:18100] [DEBUG][stdout] ✔ Robust parsed → output\json\SD - Cegeka Modern SOC - Microsoft - US [PRD.4.3.008][PV2.0][DV1.0].json

[2026-03-18 00:52:10] [TID:18100] [DEBUG] Step 'parse_html' OK
[2026-03-18 00:52:10] [TID:18100] [DEBUG] Running step: auto_map
[2026-03-18 00:52:10] [TID:18100] [DEBUG] Command: ['C:\\Users\\koengo\\AppData\\Local\\Programs\\Python\\Python312\\python.exe', 'C:\\Users\\koengo\\OneDrive - Cegeka\\Documents\\Reusable Assets\\Products\\scripts\\auto_map_sections.py', 'output\\json\\SD - Cegeka Modern SOC - Microsoft - US [PRD.4.3.008][PV2.0][DV1.0].json']
[2026-03-18 00:52:11] [TID:18100] [DEBUG][stderr]   File "C:\Users\koengo\OneDrive - Cegeka\Documents\Reusable Assets\Products\scripts\auto_map_sections.py", line 26
    ``
    ^
SyntaxError: invalid syntax

[2026-03-18 00:52:11] [TID:18100] ERROR SD - Cegeka Modern SOC - Microsoft - US [PRD.4.3.008][PV2.0][DV1.0].docx: [auto_map] FAILED with exit code 1
[2026-03-18 01:01:27] [TID:22128] START SD - Cegeka Modern SOC - Microsoft - US [PRD.4.3.008][PV2.0][DV1.0].docx
[2026-03-18 01:01:27] [TID:22128] [DEBUG] Running step: extract_html
[2026-03-18 01:01:27] [TID:22128] [DEBUG] Command: ['C:\\Users\\koengo\\AppData\\Local\\Programs\\Python\\Python312\\python.exe', 'C:\\Users\\koengo\\OneDrive - Cegeka\\Documents\\Reusable Assets\\Products\\scripts\\extract_html.py', 'C:\\Users\\koengo\\Cegeka\\Product Management - Product Management Library\\Business Line - Security & Compliance\\[4.1] Cybersecurity\\[PRD.4.3.008] Cegeka Modern SOC\\SD - Cegeka Modern SOC - Microsoft - US [PRD.4.3.008][PV2.0][DV1.0].docx']
[2026-03-18 01:01:28] [TID:22128] [DEBUG][stdout] ✔ HTML saved for SD - Cegeka Modern SOC - Microsoft - US [PRD.4.3.008][PV2.0][DV1.0].docx

[2026-03-18 01:01:28] [TID:22128] [DEBUG] Step 'extract_html' OK
[2026-03-18 01:01:28] [TID:22128] [DEBUG] Running step: parse_html
[2026-03-18 01:01:28] [TID:22128] [DEBUG] Command: ['C:\\Users\\koengo\\AppData\\Local\\Programs\\Python\\Python312\\python.exe', 'C:\\Users\\koengo\\OneDrive - Cegeka\\Documents\\Reusable Assets\\Products\\scripts\\parse_html_sections.py', 'extracted_html\\SD - Cegeka Modern SOC - Microsoft - US [PRD.4.3.008][PV2.0][DV1.0].html']
[2026-03-18 01:01:29] [TID:22128] [DEBUG][stdout] ✔ Robust parsed → output\json\SD - Cegeka Modern SOC - Microsoft - US [PRD.4.3.008][PV2.0][DV1.0].json

[2026-03-18 01:01:29] [TID:22128] [DEBUG] Step 'parse_html' OK
[2026-03-18 01:01:29] [TID:22128] [DEBUG] Running step: auto_map
[2026-03-18 01:01:29] [TID:22128] [DEBUG] Command: ['C:\\Users\\koengo\\AppData\\Local\\Programs\\Python\\Python312\\python.exe', 'C:\\Users\\koengo\\OneDrive - Cegeka\\Documents\\Reusable Assets\\Products\\scripts\\auto_map_sections.py', 'output\\json\\SD - Cegeka Modern SOC - Microsoft - US [PRD.4.3.008][PV2.0][DV1.0].json']
[2026-03-18 01:01:29] [TID:22128] [DEBUG][stderr]   File "C:\Users\koengo\OneDrive - Cegeka\Documents\Reusable Assets\Products\scripts\auto_map_sections.py", line 26
    ``
    ^
SyntaxError: invalid syntax

[2026-03-18 01:01:29] [TID:22128] ERROR SD - Cegeka Modern SOC - Microsoft - US [PRD.4.3.008][PV2.0][DV1.0].docx: [auto_map] FAILED with exit code 1
[2026-03-18 01:17:02] [TID:28236] START SD - Cegeka Modern SOC - Microsoft - US [PRD.4.3.008][PV2.0][DV1.0].docx
[2026-03-18 01:17:02] [TID:28236] [DEBUG] Running step: extract_html
[2026-03-18 01:17:02] [TID:28236] [DEBUG] Command: ['C:\\Users\\koengo\\AppData\\Local\\Programs\\Python\\Python312\\python.exe', 'C:\\Users\\koengo\\OneDrive - Cegeka\\Documents\\Reusable Assets\\Products\\scripts\\extract_html.py', 'C:\\Users\\koengo\\Cegeka\\Product Management - Product Management Library\\Business Line - Security & Compliance\\[4.1] Cybersecurity\\[PRD.4.3.008] Cegeka Modern SOC\\SD - Cegeka Modern SOC - Microsoft - US [PRD.4.3.008][PV2.0][DV1.0].docx']
[2026-03-18 01:17:04] [TID:28236] [DEBUG][stdout] ✔ HTML saved for SD - Cegeka Modern SOC - Microsoft - US [PRD.4.3.008][PV2.0][DV1.0].docx

[2026-03-18 01:17:04] [TID:28236] [DEBUG] Step 'extract_html' OK
[2026-03-18 01:17:04] [TID:28236] [DEBUG] Running step: parse_html
[2026-03-18 01:17:04] [TID:28236] [DEBUG] Command: ['C:\\Users\\koengo\\AppData\\Local\\Programs\\Python\\Python312\\python.exe', 'C:\\Users\\koengo\\OneDrive - Cegeka\\Documents\\Reusable Assets\\Products\\scripts\\parse_html_sections.py', 'extracted_html\\SD - Cegeka Modern SOC - Microsoft - US [PRD.4.3.008][PV2.0][DV1.0].html']
[2026-03-18 01:17:04] [TID:28236] [DEBUG][stdout] ✔ Robust parsed → output\json\SD - Cegeka Modern SOC - Microsoft - US [PRD.4.3.008][PV2.0][DV1.0].json

[2026-03-18 01:17:04] [TID:28236] [DEBUG] Step 'parse_html' OK
[2026-03-18 01:17:04] [TID:28236] [DEBUG] Running step: auto_map
[2026-03-18 01:17:04] [TID:28236] [DEBUG] Command: ['C:\\Users\\koengo\\AppData\\Local\\Programs\\Python\\Python312\\python.exe', 'C:\\Users\\koengo\\OneDrive - Cegeka\\Documents\\Reusable Assets\\Products\\scripts\\auto_map_sections.py', 'output\\json\\SD - Cegeka Modern SOC - Microsoft - US [PRD.4.3.008][PV2.0][DV1.0].json']
[2026-03-18 01:17:04] [TID:28236] [DEBUG][stderr]   File "C:\Users\koengo\OneDrive - Cegeka\Documents\Reusable Assets\Products\scripts\auto_map_sections.py", line 26
    ``
    ^
SyntaxError: invalid syntax

[2026-03-18 01:17:04] [TID:28236] ERROR SD - Cegeka Modern SOC - Microsoft - US [PRD.4.3.008][PV2.0][DV1.0].docx: [auto_map] FAILED with exit code 1
[2026-03-18 01:30:48] [TID:24236] START SD - Cegeka Modern SOC - Microsoft - US [PRD.4.3.008][PV2.0][DV1.0].docx
[2026-03-18 01:30:48] [TID:24236] [DEBUG] Running step: extract_html
[2026-03-18 01:30:48] [TID:24236] [DEBUG] Command: ['C:\\Users\\koengo\\AppData\\Local\\Programs\\Python\\Python312\\python.exe', 'C:\\Users\\koengo\\OneDrive - Cegeka\\Documents\\Reusable Assets\\Products\\scripts\\extract_html.py', 'C:\\Users\\koengo\\Cegeka\\Product Management - Product Management Library\\Business Line - Security & Compliance\\[4.1] Cybersecurity\\[PRD.4.3.008] Cegeka Modern SOC\\SD - Cegeka Modern SOC - Microsoft - US [PRD.4.3.008][PV2.0][DV1.0].docx']
[2026-03-18 01:30:49] [TID:24236] [DEBUG][stderr]   File "C:\Users\koengo\OneDrive - Cegeka\Documents\Reusable Assets\Products\scripts\extract_html.py", line 31
    ``
    ^
SyntaxError: invalid syntax

[2026-03-18 01:30:49] [TID:24236] ERROR SD - Cegeka Modern SOC - Microsoft - US [PRD.4.3.008][PV2.0][DV1.0].docx: [extract_html] FAILED with exit code 1
[2026-03-18 01:33:21] [TID:28596] START SD - Cegeka Modern SOC - Microsoft - US [PRD.4.3.008][PV2.0][DV1.0].docx
[2026-03-18 01:33:21] [TID:28596] [DEBUG] Running step: extract_html
[2026-03-18 01:33:21] [TID:28596] [DEBUG] Command: ['C:\\Users\\koengo\\AppData\\Local\\Programs\\Python\\Python312\\python.exe', 'C:\\Users\\koengo\\OneDrive - Cegeka\\Documents\\Reusable Assets\\Products\\scripts\\extract_html.py', 'C:\\Users\\koengo\\Cegeka\\Product Management - Product Management Library\\Business Line - Security & Compliance\\[4.1] Cybersecurity\\[PRD.4.3.008] Cegeka Modern SOC\\SD - Cegeka Modern SOC - Microsoft - US [PRD.4.3.008][PV2.0][DV1.0].docx']
[2026-03-18 01:33:23] [TID:28596] [DEBUG][stdout] HTML saved: SD - Cegeka Modern SOC - Microsoft - US [PRD.4.3.008][PV2.0][DV1.0].html

[2026-03-18 01:33:23] [TID:28596] [DEBUG] Step 'extract_html' OK
[2026-03-18 01:33:23] [TID:28596] [DEBUG] Running step: parse_html
[2026-03-18 01:33:23] [TID:28596] [DEBUG] Command: ['C:\\Users\\koengo\\AppData\\Local\\Programs\\Python\\Python312\\python.exe', 'C:\\Users\\koengo\\OneDrive - Cegeka\\Documents\\Reusable Assets\\Products\\scripts\\parse_html_sections.py', 'extracted_html\\SD - Cegeka Modern SOC - Microsoft - US [PRD.4.3.008][PV2.0][DV1.0].html']
[2026-03-18 01:33:24] [TID:28596] [DEBUG][stdout] ✔ Robust parsed → output\json\SD - Cegeka Modern SOC - Microsoft - US [PRD.4.3.008][PV2.0][DV1.0].json

[2026-03-18 01:33:24] [TID:28596] [DEBUG] Step 'parse_html' OK
[2026-03-18 01:33:24] [TID:28596] [DEBUG] Running step: auto_map
[2026-03-18 01:33:24] [TID:28596] [DEBUG] Command: ['C:\\Users\\koengo\\AppData\\Local\\Programs\\Python\\Python312\\python.exe', 'C:\\Users\\koengo\\OneDrive - Cegeka\\Documents\\Reusable Assets\\Products\\scripts\\auto_map_sections.py', 'output\\json\\SD - Cegeka Modern SOC - Microsoft - US [PRD.4.3.008][PV2.0][DV1.0].json']
[2026-03-18 01:33:24] [TID:28596] [DEBUG][stderr]   File "C:\Users\koengo\OneDrive - Cegeka\Documents\Reusable Assets\Products\scripts\auto_map_sections.py", line 26
    ``
    ^
SyntaxError: invalid syntax

[2026-03-18 01:33:24] [TID:28596] ERROR SD - Cegeka Modern SOC - Microsoft - US [PRD.4.3.008][PV2.0][DV1.0].docx: [auto_map] FAILED with exit code 1
[2026-03-18 01:40:31] [TID:27512] START SD - Cegeka Modern SOC - Microsoft - US [PRD.4.3.008][PV2.0][DV1.0].docx
[2026-03-18 01:40:31] [TID:27512] [DEBUG] Running step: extract_html
[2026-03-18 01:40:31] [TID:27512] [DEBUG] Command: ['C:\\Users\\koengo\\AppData\\Local\\Programs\\Python\\Python312\\python.exe', 'C:\\Users\\koengo\\OneDrive - Cegeka\\Documents\\Reusable Assets\\Products\\scripts\\extract_html.py', 'C:\\Users\\koengo\\Cegeka\\Product Management - Product Management Library\\Business Line - Security & Compliance\\[4.1] Cybersecurity\\[PRD.4.3.008] Cegeka Modern SOC\\SD - Cegeka Modern SOC - Microsoft - US [PRD.4.3.008][PV2.0][DV1.0].docx']
[2026-03-18 01:40:33] [TID:27512] [DEBUG][stdout] HTML saved: SD - Cegeka Modern SOC - Microsoft - US [PRD.4.3.008][PV2.0][DV1.0].html

[2026-03-18 01:40:33] [TID:27512] [DEBUG] Step 'extract_html' OK
[2026-03-18 01:40:33] [TID:27512] [DEBUG] Running step: parse_html
[2026-03-18 01:40:33] [TID:27512] [DEBUG] Command: ['C:\\Users\\koengo\\AppData\\Local\\Programs\\Python\\Python312\\python.exe', 'C:\\Users\\koengo\\OneDrive - Cegeka\\Documents\\Reusable Assets\\Products\\scripts\\parse_html_sections.py', 'extracted_html\\SD - Cegeka Modern SOC - Microsoft - US [PRD.4.3.008][PV2.0][DV1.0].html']
[2026-03-18 01:40:33] [TID:27512] [DEBUG][stdout] ✔ Robust parsed → output\json\SD - Cegeka Modern SOC - Microsoft - US [PRD.4.3.008][PV2.0][DV1.0].json

[2026-03-18 01:40:33] [TID:27512] [DEBUG] Step 'parse_html' OK
[2026-03-18 01:40:33] [TID:27512] [DEBUG] Running step: auto_map
[2026-03-18 01:40:33] [TID:27512] [DEBUG] Command: ['C:\\Users\\koengo\\AppData\\Local\\Programs\\Python\\Python312\\python.exe', 'C:\\Users\\koengo\\OneDrive - Cegeka\\Documents\\Reusable Assets\\Products\\scripts\\auto_map_sections.py', 'output\\json\\SD - Cegeka Modern SOC - Microsoft - US [PRD.4.3.008][PV2.0][DV1.0].json']
[2026-03-18 01:40:33] [TID:27512] [DEBUG][stderr]   File "C:\Users\koengo\OneDrive - Cegeka\Documents\Reusable Assets\Products\scripts\auto_map_sections.py", line 26
    ``
    ^
SyntaxError: invalid syntax

[2026-03-18 01:40:33] [TID:27512] ERROR SD - Cegeka Modern SOC - Microsoft - US [PRD.4.3.008][PV2.0][DV1.0].docx: [auto_map] FAILED with exit code 1
