[2026-03-18 14:27:48] START extract_html for: C:\Users\koengo\Cegeka\Product Management - Product Management Library\Business Line - Cloud and Digital Platforms\[0.L] Outsourcing Services\SD - Office 365 Backup [PRD.0.L.134][PV0.8][DV1.0].docx
[2026-03-18 14:27:48] HTML saved: extracted_html\SD - Office 365 Backup [PRD.0.L.134][PV0.8][DV1.0].html
[2026-03-18 14:27:48] extract_html OK
[2026-03-18 14:27:48] START parse_html for: extracted_html\SD - Office 365 Backup [PRD.0.L.134][PV0.8][DV1.0].html
[2026-03-18 14:27:48] PARSE OK → output\json\SD - Office 365 Backup [PRD.0.L.134][PV0.8][DV1.0].json
[2026-03-18 14:42:47] START PIPELINE for C:\Users\koengo\Cegeka\Product Management - Product Management Library\Business Line - Cloud and Digital Platforms\[0.L] Outsourcing Services\SD - Office 365 Backup [PRD.0.L.134][PV0.8][DV1.0].docx
[2026-03-18 14:42:47] RUN extract_html.py -> C:\Users\koengo\Cegeka\Product Management - Product Management Library\Business Line - Cloud and Digital Platforms\[0.L] Outsourcing Services\SD - Office 365 Backup [PRD.0.L.134][PV0.8][DV1.0].docx
[2026-03-18 14:42:48] START extract_html for: C:\Users\koengo\Cegeka\Product Management - Product Management Library\Business Line - Cloud and Digital Platforms\[0.L] Outsourcing Services\SD - Office 365 Backup [PRD.0.L.134][PV0.8][DV1.0].docx
[2026-03-18 14:42:48] HTML saved: extracted_html\SD - Office 365 Backup [PRD.0.L.134][PV0.8][DV1.0].html
[2026-03-18 14:42:48] extract_html OK
[2026-03-18 14:42:48] RUN parse_html_sections.py -> C:\Users\koengo\OneDrive - Cegeka\Documents\Reusable Assets\Products\extracted_html\SD - Office 365 Backup [PRD.0.L.134][PV0.8][DV1.0].html
[2026-03-18 14:42:49] START parse_html for: C:\Users\koengo\OneDrive - Cegeka\Documents\Reusable Assets\Products\extracted_html\SD - Office 365 Backup [PRD.0.L.134][PV0.8][DV1.0].html
[2026-03-18 14:42:50] PARSE OK → output\json\SD - Office 365 Backup [PRD.0.L.134][PV0.8][DV1.0].json
[2026-03-18 14:42:50] RUN auto_map_sections.py -> C:\Users\koengo\OneDrive - Cegeka\Documents\Reusable Assets\Products\output\json\SD - Office 365 Backup [PRD.0.L.134][PV0.8][DV1.0].json
[2026-03-18 14:42:50] START auto_map for: C:\Users\koengo\OneDrive - Cegeka\Documents\Reusable Assets\Products\output\json\SD - Office 365 Backup [PRD.0.L.134][PV0.8][DV1.0].json
[2026-03-18 14:42:50] auto_map OK → output\mapped\SD - Office 365 Backup [PRD.0.L.134][PV0.8][DV1.0]_mapped.json
[2026-03-18 14:42:50] JSON->XML OK -> C:\Users\koengo\OneDrive - Cegeka\Documents\Reusable Assets\Products\output\xml\SD - Office 365 Backup [PRD.0.L.134][PV0.8][DV1.0]_mapped.xml
[2026-03-18 14:42:50] RUN xml_to_docx.py -> C:\Users\koengo\OneDrive - Cegeka\Documents\Reusable Assets\Products\output\xml\SD - Office 365 Backup [PRD.0.L.134][PV0.8][DV1.0]_mapped.xml
[2026-03-18 14:42:50] PIPELINE OK
[2026-03-18 14:48:27] START PIPELINE for C:\Users\koengo\Cegeka\Product Management - Product Management Library\Business Line - Cloud and Digital Platforms\[0.L] Outsourcing Services\SD - Office 365 Backup [PRD.0.L.134][PV0.8][DV1.0].docx
[2026-03-18 14:48:27] RUN extract_html.py -> C:\Users\koengo\Cegeka\Product Management - Product Management Library\Business Line - Cloud and Digital Platforms\[0.L] Outsourcing Services\SD - Office 365 Backup [PRD.0.L.134][PV0.8][DV1.0].docx
[2026-03-18 14:48:27] START extract_html for: C:\Users\koengo\Cegeka\Product Management - Product Management Library\Business Line - Cloud and Digital Platforms\[0.L] Outsourcing Services\SD - Office 365 Backup [PRD.0.L.134][PV0.8][DV1.0].docx
[2026-03-18 14:48:27] HTML saved: extracted_html\SD - Office 365 Backup [PRD.0.L.134][PV0.8][DV1.0].html
[2026-03-18 14:48:27] extract_html OK
[2026-03-18 14:48:27] RUN parse_html_sections.py -> C:\Users\koengo\OneDrive - Cegeka\Documents\Reusable Assets\Products\extracted_html\SD - Office 365 Backup [PRD.0.L.134][PV0.8][DV1.0].html
[2026-03-18 14:48:28] START parse_html for: C:\Users\koengo\OneDrive - Cegeka\Documents\Reusable Assets\Products\extracted_html\SD - Office 365 Backup [PRD.0.L.134][PV0.8][DV1.0].html
[2026-03-18 14:48:28] PARSE OK → output\json\SD - Office 365 Backup [PRD.0.L.134][PV0.8][DV1.0].json
[2026-03-18 14:48:28] RUN auto_map_sections.py -> C:\Users\koengo\OneDrive - Cegeka\Documents\Reusable Assets\Products\output\json\SD - Office 365 Backup [PRD.0.L.134][PV0.8][DV1.0].json
[2026-03-18 14:48:28] START auto_map for: C:\Users\koengo\OneDrive - Cegeka\Documents\Reusable Assets\Products\output\json\SD - Office 365 Backup [PRD.0.L.134][PV0.8][DV1.0].json
[2026-03-18 14:48:28] auto_map OK → output\mapped\SD - Office 365 Backup [PRD.0.L.134][PV0.8][DV1.0]_mapped.json
[2026-03-18 14:48:28] JSON->XML OK -> C:\Users\koengo\OneDrive - Cegeka\Documents\Reusable Assets\Products\output\xml\SD - Office 365 Backup [PRD.0.L.134][PV0.8][DV1.0]_mapped.xml
[2026-03-18 14:48:28] RUN xml_to_docx.py -> C:\Users\koengo\OneDrive - Cegeka\Documents\Reusable Assets\Products\output\xml\SD - Office 365 Backup [PRD.0.L.134][PV0.8][DV1.0]_mapped.xml
[2026-03-18 14:48:28] PIPELINE OK
[2026-03-18 15:02:16] START PIPELINE for C:\Users\koengo\Cegeka\Product Management - Product Management Library\Business Line - Cloud and Digital Platforms\[0.L] Outsourcing Services\SD - Office 365 Backup [PRD.0.L.134][PV0.8][DV1.0].docx
[2026-03-18 15:02:16] RUN extract_html.py -> C:\Users\koengo\Cegeka\Product Management - Product Management Library\Business Line - Cloud and Digital Platforms\[0.L] Outsourcing Services\SD - Office 365 Backup [PRD.0.L.134][PV0.8][DV1.0].docx
[2026-03-18 15:02:17] START extract_html for: C:\Users\koengo\Cegeka\Product Management - Product Management Library\Business Line - Cloud and Digital Platforms\[0.L] Outsourcing Services\SD - Office 365 Backup [PRD.0.L.134][PV0.8][DV1.0].docx
[2026-03-18 15:02:17] HTML saved: extracted_html\SD - Office 365 Backup [PRD.0.L.134][PV0.8][DV1.0].html
[2026-03-18 15:02:17] extract_html OK
[2026-03-18 15:02:17] RUN parse_html_sections.py -> C:\Users\koengo\OneDrive - Cegeka\Documents\Reusable Assets\Products\extracted_html\SD - Office 365 Backup [PRD.0.L.134][PV0.8][DV1.0].html
[2026-03-18 15:02:17] START parse_html for: C:\Users\koengo\OneDrive - Cegeka\Documents\Reusable Assets\Products\extracted_html\SD - Office 365 Backup [PRD.0.L.134][PV0.8][DV1.0].html
[2026-03-18 15:02:17] PARSE OK → output\json\SD - Office 365 Backup [PRD.0.L.134][PV0.8][DV1.0].json
[2026-03-18 15:02:17] RUN auto_map_sections.py -> C:\Users\koengo\OneDrive - Cegeka\Documents\Reusable Assets\Products\output\json\SD - Office 365 Backup [PRD.0.L.134][PV0.8][DV1.0].json
[2026-03-18 15:02:17] START auto_map for: C:\Users\koengo\OneDrive - Cegeka\Documents\Reusable Assets\Products\output\json\SD - Office 365 Backup [PRD.0.L.134][PV0.8][DV1.0].json
[2026-03-18 15:02:17] auto_map OK → output\mapped\SD - Office 365 Backup [PRD.0.L.134][PV0.8][DV1.0]_mapped.json
[2026-03-18 15:02:17] JSON->XML OK -> C:\Users\koengo\OneDrive - Cegeka\Documents\Reusable Assets\Products\output\xml\SD - Office 365 Backup [PRD.0.L.134][PV0.8][DV1.0]_mapped.xml
[2026-03-18 15:02:17] RUN xml_to_docx.py -> C:\Users\koengo\OneDrive - Cegeka\Documents\Reusable Assets\Products\output\xml\SD - Office 365 Backup [PRD.0.L.134][PV0.8][DV1.0]_mapped.xml
[2026-03-18 15:02:18] PIPELINE OK
