[2026-03-18 14:43:15] START xml_to_docx_v3_fixed for: C:\Users\koengo\OneDrive - Cegeka\Documents\Reusable Assets\Products\output\xml\SD - License Management - CSP License Rental [PRD.7.0.001][PV1.1][DV1.0]_mapped.xml
[2026-03-18 14:43:15] Filled SDT 'PRODUCT_SUMMARY' with XML section 'Introduction'
[2026-03-18 14:43:15] Filled SDT 'PRODUCT_SUMMARY' with XML section 'Service Support window'
[2026-03-18 14:43:15] Filled SDT 'SLA_KPI' with XML section 'Specific service levels'
[2026-03-18 14:43:16] Filled SDT 'PRODUCT_SUMMARY' with XML section 'Service delivery location'
[2026-03-18 14:43:16] TOTAL SDT FIELDS FILLED: 4
[2026-03-18 14:43:16] XML→DOCX OK → output\docx\SD - License Management - CSP License Rental [PRD.7.0.001][PV1.1][DV1.0]_mapped_FINAL.docx
[2026-03-18 14:48:48] START xml_to_docx_v3_fixed for: C:\Users\koengo\OneDrive - Cegeka\Documents\Reusable Assets\Products\output\xml\SD - License Management - CSP License Rental [PRD.7.0.001][PV1.1][DV1.0]_mapped.xml
[2026-03-18 14:48:48] Filled SDT 'PRODUCT_SUMMARY' with XML section 'Introduction'
[2026-03-18 14:48:48] Filled SDT 'PRODUCT_SUMMARY' with XML section 'Service Support window'
[2026-03-18 14:48:48] Filled SDT 'SLA_KPI' with XML section 'Specific service levels'
[2026-03-18 14:48:48] Filled SDT 'PRODUCT_SUMMARY' with XML section 'Service delivery location'
[2026-03-18 14:48:48] TOTAL SDT FIELDS FILLED: 4
[2026-03-18 14:48:48] XML→DOCX OK → output\docx\SD - License Management - CSP License Rental [PRD.7.0.001][PV1.1][DV1.0]_mapped_FINAL.docx
[2026-03-18 15:02:36] START xml_to_docx_v3_fixed for: C:\Users\koengo\OneDrive - Cegeka\Documents\Reusable Assets\Products\output\xml\SD - License Management - CSP License Rental [PRD.7.0.001][PV1.1][DV1.0]_mapped.xml
[2026-03-18 15:02:36] Filled SDT 'PRODUCT_SUMMARY' with XML section 'Introduction'
[2026-03-18 15:02:36] Filled SDT 'PRODUCT_SUMMARY' with XML section 'Service Support window'
[2026-03-18 15:02:36] Filled SDT 'SLA_KPI' with XML section 'Specific service levels'
[2026-03-18 15:02:36] Filled SDT 'PRODUCT_SUMMARY' with XML section 'Service delivery location'
[2026-03-18 15:02:36] TOTAL SDT FIELDS FILLED: 4
[2026-03-18 15:02:36] XML→DOCX OK → output\docx\SD - License Management - CSP License Rental [PRD.7.0.001][PV1.1][DV1.0]_mapped_FINAL.docx
