[2026-03-17 23:34:09] [TID:19352] Start processing SD: SD - Cegeka Cloud-Native Platform on Cegeka Cloud [PRD.0.5.001][PV2.2][DV1.2].docx
[2026-03-17 23:34:09] [TID:19352] Extracting HTML...
[2026-03-17 23:34:09] [TID:19352] ERROR SD - Cegeka Cloud-Native Platform on Cegeka Cloud [PRD.0.5.001][PV2.2][DV1.2].docx: Command '['C:\\Users\\koengo\\AppData\\Local\\Programs\\Python\\Python312\\python.exe', 'C:\\Users\\koengo\\OneDrive - Cegeka\\Documents\\Reusable Assets\\Products\\scripts\\extract_html.py', 'C:\\Users\\koengo\\Cegeka\\Product Management - Product Management Library\\Business Line - Cloud and Digital Platforms\\[0.5] Cegeka Digital Cloud Platforms\\[PRD.0.5.001] Cegeka Cloud-Native Platform on Cegeka Cloud\\SD - Cegeka Cloud-Native Platform on Cegeka Cloud [PRD.0.5.001][PV2.2][DV1.2].docx']' returned non-zero exit status 1.
[2026-03-17 23:39:30] [TID:22428] START SD - Cegeka Cloud-Native Platform on Cegeka Cloud [PRD.0.5.001][PV2.2][DV1.2].docx
[2026-03-17 23:39:30] [TID:22428] Extracting HTML...
[2026-03-17 23:39:30] [TID:22428] ERROR SD - Cegeka Cloud-Native Platform on Cegeka Cloud [PRD.0.5.001][PV2.2][DV1.2].docx: Command '['C:\\Users\\koengo\\AppData\\Local\\Programs\\Python\\Python312\\python.exe', 'C:\\Users\\koengo\\OneDrive - Cegeka\\Documents\\Reusable Assets\\Products\\scripts\\extract_html.py', 'C:\\Users\\koengo\\Cegeka\\Product Management - Product Management Library\\Business Line - Cloud and Digital Platforms\\[0.5] Cegeka Digital Cloud Platforms\\[PRD.0.5.001] Cegeka Cloud-Native Platform on Cegeka Cloud\\SD - Cegeka Cloud-Native Platform on Cegeka Cloud [PRD.0.5.001][PV2.2][DV1.2].docx']' returned non-zero exit status 1.
[2026-03-17 23:44:41] [TID:17020] START SD - Cegeka Cloud-Native Platform on Cegeka Cloud [PRD.0.5.001][PV2.2][DV1.2].docx
[2026-03-17 23:44:41] [TID:17020] Extracting HTML...
[2026-03-17 23:44:42] [TID:17020] ERROR SD - Cegeka Cloud-Native Platform on Cegeka Cloud [PRD.0.5.001][PV2.2][DV1.2].docx: Command '['C:\\Users\\koengo\\AppData\\Local\\Programs\\Python\\Python312\\python.exe', 'C:\\Users\\koengo\\OneDrive - Cegeka\\Documents\\Reusable Assets\\Products\\scripts\\extract_html.py', 'C:\\Users\\koengo\\Cegeka\\Product Management - Product Management Library\\Business Line - Cloud and Digital Platforms\\[0.5] Cegeka Digital Cloud Platforms\\[PRD.0.5.001] Cegeka Cloud-Native Platform on Cegeka Cloud\\SD - Cegeka Cloud-Native Platform on Cegeka Cloud [PRD.0.5.001][PV2.2][DV1.2].docx']' returned non-zero exit status 1.
[2026-03-17 23:47:09] [TID:17696] START SD - Cegeka Cloud-Native Platform on Cegeka Cloud [PRD.0.5.001][PV2.2][DV1.2].docx
[2026-03-17 23:47:09] [TID:17696] Extracting HTML...
[2026-03-17 23:47:10] [TID:17696] ERROR SD - Cegeka Cloud-Native Platform on Cegeka Cloud [PRD.0.5.001][PV2.2][DV1.2].docx: Command '['C:\\Users\\koengo\\AppData\\Local\\Programs\\Python\\Python312\\python.exe', 'C:\\Users\\koengo\\OneDrive - Cegeka\\Documents\\Reusable Assets\\Products\\scripts\\extract_html.py', 'C:\\Users\\koengo\\Cegeka\\Product Management - Product Management Library\\Business Line - Cloud and Digital Platforms\\[0.5] Cegeka Digital Cloud Platforms\\[PRD.0.5.001] Cegeka Cloud-Native Platform on Cegeka Cloud\\SD - Cegeka Cloud-Native Platform on Cegeka Cloud [PRD.0.5.001][PV2.2][DV1.2].docx']' returned non-zero exit status 1.
[2026-03-17 23:54:39] [TID:21020] START SD - Cegeka Cloud-Native Platform on Cegeka Cloud [PRD.0.5.001][PV2.2][DV1.2].docx
[2026-03-17 23:54:39] [TID:21020] Extracting HTML...
[2026-03-17 23:54:39] [TID:21020] ERROR SD - Cegeka Cloud-Native Platform on Cegeka Cloud [PRD.0.5.001][PV2.2][DV1.2].docx: Command '['C:\\Users\\koengo\\AppData\\Local\\Programs\\Python\\Python312\\python.exe', 'C:\\Users\\koengo\\OneDrive - Cegeka\\Documents\\Reusable Assets\\Products\\scripts\\extract_html.py', 'C:\\Users\\koengo\\Cegeka\\Product Management - Product Management Library\\Business Line - Cloud and Digital Platforms\\[0.5] Cegeka Digital Cloud Platforms\\[PRD.0.5.001] Cegeka Cloud-Native Platform on Cegeka Cloud\\SD - Cegeka Cloud-Native Platform on Cegeka Cloud [PRD.0.5.001][PV2.2][DV1.2].docx']' returned non-zero exit status 1.
[2026-03-18 00:02:04] [TID:22624] START SD - Cegeka Cloud-Native Platform on Cegeka Cloud [PRD.0.5.001][PV2.2][DV1.2].docx
[2026-03-18 00:02:04] [TID:22624] Extracting HTML...
[2026-03-18 00:02:05] [TID:22624] ERROR SD - Cegeka Cloud-Native Platform on Cegeka Cloud [PRD.0.5.001][PV2.2][DV1.2].docx: Command '['C:\\Users\\koengo\\AppData\\Local\\Programs\\Python\\Python312\\python.exe', 'C:\\Users\\koengo\\OneDrive - Cegeka\\Documents\\Reusable Assets\\Products\\scripts\\extract_html.py', 'C:\\Users\\koengo\\Cegeka\\Product Management - Product Management Library\\Business Line - Cloud and Digital Platforms\\[0.5] Cegeka Digital Cloud Platforms\\[PRD.0.5.001] Cegeka Cloud-Native Platform on Cegeka Cloud\\SD - Cegeka Cloud-Native Platform on Cegeka Cloud [PRD.0.5.001][PV2.2][DV1.2].docx']' returned non-zero exit status 1.
[2026-03-18 00:11:16] [TID:14484] START SD - Cegeka Cloud-Native Platform on Cegeka Cloud [PRD.0.5.001][PV2.2][DV1.2].docx
[2026-03-18 00:11:16] [TID:14484] Extracting HTML...
[2026-03-18 00:11:17] [TID:14484] ERROR SD - Cegeka Cloud-Native Platform on Cegeka Cloud [PRD.0.5.001][PV2.2][DV1.2].docx: Command '['C:\\Users\\koengo\\AppData\\Local\\Programs\\Python\\Python312\\python.exe', 'C:\\Users\\koengo\\OneDrive - Cegeka\\Documents\\Reusable Assets\\Products\\scripts\\extract_html.py', 'C:\\Users\\koengo\\Cegeka\\Product Management - Product Management Library\\Business Line - Cloud and Digital Platforms\\[0.5] Cegeka Digital Cloud Platforms\\[PRD.0.5.001] Cegeka Cloud-Native Platform on Cegeka Cloud\\SD - Cegeka Cloud-Native Platform on Cegeka Cloud [PRD.0.5.001][PV2.2][DV1.2].docx']' returned non-zero exit status 1.
[2026-03-18 00:24:34] [TID:6152] START SD - Cegeka Cloud-Native Platform on Cegeka Cloud [PRD.0.5.001][PV2.2][DV1.2].docx
[2026-03-18 00:24:34] [TID:6152] [DEBUG] Running step: extract_html
[2026-03-18 00:24:34] [TID:6152] [DEBUG] Command: ['C:\\Users\\koengo\\AppData\\Local\\Programs\\Python\\Python312\\python.exe', 'C:\\Users\\koengo\\OneDrive - Cegeka\\Documents\\Reusable Assets\\Products\\scripts\\extract_html.py', 'C:\\Users\\koengo\\Cegeka\\Product Management - Product Management Library\\Business Line - Cloud and Digital Platforms\\[0.5] Cegeka Digital Cloud Platforms\\[PRD.0.5.001] Cegeka Cloud-Native Platform on Cegeka Cloud\\SD - Cegeka Cloud-Native Platform on Cegeka Cloud [PRD.0.5.001][PV2.2][DV1.2].docx']
[2026-03-18 00:24:35] [TID:6152] [DEBUG][stderr] Traceback (most recent call last):
  File "C:\Users\koengo\OneDrive - Cegeka\Documents\Reusable Assets\Products\scripts\extract_html.py", line 12, in <module>
    with open(sd_file, "rb") as f:
         ^^^^^^^^^^^^^^^^^^^
FileNotFoundError: [Errno 2] No such file or directory: 'C:\\Users\\koengo\\Cegeka\\Product Management - Product Management Library\\Business Line - Cloud and Digital Platforms\\[0.5] Cegeka Digital Cloud Platforms\\[PRD.0.5.001] Cegeka Cloud-Native Platform on Cegeka Cloud\\SD - Cegeka Cloud-Native Platform on Cegeka Cloud [PRD.0.5.001][PV2.2][DV1.2].docx'

[2026-03-18 00:24:35] [TID:6152] ERROR SD - Cegeka Cloud-Native Platform on Cegeka Cloud [PRD.0.5.001][PV2.2][DV1.2].docx: [extract_html] FAILED with exit code 1
[2026-03-18 00:28:34] [TID:26240] START SD - Cegeka Cloud-Native Platform on Cegeka Cloud [PRD.0.5.001][PV2.2][DV1.2].docx
[2026-03-18 00:28:35] [TID:26240] [DEBUG] Running step: extract_html
[2026-03-18 00:28:35] [TID:26240] [DEBUG] Command: ['C:\\Users\\koengo\\AppData\\Local\\Programs\\Python\\Python312\\python.exe', 'C:\\Users\\koengo\\OneDrive - Cegeka\\Documents\\Reusable Assets\\Products\\scripts\\extract_html.py', 'C:\\Users\\koengo\\Cegeka\\Product Management - Product Management Library\\Business Line - Cloud and Digital Platforms\\[0.5] Cegeka Digital Cloud Platforms\\[PRD.0.5.001] Cegeka Cloud-Native Platform on Cegeka Cloud\\SD - Cegeka Cloud-Native Platform on Cegeka Cloud [PRD.0.5.001][PV2.2][DV1.2].docx']
[2026-03-18 00:28:35] [TID:26240] [DEBUG][stderr] Traceback (most recent call last):
  File "C:\Users\koengo\OneDrive - Cegeka\Documents\Reusable Assets\Products\scripts\extract_html.py", line 12, in <module>
    with open(sd_file, "rb") as f:
         ^^^^^^^^^^^^^^^^^^^
FileNotFoundError: [Errno 2] No such file or directory: 'C:\\Users\\koengo\\Cegeka\\Product Management - Product Management Library\\Business Line - Cloud and Digital Platforms\\[0.5] Cegeka Digital Cloud Platforms\\[PRD.0.5.001] Cegeka Cloud-Native Platform on Cegeka Cloud\\SD - Cegeka Cloud-Native Platform on Cegeka Cloud [PRD.0.5.001][PV2.2][DV1.2].docx'

[2026-03-18 00:28:35] [TID:26240] ERROR SD - Cegeka Cloud-Native Platform on Cegeka Cloud [PRD.0.5.001][PV2.2][DV1.2].docx: [extract_html] FAILED with exit code 1
[2026-03-18 00:39:35] [TID:1172] START SD - Cegeka Cloud-Native Platform on Cegeka Cloud [PRD.0.5.001][PV2.2][DV1.2].docx
[2026-03-18 00:39:35] [TID:1172] [DEBUG] Running step: extract_html
[2026-03-18 00:39:35] [TID:1172] [DEBUG] Command: ['C:\\Users\\koengo\\AppData\\Local\\Programs\\Python\\Python312\\python.exe', 'C:\\Users\\koengo\\OneDrive - Cegeka\\Documents\\Reusable Assets\\Products\\scripts\\extract_html.py', 'C:\\Users\\koengo\\Cegeka\\Product Management - Product Management Library\\Business Line - Cloud and Digital Platforms\\[0.5] Cegeka Digital Cloud Platforms\\[PRD.0.5.001] Cegeka Cloud-Native Platform on Cegeka Cloud\\SD - Cegeka Cloud-Native Platform on Cegeka Cloud [PRD.0.5.001][PV2.2][DV1.2].docx']
[2026-03-18 00:39:36] [TID:1172] [DEBUG][stderr] Traceback (most recent call last):
  File "C:\Users\koengo\OneDrive - Cegeka\Documents\Reusable Assets\Products\scripts\extract_html.py", line 12, in <module>
    with open(sd_file, "rb") as f:
         ^^^^^^^^^^^^^^^^^^^
FileNotFoundError: [Errno 2] No such file or directory: 'C:\\Users\\koengo\\Cegeka\\Product Management - Product Management Library\\Business Line - Cloud and Digital Platforms\\[0.5] Cegeka Digital Cloud Platforms\\[PRD.0.5.001] Cegeka Cloud-Native Platform on Cegeka Cloud\\SD - Cegeka Cloud-Native Platform on Cegeka Cloud [PRD.0.5.001][PV2.2][DV1.2].docx'

[2026-03-18 00:39:36] [TID:1172] ERROR SD - Cegeka Cloud-Native Platform on Cegeka Cloud [PRD.0.5.001][PV2.2][DV1.2].docx: [extract_html] FAILED with exit code 1
[2026-03-18 00:51:55] [TID:5928] START SD - Cegeka Cloud-Native Platform on Cegeka Cloud [PRD.0.5.001][PV2.2][DV1.2].docx
[2026-03-18 00:51:55] [TID:5928] [DEBUG] Running step: extract_html
[2026-03-18 00:51:55] [TID:5928] [DEBUG] Command: ['C:\\Users\\koengo\\AppData\\Local\\Programs\\Python\\Python312\\python.exe', 'C:\\Users\\koengo\\OneDrive - Cegeka\\Documents\\Reusable Assets\\Products\\scripts\\extract_html.py', 'C:\\Users\\koengo\\Cegeka\\Product Management - Product Management Library\\Business Line - Cloud and Digital Platforms\\[0.5] Cegeka Digital Cloud Platforms\\[PRD.0.5.001] Cegeka Cloud-Native Platform on Cegeka Cloud\\SD - Cegeka Cloud-Native Platform on Cegeka Cloud [PRD.0.5.001][PV2.2][DV1.2].docx']
[2026-03-18 00:51:55] [TID:5928] [DEBUG][stdout] EXTRACT ERROR: [Errno 2] No such file or directory: 'C:\\Users\\koengo\\Cegeka\\Product Management - Product Management Library\\Business Line - Cloud and Digital Platforms\\[0.5] Cegeka Digital Cloud Platforms\\[PRD.0.5.001] Cegeka Cloud-Native Platform on Cegeka Cloud\\SD - Cegeka Cloud-Native Platform on Cegeka Cloud [PRD.0.5.001][PV2.2][DV1.2].docx'

[2026-03-18 00:51:55] [TID:5928] ERROR SD - Cegeka Cloud-Native Platform on Cegeka Cloud [PRD.0.5.001][PV2.2][DV1.2].docx: [extract_html] FAILED with exit code 1
[2026-03-18 01:01:13] [TID:19944] START SD - Cegeka Cloud-Native Platform on Cegeka Cloud [PRD.0.5.001][PV2.2][DV1.2].docx
[2026-03-18 01:01:13] [TID:19944] [DEBUG] Running step: extract_html
[2026-03-18 01:01:13] [TID:19944] [DEBUG] Command: ['C:\\Users\\koengo\\AppData\\Local\\Programs\\Python\\Python312\\python.exe', 'C:\\Users\\koengo\\OneDrive - Cegeka\\Documents\\Reusable Assets\\Products\\scripts\\extract_html.py', 'C:\\Users\\koengo\\Cegeka\\Product Management - Product Management Library\\Business Line - Cloud and Digital Platforms\\[0.5] Cegeka Digital Cloud Platforms\\[PRD.0.5.001] Cegeka Cloud-Native Platform on Cegeka Cloud\\SD - Cegeka Cloud-Native Platform on Cegeka Cloud [PRD.0.5.001][PV2.2][DV1.2].docx']
[2026-03-18 01:01:13] [TID:19944] [DEBUG][stdout] EXTRACT ERROR: [Errno 2] No such file or directory: 'C:\\Users\\koengo\\Cegeka\\Product Management - Product Management Library\\Business Line - Cloud and Digital Platforms\\[0.5] Cegeka Digital Cloud Platforms\\[PRD.0.5.001] Cegeka Cloud-Native Platform on Cegeka Cloud\\SD - Cegeka Cloud-Native Platform on Cegeka Cloud [PRD.0.5.001][PV2.2][DV1.2].docx'

[2026-03-18 01:01:13] [TID:19944] ERROR SD - Cegeka Cloud-Native Platform on Cegeka Cloud [PRD.0.5.001][PV2.2][DV1.2].docx: [extract_html] FAILED with exit code 1
[2026-03-18 01:16:49] [TID:18856] START SD - Cegeka Cloud-Native Platform on Cegeka Cloud [PRD.0.5.001][PV2.2][DV1.2].docx
[2026-03-18 01:16:49] [TID:18856] [DEBUG] Running step: extract_html
[2026-03-18 01:16:49] [TID:18856] [DEBUG] Command: ['C:\\Users\\koengo\\AppData\\Local\\Programs\\Python\\Python312\\python.exe', 'C:\\Users\\koengo\\OneDrive - Cegeka\\Documents\\Reusable Assets\\Products\\scripts\\extract_html.py', 'C:\\Users\\koengo\\Cegeka\\Product Management - Product Management Library\\Business Line - Cloud and Digital Platforms\\[0.5] Cegeka Digital Cloud Platforms\\[PRD.0.5.001] Cegeka Cloud-Native Platform on Cegeka Cloud\\SD - Cegeka Cloud-Native Platform on Cegeka Cloud [PRD.0.5.001][PV2.2][DV1.2].docx']
[2026-03-18 01:16:49] [TID:18856] [DEBUG][stdout] EXTRACT ERROR: [Errno 2] No such file or directory: 'C:\\Users\\koengo\\Cegeka\\Product Management - Product Management Library\\Business Line - Cloud and Digital Platforms\\[0.5] Cegeka Digital Cloud Platforms\\[PRD.0.5.001] Cegeka Cloud-Native Platform on Cegeka Cloud\\SD - Cegeka Cloud-Native Platform on Cegeka Cloud [PRD.0.5.001][PV2.2][DV1.2].docx'

[2026-03-18 01:16:49] [TID:18856] ERROR SD - Cegeka Cloud-Native Platform on Cegeka Cloud [PRD.0.5.001][PV2.2][DV1.2].docx: [extract_html] FAILED with exit code 1
[2026-03-18 01:30:47] [TID:940] START SD - Cegeka Cloud-Native Platform on Cegeka Cloud [PRD.0.5.001][PV2.2][DV1.2].docx
[2026-03-18 01:30:47] [TID:940] [DEBUG] Running step: extract_html
[2026-03-18 01:30:47] [TID:940] [DEBUG] Command: ['C:\\Users\\koengo\\AppData\\Local\\Programs\\Python\\Python312\\python.exe', 'C:\\Users\\koengo\\OneDrive - Cegeka\\Documents\\Reusable Assets\\Products\\scripts\\extract_html.py', 'C:\\Users\\koengo\\Cegeka\\Product Management - Product Management Library\\Business Line - Cloud and Digital Platforms\\[0.5] Cegeka Digital Cloud Platforms\\[PRD.0.5.001] Cegeka Cloud-Native Platform on Cegeka Cloud\\SD - Cegeka Cloud-Native Platform on Cegeka Cloud [PRD.0.5.001][PV2.2][DV1.2].docx']
[2026-03-18 01:30:48] [TID:940] [DEBUG][stderr]   File "C:\Users\koengo\OneDrive - Cegeka\Documents\Reusable Assets\Products\scripts\extract_html.py", line 31
    ``
    ^
SyntaxError: invalid syntax

[2026-03-18 01:30:48] [TID:940] ERROR SD - Cegeka Cloud-Native Platform on Cegeka Cloud [PRD.0.5.001][PV2.2][DV1.2].docx: [extract_html] FAILED with exit code 1
[2026-03-18 01:33:07] [TID:28000] START SD - Cegeka Cloud-Native Platform on Cegeka Cloud [PRD.0.5.001][PV2.2][DV1.2].docx
[2026-03-18 01:33:07] [TID:28000] [DEBUG] Running step: extract_html
[2026-03-18 01:33:07] [TID:28000] [DEBUG] Command: ['C:\\Users\\koengo\\AppData\\Local\\Programs\\Python\\Python312\\python.exe', 'C:\\Users\\koengo\\OneDrive - Cegeka\\Documents\\Reusable Assets\\Products\\scripts\\extract_html.py', 'C:\\Users\\koengo\\Cegeka\\Product Management - Product Management Library\\Business Line - Cloud and Digital Platforms\\[0.5] Cegeka Digital Cloud Platforms\\[PRD.0.5.001] Cegeka Cloud-Native Platform on Cegeka Cloud\\SD - Cegeka Cloud-Native Platform on Cegeka Cloud [PRD.0.5.001][PV2.2][DV1.2].docx']
[2026-03-18 01:33:08] [TID:28000] [DEBUG][stdout] EXTRACT ERROR: [Errno 2] No such file or directory: 'C:\\Users\\koengo\\Cegeka\\Product Management - Product Management Library\\Business Line - Cloud and Digital Platforms\\[0.5] Cegeka Digital Cloud Platforms\\[PRD.0.5.001] Cegeka Cloud-Native Platform on Cegeka Cloud\\SD - Cegeka Cloud-Native Platform on Cegeka Cloud [PRD.0.5.001][PV2.2][DV1.2].docx'

[2026-03-18 01:33:08] [TID:28000] ERROR SD - Cegeka Cloud-Native Platform on Cegeka Cloud [PRD.0.5.001][PV2.2][DV1.2].docx: [extract_html] FAILED with exit code 1
[2026-03-18 01:40:18] [TID:28640] START SD - Cegeka Cloud-Native Platform on Cegeka Cloud [PRD.0.5.001][PV2.2][DV1.2].docx
[2026-03-18 01:40:18] [TID:28640] [DEBUG] Running step: extract_html
[2026-03-18 01:40:18] [TID:28640] [DEBUG] Command: ['C:\\Users\\koengo\\AppData\\Local\\Programs\\Python\\Python312\\python.exe', 'C:\\Users\\koengo\\OneDrive - Cegeka\\Documents\\Reusable Assets\\Products\\scripts\\extract_html.py', 'C:\\Users\\koengo\\Cegeka\\Product Management - Product Management Library\\Business Line - Cloud and Digital Platforms\\[0.5] Cegeka Digital Cloud Platforms\\[PRD.0.5.001] Cegeka Cloud-Native Platform on Cegeka Cloud\\SD - Cegeka Cloud-Native Platform on Cegeka Cloud [PRD.0.5.001][PV2.2][DV1.2].docx']
[2026-03-18 01:40:18] [TID:28640] [DEBUG][stdout] EXTRACT ERROR: [Errno 2] No such file or directory: 'C:\\Users\\koengo\\Cegeka\\Product Management - Product Management Library\\Business Line - Cloud and Digital Platforms\\[0.5] Cegeka Digital Cloud Platforms\\[PRD.0.5.001] Cegeka Cloud-Native Platform on Cegeka Cloud\\SD - Cegeka Cloud-Native Platform on Cegeka Cloud [PRD.0.5.001][PV2.2][DV1.2].docx'

[2026-03-18 01:40:18] [TID:28640] ERROR SD - Cegeka Cloud-Native Platform on Cegeka Cloud [PRD.0.5.001][PV2.2][DV1.2].docx: [extract_html] FAILED with exit code 1
