[2026-03-17 23:34:11] [TID:22228] Start processing SD: SD - Digital Workplace Security [PRD.7.1.001][PV1.0][DV2.0].docx
[2026-03-17 23:34:11] [TID:22228] Extracting HTML...
[2026-03-17 23:34:13] [TID:22228] ERROR SD - Digital Workplace Security [PRD.7.1.001][PV1.0][DV2.0].docx: Command '['C:\\Users\\koengo\\AppData\\Local\\Programs\\Python\\Python312\\python.exe', 'C:\\Users\\koengo\\OneDrive - Cegeka\\Documents\\Reusable Assets\\Products\\scripts\\extract_html.py', 'C:\\Users\\koengo\\Cegeka\\Product Management - Product Management Library\\Business Line - Digital Employee eXperience\\[7.1] Cegeka Digital Workplace Solutions\\[PRD.7.1.001] Digital Workplace Security\\SD - Digital Workplace Security [PRD.7.1.001][PV1.0][DV2.0].docx']' returned non-zero exit status 1.
[2026-03-17 23:39:32] [TID:22428] START SD - Digital Workplace Security [PRD.7.1.001][PV1.0][DV2.0].docx
[2026-03-17 23:39:33] [TID:22428] Extracting HTML...
[2026-03-17 23:39:33] [TID:22428] ERROR SD - Digital Workplace Security [PRD.7.1.001][PV1.0][DV2.0].docx: Command '['C:\\Users\\koengo\\AppData\\Local\\Programs\\Python\\Python312\\python.exe', 'C:\\Users\\koengo\\OneDrive - Cegeka\\Documents\\Reusable Assets\\Products\\scripts\\extract_html.py', 'C:\\Users\\koengo\\Cegeka\\Product Management - Product Management Library\\Business Line - Digital Employee eXperience\\[7.1] Cegeka Digital Workplace Solutions\\[PRD.7.1.001] Digital Workplace Security\\SD - Digital Workplace Security [PRD.7.1.001][PV1.0][DV2.0].docx']' returned non-zero exit status 1.
[2026-03-17 23:44:44] [TID:27780] START SD - Digital Workplace Security [PRD.7.1.001][PV1.0][DV2.0].docx
[2026-03-17 23:44:44] [TID:27780] Extracting HTML...
[2026-03-17 23:44:45] [TID:27780] ERROR SD - Digital Workplace Security [PRD.7.1.001][PV1.0][DV2.0].docx: Command '['C:\\Users\\koengo\\AppData\\Local\\Programs\\Python\\Python312\\python.exe', 'C:\\Users\\koengo\\OneDrive - Cegeka\\Documents\\Reusable Assets\\Products\\scripts\\extract_html.py', 'C:\\Users\\koengo\\Cegeka\\Product Management - Product Management Library\\Business Line - Digital Employee eXperience\\[7.1] Cegeka Digital Workplace Solutions\\[PRD.7.1.001] Digital Workplace Security\\SD - Digital Workplace Security [PRD.7.1.001][PV1.0][DV2.0].docx']' returned non-zero exit status 1.
[2026-03-17 23:47:12] [TID:25624] START SD - Digital Workplace Security [PRD.7.1.001][PV1.0][DV2.0].docx
[2026-03-17 23:47:12] [TID:25624] Extracting HTML...
[2026-03-17 23:47:13] [TID:25624] ERROR SD - Digital Workplace Security [PRD.7.1.001][PV1.0][DV2.0].docx: Command '['C:\\Users\\koengo\\AppData\\Local\\Programs\\Python\\Python312\\python.exe', 'C:\\Users\\koengo\\OneDrive - Cegeka\\Documents\\Reusable Assets\\Products\\scripts\\extract_html.py', 'C:\\Users\\koengo\\Cegeka\\Product Management - Product Management Library\\Business Line - Digital Employee eXperience\\[7.1] Cegeka Digital Workplace Solutions\\[PRD.7.1.001] Digital Workplace Security\\SD - Digital Workplace Security [PRD.7.1.001][PV1.0][DV2.0].docx']' returned non-zero exit status 1.
[2026-03-17 23:54:41] [TID:8392] START SD - Digital Workplace Security [PRD.7.1.001][PV1.0][DV2.0].docx
[2026-03-17 23:54:42] [TID:8392] Extracting HTML...
[2026-03-17 23:54:42] [TID:8392] ERROR SD - Digital Workplace Security [PRD.7.1.001][PV1.0][DV2.0].docx: Command '['C:\\Users\\koengo\\AppData\\Local\\Programs\\Python\\Python312\\python.exe', 'C:\\Users\\koengo\\OneDrive - Cegeka\\Documents\\Reusable Assets\\Products\\scripts\\extract_html.py', 'C:\\Users\\koengo\\Cegeka\\Product Management - Product Management Library\\Business Line - Digital Employee eXperience\\[7.1] Cegeka Digital Workplace Solutions\\[PRD.7.1.001] Digital Workplace Security\\SD - Digital Workplace Security [PRD.7.1.001][PV1.0][DV2.0].docx']' returned non-zero exit status 1.
[2026-03-18 00:02:06] [TID:4276] START SD - Digital Workplace Security [PRD.7.1.001][PV1.0][DV2.0].docx
[2026-03-18 00:02:07] [TID:4276] Extracting HTML...
[2026-03-18 00:02:07] [TID:4276] ERROR SD - Digital Workplace Security [PRD.7.1.001][PV1.0][DV2.0].docx: Command '['C:\\Users\\koengo\\AppData\\Local\\Programs\\Python\\Python312\\python.exe', 'C:\\Users\\koengo\\OneDrive - Cegeka\\Documents\\Reusable Assets\\Products\\scripts\\extract_html.py', 'C:\\Users\\koengo\\Cegeka\\Product Management - Product Management Library\\Business Line - Digital Employee eXperience\\[7.1] Cegeka Digital Workplace Solutions\\[PRD.7.1.001] Digital Workplace Security\\SD - Digital Workplace Security [PRD.7.1.001][PV1.0][DV2.0].docx']' returned non-zero exit status 1.
[2026-03-18 00:11:19] [TID:22472] START SD - Digital Workplace Security [PRD.7.1.001][PV1.0][DV2.0].docx
[2026-03-18 00:11:19] [TID:22472] Extracting HTML...
[2026-03-18 00:11:20] [TID:22472] ERROR SD - Digital Workplace Security [PRD.7.1.001][PV1.0][DV2.0].docx: Command '['C:\\Users\\koengo\\AppData\\Local\\Programs\\Python\\Python312\\python.exe', 'C:\\Users\\koengo\\OneDrive - Cegeka\\Documents\\Reusable Assets\\Products\\scripts\\extract_html.py', 'C:\\Users\\koengo\\Cegeka\\Product Management - Product Management Library\\Business Line - Digital Employee eXperience\\[7.1] Cegeka Digital Workplace Solutions\\[PRD.7.1.001] Digital Workplace Security\\SD - Digital Workplace Security [PRD.7.1.001][PV1.0][DV2.0].docx']' returned non-zero exit status 1.
[2026-03-18 00:24:40] [TID:14908] START SD - Digital Workplace Security [PRD.7.1.001][PV1.0][DV2.0].docx
[2026-03-18 00:24:40] [TID:14908] [DEBUG] Running step: extract_html
[2026-03-18 00:24:40] [TID:14908] [DEBUG] Command: ['C:\\Users\\koengo\\AppData\\Local\\Programs\\Python\\Python312\\python.exe', 'C:\\Users\\koengo\\OneDrive - Cegeka\\Documents\\Reusable Assets\\Products\\scripts\\extract_html.py', 'C:\\Users\\koengo\\Cegeka\\Product Management - Product Management Library\\Business Line - Digital Employee eXperience\\[7.1] Cegeka Digital Workplace Solutions\\[PRD.7.1.001] Digital Workplace Security\\SD - Digital Workplace Security [PRD.7.1.001][PV1.0][DV2.0].docx']
[2026-03-18 00:24:41] [TID:14908] [DEBUG][stderr] Traceback (most recent call last):
  File "C:\Users\koengo\OneDrive - Cegeka\Documents\Reusable Assets\Products\scripts\extract_html.py", line 12, in <module>
    with open(sd_file, "rb") as f:
         ^^^^^^^^^^^^^^^^^^^
FileNotFoundError: [Errno 2] No such file or directory: 'C:\\Users\\koengo\\Cegeka\\Product Management - Product Management Library\\Business Line - Digital Employee eXperience\\[7.1] Cegeka Digital Workplace Solutions\\[PRD.7.1.001] Digital Workplace Security\\SD - Digital Workplace Security [PRD.7.1.001][PV1.0][DV2.0].docx'

[2026-03-18 00:24:41] [TID:14908] ERROR SD - Digital Workplace Security [PRD.7.1.001][PV1.0][DV2.0].docx: [extract_html] FAILED with exit code 1
[2026-03-18 00:28:40] [TID:12148] START SD - Digital Workplace Security [PRD.7.1.001][PV1.0][DV2.0].docx
[2026-03-18 00:28:40] [TID:12148] [DEBUG] Running step: extract_html
[2026-03-18 00:28:40] [TID:12148] [DEBUG] Command: ['C:\\Users\\koengo\\AppData\\Local\\Programs\\Python\\Python312\\python.exe', 'C:\\Users\\koengo\\OneDrive - Cegeka\\Documents\\Reusable Assets\\Products\\scripts\\extract_html.py', 'C:\\Users\\koengo\\Cegeka\\Product Management - Product Management Library\\Business Line - Digital Employee eXperience\\[7.1] Cegeka Digital Workplace Solutions\\[PRD.7.1.001] Digital Workplace Security\\SD - Digital Workplace Security [PRD.7.1.001][PV1.0][DV2.0].docx']
[2026-03-18 00:28:41] [TID:12148] [DEBUG][stderr] Traceback (most recent call last):
  File "C:\Users\koengo\OneDrive - Cegeka\Documents\Reusable Assets\Products\scripts\extract_html.py", line 12, in <module>
    with open(sd_file, "rb") as f:
         ^^^^^^^^^^^^^^^^^^^
FileNotFoundError: [Errno 2] No such file or directory: 'C:\\Users\\koengo\\Cegeka\\Product Management - Product Management Library\\Business Line - Digital Employee eXperience\\[7.1] Cegeka Digital Workplace Solutions\\[PRD.7.1.001] Digital Workplace Security\\SD - Digital Workplace Security [PRD.7.1.001][PV1.0][DV2.0].docx'

[2026-03-18 00:28:41] [TID:12148] ERROR SD - Digital Workplace Security [PRD.7.1.001][PV1.0][DV2.0].docx: [extract_html] FAILED with exit code 1
[2026-03-18 00:39:41] [TID:3812] START SD - Digital Workplace Security [PRD.7.1.001][PV1.0][DV2.0].docx
[2026-03-18 00:39:41] [TID:3812] [DEBUG] Running step: extract_html
[2026-03-18 00:39:41] [TID:3812] [DEBUG] Command: ['C:\\Users\\koengo\\AppData\\Local\\Programs\\Python\\Python312\\python.exe', 'C:\\Users\\koengo\\OneDrive - Cegeka\\Documents\\Reusable Assets\\Products\\scripts\\extract_html.py', 'C:\\Users\\koengo\\Cegeka\\Product Management - Product Management Library\\Business Line - Digital Employee eXperience\\[7.1] Cegeka Digital Workplace Solutions\\[PRD.7.1.001] Digital Workplace Security\\SD - Digital Workplace Security [PRD.7.1.001][PV1.0][DV2.0].docx']
[2026-03-18 00:39:42] [TID:3812] [DEBUG][stderr] Traceback (most recent call last):
  File "C:\Users\koengo\OneDrive - Cegeka\Documents\Reusable Assets\Products\scripts\extract_html.py", line 12, in <module>
    with open(sd_file, "rb") as f:
         ^^^^^^^^^^^^^^^^^^^
FileNotFoundError: [Errno 2] No such file or directory: 'C:\\Users\\koengo\\Cegeka\\Product Management - Product Management Library\\Business Line - Digital Employee eXperience\\[7.1] Cegeka Digital Workplace Solutions\\[PRD.7.1.001] Digital Workplace Security\\SD - Digital Workplace Security [PRD.7.1.001][PV1.0][DV2.0].docx'

[2026-03-18 00:39:42] [TID:3812] ERROR SD - Digital Workplace Security [PRD.7.1.001][PV1.0][DV2.0].docx: [extract_html] FAILED with exit code 1
[2026-03-18 00:51:58] [TID:18100] START SD - Digital Workplace Security [PRD.7.1.001][PV1.0][DV2.0].docx
[2026-03-18 00:51:58] [TID:18100] [DEBUG] Running step: extract_html
[2026-03-18 00:51:58] [TID:18100] [DEBUG] Command: ['C:\\Users\\koengo\\AppData\\Local\\Programs\\Python\\Python312\\python.exe', 'C:\\Users\\koengo\\OneDrive - Cegeka\\Documents\\Reusable Assets\\Products\\scripts\\extract_html.py', 'C:\\Users\\koengo\\Cegeka\\Product Management - Product Management Library\\Business Line - Digital Employee eXperience\\[7.1] Cegeka Digital Workplace Solutions\\[PRD.7.1.001] Digital Workplace Security\\SD - Digital Workplace Security [PRD.7.1.001][PV1.0][DV2.0].docx']
[2026-03-18 00:51:58] [TID:18100] [DEBUG][stdout] EXTRACT ERROR: [Errno 2] No such file or directory: 'C:\\Users\\koengo\\Cegeka\\Product Management - Product Management Library\\Business Line - Digital Employee eXperience\\[7.1] Cegeka Digital Workplace Solutions\\[PRD.7.1.001] Digital Workplace Security\\SD - Digital Workplace Security [PRD.7.1.001][PV1.0][DV2.0].docx'

[2026-03-18 00:51:58] [TID:18100] ERROR SD - Digital Workplace Security [PRD.7.1.001][PV1.0][DV2.0].docx: [extract_html] FAILED with exit code 1
[2026-03-18 01:01:16] [TID:28604] START SD - Digital Workplace Security [PRD.7.1.001][PV1.0][DV2.0].docx
[2026-03-18 01:01:16] [TID:28604] [DEBUG] Running step: extract_html
[2026-03-18 01:01:16] [TID:28604] [DEBUG] Command: ['C:\\Users\\koengo\\AppData\\Local\\Programs\\Python\\Python312\\python.exe', 'C:\\Users\\koengo\\OneDrive - Cegeka\\Documents\\Reusable Assets\\Products\\scripts\\extract_html.py', 'C:\\Users\\koengo\\Cegeka\\Product Management - Product Management Library\\Business Line - Digital Employee eXperience\\[7.1] Cegeka Digital Workplace Solutions\\[PRD.7.1.001] Digital Workplace Security\\SD - Digital Workplace Security [PRD.7.1.001][PV1.0][DV2.0].docx']
[2026-03-18 01:01:16] [TID:28604] [DEBUG][stdout] EXTRACT ERROR: [Errno 2] No such file or directory: 'C:\\Users\\koengo\\Cegeka\\Product Management - Product Management Library\\Business Line - Digital Employee eXperience\\[7.1] Cegeka Digital Workplace Solutions\\[PRD.7.1.001] Digital Workplace Security\\SD - Digital Workplace Security [PRD.7.1.001][PV1.0][DV2.0].docx'

[2026-03-18 01:01:16] [TID:28604] ERROR SD - Digital Workplace Security [PRD.7.1.001][PV1.0][DV2.0].docx: [extract_html] FAILED with exit code 1
[2026-03-18 01:16:51] [TID:28776] START SD - Digital Workplace Security [PRD.7.1.001][PV1.0][DV2.0].docx
[2026-03-18 01:16:52] [TID:28776] [DEBUG] Running step: extract_html
[2026-03-18 01:16:52] [TID:28776] [DEBUG] Command: ['C:\\Users\\koengo\\AppData\\Local\\Programs\\Python\\Python312\\python.exe', 'C:\\Users\\koengo\\OneDrive - Cegeka\\Documents\\Reusable Assets\\Products\\scripts\\extract_html.py', 'C:\\Users\\koengo\\Cegeka\\Product Management - Product Management Library\\Business Line - Digital Employee eXperience\\[7.1] Cegeka Digital Workplace Solutions\\[PRD.7.1.001] Digital Workplace Security\\SD - Digital Workplace Security [PRD.7.1.001][PV1.0][DV2.0].docx']
[2026-03-18 01:16:52] [TID:28776] [DEBUG][stdout] EXTRACT ERROR: [Errno 2] No such file or directory: 'C:\\Users\\koengo\\Cegeka\\Product Management - Product Management Library\\Business Line - Digital Employee eXperience\\[7.1] Cegeka Digital Workplace Solutions\\[PRD.7.1.001] Digital Workplace Security\\SD - Digital Workplace Security [PRD.7.1.001][PV1.0][DV2.0].docx'

[2026-03-18 01:16:52] [TID:28776] ERROR SD - Digital Workplace Security [PRD.7.1.001][PV1.0][DV2.0].docx: [extract_html] FAILED with exit code 1
[2026-03-18 01:30:48] [TID:25364] START SD - Digital Workplace Security [PRD.7.1.001][PV1.0][DV2.0].docx
[2026-03-18 01:30:48] [TID:25364] [DEBUG] Running step: extract_html
[2026-03-18 01:30:48] [TID:25364] [DEBUG] Command: ['C:\\Users\\koengo\\AppData\\Local\\Programs\\Python\\Python312\\python.exe', 'C:\\Users\\koengo\\OneDrive - Cegeka\\Documents\\Reusable Assets\\Products\\scripts\\extract_html.py', 'C:\\Users\\koengo\\Cegeka\\Product Management - Product Management Library\\Business Line - Digital Employee eXperience\\[7.1] Cegeka Digital Workplace Solutions\\[PRD.7.1.001] Digital Workplace Security\\SD - Digital Workplace Security [PRD.7.1.001][PV1.0][DV2.0].docx']
[2026-03-18 01:30:48] [TID:25364] [DEBUG][stderr]   File "C:\Users\koengo\OneDrive - Cegeka\Documents\Reusable Assets\Products\scripts\extract_html.py", line 31
    ``
    ^
SyntaxError: invalid syntax

[2026-03-18 01:30:48] [TID:25364] ERROR SD - Digital Workplace Security [PRD.7.1.001][PV1.0][DV2.0].docx: [extract_html] FAILED with exit code 1
[2026-03-18 01:33:10] [TID:19504] START SD - Digital Workplace Security [PRD.7.1.001][PV1.0][DV2.0].docx
[2026-03-18 01:33:10] [TID:19504] [DEBUG] Running step: extract_html
[2026-03-18 01:33:10] [TID:19504] [DEBUG] Command: ['C:\\Users\\koengo\\AppData\\Local\\Programs\\Python\\Python312\\python.exe', 'C:\\Users\\koengo\\OneDrive - Cegeka\\Documents\\Reusable Assets\\Products\\scripts\\extract_html.py', 'C:\\Users\\koengo\\Cegeka\\Product Management - Product Management Library\\Business Line - Digital Employee eXperience\\[7.1] Cegeka Digital Workplace Solutions\\[PRD.7.1.001] Digital Workplace Security\\SD - Digital Workplace Security [PRD.7.1.001][PV1.0][DV2.0].docx']
[2026-03-18 01:33:11] [TID:19504] [DEBUG][stdout] EXTRACT ERROR: [Errno 2] No such file or directory: 'C:\\Users\\koengo\\Cegeka\\Product Management - Product Management Library\\Business Line - Digital Employee eXperience\\[7.1] Cegeka Digital Workplace Solutions\\[PRD.7.1.001] Digital Workplace Security\\SD - Digital Workplace Security [PRD.7.1.001][PV1.0][DV2.0].docx'

[2026-03-18 01:33:11] [TID:19504] ERROR SD - Digital Workplace Security [PRD.7.1.001][PV1.0][DV2.0].docx: [extract_html] FAILED with exit code 1
[2026-03-18 01:40:21] [TID:28640] START SD - Digital Workplace Security [PRD.7.1.001][PV1.0][DV2.0].docx
[2026-03-18 01:40:21] [TID:28640] [DEBUG] Running step: extract_html
[2026-03-18 01:40:21] [TID:28640] [DEBUG] Command: ['C:\\Users\\koengo\\AppData\\Local\\Programs\\Python\\Python312\\python.exe', 'C:\\Users\\koengo\\OneDrive - Cegeka\\Documents\\Reusable Assets\\Products\\scripts\\extract_html.py', 'C:\\Users\\koengo\\Cegeka\\Product Management - Product Management Library\\Business Line - Digital Employee eXperience\\[7.1] Cegeka Digital Workplace Solutions\\[PRD.7.1.001] Digital Workplace Security\\SD - Digital Workplace Security [PRD.7.1.001][PV1.0][DV2.0].docx']
[2026-03-18 01:40:21] [TID:28640] [DEBUG][stdout] EXTRACT ERROR: [Errno 2] No such file or directory: 'C:\\Users\\koengo\\Cegeka\\Product Management - Product Management Library\\Business Line - Digital Employee eXperience\\[7.1] Cegeka Digital Workplace Solutions\\[PRD.7.1.001] Digital Workplace Security\\SD - Digital Workplace Security [PRD.7.1.001][PV1.0][DV2.0].docx'

[2026-03-18 01:40:21] [TID:28640] ERROR SD - Digital Workplace Security [PRD.7.1.001][PV1.0][DV2.0].docx: [extract_html] FAILED with exit code 1
