[2026-03-18 14:28:10] START extract_html for: C:\Users\koengo\Cegeka\Product Management - Product Management Library\Practice - Enabling Services\[9.L] Processes\[PRD.9.L.116] Connection KIT\SD - Connection Kit [PRD.9.L.116][PV0.8][DV1.0].docx
[2026-03-18 14:28:11] HTML saved: extracted_html\SD - Connection Kit [PRD.9.L.116][PV0.8][DV1.0].html
[2026-03-18 14:28:11] extract_html OK
[2026-03-18 14:28:11] START parse_html for: extracted_html\SD - Connection Kit [PRD.9.L.116][PV0.8][DV1.0].html
[2026-03-18 14:28:11] PARSE OK → output\json\SD - Connection Kit [PRD.9.L.116][PV0.8][DV1.0].json
[2026-03-18 14:49:51] START PIPELINE for C:\Users\koengo\Cegeka\Product Management - Product Management Library\Practice - Enabling Services\[9.L] Processes\[PRD.9.L.116] Connection KIT\SD - Connection Kit [PRD.9.L.116][PV0.8][DV1.0].docx
[2026-03-18 14:49:51] RUN extract_html.py -> C:\Users\koengo\Cegeka\Product Management - Product Management Library\Practice - Enabling Services\[9.L] Processes\[PRD.9.L.116] Connection KIT\SD - Connection Kit [PRD.9.L.116][PV0.8][DV1.0].docx
[2026-03-18 14:49:51] START extract_html for: C:\Users\koengo\Cegeka\Product Management - Product Management Library\Practice - Enabling Services\[9.L] Processes\[PRD.9.L.116] Connection KIT\SD - Connection Kit [PRD.9.L.116][PV0.8][DV1.0].docx
[2026-03-18 14:49:51] HTML saved: extracted_html\SD - Connection Kit [PRD.9.L.116][PV0.8][DV1.0].html
[2026-03-18 14:49:51] extract_html OK
[2026-03-18 14:49:51] RUN parse_html_sections.py -> C:\Users\koengo\OneDrive - Cegeka\Documents\Reusable Assets\Products\extracted_html\SD - Connection Kit [PRD.9.L.116][PV0.8][DV1.0].html
[2026-03-18 14:49:52] START parse_html for: C:\Users\koengo\OneDrive - Cegeka\Documents\Reusable Assets\Products\extracted_html\SD - Connection Kit [PRD.9.L.116][PV0.8][DV1.0].html
[2026-03-18 14:49:52] PARSE OK → output\json\SD - Connection Kit [PRD.9.L.116][PV0.8][DV1.0].json
[2026-03-18 14:49:52] RUN auto_map_sections.py -> C:\Users\koengo\OneDrive - Cegeka\Documents\Reusable Assets\Products\output\json\SD - Connection Kit [PRD.9.L.116][PV0.8][DV1.0].json
[2026-03-18 14:49:52] START auto_map for: C:\Users\koengo\OneDrive - Cegeka\Documents\Reusable Assets\Products\output\json\SD - Connection Kit [PRD.9.L.116][PV0.8][DV1.0].json
[2026-03-18 14:49:52] auto_map OK → output\mapped\SD - Connection Kit [PRD.9.L.116][PV0.8][DV1.0]_mapped.json
[2026-03-18 14:49:52] JSON->XML OK -> C:\Users\koengo\OneDrive - Cegeka\Documents\Reusable Assets\Products\output\xml\SD - Connection Kit [PRD.9.L.116][PV0.8][DV1.0]_mapped.xml
[2026-03-18 14:49:52] RUN xml_to_docx.py -> C:\Users\koengo\OneDrive - Cegeka\Documents\Reusable Assets\Products\output\xml\SD - Connection Kit [PRD.9.L.116][PV0.8][DV1.0]_mapped.xml
[2026-03-18 14:49:52] PIPELINE OK
[2026-03-18 15:03:38] START PIPELINE for C:\Users\koengo\Cegeka\Product Management - Product Management Library\Practice - Enabling Services\[9.L] Processes\[PRD.9.L.116] Connection KIT\SD - Connection Kit [PRD.9.L.116][PV0.8][DV1.0].docx
[2026-03-18 15:03:38] RUN extract_html.py -> C:\Users\koengo\Cegeka\Product Management - Product Management Library\Practice - Enabling Services\[9.L] Processes\[PRD.9.L.116] Connection KIT\SD - Connection Kit [PRD.9.L.116][PV0.8][DV1.0].docx
[2026-03-18 15:03:39] START extract_html for: C:\Users\koengo\Cegeka\Product Management - Product Management Library\Practice - Enabling Services\[9.L] Processes\[PRD.9.L.116] Connection KIT\SD - Connection Kit [PRD.9.L.116][PV0.8][DV1.0].docx
[2026-03-18 15:03:39] HTML saved: extracted_html\SD - Connection Kit [PRD.9.L.116][PV0.8][DV1.0].html
[2026-03-18 15:03:39] extract_html OK
[2026-03-18 15:03:39] RUN parse_html_sections.py -> C:\Users\koengo\OneDrive - Cegeka\Documents\Reusable Assets\Products\extracted_html\SD - Connection Kit [PRD.9.L.116][PV0.8][DV1.0].html
[2026-03-18 15:03:39] START parse_html for: C:\Users\koengo\OneDrive - Cegeka\Documents\Reusable Assets\Products\extracted_html\SD - Connection Kit [PRD.9.L.116][PV0.8][DV1.0].html
[2026-03-18 15:03:39] PARSE OK → output\json\SD - Connection Kit [PRD.9.L.116][PV0.8][DV1.0].json
[2026-03-18 15:03:39] RUN auto_map_sections.py -> C:\Users\koengo\OneDrive - Cegeka\Documents\Reusable Assets\Products\output\json\SD - Connection Kit [PRD.9.L.116][PV0.8][DV1.0].json
[2026-03-18 15:03:39] START auto_map for: C:\Users\koengo\OneDrive - Cegeka\Documents\Reusable Assets\Products\output\json\SD - Connection Kit [PRD.9.L.116][PV0.8][DV1.0].json
[2026-03-18 15:03:39] auto_map OK → output\mapped\SD - Connection Kit [PRD.9.L.116][PV0.8][DV1.0]_mapped.json
[2026-03-18 15:03:39] JSON->XML OK -> C:\Users\koengo\OneDrive - Cegeka\Documents\Reusable Assets\Products\output\xml\SD - Connection Kit [PRD.9.L.116][PV0.8][DV1.0]_mapped.xml
[2026-03-18 15:03:39] RUN xml_to_docx.py -> C:\Users\koengo\OneDrive - Cegeka\Documents\Reusable Assets\Products\output\xml\SD - Connection Kit [PRD.9.L.116][PV0.8][DV1.0]_mapped.xml
[2026-03-18 15:03:40] PIPELINE OK
