[2026-03-18 14:27:53] START extract_html for: C:\Users\koengo\Cegeka\Product Management - Product Management Library\Business Line - Cloud and Digital Platforms\[0.4] Cegeka Oracle Cloud Services & Solutions\[PRD.0.4.002] Cegeka ExaCC Services\SD - Cegeka ExaCC Services [PRD.0.4.002][PV1.0][DV1.0].docx
[2026-03-18 14:27:54] HTML saved: extracted_html\SD - Cegeka ExaCC Services [PRD.0.4.002][PV1.0][DV1.0].html
[2026-03-18 14:27:54] extract_html OK
[2026-03-18 14:27:54] START parse_html for: extracted_html\SD - Cegeka ExaCC Services [PRD.0.4.002][PV1.0][DV1.0].html
[2026-03-18 14:27:55] PARSE OK → output\json\SD - Cegeka ExaCC Services [PRD.0.4.002][PV1.0][DV1.0].json
[2026-03-18 14:42:03] START PIPELINE for C:\Users\koengo\Cegeka\Product Management - Product Management Library\Business Line - Cloud and Digital Platforms\[0.4] Cegeka Oracle Cloud Services & Solutions\[PRD.0.4.002] Cegeka ExaCC Services\SD - Cegeka ExaCC Services [PRD.0.4.002][PV1.0][DV1.0].docx
[2026-03-18 14:42:03] RUN extract_html.py -> C:\Users\koengo\Cegeka\Product Management - Product Management Library\Business Line - Cloud and Digital Platforms\[0.4] Cegeka Oracle Cloud Services & Solutions\[PRD.0.4.002] Cegeka ExaCC Services\SD - Cegeka ExaCC Services [PRD.0.4.002][PV1.0][DV1.0].docx
[2026-03-18 14:42:04] START extract_html for: C:\Users\koengo\Cegeka\Product Management - Product Management Library\Business Line - Cloud and Digital Platforms\[0.4] Cegeka Oracle Cloud Services & Solutions\[PRD.0.4.002] Cegeka ExaCC Services\SD - Cegeka ExaCC Services [PRD.0.4.002][PV1.0][DV1.0].docx
[2026-03-18 14:42:04] HTML saved: extracted_html\SD - Cegeka ExaCC Services [PRD.0.4.002][PV1.0][DV1.0].html
[2026-03-18 14:42:04] extract_html OK
[2026-03-18 14:42:04] RUN parse_html_sections.py -> C:\Users\koengo\OneDrive - Cegeka\Documents\Reusable Assets\Products\extracted_html\SD - Cegeka ExaCC Services [PRD.0.4.002][PV1.0][DV1.0].html
[2026-03-18 14:42:04] START parse_html for: C:\Users\koengo\OneDrive - Cegeka\Documents\Reusable Assets\Products\extracted_html\SD - Cegeka ExaCC Services [PRD.0.4.002][PV1.0][DV1.0].html
[2026-03-18 14:42:05] PARSE OK → output\json\SD - Cegeka ExaCC Services [PRD.0.4.002][PV1.0][DV1.0].json
[2026-03-18 14:42:05] RUN auto_map_sections.py -> C:\Users\koengo\OneDrive - Cegeka\Documents\Reusable Assets\Products\output\json\SD - Cegeka ExaCC Services [PRD.0.4.002][PV1.0][DV1.0].json
[2026-03-18 14:42:05] START auto_map for: C:\Users\koengo\OneDrive - Cegeka\Documents\Reusable Assets\Products\output\json\SD - Cegeka ExaCC Services [PRD.0.4.002][PV1.0][DV1.0].json
[2026-03-18 14:42:05] auto_map OK → output\mapped\SD - Cegeka ExaCC Services [PRD.0.4.002][PV1.0][DV1.0]_mapped.json
[2026-03-18 14:42:05] JSON->XML OK -> C:\Users\koengo\OneDrive - Cegeka\Documents\Reusable Assets\Products\output\xml\SD - Cegeka ExaCC Services [PRD.0.4.002][PV1.0][DV1.0]_mapped.xml
[2026-03-18 14:42:05] RUN xml_to_docx.py -> C:\Users\koengo\OneDrive - Cegeka\Documents\Reusable Assets\Products\output\xml\SD - Cegeka ExaCC Services [PRD.0.4.002][PV1.0][DV1.0]_mapped.xml
[2026-03-18 14:42:05] PIPELINE OK
[2026-03-18 14:47:49] START PIPELINE for C:\Users\koengo\Cegeka\Product Management - Product Management Library\Business Line - Cloud and Digital Platforms\[0.4] Cegeka Oracle Cloud Services & Solutions\[PRD.0.4.002] Cegeka ExaCC Services\SD - Cegeka ExaCC Services [PRD.0.4.002][PV1.0][DV1.0].docx
[2026-03-18 14:47:49] RUN extract_html.py -> C:\Users\koengo\Cegeka\Product Management - Product Management Library\Business Line - Cloud and Digital Platforms\[0.4] Cegeka Oracle Cloud Services & Solutions\[PRD.0.4.002] Cegeka ExaCC Services\SD - Cegeka ExaCC Services [PRD.0.4.002][PV1.0][DV1.0].docx
[2026-03-18 14:47:49] START extract_html for: C:\Users\koengo\Cegeka\Product Management - Product Management Library\Business Line - Cloud and Digital Platforms\[0.4] Cegeka Oracle Cloud Services & Solutions\[PRD.0.4.002] Cegeka ExaCC Services\SD - Cegeka ExaCC Services [PRD.0.4.002][PV1.0][DV1.0].docx
[2026-03-18 14:47:50] HTML saved: extracted_html\SD - Cegeka ExaCC Services [PRD.0.4.002][PV1.0][DV1.0].html
[2026-03-18 14:47:50] extract_html OK
[2026-03-18 14:47:50] RUN parse_html_sections.py -> C:\Users\koengo\OneDrive - Cegeka\Documents\Reusable Assets\Products\extracted_html\SD - Cegeka ExaCC Services [PRD.0.4.002][PV1.0][DV1.0].html
[2026-03-18 14:47:50] START parse_html for: C:\Users\koengo\OneDrive - Cegeka\Documents\Reusable Assets\Products\extracted_html\SD - Cegeka ExaCC Services [PRD.0.4.002][PV1.0][DV1.0].html
[2026-03-18 14:47:50] PARSE OK → output\json\SD - Cegeka ExaCC Services [PRD.0.4.002][PV1.0][DV1.0].json
[2026-03-18 14:47:50] RUN auto_map_sections.py -> C:\Users\koengo\OneDrive - Cegeka\Documents\Reusable Assets\Products\output\json\SD - Cegeka ExaCC Services [PRD.0.4.002][PV1.0][DV1.0].json
[2026-03-18 14:47:51] START auto_map for: C:\Users\koengo\OneDrive - Cegeka\Documents\Reusable Assets\Products\output\json\SD - Cegeka ExaCC Services [PRD.0.4.002][PV1.0][DV1.0].json
[2026-03-18 14:47:51] auto_map OK → output\mapped\SD - Cegeka ExaCC Services [PRD.0.4.002][PV1.0][DV1.0]_mapped.json
[2026-03-18 14:47:51] JSON->XML OK -> C:\Users\koengo\OneDrive - Cegeka\Documents\Reusable Assets\Products\output\xml\SD - Cegeka ExaCC Services [PRD.0.4.002][PV1.0][DV1.0]_mapped.xml
[2026-03-18 14:47:51] RUN xml_to_docx.py -> C:\Users\koengo\OneDrive - Cegeka\Documents\Reusable Assets\Products\output\xml\SD - Cegeka ExaCC Services [PRD.0.4.002][PV1.0][DV1.0]_mapped.xml
[2026-03-18 14:47:51] PIPELINE OK
[2026-03-18 15:01:39] START PIPELINE for C:\Users\koengo\Cegeka\Product Management - Product Management Library\Business Line - Cloud and Digital Platforms\[0.4] Cegeka Oracle Cloud Services & Solutions\[PRD.0.4.002] Cegeka ExaCC Services\SD - Cegeka ExaCC Services [PRD.0.4.002][PV1.0][DV1.0].docx
[2026-03-18 15:01:39] RUN extract_html.py -> C:\Users\koengo\Cegeka\Product Management - Product Management Library\Business Line - Cloud and Digital Platforms\[0.4] Cegeka Oracle Cloud Services & Solutions\[PRD.0.4.002] Cegeka ExaCC Services\SD - Cegeka ExaCC Services [PRD.0.4.002][PV1.0][DV1.0].docx
[2026-03-18 15:01:39] START extract_html for: C:\Users\koengo\Cegeka\Product Management - Product Management Library\Business Line - Cloud and Digital Platforms\[0.4] Cegeka Oracle Cloud Services & Solutions\[PRD.0.4.002] Cegeka ExaCC Services\SD - Cegeka ExaCC Services [PRD.0.4.002][PV1.0][DV1.0].docx
[2026-03-18 15:01:39] HTML saved: extracted_html\SD - Cegeka ExaCC Services [PRD.0.4.002][PV1.0][DV1.0].html
[2026-03-18 15:01:39] extract_html OK
[2026-03-18 15:01:39] RUN parse_html_sections.py -> C:\Users\koengo\OneDrive - Cegeka\Documents\Reusable Assets\Products\extracted_html\SD - Cegeka ExaCC Services [PRD.0.4.002][PV1.0][DV1.0].html
[2026-03-18 15:01:40] START parse_html for: C:\Users\koengo\OneDrive - Cegeka\Documents\Reusable Assets\Products\extracted_html\SD - Cegeka ExaCC Services [PRD.0.4.002][PV1.0][DV1.0].html
[2026-03-18 15:01:40] PARSE OK → output\json\SD - Cegeka ExaCC Services [PRD.0.4.002][PV1.0][DV1.0].json
[2026-03-18 15:01:40] RUN auto_map_sections.py -> C:\Users\koengo\OneDrive - Cegeka\Documents\Reusable Assets\Products\output\json\SD - Cegeka ExaCC Services [PRD.0.4.002][PV1.0][DV1.0].json
[2026-03-18 15:01:40] START auto_map for: C:\Users\koengo\OneDrive - Cegeka\Documents\Reusable Assets\Products\output\json\SD - Cegeka ExaCC Services [PRD.0.4.002][PV1.0][DV1.0].json
[2026-03-18 15:01:40] auto_map OK → output\mapped\SD - Cegeka ExaCC Services [PRD.0.4.002][PV1.0][DV1.0]_mapped.json
[2026-03-18 15:01:40] JSON->XML OK -> C:\Users\koengo\OneDrive - Cegeka\Documents\Reusable Assets\Products\output\xml\SD - Cegeka ExaCC Services [PRD.0.4.002][PV1.0][DV1.0]_mapped.xml
[2026-03-18 15:01:40] RUN xml_to_docx.py -> C:\Users\koengo\OneDrive - Cegeka\Documents\Reusable Assets\Products\output\xml\SD - Cegeka ExaCC Services [PRD.0.4.002][PV1.0][DV1.0]_mapped.xml
[2026-03-18 15:01:41] PIPELINE OK
