[2026-03-18 14:43:11] START xml_to_docx_v3_fixed for: C:\Users\koengo\OneDrive - Cegeka\Documents\Reusable Assets\Products\output\xml\SD - Technical Database management Microsoft SQL [PRD.0.L.129][PV0.8][DV1.1]_mapped.xml
[2026-03-18 14:43:11] Filled SDT 'PRODUCT_SUMMARY' with XML section 'Service identification'
[2026-03-18 14:43:11] Filled SDT 'SCOPE' with XML section 'Out of scope'
[2026-03-18 14:43:11] Filled SDT 'PRODUCT_SUMMARY' with XML section 'Service delivery location'
[2026-03-18 14:43:11] Filled SDT 'PRODUCT_SUMMARY' with XML section 'Service Reporting'
[2026-03-18 14:43:11] Filled SDT 'PRODUCT_SUMMARY' with XML section 'Service Window'
[2026-03-18 14:43:11] Filled SDT 'SLA_KPI' with XML section 'Service Level'
[2026-03-18 14:43:11] TOTAL SDT FIELDS FILLED: 6
[2026-03-18 14:43:11] XML→DOCX OK → output\docx\SD - Technical Database management Microsoft SQL [PRD.0.L.129][PV0.8][DV1.1]_mapped_FINAL.docx
[2026-03-18 14:48:44] START xml_to_docx_v3_fixed for: C:\Users\koengo\OneDrive - Cegeka\Documents\Reusable Assets\Products\output\xml\SD - Technical Database management Microsoft SQL [PRD.0.L.129][PV0.8][DV1.1]_mapped.xml
[2026-03-18 14:48:44] Filled SDT 'PRODUCT_SUMMARY' with XML section 'Service identification'
[2026-03-18 14:48:44] Filled SDT 'SCOPE' with XML section 'Out of scope'
[2026-03-18 14:48:44] Filled SDT 'PRODUCT_SUMMARY' with XML section 'Service delivery location'
[2026-03-18 14:48:44] Filled SDT 'PRODUCT_SUMMARY' with XML section 'Service Reporting'
[2026-03-18 14:48:44] Filled SDT 'PRODUCT_SUMMARY' with XML section 'Service Window'
[2026-03-18 14:48:44] Filled SDT 'SLA_KPI' with XML section 'Service Level'
[2026-03-18 14:48:44] TOTAL SDT FIELDS FILLED: 6
[2026-03-18 14:48:44] XML→DOCX OK → output\docx\SD - Technical Database management Microsoft SQL [PRD.0.L.129][PV0.8][DV1.1]_mapped_FINAL.docx
[2026-03-18 15:02:32] START xml_to_docx_v3_fixed for: C:\Users\koengo\OneDrive - Cegeka\Documents\Reusable Assets\Products\output\xml\SD - Technical Database management Microsoft SQL [PRD.0.L.129][PV0.8][DV1.1]_mapped.xml
[2026-03-18 15:02:32] Filled SDT 'PRODUCT_SUMMARY' with XML section 'Service identification'
[2026-03-18 15:02:32] Filled SDT 'SCOPE' with XML section 'Out of scope'
[2026-03-18 15:02:32] Filled SDT 'PRODUCT_SUMMARY' with XML section 'Service delivery location'
[2026-03-18 15:02:32] Filled SDT 'PRODUCT_SUMMARY' with XML section 'Service Reporting'
[2026-03-18 15:02:32] Filled SDT 'PRODUCT_SUMMARY' with XML section 'Service Window'
[2026-03-18 15:02:32] Filled SDT 'SLA_KPI' with XML section 'Service Level'
[2026-03-18 15:02:32] TOTAL SDT FIELDS FILLED: 6
[2026-03-18 15:02:32] XML→DOCX OK → output\docx\SD - Technical Database management Microsoft SQL [PRD.0.L.129][PV0.8][DV1.1]_mapped_FINAL.docx
