[2026-03-17 23:34:11] [TID:1284] Start processing SD: SD - My Prints (Traditional Print Service) [PRD.7.3.002][PV0.8][DV1.0].docx
[2026-03-17 23:34:11] [TID:1284] Extracting HTML...
[2026-03-17 23:34:12] [TID:1284] ERROR SD - My Prints (Traditional Print Service) [PRD.7.3.002][PV0.8][DV1.0].docx: Command '['C:\\Users\\koengo\\AppData\\Local\\Programs\\Python\\Python312\\python.exe', 'C:\\Users\\koengo\\OneDrive - Cegeka\\Documents\\Reusable Assets\\Products\\scripts\\extract_html.py', 'C:\\Users\\koengo\\Cegeka\\Product Management - Product Management Library\\Business Line - Digital Employee eXperience\\[7.L] Outsourcing Services\\SD - My Prints (Traditional Print Service) [PRD.7.3.002][PV0.8][DV1.0].docx']' returned non-zero exit status 1.
[2026-03-17 23:39:32] [TID:19068] START SD - My Prints (Traditional Print Service) [PRD.7.3.002][PV0.8][DV1.0].docx
[2026-03-17 23:39:32] [TID:19068] Extracting HTML...
[2026-03-17 23:39:33] [TID:19068] ERROR SD - My Prints (Traditional Print Service) [PRD.7.3.002][PV0.8][DV1.0].docx: Command '['C:\\Users\\koengo\\AppData\\Local\\Programs\\Python\\Python312\\python.exe', 'C:\\Users\\koengo\\OneDrive - Cegeka\\Documents\\Reusable Assets\\Products\\scripts\\extract_html.py', 'C:\\Users\\koengo\\Cegeka\\Product Management - Product Management Library\\Business Line - Digital Employee eXperience\\[7.L] Outsourcing Services\\SD - My Prints (Traditional Print Service) [PRD.7.3.002][PV0.8][DV1.0].docx']' returned non-zero exit status 1.
[2026-03-17 23:44:44] [TID:26032] START SD - My Prints (Traditional Print Service) [PRD.7.3.002][PV0.8][DV1.0].docx
[2026-03-17 23:44:44] [TID:26032] Extracting HTML...
[2026-03-17 23:44:44] [TID:26032] ERROR SD - My Prints (Traditional Print Service) [PRD.7.3.002][PV0.8][DV1.0].docx: Command '['C:\\Users\\koengo\\AppData\\Local\\Programs\\Python\\Python312\\python.exe', 'C:\\Users\\koengo\\OneDrive - Cegeka\\Documents\\Reusable Assets\\Products\\scripts\\extract_html.py', 'C:\\Users\\koengo\\Cegeka\\Product Management - Product Management Library\\Business Line - Digital Employee eXperience\\[7.L] Outsourcing Services\\SD - My Prints (Traditional Print Service) [PRD.7.3.002][PV0.8][DV1.0].docx']' returned non-zero exit status 1.
[2026-03-17 23:47:11] [TID:3024] START SD - My Prints (Traditional Print Service) [PRD.7.3.002][PV0.8][DV1.0].docx
[2026-03-17 23:47:12] [TID:3024] Extracting HTML...
[2026-03-17 23:47:12] [TID:3024] ERROR SD - My Prints (Traditional Print Service) [PRD.7.3.002][PV0.8][DV1.0].docx: Command '['C:\\Users\\koengo\\AppData\\Local\\Programs\\Python\\Python312\\python.exe', 'C:\\Users\\koengo\\OneDrive - Cegeka\\Documents\\Reusable Assets\\Products\\scripts\\extract_html.py', 'C:\\Users\\koengo\\Cegeka\\Product Management - Product Management Library\\Business Line - Digital Employee eXperience\\[7.L] Outsourcing Services\\SD - My Prints (Traditional Print Service) [PRD.7.3.002][PV0.8][DV1.0].docx']' returned non-zero exit status 1.
[2026-03-17 23:54:41] [TID:20428] START SD - My Prints (Traditional Print Service) [PRD.7.3.002][PV0.8][DV1.0].docx
[2026-03-17 23:54:41] [TID:20428] Extracting HTML...
[2026-03-17 23:54:42] [TID:20428] ERROR SD - My Prints (Traditional Print Service) [PRD.7.3.002][PV0.8][DV1.0].docx: Command '['C:\\Users\\koengo\\AppData\\Local\\Programs\\Python\\Python312\\python.exe', 'C:\\Users\\koengo\\OneDrive - Cegeka\\Documents\\Reusable Assets\\Products\\scripts\\extract_html.py', 'C:\\Users\\koengo\\Cegeka\\Product Management - Product Management Library\\Business Line - Digital Employee eXperience\\[7.L] Outsourcing Services\\SD - My Prints (Traditional Print Service) [PRD.7.3.002][PV0.8][DV1.0].docx']' returned non-zero exit status 1.
[2026-03-18 00:02:06] [TID:22876] START SD - My Prints (Traditional Print Service) [PRD.7.3.002][PV0.8][DV1.0].docx
[2026-03-18 00:02:06] [TID:22876] Extracting HTML...
[2026-03-18 00:02:07] [TID:22876] ERROR SD - My Prints (Traditional Print Service) [PRD.7.3.002][PV0.8][DV1.0].docx: Command '['C:\\Users\\koengo\\AppData\\Local\\Programs\\Python\\Python312\\python.exe', 'C:\\Users\\koengo\\OneDrive - Cegeka\\Documents\\Reusable Assets\\Products\\scripts\\extract_html.py', 'C:\\Users\\koengo\\Cegeka\\Product Management - Product Management Library\\Business Line - Digital Employee eXperience\\[7.L] Outsourcing Services\\SD - My Prints (Traditional Print Service) [PRD.7.3.002][PV0.8][DV1.0].docx']' returned non-zero exit status 1.
[2026-03-18 00:11:19] [TID:5760] START SD - My Prints (Traditional Print Service) [PRD.7.3.002][PV0.8][DV1.0].docx
[2026-03-18 00:11:19] [TID:5760] Extracting HTML...
[2026-03-18 00:11:19] [TID:5760] ERROR SD - My Prints (Traditional Print Service) [PRD.7.3.002][PV0.8][DV1.0].docx: Command '['C:\\Users\\koengo\\AppData\\Local\\Programs\\Python\\Python312\\python.exe', 'C:\\Users\\koengo\\OneDrive - Cegeka\\Documents\\Reusable Assets\\Products\\scripts\\extract_html.py', 'C:\\Users\\koengo\\Cegeka\\Product Management - Product Management Library\\Business Line - Digital Employee eXperience\\[7.L] Outsourcing Services\\SD - My Prints (Traditional Print Service) [PRD.7.3.002][PV0.8][DV1.0].docx']' returned non-zero exit status 1.
[2026-03-18 00:24:39] [TID:6152] START SD - My Prints (Traditional Print Service) [PRD.7.3.002][PV0.8][DV1.0].docx
[2026-03-18 00:24:40] [TID:6152] [DEBUG] Running step: extract_html
[2026-03-18 00:24:40] [TID:6152] [DEBUG] Command: ['C:\\Users\\koengo\\AppData\\Local\\Programs\\Python\\Python312\\python.exe', 'C:\\Users\\koengo\\OneDrive - Cegeka\\Documents\\Reusable Assets\\Products\\scripts\\extract_html.py', 'C:\\Users\\koengo\\Cegeka\\Product Management - Product Management Library\\Business Line - Digital Employee eXperience\\[7.L] Outsourcing Services\\SD - My Prints (Traditional Print Service) [PRD.7.3.002][PV0.8][DV1.0].docx']
[2026-03-18 00:24:41] [TID:6152] [DEBUG][stderr] Traceback (most recent call last):
  File "C:\Users\koengo\OneDrive - Cegeka\Documents\Reusable Assets\Products\scripts\extract_html.py", line 17, in <module>
    print(f"\u2714 HTML saved \u2192 {out_file}")
  File "C:\Users\koengo\AppData\Local\Programs\Python\Python312\Lib\encodings\cp1252.py", line 19, in encode
    return codecs.charmap_encode(input,self.errors,encoding_table)[0]
           ^^^^^^^^^^^^^^^^^^^^^^^^^^^^^^^^^^^^^^^^^^^^^^^^^^^^^^^
UnicodeEncodeError: 'charmap' codec can't encode character '\u2714' in position 0: character maps to <undefined>

[2026-03-18 00:24:41] [TID:6152] ERROR SD - My Prints (Traditional Print Service) [PRD.7.3.002][PV0.8][DV1.0].docx: [extract_html] FAILED with exit code 1
[2026-03-18 00:28:40] [TID:29492] START SD - My Prints (Traditional Print Service) [PRD.7.3.002][PV0.8][DV1.0].docx
[2026-03-18 00:28:40] [TID:29492] [DEBUG] Running step: extract_html
[2026-03-18 00:28:40] [TID:29492] [DEBUG] Command: ['C:\\Users\\koengo\\AppData\\Local\\Programs\\Python\\Python312\\python.exe', 'C:\\Users\\koengo\\OneDrive - Cegeka\\Documents\\Reusable Assets\\Products\\scripts\\extract_html.py', 'C:\\Users\\koengo\\Cegeka\\Product Management - Product Management Library\\Business Line - Digital Employee eXperience\\[7.L] Outsourcing Services\\SD - My Prints (Traditional Print Service) [PRD.7.3.002][PV0.8][DV1.0].docx']
[2026-03-18 00:28:41] [TID:29492] [DEBUG][stderr] Traceback (most recent call last):
  File "C:\Users\koengo\OneDrive - Cegeka\Documents\Reusable Assets\Products\scripts\extract_html.py", line 17, in <module>
    print(f"\u2714 HTML saved \u2192 {out_file}")
  File "C:\Users\koengo\AppData\Local\Programs\Python\Python312\Lib\encodings\cp1252.py", line 19, in encode
    return codecs.charmap_encode(input,self.errors,encoding_table)[0]
           ^^^^^^^^^^^^^^^^^^^^^^^^^^^^^^^^^^^^^^^^^^^^^^^^^^^^^^^
UnicodeEncodeError: 'charmap' codec can't encode character '\u2714' in position 0: character maps to <undefined>

[2026-03-18 00:28:41] [TID:29492] ERROR SD - My Prints (Traditional Print Service) [PRD.7.3.002][PV0.8][DV1.0].docx: [extract_html] FAILED with exit code 1
[2026-03-18 00:39:40] [TID:12044] START SD - My Prints (Traditional Print Service) [PRD.7.3.002][PV0.8][DV1.0].docx
[2026-03-18 00:39:40] [TID:12044] [DEBUG] Running step: extract_html
[2026-03-18 00:39:41] [TID:12044] [DEBUG] Command: ['C:\\Users\\koengo\\AppData\\Local\\Programs\\Python\\Python312\\python.exe', 'C:\\Users\\koengo\\OneDrive - Cegeka\\Documents\\Reusable Assets\\Products\\scripts\\extract_html.py', 'C:\\Users\\koengo\\Cegeka\\Product Management - Product Management Library\\Business Line - Digital Employee eXperience\\[7.L] Outsourcing Services\\SD - My Prints (Traditional Print Service) [PRD.7.3.002][PV0.8][DV1.0].docx']
[2026-03-18 00:39:41] [TID:12044] [DEBUG][stderr] Traceback (most recent call last):
  File "C:\Users\koengo\OneDrive - Cegeka\Documents\Reusable Assets\Products\scripts\extract_html.py", line 17, in <module>
    print(f"\u2714 HTML saved \u2192 {out_file}")
  File "C:\Users\koengo\AppData\Local\Programs\Python\Python312\Lib\encodings\cp1252.py", line 19, in encode
    return codecs.charmap_encode(input,self.errors,encoding_table)[0]
           ^^^^^^^^^^^^^^^^^^^^^^^^^^^^^^^^^^^^^^^^^^^^^^^^^^^^^^^
UnicodeEncodeError: 'charmap' codec can't encode character '\u2714' in position 0: character maps to <undefined>

[2026-03-18 00:39:41] [TID:12044] ERROR SD - My Prints (Traditional Print Service) [PRD.7.3.002][PV0.8][DV1.0].docx: [extract_html] FAILED with exit code 1
[2026-03-18 00:51:57] [TID:26580] START SD - My Prints (Traditional Print Service) [PRD.7.3.002][PV0.8][DV1.0].docx
[2026-03-18 00:51:57] [TID:26580] [DEBUG] Running step: extract_html
[2026-03-18 00:51:57] [TID:26580] [DEBUG] Command: ['C:\\Users\\koengo\\AppData\\Local\\Programs\\Python\\Python312\\python.exe', 'C:\\Users\\koengo\\OneDrive - Cegeka\\Documents\\Reusable Assets\\Products\\scripts\\extract_html.py', 'C:\\Users\\koengo\\Cegeka\\Product Management - Product Management Library\\Business Line - Digital Employee eXperience\\[7.L] Outsourcing Services\\SD - My Prints (Traditional Print Service) [PRD.7.3.002][PV0.8][DV1.0].docx']
[2026-03-18 00:51:58] [TID:26580] [DEBUG][stdout] ✔ HTML saved for SD - My Prints (Traditional Print Service) [PRD.7.3.002][PV0.8][DV1.0].docx

[2026-03-18 00:51:58] [TID:26580] [DEBUG] Step 'extract_html' OK
[2026-03-18 00:51:58] [TID:26580] [DEBUG] Running step: parse_html
[2026-03-18 00:51:58] [TID:26580] [DEBUG] Command: ['C:\\Users\\koengo\\AppData\\Local\\Programs\\Python\\Python312\\python.exe', 'C:\\Users\\koengo\\OneDrive - Cegeka\\Documents\\Reusable Assets\\Products\\scripts\\parse_html_sections.py', 'extracted_html\\SD - My Prints (Traditional Print Service) [PRD.7.3.002][PV0.8][DV1.0].html']
[2026-03-18 00:51:59] [TID:26580] [DEBUG][stdout] ✔ Robust parsed → output\json\SD - My Prints (Traditional Print Service) [PRD.7.3.002][PV0.8][DV1.0].json

[2026-03-18 00:51:59] [TID:26580] [DEBUG] Step 'parse_html' OK
[2026-03-18 00:51:59] [TID:26580] [DEBUG] Running step: auto_map
[2026-03-18 00:51:59] [TID:26580] [DEBUG] Command: ['C:\\Users\\koengo\\AppData\\Local\\Programs\\Python\\Python312\\python.exe', 'C:\\Users\\koengo\\OneDrive - Cegeka\\Documents\\Reusable Assets\\Products\\scripts\\auto_map_sections.py', 'output\\json\\SD - My Prints (Traditional Print Service) [PRD.7.3.002][PV0.8][DV1.0].json']
[2026-03-18 00:51:59] [TID:26580] [DEBUG][stderr]   File "C:\Users\koengo\OneDrive - Cegeka\Documents\Reusable Assets\Products\scripts\auto_map_sections.py", line 26
    ``
    ^
SyntaxError: invalid syntax

[2026-03-18 00:51:59] [TID:26580] ERROR SD - My Prints (Traditional Print Service) [PRD.7.3.002][PV0.8][DV1.0].docx: [auto_map] FAILED with exit code 1
[2026-03-18 01:01:15] [TID:22128] START SD - My Prints (Traditional Print Service) [PRD.7.3.002][PV0.8][DV1.0].docx
[2026-03-18 01:01:15] [TID:22128] [DEBUG] Running step: extract_html
[2026-03-18 01:01:15] [TID:22128] [DEBUG] Command: ['C:\\Users\\koengo\\AppData\\Local\\Programs\\Python\\Python312\\python.exe', 'C:\\Users\\koengo\\OneDrive - Cegeka\\Documents\\Reusable Assets\\Products\\scripts\\extract_html.py', 'C:\\Users\\koengo\\Cegeka\\Product Management - Product Management Library\\Business Line - Digital Employee eXperience\\[7.L] Outsourcing Services\\SD - My Prints (Traditional Print Service) [PRD.7.3.002][PV0.8][DV1.0].docx']
[2026-03-18 01:01:16] [TID:22128] [DEBUG][stdout] ✔ HTML saved for SD - My Prints (Traditional Print Service) [PRD.7.3.002][PV0.8][DV1.0].docx

[2026-03-18 01:01:16] [TID:22128] [DEBUG] Step 'extract_html' OK
[2026-03-18 01:01:16] [TID:22128] [DEBUG] Running step: parse_html
[2026-03-18 01:01:16] [TID:22128] [DEBUG] Command: ['C:\\Users\\koengo\\AppData\\Local\\Programs\\Python\\Python312\\python.exe', 'C:\\Users\\koengo\\OneDrive - Cegeka\\Documents\\Reusable Assets\\Products\\scripts\\parse_html_sections.py', 'extracted_html\\SD - My Prints (Traditional Print Service) [PRD.7.3.002][PV0.8][DV1.0].html']
[2026-03-18 01:01:16] [TID:22128] [DEBUG][stdout] ✔ Robust parsed → output\json\SD - My Prints (Traditional Print Service) [PRD.7.3.002][PV0.8][DV1.0].json

[2026-03-18 01:01:16] [TID:22128] [DEBUG] Step 'parse_html' OK
[2026-03-18 01:01:16] [TID:22128] [DEBUG] Running step: auto_map
[2026-03-18 01:01:16] [TID:22128] [DEBUG] Command: ['C:\\Users\\koengo\\AppData\\Local\\Programs\\Python\\Python312\\python.exe', 'C:\\Users\\koengo\\OneDrive - Cegeka\\Documents\\Reusable Assets\\Products\\scripts\\auto_map_sections.py', 'output\\json\\SD - My Prints (Traditional Print Service) [PRD.7.3.002][PV0.8][DV1.0].json']
[2026-03-18 01:01:16] [TID:22128] [DEBUG][stderr]   File "C:\Users\koengo\OneDrive - Cegeka\Documents\Reusable Assets\Products\scripts\auto_map_sections.py", line 26
    ``
    ^
SyntaxError: invalid syntax

[2026-03-18 01:01:16] [TID:22128] ERROR SD - My Prints (Traditional Print Service) [PRD.7.3.002][PV0.8][DV1.0].docx: [auto_map] FAILED with exit code 1
[2026-03-18 01:16:51] [TID:19856] START SD - My Prints (Traditional Print Service) [PRD.7.3.002][PV0.8][DV1.0].docx
[2026-03-18 01:16:51] [TID:19856] [DEBUG] Running step: extract_html
[2026-03-18 01:16:51] [TID:19856] [DEBUG] Command: ['C:\\Users\\koengo\\AppData\\Local\\Programs\\Python\\Python312\\python.exe', 'C:\\Users\\koengo\\OneDrive - Cegeka\\Documents\\Reusable Assets\\Products\\scripts\\extract_html.py', 'C:\\Users\\koengo\\Cegeka\\Product Management - Product Management Library\\Business Line - Digital Employee eXperience\\[7.L] Outsourcing Services\\SD - My Prints (Traditional Print Service) [PRD.7.3.002][PV0.8][DV1.0].docx']
[2026-03-18 01:16:52] [TID:19856] [DEBUG][stdout] ✔ HTML saved for SD - My Prints (Traditional Print Service) [PRD.7.3.002][PV0.8][DV1.0].docx

[2026-03-18 01:16:52] [TID:19856] [DEBUG] Step 'extract_html' OK
[2026-03-18 01:16:52] [TID:19856] [DEBUG] Running step: parse_html
[2026-03-18 01:16:52] [TID:19856] [DEBUG] Command: ['C:\\Users\\koengo\\AppData\\Local\\Programs\\Python\\Python312\\python.exe', 'C:\\Users\\koengo\\OneDrive - Cegeka\\Documents\\Reusable Assets\\Products\\scripts\\parse_html_sections.py', 'extracted_html\\SD - My Prints (Traditional Print Service) [PRD.7.3.002][PV0.8][DV1.0].html']
[2026-03-18 01:16:52] [TID:19856] [DEBUG][stdout] ✔ Robust parsed → output\json\SD - My Prints (Traditional Print Service) [PRD.7.3.002][PV0.8][DV1.0].json

[2026-03-18 01:16:52] [TID:19856] [DEBUG] Step 'parse_html' OK
[2026-03-18 01:16:52] [TID:19856] [DEBUG] Running step: auto_map
[2026-03-18 01:16:52] [TID:19856] [DEBUG] Command: ['C:\\Users\\koengo\\AppData\\Local\\Programs\\Python\\Python312\\python.exe', 'C:\\Users\\koengo\\OneDrive - Cegeka\\Documents\\Reusable Assets\\Products\\scripts\\auto_map_sections.py', 'output\\json\\SD - My Prints (Traditional Print Service) [PRD.7.3.002][PV0.8][DV1.0].json']
[2026-03-18 01:16:52] [TID:19856] [DEBUG][stderr]   File "C:\Users\koengo\OneDrive - Cegeka\Documents\Reusable Assets\Products\scripts\auto_map_sections.py", line 26
    ``
    ^
SyntaxError: invalid syntax

[2026-03-18 01:16:52] [TID:19856] ERROR SD - My Prints (Traditional Print Service) [PRD.7.3.002][PV0.8][DV1.0].docx: [auto_map] FAILED with exit code 1
[2026-03-18 01:30:48] [TID:940] START SD - My Prints (Traditional Print Service) [PRD.7.3.002][PV0.8][DV1.0].docx
[2026-03-18 01:30:48] [TID:940] [DEBUG] Running step: extract_html
[2026-03-18 01:30:48] [TID:940] [DEBUG] Command: ['C:\\Users\\koengo\\AppData\\Local\\Programs\\Python\\Python312\\python.exe', 'C:\\Users\\koengo\\OneDrive - Cegeka\\Documents\\Reusable Assets\\Products\\scripts\\extract_html.py', 'C:\\Users\\koengo\\Cegeka\\Product Management - Product Management Library\\Business Line - Digital Employee eXperience\\[7.L] Outsourcing Services\\SD - My Prints (Traditional Print Service) [PRD.7.3.002][PV0.8][DV1.0].docx']
[2026-03-18 01:30:48] [TID:940] [DEBUG][stderr]   File "C:\Users\koengo\OneDrive - Cegeka\Documents\Reusable Assets\Products\scripts\extract_html.py", line 31
    ``
    ^
SyntaxError: invalid syntax

[2026-03-18 01:30:48] [TID:940] ERROR SD - My Prints (Traditional Print Service) [PRD.7.3.002][PV0.8][DV1.0].docx: [extract_html] FAILED with exit code 1
[2026-03-18 01:33:10] [TID:16984] START SD - My Prints (Traditional Print Service) [PRD.7.3.002][PV0.8][DV1.0].docx
[2026-03-18 01:33:10] [TID:16984] [DEBUG] Running step: extract_html
[2026-03-18 01:33:10] [TID:16984] [DEBUG] Command: ['C:\\Users\\koengo\\AppData\\Local\\Programs\\Python\\Python312\\python.exe', 'C:\\Users\\koengo\\OneDrive - Cegeka\\Documents\\Reusable Assets\\Products\\scripts\\extract_html.py', 'C:\\Users\\koengo\\Cegeka\\Product Management - Product Management Library\\Business Line - Digital Employee eXperience\\[7.L] Outsourcing Services\\SD - My Prints (Traditional Print Service) [PRD.7.3.002][PV0.8][DV1.0].docx']
[2026-03-18 01:33:11] [TID:16984] [DEBUG][stdout] HTML saved: SD - My Prints (Traditional Print Service) [PRD.7.3.002][PV0.8][DV1.0].html

[2026-03-18 01:33:11] [TID:16984] [DEBUG] Step 'extract_html' OK
[2026-03-18 01:33:11] [TID:16984] [DEBUG] Running step: parse_html
[2026-03-18 01:33:11] [TID:16984] [DEBUG] Command: ['C:\\Users\\koengo\\AppData\\Local\\Programs\\Python\\Python312\\python.exe', 'C:\\Users\\koengo\\OneDrive - Cegeka\\Documents\\Reusable Assets\\Products\\scripts\\parse_html_sections.py', 'extracted_html\\SD - My Prints (Traditional Print Service) [PRD.7.3.002][PV0.8][DV1.0].html']
[2026-03-18 01:33:11] [TID:16984] [DEBUG][stdout] ✔ Robust parsed → output\json\SD - My Prints (Traditional Print Service) [PRD.7.3.002][PV0.8][DV1.0].json

[2026-03-18 01:33:11] [TID:16984] [DEBUG] Step 'parse_html' OK
[2026-03-18 01:33:11] [TID:16984] [DEBUG] Running step: auto_map
[2026-03-18 01:33:11] [TID:16984] [DEBUG] Command: ['C:\\Users\\koengo\\AppData\\Local\\Programs\\Python\\Python312\\python.exe', 'C:\\Users\\koengo\\OneDrive - Cegeka\\Documents\\Reusable Assets\\Products\\scripts\\auto_map_sections.py', 'output\\json\\SD - My Prints (Traditional Print Service) [PRD.7.3.002][PV0.8][DV1.0].json']
[2026-03-18 01:33:11] [TID:16984] [DEBUG][stderr]   File "C:\Users\koengo\OneDrive - Cegeka\Documents\Reusable Assets\Products\scripts\auto_map_sections.py", line 26
    ``
    ^
SyntaxError: invalid syntax

[2026-03-18 01:33:11] [TID:16984] ERROR SD - My Prints (Traditional Print Service) [PRD.7.3.002][PV0.8][DV1.0].docx: [auto_map] FAILED with exit code 1
[2026-03-18 01:40:21] [TID:23252] START SD - My Prints (Traditional Print Service) [PRD.7.3.002][PV0.8][DV1.0].docx
[2026-03-18 01:40:21] [TID:23252] [DEBUG] Running step: extract_html
[2026-03-18 01:40:21] [TID:23252] [DEBUG] Command: ['C:\\Users\\koengo\\AppData\\Local\\Programs\\Python\\Python312\\python.exe', 'C:\\Users\\koengo\\OneDrive - Cegeka\\Documents\\Reusable Assets\\Products\\scripts\\extract_html.py', 'C:\\Users\\koengo\\Cegeka\\Product Management - Product Management Library\\Business Line - Digital Employee eXperience\\[7.L] Outsourcing Services\\SD - My Prints (Traditional Print Service) [PRD.7.3.002][PV0.8][DV1.0].docx']
[2026-03-18 01:40:21] [TID:23252] [DEBUG][stdout] HTML saved: SD - My Prints (Traditional Print Service) [PRD.7.3.002][PV0.8][DV1.0].html

[2026-03-18 01:40:21] [TID:23252] [DEBUG] Step 'extract_html' OK
[2026-03-18 01:40:21] [TID:23252] [DEBUG] Running step: parse_html
[2026-03-18 01:40:21] [TID:23252] [DEBUG] Command: ['C:\\Users\\koengo\\AppData\\Local\\Programs\\Python\\Python312\\python.exe', 'C:\\Users\\koengo\\OneDrive - Cegeka\\Documents\\Reusable Assets\\Products\\scripts\\parse_html_sections.py', 'extracted_html\\SD - My Prints (Traditional Print Service) [PRD.7.3.002][PV0.8][DV1.0].html']
[2026-03-18 01:40:22] [TID:23252] [DEBUG][stdout] ✔ Robust parsed → output\json\SD - My Prints (Traditional Print Service) [PRD.7.3.002][PV0.8][DV1.0].json

[2026-03-18 01:40:22] [TID:23252] [DEBUG] Step 'parse_html' OK
[2026-03-18 01:40:22] [TID:23252] [DEBUG] Running step: auto_map
[2026-03-18 01:40:22] [TID:23252] [DEBUG] Command: ['C:\\Users\\koengo\\AppData\\Local\\Programs\\Python\\Python312\\python.exe', 'C:\\Users\\koengo\\OneDrive - Cegeka\\Documents\\Reusable Assets\\Products\\scripts\\auto_map_sections.py', 'output\\json\\SD - My Prints (Traditional Print Service) [PRD.7.3.002][PV0.8][DV1.0].json']
[2026-03-18 01:40:22] [TID:23252] [DEBUG][stderr]   File "C:\Users\koengo\OneDrive - Cegeka\Documents\Reusable Assets\Products\scripts\auto_map_sections.py", line 26
    ``
    ^
SyntaxError: invalid syntax

[2026-03-18 01:40:22] [TID:23252] ERROR SD - My Prints (Traditional Print Service) [PRD.7.3.002][PV0.8][DV1.0].docx: [auto_map] FAILED with exit code 1
