[2026-03-17 23:34:10] [TID:27000] Start processing SD: SD - Cegeka Cloud Housing Services [PRD.0.L.101][PV0.8][DV1.2].docx
[2026-03-17 23:34:10] [TID:27000] Extracting HTML...
[2026-03-17 23:34:10] [TID:27000] ERROR SD - Cegeka Cloud Housing Services [PRD.0.L.101][PV0.8][DV1.2].docx: Command '['C:\\Users\\koengo\\AppData\\Local\\Programs\\Python\\Python312\\python.exe', 'C:\\Users\\koengo\\OneDrive - Cegeka\\Documents\\Reusable Assets\\Products\\scripts\\extract_html.py', 'C:\\Users\\koengo\\Cegeka\\Product Management - Product Management Library\\Business Line - Cloud and Digital Platforms\\[0.L] Cegeka Cloud Services & Solutions\\[PRD.0.L.101] Cegeka Housing Services\\SD - Cegeka Cloud Housing Services [PRD.0.L.101][PV0.8][DV1.2].docx']' returned non-zero exit status 1.
[2026-03-17 23:39:31] [TID:22428] START SD - Cegeka Cloud Housing Services [PRD.0.L.101][PV0.8][DV1.2].docx
[2026-03-17 23:39:31] [TID:22428] Extracting HTML...
[2026-03-17 23:39:31] [TID:22428] ERROR SD - Cegeka Cloud Housing Services [PRD.0.L.101][PV0.8][DV1.2].docx: Command '['C:\\Users\\koengo\\AppData\\Local\\Programs\\Python\\Python312\\python.exe', 'C:\\Users\\koengo\\OneDrive - Cegeka\\Documents\\Reusable Assets\\Products\\scripts\\extract_html.py', 'C:\\Users\\koengo\\Cegeka\\Product Management - Product Management Library\\Business Line - Cloud and Digital Platforms\\[0.L] Cegeka Cloud Services & Solutions\\[PRD.0.L.101] Cegeka Housing Services\\SD - Cegeka Cloud Housing Services [PRD.0.L.101][PV0.8][DV1.2].docx']' returned non-zero exit status 1.
[2026-03-17 23:44:42] [TID:23024] START SD - Cegeka Cloud Housing Services [PRD.0.L.101][PV0.8][DV1.2].docx
[2026-03-17 23:44:42] [TID:23024] Extracting HTML...
[2026-03-17 23:44:43] [TID:23024] ERROR SD - Cegeka Cloud Housing Services [PRD.0.L.101][PV0.8][DV1.2].docx: Command '['C:\\Users\\koengo\\AppData\\Local\\Programs\\Python\\Python312\\python.exe', 'C:\\Users\\koengo\\OneDrive - Cegeka\\Documents\\Reusable Assets\\Products\\scripts\\extract_html.py', 'C:\\Users\\koengo\\Cegeka\\Product Management - Product Management Library\\Business Line - Cloud and Digital Platforms\\[0.L] Cegeka Cloud Services & Solutions\\[PRD.0.L.101] Cegeka Housing Services\\SD - Cegeka Cloud Housing Services [PRD.0.L.101][PV0.8][DV1.2].docx']' returned non-zero exit status 1.
[2026-03-17 23:47:10] [TID:17696] START SD - Cegeka Cloud Housing Services [PRD.0.L.101][PV0.8][DV1.2].docx
[2026-03-17 23:47:10] [TID:17696] Extracting HTML...
[2026-03-17 23:47:11] [TID:17696] ERROR SD - Cegeka Cloud Housing Services [PRD.0.L.101][PV0.8][DV1.2].docx: Command '['C:\\Users\\koengo\\AppData\\Local\\Programs\\Python\\Python312\\python.exe', 'C:\\Users\\koengo\\OneDrive - Cegeka\\Documents\\Reusable Assets\\Products\\scripts\\extract_html.py', 'C:\\Users\\koengo\\Cegeka\\Product Management - Product Management Library\\Business Line - Cloud and Digital Platforms\\[0.L] Cegeka Cloud Services & Solutions\\[PRD.0.L.101] Cegeka Housing Services\\SD - Cegeka Cloud Housing Services [PRD.0.L.101][PV0.8][DV1.2].docx']' returned non-zero exit status 1.
[2026-03-17 23:54:40] [TID:21020] START SD - Cegeka Cloud Housing Services [PRD.0.L.101][PV0.8][DV1.2].docx
[2026-03-17 23:54:40] [TID:21020] Extracting HTML...
[2026-03-17 23:54:41] [TID:21020] ERROR SD - Cegeka Cloud Housing Services [PRD.0.L.101][PV0.8][DV1.2].docx: Command '['C:\\Users\\koengo\\AppData\\Local\\Programs\\Python\\Python312\\python.exe', 'C:\\Users\\koengo\\OneDrive - Cegeka\\Documents\\Reusable Assets\\Products\\scripts\\extract_html.py', 'C:\\Users\\koengo\\Cegeka\\Product Management - Product Management Library\\Business Line - Cloud and Digital Platforms\\[0.L] Cegeka Cloud Services & Solutions\\[PRD.0.L.101] Cegeka Housing Services\\SD - Cegeka Cloud Housing Services [PRD.0.L.101][PV0.8][DV1.2].docx']' returned non-zero exit status 1.
[2026-03-18 00:02:05] [TID:23568] START SD - Cegeka Cloud Housing Services [PRD.0.L.101][PV0.8][DV1.2].docx
[2026-03-18 00:02:05] [TID:23568] Extracting HTML...
[2026-03-18 00:02:06] [TID:23568] ERROR SD - Cegeka Cloud Housing Services [PRD.0.L.101][PV0.8][DV1.2].docx: Command '['C:\\Users\\koengo\\AppData\\Local\\Programs\\Python\\Python312\\python.exe', 'C:\\Users\\koengo\\OneDrive - Cegeka\\Documents\\Reusable Assets\\Products\\scripts\\extract_html.py', 'C:\\Users\\koengo\\Cegeka\\Product Management - Product Management Library\\Business Line - Cloud and Digital Platforms\\[0.L] Cegeka Cloud Services & Solutions\\[PRD.0.L.101] Cegeka Housing Services\\SD - Cegeka Cloud Housing Services [PRD.0.L.101][PV0.8][DV1.2].docx']' returned non-zero exit status 1.
[2026-03-18 00:11:17] [TID:14484] START SD - Cegeka Cloud Housing Services [PRD.0.L.101][PV0.8][DV1.2].docx
[2026-03-18 00:11:17] [TID:14484] Extracting HTML...
[2026-03-18 00:11:18] [TID:14484] ERROR SD - Cegeka Cloud Housing Services [PRD.0.L.101][PV0.8][DV1.2].docx: Command '['C:\\Users\\koengo\\AppData\\Local\\Programs\\Python\\Python312\\python.exe', 'C:\\Users\\koengo\\OneDrive - Cegeka\\Documents\\Reusable Assets\\Products\\scripts\\extract_html.py', 'C:\\Users\\koengo\\Cegeka\\Product Management - Product Management Library\\Business Line - Cloud and Digital Platforms\\[0.L] Cegeka Cloud Services & Solutions\\[PRD.0.L.101] Cegeka Housing Services\\SD - Cegeka Cloud Housing Services [PRD.0.L.101][PV0.8][DV1.2].docx']' returned non-zero exit status 1.
[2026-03-18 00:24:36] [TID:6152] START SD - Cegeka Cloud Housing Services [PRD.0.L.101][PV0.8][DV1.2].docx
[2026-03-18 00:24:37] [TID:6152] [DEBUG] Running step: extract_html
[2026-03-18 00:24:37] [TID:6152] [DEBUG] Command: ['C:\\Users\\koengo\\AppData\\Local\\Programs\\Python\\Python312\\python.exe', 'C:\\Users\\koengo\\OneDrive - Cegeka\\Documents\\Reusable Assets\\Products\\scripts\\extract_html.py', 'C:\\Users\\koengo\\Cegeka\\Product Management - Product Management Library\\Business Line - Cloud and Digital Platforms\\[0.L] Cegeka Cloud Services & Solutions\\[PRD.0.L.101] Cegeka Housing Services\\SD - Cegeka Cloud Housing Services [PRD.0.L.101][PV0.8][DV1.2].docx']
[2026-03-18 00:24:37] [TID:6152] [DEBUG][stderr] Traceback (most recent call last):
  File "C:\Users\koengo\OneDrive - Cegeka\Documents\Reusable Assets\Products\scripts\extract_html.py", line 12, in <module>
    with open(sd_file, "rb") as f:
         ^^^^^^^^^^^^^^^^^^^
FileNotFoundError: [Errno 2] No such file or directory: 'C:\\Users\\koengo\\Cegeka\\Product Management - Product Management Library\\Business Line - Cloud and Digital Platforms\\[0.L] Cegeka Cloud Services & Solutions\\[PRD.0.L.101] Cegeka Housing Services\\SD - Cegeka Cloud Housing Services [PRD.0.L.101][PV0.8][DV1.2].docx'

[2026-03-18 00:24:38] [TID:6152] ERROR SD - Cegeka Cloud Housing Services [PRD.0.L.101][PV0.8][DV1.2].docx: [extract_html] FAILED with exit code 1
[2026-03-18 00:28:37] [TID:26240] START SD - Cegeka Cloud Housing Services [PRD.0.L.101][PV0.8][DV1.2].docx
[2026-03-18 00:28:37] [TID:26240] [DEBUG] Running step: extract_html
[2026-03-18 00:28:37] [TID:26240] [DEBUG] Command: ['C:\\Users\\koengo\\AppData\\Local\\Programs\\Python\\Python312\\python.exe', 'C:\\Users\\koengo\\OneDrive - Cegeka\\Documents\\Reusable Assets\\Products\\scripts\\extract_html.py', 'C:\\Users\\koengo\\Cegeka\\Product Management - Product Management Library\\Business Line - Cloud and Digital Platforms\\[0.L] Cegeka Cloud Services & Solutions\\[PRD.0.L.101] Cegeka Housing Services\\SD - Cegeka Cloud Housing Services [PRD.0.L.101][PV0.8][DV1.2].docx']
[2026-03-18 00:28:38] [TID:26240] [DEBUG][stderr] Traceback (most recent call last):
  File "C:\Users\koengo\OneDrive - Cegeka\Documents\Reusable Assets\Products\scripts\extract_html.py", line 12, in <module>
    with open(sd_file, "rb") as f:
         ^^^^^^^^^^^^^^^^^^^
FileNotFoundError: [Errno 2] No such file or directory: 'C:\\Users\\koengo\\Cegeka\\Product Management - Product Management Library\\Business Line - Cloud and Digital Platforms\\[0.L] Cegeka Cloud Services & Solutions\\[PRD.0.L.101] Cegeka Housing Services\\SD - Cegeka Cloud Housing Services [PRD.0.L.101][PV0.8][DV1.2].docx'

[2026-03-18 00:28:38] [TID:26240] ERROR SD - Cegeka Cloud Housing Services [PRD.0.L.101][PV0.8][DV1.2].docx: [extract_html] FAILED with exit code 1
[2026-03-18 00:39:37] [TID:22268] START SD - Cegeka Cloud Housing Services [PRD.0.L.101][PV0.8][DV1.2].docx
[2026-03-18 00:39:38] [TID:22268] [DEBUG] Running step: extract_html
[2026-03-18 00:39:38] [TID:22268] [DEBUG] Command: ['C:\\Users\\koengo\\AppData\\Local\\Programs\\Python\\Python312\\python.exe', 'C:\\Users\\koengo\\OneDrive - Cegeka\\Documents\\Reusable Assets\\Products\\scripts\\extract_html.py', 'C:\\Users\\koengo\\Cegeka\\Product Management - Product Management Library\\Business Line - Cloud and Digital Platforms\\[0.L] Cegeka Cloud Services & Solutions\\[PRD.0.L.101] Cegeka Housing Services\\SD - Cegeka Cloud Housing Services [PRD.0.L.101][PV0.8][DV1.2].docx']
[2026-03-18 00:39:38] [TID:22268] [DEBUG][stderr] Traceback (most recent call last):
  File "C:\Users\koengo\OneDrive - Cegeka\Documents\Reusable Assets\Products\scripts\extract_html.py", line 12, in <module>
    with open(sd_file, "rb") as f:
         ^^^^^^^^^^^^^^^^^^^
FileNotFoundError: [Errno 2] No such file or directory: 'C:\\Users\\koengo\\Cegeka\\Product Management - Product Management Library\\Business Line - Cloud and Digital Platforms\\[0.L] Cegeka Cloud Services & Solutions\\[PRD.0.L.101] Cegeka Housing Services\\SD - Cegeka Cloud Housing Services [PRD.0.L.101][PV0.8][DV1.2].docx'

[2026-03-18 00:39:39] [TID:22268] ERROR SD - Cegeka Cloud Housing Services [PRD.0.L.101][PV0.8][DV1.2].docx: [extract_html] FAILED with exit code 1
[2026-03-18 00:51:56] [TID:1204] START SD - Cegeka Cloud Housing Services [PRD.0.L.101][PV0.8][DV1.2].docx
[2026-03-18 00:51:56] [TID:1204] [DEBUG] Running step: extract_html
[2026-03-18 00:51:56] [TID:1204] [DEBUG] Command: ['C:\\Users\\koengo\\AppData\\Local\\Programs\\Python\\Python312\\python.exe', 'C:\\Users\\koengo\\OneDrive - Cegeka\\Documents\\Reusable Assets\\Products\\scripts\\extract_html.py', 'C:\\Users\\koengo\\Cegeka\\Product Management - Product Management Library\\Business Line - Cloud and Digital Platforms\\[0.L] Cegeka Cloud Services & Solutions\\[PRD.0.L.101] Cegeka Housing Services\\SD - Cegeka Cloud Housing Services [PRD.0.L.101][PV0.8][DV1.2].docx']
[2026-03-18 00:51:56] [TID:1204] [DEBUG][stdout] EXTRACT ERROR: [Errno 2] No such file or directory: 'C:\\Users\\koengo\\Cegeka\\Product Management - Product Management Library\\Business Line - Cloud and Digital Platforms\\[0.L] Cegeka Cloud Services & Solutions\\[PRD.0.L.101] Cegeka Housing Services\\SD - Cegeka Cloud Housing Services [PRD.0.L.101][PV0.8][DV1.2].docx'

[2026-03-18 00:51:56] [TID:1204] ERROR SD - Cegeka Cloud Housing Services [PRD.0.L.101][PV0.8][DV1.2].docx: [extract_html] FAILED with exit code 1
[2026-03-18 01:01:14] [TID:22128] START SD - Cegeka Cloud Housing Services [PRD.0.L.101][PV0.8][DV1.2].docx
[2026-03-18 01:01:14] [TID:22128] [DEBUG] Running step: extract_html
[2026-03-18 01:01:14] [TID:22128] [DEBUG] Command: ['C:\\Users\\koengo\\AppData\\Local\\Programs\\Python\\Python312\\python.exe', 'C:\\Users\\koengo\\OneDrive - Cegeka\\Documents\\Reusable Assets\\Products\\scripts\\extract_html.py', 'C:\\Users\\koengo\\Cegeka\\Product Management - Product Management Library\\Business Line - Cloud and Digital Platforms\\[0.L] Cegeka Cloud Services & Solutions\\[PRD.0.L.101] Cegeka Housing Services\\SD - Cegeka Cloud Housing Services [PRD.0.L.101][PV0.8][DV1.2].docx']
[2026-03-18 01:01:14] [TID:22128] [DEBUG][stdout] EXTRACT ERROR: [Errno 2] No such file or directory: 'C:\\Users\\koengo\\Cegeka\\Product Management - Product Management Library\\Business Line - Cloud and Digital Platforms\\[0.L] Cegeka Cloud Services & Solutions\\[PRD.0.L.101] Cegeka Housing Services\\SD - Cegeka Cloud Housing Services [PRD.0.L.101][PV0.8][DV1.2].docx'

[2026-03-18 01:01:14] [TID:22128] ERROR SD - Cegeka Cloud Housing Services [PRD.0.L.101][PV0.8][DV1.2].docx: [extract_html] FAILED with exit code 1
[2026-03-18 01:16:50] [TID:19856] START SD - Cegeka Cloud Housing Services [PRD.0.L.101][PV0.8][DV1.2].docx
[2026-03-18 01:16:50] [TID:19856] [DEBUG] Running step: extract_html
[2026-03-18 01:16:50] [TID:19856] [DEBUG] Command: ['C:\\Users\\koengo\\AppData\\Local\\Programs\\Python\\Python312\\python.exe', 'C:\\Users\\koengo\\OneDrive - Cegeka\\Documents\\Reusable Assets\\Products\\scripts\\extract_html.py', 'C:\\Users\\koengo\\Cegeka\\Product Management - Product Management Library\\Business Line - Cloud and Digital Platforms\\[0.L] Cegeka Cloud Services & Solutions\\[PRD.0.L.101] Cegeka Housing Services\\SD - Cegeka Cloud Housing Services [PRD.0.L.101][PV0.8][DV1.2].docx']
[2026-03-18 01:16:50] [TID:19856] [DEBUG][stdout] EXTRACT ERROR: [Errno 2] No such file or directory: 'C:\\Users\\koengo\\Cegeka\\Product Management - Product Management Library\\Business Line - Cloud and Digital Platforms\\[0.L] Cegeka Cloud Services & Solutions\\[PRD.0.L.101] Cegeka Housing Services\\SD - Cegeka Cloud Housing Services [PRD.0.L.101][PV0.8][DV1.2].docx'

[2026-03-18 01:16:50] [TID:19856] ERROR SD - Cegeka Cloud Housing Services [PRD.0.L.101][PV0.8][DV1.2].docx: [extract_html] FAILED with exit code 1
[2026-03-18 01:30:48] [TID:2584] START SD - Cegeka Cloud Housing Services [PRD.0.L.101][PV0.8][DV1.2].docx
[2026-03-18 01:30:48] [TID:2584] [DEBUG] Running step: extract_html
[2026-03-18 01:30:48] [TID:2584] [DEBUG] Command: ['C:\\Users\\koengo\\AppData\\Local\\Programs\\Python\\Python312\\python.exe', 'C:\\Users\\koengo\\OneDrive - Cegeka\\Documents\\Reusable Assets\\Products\\scripts\\extract_html.py', 'C:\\Users\\koengo\\Cegeka\\Product Management - Product Management Library\\Business Line - Cloud and Digital Platforms\\[0.L] Cegeka Cloud Services & Solutions\\[PRD.0.L.101] Cegeka Housing Services\\SD - Cegeka Cloud Housing Services [PRD.0.L.101][PV0.8][DV1.2].docx']
[2026-03-18 01:30:48] [TID:2584] [DEBUG][stderr]   File "C:\Users\koengo\OneDrive - Cegeka\Documents\Reusable Assets\Products\scripts\extract_html.py", line 31
    ``
    ^
SyntaxError: invalid syntax

[2026-03-18 01:30:48] [TID:2584] ERROR SD - Cegeka Cloud Housing Services [PRD.0.L.101][PV0.8][DV1.2].docx: [extract_html] FAILED with exit code 1
[2026-03-18 01:33:08] [TID:16984] START SD - Cegeka Cloud Housing Services [PRD.0.L.101][PV0.8][DV1.2].docx
[2026-03-18 01:33:08] [TID:16984] [DEBUG] Running step: extract_html
[2026-03-18 01:33:08] [TID:16984] [DEBUG] Command: ['C:\\Users\\koengo\\AppData\\Local\\Programs\\Python\\Python312\\python.exe', 'C:\\Users\\koengo\\OneDrive - Cegeka\\Documents\\Reusable Assets\\Products\\scripts\\extract_html.py', 'C:\\Users\\koengo\\Cegeka\\Product Management - Product Management Library\\Business Line - Cloud and Digital Platforms\\[0.L] Cegeka Cloud Services & Solutions\\[PRD.0.L.101] Cegeka Housing Services\\SD - Cegeka Cloud Housing Services [PRD.0.L.101][PV0.8][DV1.2].docx']
[2026-03-18 01:33:09] [TID:16984] [DEBUG][stdout] EXTRACT ERROR: [Errno 2] No such file or directory: 'C:\\Users\\koengo\\Cegeka\\Product Management - Product Management Library\\Business Line - Cloud and Digital Platforms\\[0.L] Cegeka Cloud Services & Solutions\\[PRD.0.L.101] Cegeka Housing Services\\SD - Cegeka Cloud Housing Services [PRD.0.L.101][PV0.8][DV1.2].docx'

[2026-03-18 01:33:09] [TID:16984] ERROR SD - Cegeka Cloud Housing Services [PRD.0.L.101][PV0.8][DV1.2].docx: [extract_html] FAILED with exit code 1
[2026-03-18 01:40:19] [TID:28640] START SD - Cegeka Cloud Housing Services [PRD.0.L.101][PV0.8][DV1.2].docx
[2026-03-18 01:40:19] [TID:28640] [DEBUG] Running step: extract_html
[2026-03-18 01:40:19] [TID:28640] [DEBUG] Command: ['C:\\Users\\koengo\\AppData\\Local\\Programs\\Python\\Python312\\python.exe', 'C:\\Users\\koengo\\OneDrive - Cegeka\\Documents\\Reusable Assets\\Products\\scripts\\extract_html.py', 'C:\\Users\\koengo\\Cegeka\\Product Management - Product Management Library\\Business Line - Cloud and Digital Platforms\\[0.L] Cegeka Cloud Services & Solutions\\[PRD.0.L.101] Cegeka Housing Services\\SD - Cegeka Cloud Housing Services [PRD.0.L.101][PV0.8][DV1.2].docx']
[2026-03-18 01:40:20] [TID:28640] [DEBUG][stdout] EXTRACT ERROR: [Errno 2] No such file or directory: 'C:\\Users\\koengo\\Cegeka\\Product Management - Product Management Library\\Business Line - Cloud and Digital Platforms\\[0.L] Cegeka Cloud Services & Solutions\\[PRD.0.L.101] Cegeka Housing Services\\SD - Cegeka Cloud Housing Services [PRD.0.L.101][PV0.8][DV1.2].docx'

[2026-03-18 01:40:20] [TID:28640] ERROR SD - Cegeka Cloud Housing Services [PRD.0.L.101][PV0.8][DV1.2].docx: [extract_html] FAILED with exit code 1
