[2026-03-18 14:28:03] START extract_html for: C:\Users\koengo\Cegeka\Product Management - Product Management Library\Business Line - Security & Compliance\[4.L] Outsourcing Services\SD - Dedicated LAN platform management [PRD.4.5.003][PV0.8][DV1.1].docx
[2026-03-18 14:28:04] HTML saved: extracted_html\SD - Dedicated LAN platform management [PRD.4.5.003][PV0.8][DV1.1].html
[2026-03-18 14:28:04] extract_html OK
[2026-03-18 14:28:04] START parse_html for: extracted_html\SD - Dedicated LAN platform management [PRD.4.5.003][PV0.8][DV1.1].html
[2026-03-18 14:28:04] PARSE OK → output\json\SD - Dedicated LAN platform management [PRD.4.5.003][PV0.8][DV1.1].json
[2026-03-18 14:49:44] START PIPELINE for C:\Users\koengo\Cegeka\Product Management - Product Management Library\Business Line - Security & Compliance\[4.L] Outsourcing Services\SD - Dedicated LAN platform management [PRD.4.5.003][PV0.8][DV1.1].docx
[2026-03-18 14:49:44] RUN extract_html.py -> C:\Users\koengo\Cegeka\Product Management - Product Management Library\Business Line - Security & Compliance\[4.L] Outsourcing Services\SD - Dedicated LAN platform management [PRD.4.5.003][PV0.8][DV1.1].docx
[2026-03-18 14:49:44] START extract_html for: C:\Users\koengo\Cegeka\Product Management - Product Management Library\Business Line - Security & Compliance\[4.L] Outsourcing Services\SD - Dedicated LAN platform management [PRD.4.5.003][PV0.8][DV1.1].docx
[2026-03-18 14:49:45] HTML saved: extracted_html\SD - Dedicated LAN platform management [PRD.4.5.003][PV0.8][DV1.1].html
[2026-03-18 14:49:45] extract_html OK
[2026-03-18 14:49:45] RUN parse_html_sections.py -> C:\Users\koengo\OneDrive - Cegeka\Documents\Reusable Assets\Products\extracted_html\SD - Dedicated LAN platform management [PRD.4.5.003][PV0.8][DV1.1].html
[2026-03-18 14:49:45] START parse_html for: C:\Users\koengo\OneDrive - Cegeka\Documents\Reusable Assets\Products\extracted_html\SD - Dedicated LAN platform management [PRD.4.5.003][PV0.8][DV1.1].html
[2026-03-18 14:49:45] PARSE OK → output\json\SD - Dedicated LAN platform management [PRD.4.5.003][PV0.8][DV1.1].json
[2026-03-18 14:49:45] RUN auto_map_sections.py -> C:\Users\koengo\OneDrive - Cegeka\Documents\Reusable Assets\Products\output\json\SD - Dedicated LAN platform management [PRD.4.5.003][PV0.8][DV1.1].json
[2026-03-18 14:49:45] START auto_map for: C:\Users\koengo\OneDrive - Cegeka\Documents\Reusable Assets\Products\output\json\SD - Dedicated LAN platform management [PRD.4.5.003][PV0.8][DV1.1].json
[2026-03-18 14:49:45] auto_map OK → output\mapped\SD - Dedicated LAN platform management [PRD.4.5.003][PV0.8][DV1.1]_mapped.json
[2026-03-18 14:49:45] JSON->XML OK -> C:\Users\koengo\OneDrive - Cegeka\Documents\Reusable Assets\Products\output\xml\SD - Dedicated LAN platform management [PRD.4.5.003][PV0.8][DV1.1]_mapped.xml
[2026-03-18 14:49:45] RUN xml_to_docx.py -> C:\Users\koengo\OneDrive - Cegeka\Documents\Reusable Assets\Products\output\xml\SD - Dedicated LAN platform management [PRD.4.5.003][PV0.8][DV1.1]_mapped.xml
[2026-03-18 14:49:46] PIPELINE OK
[2026-03-18 15:03:32] START PIPELINE for C:\Users\koengo\Cegeka\Product Management - Product Management Library\Business Line - Security & Compliance\[4.L] Outsourcing Services\SD - Dedicated LAN platform management [PRD.4.5.003][PV0.8][DV1.1].docx
[2026-03-18 15:03:32] RUN extract_html.py -> C:\Users\koengo\Cegeka\Product Management - Product Management Library\Business Line - Security & Compliance\[4.L] Outsourcing Services\SD - Dedicated LAN platform management [PRD.4.5.003][PV0.8][DV1.1].docx
[2026-03-18 15:03:32] START extract_html for: C:\Users\koengo\Cegeka\Product Management - Product Management Library\Business Line - Security & Compliance\[4.L] Outsourcing Services\SD - Dedicated LAN platform management [PRD.4.5.003][PV0.8][DV1.1].docx
[2026-03-18 15:03:32] HTML saved: extracted_html\SD - Dedicated LAN platform management [PRD.4.5.003][PV0.8][DV1.1].html
[2026-03-18 15:03:32] extract_html OK
[2026-03-18 15:03:32] RUN parse_html_sections.py -> C:\Users\koengo\OneDrive - Cegeka\Documents\Reusable Assets\Products\extracted_html\SD - Dedicated LAN platform management [PRD.4.5.003][PV0.8][DV1.1].html
[2026-03-18 15:03:32] START parse_html for: C:\Users\koengo\OneDrive - Cegeka\Documents\Reusable Assets\Products\extracted_html\SD - Dedicated LAN platform management [PRD.4.5.003][PV0.8][DV1.1].html
[2026-03-18 15:03:33] PARSE OK → output\json\SD - Dedicated LAN platform management [PRD.4.5.003][PV0.8][DV1.1].json
[2026-03-18 15:03:33] RUN auto_map_sections.py -> C:\Users\koengo\OneDrive - Cegeka\Documents\Reusable Assets\Products\output\json\SD - Dedicated LAN platform management [PRD.4.5.003][PV0.8][DV1.1].json
[2026-03-18 15:03:33] START auto_map for: C:\Users\koengo\OneDrive - Cegeka\Documents\Reusable Assets\Products\output\json\SD - Dedicated LAN platform management [PRD.4.5.003][PV0.8][DV1.1].json
[2026-03-18 15:03:33] auto_map OK → output\mapped\SD - Dedicated LAN platform management [PRD.4.5.003][PV0.8][DV1.1]_mapped.json
[2026-03-18 15:03:33] JSON->XML OK -> C:\Users\koengo\OneDrive - Cegeka\Documents\Reusable Assets\Products\output\xml\SD - Dedicated LAN platform management [PRD.4.5.003][PV0.8][DV1.1]_mapped.xml
[2026-03-18 15:03:33] RUN xml_to_docx.py -> C:\Users\koengo\OneDrive - Cegeka\Documents\Reusable Assets\Products\output\xml\SD - Dedicated LAN platform management [PRD.4.5.003][PV0.8][DV1.1]_mapped.xml
[2026-03-18 15:03:33] PIPELINE OK
