[2026-03-17 23:34:16] [TID:1284] Start processing SD: SD - Cegeka Security Advisory Framework - IGA Assessment - Elimity [PRD.4.1.004][PV1.0][DV1.0].docx
[2026-03-17 23:34:16] [TID:1284] Extracting HTML...
[2026-03-17 23:34:17] [TID:1284] ERROR SD - Cegeka Security Advisory Framework - IGA Assessment - Elimity [PRD.4.1.004][PV1.0][DV1.0].docx: Command '['C:\\Users\\koengo\\AppData\\Local\\Programs\\Python\\Python312\\python.exe', 'C:\\Users\\koengo\\OneDrive - Cegeka\\Documents\\Reusable Assets\\Products\\scripts\\extract_html.py', 'C:\\Users\\koengo\\Cegeka\\Product Management - Product Management Library\\Business Line - Security & Compliance\\[4.1] Cybersecurity\\[PRD.4.1.004] Cegeka Security Advisory Framework\\SD - Cegeka Security Advisory Framework - IGA Assessment - Elimity [PRD.4.1.004][PV1.0][DV1.0].docx']' returned non-zero exit status 1.
[2026-03-17 23:39:37] [TID:19068] START SD - Cegeka Security Advisory Framework - IGA Assessment - Elimity [PRD.4.1.004][PV1.0][DV1.0].docx
[2026-03-17 23:39:37] [TID:19068] Extracting HTML...
[2026-03-17 23:39:37] [TID:19068] ERROR SD - Cegeka Security Advisory Framework - IGA Assessment - Elimity [PRD.4.1.004][PV1.0][DV1.0].docx: Command '['C:\\Users\\koengo\\AppData\\Local\\Programs\\Python\\Python312\\python.exe', 'C:\\Users\\koengo\\OneDrive - Cegeka\\Documents\\Reusable Assets\\Products\\scripts\\extract_html.py', 'C:\\Users\\koengo\\Cegeka\\Product Management - Product Management Library\\Business Line - Security & Compliance\\[4.1] Cybersecurity\\[PRD.4.1.004] Cegeka Security Advisory Framework\\SD - Cegeka Security Advisory Framework - IGA Assessment - Elimity [PRD.4.1.004][PV1.0][DV1.0].docx']' returned non-zero exit status 1.
[2026-03-17 23:44:48] [TID:23024] START SD - Cegeka Security Advisory Framework - IGA Assessment - Elimity [PRD.4.1.004][PV1.0][DV1.0].docx
[2026-03-17 23:44:48] [TID:23024] Extracting HTML...
[2026-03-17 23:44:49] [TID:23024] ERROR SD - Cegeka Security Advisory Framework - IGA Assessment - Elimity [PRD.4.1.004][PV1.0][DV1.0].docx: Command '['C:\\Users\\koengo\\AppData\\Local\\Programs\\Python\\Python312\\python.exe', 'C:\\Users\\koengo\\OneDrive - Cegeka\\Documents\\Reusable Assets\\Products\\scripts\\extract_html.py', 'C:\\Users\\koengo\\Cegeka\\Product Management - Product Management Library\\Business Line - Security & Compliance\\[4.1] Cybersecurity\\[PRD.4.1.004] Cegeka Security Advisory Framework\\SD - Cegeka Security Advisory Framework - IGA Assessment - Elimity [PRD.4.1.004][PV1.0][DV1.0].docx']' returned non-zero exit status 1.
[2026-03-17 23:47:16] [TID:25432] START SD - Cegeka Security Advisory Framework - IGA Assessment - Elimity [PRD.4.1.004][PV1.0][DV1.0].docx
[2026-03-17 23:47:16] [TID:25432] Extracting HTML...
[2026-03-17 23:47:17] [TID:25432] ERROR SD - Cegeka Security Advisory Framework - IGA Assessment - Elimity [PRD.4.1.004][PV1.0][DV1.0].docx: Command '['C:\\Users\\koengo\\AppData\\Local\\Programs\\Python\\Python312\\python.exe', 'C:\\Users\\koengo\\OneDrive - Cegeka\\Documents\\Reusable Assets\\Products\\scripts\\extract_html.py', 'C:\\Users\\koengo\\Cegeka\\Product Management - Product Management Library\\Business Line - Security & Compliance\\[4.1] Cybersecurity\\[PRD.4.1.004] Cegeka Security Advisory Framework\\SD - Cegeka Security Advisory Framework - IGA Assessment - Elimity [PRD.4.1.004][PV1.0][DV1.0].docx']' returned non-zero exit status 1.
[2026-03-17 23:54:47] [TID:14824] START SD - Cegeka Security Advisory Framework - IGA Assessment - Elimity [PRD.4.1.004][PV1.0][DV1.0].docx
[2026-03-17 23:54:47] [TID:14824] Extracting HTML...
[2026-03-17 23:54:48] [TID:14824] ERROR SD - Cegeka Security Advisory Framework - IGA Assessment - Elimity [PRD.4.1.004][PV1.0][DV1.0].docx: Command '['C:\\Users\\koengo\\AppData\\Local\\Programs\\Python\\Python312\\python.exe', 'C:\\Users\\koengo\\OneDrive - Cegeka\\Documents\\Reusable Assets\\Products\\scripts\\extract_html.py', 'C:\\Users\\koengo\\Cegeka\\Product Management - Product Management Library\\Business Line - Security & Compliance\\[4.1] Cybersecurity\\[PRD.4.1.004] Cegeka Security Advisory Framework\\SD - Cegeka Security Advisory Framework - IGA Assessment - Elimity [PRD.4.1.004][PV1.0][DV1.0].docx']' returned non-zero exit status 1.
[2026-03-18 00:02:11] [TID:24992] START SD - Cegeka Security Advisory Framework - IGA Assessment - Elimity [PRD.4.1.004][PV1.0][DV1.0].docx
[2026-03-18 00:02:11] [TID:24992] Extracting HTML...
[2026-03-18 00:02:11] [TID:24992] ERROR SD - Cegeka Security Advisory Framework - IGA Assessment - Elimity [PRD.4.1.004][PV1.0][DV1.0].docx: Command '['C:\\Users\\koengo\\AppData\\Local\\Programs\\Python\\Python312\\python.exe', 'C:\\Users\\koengo\\OneDrive - Cegeka\\Documents\\Reusable Assets\\Products\\scripts\\extract_html.py', 'C:\\Users\\koengo\\Cegeka\\Product Management - Product Management Library\\Business Line - Security & Compliance\\[4.1] Cybersecurity\\[PRD.4.1.004] Cegeka Security Advisory Framework\\SD - Cegeka Security Advisory Framework - IGA Assessment - Elimity [PRD.4.1.004][PV1.0][DV1.0].docx']' returned non-zero exit status 1.
[2026-03-18 00:11:25] [TID:15816] START SD - Cegeka Security Advisory Framework - IGA Assessment - Elimity [PRD.4.1.004][PV1.0][DV1.0].docx
[2026-03-18 00:11:25] [TID:15816] Extracting HTML...
[2026-03-18 00:11:25] [TID:15816] ERROR SD - Cegeka Security Advisory Framework - IGA Assessment - Elimity [PRD.4.1.004][PV1.0][DV1.0].docx: Command '['C:\\Users\\koengo\\AppData\\Local\\Programs\\Python\\Python312\\python.exe', 'C:\\Users\\koengo\\OneDrive - Cegeka\\Documents\\Reusable Assets\\Products\\scripts\\extract_html.py', 'C:\\Users\\koengo\\Cegeka\\Product Management - Product Management Library\\Business Line - Security & Compliance\\[4.1] Cybersecurity\\[PRD.4.1.004] Cegeka Security Advisory Framework\\SD - Cegeka Security Advisory Framework - IGA Assessment - Elimity [PRD.4.1.004][PV1.0][DV1.0].docx']' returned non-zero exit status 1.
[2026-03-18 00:24:50] [TID:29648] START SD - Cegeka Security Advisory Framework - IGA Assessment - Elimity [PRD.4.1.004][PV1.0][DV1.0].docx
[2026-03-18 00:24:50] [TID:29648] [DEBUG] Running step: extract_html
[2026-03-18 00:24:50] [TID:29648] [DEBUG] Command: ['C:\\Users\\koengo\\AppData\\Local\\Programs\\Python\\Python312\\python.exe', 'C:\\Users\\koengo\\OneDrive - Cegeka\\Documents\\Reusable Assets\\Products\\scripts\\extract_html.py', 'C:\\Users\\koengo\\Cegeka\\Product Management - Product Management Library\\Business Line - Security & Compliance\\[4.1] Cybersecurity\\[PRD.4.1.004] Cegeka Security Advisory Framework\\SD - Cegeka Security Advisory Framework - IGA Assessment - Elimity [PRD.4.1.004][PV1.0][DV1.0].docx']
[2026-03-18 00:24:51] [TID:29648] [DEBUG][stderr] Traceback (most recent call last):
  File "C:\Users\koengo\OneDrive - Cegeka\Documents\Reusable Assets\Products\scripts\extract_html.py", line 12, in <module>
    with open(sd_file, "rb") as f:
         ^^^^^^^^^^^^^^^^^^^
FileNotFoundError: [Errno 2] No such file or directory: 'C:\\Users\\koengo\\Cegeka\\Product Management - Product Management Library\\Business Line - Security & Compliance\\[4.1] Cybersecurity\\[PRD.4.1.004] Cegeka Security Advisory Framework\\SD - Cegeka Security Advisory Framework - IGA Assessment - Elimity [PRD.4.1.004][PV1.0][DV1.0].docx'

[2026-03-18 00:24:51] [TID:29648] ERROR SD - Cegeka Security Advisory Framework - IGA Assessment - Elimity [PRD.4.1.004][PV1.0][DV1.0].docx: [extract_html] FAILED with exit code 1
[2026-03-18 00:28:48] [TID:29492] START SD - Cegeka Security Advisory Framework - IGA Assessment - Elimity [PRD.4.1.004][PV1.0][DV1.0].docx
[2026-03-18 00:28:49] [TID:29492] [DEBUG] Running step: extract_html
[2026-03-18 00:28:49] [TID:29492] [DEBUG] Command: ['C:\\Users\\koengo\\AppData\\Local\\Programs\\Python\\Python312\\python.exe', 'C:\\Users\\koengo\\OneDrive - Cegeka\\Documents\\Reusable Assets\\Products\\scripts\\extract_html.py', 'C:\\Users\\koengo\\Cegeka\\Product Management - Product Management Library\\Business Line - Security & Compliance\\[4.1] Cybersecurity\\[PRD.4.1.004] Cegeka Security Advisory Framework\\SD - Cegeka Security Advisory Framework - IGA Assessment - Elimity [PRD.4.1.004][PV1.0][DV1.0].docx']
[2026-03-18 00:28:49] [TID:29492] [DEBUG][stderr] Traceback (most recent call last):
  File "C:\Users\koengo\OneDrive - Cegeka\Documents\Reusable Assets\Products\scripts\extract_html.py", line 12, in <module>
    with open(sd_file, "rb") as f:
         ^^^^^^^^^^^^^^^^^^^
FileNotFoundError: [Errno 2] No such file or directory: 'C:\\Users\\koengo\\Cegeka\\Product Management - Product Management Library\\Business Line - Security & Compliance\\[4.1] Cybersecurity\\[PRD.4.1.004] Cegeka Security Advisory Framework\\SD - Cegeka Security Advisory Framework - IGA Assessment - Elimity [PRD.4.1.004][PV1.0][DV1.0].docx'

[2026-03-18 00:28:50] [TID:29492] ERROR SD - Cegeka Security Advisory Framework - IGA Assessment - Elimity [PRD.4.1.004][PV1.0][DV1.0].docx: [extract_html] FAILED with exit code 1
[2026-03-18 00:39:50] [TID:12044] START SD - Cegeka Security Advisory Framework - IGA Assessment - Elimity [PRD.4.1.004][PV1.0][DV1.0].docx
[2026-03-18 00:39:50] [TID:12044] [DEBUG] Running step: extract_html
[2026-03-18 00:39:51] [TID:12044] [DEBUG] Command: ['C:\\Users\\koengo\\AppData\\Local\\Programs\\Python\\Python312\\python.exe', 'C:\\Users\\koengo\\OneDrive - Cegeka\\Documents\\Reusable Assets\\Products\\scripts\\extract_html.py', 'C:\\Users\\koengo\\Cegeka\\Product Management - Product Management Library\\Business Line - Security & Compliance\\[4.1] Cybersecurity\\[PRD.4.1.004] Cegeka Security Advisory Framework\\SD - Cegeka Security Advisory Framework - IGA Assessment - Elimity [PRD.4.1.004][PV1.0][DV1.0].docx']
[2026-03-18 00:39:51] [TID:12044] [DEBUG][stderr] Traceback (most recent call last):
  File "C:\Users\koengo\OneDrive - Cegeka\Documents\Reusable Assets\Products\scripts\extract_html.py", line 12, in <module>
    with open(sd_file, "rb") as f:
         ^^^^^^^^^^^^^^^^^^^
FileNotFoundError: [Errno 2] No such file or directory: 'C:\\Users\\koengo\\Cegeka\\Product Management - Product Management Library\\Business Line - Security & Compliance\\[4.1] Cybersecurity\\[PRD.4.1.004] Cegeka Security Advisory Framework\\SD - Cegeka Security Advisory Framework - IGA Assessment - Elimity [PRD.4.1.004][PV1.0][DV1.0].docx'

[2026-03-18 00:39:51] [TID:12044] ERROR SD - Cegeka Security Advisory Framework - IGA Assessment - Elimity [PRD.4.1.004][PV1.0][DV1.0].docx: [extract_html] FAILED with exit code 1
[2026-03-18 00:52:06] [TID:1204] START SD - Cegeka Security Advisory Framework - IGA Assessment - Elimity [PRD.4.1.004][PV1.0][DV1.0].docx
[2026-03-18 00:52:06] [TID:1204] [DEBUG] Running step: extract_html
[2026-03-18 00:52:06] [TID:1204] [DEBUG] Command: ['C:\\Users\\koengo\\AppData\\Local\\Programs\\Python\\Python312\\python.exe', 'C:\\Users\\koengo\\OneDrive - Cegeka\\Documents\\Reusable Assets\\Products\\scripts\\extract_html.py', 'C:\\Users\\koengo\\Cegeka\\Product Management - Product Management Library\\Business Line - Security & Compliance\\[4.1] Cybersecurity\\[PRD.4.1.004] Cegeka Security Advisory Framework\\SD - Cegeka Security Advisory Framework - IGA Assessment - Elimity [PRD.4.1.004][PV1.0][DV1.0].docx']
[2026-03-18 00:52:07] [TID:1204] [DEBUG][stdout] EXTRACT ERROR: [Errno 2] No such file or directory: 'C:\\Users\\koengo\\Cegeka\\Product Management - Product Management Library\\Business Line - Security & Compliance\\[4.1] Cybersecurity\\[PRD.4.1.004] Cegeka Security Advisory Framework\\SD - Cegeka Security Advisory Framework - IGA Assessment - Elimity [PRD.4.1.004][PV1.0][DV1.0].docx'

[2026-03-18 00:52:07] [TID:1204] ERROR SD - Cegeka Security Advisory Framework - IGA Assessment - Elimity [PRD.4.1.004][PV1.0][DV1.0].docx: [extract_html] FAILED with exit code 1
[2026-03-18 01:01:24] [TID:14528] START SD - Cegeka Security Advisory Framework - IGA Assessment - Elimity [PRD.4.1.004][PV1.0][DV1.0].docx
[2026-03-18 01:01:24] [TID:14528] [DEBUG] Running step: extract_html
[2026-03-18 01:01:24] [TID:14528] [DEBUG] Command: ['C:\\Users\\koengo\\AppData\\Local\\Programs\\Python\\Python312\\python.exe', 'C:\\Users\\koengo\\OneDrive - Cegeka\\Documents\\Reusable Assets\\Products\\scripts\\extract_html.py', 'C:\\Users\\koengo\\Cegeka\\Product Management - Product Management Library\\Business Line - Security & Compliance\\[4.1] Cybersecurity\\[PRD.4.1.004] Cegeka Security Advisory Framework\\SD - Cegeka Security Advisory Framework - IGA Assessment - Elimity [PRD.4.1.004][PV1.0][DV1.0].docx']
[2026-03-18 01:01:25] [TID:14528] [DEBUG][stdout] EXTRACT ERROR: [Errno 2] No such file or directory: 'C:\\Users\\koengo\\Cegeka\\Product Management - Product Management Library\\Business Line - Security & Compliance\\[4.1] Cybersecurity\\[PRD.4.1.004] Cegeka Security Advisory Framework\\SD - Cegeka Security Advisory Framework - IGA Assessment - Elimity [PRD.4.1.004][PV1.0][DV1.0].docx'

[2026-03-18 01:01:25] [TID:14528] ERROR SD - Cegeka Security Advisory Framework - IGA Assessment - Elimity [PRD.4.1.004][PV1.0][DV1.0].docx: [extract_html] FAILED with exit code 1
[2026-03-18 01:17:00] [TID:18856] START SD - Cegeka Security Advisory Framework - IGA Assessment - Elimity [PRD.4.1.004][PV1.0][DV1.0].docx
[2026-03-18 01:17:00] [TID:18856] [DEBUG] Running step: extract_html
[2026-03-18 01:17:00] [TID:18856] [DEBUG] Command: ['C:\\Users\\koengo\\AppData\\Local\\Programs\\Python\\Python312\\python.exe', 'C:\\Users\\koengo\\OneDrive - Cegeka\\Documents\\Reusable Assets\\Products\\scripts\\extract_html.py', 'C:\\Users\\koengo\\Cegeka\\Product Management - Product Management Library\\Business Line - Security & Compliance\\[4.1] Cybersecurity\\[PRD.4.1.004] Cegeka Security Advisory Framework\\SD - Cegeka Security Advisory Framework - IGA Assessment - Elimity [PRD.4.1.004][PV1.0][DV1.0].docx']
[2026-03-18 01:17:00] [TID:18856] [DEBUG][stdout] EXTRACT ERROR: [Errno 2] No such file or directory: 'C:\\Users\\koengo\\Cegeka\\Product Management - Product Management Library\\Business Line - Security & Compliance\\[4.1] Cybersecurity\\[PRD.4.1.004] Cegeka Security Advisory Framework\\SD - Cegeka Security Advisory Framework - IGA Assessment - Elimity [PRD.4.1.004][PV1.0][DV1.0].docx'

[2026-03-18 01:17:00] [TID:18856] ERROR SD - Cegeka Security Advisory Framework - IGA Assessment - Elimity [PRD.4.1.004][PV1.0][DV1.0].docx: [extract_html] FAILED with exit code 1
[2026-03-18 01:30:48] [TID:24236] START SD - Cegeka Security Advisory Framework - IGA Assessment - Elimity [PRD.4.1.004][PV1.0][DV1.0].docx
[2026-03-18 01:30:48] [TID:24236] [DEBUG] Running step: extract_html
[2026-03-18 01:30:48] [TID:24236] [DEBUG] Command: ['C:\\Users\\koengo\\AppData\\Local\\Programs\\Python\\Python312\\python.exe', 'C:\\Users\\koengo\\OneDrive - Cegeka\\Documents\\Reusable Assets\\Products\\scripts\\extract_html.py', 'C:\\Users\\koengo\\Cegeka\\Product Management - Product Management Library\\Business Line - Security & Compliance\\[4.1] Cybersecurity\\[PRD.4.1.004] Cegeka Security Advisory Framework\\SD - Cegeka Security Advisory Framework - IGA Assessment - Elimity [PRD.4.1.004][PV1.0][DV1.0].docx']
[2026-03-18 01:30:48] [TID:24236] [DEBUG][stderr]   File "C:\Users\koengo\OneDrive - Cegeka\Documents\Reusable Assets\Products\scripts\extract_html.py", line 31
    ``
    ^
SyntaxError: invalid syntax

[2026-03-18 01:30:48] [TID:24236] ERROR SD - Cegeka Security Advisory Framework - IGA Assessment - Elimity [PRD.4.1.004][PV1.0][DV1.0].docx: [extract_html] FAILED with exit code 1
[2026-03-18 01:33:19] [TID:19504] START SD - Cegeka Security Advisory Framework - IGA Assessment - Elimity [PRD.4.1.004][PV1.0][DV1.0].docx
[2026-03-18 01:33:19] [TID:19504] [DEBUG] Running step: extract_html
[2026-03-18 01:33:19] [TID:19504] [DEBUG] Command: ['C:\\Users\\koengo\\AppData\\Local\\Programs\\Python\\Python312\\python.exe', 'C:\\Users\\koengo\\OneDrive - Cegeka\\Documents\\Reusable Assets\\Products\\scripts\\extract_html.py', 'C:\\Users\\koengo\\Cegeka\\Product Management - Product Management Library\\Business Line - Security & Compliance\\[4.1] Cybersecurity\\[PRD.4.1.004] Cegeka Security Advisory Framework\\SD - Cegeka Security Advisory Framework - IGA Assessment - Elimity [PRD.4.1.004][PV1.0][DV1.0].docx']
[2026-03-18 01:33:20] [TID:19504] [DEBUG][stdout] EXTRACT ERROR: [Errno 2] No such file or directory: 'C:\\Users\\koengo\\Cegeka\\Product Management - Product Management Library\\Business Line - Security & Compliance\\[4.1] Cybersecurity\\[PRD.4.1.004] Cegeka Security Advisory Framework\\SD - Cegeka Security Advisory Framework - IGA Assessment - Elimity [PRD.4.1.004][PV1.0][DV1.0].docx'

[2026-03-18 01:33:20] [TID:19504] ERROR SD - Cegeka Security Advisory Framework - IGA Assessment - Elimity [PRD.4.1.004][PV1.0][DV1.0].docx: [extract_html] FAILED with exit code 1
[2026-03-18 01:40:29] [TID:5648] START SD - Cegeka Security Advisory Framework - IGA Assessment - Elimity [PRD.4.1.004][PV1.0][DV1.0].docx
[2026-03-18 01:40:29] [TID:5648] [DEBUG] Running step: extract_html
[2026-03-18 01:40:29] [TID:5648] [DEBUG] Command: ['C:\\Users\\koengo\\AppData\\Local\\Programs\\Python\\Python312\\python.exe', 'C:\\Users\\koengo\\OneDrive - Cegeka\\Documents\\Reusable Assets\\Products\\scripts\\extract_html.py', 'C:\\Users\\koengo\\Cegeka\\Product Management - Product Management Library\\Business Line - Security & Compliance\\[4.1] Cybersecurity\\[PRD.4.1.004] Cegeka Security Advisory Framework\\SD - Cegeka Security Advisory Framework - IGA Assessment - Elimity [PRD.4.1.004][PV1.0][DV1.0].docx']
[2026-03-18 01:40:30] [TID:5648] [DEBUG][stdout] EXTRACT ERROR: [Errno 2] No such file or directory: 'C:\\Users\\koengo\\Cegeka\\Product Management - Product Management Library\\Business Line - Security & Compliance\\[4.1] Cybersecurity\\[PRD.4.1.004] Cegeka Security Advisory Framework\\SD - Cegeka Security Advisory Framework - IGA Assessment - Elimity [PRD.4.1.004][PV1.0][DV1.0].docx'

[2026-03-18 01:40:30] [TID:5648] ERROR SD - Cegeka Security Advisory Framework - IGA Assessment - Elimity [PRD.4.1.004][PV1.0][DV1.0].docx: [extract_html] FAILED with exit code 1
