[2026-03-17 23:34:11] [TID:22888] Start processing SD: SD - License Management - CSP License Rental [PRD.7.0.001][PV1.1][DV1.0].docx
[2026-03-17 23:34:11] [TID:22888] Extracting HTML...
[2026-03-17 23:34:13] [TID:22888] ERROR SD - License Management - CSP License Rental [PRD.7.0.001][PV1.1][DV1.0].docx: Command '['C:\\Users\\koengo\\AppData\\Local\\Programs\\Python\\Python312\\python.exe', 'C:\\Users\\koengo\\OneDrive - Cegeka\\Documents\\Reusable Assets\\Products\\scripts\\extract_html.py', 'C:\\Users\\koengo\\Cegeka\\Product Management - Product Management Library\\Business Line - Digital Employee eXperience\\[7.0] Cegeka Reselling\\[PRD.7.0.001] License Management\\SD - License Management - CSP License Rental [PRD.7.0.001][PV1.1][DV1.0].docx']' returned non-zero exit status 1.
[2026-03-17 23:39:32] [TID:28696] START SD - License Management - CSP License Rental [PRD.7.0.001][PV1.1][DV1.0].docx
[2026-03-17 23:39:32] [TID:28696] Extracting HTML...
[2026-03-17 23:39:33] [TID:28696] ERROR SD - License Management - CSP License Rental [PRD.7.0.001][PV1.1][DV1.0].docx: Command '['C:\\Users\\koengo\\AppData\\Local\\Programs\\Python\\Python312\\python.exe', 'C:\\Users\\koengo\\OneDrive - Cegeka\\Documents\\Reusable Assets\\Products\\scripts\\extract_html.py', 'C:\\Users\\koengo\\Cegeka\\Product Management - Product Management Library\\Business Line - Digital Employee eXperience\\[7.0] Cegeka Reselling\\[PRD.7.0.001] License Management\\SD - License Management - CSP License Rental [PRD.7.0.001][PV1.1][DV1.0].docx']' returned non-zero exit status 1.
[2026-03-17 23:44:44] [TID:17020] START SD - License Management - CSP License Rental [PRD.7.0.001][PV1.1][DV1.0].docx
[2026-03-17 23:44:44] [TID:17020] Extracting HTML...
[2026-03-17 23:44:45] [TID:17020] ERROR SD - License Management - CSP License Rental [PRD.7.0.001][PV1.1][DV1.0].docx: Command '['C:\\Users\\koengo\\AppData\\Local\\Programs\\Python\\Python312\\python.exe', 'C:\\Users\\koengo\\OneDrive - Cegeka\\Documents\\Reusable Assets\\Products\\scripts\\extract_html.py', 'C:\\Users\\koengo\\Cegeka\\Product Management - Product Management Library\\Business Line - Digital Employee eXperience\\[7.0] Cegeka Reselling\\[PRD.7.0.001] License Management\\SD - License Management - CSP License Rental [PRD.7.0.001][PV1.1][DV1.0].docx']' returned non-zero exit status 1.
[2026-03-17 23:47:12] [TID:12148] START SD - License Management - CSP License Rental [PRD.7.0.001][PV1.1][DV1.0].docx
[2026-03-17 23:47:12] [TID:12148] Extracting HTML...
[2026-03-17 23:47:13] [TID:12148] ERROR SD - License Management - CSP License Rental [PRD.7.0.001][PV1.1][DV1.0].docx: Command '['C:\\Users\\koengo\\AppData\\Local\\Programs\\Python\\Python312\\python.exe', 'C:\\Users\\koengo\\OneDrive - Cegeka\\Documents\\Reusable Assets\\Products\\scripts\\extract_html.py', 'C:\\Users\\koengo\\Cegeka\\Product Management - Product Management Library\\Business Line - Digital Employee eXperience\\[7.0] Cegeka Reselling\\[PRD.7.0.001] License Management\\SD - License Management - CSP License Rental [PRD.7.0.001][PV1.1][DV1.0].docx']' returned non-zero exit status 1.
[2026-03-17 23:54:41] [TID:29564] START SD - License Management - CSP License Rental [PRD.7.0.001][PV1.1][DV1.0].docx
[2026-03-17 23:54:42] [TID:29564] Extracting HTML...
[2026-03-17 23:54:42] [TID:29564] ERROR SD - License Management - CSP License Rental [PRD.7.0.001][PV1.1][DV1.0].docx: Command '['C:\\Users\\koengo\\AppData\\Local\\Programs\\Python\\Python312\\python.exe', 'C:\\Users\\koengo\\OneDrive - Cegeka\\Documents\\Reusable Assets\\Products\\scripts\\extract_html.py', 'C:\\Users\\koengo\\Cegeka\\Product Management - Product Management Library\\Business Line - Digital Employee eXperience\\[7.0] Cegeka Reselling\\[PRD.7.0.001] License Management\\SD - License Management - CSP License Rental [PRD.7.0.001][PV1.1][DV1.0].docx']' returned non-zero exit status 1.
[2026-03-18 00:02:06] [TID:24992] START SD - License Management - CSP License Rental [PRD.7.0.001][PV1.1][DV1.0].docx
[2026-03-18 00:02:06] [TID:24992] Extracting HTML...
[2026-03-18 00:02:07] [TID:24992] ERROR SD - License Management - CSP License Rental [PRD.7.0.001][PV1.1][DV1.0].docx: Command '['C:\\Users\\koengo\\AppData\\Local\\Programs\\Python\\Python312\\python.exe', 'C:\\Users\\koengo\\OneDrive - Cegeka\\Documents\\Reusable Assets\\Products\\scripts\\extract_html.py', 'C:\\Users\\koengo\\Cegeka\\Product Management - Product Management Library\\Business Line - Digital Employee eXperience\\[7.0] Cegeka Reselling\\[PRD.7.0.001] License Management\\SD - License Management - CSP License Rental [PRD.7.0.001][PV1.1][DV1.0].docx']' returned non-zero exit status 1.
[2026-03-18 00:11:19] [TID:11148] START SD - License Management - CSP License Rental [PRD.7.0.001][PV1.1][DV1.0].docx
[2026-03-18 00:11:19] [TID:11148] Extracting HTML...
[2026-03-18 00:11:20] [TID:11148] ERROR SD - License Management - CSP License Rental [PRD.7.0.001][PV1.1][DV1.0].docx: Command '['C:\\Users\\koengo\\AppData\\Local\\Programs\\Python\\Python312\\python.exe', 'C:\\Users\\koengo\\OneDrive - Cegeka\\Documents\\Reusable Assets\\Products\\scripts\\extract_html.py', 'C:\\Users\\koengo\\Cegeka\\Product Management - Product Management Library\\Business Line - Digital Employee eXperience\\[7.0] Cegeka Reselling\\[PRD.7.0.001] License Management\\SD - License Management - CSP License Rental [PRD.7.0.001][PV1.1][DV1.0].docx']' returned non-zero exit status 1.
[2026-03-18 00:24:40] [TID:4384] START SD - License Management - CSP License Rental [PRD.7.0.001][PV1.1][DV1.0].docx
[2026-03-18 00:24:40] [TID:4384] [DEBUG] Running step: extract_html
[2026-03-18 00:24:40] [TID:4384] [DEBUG] Command: ['C:\\Users\\koengo\\AppData\\Local\\Programs\\Python\\Python312\\python.exe', 'C:\\Users\\koengo\\OneDrive - Cegeka\\Documents\\Reusable Assets\\Products\\scripts\\extract_html.py', 'C:\\Users\\koengo\\Cegeka\\Product Management - Product Management Library\\Business Line - Digital Employee eXperience\\[7.0] Cegeka Reselling\\[PRD.7.0.001] License Management\\SD - License Management - CSP License Rental [PRD.7.0.001][PV1.1][DV1.0].docx']
[2026-03-18 00:24:41] [TID:4384] [DEBUG][stderr] Traceback (most recent call last):
  File "C:\Users\koengo\OneDrive - Cegeka\Documents\Reusable Assets\Products\scripts\extract_html.py", line 17, in <module>
    print(f"\u2714 HTML saved \u2192 {out_file}")
  File "C:\Users\koengo\AppData\Local\Programs\Python\Python312\Lib\encodings\cp1252.py", line 19, in encode
    return codecs.charmap_encode(input,self.errors,encoding_table)[0]
           ^^^^^^^^^^^^^^^^^^^^^^^^^^^^^^^^^^^^^^^^^^^^^^^^^^^^^^^
UnicodeEncodeError: 'charmap' codec can't encode character '\u2714' in position 0: character maps to <undefined>

[2026-03-18 00:24:41] [TID:4384] ERROR SD - License Management - CSP License Rental [PRD.7.0.001][PV1.1][DV1.0].docx: [extract_html] FAILED with exit code 1
[2026-03-18 00:28:40] [TID:18548] START SD - License Management - CSP License Rental [PRD.7.0.001][PV1.1][DV1.0].docx
[2026-03-18 00:28:40] [TID:18548] [DEBUG] Running step: extract_html
[2026-03-18 00:28:40] [TID:18548] [DEBUG] Command: ['C:\\Users\\koengo\\AppData\\Local\\Programs\\Python\\Python312\\python.exe', 'C:\\Users\\koengo\\OneDrive - Cegeka\\Documents\\Reusable Assets\\Products\\scripts\\extract_html.py', 'C:\\Users\\koengo\\Cegeka\\Product Management - Product Management Library\\Business Line - Digital Employee eXperience\\[7.0] Cegeka Reselling\\[PRD.7.0.001] License Management\\SD - License Management - CSP License Rental [PRD.7.0.001][PV1.1][DV1.0].docx']
[2026-03-18 00:28:41] [TID:18548] [DEBUG][stderr] Traceback (most recent call last):
  File "C:\Users\koengo\OneDrive - Cegeka\Documents\Reusable Assets\Products\scripts\extract_html.py", line 17, in <module>
    print(f"\u2714 HTML saved \u2192 {out_file}")
  File "C:\Users\koengo\AppData\Local\Programs\Python\Python312\Lib\encodings\cp1252.py", line 19, in encode
    return codecs.charmap_encode(input,self.errors,encoding_table)[0]
           ^^^^^^^^^^^^^^^^^^^^^^^^^^^^^^^^^^^^^^^^^^^^^^^^^^^^^^^
UnicodeEncodeError: 'charmap' codec can't encode character '\u2714' in position 0: character maps to <undefined>

[2026-03-18 00:28:41] [TID:18548] ERROR SD - License Management - CSP License Rental [PRD.7.0.001][PV1.1][DV1.0].docx: [extract_html] FAILED with exit code 1
[2026-03-18 00:39:41] [TID:1172] START SD - License Management - CSP License Rental [PRD.7.0.001][PV1.1][DV1.0].docx
[2026-03-18 00:39:41] [TID:1172] [DEBUG] Running step: extract_html
[2026-03-18 00:39:41] [TID:1172] [DEBUG] Command: ['C:\\Users\\koengo\\AppData\\Local\\Programs\\Python\\Python312\\python.exe', 'C:\\Users\\koengo\\OneDrive - Cegeka\\Documents\\Reusable Assets\\Products\\scripts\\extract_html.py', 'C:\\Users\\koengo\\Cegeka\\Product Management - Product Management Library\\Business Line - Digital Employee eXperience\\[7.0] Cegeka Reselling\\[PRD.7.0.001] License Management\\SD - License Management - CSP License Rental [PRD.7.0.001][PV1.1][DV1.0].docx']
[2026-03-18 00:39:42] [TID:1172] [DEBUG][stderr] Traceback (most recent call last):
  File "C:\Users\koengo\OneDrive - Cegeka\Documents\Reusable Assets\Products\scripts\extract_html.py", line 17, in <module>
    print(f"\u2714 HTML saved \u2192 {out_file}")
  File "C:\Users\koengo\AppData\Local\Programs\Python\Python312\Lib\encodings\cp1252.py", line 19, in encode
    return codecs.charmap_encode(input,self.errors,encoding_table)[0]
           ^^^^^^^^^^^^^^^^^^^^^^^^^^^^^^^^^^^^^^^^^^^^^^^^^^^^^^^
UnicodeEncodeError: 'charmap' codec can't encode character '\u2714' in position 0: character maps to <undefined>

[2026-03-18 00:39:42] [TID:1172] ERROR SD - License Management - CSP License Rental [PRD.7.0.001][PV1.1][DV1.0].docx: [extract_html] FAILED with exit code 1
[2026-03-18 00:51:58] [TID:1204] START SD - License Management - CSP License Rental [PRD.7.0.001][PV1.1][DV1.0].docx
[2026-03-18 00:51:58] [TID:1204] [DEBUG] Running step: extract_html
[2026-03-18 00:51:58] [TID:1204] [DEBUG] Command: ['C:\\Users\\koengo\\AppData\\Local\\Programs\\Python\\Python312\\python.exe', 'C:\\Users\\koengo\\OneDrive - Cegeka\\Documents\\Reusable Assets\\Products\\scripts\\extract_html.py', 'C:\\Users\\koengo\\Cegeka\\Product Management - Product Management Library\\Business Line - Digital Employee eXperience\\[7.0] Cegeka Reselling\\[PRD.7.0.001] License Management\\SD - License Management - CSP License Rental [PRD.7.0.001][PV1.1][DV1.0].docx']
[2026-03-18 00:51:58] [TID:1204] [DEBUG][stdout] ✔ HTML saved for SD - License Management - CSP License Rental [PRD.7.0.001][PV1.1][DV1.0].docx

[2026-03-18 00:51:58] [TID:1204] [DEBUG] Step 'extract_html' OK
[2026-03-18 00:51:58] [TID:1204] [DEBUG] Running step: parse_html
[2026-03-18 00:51:58] [TID:1204] [DEBUG] Command: ['C:\\Users\\koengo\\AppData\\Local\\Programs\\Python\\Python312\\python.exe', 'C:\\Users\\koengo\\OneDrive - Cegeka\\Documents\\Reusable Assets\\Products\\scripts\\parse_html_sections.py', 'extracted_html\\SD - License Management - CSP License Rental [PRD.7.0.001][PV1.1][DV1.0].html']
[2026-03-18 00:51:59] [TID:1204] [DEBUG][stdout] ✔ Robust parsed → output\json\SD - License Management - CSP License Rental [PRD.7.0.001][PV1.1][DV1.0].json

[2026-03-18 00:51:59] [TID:1204] [DEBUG] Step 'parse_html' OK
[2026-03-18 00:51:59] [TID:1204] [DEBUG] Running step: auto_map
[2026-03-18 00:51:59] [TID:1204] [DEBUG] Command: ['C:\\Users\\koengo\\AppData\\Local\\Programs\\Python\\Python312\\python.exe', 'C:\\Users\\koengo\\OneDrive - Cegeka\\Documents\\Reusable Assets\\Products\\scripts\\auto_map_sections.py', 'output\\json\\SD - License Management - CSP License Rental [PRD.7.0.001][PV1.1][DV1.0].json']
[2026-03-18 00:51:59] [TID:1204] [DEBUG][stderr]   File "C:\Users\koengo\OneDrive - Cegeka\Documents\Reusable Assets\Products\scripts\auto_map_sections.py", line 26
    ``
    ^
SyntaxError: invalid syntax

[2026-03-18 00:51:59] [TID:1204] ERROR SD - License Management - CSP License Rental [PRD.7.0.001][PV1.1][DV1.0].docx: [auto_map] FAILED with exit code 1
[2026-03-18 01:01:16] [TID:14528] START SD - License Management - CSP License Rental [PRD.7.0.001][PV1.1][DV1.0].docx
[2026-03-18 01:01:16] [TID:14528] [DEBUG] Running step: extract_html
[2026-03-18 01:01:16] [TID:14528] [DEBUG] Command: ['C:\\Users\\koengo\\AppData\\Local\\Programs\\Python\\Python312\\python.exe', 'C:\\Users\\koengo\\OneDrive - Cegeka\\Documents\\Reusable Assets\\Products\\scripts\\extract_html.py', 'C:\\Users\\koengo\\Cegeka\\Product Management - Product Management Library\\Business Line - Digital Employee eXperience\\[7.0] Cegeka Reselling\\[PRD.7.0.001] License Management\\SD - License Management - CSP License Rental [PRD.7.0.001][PV1.1][DV1.0].docx']
[2026-03-18 01:01:16] [TID:14528] [DEBUG][stdout] ✔ HTML saved for SD - License Management - CSP License Rental [PRD.7.0.001][PV1.1][DV1.0].docx

[2026-03-18 01:01:16] [TID:14528] [DEBUG] Step 'extract_html' OK
[2026-03-18 01:01:16] [TID:14528] [DEBUG] Running step: parse_html
[2026-03-18 01:01:16] [TID:14528] [DEBUG] Command: ['C:\\Users\\koengo\\AppData\\Local\\Programs\\Python\\Python312\\python.exe', 'C:\\Users\\koengo\\OneDrive - Cegeka\\Documents\\Reusable Assets\\Products\\scripts\\parse_html_sections.py', 'extracted_html\\SD - License Management - CSP License Rental [PRD.7.0.001][PV1.1][DV1.0].html']
[2026-03-18 01:01:17] [TID:14528] [DEBUG][stdout] ✔ Robust parsed → output\json\SD - License Management - CSP License Rental [PRD.7.0.001][PV1.1][DV1.0].json

[2026-03-18 01:01:17] [TID:14528] [DEBUG] Step 'parse_html' OK
[2026-03-18 01:01:17] [TID:14528] [DEBUG] Running step: auto_map
[2026-03-18 01:01:17] [TID:14528] [DEBUG] Command: ['C:\\Users\\koengo\\AppData\\Local\\Programs\\Python\\Python312\\python.exe', 'C:\\Users\\koengo\\OneDrive - Cegeka\\Documents\\Reusable Assets\\Products\\scripts\\auto_map_sections.py', 'output\\json\\SD - License Management - CSP License Rental [PRD.7.0.001][PV1.1][DV1.0].json']
[2026-03-18 01:01:17] [TID:14528] [DEBUG][stderr]   File "C:\Users\koengo\OneDrive - Cegeka\Documents\Reusable Assets\Products\scripts\auto_map_sections.py", line 26
    ``
    ^
SyntaxError: invalid syntax

[2026-03-18 01:01:17] [TID:14528] ERROR SD - License Management - CSP License Rental [PRD.7.0.001][PV1.1][DV1.0].docx: [auto_map] FAILED with exit code 1
[2026-03-18 01:16:51] [TID:18856] START SD - License Management - CSP License Rental [PRD.7.0.001][PV1.1][DV1.0].docx
[2026-03-18 01:16:51] [TID:18856] [DEBUG] Running step: extract_html
[2026-03-18 01:16:51] [TID:18856] [DEBUG] Command: ['C:\\Users\\koengo\\AppData\\Local\\Programs\\Python\\Python312\\python.exe', 'C:\\Users\\koengo\\OneDrive - Cegeka\\Documents\\Reusable Assets\\Products\\scripts\\extract_html.py', 'C:\\Users\\koengo\\Cegeka\\Product Management - Product Management Library\\Business Line - Digital Employee eXperience\\[7.0] Cegeka Reselling\\[PRD.7.0.001] License Management\\SD - License Management - CSP License Rental [PRD.7.0.001][PV1.1][DV1.0].docx']
[2026-03-18 01:16:52] [TID:18856] [DEBUG][stdout] ✔ HTML saved for SD - License Management - CSP License Rental [PRD.7.0.001][PV1.1][DV1.0].docx

[2026-03-18 01:16:52] [TID:18856] [DEBUG] Step 'extract_html' OK
[2026-03-18 01:16:52] [TID:18856] [DEBUG] Running step: parse_html
[2026-03-18 01:16:52] [TID:18856] [DEBUG] Command: ['C:\\Users\\koengo\\AppData\\Local\\Programs\\Python\\Python312\\python.exe', 'C:\\Users\\koengo\\OneDrive - Cegeka\\Documents\\Reusable Assets\\Products\\scripts\\parse_html_sections.py', 'extracted_html\\SD - License Management - CSP License Rental [PRD.7.0.001][PV1.1][DV1.0].html']
[2026-03-18 01:16:53] [TID:18856] [DEBUG][stdout] ✔ Robust parsed → output\json\SD - License Management - CSP License Rental [PRD.7.0.001][PV1.1][DV1.0].json

[2026-03-18 01:16:53] [TID:18856] [DEBUG] Step 'parse_html' OK
[2026-03-18 01:16:53] [TID:18856] [DEBUG] Running step: auto_map
[2026-03-18 01:16:53] [TID:18856] [DEBUG] Command: ['C:\\Users\\koengo\\AppData\\Local\\Programs\\Python\\Python312\\python.exe', 'C:\\Users\\koengo\\OneDrive - Cegeka\\Documents\\Reusable Assets\\Products\\scripts\\auto_map_sections.py', 'output\\json\\SD - License Management - CSP License Rental [PRD.7.0.001][PV1.1][DV1.0].json']
[2026-03-18 01:16:53] [TID:18856] [DEBUG][stderr]   File "C:\Users\koengo\OneDrive - Cegeka\Documents\Reusable Assets\Products\scripts\auto_map_sections.py", line 26
    ``
    ^
SyntaxError: invalid syntax

[2026-03-18 01:16:53] [TID:18856] ERROR SD - License Management - CSP License Rental [PRD.7.0.001][PV1.1][DV1.0].docx: [auto_map] FAILED with exit code 1
[2026-03-18 01:30:48] [TID:24236] START SD - License Management - CSP License Rental [PRD.7.0.001][PV1.1][DV1.0].docx
[2026-03-18 01:30:48] [TID:24236] [DEBUG] Running step: extract_html
[2026-03-18 01:30:48] [TID:24236] [DEBUG] Command: ['C:\\Users\\koengo\\AppData\\Local\\Programs\\Python\\Python312\\python.exe', 'C:\\Users\\koengo\\OneDrive - Cegeka\\Documents\\Reusable Assets\\Products\\scripts\\extract_html.py', 'C:\\Users\\koengo\\Cegeka\\Product Management - Product Management Library\\Business Line - Digital Employee eXperience\\[7.0] Cegeka Reselling\\[PRD.7.0.001] License Management\\SD - License Management - CSP License Rental [PRD.7.0.001][PV1.1][DV1.0].docx']
[2026-03-18 01:30:48] [TID:24236] [DEBUG][stderr]   File "C:\Users\koengo\OneDrive - Cegeka\Documents\Reusable Assets\Products\scripts\extract_html.py", line 31
    ``
    ^
SyntaxError: invalid syntax

[2026-03-18 01:30:48] [TID:24236] ERROR SD - License Management - CSP License Rental [PRD.7.0.001][PV1.1][DV1.0].docx: [extract_html] FAILED with exit code 1
[2026-03-18 01:33:10] [TID:28000] START SD - License Management - CSP License Rental [PRD.7.0.001][PV1.1][DV1.0].docx
[2026-03-18 01:33:10] [TID:28000] [DEBUG] Running step: extract_html
[2026-03-18 01:33:10] [TID:28000] [DEBUG] Command: ['C:\\Users\\koengo\\AppData\\Local\\Programs\\Python\\Python312\\python.exe', 'C:\\Users\\koengo\\OneDrive - Cegeka\\Documents\\Reusable Assets\\Products\\scripts\\extract_html.py', 'C:\\Users\\koengo\\Cegeka\\Product Management - Product Management Library\\Business Line - Digital Employee eXperience\\[7.0] Cegeka Reselling\\[PRD.7.0.001] License Management\\SD - License Management - CSP License Rental [PRD.7.0.001][PV1.1][DV1.0].docx']
[2026-03-18 01:33:11] [TID:28000] [DEBUG][stdout] HTML saved: SD - License Management - CSP License Rental [PRD.7.0.001][PV1.1][DV1.0].html

[2026-03-18 01:33:11] [TID:28000] [DEBUG] Step 'extract_html' OK
[2026-03-18 01:33:11] [TID:28000] [DEBUG] Running step: parse_html
[2026-03-18 01:33:11] [TID:28000] [DEBUG] Command: ['C:\\Users\\koengo\\AppData\\Local\\Programs\\Python\\Python312\\python.exe', 'C:\\Users\\koengo\\OneDrive - Cegeka\\Documents\\Reusable Assets\\Products\\scripts\\parse_html_sections.py', 'extracted_html\\SD - License Management - CSP License Rental [PRD.7.0.001][PV1.1][DV1.0].html']
[2026-03-18 01:33:12] [TID:28000] [DEBUG][stdout] ✔ Robust parsed → output\json\SD - License Management - CSP License Rental [PRD.7.0.001][PV1.1][DV1.0].json

[2026-03-18 01:33:12] [TID:28000] [DEBUG] Step 'parse_html' OK
[2026-03-18 01:33:12] [TID:28000] [DEBUG] Running step: auto_map
[2026-03-18 01:33:12] [TID:28000] [DEBUG] Command: ['C:\\Users\\koengo\\AppData\\Local\\Programs\\Python\\Python312\\python.exe', 'C:\\Users\\koengo\\OneDrive - Cegeka\\Documents\\Reusable Assets\\Products\\scripts\\auto_map_sections.py', 'output\\json\\SD - License Management - CSP License Rental [PRD.7.0.001][PV1.1][DV1.0].json']
[2026-03-18 01:33:12] [TID:28000] [DEBUG][stderr]   File "C:\Users\koengo\OneDrive - Cegeka\Documents\Reusable Assets\Products\scripts\auto_map_sections.py", line 26
    ``
    ^
SyntaxError: invalid syntax

[2026-03-18 01:33:12] [TID:28000] ERROR SD - License Management - CSP License Rental [PRD.7.0.001][PV1.1][DV1.0].docx: [auto_map] FAILED with exit code 1
[2026-03-18 01:40:21] [TID:27512] START SD - License Management - CSP License Rental [PRD.7.0.001][PV1.1][DV1.0].docx
[2026-03-18 01:40:21] [TID:27512] [DEBUG] Running step: extract_html
[2026-03-18 01:40:21] [TID:27512] [DEBUG] Command: ['C:\\Users\\koengo\\AppData\\Local\\Programs\\Python\\Python312\\python.exe', 'C:\\Users\\koengo\\OneDrive - Cegeka\\Documents\\Reusable Assets\\Products\\scripts\\extract_html.py', 'C:\\Users\\koengo\\Cegeka\\Product Management - Product Management Library\\Business Line - Digital Employee eXperience\\[7.0] Cegeka Reselling\\[PRD.7.0.001] License Management\\SD - License Management - CSP License Rental [PRD.7.0.001][PV1.1][DV1.0].docx']
[2026-03-18 01:40:21] [TID:27512] [DEBUG][stdout] HTML saved: SD - License Management - CSP License Rental [PRD.7.0.001][PV1.1][DV1.0].html

[2026-03-18 01:40:21] [TID:27512] [DEBUG] Step 'extract_html' OK
[2026-03-18 01:40:21] [TID:27512] [DEBUG] Running step: parse_html
[2026-03-18 01:40:21] [TID:27512] [DEBUG] Command: ['C:\\Users\\koengo\\AppData\\Local\\Programs\\Python\\Python312\\python.exe', 'C:\\Users\\koengo\\OneDrive - Cegeka\\Documents\\Reusable Assets\\Products\\scripts\\parse_html_sections.py', 'extracted_html\\SD - License Management - CSP License Rental [PRD.7.0.001][PV1.1][DV1.0].html']
[2026-03-18 01:40:22] [TID:27512] [DEBUG][stdout] ✔ Robust parsed → output\json\SD - License Management - CSP License Rental [PRD.7.0.001][PV1.1][DV1.0].json

[2026-03-18 01:40:22] [TID:27512] [DEBUG] Step 'parse_html' OK
[2026-03-18 01:40:22] [TID:27512] [DEBUG] Running step: auto_map
[2026-03-18 01:40:22] [TID:27512] [DEBUG] Command: ['C:\\Users\\koengo\\AppData\\Local\\Programs\\Python\\Python312\\python.exe', 'C:\\Users\\koengo\\OneDrive - Cegeka\\Documents\\Reusable Assets\\Products\\scripts\\auto_map_sections.py', 'output\\json\\SD - License Management - CSP License Rental [PRD.7.0.001][PV1.1][DV1.0].json']
[2026-03-18 01:40:22] [TID:27512] [DEBUG][stderr]   File "C:\Users\koengo\OneDrive - Cegeka\Documents\Reusable Assets\Products\scripts\auto_map_sections.py", line 26
    ``
    ^
SyntaxError: invalid syntax

[2026-03-18 01:40:22] [TID:27512] ERROR SD - License Management - CSP License Rental [PRD.7.0.001][PV1.1][DV1.0].docx: [auto_map] FAILED with exit code 1
