[2026-03-18 14:42:05] START xml_to_docx_v3_fixed for: C:\Users\koengo\OneDrive - Cegeka\Documents\Reusable Assets\Products\output\xml\SD - Cegeka ExaCC Services [PRD.0.4.002][PV1.0][DV1.0]_mapped.xml
[2026-03-18 14:42:05] Filled SDT 'PRODUCT_SUMMARY' with XML section 'Service Introduction'
[2026-03-18 14:42:05] Filled SDT 'CLIENT_NEEDS' with XML section 'Service Overview'
[2026-03-18 14:42:05] Filled SDT 'KEY_FEATURES' with XML section 'Transition Services'
[2026-03-18 14:42:05] Filled SDT 'KEY_FEATURES' with XML section 'Run Services'
[2026-03-18 14:42:05] TOTAL SDT FIELDS FILLED: 4
[2026-03-18 14:42:05] XML→DOCX OK → output\docx\SD - Cegeka ExaCC Services [PRD.0.4.002][PV1.0][DV1.0]_mapped_FINAL.docx
[2026-03-18 14:47:51] START xml_to_docx_v3_fixed for: C:\Users\koengo\OneDrive - Cegeka\Documents\Reusable Assets\Products\output\xml\SD - Cegeka ExaCC Services [PRD.0.4.002][PV1.0][DV1.0]_mapped.xml
[2026-03-18 14:47:51] Filled SDT 'PRODUCT_SUMMARY' with XML section 'Service Introduction'
[2026-03-18 14:47:51] Filled SDT 'CLIENT_NEEDS' with XML section 'Service Overview'
[2026-03-18 14:47:51] Filled SDT 'KEY_FEATURES' with XML section 'Transition Services'
[2026-03-18 14:47:51] Filled SDT 'KEY_FEATURES' with XML section 'Run Services'
[2026-03-18 14:47:51] TOTAL SDT FIELDS FILLED: 4
[2026-03-18 14:47:51] XML→DOCX OK → output\docx\SD - Cegeka ExaCC Services [PRD.0.4.002][PV1.0][DV1.0]_mapped_FINAL.docx
[2026-03-18 15:01:41] START xml_to_docx_v3_fixed for: C:\Users\koengo\OneDrive - Cegeka\Documents\Reusable Assets\Products\output\xml\SD - Cegeka ExaCC Services [PRD.0.4.002][PV1.0][DV1.0]_mapped.xml
[2026-03-18 15:01:41] Filled SDT 'PRODUCT_SUMMARY' with XML section 'Service Introduction'
[2026-03-18 15:01:41] Filled SDT 'CLIENT_NEEDS' with XML section 'Service Overview'
[2026-03-18 15:01:41] Filled SDT 'KEY_FEATURES' with XML section 'Transition Services'
[2026-03-18 15:01:41] Filled SDT 'KEY_FEATURES' with XML section 'Run Services'
[2026-03-18 15:01:41] TOTAL SDT FIELDS FILLED: 4
[2026-03-18 15:01:41] XML→DOCX OK → output\docx\SD - Cegeka ExaCC Services [PRD.0.4.002][PV1.0][DV1.0]_mapped_FINAL.docx
