[2026-03-18 14:49:45] START xml_to_docx_v3_fixed for: C:\Users\koengo\OneDrive - Cegeka\Documents\Reusable Assets\Products\output\xml\SD - Dedicated LAN platform management [PRD.4.5.003][PV0.8][DV1.1]_mapped.xml
[2026-03-18 14:49:45] Filled SDT 'PRODUCT_SUMMARY' with XML section 'Service identification'
[2026-03-18 14:49:45] Filled SDT 'SCOPE' with XML section 'Out of scope'
[2026-03-18 14:49:46] Filled SDT 'TERMS_CONDITIONS' with XML section 'Conditions'
[2026-03-18 14:49:46] Filled SDT 'PRODUCT_SUMMARY' with XML section 'Service delivery location'
[2026-03-18 14:49:46] Filled SDT 'PRODUCT_SUMMARY' with XML section 'Service Reporting'
[2026-03-18 14:49:46] Filled SDT 'PRODUCT_SUMMARY' with XML section 'Service Window'
[2026-03-18 14:49:46] Filled SDT 'SLA_KPI' with XML section 'Service Level'
[2026-03-18 14:49:46] TOTAL SDT FIELDS FILLED: 7
[2026-03-18 14:49:46] XML→DOCX OK → output\docx\SD - Dedicated LAN platform management [PRD.4.5.003][PV0.8][DV1.1]_mapped_FINAL.docx
[2026-03-18 15:03:33] START xml_to_docx_v3_fixed for: C:\Users\koengo\OneDrive - Cegeka\Documents\Reusable Assets\Products\output\xml\SD - Dedicated LAN platform management [PRD.4.5.003][PV0.8][DV1.1]_mapped.xml
[2026-03-18 15:03:33] Filled SDT 'PRODUCT_SUMMARY' with XML section 'Service identification'
[2026-03-18 15:03:33] Filled SDT 'SCOPE' with XML section 'Out of scope'
[2026-03-18 15:03:33] Filled SDT 'TERMS_CONDITIONS' with XML section 'Conditions'
[2026-03-18 15:03:33] Filled SDT 'PRODUCT_SUMMARY' with XML section 'Service delivery location'
[2026-03-18 15:03:33] Filled SDT 'PRODUCT_SUMMARY' with XML section 'Service Reporting'
[2026-03-18 15:03:33] Filled SDT 'PRODUCT_SUMMARY' with XML section 'Service Window'
[2026-03-18 15:03:33] Filled SDT 'SLA_KPI' with XML section 'Service Level'
[2026-03-18 15:03:33] TOTAL SDT FIELDS FILLED: 7
[2026-03-18 15:03:33] XML→DOCX OK → output\docx\SD - Dedicated LAN platform management [PRD.4.5.003][PV0.8][DV1.1]_mapped_FINAL.docx
