[2026-03-17 23:34:08] [TID:1284] Start processing SD: SD - Azure Managed Platform Services [PRD.0.2.020][PV2.0][DV1.0].docx
[2026-03-17 23:34:08] [TID:1284] Extracting HTML...
[2026-03-17 23:34:09] [TID:1284] ERROR SD - Azure Managed Platform Services [PRD.0.2.020][PV2.0][DV1.0].docx: Command '['C:\\Users\\koengo\\AppData\\Local\\Programs\\Python\\Python312\\python.exe', 'C:\\Users\\koengo\\OneDrive - Cegeka\\Documents\\Reusable Assets\\Products\\scripts\\extract_html.py', 'C:\\Users\\koengo\\Cegeka\\Product Management - Product Management Library\\Business Line - Cloud and Digital Platforms\\[0.2] Cegeka Azure Services & Solutions\\[PRD.0.2.020] Cegeka Azure Managed Platform Services\\SD - Azure Managed Platform Services [PRD.0.2.020][PV2.0][DV1.0].docx']' returned non-zero exit status 1.
[2026-03-17 23:39:29] [TID:15860] START SD - Azure Managed Platform Services [PRD.0.2.020][PV2.0][DV1.0].docx
[2026-03-17 23:39:29] [TID:15860] Extracting HTML...
[2026-03-17 23:39:30] [TID:15860] ERROR SD - Azure Managed Platform Services [PRD.0.2.020][PV2.0][DV1.0].docx: Command '['C:\\Users\\koengo\\AppData\\Local\\Programs\\Python\\Python312\\python.exe', 'C:\\Users\\koengo\\OneDrive - Cegeka\\Documents\\Reusable Assets\\Products\\scripts\\extract_html.py', 'C:\\Users\\koengo\\Cegeka\\Product Management - Product Management Library\\Business Line - Cloud and Digital Platforms\\[0.2] Cegeka Azure Services & Solutions\\[PRD.0.2.020] Cegeka Azure Managed Platform Services\\SD - Azure Managed Platform Services [PRD.0.2.020][PV2.0][DV1.0].docx']' returned non-zero exit status 1.
[2026-03-17 23:44:40] [TID:16732] START SD - Azure Managed Platform Services [PRD.0.2.020][PV2.0][DV1.0].docx
[2026-03-17 23:44:40] [TID:16732] Extracting HTML...
[2026-03-17 23:44:41] [TID:16732] ERROR SD - Azure Managed Platform Services [PRD.0.2.020][PV2.0][DV1.0].docx: Command '['C:\\Users\\koengo\\AppData\\Local\\Programs\\Python\\Python312\\python.exe', 'C:\\Users\\koengo\\OneDrive - Cegeka\\Documents\\Reusable Assets\\Products\\scripts\\extract_html.py', 'C:\\Users\\koengo\\Cegeka\\Product Management - Product Management Library\\Business Line - Cloud and Digital Platforms\\[0.2] Cegeka Azure Services & Solutions\\[PRD.0.2.020] Cegeka Azure Managed Platform Services\\SD - Azure Managed Platform Services [PRD.0.2.020][PV2.0][DV1.0].docx']' returned non-zero exit status 1.
[2026-03-17 23:47:09] [TID:25624] START SD - Azure Managed Platform Services [PRD.0.2.020][PV2.0][DV1.0].docx
[2026-03-17 23:47:09] [TID:25624] Extracting HTML...
[2026-03-17 23:47:10] [TID:25624] ERROR SD - Azure Managed Platform Services [PRD.0.2.020][PV2.0][DV1.0].docx: Command '['C:\\Users\\koengo\\AppData\\Local\\Programs\\Python\\Python312\\python.exe', 'C:\\Users\\koengo\\OneDrive - Cegeka\\Documents\\Reusable Assets\\Products\\scripts\\extract_html.py', 'C:\\Users\\koengo\\Cegeka\\Product Management - Product Management Library\\Business Line - Cloud and Digital Platforms\\[0.2] Cegeka Azure Services & Solutions\\[PRD.0.2.020] Cegeka Azure Managed Platform Services\\SD - Azure Managed Platform Services [PRD.0.2.020][PV2.0][DV1.0].docx']' returned non-zero exit status 1.
[2026-03-17 23:54:38] [TID:28188] START SD - Azure Managed Platform Services [PRD.0.2.020][PV2.0][DV1.0].docx
[2026-03-17 23:54:38] [TID:28188] Extracting HTML...
[2026-03-17 23:54:39] [TID:28188] ERROR SD - Azure Managed Platform Services [PRD.0.2.020][PV2.0][DV1.0].docx: Command '['C:\\Users\\koengo\\AppData\\Local\\Programs\\Python\\Python312\\python.exe', 'C:\\Users\\koengo\\OneDrive - Cegeka\\Documents\\Reusable Assets\\Products\\scripts\\extract_html.py', 'C:\\Users\\koengo\\Cegeka\\Product Management - Product Management Library\\Business Line - Cloud and Digital Platforms\\[0.2] Cegeka Azure Services & Solutions\\[PRD.0.2.020] Cegeka Azure Managed Platform Services\\SD - Azure Managed Platform Services [PRD.0.2.020][PV2.0][DV1.0].docx']' returned non-zero exit status 1.
[2026-03-18 00:02:03] [TID:28120] START SD - Azure Managed Platform Services [PRD.0.2.020][PV2.0][DV1.0].docx
[2026-03-18 00:02:03] [TID:28120] Extracting HTML...
[2026-03-18 00:02:04] [TID:28120] ERROR SD - Azure Managed Platform Services [PRD.0.2.020][PV2.0][DV1.0].docx: Command '['C:\\Users\\koengo\\AppData\\Local\\Programs\\Python\\Python312\\python.exe', 'C:\\Users\\koengo\\OneDrive - Cegeka\\Documents\\Reusable Assets\\Products\\scripts\\extract_html.py', 'C:\\Users\\koengo\\Cegeka\\Product Management - Product Management Library\\Business Line - Cloud and Digital Platforms\\[0.2] Cegeka Azure Services & Solutions\\[PRD.0.2.020] Cegeka Azure Managed Platform Services\\SD - Azure Managed Platform Services [PRD.0.2.020][PV2.0][DV1.0].docx']' returned non-zero exit status 1.
[2026-03-18 00:11:15] [TID:5760] START SD - Azure Managed Platform Services [PRD.0.2.020][PV2.0][DV1.0].docx
[2026-03-18 00:11:15] [TID:5760] Extracting HTML...
[2026-03-18 00:11:16] [TID:5760] ERROR SD - Azure Managed Platform Services [PRD.0.2.020][PV2.0][DV1.0].docx: Command '['C:\\Users\\koengo\\AppData\\Local\\Programs\\Python\\Python312\\python.exe', 'C:\\Users\\koengo\\OneDrive - Cegeka\\Documents\\Reusable Assets\\Products\\scripts\\extract_html.py', 'C:\\Users\\koengo\\Cegeka\\Product Management - Product Management Library\\Business Line - Cloud and Digital Platforms\\[0.2] Cegeka Azure Services & Solutions\\[PRD.0.2.020] Cegeka Azure Managed Platform Services\\SD - Azure Managed Platform Services [PRD.0.2.020][PV2.0][DV1.0].docx']' returned non-zero exit status 1.
[2026-03-18 00:24:33] [TID:6152] START SD - Azure Managed Platform Services [PRD.0.2.020][PV2.0][DV1.0].docx
[2026-03-18 00:24:33] [TID:6152] [DEBUG] Running step: extract_html
[2026-03-18 00:24:33] [TID:6152] [DEBUG] Command: ['C:\\Users\\koengo\\AppData\\Local\\Programs\\Python\\Python312\\python.exe', 'C:\\Users\\koengo\\OneDrive - Cegeka\\Documents\\Reusable Assets\\Products\\scripts\\extract_html.py', 'C:\\Users\\koengo\\Cegeka\\Product Management - Product Management Library\\Business Line - Cloud and Digital Platforms\\[0.2] Cegeka Azure Services & Solutions\\[PRD.0.2.020] Cegeka Azure Managed Platform Services\\SD - Azure Managed Platform Services [PRD.0.2.020][PV2.0][DV1.0].docx']
[2026-03-18 00:24:33] [TID:6152] [DEBUG][stderr] Traceback (most recent call last):
  File "C:\Users\koengo\OneDrive - Cegeka\Documents\Reusable Assets\Products\scripts\extract_html.py", line 12, in <module>
    with open(sd_file, "rb") as f:
         ^^^^^^^^^^^^^^^^^^^
FileNotFoundError: [Errno 2] No such file or directory: 'C:\\Users\\koengo\\Cegeka\\Product Management - Product Management Library\\Business Line - Cloud and Digital Platforms\\[0.2] Cegeka Azure Services & Solutions\\[PRD.0.2.020] Cegeka Azure Managed Platform Services\\SD - Azure Managed Platform Services [PRD.0.2.020][PV2.0][DV1.0].docx'

[2026-03-18 00:24:34] [TID:6152] ERROR SD - Azure Managed Platform Services [PRD.0.2.020][PV2.0][DV1.0].docx: [extract_html] FAILED with exit code 1
[2026-03-18 00:28:33] [TID:26240] START SD - Azure Managed Platform Services [PRD.0.2.020][PV2.0][DV1.0].docx
[2026-03-18 00:28:33] [TID:26240] [DEBUG] Running step: extract_html
[2026-03-18 00:28:33] [TID:26240] [DEBUG] Command: ['C:\\Users\\koengo\\AppData\\Local\\Programs\\Python\\Python312\\python.exe', 'C:\\Users\\koengo\\OneDrive - Cegeka\\Documents\\Reusable Assets\\Products\\scripts\\extract_html.py', 'C:\\Users\\koengo\\Cegeka\\Product Management - Product Management Library\\Business Line - Cloud and Digital Platforms\\[0.2] Cegeka Azure Services & Solutions\\[PRD.0.2.020] Cegeka Azure Managed Platform Services\\SD - Azure Managed Platform Services [PRD.0.2.020][PV2.0][DV1.0].docx']
[2026-03-18 00:28:34] [TID:26240] [DEBUG][stderr] Traceback (most recent call last):
  File "C:\Users\koengo\OneDrive - Cegeka\Documents\Reusable Assets\Products\scripts\extract_html.py", line 12, in <module>
    with open(sd_file, "rb") as f:
         ^^^^^^^^^^^^^^^^^^^
FileNotFoundError: [Errno 2] No such file or directory: 'C:\\Users\\koengo\\Cegeka\\Product Management - Product Management Library\\Business Line - Cloud and Digital Platforms\\[0.2] Cegeka Azure Services & Solutions\\[PRD.0.2.020] Cegeka Azure Managed Platform Services\\SD - Azure Managed Platform Services [PRD.0.2.020][PV2.0][DV1.0].docx'

[2026-03-18 00:28:34] [TID:26240] ERROR SD - Azure Managed Platform Services [PRD.0.2.020][PV2.0][DV1.0].docx: [extract_html] FAILED with exit code 1
[2026-03-18 00:39:33] [TID:1172] START SD - Azure Managed Platform Services [PRD.0.2.020][PV2.0][DV1.0].docx
[2026-03-18 00:39:34] [TID:1172] [DEBUG] Running step: extract_html
[2026-03-18 00:39:34] [TID:1172] [DEBUG] Command: ['C:\\Users\\koengo\\AppData\\Local\\Programs\\Python\\Python312\\python.exe', 'C:\\Users\\koengo\\OneDrive - Cegeka\\Documents\\Reusable Assets\\Products\\scripts\\extract_html.py', 'C:\\Users\\koengo\\Cegeka\\Product Management - Product Management Library\\Business Line - Cloud and Digital Platforms\\[0.2] Cegeka Azure Services & Solutions\\[PRD.0.2.020] Cegeka Azure Managed Platform Services\\SD - Azure Managed Platform Services [PRD.0.2.020][PV2.0][DV1.0].docx']
[2026-03-18 00:39:34] [TID:1172] [DEBUG][stderr] Traceback (most recent call last):
  File "C:\Users\koengo\OneDrive - Cegeka\Documents\Reusable Assets\Products\scripts\extract_html.py", line 12, in <module>
    with open(sd_file, "rb") as f:
         ^^^^^^^^^^^^^^^^^^^
FileNotFoundError: [Errno 2] No such file or directory: 'C:\\Users\\koengo\\Cegeka\\Product Management - Product Management Library\\Business Line - Cloud and Digital Platforms\\[0.2] Cegeka Azure Services & Solutions\\[PRD.0.2.020] Cegeka Azure Managed Platform Services\\SD - Azure Managed Platform Services [PRD.0.2.020][PV2.0][DV1.0].docx'

[2026-03-18 00:39:35] [TID:1172] ERROR SD - Azure Managed Platform Services [PRD.0.2.020][PV2.0][DV1.0].docx: [extract_html] FAILED with exit code 1
[2026-03-18 00:51:54] [TID:1204] START SD - Azure Managed Platform Services [PRD.0.2.020][PV2.0][DV1.0].docx
[2026-03-18 00:51:54] [TID:1204] [DEBUG] Running step: extract_html
[2026-03-18 00:51:54] [TID:1204] [DEBUG] Command: ['C:\\Users\\koengo\\AppData\\Local\\Programs\\Python\\Python312\\python.exe', 'C:\\Users\\koengo\\OneDrive - Cegeka\\Documents\\Reusable Assets\\Products\\scripts\\extract_html.py', 'C:\\Users\\koengo\\Cegeka\\Product Management - Product Management Library\\Business Line - Cloud and Digital Platforms\\[0.2] Cegeka Azure Services & Solutions\\[PRD.0.2.020] Cegeka Azure Managed Platform Services\\SD - Azure Managed Platform Services [PRD.0.2.020][PV2.0][DV1.0].docx']
[2026-03-18 00:51:55] [TID:1204] [DEBUG][stdout] EXTRACT ERROR: [Errno 2] No such file or directory: 'C:\\Users\\koengo\\Cegeka\\Product Management - Product Management Library\\Business Line - Cloud and Digital Platforms\\[0.2] Cegeka Azure Services & Solutions\\[PRD.0.2.020] Cegeka Azure Managed Platform Services\\SD - Azure Managed Platform Services [PRD.0.2.020][PV2.0][DV1.0].docx'

[2026-03-18 00:51:55] [TID:1204] ERROR SD - Azure Managed Platform Services [PRD.0.2.020][PV2.0][DV1.0].docx: [extract_html] FAILED with exit code 1
[2026-03-18 01:01:12] [TID:22128] START SD - Azure Managed Platform Services [PRD.0.2.020][PV2.0][DV1.0].docx
[2026-03-18 01:01:12] [TID:22128] [DEBUG] Running step: extract_html
[2026-03-18 01:01:12] [TID:22128] [DEBUG] Command: ['C:\\Users\\koengo\\AppData\\Local\\Programs\\Python\\Python312\\python.exe', 'C:\\Users\\koengo\\OneDrive - Cegeka\\Documents\\Reusable Assets\\Products\\scripts\\extract_html.py', 'C:\\Users\\koengo\\Cegeka\\Product Management - Product Management Library\\Business Line - Cloud and Digital Platforms\\[0.2] Cegeka Azure Services & Solutions\\[PRD.0.2.020] Cegeka Azure Managed Platform Services\\SD - Azure Managed Platform Services [PRD.0.2.020][PV2.0][DV1.0].docx']
[2026-03-18 01:01:13] [TID:22128] [DEBUG][stdout] EXTRACT ERROR: [Errno 2] No such file or directory: 'C:\\Users\\koengo\\Cegeka\\Product Management - Product Management Library\\Business Line - Cloud and Digital Platforms\\[0.2] Cegeka Azure Services & Solutions\\[PRD.0.2.020] Cegeka Azure Managed Platform Services\\SD - Azure Managed Platform Services [PRD.0.2.020][PV2.0][DV1.0].docx'

[2026-03-18 01:01:13] [TID:22128] ERROR SD - Azure Managed Platform Services [PRD.0.2.020][PV2.0][DV1.0].docx: [extract_html] FAILED with exit code 1
[2026-03-18 01:16:48] [TID:28776] START SD - Azure Managed Platform Services [PRD.0.2.020][PV2.0][DV1.0].docx
[2026-03-18 01:16:48] [TID:28776] [DEBUG] Running step: extract_html
[2026-03-18 01:16:48] [TID:28776] [DEBUG] Command: ['C:\\Users\\koengo\\AppData\\Local\\Programs\\Python\\Python312\\python.exe', 'C:\\Users\\koengo\\OneDrive - Cegeka\\Documents\\Reusable Assets\\Products\\scripts\\extract_html.py', 'C:\\Users\\koengo\\Cegeka\\Product Management - Product Management Library\\Business Line - Cloud and Digital Platforms\\[0.2] Cegeka Azure Services & Solutions\\[PRD.0.2.020] Cegeka Azure Managed Platform Services\\SD - Azure Managed Platform Services [PRD.0.2.020][PV2.0][DV1.0].docx']
[2026-03-18 01:16:48] [TID:28776] [DEBUG][stdout] EXTRACT ERROR: [Errno 2] No such file or directory: 'C:\\Users\\koengo\\Cegeka\\Product Management - Product Management Library\\Business Line - Cloud and Digital Platforms\\[0.2] Cegeka Azure Services & Solutions\\[PRD.0.2.020] Cegeka Azure Managed Platform Services\\SD - Azure Managed Platform Services [PRD.0.2.020][PV2.0][DV1.0].docx'

[2026-03-18 01:16:48] [TID:28776] ERROR SD - Azure Managed Platform Services [PRD.0.2.020][PV2.0][DV1.0].docx: [extract_html] FAILED with exit code 1
[2026-03-18 01:30:47] [TID:940] START SD - Azure Managed Platform Services [PRD.0.2.020][PV2.0][DV1.0].docx
[2026-03-18 01:30:47] [TID:940] [DEBUG] Running step: extract_html
[2026-03-18 01:30:47] [TID:940] [DEBUG] Command: ['C:\\Users\\koengo\\AppData\\Local\\Programs\\Python\\Python312\\python.exe', 'C:\\Users\\koengo\\OneDrive - Cegeka\\Documents\\Reusable Assets\\Products\\scripts\\extract_html.py', 'C:\\Users\\koengo\\Cegeka\\Product Management - Product Management Library\\Business Line - Cloud and Digital Platforms\\[0.2] Cegeka Azure Services & Solutions\\[PRD.0.2.020] Cegeka Azure Managed Platform Services\\SD - Azure Managed Platform Services [PRD.0.2.020][PV2.0][DV1.0].docx']
[2026-03-18 01:30:47] [TID:940] [DEBUG][stderr]   File "C:\Users\koengo\OneDrive - Cegeka\Documents\Reusable Assets\Products\scripts\extract_html.py", line 31
    ``
    ^
SyntaxError: invalid syntax

[2026-03-18 01:30:47] [TID:940] ERROR SD - Azure Managed Platform Services [PRD.0.2.020][PV2.0][DV1.0].docx: [extract_html] FAILED with exit code 1
[2026-03-18 01:33:07] [TID:16984] START SD - Azure Managed Platform Services [PRD.0.2.020][PV2.0][DV1.0].docx
[2026-03-18 01:33:07] [TID:16984] [DEBUG] Running step: extract_html
[2026-03-18 01:33:07] [TID:16984] [DEBUG] Command: ['C:\\Users\\koengo\\AppData\\Local\\Programs\\Python\\Python312\\python.exe', 'C:\\Users\\koengo\\OneDrive - Cegeka\\Documents\\Reusable Assets\\Products\\scripts\\extract_html.py', 'C:\\Users\\koengo\\Cegeka\\Product Management - Product Management Library\\Business Line - Cloud and Digital Platforms\\[0.2] Cegeka Azure Services & Solutions\\[PRD.0.2.020] Cegeka Azure Managed Platform Services\\SD - Azure Managed Platform Services [PRD.0.2.020][PV2.0][DV1.0].docx']
[2026-03-18 01:33:07] [TID:16984] [DEBUG][stdout] EXTRACT ERROR: [Errno 2] No such file or directory: 'C:\\Users\\koengo\\Cegeka\\Product Management - Product Management Library\\Business Line - Cloud and Digital Platforms\\[0.2] Cegeka Azure Services & Solutions\\[PRD.0.2.020] Cegeka Azure Managed Platform Services\\SD - Azure Managed Platform Services [PRD.0.2.020][PV2.0][DV1.0].docx'

[2026-03-18 01:33:07] [TID:16984] ERROR SD - Azure Managed Platform Services [PRD.0.2.020][PV2.0][DV1.0].docx: [extract_html] FAILED with exit code 1
[2026-03-18 01:40:18] [TID:5648] START SD - Azure Managed Platform Services [PRD.0.2.020][PV2.0][DV1.0].docx
[2026-03-18 01:40:18] [TID:5648] [DEBUG] Running step: extract_html
[2026-03-18 01:40:18] [TID:5648] [DEBUG] Command: ['C:\\Users\\koengo\\AppData\\Local\\Programs\\Python\\Python312\\python.exe', 'C:\\Users\\koengo\\OneDrive - Cegeka\\Documents\\Reusable Assets\\Products\\scripts\\extract_html.py', 'C:\\Users\\koengo\\Cegeka\\Product Management - Product Management Library\\Business Line - Cloud and Digital Platforms\\[0.2] Cegeka Azure Services & Solutions\\[PRD.0.2.020] Cegeka Azure Managed Platform Services\\SD - Azure Managed Platform Services [PRD.0.2.020][PV2.0][DV1.0].docx']
[2026-03-18 01:40:18] [TID:5648] [DEBUG][stdout] EXTRACT ERROR: [Errno 2] No such file or directory: 'C:\\Users\\koengo\\Cegeka\\Product Management - Product Management Library\\Business Line - Cloud and Digital Platforms\\[0.2] Cegeka Azure Services & Solutions\\[PRD.0.2.020] Cegeka Azure Managed Platform Services\\SD - Azure Managed Platform Services [PRD.0.2.020][PV2.0][DV1.0].docx'

[2026-03-18 01:40:18] [TID:5648] ERROR SD - Azure Managed Platform Services [PRD.0.2.020][PV2.0][DV1.0].docx: [extract_html] FAILED with exit code 1
