[2026-03-18 14:27:55] START extract_html for: C:\Users\koengo\Cegeka\Product Management - Product Management Library\Business Line - Cloud and Digital Platforms\[0.L] Cegeka Cloud Services & Solutions\[PRD.0.L.302] Automation as a Service\SD - Automation as a Service [PRD.0.L.302][PV1.0][DV1.0].docx
[2026-03-18 14:27:55] HTML saved: extracted_html\SD - Automation as a Service [PRD.0.L.302][PV1.0][DV1.0].html
[2026-03-18 14:27:55] extract_html OK
[2026-03-18 14:27:56] START parse_html for: extracted_html\SD - Automation as a Service [PRD.0.L.302][PV1.0][DV1.0].html
[2026-03-18 14:27:56] PARSE OK → output\json\SD - Automation as a Service [PRD.0.L.302][PV1.0][DV1.0].json
[2026-03-18 14:42:16] START PIPELINE for C:\Users\koengo\Cegeka\Product Management - Product Management Library\Business Line - Cloud and Digital Platforms\[0.L] Cegeka Cloud Services & Solutions\[PRD.0.L.302] Automation as a Service\SD - Automation as a Service [PRD.0.L.302][PV1.0][DV1.0].docx
[2026-03-18 14:42:16] RUN extract_html.py -> C:\Users\koengo\Cegeka\Product Management - Product Management Library\Business Line - Cloud and Digital Platforms\[0.L] Cegeka Cloud Services & Solutions\[PRD.0.L.302] Automation as a Service\SD - Automation as a Service [PRD.0.L.302][PV1.0][DV1.0].docx
[2026-03-18 14:42:16] START extract_html for: C:\Users\koengo\Cegeka\Product Management - Product Management Library\Business Line - Cloud and Digital Platforms\[0.L] Cegeka Cloud Services & Solutions\[PRD.0.L.302] Automation as a Service\SD - Automation as a Service [PRD.0.L.302][PV1.0][DV1.0].docx
[2026-03-18 14:42:17] HTML saved: extracted_html\SD - Automation as a Service [PRD.0.L.302][PV1.0][DV1.0].html
[2026-03-18 14:42:17] extract_html OK
[2026-03-18 14:42:17] RUN parse_html_sections.py -> C:\Users\koengo\OneDrive - Cegeka\Documents\Reusable Assets\Products\extracted_html\SD - Automation as a Service [PRD.0.L.302][PV1.0][DV1.0].html
[2026-03-18 14:42:17] START parse_html for: C:\Users\koengo\OneDrive - Cegeka\Documents\Reusable Assets\Products\extracted_html\SD - Automation as a Service [PRD.0.L.302][PV1.0][DV1.0].html
[2026-03-18 14:42:17] PARSE OK → output\json\SD - Automation as a Service [PRD.0.L.302][PV1.0][DV1.0].json
[2026-03-18 14:42:17] RUN auto_map_sections.py -> C:\Users\koengo\OneDrive - Cegeka\Documents\Reusable Assets\Products\output\json\SD - Automation as a Service [PRD.0.L.302][PV1.0][DV1.0].json
[2026-03-18 14:42:17] START auto_map for: C:\Users\koengo\OneDrive - Cegeka\Documents\Reusable Assets\Products\output\json\SD - Automation as a Service [PRD.0.L.302][PV1.0][DV1.0].json
[2026-03-18 14:42:17] auto_map OK → output\mapped\SD - Automation as a Service [PRD.0.L.302][PV1.0][DV1.0]_mapped.json
[2026-03-18 14:42:17] JSON->XML OK -> C:\Users\koengo\OneDrive - Cegeka\Documents\Reusable Assets\Products\output\xml\SD - Automation as a Service [PRD.0.L.302][PV1.0][DV1.0]_mapped.xml
[2026-03-18 14:42:17] RUN xml_to_docx.py -> C:\Users\koengo\OneDrive - Cegeka\Documents\Reusable Assets\Products\output\xml\SD - Automation as a Service [PRD.0.L.302][PV1.0][DV1.0]_mapped.xml
[2026-03-18 14:42:18] PIPELINE OK
[2026-03-18 14:48:01] START PIPELINE for C:\Users\koengo\Cegeka\Product Management - Product Management Library\Business Line - Cloud and Digital Platforms\[0.L] Cegeka Cloud Services & Solutions\[PRD.0.L.302] Automation as a Service\SD - Automation as a Service [PRD.0.L.302][PV1.0][DV1.0].docx
[2026-03-18 14:48:01] RUN extract_html.py -> C:\Users\koengo\Cegeka\Product Management - Product Management Library\Business Line - Cloud and Digital Platforms\[0.L] Cegeka Cloud Services & Solutions\[PRD.0.L.302] Automation as a Service\SD - Automation as a Service [PRD.0.L.302][PV1.0][DV1.0].docx
[2026-03-18 14:48:01] START extract_html for: C:\Users\koengo\Cegeka\Product Management - Product Management Library\Business Line - Cloud and Digital Platforms\[0.L] Cegeka Cloud Services & Solutions\[PRD.0.L.302] Automation as a Service\SD - Automation as a Service [PRD.0.L.302][PV1.0][DV1.0].docx
[2026-03-18 14:48:01] HTML saved: extracted_html\SD - Automation as a Service [PRD.0.L.302][PV1.0][DV1.0].html
[2026-03-18 14:48:01] extract_html OK
[2026-03-18 14:48:01] RUN parse_html_sections.py -> C:\Users\koengo\OneDrive - Cegeka\Documents\Reusable Assets\Products\extracted_html\SD - Automation as a Service [PRD.0.L.302][PV1.0][DV1.0].html
[2026-03-18 14:48:02] START parse_html for: C:\Users\koengo\OneDrive - Cegeka\Documents\Reusable Assets\Products\extracted_html\SD - Automation as a Service [PRD.0.L.302][PV1.0][DV1.0].html
[2026-03-18 14:48:02] PARSE OK → output\json\SD - Automation as a Service [PRD.0.L.302][PV1.0][DV1.0].json
[2026-03-18 14:48:02] RUN auto_map_sections.py -> C:\Users\koengo\OneDrive - Cegeka\Documents\Reusable Assets\Products\output\json\SD - Automation as a Service [PRD.0.L.302][PV1.0][DV1.0].json
[2026-03-18 14:48:02] START auto_map for: C:\Users\koengo\OneDrive - Cegeka\Documents\Reusable Assets\Products\output\json\SD - Automation as a Service [PRD.0.L.302][PV1.0][DV1.0].json
[2026-03-18 14:48:02] auto_map OK → output\mapped\SD - Automation as a Service [PRD.0.L.302][PV1.0][DV1.0]_mapped.json
[2026-03-18 14:48:02] JSON->XML OK -> C:\Users\koengo\OneDrive - Cegeka\Documents\Reusable Assets\Products\output\xml\SD - Automation as a Service [PRD.0.L.302][PV1.0][DV1.0]_mapped.xml
[2026-03-18 14:48:02] RUN xml_to_docx.py -> C:\Users\koengo\OneDrive - Cegeka\Documents\Reusable Assets\Products\output\xml\SD - Automation as a Service [PRD.0.L.302][PV1.0][DV1.0]_mapped.xml
[2026-03-18 14:48:03] PIPELINE OK
[2026-03-18 15:01:51] START PIPELINE for C:\Users\koengo\Cegeka\Product Management - Product Management Library\Business Line - Cloud and Digital Platforms\[0.L] Cegeka Cloud Services & Solutions\[PRD.0.L.302] Automation as a Service\SD - Automation as a Service [PRD.0.L.302][PV1.0][DV1.0].docx
[2026-03-18 15:01:51] RUN extract_html.py -> C:\Users\koengo\Cegeka\Product Management - Product Management Library\Business Line - Cloud and Digital Platforms\[0.L] Cegeka Cloud Services & Solutions\[PRD.0.L.302] Automation as a Service\SD - Automation as a Service [PRD.0.L.302][PV1.0][DV1.0].docx
[2026-03-18 15:01:51] START extract_html for: C:\Users\koengo\Cegeka\Product Management - Product Management Library\Business Line - Cloud and Digital Platforms\[0.L] Cegeka Cloud Services & Solutions\[PRD.0.L.302] Automation as a Service\SD - Automation as a Service [PRD.0.L.302][PV1.0][DV1.0].docx
[2026-03-18 15:01:51] HTML saved: extracted_html\SD - Automation as a Service [PRD.0.L.302][PV1.0][DV1.0].html
[2026-03-18 15:01:51] extract_html OK
[2026-03-18 15:01:51] RUN parse_html_sections.py -> C:\Users\koengo\OneDrive - Cegeka\Documents\Reusable Assets\Products\extracted_html\SD - Automation as a Service [PRD.0.L.302][PV1.0][DV1.0].html
[2026-03-18 15:01:51] START parse_html for: C:\Users\koengo\OneDrive - Cegeka\Documents\Reusable Assets\Products\extracted_html\SD - Automation as a Service [PRD.0.L.302][PV1.0][DV1.0].html
[2026-03-18 15:01:52] PARSE OK → output\json\SD - Automation as a Service [PRD.0.L.302][PV1.0][DV1.0].json
[2026-03-18 15:01:52] RUN auto_map_sections.py -> C:\Users\koengo\OneDrive - Cegeka\Documents\Reusable Assets\Products\output\json\SD - Automation as a Service [PRD.0.L.302][PV1.0][DV1.0].json
[2026-03-18 15:01:52] START auto_map for: C:\Users\koengo\OneDrive - Cegeka\Documents\Reusable Assets\Products\output\json\SD - Automation as a Service [PRD.0.L.302][PV1.0][DV1.0].json
[2026-03-18 15:01:52] auto_map OK → output\mapped\SD - Automation as a Service [PRD.0.L.302][PV1.0][DV1.0]_mapped.json
[2026-03-18 15:01:52] JSON->XML OK -> C:\Users\koengo\OneDrive - Cegeka\Documents\Reusable Assets\Products\output\xml\SD - Automation as a Service [PRD.0.L.302][PV1.0][DV1.0]_mapped.xml
[2026-03-18 15:01:52] RUN xml_to_docx.py -> C:\Users\koengo\OneDrive - Cegeka\Documents\Reusable Assets\Products\output\xml\SD - Automation as a Service [PRD.0.L.302][PV1.0][DV1.0]_mapped.xml
[2026-03-18 15:01:52] PIPELINE OK
