[2026-03-17 23:34:18] [TID:21548] Start processing SD: SD - Cegeka Modern SOC - Sentinel One - EU [PRD.4.3.008][PV2.0][DV1.0].docx
[2026-03-17 23:34:18] [TID:21548] Extracting HTML...
[2026-03-17 23:34:20] [TID:21548] ERROR SD - Cegeka Modern SOC - Sentinel One - EU [PRD.4.3.008][PV2.0][DV1.0].docx: Command '['C:\\Users\\koengo\\AppData\\Local\\Programs\\Python\\Python312\\python.exe', 'C:\\Users\\koengo\\OneDrive - Cegeka\\Documents\\Reusable Assets\\Products\\scripts\\extract_html.py', 'C:\\Users\\koengo\\Cegeka\\Product Management - Product Management Library\\Business Line - Security & Compliance\\[4.1] Cybersecurity\\[PRD.4.3.008] Cegeka Modern SOC\\SD - Cegeka Modern SOC - Sentinel One - EU [PRD.4.3.008][PV2.0][DV1.0].docx']' returned non-zero exit status 1.
[2026-03-17 23:39:38] [TID:22428] START SD - Cegeka Modern SOC - Sentinel One - EU [PRD.4.3.008][PV2.0][DV1.0].docx
[2026-03-17 23:39:39] [TID:22428] Extracting HTML...
[2026-03-17 23:39:40] [TID:22428] ERROR SD - Cegeka Modern SOC - Sentinel One - EU [PRD.4.3.008][PV2.0][DV1.0].docx: Command '['C:\\Users\\koengo\\AppData\\Local\\Programs\\Python\\Python312\\python.exe', 'C:\\Users\\koengo\\OneDrive - Cegeka\\Documents\\Reusable Assets\\Products\\scripts\\extract_html.py', 'C:\\Users\\koengo\\Cegeka\\Product Management - Product Management Library\\Business Line - Security & Compliance\\[4.1] Cybersecurity\\[PRD.4.3.008] Cegeka Modern SOC\\SD - Cegeka Modern SOC - Sentinel One - EU [PRD.4.3.008][PV2.0][DV1.0].docx']' returned non-zero exit status 1.
[2026-03-17 23:44:50] [TID:22760] START SD - Cegeka Modern SOC - Sentinel One - EU [PRD.4.3.008][PV2.0][DV1.0].docx
[2026-03-17 23:44:50] [TID:22760] Extracting HTML...
[2026-03-17 23:44:51] [TID:22760] ERROR SD - Cegeka Modern SOC - Sentinel One - EU [PRD.4.3.008][PV2.0][DV1.0].docx: Command '['C:\\Users\\koengo\\AppData\\Local\\Programs\\Python\\Python312\\python.exe', 'C:\\Users\\koengo\\OneDrive - Cegeka\\Documents\\Reusable Assets\\Products\\scripts\\extract_html.py', 'C:\\Users\\koengo\\Cegeka\\Product Management - Product Management Library\\Business Line - Security & Compliance\\[4.1] Cybersecurity\\[PRD.4.3.008] Cegeka Modern SOC\\SD - Cegeka Modern SOC - Sentinel One - EU [PRD.4.3.008][PV2.0][DV1.0].docx']' returned non-zero exit status 1.
[2026-03-17 23:47:18] [TID:24732] START SD - Cegeka Modern SOC - Sentinel One - EU [PRD.4.3.008][PV2.0][DV1.0].docx
[2026-03-17 23:47:18] [TID:24732] Extracting HTML...
[2026-03-17 23:47:19] [TID:24732] ERROR SD - Cegeka Modern SOC - Sentinel One - EU [PRD.4.3.008][PV2.0][DV1.0].docx: Command '['C:\\Users\\koengo\\AppData\\Local\\Programs\\Python\\Python312\\python.exe', 'C:\\Users\\koengo\\OneDrive - Cegeka\\Documents\\Reusable Assets\\Products\\scripts\\extract_html.py', 'C:\\Users\\koengo\\Cegeka\\Product Management - Product Management Library\\Business Line - Security & Compliance\\[4.1] Cybersecurity\\[PRD.4.3.008] Cegeka Modern SOC\\SD - Cegeka Modern SOC - Sentinel One - EU [PRD.4.3.008][PV2.0][DV1.0].docx']' returned non-zero exit status 1.
[2026-03-17 23:54:49] [TID:4172] START SD - Cegeka Modern SOC - Sentinel One - EU [PRD.4.3.008][PV2.0][DV1.0].docx
[2026-03-17 23:54:49] [TID:4172] Extracting HTML...
[2026-03-17 23:54:52] [TID:4172] ERROR SD - Cegeka Modern SOC - Sentinel One - EU [PRD.4.3.008][PV2.0][DV1.0].docx: Command '['C:\\Users\\koengo\\AppData\\Local\\Programs\\Python\\Python312\\python.exe', 'C:\\Users\\koengo\\OneDrive - Cegeka\\Documents\\Reusable Assets\\Products\\scripts\\extract_html.py', 'C:\\Users\\koengo\\Cegeka\\Product Management - Product Management Library\\Business Line - Security & Compliance\\[4.1] Cybersecurity\\[PRD.4.3.008] Cegeka Modern SOC\\SD - Cegeka Modern SOC - Sentinel One - EU [PRD.4.3.008][PV2.0][DV1.0].docx']' returned non-zero exit status 1.
[2026-03-18 00:02:12] [TID:23568] START SD - Cegeka Modern SOC - Sentinel One - EU [PRD.4.3.008][PV2.0][DV1.0].docx
[2026-03-18 00:02:12] [TID:23568] Extracting HTML...
[2026-03-18 00:02:14] [TID:23568] ERROR SD - Cegeka Modern SOC - Sentinel One - EU [PRD.4.3.008][PV2.0][DV1.0].docx: Command '['C:\\Users\\koengo\\AppData\\Local\\Programs\\Python\\Python312\\python.exe', 'C:\\Users\\koengo\\OneDrive - Cegeka\\Documents\\Reusable Assets\\Products\\scripts\\extract_html.py', 'C:\\Users\\koengo\\Cegeka\\Product Management - Product Management Library\\Business Line - Security & Compliance\\[4.1] Cybersecurity\\[PRD.4.3.008] Cegeka Modern SOC\\SD - Cegeka Modern SOC - Sentinel One - EU [PRD.4.3.008][PV2.0][DV1.0].docx']' returned non-zero exit status 1.
[2026-03-18 00:11:26] [TID:5760] START SD - Cegeka Modern SOC - Sentinel One - EU [PRD.4.3.008][PV2.0][DV1.0].docx
[2026-03-18 00:11:26] [TID:5760] Extracting HTML...
[2026-03-18 00:11:28] [TID:5760] ERROR SD - Cegeka Modern SOC - Sentinel One - EU [PRD.4.3.008][PV2.0][DV1.0].docx: Command '['C:\\Users\\koengo\\AppData\\Local\\Programs\\Python\\Python312\\python.exe', 'C:\\Users\\koengo\\OneDrive - Cegeka\\Documents\\Reusable Assets\\Products\\scripts\\extract_html.py', 'C:\\Users\\koengo\\Cegeka\\Product Management - Product Management Library\\Business Line - Security & Compliance\\[4.1] Cybersecurity\\[PRD.4.3.008] Cegeka Modern SOC\\SD - Cegeka Modern SOC - Sentinel One - EU [PRD.4.3.008][PV2.0][DV1.0].docx']' returned non-zero exit status 1.
[2026-03-18 00:24:54] [TID:14908] START SD - Cegeka Modern SOC - Sentinel One - EU [PRD.4.3.008][PV2.0][DV1.0].docx
[2026-03-18 00:24:54] [TID:14908] [DEBUG] Running step: extract_html
[2026-03-18 00:24:54] [TID:14908] [DEBUG] Command: ['C:\\Users\\koengo\\AppData\\Local\\Programs\\Python\\Python312\\python.exe', 'C:\\Users\\koengo\\OneDrive - Cegeka\\Documents\\Reusable Assets\\Products\\scripts\\extract_html.py', 'C:\\Users\\koengo\\Cegeka\\Product Management - Product Management Library\\Business Line - Security & Compliance\\[4.1] Cybersecurity\\[PRD.4.3.008] Cegeka Modern SOC\\SD - Cegeka Modern SOC - Sentinel One - EU [PRD.4.3.008][PV2.0][DV1.0].docx']
[2026-03-18 00:24:55] [TID:14908] [DEBUG][stderr] Traceback (most recent call last):
  File "C:\Users\koengo\OneDrive - Cegeka\Documents\Reusable Assets\Products\scripts\extract_html.py", line 17, in <module>
    print(f"\u2714 HTML saved \u2192 {out_file}")
  File "C:\Users\koengo\AppData\Local\Programs\Python\Python312\Lib\encodings\cp1252.py", line 19, in encode
    return codecs.charmap_encode(input,self.errors,encoding_table)[0]
           ^^^^^^^^^^^^^^^^^^^^^^^^^^^^^^^^^^^^^^^^^^^^^^^^^^^^^^^
UnicodeEncodeError: 'charmap' codec can't encode character '\u2714' in position 0: character maps to <undefined>

[2026-03-18 00:24:55] [TID:14908] ERROR SD - Cegeka Modern SOC - Sentinel One - EU [PRD.4.3.008][PV2.0][DV1.0].docx: [extract_html] FAILED with exit code 1
[2026-03-18 00:28:52] [TID:18548] START SD - Cegeka Modern SOC - Sentinel One - EU [PRD.4.3.008][PV2.0][DV1.0].docx
[2026-03-18 00:28:52] [TID:18548] [DEBUG] Running step: extract_html
[2026-03-18 00:28:52] [TID:18548] [DEBUG] Command: ['C:\\Users\\koengo\\AppData\\Local\\Programs\\Python\\Python312\\python.exe', 'C:\\Users\\koengo\\OneDrive - Cegeka\\Documents\\Reusable Assets\\Products\\scripts\\extract_html.py', 'C:\\Users\\koengo\\Cegeka\\Product Management - Product Management Library\\Business Line - Security & Compliance\\[4.1] Cybersecurity\\[PRD.4.3.008] Cegeka Modern SOC\\SD - Cegeka Modern SOC - Sentinel One - EU [PRD.4.3.008][PV2.0][DV1.0].docx']
[2026-03-18 00:28:53] [TID:18548] [DEBUG][stderr] Traceback (most recent call last):
  File "C:\Users\koengo\OneDrive - Cegeka\Documents\Reusable Assets\Products\scripts\extract_html.py", line 17, in <module>
    print(f"\u2714 HTML saved \u2192 {out_file}")
  File "C:\Users\koengo\AppData\Local\Programs\Python\Python312\Lib\encodings\cp1252.py", line 19, in encode
    return codecs.charmap_encode(input,self.errors,encoding_table)[0]
           ^^^^^^^^^^^^^^^^^^^^^^^^^^^^^^^^^^^^^^^^^^^^^^^^^^^^^^^
UnicodeEncodeError: 'charmap' codec can't encode character '\u2714' in position 0: character maps to <undefined>

[2026-03-18 00:28:53] [TID:18548] ERROR SD - Cegeka Modern SOC - Sentinel One - EU [PRD.4.3.008][PV2.0][DV1.0].docx: [extract_html] FAILED with exit code 1
[2026-03-18 00:39:54] [TID:1172] START SD - Cegeka Modern SOC - Sentinel One - EU [PRD.4.3.008][PV2.0][DV1.0].docx
[2026-03-18 00:39:54] [TID:1172] [DEBUG] Running step: extract_html
[2026-03-18 00:39:54] [TID:1172] [DEBUG] Command: ['C:\\Users\\koengo\\AppData\\Local\\Programs\\Python\\Python312\\python.exe', 'C:\\Users\\koengo\\OneDrive - Cegeka\\Documents\\Reusable Assets\\Products\\scripts\\extract_html.py', 'C:\\Users\\koengo\\Cegeka\\Product Management - Product Management Library\\Business Line - Security & Compliance\\[4.1] Cybersecurity\\[PRD.4.3.008] Cegeka Modern SOC\\SD - Cegeka Modern SOC - Sentinel One - EU [PRD.4.3.008][PV2.0][DV1.0].docx']
[2026-03-18 00:39:55] [TID:1172] [DEBUG][stderr] Traceback (most recent call last):
  File "C:\Users\koengo\OneDrive - Cegeka\Documents\Reusable Assets\Products\scripts\extract_html.py", line 17, in <module>
    print(f"\u2714 HTML saved \u2192 {out_file}")
  File "C:\Users\koengo\AppData\Local\Programs\Python\Python312\Lib\encodings\cp1252.py", line 19, in encode
    return codecs.charmap_encode(input,self.errors,encoding_table)[0]
           ^^^^^^^^^^^^^^^^^^^^^^^^^^^^^^^^^^^^^^^^^^^^^^^^^^^^^^^
UnicodeEncodeError: 'charmap' codec can't encode character '\u2714' in position 0: character maps to <undefined>

[2026-03-18 00:39:55] [TID:1172] ERROR SD - Cegeka Modern SOC - Sentinel One - EU [PRD.4.3.008][PV2.0][DV1.0].docx: [extract_html] FAILED with exit code 1
[2026-03-18 00:52:10] [TID:5928] START SD - Cegeka Modern SOC - Sentinel One - EU [PRD.4.3.008][PV2.0][DV1.0].docx
[2026-03-18 00:52:10] [TID:5928] [DEBUG] Running step: extract_html
[2026-03-18 00:52:10] [TID:5928] [DEBUG] Command: ['C:\\Users\\koengo\\AppData\\Local\\Programs\\Python\\Python312\\python.exe', 'C:\\Users\\koengo\\OneDrive - Cegeka\\Documents\\Reusable Assets\\Products\\scripts\\extract_html.py', 'C:\\Users\\koengo\\Cegeka\\Product Management - Product Management Library\\Business Line - Security & Compliance\\[4.1] Cybersecurity\\[PRD.4.3.008] Cegeka Modern SOC\\SD - Cegeka Modern SOC - Sentinel One - EU [PRD.4.3.008][PV2.0][DV1.0].docx']
[2026-03-18 00:52:11] [TID:5928] [DEBUG][stdout] ✔ HTML saved for SD - Cegeka Modern SOC - Sentinel One - EU [PRD.4.3.008][PV2.0][DV1.0].docx

[2026-03-18 00:52:11] [TID:5928] [DEBUG] Step 'extract_html' OK
[2026-03-18 00:52:11] [TID:5928] [DEBUG] Running step: parse_html
[2026-03-18 00:52:11] [TID:5928] [DEBUG] Command: ['C:\\Users\\koengo\\AppData\\Local\\Programs\\Python\\Python312\\python.exe', 'C:\\Users\\koengo\\OneDrive - Cegeka\\Documents\\Reusable Assets\\Products\\scripts\\parse_html_sections.py', 'extracted_html\\SD - Cegeka Modern SOC - Sentinel One - EU [PRD.4.3.008][PV2.0][DV1.0].html']
[2026-03-18 00:52:12] [TID:5928] [DEBUG][stdout] ✔ Robust parsed → output\json\SD - Cegeka Modern SOC - Sentinel One - EU [PRD.4.3.008][PV2.0][DV1.0].json

[2026-03-18 00:52:12] [TID:5928] [DEBUG] Step 'parse_html' OK
[2026-03-18 00:52:12] [TID:5928] [DEBUG] Running step: auto_map
[2026-03-18 00:52:12] [TID:5928] [DEBUG] Command: ['C:\\Users\\koengo\\AppData\\Local\\Programs\\Python\\Python312\\python.exe', 'C:\\Users\\koengo\\OneDrive - Cegeka\\Documents\\Reusable Assets\\Products\\scripts\\auto_map_sections.py', 'output\\json\\SD - Cegeka Modern SOC - Sentinel One - EU [PRD.4.3.008][PV2.0][DV1.0].json']
[2026-03-18 00:52:12] [TID:5928] [DEBUG][stderr]   File "C:\Users\koengo\OneDrive - Cegeka\Documents\Reusable Assets\Products\scripts\auto_map_sections.py", line 26
    ``
    ^
SyntaxError: invalid syntax

[2026-03-18 00:52:12] [TID:5928] ERROR SD - Cegeka Modern SOC - Sentinel One - EU [PRD.4.3.008][PV2.0][DV1.0].docx: [auto_map] FAILED with exit code 1
[2026-03-18 01:01:28] [TID:14528] START SD - Cegeka Modern SOC - Sentinel One - EU [PRD.4.3.008][PV2.0][DV1.0].docx
[2026-03-18 01:01:28] [TID:14528] [DEBUG] Running step: extract_html
[2026-03-18 01:01:28] [TID:14528] [DEBUG] Command: ['C:\\Users\\koengo\\AppData\\Local\\Programs\\Python\\Python312\\python.exe', 'C:\\Users\\koengo\\OneDrive - Cegeka\\Documents\\Reusable Assets\\Products\\scripts\\extract_html.py', 'C:\\Users\\koengo\\Cegeka\\Product Management - Product Management Library\\Business Line - Security & Compliance\\[4.1] Cybersecurity\\[PRD.4.3.008] Cegeka Modern SOC\\SD - Cegeka Modern SOC - Sentinel One - EU [PRD.4.3.008][PV2.0][DV1.0].docx']
[2026-03-18 01:01:29] [TID:14528] [DEBUG][stdout] ✔ HTML saved for SD - Cegeka Modern SOC - Sentinel One - EU [PRD.4.3.008][PV2.0][DV1.0].docx

[2026-03-18 01:01:29] [TID:14528] [DEBUG] Step 'extract_html' OK
[2026-03-18 01:01:29] [TID:14528] [DEBUG] Running step: parse_html
[2026-03-18 01:01:29] [TID:14528] [DEBUG] Command: ['C:\\Users\\koengo\\AppData\\Local\\Programs\\Python\\Python312\\python.exe', 'C:\\Users\\koengo\\OneDrive - Cegeka\\Documents\\Reusable Assets\\Products\\scripts\\parse_html_sections.py', 'extracted_html\\SD - Cegeka Modern SOC - Sentinel One - EU [PRD.4.3.008][PV2.0][DV1.0].html']
[2026-03-18 01:01:30] [TID:14528] [DEBUG][stdout] ✔ Robust parsed → output\json\SD - Cegeka Modern SOC - Sentinel One - EU [PRD.4.3.008][PV2.0][DV1.0].json

[2026-03-18 01:01:30] [TID:14528] [DEBUG] Step 'parse_html' OK
[2026-03-18 01:01:30] [TID:14528] [DEBUG] Running step: auto_map
[2026-03-18 01:01:30] [TID:14528] [DEBUG] Command: ['C:\\Users\\koengo\\AppData\\Local\\Programs\\Python\\Python312\\python.exe', 'C:\\Users\\koengo\\OneDrive - Cegeka\\Documents\\Reusable Assets\\Products\\scripts\\auto_map_sections.py', 'output\\json\\SD - Cegeka Modern SOC - Sentinel One - EU [PRD.4.3.008][PV2.0][DV1.0].json']
[2026-03-18 01:01:30] [TID:14528] [DEBUG][stderr]   File "C:\Users\koengo\OneDrive - Cegeka\Documents\Reusable Assets\Products\scripts\auto_map_sections.py", line 26
    ``
    ^
SyntaxError: invalid syntax

[2026-03-18 01:01:30] [TID:14528] ERROR SD - Cegeka Modern SOC - Sentinel One - EU [PRD.4.3.008][PV2.0][DV1.0].docx: [auto_map] FAILED with exit code 1
[2026-03-18 01:17:04] [TID:28776] START SD - Cegeka Modern SOC - Sentinel One - EU [PRD.4.3.008][PV2.0][DV1.0].docx
[2026-03-18 01:17:04] [TID:28776] [DEBUG] Running step: extract_html
[2026-03-18 01:17:04] [TID:28776] [DEBUG] Command: ['C:\\Users\\koengo\\AppData\\Local\\Programs\\Python\\Python312\\python.exe', 'C:\\Users\\koengo\\OneDrive - Cegeka\\Documents\\Reusable Assets\\Products\\scripts\\extract_html.py', 'C:\\Users\\koengo\\Cegeka\\Product Management - Product Management Library\\Business Line - Security & Compliance\\[4.1] Cybersecurity\\[PRD.4.3.008] Cegeka Modern SOC\\SD - Cegeka Modern SOC - Sentinel One - EU [PRD.4.3.008][PV2.0][DV1.0].docx']
[2026-03-18 01:17:05] [TID:28776] [DEBUG][stdout] ✔ HTML saved for SD - Cegeka Modern SOC - Sentinel One - EU [PRD.4.3.008][PV2.0][DV1.0].docx

[2026-03-18 01:17:05] [TID:28776] [DEBUG] Step 'extract_html' OK
[2026-03-18 01:17:05] [TID:28776] [DEBUG] Running step: parse_html
[2026-03-18 01:17:05] [TID:28776] [DEBUG] Command: ['C:\\Users\\koengo\\AppData\\Local\\Programs\\Python\\Python312\\python.exe', 'C:\\Users\\koengo\\OneDrive - Cegeka\\Documents\\Reusable Assets\\Products\\scripts\\parse_html_sections.py', 'extracted_html\\SD - Cegeka Modern SOC - Sentinel One - EU [PRD.4.3.008][PV2.0][DV1.0].html']
[2026-03-18 01:17:05] [TID:28776] [DEBUG][stdout] ✔ Robust parsed → output\json\SD - Cegeka Modern SOC - Sentinel One - EU [PRD.4.3.008][PV2.0][DV1.0].json

[2026-03-18 01:17:05] [TID:28776] [DEBUG] Step 'parse_html' OK
[2026-03-18 01:17:05] [TID:28776] [DEBUG] Running step: auto_map
[2026-03-18 01:17:05] [TID:28776] [DEBUG] Command: ['C:\\Users\\koengo\\AppData\\Local\\Programs\\Python\\Python312\\python.exe', 'C:\\Users\\koengo\\OneDrive - Cegeka\\Documents\\Reusable Assets\\Products\\scripts\\auto_map_sections.py', 'output\\json\\SD - Cegeka Modern SOC - Sentinel One - EU [PRD.4.3.008][PV2.0][DV1.0].json']
[2026-03-18 01:17:05] [TID:28776] [DEBUG][stderr]   File "C:\Users\koengo\OneDrive - Cegeka\Documents\Reusable Assets\Products\scripts\auto_map_sections.py", line 26
    ``
    ^
SyntaxError: invalid syntax

[2026-03-18 01:17:05] [TID:28776] ERROR SD - Cegeka Modern SOC - Sentinel One - EU [PRD.4.3.008][PV2.0][DV1.0].docx: [auto_map] FAILED with exit code 1
[2026-03-18 01:30:49] [TID:2584] START SD - Cegeka Modern SOC - Sentinel One - EU [PRD.4.3.008][PV2.0][DV1.0].docx
[2026-03-18 01:30:49] [TID:2584] [DEBUG] Running step: extract_html
[2026-03-18 01:30:49] [TID:2584] [DEBUG] Command: ['C:\\Users\\koengo\\AppData\\Local\\Programs\\Python\\Python312\\python.exe', 'C:\\Users\\koengo\\OneDrive - Cegeka\\Documents\\Reusable Assets\\Products\\scripts\\extract_html.py', 'C:\\Users\\koengo\\Cegeka\\Product Management - Product Management Library\\Business Line - Security & Compliance\\[4.1] Cybersecurity\\[PRD.4.3.008] Cegeka Modern SOC\\SD - Cegeka Modern SOC - Sentinel One - EU [PRD.4.3.008][PV2.0][DV1.0].docx']
[2026-03-18 01:30:49] [TID:2584] [DEBUG][stderr]   File "C:\Users\koengo\OneDrive - Cegeka\Documents\Reusable Assets\Products\scripts\extract_html.py", line 31
    ``
    ^
SyntaxError: invalid syntax

[2026-03-18 01:30:49] [TID:2584] ERROR SD - Cegeka Modern SOC - Sentinel One - EU [PRD.4.3.008][PV2.0][DV1.0].docx: [extract_html] FAILED with exit code 1
[2026-03-18 01:33:23] [TID:16984] START SD - Cegeka Modern SOC - Sentinel One - EU [PRD.4.3.008][PV2.0][DV1.0].docx
[2026-03-18 01:33:23] [TID:16984] [DEBUG] Running step: extract_html
[2026-03-18 01:33:23] [TID:16984] [DEBUG] Command: ['C:\\Users\\koengo\\AppData\\Local\\Programs\\Python\\Python312\\python.exe', 'C:\\Users\\koengo\\OneDrive - Cegeka\\Documents\\Reusable Assets\\Products\\scripts\\extract_html.py', 'C:\\Users\\koengo\\Cegeka\\Product Management - Product Management Library\\Business Line - Security & Compliance\\[4.1] Cybersecurity\\[PRD.4.3.008] Cegeka Modern SOC\\SD - Cegeka Modern SOC - Sentinel One - EU [PRD.4.3.008][PV2.0][DV1.0].docx']
[2026-03-18 01:33:25] [TID:16984] [DEBUG][stdout] HTML saved: SD - Cegeka Modern SOC - Sentinel One - EU [PRD.4.3.008][PV2.0][DV1.0].html

[2026-03-18 01:33:25] [TID:16984] [DEBUG] Step 'extract_html' OK
[2026-03-18 01:33:25] [TID:16984] [DEBUG] Running step: parse_html
[2026-03-18 01:33:25] [TID:16984] [DEBUG] Command: ['C:\\Users\\koengo\\AppData\\Local\\Programs\\Python\\Python312\\python.exe', 'C:\\Users\\koengo\\OneDrive - Cegeka\\Documents\\Reusable Assets\\Products\\scripts\\parse_html_sections.py', 'extracted_html\\SD - Cegeka Modern SOC - Sentinel One - EU [PRD.4.3.008][PV2.0][DV1.0].html']
[2026-03-18 01:33:25] [TID:16984] [DEBUG][stdout] ✔ Robust parsed → output\json\SD - Cegeka Modern SOC - Sentinel One - EU [PRD.4.3.008][PV2.0][DV1.0].json

[2026-03-18 01:33:25] [TID:16984] [DEBUG] Step 'parse_html' OK
[2026-03-18 01:33:25] [TID:16984] [DEBUG] Running step: auto_map
[2026-03-18 01:33:25] [TID:16984] [DEBUG] Command: ['C:\\Users\\koengo\\AppData\\Local\\Programs\\Python\\Python312\\python.exe', 'C:\\Users\\koengo\\OneDrive - Cegeka\\Documents\\Reusable Assets\\Products\\scripts\\auto_map_sections.py', 'output\\json\\SD - Cegeka Modern SOC - Sentinel One - EU [PRD.4.3.008][PV2.0][DV1.0].json']
[2026-03-18 01:33:25] [TID:16984] [DEBUG][stderr]   File "C:\Users\koengo\OneDrive - Cegeka\Documents\Reusable Assets\Products\scripts\auto_map_sections.py", line 26
    ``
    ^
SyntaxError: invalid syntax

[2026-03-18 01:33:25] [TID:16984] ERROR SD - Cegeka Modern SOC - Sentinel One - EU [PRD.4.3.008][PV2.0][DV1.0].docx: [auto_map] FAILED with exit code 1
[2026-03-18 01:40:33] [TID:23252] START SD - Cegeka Modern SOC - Sentinel One - EU [PRD.4.3.008][PV2.0][DV1.0].docx
[2026-03-18 01:40:33] [TID:23252] [DEBUG] Running step: extract_html
[2026-03-18 01:40:33] [TID:23252] [DEBUG] Command: ['C:\\Users\\koengo\\AppData\\Local\\Programs\\Python\\Python312\\python.exe', 'C:\\Users\\koengo\\OneDrive - Cegeka\\Documents\\Reusable Assets\\Products\\scripts\\extract_html.py', 'C:\\Users\\koengo\\Cegeka\\Product Management - Product Management Library\\Business Line - Security & Compliance\\[4.1] Cybersecurity\\[PRD.4.3.008] Cegeka Modern SOC\\SD - Cegeka Modern SOC - Sentinel One - EU [PRD.4.3.008][PV2.0][DV1.0].docx']
[2026-03-18 01:40:34] [TID:23252] [DEBUG][stdout] HTML saved: SD - Cegeka Modern SOC - Sentinel One - EU [PRD.4.3.008][PV2.0][DV1.0].html

[2026-03-18 01:40:34] [TID:23252] [DEBUG] Step 'extract_html' OK
[2026-03-18 01:40:34] [TID:23252] [DEBUG] Running step: parse_html
[2026-03-18 01:40:34] [TID:23252] [DEBUG] Command: ['C:\\Users\\koengo\\AppData\\Local\\Programs\\Python\\Python312\\python.exe', 'C:\\Users\\koengo\\OneDrive - Cegeka\\Documents\\Reusable Assets\\Products\\scripts\\parse_html_sections.py', 'extracted_html\\SD - Cegeka Modern SOC - Sentinel One - EU [PRD.4.3.008][PV2.0][DV1.0].html']
[2026-03-18 01:40:35] [TID:23252] [DEBUG][stdout] ✔ Robust parsed → output\json\SD - Cegeka Modern SOC - Sentinel One - EU [PRD.4.3.008][PV2.0][DV1.0].json

[2026-03-18 01:40:35] [TID:23252] [DEBUG] Step 'parse_html' OK
[2026-03-18 01:40:35] [TID:23252] [DEBUG] Running step: auto_map
[2026-03-18 01:40:35] [TID:23252] [DEBUG] Command: ['C:\\Users\\koengo\\AppData\\Local\\Programs\\Python\\Python312\\python.exe', 'C:\\Users\\koengo\\OneDrive - Cegeka\\Documents\\Reusable Assets\\Products\\scripts\\auto_map_sections.py', 'output\\json\\SD - Cegeka Modern SOC - Sentinel One - EU [PRD.4.3.008][PV2.0][DV1.0].json']
[2026-03-18 01:40:35] [TID:23252] [DEBUG][stderr]   File "C:\Users\koengo\OneDrive - Cegeka\Documents\Reusable Assets\Products\scripts\auto_map_sections.py", line 26
    ``
    ^
SyntaxError: invalid syntax

[2026-03-18 01:40:35] [TID:23252] ERROR SD - Cegeka Modern SOC - Sentinel One - EU [PRD.4.3.008][PV2.0][DV1.0].docx: [auto_map] FAILED with exit code 1
