[2026-03-18 14:27:46] START extract_html for: C:\Users\koengo\Cegeka\Product Management - Product Management Library\Business Line - Cloud and Digital Platforms\[0.L] Outsourcing Services\SD - Cegeka Cloud Shared LAN Services [PRD.0.L.102][PV0.8][DV1.1].docx
[2026-03-18 14:27:46] HTML saved: extracted_html\SD - Cegeka Cloud Shared LAN Services [PRD.0.L.102][PV0.8][DV1.1].html
[2026-03-18 14:27:46] extract_html OK
[2026-03-18 14:27:47] START parse_html for: extracted_html\SD - Cegeka Cloud Shared LAN Services [PRD.0.L.102][PV0.8][DV1.1].html
[2026-03-18 14:27:47] PARSE OK → output\json\SD - Cegeka Cloud Shared LAN Services [PRD.0.L.102][PV0.8][DV1.1].json
[2026-03-18 14:42:28] START PIPELINE for C:\Users\koengo\Cegeka\Product Management - Product Management Library\Business Line - Cloud and Digital Platforms\[0.L] Outsourcing Services\SD - Cegeka Cloud Shared LAN Services [PRD.0.L.102][PV0.8][DV1.1].docx
[2026-03-18 14:42:28] RUN extract_html.py -> C:\Users\koengo\Cegeka\Product Management - Product Management Library\Business Line - Cloud and Digital Platforms\[0.L] Outsourcing Services\SD - Cegeka Cloud Shared LAN Services [PRD.0.L.102][PV0.8][DV1.1].docx
[2026-03-18 14:42:28] START extract_html for: C:\Users\koengo\Cegeka\Product Management - Product Management Library\Business Line - Cloud and Digital Platforms\[0.L] Outsourcing Services\SD - Cegeka Cloud Shared LAN Services [PRD.0.L.102][PV0.8][DV1.1].docx
[2026-03-18 14:42:28] HTML saved: extracted_html\SD - Cegeka Cloud Shared LAN Services [PRD.0.L.102][PV0.8][DV1.1].html
[2026-03-18 14:42:28] extract_html OK
[2026-03-18 14:42:28] RUN parse_html_sections.py -> C:\Users\koengo\OneDrive - Cegeka\Documents\Reusable Assets\Products\extracted_html\SD - Cegeka Cloud Shared LAN Services [PRD.0.L.102][PV0.8][DV1.1].html
[2026-03-18 14:42:29] START parse_html for: C:\Users\koengo\OneDrive - Cegeka\Documents\Reusable Assets\Products\extracted_html\SD - Cegeka Cloud Shared LAN Services [PRD.0.L.102][PV0.8][DV1.1].html
[2026-03-18 14:42:29] PARSE OK → output\json\SD - Cegeka Cloud Shared LAN Services [PRD.0.L.102][PV0.8][DV1.1].json
[2026-03-18 14:42:29] RUN auto_map_sections.py -> C:\Users\koengo\OneDrive - Cegeka\Documents\Reusable Assets\Products\output\json\SD - Cegeka Cloud Shared LAN Services [PRD.0.L.102][PV0.8][DV1.1].json
[2026-03-18 14:42:29] START auto_map for: C:\Users\koengo\OneDrive - Cegeka\Documents\Reusable Assets\Products\output\json\SD - Cegeka Cloud Shared LAN Services [PRD.0.L.102][PV0.8][DV1.1].json
[2026-03-18 14:42:29] auto_map OK → output\mapped\SD - Cegeka Cloud Shared LAN Services [PRD.0.L.102][PV0.8][DV1.1]_mapped.json
[2026-03-18 14:42:29] JSON->XML OK -> C:\Users\koengo\OneDrive - Cegeka\Documents\Reusable Assets\Products\output\xml\SD - Cegeka Cloud Shared LAN Services [PRD.0.L.102][PV0.8][DV1.1]_mapped.xml
[2026-03-18 14:42:29] RUN xml_to_docx.py -> C:\Users\koengo\OneDrive - Cegeka\Documents\Reusable Assets\Products\output\xml\SD - Cegeka Cloud Shared LAN Services [PRD.0.L.102][PV0.8][DV1.1]_mapped.xml
[2026-03-18 14:42:29] PIPELINE OK
[2026-03-18 14:48:12] START PIPELINE for C:\Users\koengo\Cegeka\Product Management - Product Management Library\Business Line - Cloud and Digital Platforms\[0.L] Outsourcing Services\SD - Cegeka Cloud Shared LAN Services [PRD.0.L.102][PV0.8][DV1.1].docx
[2026-03-18 14:48:12] RUN extract_html.py -> C:\Users\koengo\Cegeka\Product Management - Product Management Library\Business Line - Cloud and Digital Platforms\[0.L] Outsourcing Services\SD - Cegeka Cloud Shared LAN Services [PRD.0.L.102][PV0.8][DV1.1].docx
[2026-03-18 14:48:12] START extract_html for: C:\Users\koengo\Cegeka\Product Management - Product Management Library\Business Line - Cloud and Digital Platforms\[0.L] Outsourcing Services\SD - Cegeka Cloud Shared LAN Services [PRD.0.L.102][PV0.8][DV1.1].docx
[2026-03-18 14:48:12] HTML saved: extracted_html\SD - Cegeka Cloud Shared LAN Services [PRD.0.L.102][PV0.8][DV1.1].html
[2026-03-18 14:48:12] extract_html OK
[2026-03-18 14:48:12] RUN parse_html_sections.py -> C:\Users\koengo\OneDrive - Cegeka\Documents\Reusable Assets\Products\extracted_html\SD - Cegeka Cloud Shared LAN Services [PRD.0.L.102][PV0.8][DV1.1].html
[2026-03-18 14:48:13] START parse_html for: C:\Users\koengo\OneDrive - Cegeka\Documents\Reusable Assets\Products\extracted_html\SD - Cegeka Cloud Shared LAN Services [PRD.0.L.102][PV0.8][DV1.1].html
[2026-03-18 14:48:13] PARSE OK → output\json\SD - Cegeka Cloud Shared LAN Services [PRD.0.L.102][PV0.8][DV1.1].json
[2026-03-18 14:48:13] RUN auto_map_sections.py -> C:\Users\koengo\OneDrive - Cegeka\Documents\Reusable Assets\Products\output\json\SD - Cegeka Cloud Shared LAN Services [PRD.0.L.102][PV0.8][DV1.1].json
[2026-03-18 14:48:13] START auto_map for: C:\Users\koengo\OneDrive - Cegeka\Documents\Reusable Assets\Products\output\json\SD - Cegeka Cloud Shared LAN Services [PRD.0.L.102][PV0.8][DV1.1].json
[2026-03-18 14:48:13] auto_map OK → output\mapped\SD - Cegeka Cloud Shared LAN Services [PRD.0.L.102][PV0.8][DV1.1]_mapped.json
[2026-03-18 14:48:13] JSON->XML OK -> C:\Users\koengo\OneDrive - Cegeka\Documents\Reusable Assets\Products\output\xml\SD - Cegeka Cloud Shared LAN Services [PRD.0.L.102][PV0.8][DV1.1]_mapped.xml
[2026-03-18 14:48:13] RUN xml_to_docx.py -> C:\Users\koengo\OneDrive - Cegeka\Documents\Reusable Assets\Products\output\xml\SD - Cegeka Cloud Shared LAN Services [PRD.0.L.102][PV0.8][DV1.1]_mapped.xml
[2026-03-18 14:48:14] PIPELINE OK
[2026-03-18 15:02:02] START PIPELINE for C:\Users\koengo\Cegeka\Product Management - Product Management Library\Business Line - Cloud and Digital Platforms\[0.L] Outsourcing Services\SD - Cegeka Cloud Shared LAN Services [PRD.0.L.102][PV0.8][DV1.1].docx
[2026-03-18 15:02:02] RUN extract_html.py -> C:\Users\koengo\Cegeka\Product Management - Product Management Library\Business Line - Cloud and Digital Platforms\[0.L] Outsourcing Services\SD - Cegeka Cloud Shared LAN Services [PRD.0.L.102][PV0.8][DV1.1].docx
[2026-03-18 15:02:02] START extract_html for: C:\Users\koengo\Cegeka\Product Management - Product Management Library\Business Line - Cloud and Digital Platforms\[0.L] Outsourcing Services\SD - Cegeka Cloud Shared LAN Services [PRD.0.L.102][PV0.8][DV1.1].docx
[2026-03-18 15:02:02] HTML saved: extracted_html\SD - Cegeka Cloud Shared LAN Services [PRD.0.L.102][PV0.8][DV1.1].html
[2026-03-18 15:02:02] extract_html OK
[2026-03-18 15:02:02] RUN parse_html_sections.py -> C:\Users\koengo\OneDrive - Cegeka\Documents\Reusable Assets\Products\extracted_html\SD - Cegeka Cloud Shared LAN Services [PRD.0.L.102][PV0.8][DV1.1].html
[2026-03-18 15:02:03] START parse_html for: C:\Users\koengo\OneDrive - Cegeka\Documents\Reusable Assets\Products\extracted_html\SD - Cegeka Cloud Shared LAN Services [PRD.0.L.102][PV0.8][DV1.1].html
[2026-03-18 15:02:03] PARSE OK → output\json\SD - Cegeka Cloud Shared LAN Services [PRD.0.L.102][PV0.8][DV1.1].json
[2026-03-18 15:02:03] RUN auto_map_sections.py -> C:\Users\koengo\OneDrive - Cegeka\Documents\Reusable Assets\Products\output\json\SD - Cegeka Cloud Shared LAN Services [PRD.0.L.102][PV0.8][DV1.1].json
[2026-03-18 15:02:03] START auto_map for: C:\Users\koengo\OneDrive - Cegeka\Documents\Reusable Assets\Products\output\json\SD - Cegeka Cloud Shared LAN Services [PRD.0.L.102][PV0.8][DV1.1].json
[2026-03-18 15:02:03] auto_map OK → output\mapped\SD - Cegeka Cloud Shared LAN Services [PRD.0.L.102][PV0.8][DV1.1]_mapped.json
[2026-03-18 15:02:03] JSON->XML OK -> C:\Users\koengo\OneDrive - Cegeka\Documents\Reusable Assets\Products\output\xml\SD - Cegeka Cloud Shared LAN Services [PRD.0.L.102][PV0.8][DV1.1]_mapped.xml
[2026-03-18 15:02:03] RUN xml_to_docx.py -> C:\Users\koengo\OneDrive - Cegeka\Documents\Reusable Assets\Products\output\xml\SD - Cegeka Cloud Shared LAN Services [PRD.0.L.102][PV0.8][DV1.1]_mapped.xml
[2026-03-18 15:02:03] PIPELINE OK
