[2026-03-17 23:34:16] [TID:10644] Start processing SD: SD - Cegeka Modern SOC - CrowdStrike - EU [PRD.4.3.008][PV2.0][DV1.0].docx
[2026-03-17 23:34:17] [TID:10644] Extracting HTML...
[2026-03-17 23:34:19] [TID:10644] ERROR SD - Cegeka Modern SOC - CrowdStrike - EU [PRD.4.3.008][PV2.0][DV1.0].docx: Command '['C:\\Users\\koengo\\AppData\\Local\\Programs\\Python\\Python312\\python.exe', 'C:\\Users\\koengo\\OneDrive - Cegeka\\Documents\\Reusable Assets\\Products\\scripts\\extract_html.py', 'C:\\Users\\koengo\\Cegeka\\Product Management - Product Management Library\\Business Line - Security & Compliance\\[4.1] Cybersecurity\\[PRD.4.3.008] Cegeka Modern SOC\\SD - Cegeka Modern SOC - CrowdStrike - EU [PRD.4.3.008][PV2.0][DV1.0].docx']' returned non-zero exit status 1.
[2026-03-17 23:39:37] [TID:24184] START SD - Cegeka Modern SOC - CrowdStrike - EU [PRD.4.3.008][PV2.0][DV1.0].docx
[2026-03-17 23:39:37] [TID:24184] Extracting HTML...
[2026-03-17 23:39:39] [TID:24184] ERROR SD - Cegeka Modern SOC - CrowdStrike - EU [PRD.4.3.008][PV2.0][DV1.0].docx: Command '['C:\\Users\\koengo\\AppData\\Local\\Programs\\Python\\Python312\\python.exe', 'C:\\Users\\koengo\\OneDrive - Cegeka\\Documents\\Reusable Assets\\Products\\scripts\\extract_html.py', 'C:\\Users\\koengo\\Cegeka\\Product Management - Product Management Library\\Business Line - Security & Compliance\\[4.1] Cybersecurity\\[PRD.4.3.008] Cegeka Modern SOC\\SD - Cegeka Modern SOC - CrowdStrike - EU [PRD.4.3.008][PV2.0][DV1.0].docx']' returned non-zero exit status 1.
[2026-03-17 23:44:48] [TID:26032] START SD - Cegeka Modern SOC - CrowdStrike - EU [PRD.4.3.008][PV2.0][DV1.0].docx
[2026-03-17 23:44:49] [TID:26032] Extracting HTML...
[2026-03-17 23:44:51] [TID:26032] ERROR SD - Cegeka Modern SOC - CrowdStrike - EU [PRD.4.3.008][PV2.0][DV1.0].docx: Command '['C:\\Users\\koengo\\AppData\\Local\\Programs\\Python\\Python312\\python.exe', 'C:\\Users\\koengo\\OneDrive - Cegeka\\Documents\\Reusable Assets\\Products\\scripts\\extract_html.py', 'C:\\Users\\koengo\\Cegeka\\Product Management - Product Management Library\\Business Line - Security & Compliance\\[4.1] Cybersecurity\\[PRD.4.3.008] Cegeka Modern SOC\\SD - Cegeka Modern SOC - CrowdStrike - EU [PRD.4.3.008][PV2.0][DV1.0].docx']' returned non-zero exit status 1.
[2026-03-17 23:47:17] [TID:25624] START SD - Cegeka Modern SOC - CrowdStrike - EU [PRD.4.3.008][PV2.0][DV1.0].docx
[2026-03-17 23:47:17] [TID:25624] Extracting HTML...
[2026-03-17 23:47:19] [TID:25624] ERROR SD - Cegeka Modern SOC - CrowdStrike - EU [PRD.4.3.008][PV2.0][DV1.0].docx: Command '['C:\\Users\\koengo\\AppData\\Local\\Programs\\Python\\Python312\\python.exe', 'C:\\Users\\koengo\\OneDrive - Cegeka\\Documents\\Reusable Assets\\Products\\scripts\\extract_html.py', 'C:\\Users\\koengo\\Cegeka\\Product Management - Product Management Library\\Business Line - Security & Compliance\\[4.1] Cybersecurity\\[PRD.4.3.008] Cegeka Modern SOC\\SD - Cegeka Modern SOC - CrowdStrike - EU [PRD.4.3.008][PV2.0][DV1.0].docx']' returned non-zero exit status 1.
[2026-03-17 23:54:47] [TID:22136] START SD - Cegeka Modern SOC - CrowdStrike - EU [PRD.4.3.008][PV2.0][DV1.0].docx
[2026-03-17 23:54:47] [TID:22136] Extracting HTML...
[2026-03-17 23:54:50] [TID:22136] ERROR SD - Cegeka Modern SOC - CrowdStrike - EU [PRD.4.3.008][PV2.0][DV1.0].docx: Command '['C:\\Users\\koengo\\AppData\\Local\\Programs\\Python\\Python312\\python.exe', 'C:\\Users\\koengo\\OneDrive - Cegeka\\Documents\\Reusable Assets\\Products\\scripts\\extract_html.py', 'C:\\Users\\koengo\\Cegeka\\Product Management - Product Management Library\\Business Line - Security & Compliance\\[4.1] Cybersecurity\\[PRD.4.3.008] Cegeka Modern SOC\\SD - Cegeka Modern SOC - CrowdStrike - EU [PRD.4.3.008][PV2.0][DV1.0].docx']' returned non-zero exit status 1.
[2026-03-18 00:02:11] [TID:22624] START SD - Cegeka Modern SOC - CrowdStrike - EU [PRD.4.3.008][PV2.0][DV1.0].docx
[2026-03-18 00:02:11] [TID:22624] Extracting HTML...
[2026-03-18 00:02:13] [TID:22624] ERROR SD - Cegeka Modern SOC - CrowdStrike - EU [PRD.4.3.008][PV2.0][DV1.0].docx: Command '['C:\\Users\\koengo\\AppData\\Local\\Programs\\Python\\Python312\\python.exe', 'C:\\Users\\koengo\\OneDrive - Cegeka\\Documents\\Reusable Assets\\Products\\scripts\\extract_html.py', 'C:\\Users\\koengo\\Cegeka\\Product Management - Product Management Library\\Business Line - Security & Compliance\\[4.1] Cybersecurity\\[PRD.4.3.008] Cegeka Modern SOC\\SD - Cegeka Modern SOC - CrowdStrike - EU [PRD.4.3.008][PV2.0][DV1.0].docx']' returned non-zero exit status 1.
[2026-03-18 00:11:25] [TID:16360] START SD - Cegeka Modern SOC - CrowdStrike - EU [PRD.4.3.008][PV2.0][DV1.0].docx
[2026-03-18 00:11:25] [TID:16360] Extracting HTML...
[2026-03-18 00:11:27] [TID:16360] ERROR SD - Cegeka Modern SOC - CrowdStrike - EU [PRD.4.3.008][PV2.0][DV1.0].docx: Command '['C:\\Users\\koengo\\AppData\\Local\\Programs\\Python\\Python312\\python.exe', 'C:\\Users\\koengo\\OneDrive - Cegeka\\Documents\\Reusable Assets\\Products\\scripts\\extract_html.py', 'C:\\Users\\koengo\\Cegeka\\Product Management - Product Management Library\\Business Line - Security & Compliance\\[4.1] Cybersecurity\\[PRD.4.3.008] Cegeka Modern SOC\\SD - Cegeka Modern SOC - CrowdStrike - EU [PRD.4.3.008][PV2.0][DV1.0].docx']' returned non-zero exit status 1.
[2026-03-18 00:24:50] [TID:4384] START SD - Cegeka Modern SOC - CrowdStrike - EU [PRD.4.3.008][PV2.0][DV1.0].docx
[2026-03-18 00:24:51] [TID:4384] [DEBUG] Running step: extract_html
[2026-03-18 00:24:51] [TID:4384] [DEBUG] Command: ['C:\\Users\\koengo\\AppData\\Local\\Programs\\Python\\Python312\\python.exe', 'C:\\Users\\koengo\\OneDrive - Cegeka\\Documents\\Reusable Assets\\Products\\scripts\\extract_html.py', 'C:\\Users\\koengo\\Cegeka\\Product Management - Product Management Library\\Business Line - Security & Compliance\\[4.1] Cybersecurity\\[PRD.4.3.008] Cegeka Modern SOC\\SD - Cegeka Modern SOC - CrowdStrike - EU [PRD.4.3.008][PV2.0][DV1.0].docx']
[2026-03-18 00:24:52] [TID:4384] [DEBUG][stderr] Traceback (most recent call last):
  File "C:\Users\koengo\OneDrive - Cegeka\Documents\Reusable Assets\Products\scripts\extract_html.py", line 17, in <module>
    print(f"\u2714 HTML saved \u2192 {out_file}")
  File "C:\Users\koengo\AppData\Local\Programs\Python\Python312\Lib\encodings\cp1252.py", line 19, in encode
    return codecs.charmap_encode(input,self.errors,encoding_table)[0]
           ^^^^^^^^^^^^^^^^^^^^^^^^^^^^^^^^^^^^^^^^^^^^^^^^^^^^^^^
UnicodeEncodeError: 'charmap' codec can't encode character '\u2714' in position 0: character maps to <undefined>

[2026-03-18 00:24:52] [TID:4384] ERROR SD - Cegeka Modern SOC - CrowdStrike - EU [PRD.4.3.008][PV2.0][DV1.0].docx: [extract_html] FAILED with exit code 1
[2026-03-18 00:28:49] [TID:26240] START SD - Cegeka Modern SOC - CrowdStrike - EU [PRD.4.3.008][PV2.0][DV1.0].docx
[2026-03-18 00:28:49] [TID:26240] [DEBUG] Running step: extract_html
[2026-03-18 00:28:49] [TID:26240] [DEBUG] Command: ['C:\\Users\\koengo\\AppData\\Local\\Programs\\Python\\Python312\\python.exe', 'C:\\Users\\koengo\\OneDrive - Cegeka\\Documents\\Reusable Assets\\Products\\scripts\\extract_html.py', 'C:\\Users\\koengo\\Cegeka\\Product Management - Product Management Library\\Business Line - Security & Compliance\\[4.1] Cybersecurity\\[PRD.4.3.008] Cegeka Modern SOC\\SD - Cegeka Modern SOC - CrowdStrike - EU [PRD.4.3.008][PV2.0][DV1.0].docx']
[2026-03-18 00:28:51] [TID:26240] [DEBUG][stderr] Traceback (most recent call last):
  File "C:\Users\koengo\OneDrive - Cegeka\Documents\Reusable Assets\Products\scripts\extract_html.py", line 17, in <module>
    print(f"\u2714 HTML saved \u2192 {out_file}")
  File "C:\Users\koengo\AppData\Local\Programs\Python\Python312\Lib\encodings\cp1252.py", line 19, in encode
    return codecs.charmap_encode(input,self.errors,encoding_table)[0]
           ^^^^^^^^^^^^^^^^^^^^^^^^^^^^^^^^^^^^^^^^^^^^^^^^^^^^^^^
UnicodeEncodeError: 'charmap' codec can't encode character '\u2714' in position 0: character maps to <undefined>

[2026-03-18 00:28:51] [TID:26240] ERROR SD - Cegeka Modern SOC - CrowdStrike - EU [PRD.4.3.008][PV2.0][DV1.0].docx: [extract_html] FAILED with exit code 1
[2026-03-18 00:39:51] [TID:22268] START SD - Cegeka Modern SOC - CrowdStrike - EU [PRD.4.3.008][PV2.0][DV1.0].docx
[2026-03-18 00:39:51] [TID:22268] [DEBUG] Running step: extract_html
[2026-03-18 00:39:51] [TID:22268] [DEBUG] Command: ['C:\\Users\\koengo\\AppData\\Local\\Programs\\Python\\Python312\\python.exe', 'C:\\Users\\koengo\\OneDrive - Cegeka\\Documents\\Reusable Assets\\Products\\scripts\\extract_html.py', 'C:\\Users\\koengo\\Cegeka\\Product Management - Product Management Library\\Business Line - Security & Compliance\\[4.1] Cybersecurity\\[PRD.4.3.008] Cegeka Modern SOC\\SD - Cegeka Modern SOC - CrowdStrike - EU [PRD.4.3.008][PV2.0][DV1.0].docx']
[2026-03-18 00:39:52] [TID:22268] [DEBUG][stderr] Traceback (most recent call last):
  File "C:\Users\koengo\OneDrive - Cegeka\Documents\Reusable Assets\Products\scripts\extract_html.py", line 17, in <module>
    print(f"\u2714 HTML saved \u2192 {out_file}")
  File "C:\Users\koengo\AppData\Local\Programs\Python\Python312\Lib\encodings\cp1252.py", line 19, in encode
    return codecs.charmap_encode(input,self.errors,encoding_table)[0]
           ^^^^^^^^^^^^^^^^^^^^^^^^^^^^^^^^^^^^^^^^^^^^^^^^^^^^^^^
UnicodeEncodeError: 'charmap' codec can't encode character '\u2714' in position 0: character maps to <undefined>

[2026-03-18 00:39:52] [TID:22268] ERROR SD - Cegeka Modern SOC - CrowdStrike - EU [PRD.4.3.008][PV2.0][DV1.0].docx: [extract_html] FAILED with exit code 1
[2026-03-18 00:52:07] [TID:1204] START SD - Cegeka Modern SOC - CrowdStrike - EU [PRD.4.3.008][PV2.0][DV1.0].docx
[2026-03-18 00:52:07] [TID:1204] [DEBUG] Running step: extract_html
[2026-03-18 00:52:07] [TID:1204] [DEBUG] Command: ['C:\\Users\\koengo\\AppData\\Local\\Programs\\Python\\Python312\\python.exe', 'C:\\Users\\koengo\\OneDrive - Cegeka\\Documents\\Reusable Assets\\Products\\scripts\\extract_html.py', 'C:\\Users\\koengo\\Cegeka\\Product Management - Product Management Library\\Business Line - Security & Compliance\\[4.1] Cybersecurity\\[PRD.4.3.008] Cegeka Modern SOC\\SD - Cegeka Modern SOC - CrowdStrike - EU [PRD.4.3.008][PV2.0][DV1.0].docx']
[2026-03-18 00:52:08] [TID:1204] [DEBUG][stdout] ✔ HTML saved for SD - Cegeka Modern SOC - CrowdStrike - EU [PRD.4.3.008][PV2.0][DV1.0].docx

[2026-03-18 00:52:08] [TID:1204] [DEBUG] Step 'extract_html' OK
[2026-03-18 00:52:08] [TID:1204] [DEBUG] Running step: parse_html
[2026-03-18 00:52:08] [TID:1204] [DEBUG] Command: ['C:\\Users\\koengo\\AppData\\Local\\Programs\\Python\\Python312\\python.exe', 'C:\\Users\\koengo\\OneDrive - Cegeka\\Documents\\Reusable Assets\\Products\\scripts\\parse_html_sections.py', 'extracted_html\\SD - Cegeka Modern SOC - CrowdStrike - EU [PRD.4.3.008][PV2.0][DV1.0].html']
[2026-03-18 00:52:08] [TID:1204] [DEBUG][stdout] ✔ Robust parsed → output\json\SD - Cegeka Modern SOC - CrowdStrike - EU [PRD.4.3.008][PV2.0][DV1.0].json

[2026-03-18 00:52:08] [TID:1204] [DEBUG] Step 'parse_html' OK
[2026-03-18 00:52:08] [TID:1204] [DEBUG] Running step: auto_map
[2026-03-18 00:52:08] [TID:1204] [DEBUG] Command: ['C:\\Users\\koengo\\AppData\\Local\\Programs\\Python\\Python312\\python.exe', 'C:\\Users\\koengo\\OneDrive - Cegeka\\Documents\\Reusable Assets\\Products\\scripts\\auto_map_sections.py', 'output\\json\\SD - Cegeka Modern SOC - CrowdStrike - EU [PRD.4.3.008][PV2.0][DV1.0].json']
[2026-03-18 00:52:09] [TID:1204] [DEBUG][stderr]   File "C:\Users\koengo\OneDrive - Cegeka\Documents\Reusable Assets\Products\scripts\auto_map_sections.py", line 26
    ``
    ^
SyntaxError: invalid syntax

[2026-03-18 00:52:09] [TID:1204] ERROR SD - Cegeka Modern SOC - CrowdStrike - EU [PRD.4.3.008][PV2.0][DV1.0].docx: [auto_map] FAILED with exit code 1
[2026-03-18 01:01:25] [TID:14528] START SD - Cegeka Modern SOC - CrowdStrike - EU [PRD.4.3.008][PV2.0][DV1.0].docx
[2026-03-18 01:01:25] [TID:14528] [DEBUG] Running step: extract_html
[2026-03-18 01:01:25] [TID:14528] [DEBUG] Command: ['C:\\Users\\koengo\\AppData\\Local\\Programs\\Python\\Python312\\python.exe', 'C:\\Users\\koengo\\OneDrive - Cegeka\\Documents\\Reusable Assets\\Products\\scripts\\extract_html.py', 'C:\\Users\\koengo\\Cegeka\\Product Management - Product Management Library\\Business Line - Security & Compliance\\[4.1] Cybersecurity\\[PRD.4.3.008] Cegeka Modern SOC\\SD - Cegeka Modern SOC - CrowdStrike - EU [PRD.4.3.008][PV2.0][DV1.0].docx']
[2026-03-18 01:01:26] [TID:14528] [DEBUG][stdout] ✔ HTML saved for SD - Cegeka Modern SOC - CrowdStrike - EU [PRD.4.3.008][PV2.0][DV1.0].docx

[2026-03-18 01:01:26] [TID:14528] [DEBUG] Step 'extract_html' OK
[2026-03-18 01:01:26] [TID:14528] [DEBUG] Running step: parse_html
[2026-03-18 01:01:26] [TID:14528] [DEBUG] Command: ['C:\\Users\\koengo\\AppData\\Local\\Programs\\Python\\Python312\\python.exe', 'C:\\Users\\koengo\\OneDrive - Cegeka\\Documents\\Reusable Assets\\Products\\scripts\\parse_html_sections.py', 'extracted_html\\SD - Cegeka Modern SOC - CrowdStrike - EU [PRD.4.3.008][PV2.0][DV1.0].html']
[2026-03-18 01:01:27] [TID:14528] [DEBUG][stdout] ✔ Robust parsed → output\json\SD - Cegeka Modern SOC - CrowdStrike - EU [PRD.4.3.008][PV2.0][DV1.0].json

[2026-03-18 01:01:27] [TID:14528] [DEBUG] Step 'parse_html' OK
[2026-03-18 01:01:27] [TID:14528] [DEBUG] Running step: auto_map
[2026-03-18 01:01:27] [TID:14528] [DEBUG] Command: ['C:\\Users\\koengo\\AppData\\Local\\Programs\\Python\\Python312\\python.exe', 'C:\\Users\\koengo\\OneDrive - Cegeka\\Documents\\Reusable Assets\\Products\\scripts\\auto_map_sections.py', 'output\\json\\SD - Cegeka Modern SOC - CrowdStrike - EU [PRD.4.3.008][PV2.0][DV1.0].json']
[2026-03-18 01:01:27] [TID:14528] [DEBUG][stderr]   File "C:\Users\koengo\OneDrive - Cegeka\Documents\Reusable Assets\Products\scripts\auto_map_sections.py", line 26
    ``
    ^
SyntaxError: invalid syntax

[2026-03-18 01:01:27] [TID:14528] ERROR SD - Cegeka Modern SOC - CrowdStrike - EU [PRD.4.3.008][PV2.0][DV1.0].docx: [auto_map] FAILED with exit code 1
[2026-03-18 01:17:00] [TID:18856] START SD - Cegeka Modern SOC - CrowdStrike - EU [PRD.4.3.008][PV2.0][DV1.0].docx
[2026-03-18 01:17:00] [TID:18856] [DEBUG] Running step: extract_html
[2026-03-18 01:17:00] [TID:18856] [DEBUG] Command: ['C:\\Users\\koengo\\AppData\\Local\\Programs\\Python\\Python312\\python.exe', 'C:\\Users\\koengo\\OneDrive - Cegeka\\Documents\\Reusable Assets\\Products\\scripts\\extract_html.py', 'C:\\Users\\koengo\\Cegeka\\Product Management - Product Management Library\\Business Line - Security & Compliance\\[4.1] Cybersecurity\\[PRD.4.3.008] Cegeka Modern SOC\\SD - Cegeka Modern SOC - CrowdStrike - EU [PRD.4.3.008][PV2.0][DV1.0].docx']
[2026-03-18 01:17:02] [TID:18856] [DEBUG][stdout] ✔ HTML saved for SD - Cegeka Modern SOC - CrowdStrike - EU [PRD.4.3.008][PV2.0][DV1.0].docx

[2026-03-18 01:17:02] [TID:18856] [DEBUG] Step 'extract_html' OK
[2026-03-18 01:17:02] [TID:18856] [DEBUG] Running step: parse_html
[2026-03-18 01:17:02] [TID:18856] [DEBUG] Command: ['C:\\Users\\koengo\\AppData\\Local\\Programs\\Python\\Python312\\python.exe', 'C:\\Users\\koengo\\OneDrive - Cegeka\\Documents\\Reusable Assets\\Products\\scripts\\parse_html_sections.py', 'extracted_html\\SD - Cegeka Modern SOC - CrowdStrike - EU [PRD.4.3.008][PV2.0][DV1.0].html']
[2026-03-18 01:17:02] [TID:18856] [DEBUG][stdout] ✔ Robust parsed → output\json\SD - Cegeka Modern SOC - CrowdStrike - EU [PRD.4.3.008][PV2.0][DV1.0].json

[2026-03-18 01:17:02] [TID:18856] [DEBUG] Step 'parse_html' OK
[2026-03-18 01:17:02] [TID:18856] [DEBUG] Running step: auto_map
[2026-03-18 01:17:02] [TID:18856] [DEBUG] Command: ['C:\\Users\\koengo\\AppData\\Local\\Programs\\Python\\Python312\\python.exe', 'C:\\Users\\koengo\\OneDrive - Cegeka\\Documents\\Reusable Assets\\Products\\scripts\\auto_map_sections.py', 'output\\json\\SD - Cegeka Modern SOC - CrowdStrike - EU [PRD.4.3.008][PV2.0][DV1.0].json']
[2026-03-18 01:17:02] [TID:18856] [DEBUG][stderr]   File "C:\Users\koengo\OneDrive - Cegeka\Documents\Reusable Assets\Products\scripts\auto_map_sections.py", line 26
    ``
    ^
SyntaxError: invalid syntax

[2026-03-18 01:17:02] [TID:18856] ERROR SD - Cegeka Modern SOC - CrowdStrike - EU [PRD.4.3.008][PV2.0][DV1.0].docx: [auto_map] FAILED with exit code 1
[2026-03-18 01:30:48] [TID:940] START SD - Cegeka Modern SOC - CrowdStrike - EU [PRD.4.3.008][PV2.0][DV1.0].docx
[2026-03-18 01:30:48] [TID:940] [DEBUG] Running step: extract_html
[2026-03-18 01:30:48] [TID:940] [DEBUG] Command: ['C:\\Users\\koengo\\AppData\\Local\\Programs\\Python\\Python312\\python.exe', 'C:\\Users\\koengo\\OneDrive - Cegeka\\Documents\\Reusable Assets\\Products\\scripts\\extract_html.py', 'C:\\Users\\koengo\\Cegeka\\Product Management - Product Management Library\\Business Line - Security & Compliance\\[4.1] Cybersecurity\\[PRD.4.3.008] Cegeka Modern SOC\\SD - Cegeka Modern SOC - CrowdStrike - EU [PRD.4.3.008][PV2.0][DV1.0].docx']
[2026-03-18 01:30:48] [TID:940] [DEBUG][stderr]   File "C:\Users\koengo\OneDrive - Cegeka\Documents\Reusable Assets\Products\scripts\extract_html.py", line 31
    ``
    ^
SyntaxError: invalid syntax

[2026-03-18 01:30:48] [TID:940] ERROR SD - Cegeka Modern SOC - CrowdStrike - EU [PRD.4.3.008][PV2.0][DV1.0].docx: [extract_html] FAILED with exit code 1
[2026-03-18 01:33:20] [TID:16984] START SD - Cegeka Modern SOC - CrowdStrike - EU [PRD.4.3.008][PV2.0][DV1.0].docx
[2026-03-18 01:33:20] [TID:16984] [DEBUG] Running step: extract_html
[2026-03-18 01:33:20] [TID:16984] [DEBUG] Command: ['C:\\Users\\koengo\\AppData\\Local\\Programs\\Python\\Python312\\python.exe', 'C:\\Users\\koengo\\OneDrive - Cegeka\\Documents\\Reusable Assets\\Products\\scripts\\extract_html.py', 'C:\\Users\\koengo\\Cegeka\\Product Management - Product Management Library\\Business Line - Security & Compliance\\[4.1] Cybersecurity\\[PRD.4.3.008] Cegeka Modern SOC\\SD - Cegeka Modern SOC - CrowdStrike - EU [PRD.4.3.008][PV2.0][DV1.0].docx']
[2026-03-18 01:33:21] [TID:16984] [DEBUG][stdout] HTML saved: SD - Cegeka Modern SOC - CrowdStrike - EU [PRD.4.3.008][PV2.0][DV1.0].html

[2026-03-18 01:33:21] [TID:16984] [DEBUG] Step 'extract_html' OK
[2026-03-18 01:33:21] [TID:16984] [DEBUG] Running step: parse_html
[2026-03-18 01:33:21] [TID:16984] [DEBUG] Command: ['C:\\Users\\koengo\\AppData\\Local\\Programs\\Python\\Python312\\python.exe', 'C:\\Users\\koengo\\OneDrive - Cegeka\\Documents\\Reusable Assets\\Products\\scripts\\parse_html_sections.py', 'extracted_html\\SD - Cegeka Modern SOC - CrowdStrike - EU [PRD.4.3.008][PV2.0][DV1.0].html']
[2026-03-18 01:33:21] [TID:16984] [DEBUG][stdout] ✔ Robust parsed → output\json\SD - Cegeka Modern SOC - CrowdStrike - EU [PRD.4.3.008][PV2.0][DV1.0].json

[2026-03-18 01:33:21] [TID:16984] [DEBUG] Step 'parse_html' OK
[2026-03-18 01:33:21] [TID:16984] [DEBUG] Running step: auto_map
[2026-03-18 01:33:21] [TID:16984] [DEBUG] Command: ['C:\\Users\\koengo\\AppData\\Local\\Programs\\Python\\Python312\\python.exe', 'C:\\Users\\koengo\\OneDrive - Cegeka\\Documents\\Reusable Assets\\Products\\scripts\\auto_map_sections.py', 'output\\json\\SD - Cegeka Modern SOC - CrowdStrike - EU [PRD.4.3.008][PV2.0][DV1.0].json']
[2026-03-18 01:33:21] [TID:16984] [DEBUG][stderr]   File "C:\Users\koengo\OneDrive - Cegeka\Documents\Reusable Assets\Products\scripts\auto_map_sections.py", line 26
    ``
    ^
SyntaxError: invalid syntax

[2026-03-18 01:33:21] [TID:16984] ERROR SD - Cegeka Modern SOC - CrowdStrike - EU [PRD.4.3.008][PV2.0][DV1.0].docx: [auto_map] FAILED with exit code 1
[2026-03-18 01:40:30] [TID:5648] START SD - Cegeka Modern SOC - CrowdStrike - EU [PRD.4.3.008][PV2.0][DV1.0].docx
[2026-03-18 01:40:30] [TID:5648] [DEBUG] Running step: extract_html
[2026-03-18 01:40:30] [TID:5648] [DEBUG] Command: ['C:\\Users\\koengo\\AppData\\Local\\Programs\\Python\\Python312\\python.exe', 'C:\\Users\\koengo\\OneDrive - Cegeka\\Documents\\Reusable Assets\\Products\\scripts\\extract_html.py', 'C:\\Users\\koengo\\Cegeka\\Product Management - Product Management Library\\Business Line - Security & Compliance\\[4.1] Cybersecurity\\[PRD.4.3.008] Cegeka Modern SOC\\SD - Cegeka Modern SOC - CrowdStrike - EU [PRD.4.3.008][PV2.0][DV1.0].docx']
[2026-03-18 01:40:31] [TID:5648] [DEBUG][stdout] HTML saved: SD - Cegeka Modern SOC - CrowdStrike - EU [PRD.4.3.008][PV2.0][DV1.0].html

[2026-03-18 01:40:31] [TID:5648] [DEBUG] Step 'extract_html' OK
[2026-03-18 01:40:31] [TID:5648] [DEBUG] Running step: parse_html
[2026-03-18 01:40:31] [TID:5648] [DEBUG] Command: ['C:\\Users\\koengo\\AppData\\Local\\Programs\\Python\\Python312\\python.exe', 'C:\\Users\\koengo\\OneDrive - Cegeka\\Documents\\Reusable Assets\\Products\\scripts\\parse_html_sections.py', 'extracted_html\\SD - Cegeka Modern SOC - CrowdStrike - EU [PRD.4.3.008][PV2.0][DV1.0].html']
[2026-03-18 01:40:31] [TID:5648] [DEBUG][stdout] ✔ Robust parsed → output\json\SD - Cegeka Modern SOC - CrowdStrike - EU [PRD.4.3.008][PV2.0][DV1.0].json

[2026-03-18 01:40:31] [TID:5648] [DEBUG] Step 'parse_html' OK
[2026-03-18 01:40:31] [TID:5648] [DEBUG] Running step: auto_map
[2026-03-18 01:40:31] [TID:5648] [DEBUG] Command: ['C:\\Users\\koengo\\AppData\\Local\\Programs\\Python\\Python312\\python.exe', 'C:\\Users\\koengo\\OneDrive - Cegeka\\Documents\\Reusable Assets\\Products\\scripts\\auto_map_sections.py', 'output\\json\\SD - Cegeka Modern SOC - CrowdStrike - EU [PRD.4.3.008][PV2.0][DV1.0].json']
[2026-03-18 01:40:31] [TID:5648] [DEBUG][stderr]   File "C:\Users\koengo\OneDrive - Cegeka\Documents\Reusable Assets\Products\scripts\auto_map_sections.py", line 26
    ``
    ^
SyntaxError: invalid syntax

[2026-03-18 01:40:31] [TID:5648] ERROR SD - Cegeka Modern SOC - CrowdStrike - EU [PRD.4.3.008][PV2.0][DV1.0].docx: [auto_map] FAILED with exit code 1
