[2026-03-18 14:27:51] START extract_html for: C:\Users\koengo\Cegeka\Product Management - Product Management Library\Business Line - Cloud and Digital Platforms\[0.L] Outsourcing Services\SD - TAM Oracle Goldengate [PRD.0.L.137][PV0.8][DV1.0].docx
[2026-03-18 14:27:51] HTML saved: extracted_html\SD - TAM Oracle Goldengate [PRD.0.L.137][PV0.8][DV1.0].html
[2026-03-18 14:27:51] extract_html OK
[2026-03-18 14:27:52] START parse_html for: extracted_html\SD - TAM Oracle Goldengate [PRD.0.L.137][PV0.8][DV1.0].html
[2026-03-18 14:27:52] PARSE OK → output\json\SD - TAM Oracle Goldengate [PRD.0.L.137][PV0.8][DV1.0].json
[2026-03-18 14:43:06] START PIPELINE for C:\Users\koengo\Cegeka\Product Management - Product Management Library\Business Line - Cloud and Digital Platforms\[0.L] Outsourcing Services\SD - TAM Oracle Goldengate [PRD.0.L.137][PV0.8][DV1.0].docx
[2026-03-18 14:43:06] RUN extract_html.py -> C:\Users\koengo\Cegeka\Product Management - Product Management Library\Business Line - Cloud and Digital Platforms\[0.L] Outsourcing Services\SD - TAM Oracle Goldengate [PRD.0.L.137][PV0.8][DV1.0].docx
[2026-03-18 14:43:06] START extract_html for: C:\Users\koengo\Cegeka\Product Management - Product Management Library\Business Line - Cloud and Digital Platforms\[0.L] Outsourcing Services\SD - TAM Oracle Goldengate [PRD.0.L.137][PV0.8][DV1.0].docx
[2026-03-18 14:43:07] HTML saved: extracted_html\SD - TAM Oracle Goldengate [PRD.0.L.137][PV0.8][DV1.0].html
[2026-03-18 14:43:07] extract_html OK
[2026-03-18 14:43:07] RUN parse_html_sections.py -> C:\Users\koengo\OneDrive - Cegeka\Documents\Reusable Assets\Products\extracted_html\SD - TAM Oracle Goldengate [PRD.0.L.137][PV0.8][DV1.0].html
[2026-03-18 14:43:07] START parse_html for: C:\Users\koengo\OneDrive - Cegeka\Documents\Reusable Assets\Products\extracted_html\SD - TAM Oracle Goldengate [PRD.0.L.137][PV0.8][DV1.0].html
[2026-03-18 14:43:07] PARSE OK → output\json\SD - TAM Oracle Goldengate [PRD.0.L.137][PV0.8][DV1.0].json
[2026-03-18 14:43:07] RUN auto_map_sections.py -> C:\Users\koengo\OneDrive - Cegeka\Documents\Reusable Assets\Products\output\json\SD - TAM Oracle Goldengate [PRD.0.L.137][PV0.8][DV1.0].json
[2026-03-18 14:43:07] START auto_map for: C:\Users\koengo\OneDrive - Cegeka\Documents\Reusable Assets\Products\output\json\SD - TAM Oracle Goldengate [PRD.0.L.137][PV0.8][DV1.0].json
[2026-03-18 14:43:08] auto_map OK → output\mapped\SD - TAM Oracle Goldengate [PRD.0.L.137][PV0.8][DV1.0]_mapped.json
[2026-03-18 14:43:08] JSON->XML OK -> C:\Users\koengo\OneDrive - Cegeka\Documents\Reusable Assets\Products\output\xml\SD - TAM Oracle Goldengate [PRD.0.L.137][PV0.8][DV1.0]_mapped.xml
[2026-03-18 14:43:08] RUN xml_to_docx.py -> C:\Users\koengo\OneDrive - Cegeka\Documents\Reusable Assets\Products\output\xml\SD - TAM Oracle Goldengate [PRD.0.L.137][PV0.8][DV1.0]_mapped.xml
[2026-03-18 14:43:08] PIPELINE OK
[2026-03-18 14:48:41] START PIPELINE for C:\Users\koengo\Cegeka\Product Management - Product Management Library\Business Line - Cloud and Digital Platforms\[0.L] Outsourcing Services\SD - TAM Oracle Goldengate [PRD.0.L.137][PV0.8][DV1.0].docx
[2026-03-18 14:48:41] RUN extract_html.py -> C:\Users\koengo\Cegeka\Product Management - Product Management Library\Business Line - Cloud and Digital Platforms\[0.L] Outsourcing Services\SD - TAM Oracle Goldengate [PRD.0.L.137][PV0.8][DV1.0].docx
[2026-03-18 14:48:41] START extract_html for: C:\Users\koengo\Cegeka\Product Management - Product Management Library\Business Line - Cloud and Digital Platforms\[0.L] Outsourcing Services\SD - TAM Oracle Goldengate [PRD.0.L.137][PV0.8][DV1.0].docx
[2026-03-18 14:48:41] HTML saved: extracted_html\SD - TAM Oracle Goldengate [PRD.0.L.137][PV0.8][DV1.0].html
[2026-03-18 14:48:41] extract_html OK
[2026-03-18 14:48:41] RUN parse_html_sections.py -> C:\Users\koengo\OneDrive - Cegeka\Documents\Reusable Assets\Products\extracted_html\SD - TAM Oracle Goldengate [PRD.0.L.137][PV0.8][DV1.0].html
[2026-03-18 14:48:42] START parse_html for: C:\Users\koengo\OneDrive - Cegeka\Documents\Reusable Assets\Products\extracted_html\SD - TAM Oracle Goldengate [PRD.0.L.137][PV0.8][DV1.0].html
[2026-03-18 14:48:42] PARSE OK → output\json\SD - TAM Oracle Goldengate [PRD.0.L.137][PV0.8][DV1.0].json
[2026-03-18 14:48:42] RUN auto_map_sections.py -> C:\Users\koengo\OneDrive - Cegeka\Documents\Reusable Assets\Products\output\json\SD - TAM Oracle Goldengate [PRD.0.L.137][PV0.8][DV1.0].json
[2026-03-18 14:48:42] START auto_map for: C:\Users\koengo\OneDrive - Cegeka\Documents\Reusable Assets\Products\output\json\SD - TAM Oracle Goldengate [PRD.0.L.137][PV0.8][DV1.0].json
[2026-03-18 14:48:42] auto_map OK → output\mapped\SD - TAM Oracle Goldengate [PRD.0.L.137][PV0.8][DV1.0]_mapped.json
[2026-03-18 14:48:42] JSON->XML OK -> C:\Users\koengo\OneDrive - Cegeka\Documents\Reusable Assets\Products\output\xml\SD - TAM Oracle Goldengate [PRD.0.L.137][PV0.8][DV1.0]_mapped.xml
[2026-03-18 14:48:42] RUN xml_to_docx.py -> C:\Users\koengo\OneDrive - Cegeka\Documents\Reusable Assets\Products\output\xml\SD - TAM Oracle Goldengate [PRD.0.L.137][PV0.8][DV1.0]_mapped.xml
[2026-03-18 14:48:43] PIPELINE OK
[2026-03-18 15:02:29] START PIPELINE for C:\Users\koengo\Cegeka\Product Management - Product Management Library\Business Line - Cloud and Digital Platforms\[0.L] Outsourcing Services\SD - TAM Oracle Goldengate [PRD.0.L.137][PV0.8][DV1.0].docx
[2026-03-18 15:02:29] RUN extract_html.py -> C:\Users\koengo\Cegeka\Product Management - Product Management Library\Business Line - Cloud and Digital Platforms\[0.L] Outsourcing Services\SD - TAM Oracle Goldengate [PRD.0.L.137][PV0.8][DV1.0].docx
[2026-03-18 15:02:29] START extract_html for: C:\Users\koengo\Cegeka\Product Management - Product Management Library\Business Line - Cloud and Digital Platforms\[0.L] Outsourcing Services\SD - TAM Oracle Goldengate [PRD.0.L.137][PV0.8][DV1.0].docx
[2026-03-18 15:02:29] HTML saved: extracted_html\SD - TAM Oracle Goldengate [PRD.0.L.137][PV0.8][DV1.0].html
[2026-03-18 15:02:29] extract_html OK
[2026-03-18 15:02:30] RUN parse_html_sections.py -> C:\Users\koengo\OneDrive - Cegeka\Documents\Reusable Assets\Products\extracted_html\SD - TAM Oracle Goldengate [PRD.0.L.137][PV0.8][DV1.0].html
[2026-03-18 15:02:30] START parse_html for: C:\Users\koengo\OneDrive - Cegeka\Documents\Reusable Assets\Products\extracted_html\SD - TAM Oracle Goldengate [PRD.0.L.137][PV0.8][DV1.0].html
[2026-03-18 15:02:30] PARSE OK → output\json\SD - TAM Oracle Goldengate [PRD.0.L.137][PV0.8][DV1.0].json
[2026-03-18 15:02:30] RUN auto_map_sections.py -> C:\Users\koengo\OneDrive - Cegeka\Documents\Reusable Assets\Products\output\json\SD - TAM Oracle Goldengate [PRD.0.L.137][PV0.8][DV1.0].json
[2026-03-18 15:02:30] START auto_map for: C:\Users\koengo\OneDrive - Cegeka\Documents\Reusable Assets\Products\output\json\SD - TAM Oracle Goldengate [PRD.0.L.137][PV0.8][DV1.0].json
[2026-03-18 15:02:30] auto_map OK → output\mapped\SD - TAM Oracle Goldengate [PRD.0.L.137][PV0.8][DV1.0]_mapped.json
[2026-03-18 15:02:30] JSON->XML OK -> C:\Users\koengo\OneDrive - Cegeka\Documents\Reusable Assets\Products\output\xml\SD - TAM Oracle Goldengate [PRD.0.L.137][PV0.8][DV1.0]_mapped.xml
[2026-03-18 15:02:30] RUN xml_to_docx.py -> C:\Users\koengo\OneDrive - Cegeka\Documents\Reusable Assets\Products\output\xml\SD - TAM Oracle Goldengate [PRD.0.L.137][PV0.8][DV1.0]_mapped.xml
[2026-03-18 15:02:31] PIPELINE OK
