[2026-03-18 14:42:13] START xml_to_docx_v3_fixed for: C:\Users\koengo\OneDrive - Cegeka\Documents\Reusable Assets\Products\output\xml\SD - Cegeka Housing Services [PRD.0.L.101][PV0.8][DV1.3]_mapped.xml
[2026-03-18 14:42:13] Filled SDT 'PRODUCT_SUMMARY' with XML section 'Service identification'
[2026-03-18 14:42:13] Filled SDT 'SCOPE' with XML section 'Out of scope'
[2026-03-18 14:42:14] Filled SDT 'TERMS_CONDITIONS' with XML section 'Conditions'
[2026-03-18 14:42:14] Filled SDT 'PRODUCT_SUMMARY' with XML section 'Service delivery location'
[2026-03-18 14:42:14] Filled SDT 'PRODUCT_SUMMARY' with XML section 'Service Reporting'
[2026-03-18 14:42:14] Filled SDT 'PRODUCT_SUMMARY' with XML section 'Service Window'
[2026-03-18 14:42:14] Filled SDT 'SLA_KPI' with XML section 'Service Level'
[2026-03-18 14:42:14] TOTAL SDT FIELDS FILLED: 7
[2026-03-18 14:42:14] XML→DOCX OK → output\docx\SD - Cegeka Housing Services [PRD.0.L.101][PV0.8][DV1.3]_mapped_FINAL.docx
[2026-03-18 14:47:59] START xml_to_docx_v3_fixed for: C:\Users\koengo\OneDrive - Cegeka\Documents\Reusable Assets\Products\output\xml\SD - Cegeka Housing Services [PRD.0.L.101][PV0.8][DV1.3]_mapped.xml
[2026-03-18 14:47:59] Filled SDT 'PRODUCT_SUMMARY' with XML section 'Service identification'
[2026-03-18 14:47:59] Filled SDT 'SCOPE' with XML section 'Out of scope'
[2026-03-18 14:47:59] Filled SDT 'TERMS_CONDITIONS' with XML section 'Conditions'
[2026-03-18 14:47:59] Filled SDT 'PRODUCT_SUMMARY' with XML section 'Service delivery location'
[2026-03-18 14:47:59] Filled SDT 'PRODUCT_SUMMARY' with XML section 'Service Reporting'
[2026-03-18 14:47:59] Filled SDT 'PRODUCT_SUMMARY' with XML section 'Service Window'
[2026-03-18 14:47:59] Filled SDT 'SLA_KPI' with XML section 'Service Level'
[2026-03-18 14:47:59] TOTAL SDT FIELDS FILLED: 7
[2026-03-18 14:47:59] XML→DOCX OK → output\docx\SD - Cegeka Housing Services [PRD.0.L.101][PV0.8][DV1.3]_mapped_FINAL.docx
[2026-03-18 15:01:49] START xml_to_docx_v3_fixed for: C:\Users\koengo\OneDrive - Cegeka\Documents\Reusable Assets\Products\output\xml\SD - Cegeka Housing Services [PRD.0.L.101][PV0.8][DV1.3]_mapped.xml
[2026-03-18 15:01:49] Filled SDT 'PRODUCT_SUMMARY' with XML section 'Service identification'
[2026-03-18 15:01:49] Filled SDT 'SCOPE' with XML section 'Out of scope'
[2026-03-18 15:01:49] Filled SDT 'TERMS_CONDITIONS' with XML section 'Conditions'
[2026-03-18 15:01:49] Filled SDT 'PRODUCT_SUMMARY' with XML section 'Service delivery location'
[2026-03-18 15:01:49] Filled SDT 'PRODUCT_SUMMARY' with XML section 'Service Reporting'
[2026-03-18 15:01:49] Filled SDT 'PRODUCT_SUMMARY' with XML section 'Service Window'
[2026-03-18 15:01:49] Filled SDT 'SLA_KPI' with XML section 'Service Level'
[2026-03-18 15:01:49] TOTAL SDT FIELDS FILLED: 7
[2026-03-18 15:01:49] XML→DOCX OK → output\docx\SD - Cegeka Housing Services [PRD.0.L.101][PV0.8][DV1.3]_mapped_FINAL.docx
