[2026-03-17 23:34:14] [TID:19352] Start processing SD: SD - Adoption & Change Management - Purpose & Culture [PRD.7.8.001][PV1.0][DV1.0].docx
[2026-03-17 23:34:14] [TID:19352] Extracting HTML...
[2026-03-17 23:34:15] [TID:19352] ERROR SD - Adoption & Change Management - Purpose & Culture [PRD.7.8.001][PV1.0][DV1.0].docx: Command '['C:\\Users\\koengo\\AppData\\Local\\Programs\\Python\\Python312\\python.exe', 'C:\\Users\\koengo\\OneDrive - Cegeka\\Documents\\Reusable Assets\\Products\\scripts\\extract_html.py', 'C:\\Users\\koengo\\Cegeka\\Product Management - Product Management Library\\Business Line - Digital Employee eXperience\\[7.2] Cegeka Employee Empowerment Solutions\\[PRD.7.8.001] Adoption & Change Management\\SD - Adoption & Change Management - Purpose & Culture [PRD.7.8.001][PV1.0][DV1.0].docx']' returned non-zero exit status 1.
[2026-03-17 23:39:35] [TID:22428] START SD - Adoption & Change Management - Purpose & Culture [PRD.7.8.001][PV1.0][DV1.0].docx
[2026-03-17 23:39:35] [TID:22428] Extracting HTML...
[2026-03-17 23:39:35] [TID:22428] ERROR SD - Adoption & Change Management - Purpose & Culture [PRD.7.8.001][PV1.0][DV1.0].docx: Command '['C:\\Users\\koengo\\AppData\\Local\\Programs\\Python\\Python312\\python.exe', 'C:\\Users\\koengo\\OneDrive - Cegeka\\Documents\\Reusable Assets\\Products\\scripts\\extract_html.py', 'C:\\Users\\koengo\\Cegeka\\Product Management - Product Management Library\\Business Line - Digital Employee eXperience\\[7.2] Cegeka Employee Empowerment Solutions\\[PRD.7.8.001] Adoption & Change Management\\SD - Adoption & Change Management - Purpose & Culture [PRD.7.8.001][PV1.0][DV1.0].docx']' returned non-zero exit status 1.
[2026-03-17 23:44:46] [TID:17020] START SD - Adoption & Change Management - Purpose & Culture [PRD.7.8.001][PV1.0][DV1.0].docx
[2026-03-17 23:44:46] [TID:17020] Extracting HTML...
[2026-03-17 23:44:47] [TID:17020] ERROR SD - Adoption & Change Management - Purpose & Culture [PRD.7.8.001][PV1.0][DV1.0].docx: Command '['C:\\Users\\koengo\\AppData\\Local\\Programs\\Python\\Python312\\python.exe', 'C:\\Users\\koengo\\OneDrive - Cegeka\\Documents\\Reusable Assets\\Products\\scripts\\extract_html.py', 'C:\\Users\\koengo\\Cegeka\\Product Management - Product Management Library\\Business Line - Digital Employee eXperience\\[7.2] Cegeka Employee Empowerment Solutions\\[PRD.7.8.001] Adoption & Change Management\\SD - Adoption & Change Management - Purpose & Culture [PRD.7.8.001][PV1.0][DV1.0].docx']' returned non-zero exit status 1.
[2026-03-17 23:47:14] [TID:12148] START SD - Adoption & Change Management - Purpose & Culture [PRD.7.8.001][PV1.0][DV1.0].docx
[2026-03-17 23:47:15] [TID:12148] Extracting HTML...
[2026-03-17 23:47:15] [TID:12148] ERROR SD - Adoption & Change Management - Purpose & Culture [PRD.7.8.001][PV1.0][DV1.0].docx: Command '['C:\\Users\\koengo\\AppData\\Local\\Programs\\Python\\Python312\\python.exe', 'C:\\Users\\koengo\\OneDrive - Cegeka\\Documents\\Reusable Assets\\Products\\scripts\\extract_html.py', 'C:\\Users\\koengo\\Cegeka\\Product Management - Product Management Library\\Business Line - Digital Employee eXperience\\[7.2] Cegeka Employee Empowerment Solutions\\[PRD.7.8.001] Adoption & Change Management\\SD - Adoption & Change Management - Purpose & Culture [PRD.7.8.001][PV1.0][DV1.0].docx']' returned non-zero exit status 1.
[2026-03-17 23:54:44] [TID:20428] START SD - Adoption & Change Management - Purpose & Culture [PRD.7.8.001][PV1.0][DV1.0].docx
[2026-03-17 23:54:45] [TID:20428] Extracting HTML...
[2026-03-17 23:54:45] [TID:20428] ERROR SD - Adoption & Change Management - Purpose & Culture [PRD.7.8.001][PV1.0][DV1.0].docx: Command '['C:\\Users\\koengo\\AppData\\Local\\Programs\\Python\\Python312\\python.exe', 'C:\\Users\\koengo\\OneDrive - Cegeka\\Documents\\Reusable Assets\\Products\\scripts\\extract_html.py', 'C:\\Users\\koengo\\Cegeka\\Product Management - Product Management Library\\Business Line - Digital Employee eXperience\\[7.2] Cegeka Employee Empowerment Solutions\\[PRD.7.8.001] Adoption & Change Management\\SD - Adoption & Change Management - Purpose & Culture [PRD.7.8.001][PV1.0][DV1.0].docx']' returned non-zero exit status 1.
[2026-03-18 00:02:09] [TID:24992] START SD - Adoption & Change Management - Purpose & Culture [PRD.7.8.001][PV1.0][DV1.0].docx
[2026-03-18 00:02:09] [TID:24992] Extracting HTML...
[2026-03-18 00:02:09] [TID:24992] ERROR SD - Adoption & Change Management - Purpose & Culture [PRD.7.8.001][PV1.0][DV1.0].docx: Command '['C:\\Users\\koengo\\AppData\\Local\\Programs\\Python\\Python312\\python.exe', 'C:\\Users\\koengo\\OneDrive - Cegeka\\Documents\\Reusable Assets\\Products\\scripts\\extract_html.py', 'C:\\Users\\koengo\\Cegeka\\Product Management - Product Management Library\\Business Line - Digital Employee eXperience\\[7.2] Cegeka Employee Empowerment Solutions\\[PRD.7.8.001] Adoption & Change Management\\SD - Adoption & Change Management - Purpose & Culture [PRD.7.8.001][PV1.0][DV1.0].docx']' returned non-zero exit status 1.
[2026-03-18 00:11:22] [TID:22472] START SD - Adoption & Change Management - Purpose & Culture [PRD.7.8.001][PV1.0][DV1.0].docx
[2026-03-18 00:11:22] [TID:22472] Extracting HTML...
[2026-03-18 00:11:23] [TID:22472] ERROR SD - Adoption & Change Management - Purpose & Culture [PRD.7.8.001][PV1.0][DV1.0].docx: Command '['C:\\Users\\koengo\\AppData\\Local\\Programs\\Python\\Python312\\python.exe', 'C:\\Users\\koengo\\OneDrive - Cegeka\\Documents\\Reusable Assets\\Products\\scripts\\extract_html.py', 'C:\\Users\\koengo\\Cegeka\\Product Management - Product Management Library\\Business Line - Digital Employee eXperience\\[7.2] Cegeka Employee Empowerment Solutions\\[PRD.7.8.001] Adoption & Change Management\\SD - Adoption & Change Management - Purpose & Culture [PRD.7.8.001][PV1.0][DV1.0].docx']' returned non-zero exit status 1.
[2026-03-18 00:24:45] [TID:6152] START SD - Adoption & Change Management - Purpose & Culture [PRD.7.8.001][PV1.0][DV1.0].docx
[2026-03-18 00:24:45] [TID:6152] [DEBUG] Running step: extract_html
[2026-03-18 00:24:45] [TID:6152] [DEBUG] Command: ['C:\\Users\\koengo\\AppData\\Local\\Programs\\Python\\Python312\\python.exe', 'C:\\Users\\koengo\\OneDrive - Cegeka\\Documents\\Reusable Assets\\Products\\scripts\\extract_html.py', 'C:\\Users\\koengo\\Cegeka\\Product Management - Product Management Library\\Business Line - Digital Employee eXperience\\[7.2] Cegeka Employee Empowerment Solutions\\[PRD.7.8.001] Adoption & Change Management\\SD - Adoption & Change Management - Purpose & Culture [PRD.7.8.001][PV1.0][DV1.0].docx']
[2026-03-18 00:24:46] [TID:6152] [DEBUG][stderr] Traceback (most recent call last):
  File "C:\Users\koengo\OneDrive - Cegeka\Documents\Reusable Assets\Products\scripts\extract_html.py", line 12, in <module>
    with open(sd_file, "rb") as f:
         ^^^^^^^^^^^^^^^^^^^
FileNotFoundError: [Errno 2] No such file or directory: 'C:\\Users\\koengo\\Cegeka\\Product Management - Product Management Library\\Business Line - Digital Employee eXperience\\[7.2] Cegeka Employee Empowerment Solutions\\[PRD.7.8.001] Adoption & Change Management\\SD - Adoption & Change Management - Purpose & Culture [PRD.7.8.001][PV1.0][DV1.0].docx'

[2026-03-18 00:24:46] [TID:6152] ERROR SD - Adoption & Change Management - Purpose & Culture [PRD.7.8.001][PV1.0][DV1.0].docx: [extract_html] FAILED with exit code 1
[2026-03-18 00:28:44] [TID:12148] START SD - Adoption & Change Management - Purpose & Culture [PRD.7.8.001][PV1.0][DV1.0].docx
[2026-03-18 00:28:44] [TID:12148] [DEBUG] Running step: extract_html
[2026-03-18 00:28:45] [TID:12148] [DEBUG] Command: ['C:\\Users\\koengo\\AppData\\Local\\Programs\\Python\\Python312\\python.exe', 'C:\\Users\\koengo\\OneDrive - Cegeka\\Documents\\Reusable Assets\\Products\\scripts\\extract_html.py', 'C:\\Users\\koengo\\Cegeka\\Product Management - Product Management Library\\Business Line - Digital Employee eXperience\\[7.2] Cegeka Employee Empowerment Solutions\\[PRD.7.8.001] Adoption & Change Management\\SD - Adoption & Change Management - Purpose & Culture [PRD.7.8.001][PV1.0][DV1.0].docx']
[2026-03-18 00:28:45] [TID:12148] [DEBUG][stderr] Traceback (most recent call last):
  File "C:\Users\koengo\OneDrive - Cegeka\Documents\Reusable Assets\Products\scripts\extract_html.py", line 12, in <module>
    with open(sd_file, "rb") as f:
         ^^^^^^^^^^^^^^^^^^^
FileNotFoundError: [Errno 2] No such file or directory: 'C:\\Users\\koengo\\Cegeka\\Product Management - Product Management Library\\Business Line - Digital Employee eXperience\\[7.2] Cegeka Employee Empowerment Solutions\\[PRD.7.8.001] Adoption & Change Management\\SD - Adoption & Change Management - Purpose & Culture [PRD.7.8.001][PV1.0][DV1.0].docx'

[2026-03-18 00:28:45] [TID:12148] ERROR SD - Adoption & Change Management - Purpose & Culture [PRD.7.8.001][PV1.0][DV1.0].docx: [extract_html] FAILED with exit code 1
[2026-03-18 00:39:46] [TID:1172] START SD - Adoption & Change Management - Purpose & Culture [PRD.7.8.001][PV1.0][DV1.0].docx
[2026-03-18 00:39:46] [TID:1172] [DEBUG] Running step: extract_html
[2026-03-18 00:39:46] [TID:1172] [DEBUG] Command: ['C:\\Users\\koengo\\AppData\\Local\\Programs\\Python\\Python312\\python.exe', 'C:\\Users\\koengo\\OneDrive - Cegeka\\Documents\\Reusable Assets\\Products\\scripts\\extract_html.py', 'C:\\Users\\koengo\\Cegeka\\Product Management - Product Management Library\\Business Line - Digital Employee eXperience\\[7.2] Cegeka Employee Empowerment Solutions\\[PRD.7.8.001] Adoption & Change Management\\SD - Adoption & Change Management - Purpose & Culture [PRD.7.8.001][PV1.0][DV1.0].docx']
[2026-03-18 00:39:47] [TID:1172] [DEBUG][stderr] Traceback (most recent call last):
  File "C:\Users\koengo\OneDrive - Cegeka\Documents\Reusable Assets\Products\scripts\extract_html.py", line 12, in <module>
    with open(sd_file, "rb") as f:
         ^^^^^^^^^^^^^^^^^^^
FileNotFoundError: [Errno 2] No such file or directory: 'C:\\Users\\koengo\\Cegeka\\Product Management - Product Management Library\\Business Line - Digital Employee eXperience\\[7.2] Cegeka Employee Empowerment Solutions\\[PRD.7.8.001] Adoption & Change Management\\SD - Adoption & Change Management - Purpose & Culture [PRD.7.8.001][PV1.0][DV1.0].docx'

[2026-03-18 00:39:47] [TID:1172] ERROR SD - Adoption & Change Management - Purpose & Culture [PRD.7.8.001][PV1.0][DV1.0].docx: [extract_html] FAILED with exit code 1
[2026-03-18 00:52:03] [TID:5928] START SD - Adoption & Change Management - Purpose & Culture [PRD.7.8.001][PV1.0][DV1.0].docx
[2026-03-18 00:52:03] [TID:5928] [DEBUG] Running step: extract_html
[2026-03-18 00:52:03] [TID:5928] [DEBUG] Command: ['C:\\Users\\koengo\\AppData\\Local\\Programs\\Python\\Python312\\python.exe', 'C:\\Users\\koengo\\OneDrive - Cegeka\\Documents\\Reusable Assets\\Products\\scripts\\extract_html.py', 'C:\\Users\\koengo\\Cegeka\\Product Management - Product Management Library\\Business Line - Digital Employee eXperience\\[7.2] Cegeka Employee Empowerment Solutions\\[PRD.7.8.001] Adoption & Change Management\\SD - Adoption & Change Management - Purpose & Culture [PRD.7.8.001][PV1.0][DV1.0].docx']
[2026-03-18 00:52:03] [TID:5928] [DEBUG][stdout] EXTRACT ERROR: [Errno 2] No such file or directory: 'C:\\Users\\koengo\\Cegeka\\Product Management - Product Management Library\\Business Line - Digital Employee eXperience\\[7.2] Cegeka Employee Empowerment Solutions\\[PRD.7.8.001] Adoption & Change Management\\SD - Adoption & Change Management - Purpose & Culture [PRD.7.8.001][PV1.0][DV1.0].docx'

[2026-03-18 00:52:03] [TID:5928] ERROR SD - Adoption & Change Management - Purpose & Culture [PRD.7.8.001][PV1.0][DV1.0].docx: [extract_html] FAILED with exit code 1
[2026-03-18 01:01:20] [TID:19944] START SD - Adoption & Change Management - Purpose & Culture [PRD.7.8.001][PV1.0][DV1.0].docx
[2026-03-18 01:01:20] [TID:19944] [DEBUG] Running step: extract_html
[2026-03-18 01:01:20] [TID:19944] [DEBUG] Command: ['C:\\Users\\koengo\\AppData\\Local\\Programs\\Python\\Python312\\python.exe', 'C:\\Users\\koengo\\OneDrive - Cegeka\\Documents\\Reusable Assets\\Products\\scripts\\extract_html.py', 'C:\\Users\\koengo\\Cegeka\\Product Management - Product Management Library\\Business Line - Digital Employee eXperience\\[7.2] Cegeka Employee Empowerment Solutions\\[PRD.7.8.001] Adoption & Change Management\\SD - Adoption & Change Management - Purpose & Culture [PRD.7.8.001][PV1.0][DV1.0].docx']
[2026-03-18 01:01:21] [TID:19944] [DEBUG][stdout] EXTRACT ERROR: [Errno 2] No such file or directory: 'C:\\Users\\koengo\\Cegeka\\Product Management - Product Management Library\\Business Line - Digital Employee eXperience\\[7.2] Cegeka Employee Empowerment Solutions\\[PRD.7.8.001] Adoption & Change Management\\SD - Adoption & Change Management - Purpose & Culture [PRD.7.8.001][PV1.0][DV1.0].docx'

[2026-03-18 01:01:21] [TID:19944] ERROR SD - Adoption & Change Management - Purpose & Culture [PRD.7.8.001][PV1.0][DV1.0].docx: [extract_html] FAILED with exit code 1
[2026-03-18 01:16:56] [TID:18856] START SD - Adoption & Change Management - Purpose & Culture [PRD.7.8.001][PV1.0][DV1.0].docx
[2026-03-18 01:16:56] [TID:18856] [DEBUG] Running step: extract_html
[2026-03-18 01:16:56] [TID:18856] [DEBUG] Command: ['C:\\Users\\koengo\\AppData\\Local\\Programs\\Python\\Python312\\python.exe', 'C:\\Users\\koengo\\OneDrive - Cegeka\\Documents\\Reusable Assets\\Products\\scripts\\extract_html.py', 'C:\\Users\\koengo\\Cegeka\\Product Management - Product Management Library\\Business Line - Digital Employee eXperience\\[7.2] Cegeka Employee Empowerment Solutions\\[PRD.7.8.001] Adoption & Change Management\\SD - Adoption & Change Management - Purpose & Culture [PRD.7.8.001][PV1.0][DV1.0].docx']
[2026-03-18 01:16:57] [TID:18856] [DEBUG][stdout] EXTRACT ERROR: [Errno 2] No such file or directory: 'C:\\Users\\koengo\\Cegeka\\Product Management - Product Management Library\\Business Line - Digital Employee eXperience\\[7.2] Cegeka Employee Empowerment Solutions\\[PRD.7.8.001] Adoption & Change Management\\SD - Adoption & Change Management - Purpose & Culture [PRD.7.8.001][PV1.0][DV1.0].docx'

[2026-03-18 01:16:57] [TID:18856] ERROR SD - Adoption & Change Management - Purpose & Culture [PRD.7.8.001][PV1.0][DV1.0].docx: [extract_html] FAILED with exit code 1
[2026-03-18 01:30:48] [TID:24236] START SD - Adoption & Change Management - Purpose & Culture [PRD.7.8.001][PV1.0][DV1.0].docx
[2026-03-18 01:30:48] [TID:24236] [DEBUG] Running step: extract_html
[2026-03-18 01:30:48] [TID:24236] [DEBUG] Command: ['C:\\Users\\koengo\\AppData\\Local\\Programs\\Python\\Python312\\python.exe', 'C:\\Users\\koengo\\OneDrive - Cegeka\\Documents\\Reusable Assets\\Products\\scripts\\extract_html.py', 'C:\\Users\\koengo\\Cegeka\\Product Management - Product Management Library\\Business Line - Digital Employee eXperience\\[7.2] Cegeka Employee Empowerment Solutions\\[PRD.7.8.001] Adoption & Change Management\\SD - Adoption & Change Management - Purpose & Culture [PRD.7.8.001][PV1.0][DV1.0].docx']
[2026-03-18 01:30:48] [TID:24236] [DEBUG][stderr]   File "C:\Users\koengo\OneDrive - Cegeka\Documents\Reusable Assets\Products\scripts\extract_html.py", line 31
    ``
    ^
SyntaxError: invalid syntax

[2026-03-18 01:30:48] [TID:24236] ERROR SD - Adoption & Change Management - Purpose & Culture [PRD.7.8.001][PV1.0][DV1.0].docx: [extract_html] FAILED with exit code 1
[2026-03-18 01:33:15] [TID:28596] START SD - Adoption & Change Management - Purpose & Culture [PRD.7.8.001][PV1.0][DV1.0].docx
[2026-03-18 01:33:15] [TID:28596] [DEBUG] Running step: extract_html
[2026-03-18 01:33:15] [TID:28596] [DEBUG] Command: ['C:\\Users\\koengo\\AppData\\Local\\Programs\\Python\\Python312\\python.exe', 'C:\\Users\\koengo\\OneDrive - Cegeka\\Documents\\Reusable Assets\\Products\\scripts\\extract_html.py', 'C:\\Users\\koengo\\Cegeka\\Product Management - Product Management Library\\Business Line - Digital Employee eXperience\\[7.2] Cegeka Employee Empowerment Solutions\\[PRD.7.8.001] Adoption & Change Management\\SD - Adoption & Change Management - Purpose & Culture [PRD.7.8.001][PV1.0][DV1.0].docx']
[2026-03-18 01:33:16] [TID:28596] [DEBUG][stdout] EXTRACT ERROR: [Errno 2] No such file or directory: 'C:\\Users\\koengo\\Cegeka\\Product Management - Product Management Library\\Business Line - Digital Employee eXperience\\[7.2] Cegeka Employee Empowerment Solutions\\[PRD.7.8.001] Adoption & Change Management\\SD - Adoption & Change Management - Purpose & Culture [PRD.7.8.001][PV1.0][DV1.0].docx'

[2026-03-18 01:33:16] [TID:28596] ERROR SD - Adoption & Change Management - Purpose & Culture [PRD.7.8.001][PV1.0][DV1.0].docx: [extract_html] FAILED with exit code 1
[2026-03-18 01:40:25] [TID:5648] START SD - Adoption & Change Management - Purpose & Culture [PRD.7.8.001][PV1.0][DV1.0].docx
[2026-03-18 01:40:25] [TID:5648] [DEBUG] Running step: extract_html
[2026-03-18 01:40:25] [TID:5648] [DEBUG] Command: ['C:\\Users\\koengo\\AppData\\Local\\Programs\\Python\\Python312\\python.exe', 'C:\\Users\\koengo\\OneDrive - Cegeka\\Documents\\Reusable Assets\\Products\\scripts\\extract_html.py', 'C:\\Users\\koengo\\Cegeka\\Product Management - Product Management Library\\Business Line - Digital Employee eXperience\\[7.2] Cegeka Employee Empowerment Solutions\\[PRD.7.8.001] Adoption & Change Management\\SD - Adoption & Change Management - Purpose & Culture [PRD.7.8.001][PV1.0][DV1.0].docx']
[2026-03-18 01:40:26] [TID:5648] [DEBUG][stdout] EXTRACT ERROR: [Errno 2] No such file or directory: 'C:\\Users\\koengo\\Cegeka\\Product Management - Product Management Library\\Business Line - Digital Employee eXperience\\[7.2] Cegeka Employee Empowerment Solutions\\[PRD.7.8.001] Adoption & Change Management\\SD - Adoption & Change Management - Purpose & Culture [PRD.7.8.001][PV1.0][DV1.0].docx'

[2026-03-18 01:40:26] [TID:5648] ERROR SD - Adoption & Change Management - Purpose & Culture [PRD.7.8.001][PV1.0][DV1.0].docx: [extract_html] FAILED with exit code 1
