[2026-03-17 23:34:04] [TID:25548] Start processing SD: SD - Release and Deploy services for Argenta [PRD.0.L.191][PV0.7][DV1.0].docx
[2026-03-17 23:34:04] [TID:25548] Extracting HTML...
[2026-03-17 23:34:05] [TID:25548] ERROR SD - Release and Deploy services for Argenta [PRD.0.L.191][PV0.7][DV1.0].docx: Command '['C:\\Users\\koengo\\AppData\\Local\\Programs\\Python\\Python312\\python.exe', 'C:\\Users\\koengo\\OneDrive - Cegeka\\Documents\\Reusable Assets\\Products\\scripts\\extract_html.py', 'C:\\Users\\koengo\\Cegeka\\Product Management - Product Management Library\\Business Line - Cloud and Digital Platforms\\[0.L] Outsourcing Services\\SD - Release and Deploy services for Argenta [PRD.0.L.191][PV0.7][DV1.0].docx']' returned non-zero exit status 1.
[2026-03-17 23:39:25] [TID:22428] START SD - Release and Deploy services for Argenta [PRD.0.L.191][PV0.7][DV1.0].docx
[2026-03-17 23:39:25] [TID:22428] Extracting HTML...
[2026-03-17 23:39:26] [TID:22428] ERROR SD - Release and Deploy services for Argenta [PRD.0.L.191][PV0.7][DV1.0].docx: Command '['C:\\Users\\koengo\\AppData\\Local\\Programs\\Python\\Python312\\python.exe', 'C:\\Users\\koengo\\OneDrive - Cegeka\\Documents\\Reusable Assets\\Products\\scripts\\extract_html.py', 'C:\\Users\\koengo\\Cegeka\\Product Management - Product Management Library\\Business Line - Cloud and Digital Platforms\\[0.L] Outsourcing Services\\SD - Release and Deploy services for Argenta [PRD.0.L.191][PV0.7][DV1.0].docx']' returned non-zero exit status 1.
[2026-03-17 23:44:37] [TID:17020] START SD - Release and Deploy services for Argenta [PRD.0.L.191][PV0.7][DV1.0].docx
[2026-03-17 23:44:37] [TID:17020] Extracting HTML...
[2026-03-17 23:44:38] [TID:17020] ERROR SD - Release and Deploy services for Argenta [PRD.0.L.191][PV0.7][DV1.0].docx: Command '['C:\\Users\\koengo\\AppData\\Local\\Programs\\Python\\Python312\\python.exe', 'C:\\Users\\koengo\\OneDrive - Cegeka\\Documents\\Reusable Assets\\Products\\scripts\\extract_html.py', 'C:\\Users\\koengo\\Cegeka\\Product Management - Product Management Library\\Business Line - Cloud and Digital Platforms\\[0.L] Outsourcing Services\\SD - Release and Deploy services for Argenta [PRD.0.L.191][PV0.7][DV1.0].docx']' returned non-zero exit status 1.
[2026-03-17 23:47:04] [TID:24732] START SD - Release and Deploy services for Argenta [PRD.0.L.191][PV0.7][DV1.0].docx
[2026-03-17 23:47:04] [TID:24732] Extracting HTML...
[2026-03-17 23:47:05] [TID:24732] ERROR SD - Release and Deploy services for Argenta [PRD.0.L.191][PV0.7][DV1.0].docx: Command '['C:\\Users\\koengo\\AppData\\Local\\Programs\\Python\\Python312\\python.exe', 'C:\\Users\\koengo\\OneDrive - Cegeka\\Documents\\Reusable Assets\\Products\\scripts\\extract_html.py', 'C:\\Users\\koengo\\Cegeka\\Product Management - Product Management Library\\Business Line - Cloud and Digital Platforms\\[0.L] Outsourcing Services\\SD - Release and Deploy services for Argenta [PRD.0.L.191][PV0.7][DV1.0].docx']' returned non-zero exit status 1.
[2026-03-17 23:54:34] [TID:8392] START SD - Release and Deploy services for Argenta [PRD.0.L.191][PV0.7][DV1.0].docx
[2026-03-17 23:54:34] [TID:8392] Extracting HTML...
[2026-03-17 23:54:35] [TID:8392] ERROR SD - Release and Deploy services for Argenta [PRD.0.L.191][PV0.7][DV1.0].docx: Command '['C:\\Users\\koengo\\AppData\\Local\\Programs\\Python\\Python312\\python.exe', 'C:\\Users\\koengo\\OneDrive - Cegeka\\Documents\\Reusable Assets\\Products\\scripts\\extract_html.py', 'C:\\Users\\koengo\\Cegeka\\Product Management - Product Management Library\\Business Line - Cloud and Digital Platforms\\[0.L] Outsourcing Services\\SD - Release and Deploy services for Argenta [PRD.0.L.191][PV0.7][DV1.0].docx']' returned non-zero exit status 1.
[2026-03-18 00:02:00] [TID:4276] START SD - Release and Deploy services for Argenta [PRD.0.L.191][PV0.7][DV1.0].docx
[2026-03-18 00:02:00] [TID:4276] Extracting HTML...
[2026-03-18 00:02:01] [TID:4276] ERROR SD - Release and Deploy services for Argenta [PRD.0.L.191][PV0.7][DV1.0].docx: Command '['C:\\Users\\koengo\\AppData\\Local\\Programs\\Python\\Python312\\python.exe', 'C:\\Users\\koengo\\OneDrive - Cegeka\\Documents\\Reusable Assets\\Products\\scripts\\extract_html.py', 'C:\\Users\\koengo\\Cegeka\\Product Management - Product Management Library\\Business Line - Cloud and Digital Platforms\\[0.L] Outsourcing Services\\SD - Release and Deploy services for Argenta [PRD.0.L.191][PV0.7][DV1.0].docx']' returned non-zero exit status 1.
[2026-03-18 00:11:11] [TID:16360] START SD - Release and Deploy services for Argenta [PRD.0.L.191][PV0.7][DV1.0].docx
[2026-03-18 00:11:12] [TID:16360] Extracting HTML...
[2026-03-18 00:11:13] [TID:16360] ERROR SD - Release and Deploy services for Argenta [PRD.0.L.191][PV0.7][DV1.0].docx: Command '['C:\\Users\\koengo\\AppData\\Local\\Programs\\Python\\Python312\\python.exe', 'C:\\Users\\koengo\\OneDrive - Cegeka\\Documents\\Reusable Assets\\Products\\scripts\\extract_html.py', 'C:\\Users\\koengo\\Cegeka\\Product Management - Product Management Library\\Business Line - Cloud and Digital Platforms\\[0.L] Outsourcing Services\\SD - Release and Deploy services for Argenta [PRD.0.L.191][PV0.7][DV1.0].docx']' returned non-zero exit status 1.
[2026-03-18 00:24:27] [TID:4384] START SD - Release and Deploy services for Argenta [PRD.0.L.191][PV0.7][DV1.0].docx
[2026-03-18 00:24:27] [TID:4384] [DEBUG] Running step: extract_html
[2026-03-18 00:24:27] [TID:4384] [DEBUG] Command: ['C:\\Users\\koengo\\AppData\\Local\\Programs\\Python\\Python312\\python.exe', 'C:\\Users\\koengo\\OneDrive - Cegeka\\Documents\\Reusable Assets\\Products\\scripts\\extract_html.py', 'C:\\Users\\koengo\\Cegeka\\Product Management - Product Management Library\\Business Line - Cloud and Digital Platforms\\[0.L] Outsourcing Services\\SD - Release and Deploy services for Argenta [PRD.0.L.191][PV0.7][DV1.0].docx']
[2026-03-18 00:24:28] [TID:4384] [DEBUG][stderr] Traceback (most recent call last):
  File "C:\Users\koengo\OneDrive - Cegeka\Documents\Reusable Assets\Products\scripts\extract_html.py", line 17, in <module>
    print(f"\u2714 HTML saved \u2192 {out_file}")
  File "C:\Users\koengo\AppData\Local\Programs\Python\Python312\Lib\encodings\cp1252.py", line 19, in encode
    return codecs.charmap_encode(input,self.errors,encoding_table)[0]
           ^^^^^^^^^^^^^^^^^^^^^^^^^^^^^^^^^^^^^^^^^^^^^^^^^^^^^^^
UnicodeEncodeError: 'charmap' codec can't encode character '\u2714' in position 0: character maps to <undefined>

[2026-03-18 00:24:28] [TID:4384] ERROR SD - Release and Deploy services for Argenta [PRD.0.L.191][PV0.7][DV1.0].docx: [extract_html] FAILED with exit code 1
[2026-03-18 00:28:28] [TID:26240] START SD - Release and Deploy services for Argenta [PRD.0.L.191][PV0.7][DV1.0].docx
[2026-03-18 00:28:28] [TID:26240] [DEBUG] Running step: extract_html
[2026-03-18 00:28:28] [TID:26240] [DEBUG] Command: ['C:\\Users\\koengo\\AppData\\Local\\Programs\\Python\\Python312\\python.exe', 'C:\\Users\\koengo\\OneDrive - Cegeka\\Documents\\Reusable Assets\\Products\\scripts\\extract_html.py', 'C:\\Users\\koengo\\Cegeka\\Product Management - Product Management Library\\Business Line - Cloud and Digital Platforms\\[0.L] Outsourcing Services\\SD - Release and Deploy services for Argenta [PRD.0.L.191][PV0.7][DV1.0].docx']
[2026-03-18 00:28:29] [TID:26240] [DEBUG][stderr] Traceback (most recent call last):
  File "C:\Users\koengo\OneDrive - Cegeka\Documents\Reusable Assets\Products\scripts\extract_html.py", line 17, in <module>
    print(f"\u2714 HTML saved \u2192 {out_file}")
  File "C:\Users\koengo\AppData\Local\Programs\Python\Python312\Lib\encodings\cp1252.py", line 19, in encode
    return codecs.charmap_encode(input,self.errors,encoding_table)[0]
           ^^^^^^^^^^^^^^^^^^^^^^^^^^^^^^^^^^^^^^^^^^^^^^^^^^^^^^^
UnicodeEncodeError: 'charmap' codec can't encode character '\u2714' in position 0: character maps to <undefined>

[2026-03-18 00:28:29] [TID:26240] ERROR SD - Release and Deploy services for Argenta [PRD.0.L.191][PV0.7][DV1.0].docx: [extract_html] FAILED with exit code 1
[2026-03-18 00:39:28] [TID:12044] START SD - Release and Deploy services for Argenta [PRD.0.L.191][PV0.7][DV1.0].docx
[2026-03-18 00:39:28] [TID:12044] [DEBUG] Running step: extract_html
[2026-03-18 00:39:28] [TID:12044] [DEBUG] Command: ['C:\\Users\\koengo\\AppData\\Local\\Programs\\Python\\Python312\\python.exe', 'C:\\Users\\koengo\\OneDrive - Cegeka\\Documents\\Reusable Assets\\Products\\scripts\\extract_html.py', 'C:\\Users\\koengo\\Cegeka\\Product Management - Product Management Library\\Business Line - Cloud and Digital Platforms\\[0.L] Outsourcing Services\\SD - Release and Deploy services for Argenta [PRD.0.L.191][PV0.7][DV1.0].docx']
[2026-03-18 00:39:29] [TID:12044] [DEBUG][stderr] Traceback (most recent call last):
  File "C:\Users\koengo\OneDrive - Cegeka\Documents\Reusable Assets\Products\scripts\extract_html.py", line 17, in <module>
    print(f"\u2714 HTML saved \u2192 {out_file}")
  File "C:\Users\koengo\AppData\Local\Programs\Python\Python312\Lib\encodings\cp1252.py", line 19, in encode
    return codecs.charmap_encode(input,self.errors,encoding_table)[0]
           ^^^^^^^^^^^^^^^^^^^^^^^^^^^^^^^^^^^^^^^^^^^^^^^^^^^^^^^
UnicodeEncodeError: 'charmap' codec can't encode character '\u2714' in position 0: character maps to <undefined>

[2026-03-18 00:39:29] [TID:12044] ERROR SD - Release and Deploy services for Argenta [PRD.0.L.191][PV0.7][DV1.0].docx: [extract_html] FAILED with exit code 1
[2026-03-18 00:51:48] [TID:18100] START SD - Release and Deploy services for Argenta [PRD.0.L.191][PV0.7][DV1.0].docx
[2026-03-18 00:51:48] [TID:18100] [DEBUG] Running step: extract_html
[2026-03-18 00:51:48] [TID:18100] [DEBUG] Command: ['C:\\Users\\koengo\\AppData\\Local\\Programs\\Python\\Python312\\python.exe', 'C:\\Users\\koengo\\OneDrive - Cegeka\\Documents\\Reusable Assets\\Products\\scripts\\extract_html.py', 'C:\\Users\\koengo\\Cegeka\\Product Management - Product Management Library\\Business Line - Cloud and Digital Platforms\\[0.L] Outsourcing Services\\SD - Release and Deploy services for Argenta [PRD.0.L.191][PV0.7][DV1.0].docx']
[2026-03-18 00:51:49] [TID:18100] [DEBUG][stdout] ✔ HTML saved for SD - Release and Deploy services for Argenta [PRD.0.L.191][PV0.7][DV1.0].docx

[2026-03-18 00:51:49] [TID:18100] [DEBUG] Step 'extract_html' OK
[2026-03-18 00:51:49] [TID:18100] [DEBUG] Running step: parse_html
[2026-03-18 00:51:49] [TID:18100] [DEBUG] Command: ['C:\\Users\\koengo\\AppData\\Local\\Programs\\Python\\Python312\\python.exe', 'C:\\Users\\koengo\\OneDrive - Cegeka\\Documents\\Reusable Assets\\Products\\scripts\\parse_html_sections.py', 'extracted_html\\SD - Release and Deploy services for Argenta [PRD.0.L.191][PV0.7][DV1.0].html']
[2026-03-18 00:51:49] [TID:18100] [DEBUG][stdout] ✔ Robust parsed → output\json\SD - Release and Deploy services for Argenta [PRD.0.L.191][PV0.7][DV1.0].json

[2026-03-18 00:51:49] [TID:18100] [DEBUG] Step 'parse_html' OK
[2026-03-18 00:51:49] [TID:18100] [DEBUG] Running step: auto_map
[2026-03-18 00:51:50] [TID:18100] [DEBUG] Command: ['C:\\Users\\koengo\\AppData\\Local\\Programs\\Python\\Python312\\python.exe', 'C:\\Users\\koengo\\OneDrive - Cegeka\\Documents\\Reusable Assets\\Products\\scripts\\auto_map_sections.py', 'output\\json\\SD - Release and Deploy services for Argenta [PRD.0.L.191][PV0.7][DV1.0].json']
[2026-03-18 00:51:50] [TID:18100] [DEBUG][stderr]   File "C:\Users\koengo\OneDrive - Cegeka\Documents\Reusable Assets\Products\scripts\auto_map_sections.py", line 26
    ``
    ^
SyntaxError: invalid syntax

[2026-03-18 00:51:50] [TID:18100] ERROR SD - Release and Deploy services for Argenta [PRD.0.L.191][PV0.7][DV1.0].docx: [auto_map] FAILED with exit code 1
[2026-03-18 01:01:06] [TID:22128] START SD - Release and Deploy services for Argenta [PRD.0.L.191][PV0.7][DV1.0].docx
[2026-03-18 01:01:06] [TID:22128] [DEBUG] Running step: extract_html
[2026-03-18 01:01:06] [TID:22128] [DEBUG] Command: ['C:\\Users\\koengo\\AppData\\Local\\Programs\\Python\\Python312\\python.exe', 'C:\\Users\\koengo\\OneDrive - Cegeka\\Documents\\Reusable Assets\\Products\\scripts\\extract_html.py', 'C:\\Users\\koengo\\Cegeka\\Product Management - Product Management Library\\Business Line - Cloud and Digital Platforms\\[0.L] Outsourcing Services\\SD - Release and Deploy services for Argenta [PRD.0.L.191][PV0.7][DV1.0].docx']
[2026-03-18 01:01:07] [TID:22128] [DEBUG][stdout] ✔ HTML saved for SD - Release and Deploy services for Argenta [PRD.0.L.191][PV0.7][DV1.0].docx

[2026-03-18 01:01:07] [TID:22128] [DEBUG] Step 'extract_html' OK
[2026-03-18 01:01:07] [TID:22128] [DEBUG] Running step: parse_html
[2026-03-18 01:01:07] [TID:22128] [DEBUG] Command: ['C:\\Users\\koengo\\AppData\\Local\\Programs\\Python\\Python312\\python.exe', 'C:\\Users\\koengo\\OneDrive - Cegeka\\Documents\\Reusable Assets\\Products\\scripts\\parse_html_sections.py', 'extracted_html\\SD - Release and Deploy services for Argenta [PRD.0.L.191][PV0.7][DV1.0].html']
[2026-03-18 01:01:08] [TID:22128] [DEBUG][stdout] ✔ Robust parsed → output\json\SD - Release and Deploy services for Argenta [PRD.0.L.191][PV0.7][DV1.0].json

[2026-03-18 01:01:08] [TID:22128] [DEBUG] Step 'parse_html' OK
[2026-03-18 01:01:08] [TID:22128] [DEBUG] Running step: auto_map
[2026-03-18 01:01:08] [TID:22128] [DEBUG] Command: ['C:\\Users\\koengo\\AppData\\Local\\Programs\\Python\\Python312\\python.exe', 'C:\\Users\\koengo\\OneDrive - Cegeka\\Documents\\Reusable Assets\\Products\\scripts\\auto_map_sections.py', 'output\\json\\SD - Release and Deploy services for Argenta [PRD.0.L.191][PV0.7][DV1.0].json']
[2026-03-18 01:01:08] [TID:22128] [DEBUG][stderr]   File "C:\Users\koengo\OneDrive - Cegeka\Documents\Reusable Assets\Products\scripts\auto_map_sections.py", line 26
    ``
    ^
SyntaxError: invalid syntax

[2026-03-18 01:01:08] [TID:22128] ERROR SD - Release and Deploy services for Argenta [PRD.0.L.191][PV0.7][DV1.0].docx: [auto_map] FAILED with exit code 1
[2026-03-18 01:16:42] [TID:28776] START SD - Release and Deploy services for Argenta [PRD.0.L.191][PV0.7][DV1.0].docx
[2026-03-18 01:16:42] [TID:28776] [DEBUG] Running step: extract_html
[2026-03-18 01:16:42] [TID:28776] [DEBUG] Command: ['C:\\Users\\koengo\\AppData\\Local\\Programs\\Python\\Python312\\python.exe', 'C:\\Users\\koengo\\OneDrive - Cegeka\\Documents\\Reusable Assets\\Products\\scripts\\extract_html.py', 'C:\\Users\\koengo\\Cegeka\\Product Management - Product Management Library\\Business Line - Cloud and Digital Platforms\\[0.L] Outsourcing Services\\SD - Release and Deploy services for Argenta [PRD.0.L.191][PV0.7][DV1.0].docx']
[2026-03-18 01:16:43] [TID:28776] [DEBUG][stdout] ✔ HTML saved for SD - Release and Deploy services for Argenta [PRD.0.L.191][PV0.7][DV1.0].docx

[2026-03-18 01:16:43] [TID:28776] [DEBUG] Step 'extract_html' OK
[2026-03-18 01:16:43] [TID:28776] [DEBUG] Running step: parse_html
[2026-03-18 01:16:43] [TID:28776] [DEBUG] Command: ['C:\\Users\\koengo\\AppData\\Local\\Programs\\Python\\Python312\\python.exe', 'C:\\Users\\koengo\\OneDrive - Cegeka\\Documents\\Reusable Assets\\Products\\scripts\\parse_html_sections.py', 'extracted_html\\SD - Release and Deploy services for Argenta [PRD.0.L.191][PV0.7][DV1.0].html']
[2026-03-18 01:16:43] [TID:28776] [DEBUG][stdout] ✔ Robust parsed → output\json\SD - Release and Deploy services for Argenta [PRD.0.L.191][PV0.7][DV1.0].json

[2026-03-18 01:16:43] [TID:28776] [DEBUG] Step 'parse_html' OK
[2026-03-18 01:16:43] [TID:28776] [DEBUG] Running step: auto_map
[2026-03-18 01:16:43] [TID:28776] [DEBUG] Command: ['C:\\Users\\koengo\\AppData\\Local\\Programs\\Python\\Python312\\python.exe', 'C:\\Users\\koengo\\OneDrive - Cegeka\\Documents\\Reusable Assets\\Products\\scripts\\auto_map_sections.py', 'output\\json\\SD - Release and Deploy services for Argenta [PRD.0.L.191][PV0.7][DV1.0].json']
[2026-03-18 01:16:43] [TID:28776] [DEBUG][stderr]   File "C:\Users\koengo\OneDrive - Cegeka\Documents\Reusable Assets\Products\scripts\auto_map_sections.py", line 26
    ``
    ^
SyntaxError: invalid syntax

[2026-03-18 01:16:43] [TID:28776] ERROR SD - Release and Deploy services for Argenta [PRD.0.L.191][PV0.7][DV1.0].docx: [auto_map] FAILED with exit code 1
[2026-03-18 01:30:47] [TID:24236] START SD - Release and Deploy services for Argenta [PRD.0.L.191][PV0.7][DV1.0].docx
[2026-03-18 01:30:47] [TID:24236] [DEBUG] Running step: extract_html
[2026-03-18 01:30:47] [TID:24236] [DEBUG] Command: ['C:\\Users\\koengo\\AppData\\Local\\Programs\\Python\\Python312\\python.exe', 'C:\\Users\\koengo\\OneDrive - Cegeka\\Documents\\Reusable Assets\\Products\\scripts\\extract_html.py', 'C:\\Users\\koengo\\Cegeka\\Product Management - Product Management Library\\Business Line - Cloud and Digital Platforms\\[0.L] Outsourcing Services\\SD - Release and Deploy services for Argenta [PRD.0.L.191][PV0.7][DV1.0].docx']
[2026-03-18 01:30:47] [TID:24236] [DEBUG][stderr]   File "C:\Users\koengo\OneDrive - Cegeka\Documents\Reusable Assets\Products\scripts\extract_html.py", line 31
    ``
    ^
SyntaxError: invalid syntax

[2026-03-18 01:30:47] [TID:24236] ERROR SD - Release and Deploy services for Argenta [PRD.0.L.191][PV0.7][DV1.0].docx: [extract_html] FAILED with exit code 1
[2026-03-18 01:33:01] [TID:28596] START SD - Release and Deploy services for Argenta [PRD.0.L.191][PV0.7][DV1.0].docx
[2026-03-18 01:33:01] [TID:28596] [DEBUG] Running step: extract_html
[2026-03-18 01:33:01] [TID:28596] [DEBUG] Command: ['C:\\Users\\koengo\\AppData\\Local\\Programs\\Python\\Python312\\python.exe', 'C:\\Users\\koengo\\OneDrive - Cegeka\\Documents\\Reusable Assets\\Products\\scripts\\extract_html.py', 'C:\\Users\\koengo\\Cegeka\\Product Management - Product Management Library\\Business Line - Cloud and Digital Platforms\\[0.L] Outsourcing Services\\SD - Release and Deploy services for Argenta [PRD.0.L.191][PV0.7][DV1.0].docx']
[2026-03-18 01:33:02] [TID:28596] [DEBUG][stdout] HTML saved: SD - Release and Deploy services for Argenta [PRD.0.L.191][PV0.7][DV1.0].html

[2026-03-18 01:33:02] [TID:28596] [DEBUG] Step 'extract_html' OK
[2026-03-18 01:33:02] [TID:28596] [DEBUG] Running step: parse_html
[2026-03-18 01:33:02] [TID:28596] [DEBUG] Command: ['C:\\Users\\koengo\\AppData\\Local\\Programs\\Python\\Python312\\python.exe', 'C:\\Users\\koengo\\OneDrive - Cegeka\\Documents\\Reusable Assets\\Products\\scripts\\parse_html_sections.py', 'extracted_html\\SD - Release and Deploy services for Argenta [PRD.0.L.191][PV0.7][DV1.0].html']
[2026-03-18 01:33:02] [TID:28596] [DEBUG][stdout] ✔ Robust parsed → output\json\SD - Release and Deploy services for Argenta [PRD.0.L.191][PV0.7][DV1.0].json

[2026-03-18 01:33:02] [TID:28596] [DEBUG] Step 'parse_html' OK
[2026-03-18 01:33:02] [TID:28596] [DEBUG] Running step: auto_map
[2026-03-18 01:33:02] [TID:28596] [DEBUG] Command: ['C:\\Users\\koengo\\AppData\\Local\\Programs\\Python\\Python312\\python.exe', 'C:\\Users\\koengo\\OneDrive - Cegeka\\Documents\\Reusable Assets\\Products\\scripts\\auto_map_sections.py', 'output\\json\\SD - Release and Deploy services for Argenta [PRD.0.L.191][PV0.7][DV1.0].json']
[2026-03-18 01:33:02] [TID:28596] [DEBUG][stderr]   File "C:\Users\koengo\OneDrive - Cegeka\Documents\Reusable Assets\Products\scripts\auto_map_sections.py", line 26
    ``
    ^
SyntaxError: invalid syntax

[2026-03-18 01:33:02] [TID:28596] ERROR SD - Release and Deploy services for Argenta [PRD.0.L.191][PV0.7][DV1.0].docx: [auto_map] FAILED with exit code 1
[2026-03-18 01:40:11] [TID:5648] START SD - Release and Deploy services for Argenta [PRD.0.L.191][PV0.7][DV1.0].docx
[2026-03-18 01:40:11] [TID:5648] [DEBUG] Running step: extract_html
[2026-03-18 01:40:11] [TID:5648] [DEBUG] Command: ['C:\\Users\\koengo\\AppData\\Local\\Programs\\Python\\Python312\\python.exe', 'C:\\Users\\koengo\\OneDrive - Cegeka\\Documents\\Reusable Assets\\Products\\scripts\\extract_html.py', 'C:\\Users\\koengo\\Cegeka\\Product Management - Product Management Library\\Business Line - Cloud and Digital Platforms\\[0.L] Outsourcing Services\\SD - Release and Deploy services for Argenta [PRD.0.L.191][PV0.7][DV1.0].docx']
[2026-03-18 01:40:12] [TID:5648] [DEBUG][stdout] HTML saved: SD - Release and Deploy services for Argenta [PRD.0.L.191][PV0.7][DV1.0].html

[2026-03-18 01:40:12] [TID:5648] [DEBUG] Step 'extract_html' OK
[2026-03-18 01:40:12] [TID:5648] [DEBUG] Running step: parse_html
[2026-03-18 01:40:12] [TID:5648] [DEBUG] Command: ['C:\\Users\\koengo\\AppData\\Local\\Programs\\Python\\Python312\\python.exe', 'C:\\Users\\koengo\\OneDrive - Cegeka\\Documents\\Reusable Assets\\Products\\scripts\\parse_html_sections.py', 'extracted_html\\SD - Release and Deploy services for Argenta [PRD.0.L.191][PV0.7][DV1.0].html']
[2026-03-18 01:40:13] [TID:5648] [DEBUG][stdout] ✔ Robust parsed → output\json\SD - Release and Deploy services for Argenta [PRD.0.L.191][PV0.7][DV1.0].json

[2026-03-18 01:40:13] [TID:5648] [DEBUG] Step 'parse_html' OK
[2026-03-18 01:40:13] [TID:5648] [DEBUG] Running step: auto_map
[2026-03-18 01:40:13] [TID:5648] [DEBUG] Command: ['C:\\Users\\koengo\\AppData\\Local\\Programs\\Python\\Python312\\python.exe', 'C:\\Users\\koengo\\OneDrive - Cegeka\\Documents\\Reusable Assets\\Products\\scripts\\auto_map_sections.py', 'output\\json\\SD - Release and Deploy services for Argenta [PRD.0.L.191][PV0.7][DV1.0].json']
[2026-03-18 01:40:13] [TID:5648] [DEBUG][stderr]   File "C:\Users\koengo\OneDrive - Cegeka\Documents\Reusable Assets\Products\scripts\auto_map_sections.py", line 26
    ``
    ^
SyntaxError: invalid syntax

[2026-03-18 01:40:13] [TID:5648] ERROR SD - Release and Deploy services for Argenta [PRD.0.L.191][PV0.7][DV1.0].docx: [auto_map] FAILED with exit code 1
