[2026-03-17 23:34:16] [TID:25548] Start processing SD: SD - Cegeka Security Advisory Framework - Third Party Risk Assessment - RiskRecon [PRD.4.1.004][PV1.0][DV1.0].docx
[2026-03-17 23:34:16] [TID:25548] Extracting HTML...
[2026-03-17 23:34:17] [TID:25548] ERROR SD - Cegeka Security Advisory Framework - Third Party Risk Assessment - RiskRecon [PRD.4.1.004][PV1.0][DV1.0].docx: Command '['C:\\Users\\koengo\\AppData\\Local\\Programs\\Python\\Python312\\python.exe', 'C:\\Users\\koengo\\OneDrive - Cegeka\\Documents\\Reusable Assets\\Products\\scripts\\extract_html.py', 'C:\\Users\\koengo\\Cegeka\\Product Management - Product Management Library\\Business Line - Security & Compliance\\[4.1] Cybersecurity\\[PRD.4.1.004] Cegeka Security Advisory Framework\\SD - Cegeka Security Advisory Framework - Third Party Risk Assessment - RiskRecon [PRD.4.1.004][PV1.0][DV1.0].docx']' returned non-zero exit status 1.
[2026-03-17 23:39:37] [TID:7988] START SD - Cegeka Security Advisory Framework - Third Party Risk Assessment - RiskRecon [PRD.4.1.004][PV1.0][DV1.0].docx
[2026-03-17 23:39:37] [TID:7988] Extracting HTML...
[2026-03-17 23:39:38] [TID:7988] ERROR SD - Cegeka Security Advisory Framework - Third Party Risk Assessment - RiskRecon [PRD.4.1.004][PV1.0][DV1.0].docx: Command '['C:\\Users\\koengo\\AppData\\Local\\Programs\\Python\\Python312\\python.exe', 'C:\\Users\\koengo\\OneDrive - Cegeka\\Documents\\Reusable Assets\\Products\\scripts\\extract_html.py', 'C:\\Users\\koengo\\Cegeka\\Product Management - Product Management Library\\Business Line - Security & Compliance\\[4.1] Cybersecurity\\[PRD.4.1.004] Cegeka Security Advisory Framework\\SD - Cegeka Security Advisory Framework - Third Party Risk Assessment - RiskRecon [PRD.4.1.004][PV1.0][DV1.0].docx']' returned non-zero exit status 1.
[2026-03-17 23:44:48] [TID:2816] START SD - Cegeka Security Advisory Framework - Third Party Risk Assessment - RiskRecon [PRD.4.1.004][PV1.0][DV1.0].docx
[2026-03-17 23:44:48] [TID:2816] Extracting HTML...
[2026-03-17 23:44:49] [TID:2816] ERROR SD - Cegeka Security Advisory Framework - Third Party Risk Assessment - RiskRecon [PRD.4.1.004][PV1.0][DV1.0].docx: Command '['C:\\Users\\koengo\\AppData\\Local\\Programs\\Python\\Python312\\python.exe', 'C:\\Users\\koengo\\OneDrive - Cegeka\\Documents\\Reusable Assets\\Products\\scripts\\extract_html.py', 'C:\\Users\\koengo\\Cegeka\\Product Management - Product Management Library\\Business Line - Security & Compliance\\[4.1] Cybersecurity\\[PRD.4.1.004] Cegeka Security Advisory Framework\\SD - Cegeka Security Advisory Framework - Third Party Risk Assessment - RiskRecon [PRD.4.1.004][PV1.0][DV1.0].docx']' returned non-zero exit status 1.
[2026-03-17 23:47:17] [TID:16752] START SD - Cegeka Security Advisory Framework - Third Party Risk Assessment - RiskRecon [PRD.4.1.004][PV1.0][DV1.0].docx
[2026-03-17 23:47:17] [TID:16752] Extracting HTML...
[2026-03-17 23:47:17] [TID:16752] ERROR SD - Cegeka Security Advisory Framework - Third Party Risk Assessment - RiskRecon [PRD.4.1.004][PV1.0][DV1.0].docx: Command '['C:\\Users\\koengo\\AppData\\Local\\Programs\\Python\\Python312\\python.exe', 'C:\\Users\\koengo\\OneDrive - Cegeka\\Documents\\Reusable Assets\\Products\\scripts\\extract_html.py', 'C:\\Users\\koengo\\Cegeka\\Product Management - Product Management Library\\Business Line - Security & Compliance\\[4.1] Cybersecurity\\[PRD.4.1.004] Cegeka Security Advisory Framework\\SD - Cegeka Security Advisory Framework - Third Party Risk Assessment - RiskRecon [PRD.4.1.004][PV1.0][DV1.0].docx']' returned non-zero exit status 1.
[2026-03-17 23:54:47] [TID:20428] START SD - Cegeka Security Advisory Framework - Third Party Risk Assessment - RiskRecon [PRD.4.1.004][PV1.0][DV1.0].docx
[2026-03-17 23:54:47] [TID:20428] Extracting HTML...
[2026-03-17 23:54:48] [TID:20428] ERROR SD - Cegeka Security Advisory Framework - Third Party Risk Assessment - RiskRecon [PRD.4.1.004][PV1.0][DV1.0].docx: Command '['C:\\Users\\koengo\\AppData\\Local\\Programs\\Python\\Python312\\python.exe', 'C:\\Users\\koengo\\OneDrive - Cegeka\\Documents\\Reusable Assets\\Products\\scripts\\extract_html.py', 'C:\\Users\\koengo\\Cegeka\\Product Management - Product Management Library\\Business Line - Security & Compliance\\[4.1] Cybersecurity\\[PRD.4.1.004] Cegeka Security Advisory Framework\\SD - Cegeka Security Advisory Framework - Third Party Risk Assessment - RiskRecon [PRD.4.1.004][PV1.0][DV1.0].docx']' returned non-zero exit status 1.
[2026-03-18 00:02:11] [TID:27268] START SD - Cegeka Security Advisory Framework - Third Party Risk Assessment - RiskRecon [PRD.4.1.004][PV1.0][DV1.0].docx
[2026-03-18 00:02:11] [TID:27268] Extracting HTML...
[2026-03-18 00:02:11] [TID:27268] ERROR SD - Cegeka Security Advisory Framework - Third Party Risk Assessment - RiskRecon [PRD.4.1.004][PV1.0][DV1.0].docx: Command '['C:\\Users\\koengo\\AppData\\Local\\Programs\\Python\\Python312\\python.exe', 'C:\\Users\\koengo\\OneDrive - Cegeka\\Documents\\Reusable Assets\\Products\\scripts\\extract_html.py', 'C:\\Users\\koengo\\Cegeka\\Product Management - Product Management Library\\Business Line - Security & Compliance\\[4.1] Cybersecurity\\[PRD.4.1.004] Cegeka Security Advisory Framework\\SD - Cegeka Security Advisory Framework - Third Party Risk Assessment - RiskRecon [PRD.4.1.004][PV1.0][DV1.0].docx']' returned non-zero exit status 1.
[2026-03-18 00:11:25] [TID:19732] START SD - Cegeka Security Advisory Framework - Third Party Risk Assessment - RiskRecon [PRD.4.1.004][PV1.0][DV1.0].docx
[2026-03-18 00:11:25] [TID:19732] Extracting HTML...
[2026-03-18 00:11:26] [TID:19732] ERROR SD - Cegeka Security Advisory Framework - Third Party Risk Assessment - RiskRecon [PRD.4.1.004][PV1.0][DV1.0].docx: Command '['C:\\Users\\koengo\\AppData\\Local\\Programs\\Python\\Python312\\python.exe', 'C:\\Users\\koengo\\OneDrive - Cegeka\\Documents\\Reusable Assets\\Products\\scripts\\extract_html.py', 'C:\\Users\\koengo\\Cegeka\\Product Management - Product Management Library\\Business Line - Security & Compliance\\[4.1] Cybersecurity\\[PRD.4.1.004] Cegeka Security Advisory Framework\\SD - Cegeka Security Advisory Framework - Third Party Risk Assessment - RiskRecon [PRD.4.1.004][PV1.0][DV1.0].docx']' returned non-zero exit status 1.
[2026-03-18 00:24:50] [TID:6152] START SD - Cegeka Security Advisory Framework - Third Party Risk Assessment - RiskRecon [PRD.4.1.004][PV1.0][DV1.0].docx
[2026-03-18 00:24:50] [TID:6152] [DEBUG] Running step: extract_html
[2026-03-18 00:24:50] [TID:6152] [DEBUG] Command: ['C:\\Users\\koengo\\AppData\\Local\\Programs\\Python\\Python312\\python.exe', 'C:\\Users\\koengo\\OneDrive - Cegeka\\Documents\\Reusable Assets\\Products\\scripts\\extract_html.py', 'C:\\Users\\koengo\\Cegeka\\Product Management - Product Management Library\\Business Line - Security & Compliance\\[4.1] Cybersecurity\\[PRD.4.1.004] Cegeka Security Advisory Framework\\SD - Cegeka Security Advisory Framework - Third Party Risk Assessment - RiskRecon [PRD.4.1.004][PV1.0][DV1.0].docx']
[2026-03-18 00:24:51] [TID:6152] [DEBUG][stderr] Traceback (most recent call last):
  File "C:\Users\koengo\OneDrive - Cegeka\Documents\Reusable Assets\Products\scripts\extract_html.py", line 12, in <module>
    with open(sd_file, "rb") as f:
         ^^^^^^^^^^^^^^^^^^^
FileNotFoundError: [Errno 2] No such file or directory: 'C:\\Users\\koengo\\Cegeka\\Product Management - Product Management Library\\Business Line - Security & Compliance\\[4.1] Cybersecurity\\[PRD.4.1.004] Cegeka Security Advisory Framework\\SD - Cegeka Security Advisory Framework - Third Party Risk Assessment - RiskRecon [PRD.4.1.004][PV1.0][DV1.0].docx'

[2026-03-18 00:24:51] [TID:6152] ERROR SD - Cegeka Security Advisory Framework - Third Party Risk Assessment - RiskRecon [PRD.4.1.004][PV1.0][DV1.0].docx: [extract_html] FAILED with exit code 1
[2026-03-18 00:28:49] [TID:12148] START SD - Cegeka Security Advisory Framework - Third Party Risk Assessment - RiskRecon [PRD.4.1.004][PV1.0][DV1.0].docx
[2026-03-18 00:28:49] [TID:12148] [DEBUG] Running step: extract_html
[2026-03-18 00:28:49] [TID:12148] [DEBUG] Command: ['C:\\Users\\koengo\\AppData\\Local\\Programs\\Python\\Python312\\python.exe', 'C:\\Users\\koengo\\OneDrive - Cegeka\\Documents\\Reusable Assets\\Products\\scripts\\extract_html.py', 'C:\\Users\\koengo\\Cegeka\\Product Management - Product Management Library\\Business Line - Security & Compliance\\[4.1] Cybersecurity\\[PRD.4.1.004] Cegeka Security Advisory Framework\\SD - Cegeka Security Advisory Framework - Third Party Risk Assessment - RiskRecon [PRD.4.1.004][PV1.0][DV1.0].docx']
[2026-03-18 00:28:50] [TID:12148] [DEBUG][stderr] Traceback (most recent call last):
  File "C:\Users\koengo\OneDrive - Cegeka\Documents\Reusable Assets\Products\scripts\extract_html.py", line 12, in <module>
    with open(sd_file, "rb") as f:
         ^^^^^^^^^^^^^^^^^^^
FileNotFoundError: [Errno 2] No such file or directory: 'C:\\Users\\koengo\\Cegeka\\Product Management - Product Management Library\\Business Line - Security & Compliance\\[4.1] Cybersecurity\\[PRD.4.1.004] Cegeka Security Advisory Framework\\SD - Cegeka Security Advisory Framework - Third Party Risk Assessment - RiskRecon [PRD.4.1.004][PV1.0][DV1.0].docx'

[2026-03-18 00:28:50] [TID:12148] ERROR SD - Cegeka Security Advisory Framework - Third Party Risk Assessment - RiskRecon [PRD.4.1.004][PV1.0][DV1.0].docx: [extract_html] FAILED with exit code 1
[2026-03-18 00:39:50] [TID:3812] START SD - Cegeka Security Advisory Framework - Third Party Risk Assessment - RiskRecon [PRD.4.1.004][PV1.0][DV1.0].docx
[2026-03-18 00:39:50] [TID:3812] [DEBUG] Running step: extract_html
[2026-03-18 00:39:51] [TID:3812] [DEBUG] Command: ['C:\\Users\\koengo\\AppData\\Local\\Programs\\Python\\Python312\\python.exe', 'C:\\Users\\koengo\\OneDrive - Cegeka\\Documents\\Reusable Assets\\Products\\scripts\\extract_html.py', 'C:\\Users\\koengo\\Cegeka\\Product Management - Product Management Library\\Business Line - Security & Compliance\\[4.1] Cybersecurity\\[PRD.4.1.004] Cegeka Security Advisory Framework\\SD - Cegeka Security Advisory Framework - Third Party Risk Assessment - RiskRecon [PRD.4.1.004][PV1.0][DV1.0].docx']
[2026-03-18 00:39:51] [TID:3812] [DEBUG][stderr] Traceback (most recent call last):
  File "C:\Users\koengo\OneDrive - Cegeka\Documents\Reusable Assets\Products\scripts\extract_html.py", line 12, in <module>
    with open(sd_file, "rb") as f:
         ^^^^^^^^^^^^^^^^^^^
FileNotFoundError: [Errno 2] No such file or directory: 'C:\\Users\\koengo\\Cegeka\\Product Management - Product Management Library\\Business Line - Security & Compliance\\[4.1] Cybersecurity\\[PRD.4.1.004] Cegeka Security Advisory Framework\\SD - Cegeka Security Advisory Framework - Third Party Risk Assessment - RiskRecon [PRD.4.1.004][PV1.0][DV1.0].docx'

[2026-03-18 00:39:52] [TID:3812] ERROR SD - Cegeka Security Advisory Framework - Third Party Risk Assessment - RiskRecon [PRD.4.1.004][PV1.0][DV1.0].docx: [extract_html] FAILED with exit code 1
[2026-03-18 00:52:07] [TID:26580] START SD - Cegeka Security Advisory Framework - Third Party Risk Assessment - RiskRecon [PRD.4.1.004][PV1.0][DV1.0].docx
[2026-03-18 00:52:07] [TID:26580] [DEBUG] Running step: extract_html
[2026-03-18 00:52:07] [TID:26580] [DEBUG] Command: ['C:\\Users\\koengo\\AppData\\Local\\Programs\\Python\\Python312\\python.exe', 'C:\\Users\\koengo\\OneDrive - Cegeka\\Documents\\Reusable Assets\\Products\\scripts\\extract_html.py', 'C:\\Users\\koengo\\Cegeka\\Product Management - Product Management Library\\Business Line - Security & Compliance\\[4.1] Cybersecurity\\[PRD.4.1.004] Cegeka Security Advisory Framework\\SD - Cegeka Security Advisory Framework - Third Party Risk Assessment - RiskRecon [PRD.4.1.004][PV1.0][DV1.0].docx']
[2026-03-18 00:52:07] [TID:26580] [DEBUG][stdout] EXTRACT ERROR: [Errno 2] No such file or directory: 'C:\\Users\\koengo\\Cegeka\\Product Management - Product Management Library\\Business Line - Security & Compliance\\[4.1] Cybersecurity\\[PRD.4.1.004] Cegeka Security Advisory Framework\\SD - Cegeka Security Advisory Framework - Third Party Risk Assessment - RiskRecon [PRD.4.1.004][PV1.0][DV1.0].docx'

[2026-03-18 00:52:07] [TID:26580] ERROR SD - Cegeka Security Advisory Framework - Third Party Risk Assessment - RiskRecon [PRD.4.1.004][PV1.0][DV1.0].docx: [extract_html] FAILED with exit code 1
[2026-03-18 01:01:25] [TID:19944] START SD - Cegeka Security Advisory Framework - Third Party Risk Assessment - RiskRecon [PRD.4.1.004][PV1.0][DV1.0].docx
[2026-03-18 01:01:25] [TID:19944] [DEBUG] Running step: extract_html
[2026-03-18 01:01:25] [TID:19944] [DEBUG] Command: ['C:\\Users\\koengo\\AppData\\Local\\Programs\\Python\\Python312\\python.exe', 'C:\\Users\\koengo\\OneDrive - Cegeka\\Documents\\Reusable Assets\\Products\\scripts\\extract_html.py', 'C:\\Users\\koengo\\Cegeka\\Product Management - Product Management Library\\Business Line - Security & Compliance\\[4.1] Cybersecurity\\[PRD.4.1.004] Cegeka Security Advisory Framework\\SD - Cegeka Security Advisory Framework - Third Party Risk Assessment - RiskRecon [PRD.4.1.004][PV1.0][DV1.0].docx']
[2026-03-18 01:01:25] [TID:19944] [DEBUG][stdout] EXTRACT ERROR: [Errno 2] No such file or directory: 'C:\\Users\\koengo\\Cegeka\\Product Management - Product Management Library\\Business Line - Security & Compliance\\[4.1] Cybersecurity\\[PRD.4.1.004] Cegeka Security Advisory Framework\\SD - Cegeka Security Advisory Framework - Third Party Risk Assessment - RiskRecon [PRD.4.1.004][PV1.0][DV1.0].docx'

[2026-03-18 01:01:25] [TID:19944] ERROR SD - Cegeka Security Advisory Framework - Third Party Risk Assessment - RiskRecon [PRD.4.1.004][PV1.0][DV1.0].docx: [extract_html] FAILED with exit code 1
[2026-03-18 01:17:00] [TID:19856] START SD - Cegeka Security Advisory Framework - Third Party Risk Assessment - RiskRecon [PRD.4.1.004][PV1.0][DV1.0].docx
[2026-03-18 01:17:00] [TID:19856] [DEBUG] Running step: extract_html
[2026-03-18 01:17:00] [TID:19856] [DEBUG] Command: ['C:\\Users\\koengo\\AppData\\Local\\Programs\\Python\\Python312\\python.exe', 'C:\\Users\\koengo\\OneDrive - Cegeka\\Documents\\Reusable Assets\\Products\\scripts\\extract_html.py', 'C:\\Users\\koengo\\Cegeka\\Product Management - Product Management Library\\Business Line - Security & Compliance\\[4.1] Cybersecurity\\[PRD.4.1.004] Cegeka Security Advisory Framework\\SD - Cegeka Security Advisory Framework - Third Party Risk Assessment - RiskRecon [PRD.4.1.004][PV1.0][DV1.0].docx']
[2026-03-18 01:17:00] [TID:19856] [DEBUG][stdout] EXTRACT ERROR: [Errno 2] No such file or directory: 'C:\\Users\\koengo\\Cegeka\\Product Management - Product Management Library\\Business Line - Security & Compliance\\[4.1] Cybersecurity\\[PRD.4.1.004] Cegeka Security Advisory Framework\\SD - Cegeka Security Advisory Framework - Third Party Risk Assessment - RiskRecon [PRD.4.1.004][PV1.0][DV1.0].docx'

[2026-03-18 01:17:00] [TID:19856] ERROR SD - Cegeka Security Advisory Framework - Third Party Risk Assessment - RiskRecon [PRD.4.1.004][PV1.0][DV1.0].docx: [extract_html] FAILED with exit code 1
[2026-03-18 01:30:48] [TID:25364] START SD - Cegeka Security Advisory Framework - Third Party Risk Assessment - RiskRecon [PRD.4.1.004][PV1.0][DV1.0].docx
[2026-03-18 01:30:48] [TID:25364] [DEBUG] Running step: extract_html
[2026-03-18 01:30:48] [TID:25364] [DEBUG] Command: ['C:\\Users\\koengo\\AppData\\Local\\Programs\\Python\\Python312\\python.exe', 'C:\\Users\\koengo\\OneDrive - Cegeka\\Documents\\Reusable Assets\\Products\\scripts\\extract_html.py', 'C:\\Users\\koengo\\Cegeka\\Product Management - Product Management Library\\Business Line - Security & Compliance\\[4.1] Cybersecurity\\[PRD.4.1.004] Cegeka Security Advisory Framework\\SD - Cegeka Security Advisory Framework - Third Party Risk Assessment - RiskRecon [PRD.4.1.004][PV1.0][DV1.0].docx']
[2026-03-18 01:30:48] [TID:25364] [DEBUG][stderr]   File "C:\Users\koengo\OneDrive - Cegeka\Documents\Reusable Assets\Products\scripts\extract_html.py", line 31
    ``
    ^
SyntaxError: invalid syntax

[2026-03-18 01:30:48] [TID:25364] ERROR SD - Cegeka Security Advisory Framework - Third Party Risk Assessment - RiskRecon [PRD.4.1.004][PV1.0][DV1.0].docx: [extract_html] FAILED with exit code 1
[2026-03-18 01:33:20] [TID:28000] START SD - Cegeka Security Advisory Framework - Third Party Risk Assessment - RiskRecon [PRD.4.1.004][PV1.0][DV1.0].docx
[2026-03-18 01:33:20] [TID:28000] [DEBUG] Running step: extract_html
[2026-03-18 01:33:20] [TID:28000] [DEBUG] Command: ['C:\\Users\\koengo\\AppData\\Local\\Programs\\Python\\Python312\\python.exe', 'C:\\Users\\koengo\\OneDrive - Cegeka\\Documents\\Reusable Assets\\Products\\scripts\\extract_html.py', 'C:\\Users\\koengo\\Cegeka\\Product Management - Product Management Library\\Business Line - Security & Compliance\\[4.1] Cybersecurity\\[PRD.4.1.004] Cegeka Security Advisory Framework\\SD - Cegeka Security Advisory Framework - Third Party Risk Assessment - RiskRecon [PRD.4.1.004][PV1.0][DV1.0].docx']
[2026-03-18 01:33:20] [TID:28000] [DEBUG][stdout] EXTRACT ERROR: [Errno 2] No such file or directory: 'C:\\Users\\koengo\\Cegeka\\Product Management - Product Management Library\\Business Line - Security & Compliance\\[4.1] Cybersecurity\\[PRD.4.1.004] Cegeka Security Advisory Framework\\SD - Cegeka Security Advisory Framework - Third Party Risk Assessment - RiskRecon [PRD.4.1.004][PV1.0][DV1.0].docx'

[2026-03-18 01:33:20] [TID:28000] ERROR SD - Cegeka Security Advisory Framework - Third Party Risk Assessment - RiskRecon [PRD.4.1.004][PV1.0][DV1.0].docx: [extract_html] FAILED with exit code 1
[2026-03-18 01:40:30] [TID:28640] START SD - Cegeka Security Advisory Framework - Third Party Risk Assessment - RiskRecon [PRD.4.1.004][PV1.0][DV1.0].docx
[2026-03-18 01:40:30] [TID:28640] [DEBUG] Running step: extract_html
[2026-03-18 01:40:30] [TID:28640] [DEBUG] Command: ['C:\\Users\\koengo\\AppData\\Local\\Programs\\Python\\Python312\\python.exe', 'C:\\Users\\koengo\\OneDrive - Cegeka\\Documents\\Reusable Assets\\Products\\scripts\\extract_html.py', 'C:\\Users\\koengo\\Cegeka\\Product Management - Product Management Library\\Business Line - Security & Compliance\\[4.1] Cybersecurity\\[PRD.4.1.004] Cegeka Security Advisory Framework\\SD - Cegeka Security Advisory Framework - Third Party Risk Assessment - RiskRecon [PRD.4.1.004][PV1.0][DV1.0].docx']
[2026-03-18 01:40:30] [TID:28640] [DEBUG][stdout] EXTRACT ERROR: [Errno 2] No such file or directory: 'C:\\Users\\koengo\\Cegeka\\Product Management - Product Management Library\\Business Line - Security & Compliance\\[4.1] Cybersecurity\\[PRD.4.1.004] Cegeka Security Advisory Framework\\SD - Cegeka Security Advisory Framework - Third Party Risk Assessment - RiskRecon [PRD.4.1.004][PV1.0][DV1.0].docx'

[2026-03-18 01:40:30] [TID:28640] ERROR SD - Cegeka Security Advisory Framework - Third Party Risk Assessment - RiskRecon [PRD.4.1.004][PV1.0][DV1.0].docx: [extract_html] FAILED with exit code 1
