[2026-03-18 14:42:56] START xml_to_docx_v3_fixed for: C:\Users\koengo\OneDrive - Cegeka\Documents\Reusable Assets\Products\output\xml\SD - RedHat AMQ [PRD.0.L.136][PV0.8][DV1.0]_mapped.xml
[2026-03-18 14:42:56] Filled SDT 'PRODUCT_SUMMARY' with XML section 'Service identification'
[2026-03-18 14:42:56] Filled SDT 'SCOPE' with XML section 'Out of scope'
[2026-03-18 14:42:56] Filled SDT 'TERMS_CONDITIONS' with XML section 'Conditions'
[2026-03-18 14:42:56] Filled SDT 'PRODUCT_SUMMARY' with XML section 'Service delivery location'
[2026-03-18 14:42:56] Filled SDT 'PRODUCT_SUMMARY' with XML section 'Service Reporting'
[2026-03-18 14:42:56] Filled SDT 'PRODUCT_SUMMARY' with XML section 'Service Window'
[2026-03-18 14:42:56] Filled SDT 'SLA_KPI' with XML section 'Service Level'
[2026-03-18 14:42:56] Filled SDT 'PRODUCT_SUMMARY' with XML section 'Service Request Billing'
[2026-03-18 14:42:56] TOTAL SDT FIELDS FILLED: 8
[2026-03-18 14:42:56] XML→DOCX OK → output\docx\SD - RedHat AMQ [PRD.0.L.136][PV0.8][DV1.0]_mapped_FINAL.docx
[2026-03-18 14:48:33] START xml_to_docx_v3_fixed for: C:\Users\koengo\OneDrive - Cegeka\Documents\Reusable Assets\Products\output\xml\SD - RedHat AMQ [PRD.0.L.136][PV0.8][DV1.0]_mapped.xml
[2026-03-18 14:48:33] Filled SDT 'PRODUCT_SUMMARY' with XML section 'Service identification'
[2026-03-18 14:48:33] Filled SDT 'SCOPE' with XML section 'Out of scope'
[2026-03-18 14:48:33] Filled SDT 'TERMS_CONDITIONS' with XML section 'Conditions'
[2026-03-18 14:48:33] Filled SDT 'PRODUCT_SUMMARY' with XML section 'Service delivery location'
[2026-03-18 14:48:33] Filled SDT 'PRODUCT_SUMMARY' with XML section 'Service Reporting'
[2026-03-18 14:48:33] Filled SDT 'PRODUCT_SUMMARY' with XML section 'Service Window'
[2026-03-18 14:48:33] Filled SDT 'SLA_KPI' with XML section 'Service Level'
[2026-03-18 14:48:33] Filled SDT 'PRODUCT_SUMMARY' with XML section 'Service Request Billing'
[2026-03-18 14:48:33] TOTAL SDT FIELDS FILLED: 8
[2026-03-18 14:48:33] XML→DOCX OK → output\docx\SD - RedHat AMQ [PRD.0.L.136][PV0.8][DV1.0]_mapped_FINAL.docx
[2026-03-18 15:02:22] START xml_to_docx_v3_fixed for: C:\Users\koengo\OneDrive - Cegeka\Documents\Reusable Assets\Products\output\xml\SD - RedHat AMQ [PRD.0.L.136][PV0.8][DV1.0]_mapped.xml
[2026-03-18 15:02:22] Filled SDT 'PRODUCT_SUMMARY' with XML section 'Service identification'
[2026-03-18 15:02:22] Filled SDT 'SCOPE' with XML section 'Out of scope'
[2026-03-18 15:02:22] Filled SDT 'TERMS_CONDITIONS' with XML section 'Conditions'
[2026-03-18 15:02:22] Filled SDT 'PRODUCT_SUMMARY' with XML section 'Service delivery location'
[2026-03-18 15:02:22] Filled SDT 'PRODUCT_SUMMARY' with XML section 'Service Reporting'
[2026-03-18 15:02:22] Filled SDT 'PRODUCT_SUMMARY' with XML section 'Service Window'
[2026-03-18 15:02:22] Filled SDT 'SLA_KPI' with XML section 'Service Level'
[2026-03-18 15:02:22] Filled SDT 'PRODUCT_SUMMARY' with XML section 'Service Request Billing'
[2026-03-18 15:02:22] TOTAL SDT FIELDS FILLED: 8
[2026-03-18 15:02:22] XML→DOCX OK → output\docx\SD - RedHat AMQ [PRD.0.L.136][PV0.8][DV1.0]_mapped_FINAL.docx
