[2026-03-18 14:42:58] START xml_to_docx_v3_fixed for: C:\Users\koengo\OneDrive - Cegeka\Documents\Reusable Assets\Products\output\xml\SD - Release and Deploy services for Argenta [PRD.0.L.191][PV0.7][DV1.0]_mapped.xml
[2026-03-18 14:42:58] Filled SDT 'PRODUCT_SUMMARY' with XML section 'Service identification'
[2026-03-18 14:42:58] Filled SDT 'SCOPE' with XML section 'Out of scope'
[2026-03-18 14:42:58] Filled SDT 'PRODUCT_SUMMARY' with XML section 'Service delivery location'
[2026-03-18 14:42:58] Filled SDT 'PRODUCT_SUMMARY' with XML section 'Service Reporting'
[2026-03-18 14:42:58] Filled SDT 'PRODUCT_SUMMARY' with XML section 'Service Window'
[2026-03-18 14:42:58] Filled SDT 'SLA_KPI' with XML section 'Service Level'
[2026-03-18 14:42:58] TOTAL SDT FIELDS FILLED: 6
[2026-03-18 14:42:58] XML→DOCX OK → output\docx\SD - Release and Deploy services for Argenta [PRD.0.L.191][PV0.7][DV1.0]_mapped_FINAL.docx
[2026-03-18 14:48:35] START xml_to_docx_v3_fixed for: C:\Users\koengo\OneDrive - Cegeka\Documents\Reusable Assets\Products\output\xml\SD - Release and Deploy services for Argenta [PRD.0.L.191][PV0.7][DV1.0]_mapped.xml
[2026-03-18 14:48:35] Filled SDT 'PRODUCT_SUMMARY' with XML section 'Service identification'
[2026-03-18 14:48:35] Filled SDT 'SCOPE' with XML section 'Out of scope'
[2026-03-18 14:48:35] Filled SDT 'PRODUCT_SUMMARY' with XML section 'Service delivery location'
[2026-03-18 14:48:35] Filled SDT 'PRODUCT_SUMMARY' with XML section 'Service Reporting'
[2026-03-18 14:48:35] Filled SDT 'PRODUCT_SUMMARY' with XML section 'Service Window'
[2026-03-18 14:48:35] Filled SDT 'SLA_KPI' with XML section 'Service Level'
[2026-03-18 14:48:35] TOTAL SDT FIELDS FILLED: 6
[2026-03-18 14:48:35] XML→DOCX OK → output\docx\SD - Release and Deploy services for Argenta [PRD.0.L.191][PV0.7][DV1.0]_mapped_FINAL.docx
[2026-03-18 15:02:24] START xml_to_docx_v3_fixed for: C:\Users\koengo\OneDrive - Cegeka\Documents\Reusable Assets\Products\output\xml\SD - Release and Deploy services for Argenta [PRD.0.L.191][PV0.7][DV1.0]_mapped.xml
[2026-03-18 15:02:24] Filled SDT 'PRODUCT_SUMMARY' with XML section 'Service identification'
[2026-03-18 15:02:24] Filled SDT 'SCOPE' with XML section 'Out of scope'
[2026-03-18 15:02:24] Filled SDT 'PRODUCT_SUMMARY' with XML section 'Service delivery location'
[2026-03-18 15:02:24] Filled SDT 'PRODUCT_SUMMARY' with XML section 'Service Reporting'
[2026-03-18 15:02:24] Filled SDT 'PRODUCT_SUMMARY' with XML section 'Service Window'
[2026-03-18 15:02:24] Filled SDT 'SLA_KPI' with XML section 'Service Level'
[2026-03-18 15:02:24] TOTAL SDT FIELDS FILLED: 6
[2026-03-18 15:02:24] XML→DOCX OK → output\docx\SD - Release and Deploy services for Argenta [PRD.0.L.191][PV0.7][DV1.0]_mapped_FINAL.docx
