[2026-03-17 23:34:14] [TID:1284] Start processing SD: SD - Adoption & Change Management - Coaching & Support [PRD.7.8.001][PV1.0][DV1.0].docx
[2026-03-17 23:34:14] [TID:1284] Extracting HTML...
[2026-03-17 23:34:15] [TID:1284] ERROR SD - Adoption & Change Management - Coaching & Support [PRD.7.8.001][PV1.0][DV1.0].docx: Command '['C:\\Users\\koengo\\AppData\\Local\\Programs\\Python\\Python312\\python.exe', 'C:\\Users\\koengo\\OneDrive - Cegeka\\Documents\\Reusable Assets\\Products\\scripts\\extract_html.py', 'C:\\Users\\koengo\\Cegeka\\Product Management - Product Management Library\\Business Line - Digital Employee eXperience\\[7.2] Cegeka Employee Empowerment Solutions\\[PRD.7.8.001] Adoption & Change Management\\SD - Adoption & Change Management - Coaching & Support [PRD.7.8.001][PV1.0][DV1.0].docx']' returned non-zero exit status 1.
[2026-03-17 23:39:35] [TID:19068] START SD - Adoption & Change Management - Coaching & Support [PRD.7.8.001][PV1.0][DV1.0].docx
[2026-03-17 23:39:35] [TID:19068] Extracting HTML...
[2026-03-17 23:39:35] [TID:19068] ERROR SD - Adoption & Change Management - Coaching & Support [PRD.7.8.001][PV1.0][DV1.0].docx: Command '['C:\\Users\\koengo\\AppData\\Local\\Programs\\Python\\Python312\\python.exe', 'C:\\Users\\koengo\\OneDrive - Cegeka\\Documents\\Reusable Assets\\Products\\scripts\\extract_html.py', 'C:\\Users\\koengo\\Cegeka\\Product Management - Product Management Library\\Business Line - Digital Employee eXperience\\[7.2] Cegeka Employee Empowerment Solutions\\[PRD.7.8.001] Adoption & Change Management\\SD - Adoption & Change Management - Coaching & Support [PRD.7.8.001][PV1.0][DV1.0].docx']' returned non-zero exit status 1.
[2026-03-17 23:44:46] [TID:26032] START SD - Adoption & Change Management - Coaching & Support [PRD.7.8.001][PV1.0][DV1.0].docx
[2026-03-17 23:44:46] [TID:26032] Extracting HTML...
[2026-03-17 23:44:47] [TID:26032] ERROR SD - Adoption & Change Management - Coaching & Support [PRD.7.8.001][PV1.0][DV1.0].docx: Command '['C:\\Users\\koengo\\AppData\\Local\\Programs\\Python\\Python312\\python.exe', 'C:\\Users\\koengo\\OneDrive - Cegeka\\Documents\\Reusable Assets\\Products\\scripts\\extract_html.py', 'C:\\Users\\koengo\\Cegeka\\Product Management - Product Management Library\\Business Line - Digital Employee eXperience\\[7.2] Cegeka Employee Empowerment Solutions\\[PRD.7.8.001] Adoption & Change Management\\SD - Adoption & Change Management - Coaching & Support [PRD.7.8.001][PV1.0][DV1.0].docx']' returned non-zero exit status 1.
[2026-03-17 23:47:14] [TID:25624] START SD - Adoption & Change Management - Coaching & Support [PRD.7.8.001][PV1.0][DV1.0].docx
[2026-03-17 23:47:15] [TID:25624] Extracting HTML...
[2026-03-17 23:47:15] [TID:25624] ERROR SD - Adoption & Change Management - Coaching & Support [PRD.7.8.001][PV1.0][DV1.0].docx: Command '['C:\\Users\\koengo\\AppData\\Local\\Programs\\Python\\Python312\\python.exe', 'C:\\Users\\koengo\\OneDrive - Cegeka\\Documents\\Reusable Assets\\Products\\scripts\\extract_html.py', 'C:\\Users\\koengo\\Cegeka\\Product Management - Product Management Library\\Business Line - Digital Employee eXperience\\[7.2] Cegeka Employee Empowerment Solutions\\[PRD.7.8.001] Adoption & Change Management\\SD - Adoption & Change Management - Coaching & Support [PRD.7.8.001][PV1.0][DV1.0].docx']' returned non-zero exit status 1.
[2026-03-17 23:54:44] [TID:8392] START SD - Adoption & Change Management - Coaching & Support [PRD.7.8.001][PV1.0][DV1.0].docx
[2026-03-17 23:54:44] [TID:8392] Extracting HTML...
[2026-03-17 23:54:45] [TID:8392] ERROR SD - Adoption & Change Management - Coaching & Support [PRD.7.8.001][PV1.0][DV1.0].docx: Command '['C:\\Users\\koengo\\AppData\\Local\\Programs\\Python\\Python312\\python.exe', 'C:\\Users\\koengo\\OneDrive - Cegeka\\Documents\\Reusable Assets\\Products\\scripts\\extract_html.py', 'C:\\Users\\koengo\\Cegeka\\Product Management - Product Management Library\\Business Line - Digital Employee eXperience\\[7.2] Cegeka Employee Empowerment Solutions\\[PRD.7.8.001] Adoption & Change Management\\SD - Adoption & Change Management - Coaching & Support [PRD.7.8.001][PV1.0][DV1.0].docx']' returned non-zero exit status 1.
[2026-03-18 00:02:09] [TID:22876] START SD - Adoption & Change Management - Coaching & Support [PRD.7.8.001][PV1.0][DV1.0].docx
[2026-03-18 00:02:09] [TID:22876] Extracting HTML...
[2026-03-18 00:02:09] [TID:22876] ERROR SD - Adoption & Change Management - Coaching & Support [PRD.7.8.001][PV1.0][DV1.0].docx: Command '['C:\\Users\\koengo\\AppData\\Local\\Programs\\Python\\Python312\\python.exe', 'C:\\Users\\koengo\\OneDrive - Cegeka\\Documents\\Reusable Assets\\Products\\scripts\\extract_html.py', 'C:\\Users\\koengo\\Cegeka\\Product Management - Product Management Library\\Business Line - Digital Employee eXperience\\[7.2] Cegeka Employee Empowerment Solutions\\[PRD.7.8.001] Adoption & Change Management\\SD - Adoption & Change Management - Coaching & Support [PRD.7.8.001][PV1.0][DV1.0].docx']' returned non-zero exit status 1.
[2026-03-18 00:11:22] [TID:5760] START SD - Adoption & Change Management - Coaching & Support [PRD.7.8.001][PV1.0][DV1.0].docx
[2026-03-18 00:11:22] [TID:5760] Extracting HTML...
[2026-03-18 00:11:23] [TID:5760] ERROR SD - Adoption & Change Management - Coaching & Support [PRD.7.8.001][PV1.0][DV1.0].docx: Command '['C:\\Users\\koengo\\AppData\\Local\\Programs\\Python\\Python312\\python.exe', 'C:\\Users\\koengo\\OneDrive - Cegeka\\Documents\\Reusable Assets\\Products\\scripts\\extract_html.py', 'C:\\Users\\koengo\\Cegeka\\Product Management - Product Management Library\\Business Line - Digital Employee eXperience\\[7.2] Cegeka Employee Empowerment Solutions\\[PRD.7.8.001] Adoption & Change Management\\SD - Adoption & Change Management - Coaching & Support [PRD.7.8.001][PV1.0][DV1.0].docx']' returned non-zero exit status 1.
[2026-03-18 00:24:45] [TID:14908] START SD - Adoption & Change Management - Coaching & Support [PRD.7.8.001][PV1.0][DV1.0].docx
[2026-03-18 00:24:45] [TID:14908] [DEBUG] Running step: extract_html
[2026-03-18 00:24:45] [TID:14908] [DEBUG] Command: ['C:\\Users\\koengo\\AppData\\Local\\Programs\\Python\\Python312\\python.exe', 'C:\\Users\\koengo\\OneDrive - Cegeka\\Documents\\Reusable Assets\\Products\\scripts\\extract_html.py', 'C:\\Users\\koengo\\Cegeka\\Product Management - Product Management Library\\Business Line - Digital Employee eXperience\\[7.2] Cegeka Employee Empowerment Solutions\\[PRD.7.8.001] Adoption & Change Management\\SD - Adoption & Change Management - Coaching & Support [PRD.7.8.001][PV1.0][DV1.0].docx']
[2026-03-18 00:24:46] [TID:14908] [DEBUG][stderr] Traceback (most recent call last):
  File "C:\Users\koengo\OneDrive - Cegeka\Documents\Reusable Assets\Products\scripts\extract_html.py", line 12, in <module>
    with open(sd_file, "rb") as f:
         ^^^^^^^^^^^^^^^^^^^
FileNotFoundError: [Errno 2] No such file or directory: 'C:\\Users\\koengo\\Cegeka\\Product Management - Product Management Library\\Business Line - Digital Employee eXperience\\[7.2] Cegeka Employee Empowerment Solutions\\[PRD.7.8.001] Adoption & Change Management\\SD - Adoption & Change Management - Coaching & Support [PRD.7.8.001][PV1.0][DV1.0].docx'

[2026-03-18 00:24:46] [TID:14908] ERROR SD - Adoption & Change Management - Coaching & Support [PRD.7.8.001][PV1.0][DV1.0].docx: [extract_html] FAILED with exit code 1
[2026-03-18 00:28:44] [TID:29492] START SD - Adoption & Change Management - Coaching & Support [PRD.7.8.001][PV1.0][DV1.0].docx
[2026-03-18 00:28:44] [TID:29492] [DEBUG] Running step: extract_html
[2026-03-18 00:28:44] [TID:29492] [DEBUG] Command: ['C:\\Users\\koengo\\AppData\\Local\\Programs\\Python\\Python312\\python.exe', 'C:\\Users\\koengo\\OneDrive - Cegeka\\Documents\\Reusable Assets\\Products\\scripts\\extract_html.py', 'C:\\Users\\koengo\\Cegeka\\Product Management - Product Management Library\\Business Line - Digital Employee eXperience\\[7.2] Cegeka Employee Empowerment Solutions\\[PRD.7.8.001] Adoption & Change Management\\SD - Adoption & Change Management - Coaching & Support [PRD.7.8.001][PV1.0][DV1.0].docx']
[2026-03-18 00:28:45] [TID:29492] [DEBUG][stderr] Traceback (most recent call last):
  File "C:\Users\koengo\OneDrive - Cegeka\Documents\Reusable Assets\Products\scripts\extract_html.py", line 12, in <module>
    with open(sd_file, "rb") as f:
         ^^^^^^^^^^^^^^^^^^^
FileNotFoundError: [Errno 2] No such file or directory: 'C:\\Users\\koengo\\Cegeka\\Product Management - Product Management Library\\Business Line - Digital Employee eXperience\\[7.2] Cegeka Employee Empowerment Solutions\\[PRD.7.8.001] Adoption & Change Management\\SD - Adoption & Change Management - Coaching & Support [PRD.7.8.001][PV1.0][DV1.0].docx'

[2026-03-18 00:28:45] [TID:29492] ERROR SD - Adoption & Change Management - Coaching & Support [PRD.7.8.001][PV1.0][DV1.0].docx: [extract_html] FAILED with exit code 1
[2026-03-18 00:39:45] [TID:12044] START SD - Adoption & Change Management - Coaching & Support [PRD.7.8.001][PV1.0][DV1.0].docx
[2026-03-18 00:39:46] [TID:12044] [DEBUG] Running step: extract_html
[2026-03-18 00:39:46] [TID:12044] [DEBUG] Command: ['C:\\Users\\koengo\\AppData\\Local\\Programs\\Python\\Python312\\python.exe', 'C:\\Users\\koengo\\OneDrive - Cegeka\\Documents\\Reusable Assets\\Products\\scripts\\extract_html.py', 'C:\\Users\\koengo\\Cegeka\\Product Management - Product Management Library\\Business Line - Digital Employee eXperience\\[7.2] Cegeka Employee Empowerment Solutions\\[PRD.7.8.001] Adoption & Change Management\\SD - Adoption & Change Management - Coaching & Support [PRD.7.8.001][PV1.0][DV1.0].docx']
[2026-03-18 00:39:46] [TID:12044] [DEBUG][stderr] Traceback (most recent call last):
  File "C:\Users\koengo\OneDrive - Cegeka\Documents\Reusable Assets\Products\scripts\extract_html.py", line 12, in <module>
    with open(sd_file, "rb") as f:
         ^^^^^^^^^^^^^^^^^^^
FileNotFoundError: [Errno 2] No such file or directory: 'C:\\Users\\koengo\\Cegeka\\Product Management - Product Management Library\\Business Line - Digital Employee eXperience\\[7.2] Cegeka Employee Empowerment Solutions\\[PRD.7.8.001] Adoption & Change Management\\SD - Adoption & Change Management - Coaching & Support [PRD.7.8.001][PV1.0][DV1.0].docx'

[2026-03-18 00:39:46] [TID:12044] ERROR SD - Adoption & Change Management - Coaching & Support [PRD.7.8.001][PV1.0][DV1.0].docx: [extract_html] FAILED with exit code 1
[2026-03-18 00:52:02] [TID:5928] START SD - Adoption & Change Management - Coaching & Support [PRD.7.8.001][PV1.0][DV1.0].docx
[2026-03-18 00:52:02] [TID:5928] [DEBUG] Running step: extract_html
[2026-03-18 00:52:02] [TID:5928] [DEBUG] Command: ['C:\\Users\\koengo\\AppData\\Local\\Programs\\Python\\Python312\\python.exe', 'C:\\Users\\koengo\\OneDrive - Cegeka\\Documents\\Reusable Assets\\Products\\scripts\\extract_html.py', 'C:\\Users\\koengo\\Cegeka\\Product Management - Product Management Library\\Business Line - Digital Employee eXperience\\[7.2] Cegeka Employee Empowerment Solutions\\[PRD.7.8.001] Adoption & Change Management\\SD - Adoption & Change Management - Coaching & Support [PRD.7.8.001][PV1.0][DV1.0].docx']
[2026-03-18 00:52:03] [TID:5928] [DEBUG][stdout] EXTRACT ERROR: [Errno 2] No such file or directory: 'C:\\Users\\koengo\\Cegeka\\Product Management - Product Management Library\\Business Line - Digital Employee eXperience\\[7.2] Cegeka Employee Empowerment Solutions\\[PRD.7.8.001] Adoption & Change Management\\SD - Adoption & Change Management - Coaching & Support [PRD.7.8.001][PV1.0][DV1.0].docx'

[2026-03-18 00:52:03] [TID:5928] ERROR SD - Adoption & Change Management - Coaching & Support [PRD.7.8.001][PV1.0][DV1.0].docx: [extract_html] FAILED with exit code 1
[2026-03-18 01:01:20] [TID:19944] START SD - Adoption & Change Management - Coaching & Support [PRD.7.8.001][PV1.0][DV1.0].docx
[2026-03-18 01:01:20] [TID:19944] [DEBUG] Running step: extract_html
[2026-03-18 01:01:20] [TID:19944] [DEBUG] Command: ['C:\\Users\\koengo\\AppData\\Local\\Programs\\Python\\Python312\\python.exe', 'C:\\Users\\koengo\\OneDrive - Cegeka\\Documents\\Reusable Assets\\Products\\scripts\\extract_html.py', 'C:\\Users\\koengo\\Cegeka\\Product Management - Product Management Library\\Business Line - Digital Employee eXperience\\[7.2] Cegeka Employee Empowerment Solutions\\[PRD.7.8.001] Adoption & Change Management\\SD - Adoption & Change Management - Coaching & Support [PRD.7.8.001][PV1.0][DV1.0].docx']
[2026-03-18 01:01:20] [TID:19944] [DEBUG][stdout] EXTRACT ERROR: [Errno 2] No such file or directory: 'C:\\Users\\koengo\\Cegeka\\Product Management - Product Management Library\\Business Line - Digital Employee eXperience\\[7.2] Cegeka Employee Empowerment Solutions\\[PRD.7.8.001] Adoption & Change Management\\SD - Adoption & Change Management - Coaching & Support [PRD.7.8.001][PV1.0][DV1.0].docx'

[2026-03-18 01:01:20] [TID:19944] ERROR SD - Adoption & Change Management - Coaching & Support [PRD.7.8.001][PV1.0][DV1.0].docx: [extract_html] FAILED with exit code 1
[2026-03-18 01:16:56] [TID:28776] START SD - Adoption & Change Management - Coaching & Support [PRD.7.8.001][PV1.0][DV1.0].docx
[2026-03-18 01:16:56] [TID:28776] [DEBUG] Running step: extract_html
[2026-03-18 01:16:56] [TID:28776] [DEBUG] Command: ['C:\\Users\\koengo\\AppData\\Local\\Programs\\Python\\Python312\\python.exe', 'C:\\Users\\koengo\\OneDrive - Cegeka\\Documents\\Reusable Assets\\Products\\scripts\\extract_html.py', 'C:\\Users\\koengo\\Cegeka\\Product Management - Product Management Library\\Business Line - Digital Employee eXperience\\[7.2] Cegeka Employee Empowerment Solutions\\[PRD.7.8.001] Adoption & Change Management\\SD - Adoption & Change Management - Coaching & Support [PRD.7.8.001][PV1.0][DV1.0].docx']
[2026-03-18 01:16:56] [TID:28776] [DEBUG][stdout] EXTRACT ERROR: [Errno 2] No such file or directory: 'C:\\Users\\koengo\\Cegeka\\Product Management - Product Management Library\\Business Line - Digital Employee eXperience\\[7.2] Cegeka Employee Empowerment Solutions\\[PRD.7.8.001] Adoption & Change Management\\SD - Adoption & Change Management - Coaching & Support [PRD.7.8.001][PV1.0][DV1.0].docx'

[2026-03-18 01:16:56] [TID:28776] ERROR SD - Adoption & Change Management - Coaching & Support [PRD.7.8.001][PV1.0][DV1.0].docx: [extract_html] FAILED with exit code 1
[2026-03-18 01:30:48] [TID:2584] START SD - Adoption & Change Management - Coaching & Support [PRD.7.8.001][PV1.0][DV1.0].docx
[2026-03-18 01:30:48] [TID:2584] [DEBUG] Running step: extract_html
[2026-03-18 01:30:48] [TID:2584] [DEBUG] Command: ['C:\\Users\\koengo\\AppData\\Local\\Programs\\Python\\Python312\\python.exe', 'C:\\Users\\koengo\\OneDrive - Cegeka\\Documents\\Reusable Assets\\Products\\scripts\\extract_html.py', 'C:\\Users\\koengo\\Cegeka\\Product Management - Product Management Library\\Business Line - Digital Employee eXperience\\[7.2] Cegeka Employee Empowerment Solutions\\[PRD.7.8.001] Adoption & Change Management\\SD - Adoption & Change Management - Coaching & Support [PRD.7.8.001][PV1.0][DV1.0].docx']
[2026-03-18 01:30:48] [TID:2584] [DEBUG][stderr]   File "C:\Users\koengo\OneDrive - Cegeka\Documents\Reusable Assets\Products\scripts\extract_html.py", line 31
    ``
    ^
SyntaxError: invalid syntax

[2026-03-18 01:30:48] [TID:2584] ERROR SD - Adoption & Change Management - Coaching & Support [PRD.7.8.001][PV1.0][DV1.0].docx: [extract_html] FAILED with exit code 1
[2026-03-18 01:33:15] [TID:19504] START SD - Adoption & Change Management - Coaching & Support [PRD.7.8.001][PV1.0][DV1.0].docx
[2026-03-18 01:33:15] [TID:19504] [DEBUG] Running step: extract_html
[2026-03-18 01:33:15] [TID:19504] [DEBUG] Command: ['C:\\Users\\koengo\\AppData\\Local\\Programs\\Python\\Python312\\python.exe', 'C:\\Users\\koengo\\OneDrive - Cegeka\\Documents\\Reusable Assets\\Products\\scripts\\extract_html.py', 'C:\\Users\\koengo\\Cegeka\\Product Management - Product Management Library\\Business Line - Digital Employee eXperience\\[7.2] Cegeka Employee Empowerment Solutions\\[PRD.7.8.001] Adoption & Change Management\\SD - Adoption & Change Management - Coaching & Support [PRD.7.8.001][PV1.0][DV1.0].docx']
[2026-03-18 01:33:15] [TID:19504] [DEBUG][stdout] EXTRACT ERROR: [Errno 2] No such file or directory: 'C:\\Users\\koengo\\Cegeka\\Product Management - Product Management Library\\Business Line - Digital Employee eXperience\\[7.2] Cegeka Employee Empowerment Solutions\\[PRD.7.8.001] Adoption & Change Management\\SD - Adoption & Change Management - Coaching & Support [PRD.7.8.001][PV1.0][DV1.0].docx'

[2026-03-18 01:33:15] [TID:19504] ERROR SD - Adoption & Change Management - Coaching & Support [PRD.7.8.001][PV1.0][DV1.0].docx: [extract_html] FAILED with exit code 1
[2026-03-18 01:40:25] [TID:28640] START SD - Adoption & Change Management - Coaching & Support [PRD.7.8.001][PV1.0][DV1.0].docx
[2026-03-18 01:40:25] [TID:28640] [DEBUG] Running step: extract_html
[2026-03-18 01:40:25] [TID:28640] [DEBUG] Command: ['C:\\Users\\koengo\\AppData\\Local\\Programs\\Python\\Python312\\python.exe', 'C:\\Users\\koengo\\OneDrive - Cegeka\\Documents\\Reusable Assets\\Products\\scripts\\extract_html.py', 'C:\\Users\\koengo\\Cegeka\\Product Management - Product Management Library\\Business Line - Digital Employee eXperience\\[7.2] Cegeka Employee Empowerment Solutions\\[PRD.7.8.001] Adoption & Change Management\\SD - Adoption & Change Management - Coaching & Support [PRD.7.8.001][PV1.0][DV1.0].docx']
[2026-03-18 01:40:25] [TID:28640] [DEBUG][stdout] EXTRACT ERROR: [Errno 2] No such file or directory: 'C:\\Users\\koengo\\Cegeka\\Product Management - Product Management Library\\Business Line - Digital Employee eXperience\\[7.2] Cegeka Employee Empowerment Solutions\\[PRD.7.8.001] Adoption & Change Management\\SD - Adoption & Change Management - Coaching & Support [PRD.7.8.001][PV1.0][DV1.0].docx'

[2026-03-18 01:40:25] [TID:28640] ERROR SD - Adoption & Change Management - Coaching & Support [PRD.7.8.001][PV1.0][DV1.0].docx: [extract_html] FAILED with exit code 1
