[2026-03-17 23:34:07] [TID:10644] Start processing SD: SD - Power AIX (PAAS) [PRD.0.1.002][PV1.0][DV1.0].docx
[2026-03-17 23:34:07] [TID:10644] Extracting HTML...
[2026-03-17 23:34:08] [TID:10644] ERROR SD - Power AIX (PAAS) [PRD.0.1.002][PV1.0][DV1.0].docx: Command '['C:\\Users\\koengo\\AppData\\Local\\Programs\\Python\\Python312\\python.exe', 'C:\\Users\\koengo\\OneDrive - Cegeka\\Documents\\Reusable Assets\\Products\\scripts\\extract_html.py', 'C:\\Users\\koengo\\Cegeka\\Product Management - Product Management Library\\Business Line - Cloud and Digital Platforms\\[0.1] Cegeka IBM Power Services & Solutions\\[PRD.0.1.002] Power AIX\\SD - Power AIX (PAAS) [PRD.0.1.002][PV1.0][DV1.0].docx']' returned non-zero exit status 1.
[2026-03-17 23:39:28] [TID:15860] START SD - Power AIX (PAAS) [PRD.0.1.002][PV1.0][DV1.0].docx
[2026-03-17 23:39:28] [TID:15860] Extracting HTML...
[2026-03-17 23:39:29] [TID:15860] ERROR SD - Power AIX (PAAS) [PRD.0.1.002][PV1.0][DV1.0].docx: Command '['C:\\Users\\koengo\\AppData\\Local\\Programs\\Python\\Python312\\python.exe', 'C:\\Users\\koengo\\OneDrive - Cegeka\\Documents\\Reusable Assets\\Products\\scripts\\extract_html.py', 'C:\\Users\\koengo\\Cegeka\\Product Management - Product Management Library\\Business Line - Cloud and Digital Platforms\\[0.1] Cegeka IBM Power Services & Solutions\\[PRD.0.1.002] Power AIX\\SD - Power AIX (PAAS) [PRD.0.1.002][PV1.0][DV1.0].docx']' returned non-zero exit status 1.
[2026-03-17 23:44:40] [TID:2816] START SD - Power AIX (PAAS) [PRD.0.1.002][PV1.0][DV1.0].docx
[2026-03-17 23:44:40] [TID:2816] Extracting HTML...
[2026-03-17 23:44:41] [TID:2816] ERROR SD - Power AIX (PAAS) [PRD.0.1.002][PV1.0][DV1.0].docx: Command '['C:\\Users\\koengo\\AppData\\Local\\Programs\\Python\\Python312\\python.exe', 'C:\\Users\\koengo\\OneDrive - Cegeka\\Documents\\Reusable Assets\\Products\\scripts\\extract_html.py', 'C:\\Users\\koengo\\Cegeka\\Product Management - Product Management Library\\Business Line - Cloud and Digital Platforms\\[0.1] Cegeka IBM Power Services & Solutions\\[PRD.0.1.002] Power AIX\\SD - Power AIX (PAAS) [PRD.0.1.002][PV1.0][DV1.0].docx']' returned non-zero exit status 1.
[2026-03-17 23:47:07] [TID:25432] START SD - Power AIX (PAAS) [PRD.0.1.002][PV1.0][DV1.0].docx
[2026-03-17 23:47:08] [TID:25432] Extracting HTML...
[2026-03-17 23:47:09] [TID:25432] ERROR SD - Power AIX (PAAS) [PRD.0.1.002][PV1.0][DV1.0].docx: Command '['C:\\Users\\koengo\\AppData\\Local\\Programs\\Python\\Python312\\python.exe', 'C:\\Users\\koengo\\OneDrive - Cegeka\\Documents\\Reusable Assets\\Products\\scripts\\extract_html.py', 'C:\\Users\\koengo\\Cegeka\\Product Management - Product Management Library\\Business Line - Cloud and Digital Platforms\\[0.1] Cegeka IBM Power Services & Solutions\\[PRD.0.1.002] Power AIX\\SD - Power AIX (PAAS) [PRD.0.1.002][PV1.0][DV1.0].docx']' returned non-zero exit status 1.
[2026-03-17 23:54:37] [TID:22136] START SD - Power AIX (PAAS) [PRD.0.1.002][PV1.0][DV1.0].docx
[2026-03-17 23:54:37] [TID:22136] Extracting HTML...
[2026-03-17 23:54:38] [TID:22136] ERROR SD - Power AIX (PAAS) [PRD.0.1.002][PV1.0][DV1.0].docx: Command '['C:\\Users\\koengo\\AppData\\Local\\Programs\\Python\\Python312\\python.exe', 'C:\\Users\\koengo\\OneDrive - Cegeka\\Documents\\Reusable Assets\\Products\\scripts\\extract_html.py', 'C:\\Users\\koengo\\Cegeka\\Product Management - Product Management Library\\Business Line - Cloud and Digital Platforms\\[0.1] Cegeka IBM Power Services & Solutions\\[PRD.0.1.002] Power AIX\\SD - Power AIX (PAAS) [PRD.0.1.002][PV1.0][DV1.0].docx']' returned non-zero exit status 1.
[2026-03-18 00:02:02] [TID:22624] START SD - Power AIX (PAAS) [PRD.0.1.002][PV1.0][DV1.0].docx
[2026-03-18 00:02:03] [TID:22624] Extracting HTML...
[2026-03-18 00:02:04] [TID:22624] ERROR SD - Power AIX (PAAS) [PRD.0.1.002][PV1.0][DV1.0].docx: Command '['C:\\Users\\koengo\\AppData\\Local\\Programs\\Python\\Python312\\python.exe', 'C:\\Users\\koengo\\OneDrive - Cegeka\\Documents\\Reusable Assets\\Products\\scripts\\extract_html.py', 'C:\\Users\\koengo\\Cegeka\\Product Management - Product Management Library\\Business Line - Cloud and Digital Platforms\\[0.1] Cegeka IBM Power Services & Solutions\\[PRD.0.1.002] Power AIX\\SD - Power AIX (PAAS) [PRD.0.1.002][PV1.0][DV1.0].docx']' returned non-zero exit status 1.
[2026-03-18 00:11:14] [TID:14484] START SD - Power AIX (PAAS) [PRD.0.1.002][PV1.0][DV1.0].docx
[2026-03-18 00:11:14] [TID:14484] Extracting HTML...
[2026-03-18 00:11:16] [TID:14484] ERROR SD - Power AIX (PAAS) [PRD.0.1.002][PV1.0][DV1.0].docx: Command '['C:\\Users\\koengo\\AppData\\Local\\Programs\\Python\\Python312\\python.exe', 'C:\\Users\\koengo\\OneDrive - Cegeka\\Documents\\Reusable Assets\\Products\\scripts\\extract_html.py', 'C:\\Users\\koengo\\Cegeka\\Product Management - Product Management Library\\Business Line - Cloud and Digital Platforms\\[0.1] Cegeka IBM Power Services & Solutions\\[PRD.0.1.002] Power AIX\\SD - Power AIX (PAAS) [PRD.0.1.002][PV1.0][DV1.0].docx']' returned non-zero exit status 1.
[2026-03-18 00:24:31] [TID:6152] START SD - Power AIX (PAAS) [PRD.0.1.002][PV1.0][DV1.0].docx
[2026-03-18 00:24:31] [TID:6152] [DEBUG] Running step: extract_html
[2026-03-18 00:24:31] [TID:6152] [DEBUG] Command: ['C:\\Users\\koengo\\AppData\\Local\\Programs\\Python\\Python312\\python.exe', 'C:\\Users\\koengo\\OneDrive - Cegeka\\Documents\\Reusable Assets\\Products\\scripts\\extract_html.py', 'C:\\Users\\koengo\\Cegeka\\Product Management - Product Management Library\\Business Line - Cloud and Digital Platforms\\[0.1] Cegeka IBM Power Services & Solutions\\[PRD.0.1.002] Power AIX\\SD - Power AIX (PAAS) [PRD.0.1.002][PV1.0][DV1.0].docx']
[2026-03-18 00:24:32] [TID:6152] [DEBUG][stderr] Traceback (most recent call last):
  File "C:\Users\koengo\OneDrive - Cegeka\Documents\Reusable Assets\Products\scripts\extract_html.py", line 17, in <module>
    print(f"\u2714 HTML saved \u2192 {out_file}")
  File "C:\Users\koengo\AppData\Local\Programs\Python\Python312\Lib\encodings\cp1252.py", line 19, in encode
    return codecs.charmap_encode(input,self.errors,encoding_table)[0]
           ^^^^^^^^^^^^^^^^^^^^^^^^^^^^^^^^^^^^^^^^^^^^^^^^^^^^^^^
UnicodeEncodeError: 'charmap' codec can't encode character '\u2714' in position 0: character maps to <undefined>

[2026-03-18 00:24:32] [TID:6152] ERROR SD - Power AIX (PAAS) [PRD.0.1.002][PV1.0][DV1.0].docx: [extract_html] FAILED with exit code 1
[2026-03-18 00:28:31] [TID:18548] START SD - Power AIX (PAAS) [PRD.0.1.002][PV1.0][DV1.0].docx
[2026-03-18 00:28:32] [TID:18548] [DEBUG] Running step: extract_html
[2026-03-18 00:28:32] [TID:18548] [DEBUG] Command: ['C:\\Users\\koengo\\AppData\\Local\\Programs\\Python\\Python312\\python.exe', 'C:\\Users\\koengo\\OneDrive - Cegeka\\Documents\\Reusable Assets\\Products\\scripts\\extract_html.py', 'C:\\Users\\koengo\\Cegeka\\Product Management - Product Management Library\\Business Line - Cloud and Digital Platforms\\[0.1] Cegeka IBM Power Services & Solutions\\[PRD.0.1.002] Power AIX\\SD - Power AIX (PAAS) [PRD.0.1.002][PV1.0][DV1.0].docx']
[2026-03-18 00:28:32] [TID:18548] [DEBUG][stderr] Traceback (most recent call last):
  File "C:\Users\koengo\OneDrive - Cegeka\Documents\Reusable Assets\Products\scripts\extract_html.py", line 17, in <module>
    print(f"\u2714 HTML saved \u2192 {out_file}")
  File "C:\Users\koengo\AppData\Local\Programs\Python\Python312\Lib\encodings\cp1252.py", line 19, in encode
    return codecs.charmap_encode(input,self.errors,encoding_table)[0]
           ^^^^^^^^^^^^^^^^^^^^^^^^^^^^^^^^^^^^^^^^^^^^^^^^^^^^^^^
UnicodeEncodeError: 'charmap' codec can't encode character '\u2714' in position 0: character maps to <undefined>

[2026-03-18 00:28:32] [TID:18548] ERROR SD - Power AIX (PAAS) [PRD.0.1.002][PV1.0][DV1.0].docx: [extract_html] FAILED with exit code 1
[2026-03-18 00:39:32] [TID:1172] START SD - Power AIX (PAAS) [PRD.0.1.002][PV1.0][DV1.0].docx
[2026-03-18 00:39:32] [TID:1172] [DEBUG] Running step: extract_html
[2026-03-18 00:39:32] [TID:1172] [DEBUG] Command: ['C:\\Users\\koengo\\AppData\\Local\\Programs\\Python\\Python312\\python.exe', 'C:\\Users\\koengo\\OneDrive - Cegeka\\Documents\\Reusable Assets\\Products\\scripts\\extract_html.py', 'C:\\Users\\koengo\\Cegeka\\Product Management - Product Management Library\\Business Line - Cloud and Digital Platforms\\[0.1] Cegeka IBM Power Services & Solutions\\[PRD.0.1.002] Power AIX\\SD - Power AIX (PAAS) [PRD.0.1.002][PV1.0][DV1.0].docx']
[2026-03-18 00:39:33] [TID:1172] [DEBUG][stderr] Traceback (most recent call last):
  File "C:\Users\koengo\OneDrive - Cegeka\Documents\Reusable Assets\Products\scripts\extract_html.py", line 17, in <module>
    print(f"\u2714 HTML saved \u2192 {out_file}")
  File "C:\Users\koengo\AppData\Local\Programs\Python\Python312\Lib\encodings\cp1252.py", line 19, in encode
    return codecs.charmap_encode(input,self.errors,encoding_table)[0]
           ^^^^^^^^^^^^^^^^^^^^^^^^^^^^^^^^^^^^^^^^^^^^^^^^^^^^^^^
UnicodeEncodeError: 'charmap' codec can't encode character '\u2714' in position 0: character maps to <undefined>

[2026-03-18 00:39:33] [TID:1172] ERROR SD - Power AIX (PAAS) [PRD.0.1.002][PV1.0][DV1.0].docx: [extract_html] FAILED with exit code 1
[2026-03-18 00:51:53] [TID:26580] START SD - Power AIX (PAAS) [PRD.0.1.002][PV1.0][DV1.0].docx
[2026-03-18 00:51:53] [TID:26580] [DEBUG] Running step: extract_html
[2026-03-18 00:51:53] [TID:26580] [DEBUG] Command: ['C:\\Users\\koengo\\AppData\\Local\\Programs\\Python\\Python312\\python.exe', 'C:\\Users\\koengo\\OneDrive - Cegeka\\Documents\\Reusable Assets\\Products\\scripts\\extract_html.py', 'C:\\Users\\koengo\\Cegeka\\Product Management - Product Management Library\\Business Line - Cloud and Digital Platforms\\[0.1] Cegeka IBM Power Services & Solutions\\[PRD.0.1.002] Power AIX\\SD - Power AIX (PAAS) [PRD.0.1.002][PV1.0][DV1.0].docx']
[2026-03-18 00:51:54] [TID:26580] [DEBUG][stdout] ✔ HTML saved for SD - Power AIX (PAAS) [PRD.0.1.002][PV1.0][DV1.0].docx

[2026-03-18 00:51:54] [TID:26580] [DEBUG] Step 'extract_html' OK
[2026-03-18 00:51:54] [TID:26580] [DEBUG] Running step: parse_html
[2026-03-18 00:51:54] [TID:26580] [DEBUG] Command: ['C:\\Users\\koengo\\AppData\\Local\\Programs\\Python\\Python312\\python.exe', 'C:\\Users\\koengo\\OneDrive - Cegeka\\Documents\\Reusable Assets\\Products\\scripts\\parse_html_sections.py', 'extracted_html\\SD - Power AIX (PAAS) [PRD.0.1.002][PV1.0][DV1.0].html']
[2026-03-18 00:51:54] [TID:26580] [DEBUG][stdout] ✔ Robust parsed → output\json\SD - Power AIX (PAAS) [PRD.0.1.002][PV1.0][DV1.0].json

[2026-03-18 00:51:54] [TID:26580] [DEBUG] Step 'parse_html' OK
[2026-03-18 00:51:54] [TID:26580] [DEBUG] Running step: auto_map
[2026-03-18 00:51:54] [TID:26580] [DEBUG] Command: ['C:\\Users\\koengo\\AppData\\Local\\Programs\\Python\\Python312\\python.exe', 'C:\\Users\\koengo\\OneDrive - Cegeka\\Documents\\Reusable Assets\\Products\\scripts\\auto_map_sections.py', 'output\\json\\SD - Power AIX (PAAS) [PRD.0.1.002][PV1.0][DV1.0].json']
[2026-03-18 00:51:55] [TID:26580] [DEBUG][stderr]   File "C:\Users\koengo\OneDrive - Cegeka\Documents\Reusable Assets\Products\scripts\auto_map_sections.py", line 26
    ``
    ^
SyntaxError: invalid syntax

[2026-03-18 00:51:55] [TID:26580] ERROR SD - Power AIX (PAAS) [PRD.0.1.002][PV1.0][DV1.0].docx: [auto_map] FAILED with exit code 1
[2026-03-18 01:01:11] [TID:19944] START SD - Power AIX (PAAS) [PRD.0.1.002][PV1.0][DV1.0].docx
[2026-03-18 01:01:11] [TID:19944] [DEBUG] Running step: extract_html
[2026-03-18 01:01:11] [TID:19944] [DEBUG] Command: ['C:\\Users\\koengo\\AppData\\Local\\Programs\\Python\\Python312\\python.exe', 'C:\\Users\\koengo\\OneDrive - Cegeka\\Documents\\Reusable Assets\\Products\\scripts\\extract_html.py', 'C:\\Users\\koengo\\Cegeka\\Product Management - Product Management Library\\Business Line - Cloud and Digital Platforms\\[0.1] Cegeka IBM Power Services & Solutions\\[PRD.0.1.002] Power AIX\\SD - Power AIX (PAAS) [PRD.0.1.002][PV1.0][DV1.0].docx']
[2026-03-18 01:01:12] [TID:19944] [DEBUG][stdout] ✔ HTML saved for SD - Power AIX (PAAS) [PRD.0.1.002][PV1.0][DV1.0].docx

[2026-03-18 01:01:12] [TID:19944] [DEBUG] Step 'extract_html' OK
[2026-03-18 01:01:12] [TID:19944] [DEBUG] Running step: parse_html
[2026-03-18 01:01:12] [TID:19944] [DEBUG] Command: ['C:\\Users\\koengo\\AppData\\Local\\Programs\\Python\\Python312\\python.exe', 'C:\\Users\\koengo\\OneDrive - Cegeka\\Documents\\Reusable Assets\\Products\\scripts\\parse_html_sections.py', 'extracted_html\\SD - Power AIX (PAAS) [PRD.0.1.002][PV1.0][DV1.0].html']
[2026-03-18 01:01:13] [TID:19944] [DEBUG][stdout] ✔ Robust parsed → output\json\SD - Power AIX (PAAS) [PRD.0.1.002][PV1.0][DV1.0].json

[2026-03-18 01:01:13] [TID:19944] [DEBUG] Step 'parse_html' OK
[2026-03-18 01:01:13] [TID:19944] [DEBUG] Running step: auto_map
[2026-03-18 01:01:13] [TID:19944] [DEBUG] Command: ['C:\\Users\\koengo\\AppData\\Local\\Programs\\Python\\Python312\\python.exe', 'C:\\Users\\koengo\\OneDrive - Cegeka\\Documents\\Reusable Assets\\Products\\scripts\\auto_map_sections.py', 'output\\json\\SD - Power AIX (PAAS) [PRD.0.1.002][PV1.0][DV1.0].json']
[2026-03-18 01:01:13] [TID:19944] [DEBUG][stderr]   File "C:\Users\koengo\OneDrive - Cegeka\Documents\Reusable Assets\Products\scripts\auto_map_sections.py", line 26
    ``
    ^
SyntaxError: invalid syntax

[2026-03-18 01:01:13] [TID:19944] ERROR SD - Power AIX (PAAS) [PRD.0.1.002][PV1.0][DV1.0].docx: [auto_map] FAILED with exit code 1
[2026-03-18 01:16:47] [TID:19856] START SD - Power AIX (PAAS) [PRD.0.1.002][PV1.0][DV1.0].docx
[2026-03-18 01:16:47] [TID:19856] [DEBUG] Running step: extract_html
[2026-03-18 01:16:47] [TID:19856] [DEBUG] Command: ['C:\\Users\\koengo\\AppData\\Local\\Programs\\Python\\Python312\\python.exe', 'C:\\Users\\koengo\\OneDrive - Cegeka\\Documents\\Reusable Assets\\Products\\scripts\\extract_html.py', 'C:\\Users\\koengo\\Cegeka\\Product Management - Product Management Library\\Business Line - Cloud and Digital Platforms\\[0.1] Cegeka IBM Power Services & Solutions\\[PRD.0.1.002] Power AIX\\SD - Power AIX (PAAS) [PRD.0.1.002][PV1.0][DV1.0].docx']
[2026-03-18 01:16:48] [TID:19856] [DEBUG][stdout] ✔ HTML saved for SD - Power AIX (PAAS) [PRD.0.1.002][PV1.0][DV1.0].docx

[2026-03-18 01:16:48] [TID:19856] [DEBUG] Step 'extract_html' OK
[2026-03-18 01:16:48] [TID:19856] [DEBUG] Running step: parse_html
[2026-03-18 01:16:48] [TID:19856] [DEBUG] Command: ['C:\\Users\\koengo\\AppData\\Local\\Programs\\Python\\Python312\\python.exe', 'C:\\Users\\koengo\\OneDrive - Cegeka\\Documents\\Reusable Assets\\Products\\scripts\\parse_html_sections.py', 'extracted_html\\SD - Power AIX (PAAS) [PRD.0.1.002][PV1.0][DV1.0].html']
[2026-03-18 01:16:49] [TID:19856] [DEBUG][stdout] ✔ Robust parsed → output\json\SD - Power AIX (PAAS) [PRD.0.1.002][PV1.0][DV1.0].json

[2026-03-18 01:16:49] [TID:19856] [DEBUG] Step 'parse_html' OK
[2026-03-18 01:16:49] [TID:19856] [DEBUG] Running step: auto_map
[2026-03-18 01:16:49] [TID:19856] [DEBUG] Command: ['C:\\Users\\koengo\\AppData\\Local\\Programs\\Python\\Python312\\python.exe', 'C:\\Users\\koengo\\OneDrive - Cegeka\\Documents\\Reusable Assets\\Products\\scripts\\auto_map_sections.py', 'output\\json\\SD - Power AIX (PAAS) [PRD.0.1.002][PV1.0][DV1.0].json']
[2026-03-18 01:16:49] [TID:19856] [DEBUG][stderr]   File "C:\Users\koengo\OneDrive - Cegeka\Documents\Reusable Assets\Products\scripts\auto_map_sections.py", line 26
    ``
    ^
SyntaxError: invalid syntax

[2026-03-18 01:16:49] [TID:19856] ERROR SD - Power AIX (PAAS) [PRD.0.1.002][PV1.0][DV1.0].docx: [auto_map] FAILED with exit code 1
[2026-03-18 01:30:47] [TID:2584] START SD - Power AIX (PAAS) [PRD.0.1.002][PV1.0][DV1.0].docx
[2026-03-18 01:30:47] [TID:2584] [DEBUG] Running step: extract_html
[2026-03-18 01:30:47] [TID:2584] [DEBUG] Command: ['C:\\Users\\koengo\\AppData\\Local\\Programs\\Python\\Python312\\python.exe', 'C:\\Users\\koengo\\OneDrive - Cegeka\\Documents\\Reusable Assets\\Products\\scripts\\extract_html.py', 'C:\\Users\\koengo\\Cegeka\\Product Management - Product Management Library\\Business Line - Cloud and Digital Platforms\\[0.1] Cegeka IBM Power Services & Solutions\\[PRD.0.1.002] Power AIX\\SD - Power AIX (PAAS) [PRD.0.1.002][PV1.0][DV1.0].docx']
[2026-03-18 01:30:47] [TID:2584] [DEBUG][stderr]   File "C:\Users\koengo\OneDrive - Cegeka\Documents\Reusable Assets\Products\scripts\extract_html.py", line 31
    ``
    ^
SyntaxError: invalid syntax

[2026-03-18 01:30:47] [TID:2584] ERROR SD - Power AIX (PAAS) [PRD.0.1.002][PV1.0][DV1.0].docx: [extract_html] FAILED with exit code 1
[2026-03-18 01:33:06] [TID:28000] START SD - Power AIX (PAAS) [PRD.0.1.002][PV1.0][DV1.0].docx
[2026-03-18 01:33:06] [TID:28000] [DEBUG] Running step: extract_html
[2026-03-18 01:33:06] [TID:28000] [DEBUG] Command: ['C:\\Users\\koengo\\AppData\\Local\\Programs\\Python\\Python312\\python.exe', 'C:\\Users\\koengo\\OneDrive - Cegeka\\Documents\\Reusable Assets\\Products\\scripts\\extract_html.py', 'C:\\Users\\koengo\\Cegeka\\Product Management - Product Management Library\\Business Line - Cloud and Digital Platforms\\[0.1] Cegeka IBM Power Services & Solutions\\[PRD.0.1.002] Power AIX\\SD - Power AIX (PAAS) [PRD.0.1.002][PV1.0][DV1.0].docx']
[2026-03-18 01:33:06] [TID:28000] [DEBUG][stdout] HTML saved: SD - Power AIX (PAAS) [PRD.0.1.002][PV1.0][DV1.0].html

[2026-03-18 01:33:06] [TID:28000] [DEBUG] Step 'extract_html' OK
[2026-03-18 01:33:06] [TID:28000] [DEBUG] Running step: parse_html
[2026-03-18 01:33:06] [TID:28000] [DEBUG] Command: ['C:\\Users\\koengo\\AppData\\Local\\Programs\\Python\\Python312\\python.exe', 'C:\\Users\\koengo\\OneDrive - Cegeka\\Documents\\Reusable Assets\\Products\\scripts\\parse_html_sections.py', 'extracted_html\\SD - Power AIX (PAAS) [PRD.0.1.002][PV1.0][DV1.0].html']
[2026-03-18 01:33:07] [TID:28000] [DEBUG][stdout] ✔ Robust parsed → output\json\SD - Power AIX (PAAS) [PRD.0.1.002][PV1.0][DV1.0].json

[2026-03-18 01:33:07] [TID:28000] [DEBUG] Step 'parse_html' OK
[2026-03-18 01:33:07] [TID:28000] [DEBUG] Running step: auto_map
[2026-03-18 01:33:07] [TID:28000] [DEBUG] Command: ['C:\\Users\\koengo\\AppData\\Local\\Programs\\Python\\Python312\\python.exe', 'C:\\Users\\koengo\\OneDrive - Cegeka\\Documents\\Reusable Assets\\Products\\scripts\\auto_map_sections.py', 'output\\json\\SD - Power AIX (PAAS) [PRD.0.1.002][PV1.0][DV1.0].json']
[2026-03-18 01:33:07] [TID:28000] [DEBUG][stderr]   File "C:\Users\koengo\OneDrive - Cegeka\Documents\Reusable Assets\Products\scripts\auto_map_sections.py", line 26
    ``
    ^
SyntaxError: invalid syntax

[2026-03-18 01:33:07] [TID:28000] ERROR SD - Power AIX (PAAS) [PRD.0.1.002][PV1.0][DV1.0].docx: [auto_map] FAILED with exit code 1
[2026-03-18 01:40:16] [TID:23252] START SD - Power AIX (PAAS) [PRD.0.1.002][PV1.0][DV1.0].docx
[2026-03-18 01:40:16] [TID:23252] [DEBUG] Running step: extract_html
[2026-03-18 01:40:16] [TID:23252] [DEBUG] Command: ['C:\\Users\\koengo\\AppData\\Local\\Programs\\Python\\Python312\\python.exe', 'C:\\Users\\koengo\\OneDrive - Cegeka\\Documents\\Reusable Assets\\Products\\scripts\\extract_html.py', 'C:\\Users\\koengo\\Cegeka\\Product Management - Product Management Library\\Business Line - Cloud and Digital Platforms\\[0.1] Cegeka IBM Power Services & Solutions\\[PRD.0.1.002] Power AIX\\SD - Power AIX (PAAS) [PRD.0.1.002][PV1.0][DV1.0].docx']
[2026-03-18 01:40:17] [TID:23252] [DEBUG][stdout] HTML saved: SD - Power AIX (PAAS) [PRD.0.1.002][PV1.0][DV1.0].html

[2026-03-18 01:40:17] [TID:23252] [DEBUG] Step 'extract_html' OK
[2026-03-18 01:40:17] [TID:23252] [DEBUG] Running step: parse_html
[2026-03-18 01:40:17] [TID:23252] [DEBUG] Command: ['C:\\Users\\koengo\\AppData\\Local\\Programs\\Python\\Python312\\python.exe', 'C:\\Users\\koengo\\OneDrive - Cegeka\\Documents\\Reusable Assets\\Products\\scripts\\parse_html_sections.py', 'extracted_html\\SD - Power AIX (PAAS) [PRD.0.1.002][PV1.0][DV1.0].html']
[2026-03-18 01:40:18] [TID:23252] [DEBUG][stdout] ✔ Robust parsed → output\json\SD - Power AIX (PAAS) [PRD.0.1.002][PV1.0][DV1.0].json

[2026-03-18 01:40:18] [TID:23252] [DEBUG] Step 'parse_html' OK
[2026-03-18 01:40:18] [TID:23252] [DEBUG] Running step: auto_map
[2026-03-18 01:40:18] [TID:23252] [DEBUG] Command: ['C:\\Users\\koengo\\AppData\\Local\\Programs\\Python\\Python312\\python.exe', 'C:\\Users\\koengo\\OneDrive - Cegeka\\Documents\\Reusable Assets\\Products\\scripts\\auto_map_sections.py', 'output\\json\\SD - Power AIX (PAAS) [PRD.0.1.002][PV1.0][DV1.0].json']
[2026-03-18 01:40:18] [TID:23252] [DEBUG][stderr]   File "C:\Users\koengo\OneDrive - Cegeka\Documents\Reusable Assets\Products\scripts\auto_map_sections.py", line 26
    ``
    ^
SyntaxError: invalid syntax

[2026-03-18 01:40:18] [TID:23252] ERROR SD - Power AIX (PAAS) [PRD.0.1.002][PV1.0][DV1.0].docx: [auto_map] FAILED with exit code 1
