[2026-03-17 23:34:00] [TID:19352] Start processing SD: SD - Cegeka Cloud - Secure Mail [PRD.0.L.159][PV0.8][DV1.0].docx
[2026-03-17 23:34:00] [TID:19352] Extracting HTML...
[2026-03-17 23:34:01] [TID:19352] ERROR SD - Cegeka Cloud - Secure Mail [PRD.0.L.159][PV0.8][DV1.0].docx: Command '['C:\\Users\\koengo\\AppData\\Local\\Programs\\Python\\Python312\\python.exe', 'C:\\Users\\koengo\\OneDrive - Cegeka\\Documents\\Reusable Assets\\Products\\scripts\\extract_html.py', 'C:\\Users\\koengo\\Cegeka\\Product Management - Product Management Library\\Business Line - Cloud and Digital Platforms\\[0.L] Outsourcing Services\\SD - Cegeka Cloud - Secure Mail [PRD.0.L.159][PV0.8][DV1.0].docx']' returned non-zero exit status 1.
[2026-03-17 23:39:21] [TID:7988] START SD - Cegeka Cloud - Secure Mail [PRD.0.L.159][PV0.8][DV1.0].docx
[2026-03-17 23:39:22] [TID:7988] Extracting HTML...
[2026-03-17 23:39:22] [TID:7988] ERROR SD - Cegeka Cloud - Secure Mail [PRD.0.L.159][PV0.8][DV1.0].docx: Command '['C:\\Users\\koengo\\AppData\\Local\\Programs\\Python\\Python312\\python.exe', 'C:\\Users\\koengo\\OneDrive - Cegeka\\Documents\\Reusable Assets\\Products\\scripts\\extract_html.py', 'C:\\Users\\koengo\\Cegeka\\Product Management - Product Management Library\\Business Line - Cloud and Digital Platforms\\[0.L] Outsourcing Services\\SD - Cegeka Cloud - Secure Mail [PRD.0.L.159][PV0.8][DV1.0].docx']' returned non-zero exit status 1.
[2026-03-17 23:44:33] [TID:26032] START SD - Cegeka Cloud - Secure Mail [PRD.0.L.159][PV0.8][DV1.0].docx
[2026-03-17 23:44:34] [TID:26032] Extracting HTML...
[2026-03-17 23:44:35] [TID:26032] ERROR SD - Cegeka Cloud - Secure Mail [PRD.0.L.159][PV0.8][DV1.0].docx: Command '['C:\\Users\\koengo\\AppData\\Local\\Programs\\Python\\Python312\\python.exe', 'C:\\Users\\koengo\\OneDrive - Cegeka\\Documents\\Reusable Assets\\Products\\scripts\\extract_html.py', 'C:\\Users\\koengo\\Cegeka\\Product Management - Product Management Library\\Business Line - Cloud and Digital Platforms\\[0.L] Outsourcing Services\\SD - Cegeka Cloud - Secure Mail [PRD.0.L.159][PV0.8][DV1.0].docx']' returned non-zero exit status 1.
[2026-03-17 23:47:00] [TID:12148] START SD - Cegeka Cloud - Secure Mail [PRD.0.L.159][PV0.8][DV1.0].docx
[2026-03-17 23:47:00] [TID:12148] Extracting HTML...
[2026-03-17 23:47:01] [TID:12148] ERROR SD - Cegeka Cloud - Secure Mail [PRD.0.L.159][PV0.8][DV1.0].docx: Command '['C:\\Users\\koengo\\AppData\\Local\\Programs\\Python\\Python312\\python.exe', 'C:\\Users\\koengo\\OneDrive - Cegeka\\Documents\\Reusable Assets\\Products\\scripts\\extract_html.py', 'C:\\Users\\koengo\\Cegeka\\Product Management - Product Management Library\\Business Line - Cloud and Digital Platforms\\[0.L] Outsourcing Services\\SD - Cegeka Cloud - Secure Mail [PRD.0.L.159][PV0.8][DV1.0].docx']' returned non-zero exit status 1.
[2026-03-17 23:54:30] [TID:28188] START SD - Cegeka Cloud - Secure Mail [PRD.0.L.159][PV0.8][DV1.0].docx
[2026-03-17 23:54:31] [TID:28188] Extracting HTML...
[2026-03-17 23:54:32] [TID:28188] ERROR SD - Cegeka Cloud - Secure Mail [PRD.0.L.159][PV0.8][DV1.0].docx: Command '['C:\\Users\\koengo\\AppData\\Local\\Programs\\Python\\Python312\\python.exe', 'C:\\Users\\koengo\\OneDrive - Cegeka\\Documents\\Reusable Assets\\Products\\scripts\\extract_html.py', 'C:\\Users\\koengo\\Cegeka\\Product Management - Product Management Library\\Business Line - Cloud and Digital Platforms\\[0.L] Outsourcing Services\\SD - Cegeka Cloud - Secure Mail [PRD.0.L.159][PV0.8][DV1.0].docx']' returned non-zero exit status 1.
[2026-03-18 00:01:56] [TID:23568] START SD - Cegeka Cloud - Secure Mail [PRD.0.L.159][PV0.8][DV1.0].docx
[2026-03-18 00:01:57] [TID:23568] Extracting HTML...
[2026-03-18 00:01:58] [TID:23568] ERROR SD - Cegeka Cloud - Secure Mail [PRD.0.L.159][PV0.8][DV1.0].docx: Command '['C:\\Users\\koengo\\AppData\\Local\\Programs\\Python\\Python312\\python.exe', 'C:\\Users\\koengo\\OneDrive - Cegeka\\Documents\\Reusable Assets\\Products\\scripts\\extract_html.py', 'C:\\Users\\koengo\\Cegeka\\Product Management - Product Management Library\\Business Line - Cloud and Digital Platforms\\[0.L] Outsourcing Services\\SD - Cegeka Cloud - Secure Mail [PRD.0.L.159][PV0.8][DV1.0].docx']' returned non-zero exit status 1.
[2026-03-18 00:11:07] [TID:15816] START SD - Cegeka Cloud - Secure Mail [PRD.0.L.159][PV0.8][DV1.0].docx
[2026-03-18 00:11:08] [TID:15816] Extracting HTML...
[2026-03-18 00:11:09] [TID:15816] ERROR SD - Cegeka Cloud - Secure Mail [PRD.0.L.159][PV0.8][DV1.0].docx: Command '['C:\\Users\\koengo\\AppData\\Local\\Programs\\Python\\Python312\\python.exe', 'C:\\Users\\koengo\\OneDrive - Cegeka\\Documents\\Reusable Assets\\Products\\scripts\\extract_html.py', 'C:\\Users\\koengo\\Cegeka\\Product Management - Product Management Library\\Business Line - Cloud and Digital Platforms\\[0.L] Outsourcing Services\\SD - Cegeka Cloud - Secure Mail [PRD.0.L.159][PV0.8][DV1.0].docx']' returned non-zero exit status 1.
[2026-03-18 00:24:20] [TID:4384] START SD - Cegeka Cloud - Secure Mail [PRD.0.L.159][PV0.8][DV1.0].docx
[2026-03-18 00:24:20] [TID:4384] [DEBUG] Running step: extract_html
[2026-03-18 00:24:20] [TID:4384] [DEBUG] Command: ['C:\\Users\\koengo\\AppData\\Local\\Programs\\Python\\Python312\\python.exe', 'C:\\Users\\koengo\\OneDrive - Cegeka\\Documents\\Reusable Assets\\Products\\scripts\\extract_html.py', 'C:\\Users\\koengo\\Cegeka\\Product Management - Product Management Library\\Business Line - Cloud and Digital Platforms\\[0.L] Outsourcing Services\\SD - Cegeka Cloud - Secure Mail [PRD.0.L.159][PV0.8][DV1.0].docx']
[2026-03-18 00:24:21] [TID:4384] [DEBUG][stderr] Traceback (most recent call last):
  File "C:\Users\koengo\OneDrive - Cegeka\Documents\Reusable Assets\Products\scripts\extract_html.py", line 17, in <module>
    print(f"\u2714 HTML saved \u2192 {out_file}")
  File "C:\Users\koengo\AppData\Local\Programs\Python\Python312\Lib\encodings\cp1252.py", line 19, in encode
    return codecs.charmap_encode(input,self.errors,encoding_table)[0]
           ^^^^^^^^^^^^^^^^^^^^^^^^^^^^^^^^^^^^^^^^^^^^^^^^^^^^^^^
UnicodeEncodeError: 'charmap' codec can't encode character '\u2714' in position 0: character maps to <undefined>

[2026-03-18 00:24:21] [TID:4384] ERROR SD - Cegeka Cloud - Secure Mail [PRD.0.L.159][PV0.8][DV1.0].docx: [extract_html] FAILED with exit code 1
[2026-03-18 00:28:22] [TID:18548] START SD - Cegeka Cloud - Secure Mail [PRD.0.L.159][PV0.8][DV1.0].docx
[2026-03-18 00:28:22] [TID:18548] [DEBUG] Running step: extract_html
[2026-03-18 00:28:22] [TID:18548] [DEBUG] Command: ['C:\\Users\\koengo\\AppData\\Local\\Programs\\Python\\Python312\\python.exe', 'C:\\Users\\koengo\\OneDrive - Cegeka\\Documents\\Reusable Assets\\Products\\scripts\\extract_html.py', 'C:\\Users\\koengo\\Cegeka\\Product Management - Product Management Library\\Business Line - Cloud and Digital Platforms\\[0.L] Outsourcing Services\\SD - Cegeka Cloud - Secure Mail [PRD.0.L.159][PV0.8][DV1.0].docx']
[2026-03-18 00:28:23] [TID:18548] [DEBUG][stderr] Traceback (most recent call last):
  File "C:\Users\koengo\OneDrive - Cegeka\Documents\Reusable Assets\Products\scripts\extract_html.py", line 17, in <module>
    print(f"\u2714 HTML saved \u2192 {out_file}")
  File "C:\Users\koengo\AppData\Local\Programs\Python\Python312\Lib\encodings\cp1252.py", line 19, in encode
    return codecs.charmap_encode(input,self.errors,encoding_table)[0]
           ^^^^^^^^^^^^^^^^^^^^^^^^^^^^^^^^^^^^^^^^^^^^^^^^^^^^^^^
UnicodeEncodeError: 'charmap' codec can't encode character '\u2714' in position 0: character maps to <undefined>

[2026-03-18 00:28:23] [TID:18548] ERROR SD - Cegeka Cloud - Secure Mail [PRD.0.L.159][PV0.8][DV1.0].docx: [extract_html] FAILED with exit code 1
[2026-03-18 00:39:22] [TID:3812] START SD - Cegeka Cloud - Secure Mail [PRD.0.L.159][PV0.8][DV1.0].docx
[2026-03-18 00:39:22] [TID:3812] [DEBUG] Running step: extract_html
[2026-03-18 00:39:22] [TID:3812] [DEBUG] Command: ['C:\\Users\\koengo\\AppData\\Local\\Programs\\Python\\Python312\\python.exe', 'C:\\Users\\koengo\\OneDrive - Cegeka\\Documents\\Reusable Assets\\Products\\scripts\\extract_html.py', 'C:\\Users\\koengo\\Cegeka\\Product Management - Product Management Library\\Business Line - Cloud and Digital Platforms\\[0.L] Outsourcing Services\\SD - Cegeka Cloud - Secure Mail [PRD.0.L.159][PV0.8][DV1.0].docx']
[2026-03-18 00:39:23] [TID:3812] [DEBUG][stderr] Traceback (most recent call last):
  File "C:\Users\koengo\OneDrive - Cegeka\Documents\Reusable Assets\Products\scripts\extract_html.py", line 17, in <module>
    print(f"\u2714 HTML saved \u2192 {out_file}")
  File "C:\Users\koengo\AppData\Local\Programs\Python\Python312\Lib\encodings\cp1252.py", line 19, in encode
    return codecs.charmap_encode(input,self.errors,encoding_table)[0]
           ^^^^^^^^^^^^^^^^^^^^^^^^^^^^^^^^^^^^^^^^^^^^^^^^^^^^^^^
UnicodeEncodeError: 'charmap' codec can't encode character '\u2714' in position 0: character maps to <undefined>

[2026-03-18 00:39:23] [TID:3812] ERROR SD - Cegeka Cloud - Secure Mail [PRD.0.L.159][PV0.8][DV1.0].docx: [extract_html] FAILED with exit code 1
[2026-03-18 00:51:42] [TID:1204] START SD - Cegeka Cloud - Secure Mail [PRD.0.L.159][PV0.8][DV1.0].docx
[2026-03-18 00:51:42] [TID:1204] [DEBUG] Running step: extract_html
[2026-03-18 00:51:42] [TID:1204] [DEBUG] Command: ['C:\\Users\\koengo\\AppData\\Local\\Programs\\Python\\Python312\\python.exe', 'C:\\Users\\koengo\\OneDrive - Cegeka\\Documents\\Reusable Assets\\Products\\scripts\\extract_html.py', 'C:\\Users\\koengo\\Cegeka\\Product Management - Product Management Library\\Business Line - Cloud and Digital Platforms\\[0.L] Outsourcing Services\\SD - Cegeka Cloud - Secure Mail [PRD.0.L.159][PV0.8][DV1.0].docx']
[2026-03-18 00:51:42] [TID:1204] [DEBUG][stdout] ✔ HTML saved for SD - Cegeka Cloud - Secure Mail [PRD.0.L.159][PV0.8][DV1.0].docx

[2026-03-18 00:51:42] [TID:1204] [DEBUG] Step 'extract_html' OK
[2026-03-18 00:51:42] [TID:1204] [DEBUG] Running step: parse_html
[2026-03-18 00:51:42] [TID:1204] [DEBUG] Command: ['C:\\Users\\koengo\\AppData\\Local\\Programs\\Python\\Python312\\python.exe', 'C:\\Users\\koengo\\OneDrive - Cegeka\\Documents\\Reusable Assets\\Products\\scripts\\parse_html_sections.py', 'extracted_html\\SD - Cegeka Cloud - Secure Mail [PRD.0.L.159][PV0.8][DV1.0].html']
[2026-03-18 00:51:43] [TID:1204] [DEBUG][stdout] ✔ Robust parsed → output\json\SD - Cegeka Cloud - Secure Mail [PRD.0.L.159][PV0.8][DV1.0].json

[2026-03-18 00:51:43] [TID:1204] [DEBUG] Step 'parse_html' OK
[2026-03-18 00:51:43] [TID:1204] [DEBUG] Running step: auto_map
[2026-03-18 00:51:43] [TID:1204] [DEBUG] Command: ['C:\\Users\\koengo\\AppData\\Local\\Programs\\Python\\Python312\\python.exe', 'C:\\Users\\koengo\\OneDrive - Cegeka\\Documents\\Reusable Assets\\Products\\scripts\\auto_map_sections.py', 'output\\json\\SD - Cegeka Cloud - Secure Mail [PRD.0.L.159][PV0.8][DV1.0].json']
[2026-03-18 00:51:43] [TID:1204] [DEBUG][stderr]   File "C:\Users\koengo\OneDrive - Cegeka\Documents\Reusable Assets\Products\scripts\auto_map_sections.py", line 26
    ``
    ^
SyntaxError: invalid syntax

[2026-03-18 00:51:43] [TID:1204] ERROR SD - Cegeka Cloud - Secure Mail [PRD.0.L.159][PV0.8][DV1.0].docx: [auto_map] FAILED with exit code 1
[2026-03-18 01:00:59] [TID:22128] START SD - Cegeka Cloud - Secure Mail [PRD.0.L.159][PV0.8][DV1.0].docx
[2026-03-18 01:00:59] [TID:22128] [DEBUG] Running step: extract_html
[2026-03-18 01:00:59] [TID:22128] [DEBUG] Command: ['C:\\Users\\koengo\\AppData\\Local\\Programs\\Python\\Python312\\python.exe', 'C:\\Users\\koengo\\OneDrive - Cegeka\\Documents\\Reusable Assets\\Products\\scripts\\extract_html.py', 'C:\\Users\\koengo\\Cegeka\\Product Management - Product Management Library\\Business Line - Cloud and Digital Platforms\\[0.L] Outsourcing Services\\SD - Cegeka Cloud - Secure Mail [PRD.0.L.159][PV0.8][DV1.0].docx']
[2026-03-18 01:00:59] [TID:22128] [DEBUG][stdout] ✔ HTML saved for SD - Cegeka Cloud - Secure Mail [PRD.0.L.159][PV0.8][DV1.0].docx

[2026-03-18 01:00:59] [TID:22128] [DEBUG] Step 'extract_html' OK
[2026-03-18 01:00:59] [TID:22128] [DEBUG] Running step: parse_html
[2026-03-18 01:00:59] [TID:22128] [DEBUG] Command: ['C:\\Users\\koengo\\AppData\\Local\\Programs\\Python\\Python312\\python.exe', 'C:\\Users\\koengo\\OneDrive - Cegeka\\Documents\\Reusable Assets\\Products\\scripts\\parse_html_sections.py', 'extracted_html\\SD - Cegeka Cloud - Secure Mail [PRD.0.L.159][PV0.8][DV1.0].html']
[2026-03-18 01:01:00] [TID:22128] [DEBUG][stdout] ✔ Robust parsed → output\json\SD - Cegeka Cloud - Secure Mail [PRD.0.L.159][PV0.8][DV1.0].json

[2026-03-18 01:01:00] [TID:22128] [DEBUG] Step 'parse_html' OK
[2026-03-18 01:01:00] [TID:22128] [DEBUG] Running step: auto_map
[2026-03-18 01:01:00] [TID:22128] [DEBUG] Command: ['C:\\Users\\koengo\\AppData\\Local\\Programs\\Python\\Python312\\python.exe', 'C:\\Users\\koengo\\OneDrive - Cegeka\\Documents\\Reusable Assets\\Products\\scripts\\auto_map_sections.py', 'output\\json\\SD - Cegeka Cloud - Secure Mail [PRD.0.L.159][PV0.8][DV1.0].json']
[2026-03-18 01:01:00] [TID:22128] [DEBUG][stderr]   File "C:\Users\koengo\OneDrive - Cegeka\Documents\Reusable Assets\Products\scripts\auto_map_sections.py", line 26
    ``
    ^
SyntaxError: invalid syntax

[2026-03-18 01:01:00] [TID:22128] ERROR SD - Cegeka Cloud - Secure Mail [PRD.0.L.159][PV0.8][DV1.0].docx: [auto_map] FAILED with exit code 1
[2026-03-18 01:16:34] [TID:19856] START SD - Cegeka Cloud - Secure Mail [PRD.0.L.159][PV0.8][DV1.0].docx
[2026-03-18 01:16:34] [TID:19856] [DEBUG] Running step: extract_html
[2026-03-18 01:16:34] [TID:19856] [DEBUG] Command: ['C:\\Users\\koengo\\AppData\\Local\\Programs\\Python\\Python312\\python.exe', 'C:\\Users\\koengo\\OneDrive - Cegeka\\Documents\\Reusable Assets\\Products\\scripts\\extract_html.py', 'C:\\Users\\koengo\\Cegeka\\Product Management - Product Management Library\\Business Line - Cloud and Digital Platforms\\[0.L] Outsourcing Services\\SD - Cegeka Cloud - Secure Mail [PRD.0.L.159][PV0.8][DV1.0].docx']
[2026-03-18 01:16:35] [TID:19856] [DEBUG][stdout] ✔ HTML saved for SD - Cegeka Cloud - Secure Mail [PRD.0.L.159][PV0.8][DV1.0].docx

[2026-03-18 01:16:35] [TID:19856] [DEBUG] Step 'extract_html' OK
[2026-03-18 01:16:35] [TID:19856] [DEBUG] Running step: parse_html
[2026-03-18 01:16:35] [TID:19856] [DEBUG] Command: ['C:\\Users\\koengo\\AppData\\Local\\Programs\\Python\\Python312\\python.exe', 'C:\\Users\\koengo\\OneDrive - Cegeka\\Documents\\Reusable Assets\\Products\\scripts\\parse_html_sections.py', 'extracted_html\\SD - Cegeka Cloud - Secure Mail [PRD.0.L.159][PV0.8][DV1.0].html']
[2026-03-18 01:16:36] [TID:19856] [DEBUG][stdout] ✔ Robust parsed → output\json\SD - Cegeka Cloud - Secure Mail [PRD.0.L.159][PV0.8][DV1.0].json

[2026-03-18 01:16:36] [TID:19856] [DEBUG] Step 'parse_html' OK
[2026-03-18 01:16:36] [TID:19856] [DEBUG] Running step: auto_map
[2026-03-18 01:16:36] [TID:19856] [DEBUG] Command: ['C:\\Users\\koengo\\AppData\\Local\\Programs\\Python\\Python312\\python.exe', 'C:\\Users\\koengo\\OneDrive - Cegeka\\Documents\\Reusable Assets\\Products\\scripts\\auto_map_sections.py', 'output\\json\\SD - Cegeka Cloud - Secure Mail [PRD.0.L.159][PV0.8][DV1.0].json']
[2026-03-18 01:16:36] [TID:19856] [DEBUG][stderr]   File "C:\Users\koengo\OneDrive - Cegeka\Documents\Reusable Assets\Products\scripts\auto_map_sections.py", line 26
    ``
    ^
SyntaxError: invalid syntax

[2026-03-18 01:16:36] [TID:19856] ERROR SD - Cegeka Cloud - Secure Mail [PRD.0.L.159][PV0.8][DV1.0].docx: [auto_map] FAILED with exit code 1
[2026-03-18 01:30:47] [TID:940] START SD - Cegeka Cloud - Secure Mail [PRD.0.L.159][PV0.8][DV1.0].docx
[2026-03-18 01:30:47] [TID:940] [DEBUG] Running step: extract_html
[2026-03-18 01:30:47] [TID:940] [DEBUG] Command: ['C:\\Users\\koengo\\AppData\\Local\\Programs\\Python\\Python312\\python.exe', 'C:\\Users\\koengo\\OneDrive - Cegeka\\Documents\\Reusable Assets\\Products\\scripts\\extract_html.py', 'C:\\Users\\koengo\\Cegeka\\Product Management - Product Management Library\\Business Line - Cloud and Digital Platforms\\[0.L] Outsourcing Services\\SD - Cegeka Cloud - Secure Mail [PRD.0.L.159][PV0.8][DV1.0].docx']
[2026-03-18 01:30:47] [TID:940] [DEBUG][stderr]   File "C:\Users\koengo\OneDrive - Cegeka\Documents\Reusable Assets\Products\scripts\extract_html.py", line 31
    ``
    ^
SyntaxError: invalid syntax

[2026-03-18 01:30:47] [TID:940] ERROR SD - Cegeka Cloud - Secure Mail [PRD.0.L.159][PV0.8][DV1.0].docx: [extract_html] FAILED with exit code 1
[2026-03-18 01:32:54] [TID:16984] START SD - Cegeka Cloud - Secure Mail [PRD.0.L.159][PV0.8][DV1.0].docx
[2026-03-18 01:32:54] [TID:16984] [DEBUG] Running step: extract_html
[2026-03-18 01:32:54] [TID:16984] [DEBUG] Command: ['C:\\Users\\koengo\\AppData\\Local\\Programs\\Python\\Python312\\python.exe', 'C:\\Users\\koengo\\OneDrive - Cegeka\\Documents\\Reusable Assets\\Products\\scripts\\extract_html.py', 'C:\\Users\\koengo\\Cegeka\\Product Management - Product Management Library\\Business Line - Cloud and Digital Platforms\\[0.L] Outsourcing Services\\SD - Cegeka Cloud - Secure Mail [PRD.0.L.159][PV0.8][DV1.0].docx']
[2026-03-18 01:32:54] [TID:16984] [DEBUG][stdout] HTML saved: SD - Cegeka Cloud - Secure Mail [PRD.0.L.159][PV0.8][DV1.0].html

[2026-03-18 01:32:54] [TID:16984] [DEBUG] Step 'extract_html' OK
[2026-03-18 01:32:54] [TID:16984] [DEBUG] Running step: parse_html
[2026-03-18 01:32:54] [TID:16984] [DEBUG] Command: ['C:\\Users\\koengo\\AppData\\Local\\Programs\\Python\\Python312\\python.exe', 'C:\\Users\\koengo\\OneDrive - Cegeka\\Documents\\Reusable Assets\\Products\\scripts\\parse_html_sections.py', 'extracted_html\\SD - Cegeka Cloud - Secure Mail [PRD.0.L.159][PV0.8][DV1.0].html']
[2026-03-18 01:32:55] [TID:16984] [DEBUG][stdout] ✔ Robust parsed → output\json\SD - Cegeka Cloud - Secure Mail [PRD.0.L.159][PV0.8][DV1.0].json

[2026-03-18 01:32:55] [TID:16984] [DEBUG] Step 'parse_html' OK
[2026-03-18 01:32:55] [TID:16984] [DEBUG] Running step: auto_map
[2026-03-18 01:32:55] [TID:16984] [DEBUG] Command: ['C:\\Users\\koengo\\AppData\\Local\\Programs\\Python\\Python312\\python.exe', 'C:\\Users\\koengo\\OneDrive - Cegeka\\Documents\\Reusable Assets\\Products\\scripts\\auto_map_sections.py', 'output\\json\\SD - Cegeka Cloud - Secure Mail [PRD.0.L.159][PV0.8][DV1.0].json']
[2026-03-18 01:32:55] [TID:16984] [DEBUG][stderr]   File "C:\Users\koengo\OneDrive - Cegeka\Documents\Reusable Assets\Products\scripts\auto_map_sections.py", line 26
    ``
    ^
SyntaxError: invalid syntax

[2026-03-18 01:32:55] [TID:16984] ERROR SD - Cegeka Cloud - Secure Mail [PRD.0.L.159][PV0.8][DV1.0].docx: [auto_map] FAILED with exit code 1
[2026-03-18 01:40:05] [TID:23252] START SD - Cegeka Cloud - Secure Mail [PRD.0.L.159][PV0.8][DV1.0].docx
[2026-03-18 01:40:05] [TID:23252] [DEBUG] Running step: extract_html
[2026-03-18 01:40:05] [TID:23252] [DEBUG] Command: ['C:\\Users\\koengo\\AppData\\Local\\Programs\\Python\\Python312\\python.exe', 'C:\\Users\\koengo\\OneDrive - Cegeka\\Documents\\Reusable Assets\\Products\\scripts\\extract_html.py', 'C:\\Users\\koengo\\Cegeka\\Product Management - Product Management Library\\Business Line - Cloud and Digital Platforms\\[0.L] Outsourcing Services\\SD - Cegeka Cloud - Secure Mail [PRD.0.L.159][PV0.8][DV1.0].docx']
[2026-03-18 01:40:06] [TID:23252] [DEBUG][stdout] HTML saved: SD - Cegeka Cloud - Secure Mail [PRD.0.L.159][PV0.8][DV1.0].html

[2026-03-18 01:40:06] [TID:23252] [DEBUG] Step 'extract_html' OK
[2026-03-18 01:40:06] [TID:23252] [DEBUG] Running step: parse_html
[2026-03-18 01:40:06] [TID:23252] [DEBUG] Command: ['C:\\Users\\koengo\\AppData\\Local\\Programs\\Python\\Python312\\python.exe', 'C:\\Users\\koengo\\OneDrive - Cegeka\\Documents\\Reusable Assets\\Products\\scripts\\parse_html_sections.py', 'extracted_html\\SD - Cegeka Cloud - Secure Mail [PRD.0.L.159][PV0.8][DV1.0].html']
[2026-03-18 01:40:06] [TID:23252] [DEBUG][stdout] ✔ Robust parsed → output\json\SD - Cegeka Cloud - Secure Mail [PRD.0.L.159][PV0.8][DV1.0].json

[2026-03-18 01:40:06] [TID:23252] [DEBUG] Step 'parse_html' OK
[2026-03-18 01:40:06] [TID:23252] [DEBUG] Running step: auto_map
[2026-03-18 01:40:06] [TID:23252] [DEBUG] Command: ['C:\\Users\\koengo\\AppData\\Local\\Programs\\Python\\Python312\\python.exe', 'C:\\Users\\koengo\\OneDrive - Cegeka\\Documents\\Reusable Assets\\Products\\scripts\\auto_map_sections.py', 'output\\json\\SD - Cegeka Cloud - Secure Mail [PRD.0.L.159][PV0.8][DV1.0].json']
[2026-03-18 01:40:06] [TID:23252] [DEBUG][stderr]   File "C:\Users\koengo\OneDrive - Cegeka\Documents\Reusable Assets\Products\scripts\auto_map_sections.py", line 26
    ``
    ^
SyntaxError: invalid syntax

[2026-03-18 01:40:06] [TID:23252] ERROR SD - Cegeka Cloud - Secure Mail [PRD.0.L.159][PV0.8][DV1.0].docx: [auto_map] FAILED with exit code 1
