[2026-03-17 23:34:17] [TID:21548] Start processing SD: SD - Cegeka Modern SOC - DFIR - EU [PRD.4.3.008][PV2.0][DV1.0].docx
[2026-03-17 23:34:17] [TID:21548] Extracting HTML...
[2026-03-17 23:34:18] [TID:21548] ERROR SD - Cegeka Modern SOC - DFIR - EU [PRD.4.3.008][PV2.0][DV1.0].docx: Command '['C:\\Users\\koengo\\AppData\\Local\\Programs\\Python\\Python312\\python.exe', 'C:\\Users\\koengo\\OneDrive - Cegeka\\Documents\\Reusable Assets\\Products\\scripts\\extract_html.py', 'C:\\Users\\koengo\\Cegeka\\Product Management - Product Management Library\\Business Line - Security & Compliance\\[4.1] Cybersecurity\\[PRD.4.3.008] Cegeka Modern SOC\\SD - Cegeka Modern SOC - DFIR - EU [PRD.4.3.008][PV2.0][DV1.0].docx']' returned non-zero exit status 1.
[2026-03-17 23:39:37] [TID:13704] START SD - Cegeka Modern SOC - DFIR - EU [PRD.4.3.008][PV2.0][DV1.0].docx
[2026-03-17 23:39:38] [TID:13704] Extracting HTML...
[2026-03-17 23:39:39] [TID:13704] ERROR SD - Cegeka Modern SOC - DFIR - EU [PRD.4.3.008][PV2.0][DV1.0].docx: Command '['C:\\Users\\koengo\\AppData\\Local\\Programs\\Python\\Python312\\python.exe', 'C:\\Users\\koengo\\OneDrive - Cegeka\\Documents\\Reusable Assets\\Products\\scripts\\extract_html.py', 'C:\\Users\\koengo\\Cegeka\\Product Management - Product Management Library\\Business Line - Security & Compliance\\[4.1] Cybersecurity\\[PRD.4.3.008] Cegeka Modern SOC\\SD - Cegeka Modern SOC - DFIR - EU [PRD.4.3.008][PV2.0][DV1.0].docx']' returned non-zero exit status 1.
[2026-03-17 23:44:49] [TID:22212] START SD - Cegeka Modern SOC - DFIR - EU [PRD.4.3.008][PV2.0][DV1.0].docx
[2026-03-17 23:44:49] [TID:22212] Extracting HTML...
[2026-03-17 23:44:50] [TID:22212] ERROR SD - Cegeka Modern SOC - DFIR - EU [PRD.4.3.008][PV2.0][DV1.0].docx: Command '['C:\\Users\\koengo\\AppData\\Local\\Programs\\Python\\Python312\\python.exe', 'C:\\Users\\koengo\\OneDrive - Cegeka\\Documents\\Reusable Assets\\Products\\scripts\\extract_html.py', 'C:\\Users\\koengo\\Cegeka\\Product Management - Product Management Library\\Business Line - Security & Compliance\\[4.1] Cybersecurity\\[PRD.4.3.008] Cegeka Modern SOC\\SD - Cegeka Modern SOC - DFIR - EU [PRD.4.3.008][PV2.0][DV1.0].docx']' returned non-zero exit status 1.
[2026-03-17 23:47:17] [TID:17696] START SD - Cegeka Modern SOC - DFIR - EU [PRD.4.3.008][PV2.0][DV1.0].docx
[2026-03-17 23:47:17] [TID:17696] Extracting HTML...
[2026-03-17 23:47:18] [TID:17696] ERROR SD - Cegeka Modern SOC - DFIR - EU [PRD.4.3.008][PV2.0][DV1.0].docx: Command '['C:\\Users\\koengo\\AppData\\Local\\Programs\\Python\\Python312\\python.exe', 'C:\\Users\\koengo\\OneDrive - Cegeka\\Documents\\Reusable Assets\\Products\\scripts\\extract_html.py', 'C:\\Users\\koengo\\Cegeka\\Product Management - Product Management Library\\Business Line - Security & Compliance\\[4.1] Cybersecurity\\[PRD.4.3.008] Cegeka Modern SOC\\SD - Cegeka Modern SOC - DFIR - EU [PRD.4.3.008][PV2.0][DV1.0].docx']' returned non-zero exit status 1.
[2026-03-17 23:54:47] [TID:21020] START SD - Cegeka Modern SOC - DFIR - EU [PRD.4.3.008][PV2.0][DV1.0].docx
[2026-03-17 23:54:48] [TID:21020] Extracting HTML...
[2026-03-17 23:54:49] [TID:21020] ERROR SD - Cegeka Modern SOC - DFIR - EU [PRD.4.3.008][PV2.0][DV1.0].docx: Command '['C:\\Users\\koengo\\AppData\\Local\\Programs\\Python\\Python312\\python.exe', 'C:\\Users\\koengo\\OneDrive - Cegeka\\Documents\\Reusable Assets\\Products\\scripts\\extract_html.py', 'C:\\Users\\koengo\\Cegeka\\Product Management - Product Management Library\\Business Line - Security & Compliance\\[4.1] Cybersecurity\\[PRD.4.3.008] Cegeka Modern SOC\\SD - Cegeka Modern SOC - DFIR - EU [PRD.4.3.008][PV2.0][DV1.0].docx']' returned non-zero exit status 1.
[2026-03-18 00:02:11] [TID:29204] START SD - Cegeka Modern SOC - DFIR - EU [PRD.4.3.008][PV2.0][DV1.0].docx
[2026-03-18 00:02:12] [TID:29204] Extracting HTML...
[2026-03-18 00:02:13] [TID:29204] ERROR SD - Cegeka Modern SOC - DFIR - EU [PRD.4.3.008][PV2.0][DV1.0].docx: Command '['C:\\Users\\koengo\\AppData\\Local\\Programs\\Python\\Python312\\python.exe', 'C:\\Users\\koengo\\OneDrive - Cegeka\\Documents\\Reusable Assets\\Products\\scripts\\extract_html.py', 'C:\\Users\\koengo\\Cegeka\\Product Management - Product Management Library\\Business Line - Security & Compliance\\[4.1] Cybersecurity\\[PRD.4.3.008] Cegeka Modern SOC\\SD - Cegeka Modern SOC - DFIR - EU [PRD.4.3.008][PV2.0][DV1.0].docx']' returned non-zero exit status 1.
[2026-03-18 00:11:25] [TID:22472] START SD - Cegeka Modern SOC - DFIR - EU [PRD.4.3.008][PV2.0][DV1.0].docx
[2026-03-18 00:11:26] [TID:22472] Extracting HTML...
[2026-03-18 00:11:27] [TID:22472] ERROR SD - Cegeka Modern SOC - DFIR - EU [PRD.4.3.008][PV2.0][DV1.0].docx: Command '['C:\\Users\\koengo\\AppData\\Local\\Programs\\Python\\Python312\\python.exe', 'C:\\Users\\koengo\\OneDrive - Cegeka\\Documents\\Reusable Assets\\Products\\scripts\\extract_html.py', 'C:\\Users\\koengo\\Cegeka\\Product Management - Product Management Library\\Business Line - Security & Compliance\\[4.1] Cybersecurity\\[PRD.4.3.008] Cegeka Modern SOC\\SD - Cegeka Modern SOC - DFIR - EU [PRD.4.3.008][PV2.0][DV1.0].docx']' returned non-zero exit status 1.
[2026-03-18 00:24:51] [TID:6152] START SD - Cegeka Modern SOC - DFIR - EU [PRD.4.3.008][PV2.0][DV1.0].docx
[2026-03-18 00:24:51] [TID:6152] [DEBUG] Running step: extract_html
[2026-03-18 00:24:52] [TID:6152] [DEBUG] Command: ['C:\\Users\\koengo\\AppData\\Local\\Programs\\Python\\Python312\\python.exe', 'C:\\Users\\koengo\\OneDrive - Cegeka\\Documents\\Reusable Assets\\Products\\scripts\\extract_html.py', 'C:\\Users\\koengo\\Cegeka\\Product Management - Product Management Library\\Business Line - Security & Compliance\\[4.1] Cybersecurity\\[PRD.4.3.008] Cegeka Modern SOC\\SD - Cegeka Modern SOC - DFIR - EU [PRD.4.3.008][PV2.0][DV1.0].docx']
[2026-03-18 00:24:52] [TID:6152] [DEBUG][stderr] Traceback (most recent call last):
  File "C:\Users\koengo\OneDrive - Cegeka\Documents\Reusable Assets\Products\scripts\extract_html.py", line 17, in <module>
    print(f"\u2714 HTML saved \u2192 {out_file}")
  File "C:\Users\koengo\AppData\Local\Programs\Python\Python312\Lib\encodings\cp1252.py", line 19, in encode
    return codecs.charmap_encode(input,self.errors,encoding_table)[0]
           ^^^^^^^^^^^^^^^^^^^^^^^^^^^^^^^^^^^^^^^^^^^^^^^^^^^^^^^
UnicodeEncodeError: 'charmap' codec can't encode character '\u2714' in position 0: character maps to <undefined>

[2026-03-18 00:24:52] [TID:6152] ERROR SD - Cegeka Modern SOC - DFIR - EU [PRD.4.3.008][PV2.0][DV1.0].docx: [extract_html] FAILED with exit code 1
[2026-03-18 00:28:50] [TID:12148] START SD - Cegeka Modern SOC - DFIR - EU [PRD.4.3.008][PV2.0][DV1.0].docx
[2026-03-18 00:28:50] [TID:12148] [DEBUG] Running step: extract_html
[2026-03-18 00:28:50] [TID:12148] [DEBUG] Command: ['C:\\Users\\koengo\\AppData\\Local\\Programs\\Python\\Python312\\python.exe', 'C:\\Users\\koengo\\OneDrive - Cegeka\\Documents\\Reusable Assets\\Products\\scripts\\extract_html.py', 'C:\\Users\\koengo\\Cegeka\\Product Management - Product Management Library\\Business Line - Security & Compliance\\[4.1] Cybersecurity\\[PRD.4.3.008] Cegeka Modern SOC\\SD - Cegeka Modern SOC - DFIR - EU [PRD.4.3.008][PV2.0][DV1.0].docx']
[2026-03-18 00:28:51] [TID:12148] [DEBUG][stderr] Traceback (most recent call last):
  File "C:\Users\koengo\OneDrive - Cegeka\Documents\Reusable Assets\Products\scripts\extract_html.py", line 17, in <module>
    print(f"\u2714 HTML saved \u2192 {out_file}")
  File "C:\Users\koengo\AppData\Local\Programs\Python\Python312\Lib\encodings\cp1252.py", line 19, in encode
    return codecs.charmap_encode(input,self.errors,encoding_table)[0]
           ^^^^^^^^^^^^^^^^^^^^^^^^^^^^^^^^^^^^^^^^^^^^^^^^^^^^^^^
UnicodeEncodeError: 'charmap' codec can't encode character '\u2714' in position 0: character maps to <undefined>

[2026-03-18 00:28:51] [TID:12148] ERROR SD - Cegeka Modern SOC - DFIR - EU [PRD.4.3.008][PV2.0][DV1.0].docx: [extract_html] FAILED with exit code 1
[2026-03-18 00:39:52] [TID:3812] START SD - Cegeka Modern SOC - DFIR - EU [PRD.4.3.008][PV2.0][DV1.0].docx
[2026-03-18 00:39:52] [TID:3812] [DEBUG] Running step: extract_html
[2026-03-18 00:39:52] [TID:3812] [DEBUG] Command: ['C:\\Users\\koengo\\AppData\\Local\\Programs\\Python\\Python312\\python.exe', 'C:\\Users\\koengo\\OneDrive - Cegeka\\Documents\\Reusable Assets\\Products\\scripts\\extract_html.py', 'C:\\Users\\koengo\\Cegeka\\Product Management - Product Management Library\\Business Line - Security & Compliance\\[4.1] Cybersecurity\\[PRD.4.3.008] Cegeka Modern SOC\\SD - Cegeka Modern SOC - DFIR - EU [PRD.4.3.008][PV2.0][DV1.0].docx']
[2026-03-18 00:39:52] [TID:3812] [DEBUG][stderr] Traceback (most recent call last):
  File "C:\Users\koengo\OneDrive - Cegeka\Documents\Reusable Assets\Products\scripts\extract_html.py", line 17, in <module>
    print(f"\u2714 HTML saved \u2192 {out_file}")
  File "C:\Users\koengo\AppData\Local\Programs\Python\Python312\Lib\encodings\cp1252.py", line 19, in encode
    return codecs.charmap_encode(input,self.errors,encoding_table)[0]
           ^^^^^^^^^^^^^^^^^^^^^^^^^^^^^^^^^^^^^^^^^^^^^^^^^^^^^^^
UnicodeEncodeError: 'charmap' codec can't encode character '\u2714' in position 0: character maps to <undefined>

[2026-03-18 00:39:53] [TID:3812] ERROR SD - Cegeka Modern SOC - DFIR - EU [PRD.4.3.008][PV2.0][DV1.0].docx: [extract_html] FAILED with exit code 1
[2026-03-18 00:52:07] [TID:18100] START SD - Cegeka Modern SOC - DFIR - EU [PRD.4.3.008][PV2.0][DV1.0].docx
[2026-03-18 00:52:07] [TID:18100] [DEBUG] Running step: extract_html
[2026-03-18 00:52:07] [TID:18100] [DEBUG] Command: ['C:\\Users\\koengo\\AppData\\Local\\Programs\\Python\\Python312\\python.exe', 'C:\\Users\\koengo\\OneDrive - Cegeka\\Documents\\Reusable Assets\\Products\\scripts\\extract_html.py', 'C:\\Users\\koengo\\Cegeka\\Product Management - Product Management Library\\Business Line - Security & Compliance\\[4.1] Cybersecurity\\[PRD.4.3.008] Cegeka Modern SOC\\SD - Cegeka Modern SOC - DFIR - EU [PRD.4.3.008][PV2.0][DV1.0].docx']
[2026-03-18 00:52:08] [TID:18100] [DEBUG][stdout] ✔ HTML saved for SD - Cegeka Modern SOC - DFIR - EU [PRD.4.3.008][PV2.0][DV1.0].docx

[2026-03-18 00:52:08] [TID:18100] [DEBUG] Step 'extract_html' OK
[2026-03-18 00:52:08] [TID:18100] [DEBUG] Running step: parse_html
[2026-03-18 00:52:08] [TID:18100] [DEBUG] Command: ['C:\\Users\\koengo\\AppData\\Local\\Programs\\Python\\Python312\\python.exe', 'C:\\Users\\koengo\\OneDrive - Cegeka\\Documents\\Reusable Assets\\Products\\scripts\\parse_html_sections.py', 'extracted_html\\SD - Cegeka Modern SOC - DFIR - EU [PRD.4.3.008][PV2.0][DV1.0].html']
[2026-03-18 00:52:08] [TID:18100] [DEBUG][stdout] ✔ Robust parsed → output\json\SD - Cegeka Modern SOC - DFIR - EU [PRD.4.3.008][PV2.0][DV1.0].json

[2026-03-18 00:52:08] [TID:18100] [DEBUG] Step 'parse_html' OK
[2026-03-18 00:52:08] [TID:18100] [DEBUG] Running step: auto_map
[2026-03-18 00:52:08] [TID:18100] [DEBUG] Command: ['C:\\Users\\koengo\\AppData\\Local\\Programs\\Python\\Python312\\python.exe', 'C:\\Users\\koengo\\OneDrive - Cegeka\\Documents\\Reusable Assets\\Products\\scripts\\auto_map_sections.py', 'output\\json\\SD - Cegeka Modern SOC - DFIR - EU [PRD.4.3.008][PV2.0][DV1.0].json']
[2026-03-18 00:52:08] [TID:18100] [DEBUG][stderr]   File "C:\Users\koengo\OneDrive - Cegeka\Documents\Reusable Assets\Products\scripts\auto_map_sections.py", line 26
    ``
    ^
SyntaxError: invalid syntax

[2026-03-18 00:52:08] [TID:18100] ERROR SD - Cegeka Modern SOC - DFIR - EU [PRD.4.3.008][PV2.0][DV1.0].docx: [auto_map] FAILED with exit code 1
[2026-03-18 01:01:25] [TID:22128] START SD - Cegeka Modern SOC - DFIR - EU [PRD.4.3.008][PV2.0][DV1.0].docx
[2026-03-18 01:01:25] [TID:22128] [DEBUG] Running step: extract_html
[2026-03-18 01:01:25] [TID:22128] [DEBUG] Command: ['C:\\Users\\koengo\\AppData\\Local\\Programs\\Python\\Python312\\python.exe', 'C:\\Users\\koengo\\OneDrive - Cegeka\\Documents\\Reusable Assets\\Products\\scripts\\extract_html.py', 'C:\\Users\\koengo\\Cegeka\\Product Management - Product Management Library\\Business Line - Security & Compliance\\[4.1] Cybersecurity\\[PRD.4.3.008] Cegeka Modern SOC\\SD - Cegeka Modern SOC - DFIR - EU [PRD.4.3.008][PV2.0][DV1.0].docx']
[2026-03-18 01:01:26] [TID:22128] [DEBUG][stdout] ✔ HTML saved for SD - Cegeka Modern SOC - DFIR - EU [PRD.4.3.008][PV2.0][DV1.0].docx

[2026-03-18 01:01:26] [TID:22128] [DEBUG] Step 'extract_html' OK
[2026-03-18 01:01:26] [TID:22128] [DEBUG] Running step: parse_html
[2026-03-18 01:01:26] [TID:22128] [DEBUG] Command: ['C:\\Users\\koengo\\AppData\\Local\\Programs\\Python\\Python312\\python.exe', 'C:\\Users\\koengo\\OneDrive - Cegeka\\Documents\\Reusable Assets\\Products\\scripts\\parse_html_sections.py', 'extracted_html\\SD - Cegeka Modern SOC - DFIR - EU [PRD.4.3.008][PV2.0][DV1.0].html']
[2026-03-18 01:01:26] [TID:22128] [DEBUG][stdout] ✔ Robust parsed → output\json\SD - Cegeka Modern SOC - DFIR - EU [PRD.4.3.008][PV2.0][DV1.0].json

[2026-03-18 01:01:26] [TID:22128] [DEBUG] Step 'parse_html' OK
[2026-03-18 01:01:26] [TID:22128] [DEBUG] Running step: auto_map
[2026-03-18 01:01:26] [TID:22128] [DEBUG] Command: ['C:\\Users\\koengo\\AppData\\Local\\Programs\\Python\\Python312\\python.exe', 'C:\\Users\\koengo\\OneDrive - Cegeka\\Documents\\Reusable Assets\\Products\\scripts\\auto_map_sections.py', 'output\\json\\SD - Cegeka Modern SOC - DFIR - EU [PRD.4.3.008][PV2.0][DV1.0].json']
[2026-03-18 01:01:27] [TID:22128] [DEBUG][stderr]   File "C:\Users\koengo\OneDrive - Cegeka\Documents\Reusable Assets\Products\scripts\auto_map_sections.py", line 26
    ``
    ^
SyntaxError: invalid syntax

[2026-03-18 01:01:27] [TID:22128] ERROR SD - Cegeka Modern SOC - DFIR - EU [PRD.4.3.008][PV2.0][DV1.0].docx: [auto_map] FAILED with exit code 1
[2026-03-18 01:17:01] [TID:28236] START SD - Cegeka Modern SOC - DFIR - EU [PRD.4.3.008][PV2.0][DV1.0].docx
[2026-03-18 01:17:01] [TID:28236] [DEBUG] Running step: extract_html
[2026-03-18 01:17:01] [TID:28236] [DEBUG] Command: ['C:\\Users\\koengo\\AppData\\Local\\Programs\\Python\\Python312\\python.exe', 'C:\\Users\\koengo\\OneDrive - Cegeka\\Documents\\Reusable Assets\\Products\\scripts\\extract_html.py', 'C:\\Users\\koengo\\Cegeka\\Product Management - Product Management Library\\Business Line - Security & Compliance\\[4.1] Cybersecurity\\[PRD.4.3.008] Cegeka Modern SOC\\SD - Cegeka Modern SOC - DFIR - EU [PRD.4.3.008][PV2.0][DV1.0].docx']
[2026-03-18 01:17:02] [TID:28236] [DEBUG][stdout] ✔ HTML saved for SD - Cegeka Modern SOC - DFIR - EU [PRD.4.3.008][PV2.0][DV1.0].docx

[2026-03-18 01:17:02] [TID:28236] [DEBUG] Step 'extract_html' OK
[2026-03-18 01:17:02] [TID:28236] [DEBUG] Running step: parse_html
[2026-03-18 01:17:02] [TID:28236] [DEBUG] Command: ['C:\\Users\\koengo\\AppData\\Local\\Programs\\Python\\Python312\\python.exe', 'C:\\Users\\koengo\\OneDrive - Cegeka\\Documents\\Reusable Assets\\Products\\scripts\\parse_html_sections.py', 'extracted_html\\SD - Cegeka Modern SOC - DFIR - EU [PRD.4.3.008][PV2.0][DV1.0].html']
[2026-03-18 01:17:02] [TID:28236] [DEBUG][stdout] ✔ Robust parsed → output\json\SD - Cegeka Modern SOC - DFIR - EU [PRD.4.3.008][PV2.0][DV1.0].json

[2026-03-18 01:17:02] [TID:28236] [DEBUG] Step 'parse_html' OK
[2026-03-18 01:17:02] [TID:28236] [DEBUG] Running step: auto_map
[2026-03-18 01:17:02] [TID:28236] [DEBUG] Command: ['C:\\Users\\koengo\\AppData\\Local\\Programs\\Python\\Python312\\python.exe', 'C:\\Users\\koengo\\OneDrive - Cegeka\\Documents\\Reusable Assets\\Products\\scripts\\auto_map_sections.py', 'output\\json\\SD - Cegeka Modern SOC - DFIR - EU [PRD.4.3.008][PV2.0][DV1.0].json']
[2026-03-18 01:17:02] [TID:28236] [DEBUG][stderr]   File "C:\Users\koengo\OneDrive - Cegeka\Documents\Reusable Assets\Products\scripts\auto_map_sections.py", line 26
    ``
    ^
SyntaxError: invalid syntax

[2026-03-18 01:17:02] [TID:28236] ERROR SD - Cegeka Modern SOC - DFIR - EU [PRD.4.3.008][PV2.0][DV1.0].docx: [auto_map] FAILED with exit code 1
[2026-03-18 01:30:48] [TID:25364] START SD - Cegeka Modern SOC - DFIR - EU [PRD.4.3.008][PV2.0][DV1.0].docx
[2026-03-18 01:30:48] [TID:25364] [DEBUG] Running step: extract_html
[2026-03-18 01:30:48] [TID:25364] [DEBUG] Command: ['C:\\Users\\koengo\\AppData\\Local\\Programs\\Python\\Python312\\python.exe', 'C:\\Users\\koengo\\OneDrive - Cegeka\\Documents\\Reusable Assets\\Products\\scripts\\extract_html.py', 'C:\\Users\\koengo\\Cegeka\\Product Management - Product Management Library\\Business Line - Security & Compliance\\[4.1] Cybersecurity\\[PRD.4.3.008] Cegeka Modern SOC\\SD - Cegeka Modern SOC - DFIR - EU [PRD.4.3.008][PV2.0][DV1.0].docx']
[2026-03-18 01:30:48] [TID:25364] [DEBUG][stderr]   File "C:\Users\koengo\OneDrive - Cegeka\Documents\Reusable Assets\Products\scripts\extract_html.py", line 31
    ``
    ^
SyntaxError: invalid syntax

[2026-03-18 01:30:48] [TID:25364] ERROR SD - Cegeka Modern SOC - DFIR - EU [PRD.4.3.008][PV2.0][DV1.0].docx: [extract_html] FAILED with exit code 1
[2026-03-18 01:33:20] [TID:28596] START SD - Cegeka Modern SOC - DFIR - EU [PRD.4.3.008][PV2.0][DV1.0].docx
[2026-03-18 01:33:20] [TID:28596] [DEBUG] Running step: extract_html
[2026-03-18 01:33:20] [TID:28596] [DEBUG] Command: ['C:\\Users\\koengo\\AppData\\Local\\Programs\\Python\\Python312\\python.exe', 'C:\\Users\\koengo\\OneDrive - Cegeka\\Documents\\Reusable Assets\\Products\\scripts\\extract_html.py', 'C:\\Users\\koengo\\Cegeka\\Product Management - Product Management Library\\Business Line - Security & Compliance\\[4.1] Cybersecurity\\[PRD.4.3.008] Cegeka Modern SOC\\SD - Cegeka Modern SOC - DFIR - EU [PRD.4.3.008][PV2.0][DV1.0].docx']
[2026-03-18 01:33:21] [TID:28596] [DEBUG][stdout] HTML saved: SD - Cegeka Modern SOC - DFIR - EU [PRD.4.3.008][PV2.0][DV1.0].html

[2026-03-18 01:33:21] [TID:28596] [DEBUG] Step 'extract_html' OK
[2026-03-18 01:33:21] [TID:28596] [DEBUG] Running step: parse_html
[2026-03-18 01:33:21] [TID:28596] [DEBUG] Command: ['C:\\Users\\koengo\\AppData\\Local\\Programs\\Python\\Python312\\python.exe', 'C:\\Users\\koengo\\OneDrive - Cegeka\\Documents\\Reusable Assets\\Products\\scripts\\parse_html_sections.py', 'extracted_html\\SD - Cegeka Modern SOC - DFIR - EU [PRD.4.3.008][PV2.0][DV1.0].html']
[2026-03-18 01:33:21] [TID:28596] [DEBUG][stdout] ✔ Robust parsed → output\json\SD - Cegeka Modern SOC - DFIR - EU [PRD.4.3.008][PV2.0][DV1.0].json

[2026-03-18 01:33:21] [TID:28596] [DEBUG] Step 'parse_html' OK
[2026-03-18 01:33:21] [TID:28596] [DEBUG] Running step: auto_map
[2026-03-18 01:33:21] [TID:28596] [DEBUG] Command: ['C:\\Users\\koengo\\AppData\\Local\\Programs\\Python\\Python312\\python.exe', 'C:\\Users\\koengo\\OneDrive - Cegeka\\Documents\\Reusable Assets\\Products\\scripts\\auto_map_sections.py', 'output\\json\\SD - Cegeka Modern SOC - DFIR - EU [PRD.4.3.008][PV2.0][DV1.0].json']
[2026-03-18 01:33:21] [TID:28596] [DEBUG][stderr]   File "C:\Users\koengo\OneDrive - Cegeka\Documents\Reusable Assets\Products\scripts\auto_map_sections.py", line 26
    ``
    ^
SyntaxError: invalid syntax

[2026-03-18 01:33:21] [TID:28596] ERROR SD - Cegeka Modern SOC - DFIR - EU [PRD.4.3.008][PV2.0][DV1.0].docx: [auto_map] FAILED with exit code 1
[2026-03-18 01:40:30] [TID:27512] START SD - Cegeka Modern SOC - DFIR - EU [PRD.4.3.008][PV2.0][DV1.0].docx
[2026-03-18 01:40:30] [TID:27512] [DEBUG] Running step: extract_html
[2026-03-18 01:40:30] [TID:27512] [DEBUG] Command: ['C:\\Users\\koengo\\AppData\\Local\\Programs\\Python\\Python312\\python.exe', 'C:\\Users\\koengo\\OneDrive - Cegeka\\Documents\\Reusable Assets\\Products\\scripts\\extract_html.py', 'C:\\Users\\koengo\\Cegeka\\Product Management - Product Management Library\\Business Line - Security & Compliance\\[4.1] Cybersecurity\\[PRD.4.3.008] Cegeka Modern SOC\\SD - Cegeka Modern SOC - DFIR - EU [PRD.4.3.008][PV2.0][DV1.0].docx']
[2026-03-18 01:40:31] [TID:27512] [DEBUG][stdout] HTML saved: SD - Cegeka Modern SOC - DFIR - EU [PRD.4.3.008][PV2.0][DV1.0].html

[2026-03-18 01:40:31] [TID:27512] [DEBUG] Step 'extract_html' OK
[2026-03-18 01:40:31] [TID:27512] [DEBUG] Running step: parse_html
[2026-03-18 01:40:31] [TID:27512] [DEBUG] Command: ['C:\\Users\\koengo\\AppData\\Local\\Programs\\Python\\Python312\\python.exe', 'C:\\Users\\koengo\\OneDrive - Cegeka\\Documents\\Reusable Assets\\Products\\scripts\\parse_html_sections.py', 'extracted_html\\SD - Cegeka Modern SOC - DFIR - EU [PRD.4.3.008][PV2.0][DV1.0].html']
[2026-03-18 01:40:31] [TID:27512] [DEBUG][stdout] ✔ Robust parsed → output\json\SD - Cegeka Modern SOC - DFIR - EU [PRD.4.3.008][PV2.0][DV1.0].json

[2026-03-18 01:40:31] [TID:27512] [DEBUG] Step 'parse_html' OK
[2026-03-18 01:40:31] [TID:27512] [DEBUG] Running step: auto_map
[2026-03-18 01:40:31] [TID:27512] [DEBUG] Command: ['C:\\Users\\koengo\\AppData\\Local\\Programs\\Python\\Python312\\python.exe', 'C:\\Users\\koengo\\OneDrive - Cegeka\\Documents\\Reusable Assets\\Products\\scripts\\auto_map_sections.py', 'output\\json\\SD - Cegeka Modern SOC - DFIR - EU [PRD.4.3.008][PV2.0][DV1.0].json']
[2026-03-18 01:40:31] [TID:27512] [DEBUG][stderr]   File "C:\Users\koengo\OneDrive - Cegeka\Documents\Reusable Assets\Products\scripts\auto_map_sections.py", line 26
    ``
    ^
SyntaxError: invalid syntax

[2026-03-18 01:40:31] [TID:27512] ERROR SD - Cegeka Modern SOC - DFIR - EU [PRD.4.3.008][PV2.0][DV1.0].docx: [auto_map] FAILED with exit code 1
