[2026-03-18 14:42:52] START xml_to_docx_v3_fixed for: C:\Users\koengo\OneDrive - Cegeka\Documents\Reusable Assets\Products\output\xml\SD - Oracle Engineered System Management [PRD.0.L.202][PV0.8][DV1.0]_mapped.xml
[2026-03-18 14:42:52] Filled SDT 'PRODUCT_SUMMARY' with XML section 'Service identification'
[2026-03-18 14:42:52] Filled SDT 'SCOPE' with XML section 'Out of scope'
[2026-03-18 14:42:52] Filled SDT 'PRODUCT_SUMMARY' with XML section 'Service delivery location'
[2026-03-18 14:42:52] Filled SDT 'PRODUCT_SUMMARY' with XML section 'Service Reporting'
[2026-03-18 14:42:52] Filled SDT 'PRODUCT_SUMMARY' with XML section 'Service Window'
[2026-03-18 14:42:52] Filled SDT 'SLA_KPI' with XML section 'Service Level'
[2026-03-18 14:42:53] TOTAL SDT FIELDS FILLED: 6
[2026-03-18 14:42:53] XML→DOCX OK → output\docx\SD - Oracle Engineered System Management [PRD.0.L.202][PV0.8][DV1.0]_mapped_FINAL.docx
[2026-03-18 14:48:30] START xml_to_docx_v3_fixed for: C:\Users\koengo\OneDrive - Cegeka\Documents\Reusable Assets\Products\output\xml\SD - Oracle Engineered System Management [PRD.0.L.202][PV0.8][DV1.0]_mapped.xml
[2026-03-18 14:48:30] Filled SDT 'PRODUCT_SUMMARY' with XML section 'Service identification'
[2026-03-18 14:48:30] Filled SDT 'SCOPE' with XML section 'Out of scope'
[2026-03-18 14:48:30] Filled SDT 'PRODUCT_SUMMARY' with XML section 'Service delivery location'
[2026-03-18 14:48:30] Filled SDT 'PRODUCT_SUMMARY' with XML section 'Service Reporting'
[2026-03-18 14:48:30] Filled SDT 'PRODUCT_SUMMARY' with XML section 'Service Window'
[2026-03-18 14:48:30] Filled SDT 'SLA_KPI' with XML section 'Service Level'
[2026-03-18 14:48:30] TOTAL SDT FIELDS FILLED: 6
[2026-03-18 14:48:30] XML→DOCX OK → output\docx\SD - Oracle Engineered System Management [PRD.0.L.202][PV0.8][DV1.0]_mapped_FINAL.docx
[2026-03-18 15:02:19] START xml_to_docx_v3_fixed for: C:\Users\koengo\OneDrive - Cegeka\Documents\Reusable Assets\Products\output\xml\SD - Oracle Engineered System Management [PRD.0.L.202][PV0.8][DV1.0]_mapped.xml
[2026-03-18 15:02:19] Filled SDT 'PRODUCT_SUMMARY' with XML section 'Service identification'
[2026-03-18 15:02:19] Filled SDT 'SCOPE' with XML section 'Out of scope'
[2026-03-18 15:02:19] Filled SDT 'PRODUCT_SUMMARY' with XML section 'Service delivery location'
[2026-03-18 15:02:19] Filled SDT 'PRODUCT_SUMMARY' with XML section 'Service Reporting'
[2026-03-18 15:02:19] Filled SDT 'PRODUCT_SUMMARY' with XML section 'Service Window'
[2026-03-18 15:02:19] Filled SDT 'SLA_KPI' with XML section 'Service Level'
[2026-03-18 15:02:19] TOTAL SDT FIELDS FILLED: 6
[2026-03-18 15:02:19] XML→DOCX OK → output\docx\SD - Oracle Engineered System Management [PRD.0.L.202][PV0.8][DV1.0]_mapped_FINAL.docx
