[2026-03-18 14:27:59] START extract_html for: C:\Users\koengo\Cegeka\Product Management - Product Management Library\Business Line - Digital Employee eXperience\[7.2] Cegeka Employee Empowerment Solutions\[PRD.7.7.001] Workspace Engine\SD - Workspace Engine [PRD.7.7.001][PV1.0][DV1.0].docx
[2026-03-18 14:28:00] HTML saved: extracted_html\SD - Workspace Engine [PRD.7.7.001][PV1.0][DV1.0].html
[2026-03-18 14:28:00] extract_html OK
[2026-03-18 14:28:00] START parse_html for: extracted_html\SD - Workspace Engine [PRD.7.7.001][PV1.0][DV1.0].html
[2026-03-18 14:28:01] PARSE OK → output\json\SD - Workspace Engine [PRD.7.7.001][PV1.0][DV1.0].json
[2026-03-18 14:49:03] START PIPELINE for C:\Users\koengo\Cegeka\Product Management - Product Management Library\Business Line - Digital Employee eXperience\[7.2] Cegeka Employee Empowerment Solutions\[PRD.7.7.001] Workspace Engine\SD - Workspace Engine [PRD.7.7.001][PV1.0][DV1.0].docx
[2026-03-18 14:49:03] RUN extract_html.py -> C:\Users\koengo\Cegeka\Product Management - Product Management Library\Business Line - Digital Employee eXperience\[7.2] Cegeka Employee Empowerment Solutions\[PRD.7.7.001] Workspace Engine\SD - Workspace Engine [PRD.7.7.001][PV1.0][DV1.0].docx
[2026-03-18 14:49:03] START extract_html for: C:\Users\koengo\Cegeka\Product Management - Product Management Library\Business Line - Digital Employee eXperience\[7.2] Cegeka Employee Empowerment Solutions\[PRD.7.7.001] Workspace Engine\SD - Workspace Engine [PRD.7.7.001][PV1.0][DV1.0].docx
[2026-03-18 14:49:03] HTML saved: extracted_html\SD - Workspace Engine [PRD.7.7.001][PV1.0][DV1.0].html
[2026-03-18 14:49:03] extract_html OK
[2026-03-18 14:49:03] RUN parse_html_sections.py -> C:\Users\koengo\OneDrive - Cegeka\Documents\Reusable Assets\Products\extracted_html\SD - Workspace Engine [PRD.7.7.001][PV1.0][DV1.0].html
[2026-03-18 14:49:04] START parse_html for: C:\Users\koengo\OneDrive - Cegeka\Documents\Reusable Assets\Products\extracted_html\SD - Workspace Engine [PRD.7.7.001][PV1.0][DV1.0].html
[2026-03-18 14:49:04] PARSE OK → output\json\SD - Workspace Engine [PRD.7.7.001][PV1.0][DV1.0].json
[2026-03-18 14:49:04] RUN auto_map_sections.py -> C:\Users\koengo\OneDrive - Cegeka\Documents\Reusable Assets\Products\output\json\SD - Workspace Engine [PRD.7.7.001][PV1.0][DV1.0].json
[2026-03-18 14:49:04] START auto_map for: C:\Users\koengo\OneDrive - Cegeka\Documents\Reusable Assets\Products\output\json\SD - Workspace Engine [PRD.7.7.001][PV1.0][DV1.0].json
[2026-03-18 14:49:04] auto_map OK → output\mapped\SD - Workspace Engine [PRD.7.7.001][PV1.0][DV1.0]_mapped.json
[2026-03-18 14:49:04] JSON->XML OK -> C:\Users\koengo\OneDrive - Cegeka\Documents\Reusable Assets\Products\output\xml\SD - Workspace Engine [PRD.7.7.001][PV1.0][DV1.0]_mapped.xml
[2026-03-18 14:49:04] RUN xml_to_docx.py -> C:\Users\koengo\OneDrive - Cegeka\Documents\Reusable Assets\Products\output\xml\SD - Workspace Engine [PRD.7.7.001][PV1.0][DV1.0]_mapped.xml
[2026-03-18 14:49:05] PIPELINE OK
[2026-03-18 15:02:51] START PIPELINE for C:\Users\koengo\Cegeka\Product Management - Product Management Library\Business Line - Digital Employee eXperience\[7.2] Cegeka Employee Empowerment Solutions\[PRD.7.7.001] Workspace Engine\SD - Workspace Engine [PRD.7.7.001][PV1.0][DV1.0].docx
[2026-03-18 15:02:51] RUN extract_html.py -> C:\Users\koengo\Cegeka\Product Management - Product Management Library\Business Line - Digital Employee eXperience\[7.2] Cegeka Employee Empowerment Solutions\[PRD.7.7.001] Workspace Engine\SD - Workspace Engine [PRD.7.7.001][PV1.0][DV1.0].docx
[2026-03-18 15:02:51] START extract_html for: C:\Users\koengo\Cegeka\Product Management - Product Management Library\Business Line - Digital Employee eXperience\[7.2] Cegeka Employee Empowerment Solutions\[PRD.7.7.001] Workspace Engine\SD - Workspace Engine [PRD.7.7.001][PV1.0][DV1.0].docx
[2026-03-18 15:02:51] HTML saved: extracted_html\SD - Workspace Engine [PRD.7.7.001][PV1.0][DV1.0].html
[2026-03-18 15:02:51] extract_html OK
[2026-03-18 15:02:51] RUN parse_html_sections.py -> C:\Users\koengo\OneDrive - Cegeka\Documents\Reusable Assets\Products\extracted_html\SD - Workspace Engine [PRD.7.7.001][PV1.0][DV1.0].html
[2026-03-18 15:02:52] START parse_html for: C:\Users\koengo\OneDrive - Cegeka\Documents\Reusable Assets\Products\extracted_html\SD - Workspace Engine [PRD.7.7.001][PV1.0][DV1.0].html
[2026-03-18 15:02:52] PARSE OK → output\json\SD - Workspace Engine [PRD.7.7.001][PV1.0][DV1.0].json
[2026-03-18 15:02:52] RUN auto_map_sections.py -> C:\Users\koengo\OneDrive - Cegeka\Documents\Reusable Assets\Products\output\json\SD - Workspace Engine [PRD.7.7.001][PV1.0][DV1.0].json
[2026-03-18 15:02:52] START auto_map for: C:\Users\koengo\OneDrive - Cegeka\Documents\Reusable Assets\Products\output\json\SD - Workspace Engine [PRD.7.7.001][PV1.0][DV1.0].json
[2026-03-18 15:02:52] auto_map OK → output\mapped\SD - Workspace Engine [PRD.7.7.001][PV1.0][DV1.0]_mapped.json
[2026-03-18 15:02:52] JSON->XML OK -> C:\Users\koengo\OneDrive - Cegeka\Documents\Reusable Assets\Products\output\xml\SD - Workspace Engine [PRD.7.7.001][PV1.0][DV1.0]_mapped.xml
[2026-03-18 15:02:52] RUN xml_to_docx.py -> C:\Users\koengo\OneDrive - Cegeka\Documents\Reusable Assets\Products\output\xml\SD - Workspace Engine [PRD.7.7.001][PV1.0][DV1.0]_mapped.xml
[2026-03-18 15:02:53] PIPELINE OK
