[2026-03-17 23:34:11] [TID:27000] Start processing SD: SD - Cegeka OS Management - Linux on Microsoft Azure [PRD.0.L.126][PV1.0][DV1.0].docx
[2026-03-17 23:34:11] [TID:27000] Extracting HTML...
[2026-03-17 23:34:11] [TID:27000] ERROR SD - Cegeka OS Management - Linux on Microsoft Azure [PRD.0.L.126][PV1.0][DV1.0].docx: Command '['C:\\Users\\koengo\\AppData\\Local\\Programs\\Python\\Python312\\python.exe', 'C:\\Users\\koengo\\OneDrive - Cegeka\\Documents\\Reusable Assets\\Products\\scripts\\extract_html.py', 'C:\\Users\\koengo\\Cegeka\\Product Management - Product Management Library\\Business Line - Cloud and Digital Platforms\\[0.L] Cegeka OS Management\\[PRD.0.L.126] Cegeka OS Management Linux\\SD - Cegeka OS Management - Linux on Microsoft Azure [PRD.0.L.126][PV1.0][DV1.0].docx']' returned non-zero exit status 1.
[2026-03-17 23:39:32] [TID:22428] START SD - Cegeka OS Management - Linux on Microsoft Azure [PRD.0.L.126][PV1.0][DV1.0].docx
[2026-03-17 23:39:32] [TID:22428] Extracting HTML...
[2026-03-17 23:39:32] [TID:22428] ERROR SD - Cegeka OS Management - Linux on Microsoft Azure [PRD.0.L.126][PV1.0][DV1.0].docx: Command '['C:\\Users\\koengo\\AppData\\Local\\Programs\\Python\\Python312\\python.exe', 'C:\\Users\\koengo\\OneDrive - Cegeka\\Documents\\Reusable Assets\\Products\\scripts\\extract_html.py', 'C:\\Users\\koengo\\Cegeka\\Product Management - Product Management Library\\Business Line - Cloud and Digital Platforms\\[0.L] Cegeka OS Management\\[PRD.0.L.126] Cegeka OS Management Linux\\SD - Cegeka OS Management - Linux on Microsoft Azure [PRD.0.L.126][PV1.0][DV1.0].docx']' returned non-zero exit status 1.
[2026-03-17 23:44:43] [TID:23024] START SD - Cegeka OS Management - Linux on Microsoft Azure [PRD.0.L.126][PV1.0][DV1.0].docx
[2026-03-17 23:44:43] [TID:23024] Extracting HTML...
[2026-03-17 23:44:44] [TID:23024] ERROR SD - Cegeka OS Management - Linux on Microsoft Azure [PRD.0.L.126][PV1.0][DV1.0].docx: Command '['C:\\Users\\koengo\\AppData\\Local\\Programs\\Python\\Python312\\python.exe', 'C:\\Users\\koengo\\OneDrive - Cegeka\\Documents\\Reusable Assets\\Products\\scripts\\extract_html.py', 'C:\\Users\\koengo\\Cegeka\\Product Management - Product Management Library\\Business Line - Cloud and Digital Platforms\\[0.L] Cegeka OS Management\\[PRD.0.L.126] Cegeka OS Management Linux\\SD - Cegeka OS Management - Linux on Microsoft Azure [PRD.0.L.126][PV1.0][DV1.0].docx']' returned non-zero exit status 1.
[2026-03-17 23:47:11] [TID:17696] START SD - Cegeka OS Management - Linux on Microsoft Azure [PRD.0.L.126][PV1.0][DV1.0].docx
[2026-03-17 23:47:11] [TID:17696] Extracting HTML...
[2026-03-17 23:47:12] [TID:17696] ERROR SD - Cegeka OS Management - Linux on Microsoft Azure [PRD.0.L.126][PV1.0][DV1.0].docx: Command '['C:\\Users\\koengo\\AppData\\Local\\Programs\\Python\\Python312\\python.exe', 'C:\\Users\\koengo\\OneDrive - Cegeka\\Documents\\Reusable Assets\\Products\\scripts\\extract_html.py', 'C:\\Users\\koengo\\Cegeka\\Product Management - Product Management Library\\Business Line - Cloud and Digital Platforms\\[0.L] Cegeka OS Management\\[PRD.0.L.126] Cegeka OS Management Linux\\SD - Cegeka OS Management - Linux on Microsoft Azure [PRD.0.L.126][PV1.0][DV1.0].docx']' returned non-zero exit status 1.
[2026-03-17 23:54:41] [TID:21020] START SD - Cegeka OS Management - Linux on Microsoft Azure [PRD.0.L.126][PV1.0][DV1.0].docx
[2026-03-17 23:54:41] [TID:21020] Extracting HTML...
[2026-03-17 23:54:42] [TID:21020] ERROR SD - Cegeka OS Management - Linux on Microsoft Azure [PRD.0.L.126][PV1.0][DV1.0].docx: Command '['C:\\Users\\koengo\\AppData\\Local\\Programs\\Python\\Python312\\python.exe', 'C:\\Users\\koengo\\OneDrive - Cegeka\\Documents\\Reusable Assets\\Products\\scripts\\extract_html.py', 'C:\\Users\\koengo\\Cegeka\\Product Management - Product Management Library\\Business Line - Cloud and Digital Platforms\\[0.L] Cegeka OS Management\\[PRD.0.L.126] Cegeka OS Management Linux\\SD - Cegeka OS Management - Linux on Microsoft Azure [PRD.0.L.126][PV1.0][DV1.0].docx']' returned non-zero exit status 1.
[2026-03-18 00:02:06] [TID:23568] START SD - Cegeka OS Management - Linux on Microsoft Azure [PRD.0.L.126][PV1.0][DV1.0].docx
[2026-03-18 00:02:06] [TID:23568] Extracting HTML...
[2026-03-18 00:02:07] [TID:23568] ERROR SD - Cegeka OS Management - Linux on Microsoft Azure [PRD.0.L.126][PV1.0][DV1.0].docx: Command '['C:\\Users\\koengo\\AppData\\Local\\Programs\\Python\\Python312\\python.exe', 'C:\\Users\\koengo\\OneDrive - Cegeka\\Documents\\Reusable Assets\\Products\\scripts\\extract_html.py', 'C:\\Users\\koengo\\Cegeka\\Product Management - Product Management Library\\Business Line - Cloud and Digital Platforms\\[0.L] Cegeka OS Management\\[PRD.0.L.126] Cegeka OS Management Linux\\SD - Cegeka OS Management - Linux on Microsoft Azure [PRD.0.L.126][PV1.0][DV1.0].docx']' returned non-zero exit status 1.
[2026-03-18 00:11:18] [TID:14484] START SD - Cegeka OS Management - Linux on Microsoft Azure [PRD.0.L.126][PV1.0][DV1.0].docx
[2026-03-18 00:11:19] [TID:14484] Extracting HTML...
[2026-03-18 00:11:19] [TID:14484] ERROR SD - Cegeka OS Management - Linux on Microsoft Azure [PRD.0.L.126][PV1.0][DV1.0].docx: Command '['C:\\Users\\koengo\\AppData\\Local\\Programs\\Python\\Python312\\python.exe', 'C:\\Users\\koengo\\OneDrive - Cegeka\\Documents\\Reusable Assets\\Products\\scripts\\extract_html.py', 'C:\\Users\\koengo\\Cegeka\\Product Management - Product Management Library\\Business Line - Cloud and Digital Platforms\\[0.L] Cegeka OS Management\\[PRD.0.L.126] Cegeka OS Management Linux\\SD - Cegeka OS Management - Linux on Microsoft Azure [PRD.0.L.126][PV1.0][DV1.0].docx']' returned non-zero exit status 1.
[2026-03-18 00:24:39] [TID:29648] START SD - Cegeka OS Management - Linux on Microsoft Azure [PRD.0.L.126][PV1.0][DV1.0].docx
[2026-03-18 00:24:39] [TID:29648] [DEBUG] Running step: extract_html
[2026-03-18 00:24:40] [TID:29648] [DEBUG] Command: ['C:\\Users\\koengo\\AppData\\Local\\Programs\\Python\\Python312\\python.exe', 'C:\\Users\\koengo\\OneDrive - Cegeka\\Documents\\Reusable Assets\\Products\\scripts\\extract_html.py', 'C:\\Users\\koengo\\Cegeka\\Product Management - Product Management Library\\Business Line - Cloud and Digital Platforms\\[0.L] Cegeka OS Management\\[PRD.0.L.126] Cegeka OS Management Linux\\SD - Cegeka OS Management - Linux on Microsoft Azure [PRD.0.L.126][PV1.0][DV1.0].docx']
[2026-03-18 00:24:40] [TID:29648] [DEBUG][stderr] Traceback (most recent call last):
  File "C:\Users\koengo\OneDrive - Cegeka\Documents\Reusable Assets\Products\scripts\extract_html.py", line 12, in <module>
    with open(sd_file, "rb") as f:
         ^^^^^^^^^^^^^^^^^^^
FileNotFoundError: [Errno 2] No such file or directory: 'C:\\Users\\koengo\\Cegeka\\Product Management - Product Management Library\\Business Line - Cloud and Digital Platforms\\[0.L] Cegeka OS Management\\[PRD.0.L.126] Cegeka OS Management Linux\\SD - Cegeka OS Management - Linux on Microsoft Azure [PRD.0.L.126][PV1.0][DV1.0].docx'

[2026-03-18 00:24:40] [TID:29648] ERROR SD - Cegeka OS Management - Linux on Microsoft Azure [PRD.0.L.126][PV1.0][DV1.0].docx: [extract_html] FAILED with exit code 1
[2026-03-18 00:28:39] [TID:26240] START SD - Cegeka OS Management - Linux on Microsoft Azure [PRD.0.L.126][PV1.0][DV1.0].docx
[2026-03-18 00:28:40] [TID:26240] [DEBUG] Running step: extract_html
[2026-03-18 00:28:40] [TID:26240] [DEBUG] Command: ['C:\\Users\\koengo\\AppData\\Local\\Programs\\Python\\Python312\\python.exe', 'C:\\Users\\koengo\\OneDrive - Cegeka\\Documents\\Reusable Assets\\Products\\scripts\\extract_html.py', 'C:\\Users\\koengo\\Cegeka\\Product Management - Product Management Library\\Business Line - Cloud and Digital Platforms\\[0.L] Cegeka OS Management\\[PRD.0.L.126] Cegeka OS Management Linux\\SD - Cegeka OS Management - Linux on Microsoft Azure [PRD.0.L.126][PV1.0][DV1.0].docx']
[2026-03-18 00:28:40] [TID:26240] [DEBUG][stderr] Traceback (most recent call last):
  File "C:\Users\koengo\OneDrive - Cegeka\Documents\Reusable Assets\Products\scripts\extract_html.py", line 12, in <module>
    with open(sd_file, "rb") as f:
         ^^^^^^^^^^^^^^^^^^^
FileNotFoundError: [Errno 2] No such file or directory: 'C:\\Users\\koengo\\Cegeka\\Product Management - Product Management Library\\Business Line - Cloud and Digital Platforms\\[0.L] Cegeka OS Management\\[PRD.0.L.126] Cegeka OS Management Linux\\SD - Cegeka OS Management - Linux on Microsoft Azure [PRD.0.L.126][PV1.0][DV1.0].docx'

[2026-03-18 00:28:40] [TID:26240] ERROR SD - Cegeka OS Management - Linux on Microsoft Azure [PRD.0.L.126][PV1.0][DV1.0].docx: [extract_html] FAILED with exit code 1
[2026-03-18 00:39:40] [TID:22268] START SD - Cegeka OS Management - Linux on Microsoft Azure [PRD.0.L.126][PV1.0][DV1.0].docx
[2026-03-18 00:39:40] [TID:22268] [DEBUG] Running step: extract_html
[2026-03-18 00:39:41] [TID:22268] [DEBUG] Command: ['C:\\Users\\koengo\\AppData\\Local\\Programs\\Python\\Python312\\python.exe', 'C:\\Users\\koengo\\OneDrive - Cegeka\\Documents\\Reusable Assets\\Products\\scripts\\extract_html.py', 'C:\\Users\\koengo\\Cegeka\\Product Management - Product Management Library\\Business Line - Cloud and Digital Platforms\\[0.L] Cegeka OS Management\\[PRD.0.L.126] Cegeka OS Management Linux\\SD - Cegeka OS Management - Linux on Microsoft Azure [PRD.0.L.126][PV1.0][DV1.0].docx']
[2026-03-18 00:39:41] [TID:22268] [DEBUG][stderr] Traceback (most recent call last):
  File "C:\Users\koengo\OneDrive - Cegeka\Documents\Reusable Assets\Products\scripts\extract_html.py", line 12, in <module>
    with open(sd_file, "rb") as f:
         ^^^^^^^^^^^^^^^^^^^
FileNotFoundError: [Errno 2] No such file or directory: 'C:\\Users\\koengo\\Cegeka\\Product Management - Product Management Library\\Business Line - Cloud and Digital Platforms\\[0.L] Cegeka OS Management\\[PRD.0.L.126] Cegeka OS Management Linux\\SD - Cegeka OS Management - Linux on Microsoft Azure [PRD.0.L.126][PV1.0][DV1.0].docx'

[2026-03-18 00:39:41] [TID:22268] ERROR SD - Cegeka OS Management - Linux on Microsoft Azure [PRD.0.L.126][PV1.0][DV1.0].docx: [extract_html] FAILED with exit code 1
[2026-03-18 00:51:57] [TID:5928] START SD - Cegeka OS Management - Linux on Microsoft Azure [PRD.0.L.126][PV1.0][DV1.0].docx
[2026-03-18 00:51:57] [TID:5928] [DEBUG] Running step: extract_html
[2026-03-18 00:51:57] [TID:5928] [DEBUG] Command: ['C:\\Users\\koengo\\AppData\\Local\\Programs\\Python\\Python312\\python.exe', 'C:\\Users\\koengo\\OneDrive - Cegeka\\Documents\\Reusable Assets\\Products\\scripts\\extract_html.py', 'C:\\Users\\koengo\\Cegeka\\Product Management - Product Management Library\\Business Line - Cloud and Digital Platforms\\[0.L] Cegeka OS Management\\[PRD.0.L.126] Cegeka OS Management Linux\\SD - Cegeka OS Management - Linux on Microsoft Azure [PRD.0.L.126][PV1.0][DV1.0].docx']
[2026-03-18 00:51:58] [TID:5928] [DEBUG][stdout] EXTRACT ERROR: [Errno 2] No such file or directory: 'C:\\Users\\koengo\\Cegeka\\Product Management - Product Management Library\\Business Line - Cloud and Digital Platforms\\[0.L] Cegeka OS Management\\[PRD.0.L.126] Cegeka OS Management Linux\\SD - Cegeka OS Management - Linux on Microsoft Azure [PRD.0.L.126][PV1.0][DV1.0].docx'

[2026-03-18 00:51:58] [TID:5928] ERROR SD - Cegeka OS Management - Linux on Microsoft Azure [PRD.0.L.126][PV1.0][DV1.0].docx: [extract_html] FAILED with exit code 1
[2026-03-18 01:01:15] [TID:19944] START SD - Cegeka OS Management - Linux on Microsoft Azure [PRD.0.L.126][PV1.0][DV1.0].docx
[2026-03-18 01:01:15] [TID:19944] [DEBUG] Running step: extract_html
[2026-03-18 01:01:15] [TID:19944] [DEBUG] Command: ['C:\\Users\\koengo\\AppData\\Local\\Programs\\Python\\Python312\\python.exe', 'C:\\Users\\koengo\\OneDrive - Cegeka\\Documents\\Reusable Assets\\Products\\scripts\\extract_html.py', 'C:\\Users\\koengo\\Cegeka\\Product Management - Product Management Library\\Business Line - Cloud and Digital Platforms\\[0.L] Cegeka OS Management\\[PRD.0.L.126] Cegeka OS Management Linux\\SD - Cegeka OS Management - Linux on Microsoft Azure [PRD.0.L.126][PV1.0][DV1.0].docx']
[2026-03-18 01:01:16] [TID:19944] [DEBUG][stdout] EXTRACT ERROR: [Errno 2] No such file or directory: 'C:\\Users\\koengo\\Cegeka\\Product Management - Product Management Library\\Business Line - Cloud and Digital Platforms\\[0.L] Cegeka OS Management\\[PRD.0.L.126] Cegeka OS Management Linux\\SD - Cegeka OS Management - Linux on Microsoft Azure [PRD.0.L.126][PV1.0][DV1.0].docx'

[2026-03-18 01:01:16] [TID:19944] ERROR SD - Cegeka OS Management - Linux on Microsoft Azure [PRD.0.L.126][PV1.0][DV1.0].docx: [extract_html] FAILED with exit code 1
[2026-03-18 01:16:51] [TID:28236] START SD - Cegeka OS Management - Linux on Microsoft Azure [PRD.0.L.126][PV1.0][DV1.0].docx
[2026-03-18 01:16:51] [TID:28236] [DEBUG] Running step: extract_html
[2026-03-18 01:16:51] [TID:28236] [DEBUG] Command: ['C:\\Users\\koengo\\AppData\\Local\\Programs\\Python\\Python312\\python.exe', 'C:\\Users\\koengo\\OneDrive - Cegeka\\Documents\\Reusable Assets\\Products\\scripts\\extract_html.py', 'C:\\Users\\koengo\\Cegeka\\Product Management - Product Management Library\\Business Line - Cloud and Digital Platforms\\[0.L] Cegeka OS Management\\[PRD.0.L.126] Cegeka OS Management Linux\\SD - Cegeka OS Management - Linux on Microsoft Azure [PRD.0.L.126][PV1.0][DV1.0].docx']
[2026-03-18 01:16:51] [TID:28236] [DEBUG][stdout] EXTRACT ERROR: [Errno 2] No such file or directory: 'C:\\Users\\koengo\\Cegeka\\Product Management - Product Management Library\\Business Line - Cloud and Digital Platforms\\[0.L] Cegeka OS Management\\[PRD.0.L.126] Cegeka OS Management Linux\\SD - Cegeka OS Management - Linux on Microsoft Azure [PRD.0.L.126][PV1.0][DV1.0].docx'

[2026-03-18 01:16:51] [TID:28236] ERROR SD - Cegeka OS Management - Linux on Microsoft Azure [PRD.0.L.126][PV1.0][DV1.0].docx: [extract_html] FAILED with exit code 1
[2026-03-18 01:30:48] [TID:2584] START SD - Cegeka OS Management - Linux on Microsoft Azure [PRD.0.L.126][PV1.0][DV1.0].docx
[2026-03-18 01:30:48] [TID:2584] [DEBUG] Running step: extract_html
[2026-03-18 01:30:48] [TID:2584] [DEBUG] Command: ['C:\\Users\\koengo\\AppData\\Local\\Programs\\Python\\Python312\\python.exe', 'C:\\Users\\koengo\\OneDrive - Cegeka\\Documents\\Reusable Assets\\Products\\scripts\\extract_html.py', 'C:\\Users\\koengo\\Cegeka\\Product Management - Product Management Library\\Business Line - Cloud and Digital Platforms\\[0.L] Cegeka OS Management\\[PRD.0.L.126] Cegeka OS Management Linux\\SD - Cegeka OS Management - Linux on Microsoft Azure [PRD.0.L.126][PV1.0][DV1.0].docx']
[2026-03-18 01:30:48] [TID:2584] [DEBUG][stderr]   File "C:\Users\koengo\OneDrive - Cegeka\Documents\Reusable Assets\Products\scripts\extract_html.py", line 31
    ``
    ^
SyntaxError: invalid syntax

[2026-03-18 01:30:48] [TID:2584] ERROR SD - Cegeka OS Management - Linux on Microsoft Azure [PRD.0.L.126][PV1.0][DV1.0].docx: [extract_html] FAILED with exit code 1
[2026-03-18 01:33:10] [TID:19504] START SD - Cegeka OS Management - Linux on Microsoft Azure [PRD.0.L.126][PV1.0][DV1.0].docx
[2026-03-18 01:33:10] [TID:19504] [DEBUG] Running step: extract_html
[2026-03-18 01:33:10] [TID:19504] [DEBUG] Command: ['C:\\Users\\koengo\\AppData\\Local\\Programs\\Python\\Python312\\python.exe', 'C:\\Users\\koengo\\OneDrive - Cegeka\\Documents\\Reusable Assets\\Products\\scripts\\extract_html.py', 'C:\\Users\\koengo\\Cegeka\\Product Management - Product Management Library\\Business Line - Cloud and Digital Platforms\\[0.L] Cegeka OS Management\\[PRD.0.L.126] Cegeka OS Management Linux\\SD - Cegeka OS Management - Linux on Microsoft Azure [PRD.0.L.126][PV1.0][DV1.0].docx']
[2026-03-18 01:33:10] [TID:19504] [DEBUG][stdout] EXTRACT ERROR: [Errno 2] No such file or directory: 'C:\\Users\\koengo\\Cegeka\\Product Management - Product Management Library\\Business Line - Cloud and Digital Platforms\\[0.L] Cegeka OS Management\\[PRD.0.L.126] Cegeka OS Management Linux\\SD - Cegeka OS Management - Linux on Microsoft Azure [PRD.0.L.126][PV1.0][DV1.0].docx'

[2026-03-18 01:33:10] [TID:19504] ERROR SD - Cegeka OS Management - Linux on Microsoft Azure [PRD.0.L.126][PV1.0][DV1.0].docx: [extract_html] FAILED with exit code 1
[2026-03-18 01:40:21] [TID:5648] START SD - Cegeka OS Management - Linux on Microsoft Azure [PRD.0.L.126][PV1.0][DV1.0].docx
[2026-03-18 01:40:21] [TID:5648] [DEBUG] Running step: extract_html
[2026-03-18 01:40:21] [TID:5648] [DEBUG] Command: ['C:\\Users\\koengo\\AppData\\Local\\Programs\\Python\\Python312\\python.exe', 'C:\\Users\\koengo\\OneDrive - Cegeka\\Documents\\Reusable Assets\\Products\\scripts\\extract_html.py', 'C:\\Users\\koengo\\Cegeka\\Product Management - Product Management Library\\Business Line - Cloud and Digital Platforms\\[0.L] Cegeka OS Management\\[PRD.0.L.126] Cegeka OS Management Linux\\SD - Cegeka OS Management - Linux on Microsoft Azure [PRD.0.L.126][PV1.0][DV1.0].docx']
[2026-03-18 01:40:21] [TID:5648] [DEBUG][stdout] EXTRACT ERROR: [Errno 2] No such file or directory: 'C:\\Users\\koengo\\Cegeka\\Product Management - Product Management Library\\Business Line - Cloud and Digital Platforms\\[0.L] Cegeka OS Management\\[PRD.0.L.126] Cegeka OS Management Linux\\SD - Cegeka OS Management - Linux on Microsoft Azure [PRD.0.L.126][PV1.0][DV1.0].docx'

[2026-03-18 01:40:21] [TID:5648] ERROR SD - Cegeka OS Management - Linux on Microsoft Azure [PRD.0.L.126][PV1.0][DV1.0].docx: [extract_html] FAILED with exit code 1
