[2026-03-17 23:34:05] [TID:22228] Start processing SD: SD - TAM IPaaS Boomi [PRD.0.L.142][PV0.7][DV1.0].docx
[2026-03-17 23:34:05] [TID:22228] Extracting HTML...
[2026-03-17 23:34:06] [TID:22228] ERROR SD - TAM IPaaS Boomi [PRD.0.L.142][PV0.7][DV1.0].docx: Command '['C:\\Users\\koengo\\AppData\\Local\\Programs\\Python\\Python312\\python.exe', 'C:\\Users\\koengo\\OneDrive - Cegeka\\Documents\\Reusable Assets\\Products\\scripts\\extract_html.py', 'C:\\Users\\koengo\\Cegeka\\Product Management - Product Management Library\\Business Line - Cloud and Digital Platforms\\[0.L] Outsourcing Services\\SD - TAM IPaaS Boomi [PRD.0.L.142][PV0.7][DV1.0].docx']' returned non-zero exit status 1.
[2026-03-17 23:39:26] [TID:13704] START SD - TAM IPaaS Boomi [PRD.0.L.142][PV0.7][DV1.0].docx
[2026-03-17 23:39:26] [TID:13704] Extracting HTML...
[2026-03-17 23:39:28] [TID:13704] ERROR SD - TAM IPaaS Boomi [PRD.0.L.142][PV0.7][DV1.0].docx: Command '['C:\\Users\\koengo\\AppData\\Local\\Programs\\Python\\Python312\\python.exe', 'C:\\Users\\koengo\\OneDrive - Cegeka\\Documents\\Reusable Assets\\Products\\scripts\\extract_html.py', 'C:\\Users\\koengo\\Cegeka\\Product Management - Product Management Library\\Business Line - Cloud and Digital Platforms\\[0.L] Outsourcing Services\\SD - TAM IPaaS Boomi [PRD.0.L.142][PV0.7][DV1.0].docx']' returned non-zero exit status 1.
[2026-03-17 23:44:38] [TID:17020] START SD - TAM IPaaS Boomi [PRD.0.L.142][PV0.7][DV1.0].docx
[2026-03-17 23:44:38] [TID:17020] Extracting HTML...
[2026-03-17 23:44:39] [TID:17020] ERROR SD - TAM IPaaS Boomi [PRD.0.L.142][PV0.7][DV1.0].docx: Command '['C:\\Users\\koengo\\AppData\\Local\\Programs\\Python\\Python312\\python.exe', 'C:\\Users\\koengo\\OneDrive - Cegeka\\Documents\\Reusable Assets\\Products\\scripts\\extract_html.py', 'C:\\Users\\koengo\\Cegeka\\Product Management - Product Management Library\\Business Line - Cloud and Digital Platforms\\[0.L] Outsourcing Services\\SD - TAM IPaaS Boomi [PRD.0.L.142][PV0.7][DV1.0].docx']' returned non-zero exit status 1.
[2026-03-17 23:47:05] [TID:25432] START SD - TAM IPaaS Boomi [PRD.0.L.142][PV0.7][DV1.0].docx
[2026-03-17 23:47:06] [TID:25432] Extracting HTML...
[2026-03-17 23:47:07] [TID:25432] ERROR SD - TAM IPaaS Boomi [PRD.0.L.142][PV0.7][DV1.0].docx: Command '['C:\\Users\\koengo\\AppData\\Local\\Programs\\Python\\Python312\\python.exe', 'C:\\Users\\koengo\\OneDrive - Cegeka\\Documents\\Reusable Assets\\Products\\scripts\\extract_html.py', 'C:\\Users\\koengo\\Cegeka\\Product Management - Product Management Library\\Business Line - Cloud and Digital Platforms\\[0.L] Outsourcing Services\\SD - TAM IPaaS Boomi [PRD.0.L.142][PV0.7][DV1.0].docx']' returned non-zero exit status 1.
[2026-03-17 23:54:35] [TID:4172] START SD - TAM IPaaS Boomi [PRD.0.L.142][PV0.7][DV1.0].docx
[2026-03-17 23:54:35] [TID:4172] Extracting HTML...
[2026-03-17 23:54:37] [TID:4172] ERROR SD - TAM IPaaS Boomi [PRD.0.L.142][PV0.7][DV1.0].docx: Command '['C:\\Users\\koengo\\AppData\\Local\\Programs\\Python\\Python312\\python.exe', 'C:\\Users\\koengo\\OneDrive - Cegeka\\Documents\\Reusable Assets\\Products\\scripts\\extract_html.py', 'C:\\Users\\koengo\\Cegeka\\Product Management - Product Management Library\\Business Line - Cloud and Digital Platforms\\[0.L] Outsourcing Services\\SD - TAM IPaaS Boomi [PRD.0.L.142][PV0.7][DV1.0].docx']' returned non-zero exit status 1.
[2026-03-18 00:02:01] [TID:4276] START SD - TAM IPaaS Boomi [PRD.0.L.142][PV0.7][DV1.0].docx
[2026-03-18 00:02:01] [TID:4276] Extracting HTML...
[2026-03-18 00:02:02] [TID:4276] ERROR SD - TAM IPaaS Boomi [PRD.0.L.142][PV0.7][DV1.0].docx: Command '['C:\\Users\\koengo\\AppData\\Local\\Programs\\Python\\Python312\\python.exe', 'C:\\Users\\koengo\\OneDrive - Cegeka\\Documents\\Reusable Assets\\Products\\scripts\\extract_html.py', 'C:\\Users\\koengo\\Cegeka\\Product Management - Product Management Library\\Business Line - Cloud and Digital Platforms\\[0.L] Outsourcing Services\\SD - TAM IPaaS Boomi [PRD.0.L.142][PV0.7][DV1.0].docx']' returned non-zero exit status 1.
[2026-03-18 00:11:13] [TID:19732] START SD - TAM IPaaS Boomi [PRD.0.L.142][PV0.7][DV1.0].docx
[2026-03-18 00:11:13] [TID:19732] Extracting HTML...
[2026-03-18 00:11:14] [TID:19732] ERROR SD - TAM IPaaS Boomi [PRD.0.L.142][PV0.7][DV1.0].docx: Command '['C:\\Users\\koengo\\AppData\\Local\\Programs\\Python\\Python312\\python.exe', 'C:\\Users\\koengo\\OneDrive - Cegeka\\Documents\\Reusable Assets\\Products\\scripts\\extract_html.py', 'C:\\Users\\koengo\\Cegeka\\Product Management - Product Management Library\\Business Line - Cloud and Digital Platforms\\[0.L] Outsourcing Services\\SD - TAM IPaaS Boomi [PRD.0.L.142][PV0.7][DV1.0].docx']' returned non-zero exit status 1.
[2026-03-18 00:24:28] [TID:29648] START SD - TAM IPaaS Boomi [PRD.0.L.142][PV0.7][DV1.0].docx
[2026-03-18 00:24:28] [TID:29648] [DEBUG] Running step: extract_html
[2026-03-18 00:24:28] [TID:29648] [DEBUG] Command: ['C:\\Users\\koengo\\AppData\\Local\\Programs\\Python\\Python312\\python.exe', 'C:\\Users\\koengo\\OneDrive - Cegeka\\Documents\\Reusable Assets\\Products\\scripts\\extract_html.py', 'C:\\Users\\koengo\\Cegeka\\Product Management - Product Management Library\\Business Line - Cloud and Digital Platforms\\[0.L] Outsourcing Services\\SD - TAM IPaaS Boomi [PRD.0.L.142][PV0.7][DV1.0].docx']
[2026-03-18 00:24:29] [TID:29648] [DEBUG][stderr] Traceback (most recent call last):
  File "C:\Users\koengo\OneDrive - Cegeka\Documents\Reusable Assets\Products\scripts\extract_html.py", line 17, in <module>
    print(f"\u2714 HTML saved \u2192 {out_file}")
  File "C:\Users\koengo\AppData\Local\Programs\Python\Python312\Lib\encodings\cp1252.py", line 19, in encode
    return codecs.charmap_encode(input,self.errors,encoding_table)[0]
           ^^^^^^^^^^^^^^^^^^^^^^^^^^^^^^^^^^^^^^^^^^^^^^^^^^^^^^^
UnicodeEncodeError: 'charmap' codec can't encode character '\u2714' in position 0: character maps to <undefined>

[2026-03-18 00:24:29] [TID:29648] ERROR SD - TAM IPaaS Boomi [PRD.0.L.142][PV0.7][DV1.0].docx: [extract_html] FAILED with exit code 1
[2026-03-18 00:28:29] [TID:26240] START SD - TAM IPaaS Boomi [PRD.0.L.142][PV0.7][DV1.0].docx
[2026-03-18 00:28:29] [TID:26240] [DEBUG] Running step: extract_html
[2026-03-18 00:28:29] [TID:26240] [DEBUG] Command: ['C:\\Users\\koengo\\AppData\\Local\\Programs\\Python\\Python312\\python.exe', 'C:\\Users\\koengo\\OneDrive - Cegeka\\Documents\\Reusable Assets\\Products\\scripts\\extract_html.py', 'C:\\Users\\koengo\\Cegeka\\Product Management - Product Management Library\\Business Line - Cloud and Digital Platforms\\[0.L] Outsourcing Services\\SD - TAM IPaaS Boomi [PRD.0.L.142][PV0.7][DV1.0].docx']
[2026-03-18 00:28:30] [TID:26240] [DEBUG][stderr] Traceback (most recent call last):
  File "C:\Users\koengo\OneDrive - Cegeka\Documents\Reusable Assets\Products\scripts\extract_html.py", line 17, in <module>
    print(f"\u2714 HTML saved \u2192 {out_file}")
  File "C:\Users\koengo\AppData\Local\Programs\Python\Python312\Lib\encodings\cp1252.py", line 19, in encode
    return codecs.charmap_encode(input,self.errors,encoding_table)[0]
           ^^^^^^^^^^^^^^^^^^^^^^^^^^^^^^^^^^^^^^^^^^^^^^^^^^^^^^^
UnicodeEncodeError: 'charmap' codec can't encode character '\u2714' in position 0: character maps to <undefined>

[2026-03-18 00:28:30] [TID:26240] ERROR SD - TAM IPaaS Boomi [PRD.0.L.142][PV0.7][DV1.0].docx: [extract_html] FAILED with exit code 1
[2026-03-18 00:39:29] [TID:3812] START SD - TAM IPaaS Boomi [PRD.0.L.142][PV0.7][DV1.0].docx
[2026-03-18 00:39:29] [TID:3812] [DEBUG] Running step: extract_html
[2026-03-18 00:39:29] [TID:3812] [DEBUG] Command: ['C:\\Users\\koengo\\AppData\\Local\\Programs\\Python\\Python312\\python.exe', 'C:\\Users\\koengo\\OneDrive - Cegeka\\Documents\\Reusable Assets\\Products\\scripts\\extract_html.py', 'C:\\Users\\koengo\\Cegeka\\Product Management - Product Management Library\\Business Line - Cloud and Digital Platforms\\[0.L] Outsourcing Services\\SD - TAM IPaaS Boomi [PRD.0.L.142][PV0.7][DV1.0].docx']
[2026-03-18 00:39:30] [TID:3812] [DEBUG][stderr] Traceback (most recent call last):
  File "C:\Users\koengo\OneDrive - Cegeka\Documents\Reusable Assets\Products\scripts\extract_html.py", line 17, in <module>
    print(f"\u2714 HTML saved \u2192 {out_file}")
  File "C:\Users\koengo\AppData\Local\Programs\Python\Python312\Lib\encodings\cp1252.py", line 19, in encode
    return codecs.charmap_encode(input,self.errors,encoding_table)[0]
           ^^^^^^^^^^^^^^^^^^^^^^^^^^^^^^^^^^^^^^^^^^^^^^^^^^^^^^^
UnicodeEncodeError: 'charmap' codec can't encode character '\u2714' in position 0: character maps to <undefined>

[2026-03-18 00:39:30] [TID:3812] ERROR SD - TAM IPaaS Boomi [PRD.0.L.142][PV0.7][DV1.0].docx: [extract_html] FAILED with exit code 1
[2026-03-18 00:51:50] [TID:5928] START SD - TAM IPaaS Boomi [PRD.0.L.142][PV0.7][DV1.0].docx
[2026-03-18 00:51:50] [TID:5928] [DEBUG] Running step: extract_html
[2026-03-18 00:51:50] [TID:5928] [DEBUG] Command: ['C:\\Users\\koengo\\AppData\\Local\\Programs\\Python\\Python312\\python.exe', 'C:\\Users\\koengo\\OneDrive - Cegeka\\Documents\\Reusable Assets\\Products\\scripts\\extract_html.py', 'C:\\Users\\koengo\\Cegeka\\Product Management - Product Management Library\\Business Line - Cloud and Digital Platforms\\[0.L] Outsourcing Services\\SD - TAM IPaaS Boomi [PRD.0.L.142][PV0.7][DV1.0].docx']
[2026-03-18 00:51:51] [TID:5928] [DEBUG][stdout] ✔ HTML saved for SD - TAM IPaaS Boomi [PRD.0.L.142][PV0.7][DV1.0].docx

[2026-03-18 00:51:51] [TID:5928] [DEBUG] Step 'extract_html' OK
[2026-03-18 00:51:51] [TID:5928] [DEBUG] Running step: parse_html
[2026-03-18 00:51:51] [TID:5928] [DEBUG] Command: ['C:\\Users\\koengo\\AppData\\Local\\Programs\\Python\\Python312\\python.exe', 'C:\\Users\\koengo\\OneDrive - Cegeka\\Documents\\Reusable Assets\\Products\\scripts\\parse_html_sections.py', 'extracted_html\\SD - TAM IPaaS Boomi [PRD.0.L.142][PV0.7][DV1.0].html']
[2026-03-18 00:51:51] [TID:5928] [DEBUG][stdout] ✔ Robust parsed → output\json\SD - TAM IPaaS Boomi [PRD.0.L.142][PV0.7][DV1.0].json

[2026-03-18 00:51:51] [TID:5928] [DEBUG] Step 'parse_html' OK
[2026-03-18 00:51:51] [TID:5928] [DEBUG] Running step: auto_map
[2026-03-18 00:51:51] [TID:5928] [DEBUG] Command: ['C:\\Users\\koengo\\AppData\\Local\\Programs\\Python\\Python312\\python.exe', 'C:\\Users\\koengo\\OneDrive - Cegeka\\Documents\\Reusable Assets\\Products\\scripts\\auto_map_sections.py', 'output\\json\\SD - TAM IPaaS Boomi [PRD.0.L.142][PV0.7][DV1.0].json']
[2026-03-18 00:51:51] [TID:5928] [DEBUG][stderr]   File "C:\Users\koengo\OneDrive - Cegeka\Documents\Reusable Assets\Products\scripts\auto_map_sections.py", line 26
    ``
    ^
SyntaxError: invalid syntax

[2026-03-18 00:51:51] [TID:5928] ERROR SD - TAM IPaaS Boomi [PRD.0.L.142][PV0.7][DV1.0].docx: [auto_map] FAILED with exit code 1
[2026-03-18 01:01:08] [TID:14528] START SD - TAM IPaaS Boomi [PRD.0.L.142][PV0.7][DV1.0].docx
[2026-03-18 01:01:08] [TID:14528] [DEBUG] Running step: extract_html
[2026-03-18 01:01:08] [TID:14528] [DEBUG] Command: ['C:\\Users\\koengo\\AppData\\Local\\Programs\\Python\\Python312\\python.exe', 'C:\\Users\\koengo\\OneDrive - Cegeka\\Documents\\Reusable Assets\\Products\\scripts\\extract_html.py', 'C:\\Users\\koengo\\Cegeka\\Product Management - Product Management Library\\Business Line - Cloud and Digital Platforms\\[0.L] Outsourcing Services\\SD - TAM IPaaS Boomi [PRD.0.L.142][PV0.7][DV1.0].docx']
[2026-03-18 01:01:09] [TID:14528] [DEBUG][stdout] ✔ HTML saved for SD - TAM IPaaS Boomi [PRD.0.L.142][PV0.7][DV1.0].docx

[2026-03-18 01:01:09] [TID:14528] [DEBUG] Step 'extract_html' OK
[2026-03-18 01:01:09] [TID:14528] [DEBUG] Running step: parse_html
[2026-03-18 01:01:09] [TID:14528] [DEBUG] Command: ['C:\\Users\\koengo\\AppData\\Local\\Programs\\Python\\Python312\\python.exe', 'C:\\Users\\koengo\\OneDrive - Cegeka\\Documents\\Reusable Assets\\Products\\scripts\\parse_html_sections.py', 'extracted_html\\SD - TAM IPaaS Boomi [PRD.0.L.142][PV0.7][DV1.0].html']
[2026-03-18 01:01:10] [TID:14528] [DEBUG][stdout] ✔ Robust parsed → output\json\SD - TAM IPaaS Boomi [PRD.0.L.142][PV0.7][DV1.0].json

[2026-03-18 01:01:10] [TID:14528] [DEBUG] Step 'parse_html' OK
[2026-03-18 01:01:10] [TID:14528] [DEBUG] Running step: auto_map
[2026-03-18 01:01:10] [TID:14528] [DEBUG] Command: ['C:\\Users\\koengo\\AppData\\Local\\Programs\\Python\\Python312\\python.exe', 'C:\\Users\\koengo\\OneDrive - Cegeka\\Documents\\Reusable Assets\\Products\\scripts\\auto_map_sections.py', 'output\\json\\SD - TAM IPaaS Boomi [PRD.0.L.142][PV0.7][DV1.0].json']
[2026-03-18 01:01:10] [TID:14528] [DEBUG][stderr]   File "C:\Users\koengo\OneDrive - Cegeka\Documents\Reusable Assets\Products\scripts\auto_map_sections.py", line 26
    ``
    ^
SyntaxError: invalid syntax

[2026-03-18 01:01:10] [TID:14528] ERROR SD - TAM IPaaS Boomi [PRD.0.L.142][PV0.7][DV1.0].docx: [auto_map] FAILED with exit code 1
[2026-03-18 01:16:44] [TID:18856] START SD - TAM IPaaS Boomi [PRD.0.L.142][PV0.7][DV1.0].docx
[2026-03-18 01:16:44] [TID:18856] [DEBUG] Running step: extract_html
[2026-03-18 01:16:44] [TID:18856] [DEBUG] Command: ['C:\\Users\\koengo\\AppData\\Local\\Programs\\Python\\Python312\\python.exe', 'C:\\Users\\koengo\\OneDrive - Cegeka\\Documents\\Reusable Assets\\Products\\scripts\\extract_html.py', 'C:\\Users\\koengo\\Cegeka\\Product Management - Product Management Library\\Business Line - Cloud and Digital Platforms\\[0.L] Outsourcing Services\\SD - TAM IPaaS Boomi [PRD.0.L.142][PV0.7][DV1.0].docx']
[2026-03-18 01:16:44] [TID:18856] [DEBUG][stdout] ✔ HTML saved for SD - TAM IPaaS Boomi [PRD.0.L.142][PV0.7][DV1.0].docx

[2026-03-18 01:16:44] [TID:18856] [DEBUG] Step 'extract_html' OK
[2026-03-18 01:16:44] [TID:18856] [DEBUG] Running step: parse_html
[2026-03-18 01:16:44] [TID:18856] [DEBUG] Command: ['C:\\Users\\koengo\\AppData\\Local\\Programs\\Python\\Python312\\python.exe', 'C:\\Users\\koengo\\OneDrive - Cegeka\\Documents\\Reusable Assets\\Products\\scripts\\parse_html_sections.py', 'extracted_html\\SD - TAM IPaaS Boomi [PRD.0.L.142][PV0.7][DV1.0].html']
[2026-03-18 01:16:45] [TID:18856] [DEBUG][stdout] ✔ Robust parsed → output\json\SD - TAM IPaaS Boomi [PRD.0.L.142][PV0.7][DV1.0].json

[2026-03-18 01:16:45] [TID:18856] [DEBUG] Step 'parse_html' OK
[2026-03-18 01:16:45] [TID:18856] [DEBUG] Running step: auto_map
[2026-03-18 01:16:45] [TID:18856] [DEBUG] Command: ['C:\\Users\\koengo\\AppData\\Local\\Programs\\Python\\Python312\\python.exe', 'C:\\Users\\koengo\\OneDrive - Cegeka\\Documents\\Reusable Assets\\Products\\scripts\\auto_map_sections.py', 'output\\json\\SD - TAM IPaaS Boomi [PRD.0.L.142][PV0.7][DV1.0].json']
[2026-03-18 01:16:45] [TID:18856] [DEBUG][stderr]   File "C:\Users\koengo\OneDrive - Cegeka\Documents\Reusable Assets\Products\scripts\auto_map_sections.py", line 26
    ``
    ^
SyntaxError: invalid syntax

[2026-03-18 01:16:45] [TID:18856] ERROR SD - TAM IPaaS Boomi [PRD.0.L.142][PV0.7][DV1.0].docx: [auto_map] FAILED with exit code 1
[2026-03-18 01:30:47] [TID:24236] START SD - TAM IPaaS Boomi [PRD.0.L.142][PV0.7][DV1.0].docx
[2026-03-18 01:30:47] [TID:24236] [DEBUG] Running step: extract_html
[2026-03-18 01:30:47] [TID:24236] [DEBUG] Command: ['C:\\Users\\koengo\\AppData\\Local\\Programs\\Python\\Python312\\python.exe', 'C:\\Users\\koengo\\OneDrive - Cegeka\\Documents\\Reusable Assets\\Products\\scripts\\extract_html.py', 'C:\\Users\\koengo\\Cegeka\\Product Management - Product Management Library\\Business Line - Cloud and Digital Platforms\\[0.L] Outsourcing Services\\SD - TAM IPaaS Boomi [PRD.0.L.142][PV0.7][DV1.0].docx']
[2026-03-18 01:30:47] [TID:24236] [DEBUG][stderr]   File "C:\Users\koengo\OneDrive - Cegeka\Documents\Reusable Assets\Products\scripts\extract_html.py", line 31
    ``
    ^
SyntaxError: invalid syntax

[2026-03-18 01:30:47] [TID:24236] ERROR SD - TAM IPaaS Boomi [PRD.0.L.142][PV0.7][DV1.0].docx: [extract_html] FAILED with exit code 1
[2026-03-18 01:33:03] [TID:16984] START SD - TAM IPaaS Boomi [PRD.0.L.142][PV0.7][DV1.0].docx
[2026-03-18 01:33:03] [TID:16984] [DEBUG] Running step: extract_html
[2026-03-18 01:33:03] [TID:16984] [DEBUG] Command: ['C:\\Users\\koengo\\AppData\\Local\\Programs\\Python\\Python312\\python.exe', 'C:\\Users\\koengo\\OneDrive - Cegeka\\Documents\\Reusable Assets\\Products\\scripts\\extract_html.py', 'C:\\Users\\koengo\\Cegeka\\Product Management - Product Management Library\\Business Line - Cloud and Digital Platforms\\[0.L] Outsourcing Services\\SD - TAM IPaaS Boomi [PRD.0.L.142][PV0.7][DV1.0].docx']
[2026-03-18 01:33:03] [TID:16984] [DEBUG][stdout] HTML saved: SD - TAM IPaaS Boomi [PRD.0.L.142][PV0.7][DV1.0].html

[2026-03-18 01:33:03] [TID:16984] [DEBUG] Step 'extract_html' OK
[2026-03-18 01:33:03] [TID:16984] [DEBUG] Running step: parse_html
[2026-03-18 01:33:03] [TID:16984] [DEBUG] Command: ['C:\\Users\\koengo\\AppData\\Local\\Programs\\Python\\Python312\\python.exe', 'C:\\Users\\koengo\\OneDrive - Cegeka\\Documents\\Reusable Assets\\Products\\scripts\\parse_html_sections.py', 'extracted_html\\SD - TAM IPaaS Boomi [PRD.0.L.142][PV0.7][DV1.0].html']
[2026-03-18 01:33:04] [TID:16984] [DEBUG][stdout] ✔ Robust parsed → output\json\SD - TAM IPaaS Boomi [PRD.0.L.142][PV0.7][DV1.0].json

[2026-03-18 01:33:04] [TID:16984] [DEBUG] Step 'parse_html' OK
[2026-03-18 01:33:04] [TID:16984] [DEBUG] Running step: auto_map
[2026-03-18 01:33:04] [TID:16984] [DEBUG] Command: ['C:\\Users\\koengo\\AppData\\Local\\Programs\\Python\\Python312\\python.exe', 'C:\\Users\\koengo\\OneDrive - Cegeka\\Documents\\Reusable Assets\\Products\\scripts\\auto_map_sections.py', 'output\\json\\SD - TAM IPaaS Boomi [PRD.0.L.142][PV0.7][DV1.0].json']
[2026-03-18 01:33:04] [TID:16984] [DEBUG][stderr]   File "C:\Users\koengo\OneDrive - Cegeka\Documents\Reusable Assets\Products\scripts\auto_map_sections.py", line 26
    ``
    ^
SyntaxError: invalid syntax

[2026-03-18 01:33:04] [TID:16984] ERROR SD - TAM IPaaS Boomi [PRD.0.L.142][PV0.7][DV1.0].docx: [auto_map] FAILED with exit code 1
[2026-03-18 01:40:13] [TID:28640] START SD - TAM IPaaS Boomi [PRD.0.L.142][PV0.7][DV1.0].docx
[2026-03-18 01:40:13] [TID:28640] [DEBUG] Running step: extract_html
[2026-03-18 01:40:13] [TID:28640] [DEBUG] Command: ['C:\\Users\\koengo\\AppData\\Local\\Programs\\Python\\Python312\\python.exe', 'C:\\Users\\koengo\\OneDrive - Cegeka\\Documents\\Reusable Assets\\Products\\scripts\\extract_html.py', 'C:\\Users\\koengo\\Cegeka\\Product Management - Product Management Library\\Business Line - Cloud and Digital Platforms\\[0.L] Outsourcing Services\\SD - TAM IPaaS Boomi [PRD.0.L.142][PV0.7][DV1.0].docx']
[2026-03-18 01:40:14] [TID:28640] [DEBUG][stdout] HTML saved: SD - TAM IPaaS Boomi [PRD.0.L.142][PV0.7][DV1.0].html

[2026-03-18 01:40:14] [TID:28640] [DEBUG] Step 'extract_html' OK
[2026-03-18 01:40:14] [TID:28640] [DEBUG] Running step: parse_html
[2026-03-18 01:40:14] [TID:28640] [DEBUG] Command: ['C:\\Users\\koengo\\AppData\\Local\\Programs\\Python\\Python312\\python.exe', 'C:\\Users\\koengo\\OneDrive - Cegeka\\Documents\\Reusable Assets\\Products\\scripts\\parse_html_sections.py', 'extracted_html\\SD - TAM IPaaS Boomi [PRD.0.L.142][PV0.7][DV1.0].html']
[2026-03-18 01:40:14] [TID:28640] [DEBUG][stdout] ✔ Robust parsed → output\json\SD - TAM IPaaS Boomi [PRD.0.L.142][PV0.7][DV1.0].json

[2026-03-18 01:40:14] [TID:28640] [DEBUG] Step 'parse_html' OK
[2026-03-18 01:40:14] [TID:28640] [DEBUG] Running step: auto_map
[2026-03-18 01:40:14] [TID:28640] [DEBUG] Command: ['C:\\Users\\koengo\\AppData\\Local\\Programs\\Python\\Python312\\python.exe', 'C:\\Users\\koengo\\OneDrive - Cegeka\\Documents\\Reusable Assets\\Products\\scripts\\auto_map_sections.py', 'output\\json\\SD - TAM IPaaS Boomi [PRD.0.L.142][PV0.7][DV1.0].json']
[2026-03-18 01:40:14] [TID:28640] [DEBUG][stderr]   File "C:\Users\koengo\OneDrive - Cegeka\Documents\Reusable Assets\Products\scripts\auto_map_sections.py", line 26
    ``
    ^
SyntaxError: invalid syntax

[2026-03-18 01:40:14] [TID:28640] ERROR SD - TAM IPaaS Boomi [PRD.0.L.142][PV0.7][DV1.0].docx: [auto_map] FAILED with exit code 1
