[2026-03-17 23:34:00] [TID:22228] Start processing SD: SD - IBM Power on Premise [DV0.9].docx
[2026-03-17 23:34:00] [TID:22228] Extracting HTML...
[2026-03-17 23:34:01] [TID:22228] ERROR SD - IBM Power on Premise [DV0.9].docx: Command '['C:\\Users\\koengo\\AppData\\Local\\Programs\\Python\\Python312\\python.exe', 'C:\\Users\\koengo\\OneDrive - Cegeka\\Documents\\Reusable Assets\\Products\\scripts\\extract_html.py', 'C:\\Users\\koengo\\Cegeka\\Product Management - Product Management Library\\Business Line - Cloud and Digital Platforms\\[0.1] Cegeka IBM Power Services & Solutions\\SD - IBM Power on Premise [DV0.9].docx']' returned non-zero exit status 1.
[2026-03-17 23:39:21] [TID:15860] START SD - IBM Power on Premise [DV0.9].docx
[2026-03-17 23:39:21] [TID:15860] Extracting HTML...
[2026-03-17 23:39:23] [TID:15860] ERROR SD - IBM Power on Premise [DV0.9].docx: Command '['C:\\Users\\koengo\\AppData\\Local\\Programs\\Python\\Python312\\python.exe', 'C:\\Users\\koengo\\OneDrive - Cegeka\\Documents\\Reusable Assets\\Products\\scripts\\extract_html.py', 'C:\\Users\\koengo\\Cegeka\\Product Management - Product Management Library\\Business Line - Cloud and Digital Platforms\\[0.1] Cegeka IBM Power Services & Solutions\\SD - IBM Power on Premise [DV0.9].docx']' returned non-zero exit status 1.
[2026-03-17 23:44:33] [TID:22760] START SD - IBM Power on Premise [DV0.9].docx
[2026-03-17 23:44:33] [TID:22760] Extracting HTML...
[2026-03-17 23:44:35] [TID:22760] ERROR SD - IBM Power on Premise [DV0.9].docx: Command '['C:\\Users\\koengo\\AppData\\Local\\Programs\\Python\\Python312\\python.exe', 'C:\\Users\\koengo\\OneDrive - Cegeka\\Documents\\Reusable Assets\\Products\\scripts\\extract_html.py', 'C:\\Users\\koengo\\Cegeka\\Product Management - Product Management Library\\Business Line - Cloud and Digital Platforms\\[0.1] Cegeka IBM Power Services & Solutions\\SD - IBM Power on Premise [DV0.9].docx']' returned non-zero exit status 1.
[2026-03-17 23:47:00] [TID:29672] START SD - IBM Power on Premise [DV0.9].docx
[2026-03-17 23:47:00] [TID:29672] Extracting HTML...
[2026-03-17 23:47:02] [TID:29672] ERROR SD - IBM Power on Premise [DV0.9].docx: Command '['C:\\Users\\koengo\\AppData\\Local\\Programs\\Python\\Python312\\python.exe', 'C:\\Users\\koengo\\OneDrive - Cegeka\\Documents\\Reusable Assets\\Products\\scripts\\extract_html.py', 'C:\\Users\\koengo\\Cegeka\\Product Management - Product Management Library\\Business Line - Cloud and Digital Platforms\\[0.1] Cegeka IBM Power Services & Solutions\\SD - IBM Power on Premise [DV0.9].docx']' returned non-zero exit status 1.
[2026-03-17 23:54:30] [TID:22136] START SD - IBM Power on Premise [DV0.9].docx
[2026-03-17 23:54:30] [TID:22136] Extracting HTML...
[2026-03-17 23:54:32] [TID:22136] ERROR SD - IBM Power on Premise [DV0.9].docx: Command '['C:\\Users\\koengo\\AppData\\Local\\Programs\\Python\\Python312\\python.exe', 'C:\\Users\\koengo\\OneDrive - Cegeka\\Documents\\Reusable Assets\\Products\\scripts\\extract_html.py', 'C:\\Users\\koengo\\Cegeka\\Product Management - Product Management Library\\Business Line - Cloud and Digital Platforms\\[0.1] Cegeka IBM Power Services & Solutions\\SD - IBM Power on Premise [DV0.9].docx']' returned non-zero exit status 1.
[2026-03-18 00:01:56] [TID:22876] START SD - IBM Power on Premise [DV0.9].docx
[2026-03-18 00:01:56] [TID:22876] Extracting HTML...
[2026-03-18 00:01:58] [TID:22876] ERROR SD - IBM Power on Premise [DV0.9].docx: Command '['C:\\Users\\koengo\\AppData\\Local\\Programs\\Python\\Python312\\python.exe', 'C:\\Users\\koengo\\OneDrive - Cegeka\\Documents\\Reusable Assets\\Products\\scripts\\extract_html.py', 'C:\\Users\\koengo\\Cegeka\\Product Management - Product Management Library\\Business Line - Cloud and Digital Platforms\\[0.1] Cegeka IBM Power Services & Solutions\\SD - IBM Power on Premise [DV0.9].docx']' returned non-zero exit status 1.
[2026-03-18 00:11:07] [TID:5760] START SD - IBM Power on Premise [DV0.9].docx
[2026-03-18 00:11:07] [TID:5760] Extracting HTML...
[2026-03-18 00:11:09] [TID:5760] ERROR SD - IBM Power on Premise [DV0.9].docx: Command '['C:\\Users\\koengo\\AppData\\Local\\Programs\\Python\\Python312\\python.exe', 'C:\\Users\\koengo\\OneDrive - Cegeka\\Documents\\Reusable Assets\\Products\\scripts\\extract_html.py', 'C:\\Users\\koengo\\Cegeka\\Product Management - Product Management Library\\Business Line - Cloud and Digital Platforms\\[0.1] Cegeka IBM Power Services & Solutions\\SD - IBM Power on Premise [DV0.9].docx']' returned non-zero exit status 1.
[2026-03-18 00:24:19] [TID:6152] START SD - IBM Power on Premise [DV0.9].docx
[2026-03-18 00:24:19] [TID:6152] [DEBUG] Running step: extract_html
[2026-03-18 00:24:19] [TID:6152] [DEBUG] Command: ['C:\\Users\\koengo\\AppData\\Local\\Programs\\Python\\Python312\\python.exe', 'C:\\Users\\koengo\\OneDrive - Cegeka\\Documents\\Reusable Assets\\Products\\scripts\\extract_html.py', 'C:\\Users\\koengo\\Cegeka\\Product Management - Product Management Library\\Business Line - Cloud and Digital Platforms\\[0.1] Cegeka IBM Power Services & Solutions\\SD - IBM Power on Premise [DV0.9].docx']
[2026-03-18 00:24:20] [TID:6152] [DEBUG][stderr] Traceback (most recent call last):
  File "C:\Users\koengo\OneDrive - Cegeka\Documents\Reusable Assets\Products\scripts\extract_html.py", line 17, in <module>
    print(f"\u2714 HTML saved \u2192 {out_file}")
  File "C:\Users\koengo\AppData\Local\Programs\Python\Python312\Lib\encodings\cp1252.py", line 19, in encode
    return codecs.charmap_encode(input,self.errors,encoding_table)[0]
           ^^^^^^^^^^^^^^^^^^^^^^^^^^^^^^^^^^^^^^^^^^^^^^^^^^^^^^^
UnicodeEncodeError: 'charmap' codec can't encode character '\u2714' in position 0: character maps to <undefined>

[2026-03-18 00:24:20] [TID:6152] ERROR SD - IBM Power on Premise [DV0.9].docx: [extract_html] FAILED with exit code 1
[2026-03-18 00:28:20] [TID:29492] START SD - IBM Power on Premise [DV0.9].docx
[2026-03-18 00:28:20] [TID:29492] [DEBUG] Running step: extract_html
[2026-03-18 00:28:21] [TID:29492] [DEBUG] Command: ['C:\\Users\\koengo\\AppData\\Local\\Programs\\Python\\Python312\\python.exe', 'C:\\Users\\koengo\\OneDrive - Cegeka\\Documents\\Reusable Assets\\Products\\scripts\\extract_html.py', 'C:\\Users\\koengo\\Cegeka\\Product Management - Product Management Library\\Business Line - Cloud and Digital Platforms\\[0.1] Cegeka IBM Power Services & Solutions\\SD - IBM Power on Premise [DV0.9].docx']
[2026-03-18 00:28:22] [TID:29492] [DEBUG][stderr] Traceback (most recent call last):
  File "C:\Users\koengo\OneDrive - Cegeka\Documents\Reusable Assets\Products\scripts\extract_html.py", line 17, in <module>
    print(f"\u2714 HTML saved \u2192 {out_file}")
  File "C:\Users\koengo\AppData\Local\Programs\Python\Python312\Lib\encodings\cp1252.py", line 19, in encode
    return codecs.charmap_encode(input,self.errors,encoding_table)[0]
           ^^^^^^^^^^^^^^^^^^^^^^^^^^^^^^^^^^^^^^^^^^^^^^^^^^^^^^^
UnicodeEncodeError: 'charmap' codec can't encode character '\u2714' in position 0: character maps to <undefined>

[2026-03-18 00:28:22] [TID:29492] ERROR SD - IBM Power on Premise [DV0.9].docx: [extract_html] FAILED with exit code 1
[2026-03-18 00:39:21] [TID:22268] START SD - IBM Power on Premise [DV0.9].docx
[2026-03-18 00:39:21] [TID:22268] [DEBUG] Running step: extract_html
[2026-03-18 00:39:21] [TID:22268] [DEBUG] Command: ['C:\\Users\\koengo\\AppData\\Local\\Programs\\Python\\Python312\\python.exe', 'C:\\Users\\koengo\\OneDrive - Cegeka\\Documents\\Reusable Assets\\Products\\scripts\\extract_html.py', 'C:\\Users\\koengo\\Cegeka\\Product Management - Product Management Library\\Business Line - Cloud and Digital Platforms\\[0.1] Cegeka IBM Power Services & Solutions\\SD - IBM Power on Premise [DV0.9].docx']
[2026-03-18 00:39:22] [TID:22268] [DEBUG][stderr] Traceback (most recent call last):
  File "C:\Users\koengo\OneDrive - Cegeka\Documents\Reusable Assets\Products\scripts\extract_html.py", line 17, in <module>
    print(f"\u2714 HTML saved \u2192 {out_file}")
  File "C:\Users\koengo\AppData\Local\Programs\Python\Python312\Lib\encodings\cp1252.py", line 19, in encode
    return codecs.charmap_encode(input,self.errors,encoding_table)[0]
           ^^^^^^^^^^^^^^^^^^^^^^^^^^^^^^^^^^^^^^^^^^^^^^^^^^^^^^^
UnicodeEncodeError: 'charmap' codec can't encode character '\u2714' in position 0: character maps to <undefined>

[2026-03-18 00:39:22] [TID:22268] ERROR SD - IBM Power on Premise [DV0.9].docx: [extract_html] FAILED with exit code 1
[2026-03-18 00:46:53] [TID:29520] START SD - IBM Power on Premise [DV0.9].docx
[2026-03-18 00:46:53] [TID:29520] [DEBUG] Running step: extract_html
[2026-03-18 00:46:53] [TID:29520] [DEBUG] Command: ['C:\\Users\\koengo\\AppData\\Local\\Programs\\Python\\Python312\\python.exe', 'C:\\Users\\koengo\\OneDrive - Cegeka\\Documents\\Reusable Assets\\Products\\scripts\\extract_html.py', 'C:\\Users\\koengo\\Cegeka\\Product Management - Product Management Library\\Business Line - Cloud and Digital Platforms\\[0.1] Cegeka IBM Power Services & Solutions\\SD - IBM Power on Premise [DV0.9].docx']
[2026-03-18 00:51:40] [TID:18100] START SD - IBM Power on Premise [DV0.9].docx
[2026-03-18 00:51:40] [TID:18100] [DEBUG] Running step: extract_html
[2026-03-18 00:51:40] [TID:18100] [DEBUG] Command: ['C:\\Users\\koengo\\AppData\\Local\\Programs\\Python\\Python312\\python.exe', 'C:\\Users\\koengo\\OneDrive - Cegeka\\Documents\\Reusable Assets\\Products\\scripts\\extract_html.py', 'C:\\Users\\koengo\\Cegeka\\Product Management - Product Management Library\\Business Line - Cloud and Digital Platforms\\[0.1] Cegeka IBM Power Services & Solutions\\SD - IBM Power on Premise [DV0.9].docx']
[2026-03-18 00:51:41] [TID:18100] [DEBUG][stdout] ✔ HTML saved for SD - IBM Power on Premise [DV0.9].docx

[2026-03-18 00:51:41] [TID:18100] [DEBUG] Step 'extract_html' OK
[2026-03-18 00:51:41] [TID:18100] [DEBUG] Running step: parse_html
[2026-03-18 00:51:41] [TID:18100] [DEBUG] Command: ['C:\\Users\\koengo\\AppData\\Local\\Programs\\Python\\Python312\\python.exe', 'C:\\Users\\koengo\\OneDrive - Cegeka\\Documents\\Reusable Assets\\Products\\scripts\\parse_html_sections.py', 'extracted_html\\SD - IBM Power on Premise [DV0.9].html']
[2026-03-18 00:51:42] [TID:18100] [DEBUG][stdout] ✔ Robust parsed → output\json\SD - IBM Power on Premise [DV0.9].json

[2026-03-18 00:51:42] [TID:18100] [DEBUG] Step 'parse_html' OK
[2026-03-18 00:51:42] [TID:18100] [DEBUG] Running step: auto_map
[2026-03-18 00:51:42] [TID:18100] [DEBUG] Command: ['C:\\Users\\koengo\\AppData\\Local\\Programs\\Python\\Python312\\python.exe', 'C:\\Users\\koengo\\OneDrive - Cegeka\\Documents\\Reusable Assets\\Products\\scripts\\auto_map_sections.py', 'output\\json\\SD - IBM Power on Premise [DV0.9].json']
[2026-03-18 00:51:42] [TID:18100] [DEBUG][stderr]   File "C:\Users\koengo\OneDrive - Cegeka\Documents\Reusable Assets\Products\scripts\auto_map_sections.py", line 26
    ``
    ^
SyntaxError: invalid syntax

[2026-03-18 00:51:42] [TID:18100] ERROR SD - IBM Power on Premise [DV0.9].docx: [auto_map] FAILED with exit code 1
[2026-03-18 01:00:57] [TID:22128] START SD - IBM Power on Premise [DV0.9].docx
[2026-03-18 01:00:57] [TID:22128] [DEBUG] Running step: extract_html
[2026-03-18 01:00:57] [TID:22128] [DEBUG] Command: ['C:\\Users\\koengo\\AppData\\Local\\Programs\\Python\\Python312\\python.exe', 'C:\\Users\\koengo\\OneDrive - Cegeka\\Documents\\Reusable Assets\\Products\\scripts\\extract_html.py', 'C:\\Users\\koengo\\Cegeka\\Product Management - Product Management Library\\Business Line - Cloud and Digital Platforms\\[0.1] Cegeka IBM Power Services & Solutions\\SD - IBM Power on Premise [DV0.9].docx']
[2026-03-18 01:00:58] [TID:22128] [DEBUG][stdout] ✔ HTML saved for SD - IBM Power on Premise [DV0.9].docx

[2026-03-18 01:00:58] [TID:22128] [DEBUG] Step 'extract_html' OK
[2026-03-18 01:00:58] [TID:22128] [DEBUG] Running step: parse_html
[2026-03-18 01:00:58] [TID:22128] [DEBUG] Command: ['C:\\Users\\koengo\\AppData\\Local\\Programs\\Python\\Python312\\python.exe', 'C:\\Users\\koengo\\OneDrive - Cegeka\\Documents\\Reusable Assets\\Products\\scripts\\parse_html_sections.py', 'extracted_html\\SD - IBM Power on Premise [DV0.9].html']
[2026-03-18 01:00:59] [TID:22128] [DEBUG][stdout] ✔ Robust parsed → output\json\SD - IBM Power on Premise [DV0.9].json

[2026-03-18 01:00:59] [TID:22128] [DEBUG] Step 'parse_html' OK
[2026-03-18 01:00:59] [TID:22128] [DEBUG] Running step: auto_map
[2026-03-18 01:00:59] [TID:22128] [DEBUG] Command: ['C:\\Users\\koengo\\AppData\\Local\\Programs\\Python\\Python312\\python.exe', 'C:\\Users\\koengo\\OneDrive - Cegeka\\Documents\\Reusable Assets\\Products\\scripts\\auto_map_sections.py', 'output\\json\\SD - IBM Power on Premise [DV0.9].json']
[2026-03-18 01:00:59] [TID:22128] [DEBUG][stderr]   File "C:\Users\koengo\OneDrive - Cegeka\Documents\Reusable Assets\Products\scripts\auto_map_sections.py", line 26
    ``
    ^
SyntaxError: invalid syntax

[2026-03-18 01:00:59] [TID:22128] ERROR SD - IBM Power on Premise [DV0.9].docx: [auto_map] FAILED with exit code 1
[2026-03-18 01:16:33] [TID:28776] START SD - IBM Power on Premise [DV0.9].docx
[2026-03-18 01:16:33] [TID:28776] [DEBUG] Running step: extract_html
[2026-03-18 01:16:33] [TID:28776] [DEBUG] Command: ['C:\\Users\\koengo\\AppData\\Local\\Programs\\Python\\Python312\\python.exe', 'C:\\Users\\koengo\\OneDrive - Cegeka\\Documents\\Reusable Assets\\Products\\scripts\\extract_html.py', 'C:\\Users\\koengo\\Cegeka\\Product Management - Product Management Library\\Business Line - Cloud and Digital Platforms\\[0.1] Cegeka IBM Power Services & Solutions\\SD - IBM Power on Premise [DV0.9].docx']
[2026-03-18 01:16:33] [TID:28776] [DEBUG][stdout] ✔ HTML saved for SD - IBM Power on Premise [DV0.9].docx

[2026-03-18 01:16:33] [TID:28776] [DEBUG] Step 'extract_html' OK
[2026-03-18 01:16:33] [TID:28776] [DEBUG] Running step: parse_html
[2026-03-18 01:16:33] [TID:28776] [DEBUG] Command: ['C:\\Users\\koengo\\AppData\\Local\\Programs\\Python\\Python312\\python.exe', 'C:\\Users\\koengo\\OneDrive - Cegeka\\Documents\\Reusable Assets\\Products\\scripts\\parse_html_sections.py', 'extracted_html\\SD - IBM Power on Premise [DV0.9].html']
[2026-03-18 01:16:34] [TID:28776] [DEBUG][stdout] ✔ Robust parsed → output\json\SD - IBM Power on Premise [DV0.9].json

[2026-03-18 01:16:34] [TID:28776] [DEBUG] Step 'parse_html' OK
[2026-03-18 01:16:34] [TID:28776] [DEBUG] Running step: auto_map
[2026-03-18 01:16:34] [TID:28776] [DEBUG] Command: ['C:\\Users\\koengo\\AppData\\Local\\Programs\\Python\\Python312\\python.exe', 'C:\\Users\\koengo\\OneDrive - Cegeka\\Documents\\Reusable Assets\\Products\\scripts\\auto_map_sections.py', 'output\\json\\SD - IBM Power on Premise [DV0.9].json']
[2026-03-18 01:16:34] [TID:28776] [DEBUG][stderr]   File "C:\Users\koengo\OneDrive - Cegeka\Documents\Reusable Assets\Products\scripts\auto_map_sections.py", line 26
    ``
    ^
SyntaxError: invalid syntax

[2026-03-18 01:16:34] [TID:28776] ERROR SD - IBM Power on Premise [DV0.9].docx: [auto_map] FAILED with exit code 1
[2026-03-18 01:30:47] [TID:2584] START SD - IBM Power on Premise [DV0.9].docx
[2026-03-18 01:30:47] [TID:2584] [DEBUG] Running step: extract_html
[2026-03-18 01:30:47] [TID:2584] [DEBUG] Command: ['C:\\Users\\koengo\\AppData\\Local\\Programs\\Python\\Python312\\python.exe', 'C:\\Users\\koengo\\OneDrive - Cegeka\\Documents\\Reusable Assets\\Products\\scripts\\extract_html.py', 'C:\\Users\\koengo\\Cegeka\\Product Management - Product Management Library\\Business Line - Cloud and Digital Platforms\\[0.1] Cegeka IBM Power Services & Solutions\\SD - IBM Power on Premise [DV0.9].docx']
[2026-03-18 01:30:47] [TID:2584] [DEBUG][stderr]   File "C:\Users\koengo\OneDrive - Cegeka\Documents\Reusable Assets\Products\scripts\extract_html.py", line 31
    ``
    ^
SyntaxError: invalid syntax

[2026-03-18 01:30:47] [TID:2584] ERROR SD - IBM Power on Premise [DV0.9].docx: [extract_html] FAILED with exit code 1
[2026-03-18 01:32:52] [TID:28000] START SD - IBM Power on Premise [DV0.9].docx
[2026-03-18 01:32:52] [TID:28000] [DEBUG] Running step: extract_html
[2026-03-18 01:32:52] [TID:28000] [DEBUG] Command: ['C:\\Users\\koengo\\AppData\\Local\\Programs\\Python\\Python312\\python.exe', 'C:\\Users\\koengo\\OneDrive - Cegeka\\Documents\\Reusable Assets\\Products\\scripts\\extract_html.py', 'C:\\Users\\koengo\\Cegeka\\Product Management - Product Management Library\\Business Line - Cloud and Digital Platforms\\[0.1] Cegeka IBM Power Services & Solutions\\SD - IBM Power on Premise [DV0.9].docx']
[2026-03-18 01:32:53] [TID:28000] [DEBUG][stdout] HTML saved: SD - IBM Power on Premise [DV0.9].html

[2026-03-18 01:32:53] [TID:28000] [DEBUG] Step 'extract_html' OK
[2026-03-18 01:32:53] [TID:28000] [DEBUG] Running step: parse_html
[2026-03-18 01:32:53] [TID:28000] [DEBUG] Command: ['C:\\Users\\koengo\\AppData\\Local\\Programs\\Python\\Python312\\python.exe', 'C:\\Users\\koengo\\OneDrive - Cegeka\\Documents\\Reusable Assets\\Products\\scripts\\parse_html_sections.py', 'extracted_html\\SD - IBM Power on Premise [DV0.9].html']
[2026-03-18 01:32:54] [TID:28000] [DEBUG][stdout] ✔ Robust parsed → output\json\SD - IBM Power on Premise [DV0.9].json

[2026-03-18 01:32:54] [TID:28000] [DEBUG] Step 'parse_html' OK
[2026-03-18 01:32:54] [TID:28000] [DEBUG] Running step: auto_map
[2026-03-18 01:32:54] [TID:28000] [DEBUG] Command: ['C:\\Users\\koengo\\AppData\\Local\\Programs\\Python\\Python312\\python.exe', 'C:\\Users\\koengo\\OneDrive - Cegeka\\Documents\\Reusable Assets\\Products\\scripts\\auto_map_sections.py', 'output\\json\\SD - IBM Power on Premise [DV0.9].json']
[2026-03-18 01:32:54] [TID:28000] [DEBUG][stderr]   File "C:\Users\koengo\OneDrive - Cegeka\Documents\Reusable Assets\Products\scripts\auto_map_sections.py", line 26
    ``
    ^
SyntaxError: invalid syntax

[2026-03-18 01:32:54] [TID:28000] ERROR SD - IBM Power on Premise [DV0.9].docx: [auto_map] FAILED with exit code 1
[2026-03-18 01:40:04] [TID:27512] START SD - IBM Power on Premise [DV0.9].docx
[2026-03-18 01:40:04] [TID:27512] [DEBUG] Running step: extract_html
[2026-03-18 01:40:04] [TID:27512] [DEBUG] Command: ['C:\\Users\\koengo\\AppData\\Local\\Programs\\Python\\Python312\\python.exe', 'C:\\Users\\koengo\\OneDrive - Cegeka\\Documents\\Reusable Assets\\Products\\scripts\\extract_html.py', 'C:\\Users\\koengo\\Cegeka\\Product Management - Product Management Library\\Business Line - Cloud and Digital Platforms\\[0.1] Cegeka IBM Power Services & Solutions\\SD - IBM Power on Premise [DV0.9].docx']
[2026-03-18 01:40:04] [TID:27512] [DEBUG][stdout] HTML saved: SD - IBM Power on Premise [DV0.9].html

[2026-03-18 01:40:04] [TID:27512] [DEBUG] Step 'extract_html' OK
[2026-03-18 01:40:04] [TID:27512] [DEBUG] Running step: parse_html
[2026-03-18 01:40:04] [TID:27512] [DEBUG] Command: ['C:\\Users\\koengo\\AppData\\Local\\Programs\\Python\\Python312\\python.exe', 'C:\\Users\\koengo\\OneDrive - Cegeka\\Documents\\Reusable Assets\\Products\\scripts\\parse_html_sections.py', 'extracted_html\\SD - IBM Power on Premise [DV0.9].html']
[2026-03-18 01:40:05] [TID:27512] [DEBUG][stdout] ✔ Robust parsed → output\json\SD - IBM Power on Premise [DV0.9].json

[2026-03-18 01:40:05] [TID:27512] [DEBUG] Step 'parse_html' OK
[2026-03-18 01:40:05] [TID:27512] [DEBUG] Running step: auto_map
[2026-03-18 01:40:05] [TID:27512] [DEBUG] Command: ['C:\\Users\\koengo\\AppData\\Local\\Programs\\Python\\Python312\\python.exe', 'C:\\Users\\koengo\\OneDrive - Cegeka\\Documents\\Reusable Assets\\Products\\scripts\\auto_map_sections.py', 'output\\json\\SD - IBM Power on Premise [DV0.9].json']
[2026-03-18 01:40:05] [TID:27512] [DEBUG][stderr]   File "C:\Users\koengo\OneDrive - Cegeka\Documents\Reusable Assets\Products\scripts\auto_map_sections.py", line 26
    ``
    ^
SyntaxError: invalid syntax

[2026-03-18 01:40:05] [TID:27512] ERROR SD - IBM Power on Premise [DV0.9].docx: [auto_map] FAILED with exit code 1
