[2026-03-18 14:28:07] START extract_html for: C:\Users\koengo\Cegeka\Product Management - Product Management Library\Business Line - Security & Compliance\[4.1] Cybersecurity\[PRD.4.3.008] Cegeka Modern SOC\SD - Cegeka Modern SOC - Microsoft - EU [PRD.4.3.008][PV2.0][DV1.0].docx
[2026-03-18 14:28:08] HTML saved: extracted_html\SD - Cegeka Modern SOC - Microsoft - EU [PRD.4.3.008][PV2.0][DV1.0].html
[2026-03-18 14:28:08] extract_html OK
[2026-03-18 14:28:08] START parse_html for: extracted_html\SD - Cegeka Modern SOC - Microsoft - EU [PRD.4.3.008][PV2.0][DV1.0].html
[2026-03-18 14:28:08] PARSE OK → output\json\SD - Cegeka Modern SOC - Microsoft - EU [PRD.4.3.008][PV2.0][DV1.0].json
[2026-03-18 14:49:26] START PIPELINE for C:\Users\koengo\Cegeka\Product Management - Product Management Library\Business Line - Security & Compliance\[4.1] Cybersecurity\[PRD.4.3.008] Cegeka Modern SOC\SD - Cegeka Modern SOC - Microsoft - EU [PRD.4.3.008][PV2.0][DV1.0].docx
[2026-03-18 14:49:26] RUN extract_html.py -> C:\Users\koengo\Cegeka\Product Management - Product Management Library\Business Line - Security & Compliance\[4.1] Cybersecurity\[PRD.4.3.008] Cegeka Modern SOC\SD - Cegeka Modern SOC - Microsoft - EU [PRD.4.3.008][PV2.0][DV1.0].docx
[2026-03-18 14:49:26] START extract_html for: C:\Users\koengo\Cegeka\Product Management - Product Management Library\Business Line - Security & Compliance\[4.1] Cybersecurity\[PRD.4.3.008] Cegeka Modern SOC\SD - Cegeka Modern SOC - Microsoft - EU [PRD.4.3.008][PV2.0][DV1.0].docx
[2026-03-18 14:49:27] HTML saved: extracted_html\SD - Cegeka Modern SOC - Microsoft - EU [PRD.4.3.008][PV2.0][DV1.0].html
[2026-03-18 14:49:27] extract_html OK
[2026-03-18 14:49:27] RUN parse_html_sections.py -> C:\Users\koengo\OneDrive - Cegeka\Documents\Reusable Assets\Products\extracted_html\SD - Cegeka Modern SOC - Microsoft - EU [PRD.4.3.008][PV2.0][DV1.0].html
[2026-03-18 14:49:27] START parse_html for: C:\Users\koengo\OneDrive - Cegeka\Documents\Reusable Assets\Products\extracted_html\SD - Cegeka Modern SOC - Microsoft - EU [PRD.4.3.008][PV2.0][DV1.0].html
[2026-03-18 14:49:27] PARSE OK → output\json\SD - Cegeka Modern SOC - Microsoft - EU [PRD.4.3.008][PV2.0][DV1.0].json
[2026-03-18 14:49:27] RUN auto_map_sections.py -> C:\Users\koengo\OneDrive - Cegeka\Documents\Reusable Assets\Products\output\json\SD - Cegeka Modern SOC - Microsoft - EU [PRD.4.3.008][PV2.0][DV1.0].json
[2026-03-18 14:49:27] START auto_map for: C:\Users\koengo\OneDrive - Cegeka\Documents\Reusable Assets\Products\output\json\SD - Cegeka Modern SOC - Microsoft - EU [PRD.4.3.008][PV2.0][DV1.0].json
[2026-03-18 14:49:27] auto_map OK → output\mapped\SD - Cegeka Modern SOC - Microsoft - EU [PRD.4.3.008][PV2.0][DV1.0]_mapped.json
[2026-03-18 14:49:27] JSON->XML OK -> C:\Users\koengo\OneDrive - Cegeka\Documents\Reusable Assets\Products\output\xml\SD - Cegeka Modern SOC - Microsoft - EU [PRD.4.3.008][PV2.0][DV1.0]_mapped.xml
[2026-03-18 14:49:27] RUN xml_to_docx.py -> C:\Users\koengo\OneDrive - Cegeka\Documents\Reusable Assets\Products\output\xml\SD - Cegeka Modern SOC - Microsoft - EU [PRD.4.3.008][PV2.0][DV1.0]_mapped.xml
[2026-03-18 14:49:28] PIPELINE OK
[2026-03-18 15:03:13] START PIPELINE for C:\Users\koengo\Cegeka\Product Management - Product Management Library\Business Line - Security & Compliance\[4.1] Cybersecurity\[PRD.4.3.008] Cegeka Modern SOC\SD - Cegeka Modern SOC - Microsoft - EU [PRD.4.3.008][PV2.0][DV1.0].docx
[2026-03-18 15:03:13] RUN extract_html.py -> C:\Users\koengo\Cegeka\Product Management - Product Management Library\Business Line - Security & Compliance\[4.1] Cybersecurity\[PRD.4.3.008] Cegeka Modern SOC\SD - Cegeka Modern SOC - Microsoft - EU [PRD.4.3.008][PV2.0][DV1.0].docx
[2026-03-18 15:03:13] START extract_html for: C:\Users\koengo\Cegeka\Product Management - Product Management Library\Business Line - Security & Compliance\[4.1] Cybersecurity\[PRD.4.3.008] Cegeka Modern SOC\SD - Cegeka Modern SOC - Microsoft - EU [PRD.4.3.008][PV2.0][DV1.0].docx
[2026-03-18 15:03:14] HTML saved: extracted_html\SD - Cegeka Modern SOC - Microsoft - EU [PRD.4.3.008][PV2.0][DV1.0].html
[2026-03-18 15:03:14] extract_html OK
[2026-03-18 15:03:14] RUN parse_html_sections.py -> C:\Users\koengo\OneDrive - Cegeka\Documents\Reusable Assets\Products\extracted_html\SD - Cegeka Modern SOC - Microsoft - EU [PRD.4.3.008][PV2.0][DV1.0].html
[2026-03-18 15:03:14] START parse_html for: C:\Users\koengo\OneDrive - Cegeka\Documents\Reusable Assets\Products\extracted_html\SD - Cegeka Modern SOC - Microsoft - EU [PRD.4.3.008][PV2.0][DV1.0].html
[2026-03-18 15:03:14] PARSE OK → output\json\SD - Cegeka Modern SOC - Microsoft - EU [PRD.4.3.008][PV2.0][DV1.0].json
[2026-03-18 15:03:14] RUN auto_map_sections.py -> C:\Users\koengo\OneDrive - Cegeka\Documents\Reusable Assets\Products\output\json\SD - Cegeka Modern SOC - Microsoft - EU [PRD.4.3.008][PV2.0][DV1.0].json
[2026-03-18 15:03:14] START auto_map for: C:\Users\koengo\OneDrive - Cegeka\Documents\Reusable Assets\Products\output\json\SD - Cegeka Modern SOC - Microsoft - EU [PRD.4.3.008][PV2.0][DV1.0].json
[2026-03-18 15:03:14] auto_map OK → output\mapped\SD - Cegeka Modern SOC - Microsoft - EU [PRD.4.3.008][PV2.0][DV1.0]_mapped.json
[2026-03-18 15:03:14] JSON->XML OK -> C:\Users\koengo\OneDrive - Cegeka\Documents\Reusable Assets\Products\output\xml\SD - Cegeka Modern SOC - Microsoft - EU [PRD.4.3.008][PV2.0][DV1.0]_mapped.xml
[2026-03-18 15:03:14] RUN xml_to_docx.py -> C:\Users\koengo\OneDrive - Cegeka\Documents\Reusable Assets\Products\output\xml\SD - Cegeka Modern SOC - Microsoft - EU [PRD.4.3.008][PV2.0][DV1.0]_mapped.xml
[2026-03-18 15:03:15] PIPELINE OK
