[2026-03-17 23:34:10] [TID:21548] Start processing SD: SD - Cegeka OS Management - Linux on Cegeka Cloud [PRD.0.L.126][PV1.0][DV1.0].docx
[2026-03-17 23:34:10] [TID:21548] Extracting HTML...
[2026-03-17 23:34:11] [TID:21548] ERROR SD - Cegeka OS Management - Linux on Cegeka Cloud [PRD.0.L.126][PV1.0][DV1.0].docx: Command '['C:\\Users\\koengo\\AppData\\Local\\Programs\\Python\\Python312\\python.exe', 'C:\\Users\\koengo\\OneDrive - Cegeka\\Documents\\Reusable Assets\\Products\\scripts\\extract_html.py', 'C:\\Users\\koengo\\Cegeka\\Product Management - Product Management Library\\Business Line - Cloud and Digital Platforms\\[0.L] Cegeka OS Management\\[PRD.0.L.126] Cegeka OS Management Linux\\SD - Cegeka OS Management - Linux on Cegeka Cloud [PRD.0.L.126][PV1.0][DV1.0].docx']' returned non-zero exit status 1.
[2026-03-17 23:39:32] [TID:24184] START SD - Cegeka OS Management - Linux on Cegeka Cloud [PRD.0.L.126][PV1.0][DV1.0].docx
[2026-03-17 23:39:32] [TID:24184] Extracting HTML...
[2026-03-17 23:39:32] [TID:24184] ERROR SD - Cegeka OS Management - Linux on Cegeka Cloud [PRD.0.L.126][PV1.0][DV1.0].docx: Command '['C:\\Users\\koengo\\AppData\\Local\\Programs\\Python\\Python312\\python.exe', 'C:\\Users\\koengo\\OneDrive - Cegeka\\Documents\\Reusable Assets\\Products\\scripts\\extract_html.py', 'C:\\Users\\koengo\\Cegeka\\Product Management - Product Management Library\\Business Line - Cloud and Digital Platforms\\[0.L] Cegeka OS Management\\[PRD.0.L.126] Cegeka OS Management Linux\\SD - Cegeka OS Management - Linux on Cegeka Cloud [PRD.0.L.126][PV1.0][DV1.0].docx']' returned non-zero exit status 1.
[2026-03-17 23:44:43] [TID:17020] START SD - Cegeka OS Management - Linux on Cegeka Cloud [PRD.0.L.126][PV1.0][DV1.0].docx
[2026-03-17 23:44:43] [TID:17020] Extracting HTML...
[2026-03-17 23:44:44] [TID:17020] ERROR SD - Cegeka OS Management - Linux on Cegeka Cloud [PRD.0.L.126][PV1.0][DV1.0].docx: Command '['C:\\Users\\koengo\\AppData\\Local\\Programs\\Python\\Python312\\python.exe', 'C:\\Users\\koengo\\OneDrive - Cegeka\\Documents\\Reusable Assets\\Products\\scripts\\extract_html.py', 'C:\\Users\\koengo\\Cegeka\\Product Management - Product Management Library\\Business Line - Cloud and Digital Platforms\\[0.L] Cegeka OS Management\\[PRD.0.L.126] Cegeka OS Management Linux\\SD - Cegeka OS Management - Linux on Cegeka Cloud [PRD.0.L.126][PV1.0][DV1.0].docx']' returned non-zero exit status 1.
[2026-03-17 23:47:11] [TID:29672] START SD - Cegeka OS Management - Linux on Cegeka Cloud [PRD.0.L.126][PV1.0][DV1.0].docx
[2026-03-17 23:47:11] [TID:29672] Extracting HTML...
[2026-03-17 23:47:12] [TID:29672] ERROR SD - Cegeka OS Management - Linux on Cegeka Cloud [PRD.0.L.126][PV1.0][DV1.0].docx: Command '['C:\\Users\\koengo\\AppData\\Local\\Programs\\Python\\Python312\\python.exe', 'C:\\Users\\koengo\\OneDrive - Cegeka\\Documents\\Reusable Assets\\Products\\scripts\\extract_html.py', 'C:\\Users\\koengo\\Cegeka\\Product Management - Product Management Library\\Business Line - Cloud and Digital Platforms\\[0.L] Cegeka OS Management\\[PRD.0.L.126] Cegeka OS Management Linux\\SD - Cegeka OS Management - Linux on Cegeka Cloud [PRD.0.L.126][PV1.0][DV1.0].docx']' returned non-zero exit status 1.
[2026-03-17 23:54:41] [TID:14824] START SD - Cegeka OS Management - Linux on Cegeka Cloud [PRD.0.L.126][PV1.0][DV1.0].docx
[2026-03-17 23:54:41] [TID:14824] Extracting HTML...
[2026-03-17 23:54:42] [TID:14824] ERROR SD - Cegeka OS Management - Linux on Cegeka Cloud [PRD.0.L.126][PV1.0][DV1.0].docx: Command '['C:\\Users\\koengo\\AppData\\Local\\Programs\\Python\\Python312\\python.exe', 'C:\\Users\\koengo\\OneDrive - Cegeka\\Documents\\Reusable Assets\\Products\\scripts\\extract_html.py', 'C:\\Users\\koengo\\Cegeka\\Product Management - Product Management Library\\Business Line - Cloud and Digital Platforms\\[0.L] Cegeka OS Management\\[PRD.0.L.126] Cegeka OS Management Linux\\SD - Cegeka OS Management - Linux on Cegeka Cloud [PRD.0.L.126][PV1.0][DV1.0].docx']' returned non-zero exit status 1.
[2026-03-18 00:02:06] [TID:27268] START SD - Cegeka OS Management - Linux on Cegeka Cloud [PRD.0.L.126][PV1.0][DV1.0].docx
[2026-03-18 00:02:06] [TID:27268] Extracting HTML...
[2026-03-18 00:02:07] [TID:27268] ERROR SD - Cegeka OS Management - Linux on Cegeka Cloud [PRD.0.L.126][PV1.0][DV1.0].docx: Command '['C:\\Users\\koengo\\AppData\\Local\\Programs\\Python\\Python312\\python.exe', 'C:\\Users\\koengo\\OneDrive - Cegeka\\Documents\\Reusable Assets\\Products\\scripts\\extract_html.py', 'C:\\Users\\koengo\\Cegeka\\Product Management - Product Management Library\\Business Line - Cloud and Digital Platforms\\[0.L] Cegeka OS Management\\[PRD.0.L.126] Cegeka OS Management Linux\\SD - Cegeka OS Management - Linux on Cegeka Cloud [PRD.0.L.126][PV1.0][DV1.0].docx']' returned non-zero exit status 1.
[2026-03-18 00:11:18] [TID:6988] START SD - Cegeka OS Management - Linux on Cegeka Cloud [PRD.0.L.126][PV1.0][DV1.0].docx
[2026-03-18 00:11:18] [TID:6988] Extracting HTML...
[2026-03-18 00:11:19] [TID:6988] ERROR SD - Cegeka OS Management - Linux on Cegeka Cloud [PRD.0.L.126][PV1.0][DV1.0].docx: Command '['C:\\Users\\koengo\\AppData\\Local\\Programs\\Python\\Python312\\python.exe', 'C:\\Users\\koengo\\OneDrive - Cegeka\\Documents\\Reusable Assets\\Products\\scripts\\extract_html.py', 'C:\\Users\\koengo\\Cegeka\\Product Management - Product Management Library\\Business Line - Cloud and Digital Platforms\\[0.L] Cegeka OS Management\\[PRD.0.L.126] Cegeka OS Management Linux\\SD - Cegeka OS Management - Linux on Cegeka Cloud [PRD.0.L.126][PV1.0][DV1.0].docx']' returned non-zero exit status 1.
[2026-03-18 00:24:39] [TID:14908] START SD - Cegeka OS Management - Linux on Cegeka Cloud [PRD.0.L.126][PV1.0][DV1.0].docx
[2026-03-18 00:24:39] [TID:14908] [DEBUG] Running step: extract_html
[2026-03-18 00:24:39] [TID:14908] [DEBUG] Command: ['C:\\Users\\koengo\\AppData\\Local\\Programs\\Python\\Python312\\python.exe', 'C:\\Users\\koengo\\OneDrive - Cegeka\\Documents\\Reusable Assets\\Products\\scripts\\extract_html.py', 'C:\\Users\\koengo\\Cegeka\\Product Management - Product Management Library\\Business Line - Cloud and Digital Platforms\\[0.L] Cegeka OS Management\\[PRD.0.L.126] Cegeka OS Management Linux\\SD - Cegeka OS Management - Linux on Cegeka Cloud [PRD.0.L.126][PV1.0][DV1.0].docx']
[2026-03-18 00:24:39] [TID:14908] [DEBUG][stderr] Traceback (most recent call last):
  File "C:\Users\koengo\OneDrive - Cegeka\Documents\Reusable Assets\Products\scripts\extract_html.py", line 12, in <module>
    with open(sd_file, "rb") as f:
         ^^^^^^^^^^^^^^^^^^^
FileNotFoundError: [Errno 2] No such file or directory: 'C:\\Users\\koengo\\Cegeka\\Product Management - Product Management Library\\Business Line - Cloud and Digital Platforms\\[0.L] Cegeka OS Management\\[PRD.0.L.126] Cegeka OS Management Linux\\SD - Cegeka OS Management - Linux on Cegeka Cloud [PRD.0.L.126][PV1.0][DV1.0].docx'

[2026-03-18 00:24:40] [TID:14908] ERROR SD - Cegeka OS Management - Linux on Cegeka Cloud [PRD.0.L.126][PV1.0][DV1.0].docx: [extract_html] FAILED with exit code 1
[2026-03-18 00:28:39] [TID:12148] START SD - Cegeka OS Management - Linux on Cegeka Cloud [PRD.0.L.126][PV1.0][DV1.0].docx
[2026-03-18 00:28:39] [TID:12148] [DEBUG] Running step: extract_html
[2026-03-18 00:28:39] [TID:12148] [DEBUG] Command: ['C:\\Users\\koengo\\AppData\\Local\\Programs\\Python\\Python312\\python.exe', 'C:\\Users\\koengo\\OneDrive - Cegeka\\Documents\\Reusable Assets\\Products\\scripts\\extract_html.py', 'C:\\Users\\koengo\\Cegeka\\Product Management - Product Management Library\\Business Line - Cloud and Digital Platforms\\[0.L] Cegeka OS Management\\[PRD.0.L.126] Cegeka OS Management Linux\\SD - Cegeka OS Management - Linux on Cegeka Cloud [PRD.0.L.126][PV1.0][DV1.0].docx']
[2026-03-18 00:28:40] [TID:12148] [DEBUG][stderr] Traceback (most recent call last):
  File "C:\Users\koengo\OneDrive - Cegeka\Documents\Reusable Assets\Products\scripts\extract_html.py", line 12, in <module>
    with open(sd_file, "rb") as f:
         ^^^^^^^^^^^^^^^^^^^
FileNotFoundError: [Errno 2] No such file or directory: 'C:\\Users\\koengo\\Cegeka\\Product Management - Product Management Library\\Business Line - Cloud and Digital Platforms\\[0.L] Cegeka OS Management\\[PRD.0.L.126] Cegeka OS Management Linux\\SD - Cegeka OS Management - Linux on Cegeka Cloud [PRD.0.L.126][PV1.0][DV1.0].docx'

[2026-03-18 00:28:40] [TID:12148] ERROR SD - Cegeka OS Management - Linux on Cegeka Cloud [PRD.0.L.126][PV1.0][DV1.0].docx: [extract_html] FAILED with exit code 1
[2026-03-18 00:39:40] [TID:3812] START SD - Cegeka OS Management - Linux on Cegeka Cloud [PRD.0.L.126][PV1.0][DV1.0].docx
[2026-03-18 00:39:40] [TID:3812] [DEBUG] Running step: extract_html
[2026-03-18 00:39:40] [TID:3812] [DEBUG] Command: ['C:\\Users\\koengo\\AppData\\Local\\Programs\\Python\\Python312\\python.exe', 'C:\\Users\\koengo\\OneDrive - Cegeka\\Documents\\Reusable Assets\\Products\\scripts\\extract_html.py', 'C:\\Users\\koengo\\Cegeka\\Product Management - Product Management Library\\Business Line - Cloud and Digital Platforms\\[0.L] Cegeka OS Management\\[PRD.0.L.126] Cegeka OS Management Linux\\SD - Cegeka OS Management - Linux on Cegeka Cloud [PRD.0.L.126][PV1.0][DV1.0].docx']
[2026-03-18 00:39:41] [TID:3812] [DEBUG][stderr] Traceback (most recent call last):
  File "C:\Users\koengo\OneDrive - Cegeka\Documents\Reusable Assets\Products\scripts\extract_html.py", line 12, in <module>
    with open(sd_file, "rb") as f:
         ^^^^^^^^^^^^^^^^^^^
FileNotFoundError: [Errno 2] No such file or directory: 'C:\\Users\\koengo\\Cegeka\\Product Management - Product Management Library\\Business Line - Cloud and Digital Platforms\\[0.L] Cegeka OS Management\\[PRD.0.L.126] Cegeka OS Management Linux\\SD - Cegeka OS Management - Linux on Cegeka Cloud [PRD.0.L.126][PV1.0][DV1.0].docx'

[2026-03-18 00:39:41] [TID:3812] ERROR SD - Cegeka OS Management - Linux on Cegeka Cloud [PRD.0.L.126][PV1.0][DV1.0].docx: [extract_html] FAILED with exit code 1
[2026-03-18 00:51:57] [TID:18100] START SD - Cegeka OS Management - Linux on Cegeka Cloud [PRD.0.L.126][PV1.0][DV1.0].docx
[2026-03-18 00:51:57] [TID:18100] [DEBUG] Running step: extract_html
[2026-03-18 00:51:57] [TID:18100] [DEBUG] Command: ['C:\\Users\\koengo\\AppData\\Local\\Programs\\Python\\Python312\\python.exe', 'C:\\Users\\koengo\\OneDrive - Cegeka\\Documents\\Reusable Assets\\Products\\scripts\\extract_html.py', 'C:\\Users\\koengo\\Cegeka\\Product Management - Product Management Library\\Business Line - Cloud and Digital Platforms\\[0.L] Cegeka OS Management\\[PRD.0.L.126] Cegeka OS Management Linux\\SD - Cegeka OS Management - Linux on Cegeka Cloud [PRD.0.L.126][PV1.0][DV1.0].docx']
[2026-03-18 00:51:58] [TID:18100] [DEBUG][stdout] EXTRACT ERROR: [Errno 2] No such file or directory: 'C:\\Users\\koengo\\Cegeka\\Product Management - Product Management Library\\Business Line - Cloud and Digital Platforms\\[0.L] Cegeka OS Management\\[PRD.0.L.126] Cegeka OS Management Linux\\SD - Cegeka OS Management - Linux on Cegeka Cloud [PRD.0.L.126][PV1.0][DV1.0].docx'

[2026-03-18 00:51:58] [TID:18100] ERROR SD - Cegeka OS Management - Linux on Cegeka Cloud [PRD.0.L.126][PV1.0][DV1.0].docx: [extract_html] FAILED with exit code 1
[2026-03-18 01:01:15] [TID:28604] START SD - Cegeka OS Management - Linux on Cegeka Cloud [PRD.0.L.126][PV1.0][DV1.0].docx
[2026-03-18 01:01:15] [TID:28604] [DEBUG] Running step: extract_html
[2026-03-18 01:01:15] [TID:28604] [DEBUG] Command: ['C:\\Users\\koengo\\AppData\\Local\\Programs\\Python\\Python312\\python.exe', 'C:\\Users\\koengo\\OneDrive - Cegeka\\Documents\\Reusable Assets\\Products\\scripts\\extract_html.py', 'C:\\Users\\koengo\\Cegeka\\Product Management - Product Management Library\\Business Line - Cloud and Digital Platforms\\[0.L] Cegeka OS Management\\[PRD.0.L.126] Cegeka OS Management Linux\\SD - Cegeka OS Management - Linux on Cegeka Cloud [PRD.0.L.126][PV1.0][DV1.0].docx']
[2026-03-18 01:01:16] [TID:28604] [DEBUG][stdout] EXTRACT ERROR: [Errno 2] No such file or directory: 'C:\\Users\\koengo\\Cegeka\\Product Management - Product Management Library\\Business Line - Cloud and Digital Platforms\\[0.L] Cegeka OS Management\\[PRD.0.L.126] Cegeka OS Management Linux\\SD - Cegeka OS Management - Linux on Cegeka Cloud [PRD.0.L.126][PV1.0][DV1.0].docx'

[2026-03-18 01:01:16] [TID:28604] ERROR SD - Cegeka OS Management - Linux on Cegeka Cloud [PRD.0.L.126][PV1.0][DV1.0].docx: [extract_html] FAILED with exit code 1
[2026-03-18 01:16:51] [TID:18856] START SD - Cegeka OS Management - Linux on Cegeka Cloud [PRD.0.L.126][PV1.0][DV1.0].docx
[2026-03-18 01:16:51] [TID:18856] [DEBUG] Running step: extract_html
[2026-03-18 01:16:51] [TID:18856] [DEBUG] Command: ['C:\\Users\\koengo\\AppData\\Local\\Programs\\Python\\Python312\\python.exe', 'C:\\Users\\koengo\\OneDrive - Cegeka\\Documents\\Reusable Assets\\Products\\scripts\\extract_html.py', 'C:\\Users\\koengo\\Cegeka\\Product Management - Product Management Library\\Business Line - Cloud and Digital Platforms\\[0.L] Cegeka OS Management\\[PRD.0.L.126] Cegeka OS Management Linux\\SD - Cegeka OS Management - Linux on Cegeka Cloud [PRD.0.L.126][PV1.0][DV1.0].docx']
[2026-03-18 01:16:51] [TID:18856] [DEBUG][stdout] EXTRACT ERROR: [Errno 2] No such file or directory: 'C:\\Users\\koengo\\Cegeka\\Product Management - Product Management Library\\Business Line - Cloud and Digital Platforms\\[0.L] Cegeka OS Management\\[PRD.0.L.126] Cegeka OS Management Linux\\SD - Cegeka OS Management - Linux on Cegeka Cloud [PRD.0.L.126][PV1.0][DV1.0].docx'

[2026-03-18 01:16:51] [TID:18856] ERROR SD - Cegeka OS Management - Linux on Cegeka Cloud [PRD.0.L.126][PV1.0][DV1.0].docx: [extract_html] FAILED with exit code 1
[2026-03-18 01:30:48] [TID:25364] START SD - Cegeka OS Management - Linux on Cegeka Cloud [PRD.0.L.126][PV1.0][DV1.0].docx
[2026-03-18 01:30:48] [TID:25364] [DEBUG] Running step: extract_html
[2026-03-18 01:30:48] [TID:25364] [DEBUG] Command: ['C:\\Users\\koengo\\AppData\\Local\\Programs\\Python\\Python312\\python.exe', 'C:\\Users\\koengo\\OneDrive - Cegeka\\Documents\\Reusable Assets\\Products\\scripts\\extract_html.py', 'C:\\Users\\koengo\\Cegeka\\Product Management - Product Management Library\\Business Line - Cloud and Digital Platforms\\[0.L] Cegeka OS Management\\[PRD.0.L.126] Cegeka OS Management Linux\\SD - Cegeka OS Management - Linux on Cegeka Cloud [PRD.0.L.126][PV1.0][DV1.0].docx']
[2026-03-18 01:30:48] [TID:25364] [DEBUG][stderr]   File "C:\Users\koengo\OneDrive - Cegeka\Documents\Reusable Assets\Products\scripts\extract_html.py", line 31
    ``
    ^
SyntaxError: invalid syntax

[2026-03-18 01:30:48] [TID:25364] ERROR SD - Cegeka OS Management - Linux on Cegeka Cloud [PRD.0.L.126][PV1.0][DV1.0].docx: [extract_html] FAILED with exit code 1
[2026-03-18 01:33:10] [TID:28000] START SD - Cegeka OS Management - Linux on Cegeka Cloud [PRD.0.L.126][PV1.0][DV1.0].docx
[2026-03-18 01:33:10] [TID:28000] [DEBUG] Running step: extract_html
[2026-03-18 01:33:10] [TID:28000] [DEBUG] Command: ['C:\\Users\\koengo\\AppData\\Local\\Programs\\Python\\Python312\\python.exe', 'C:\\Users\\koengo\\OneDrive - Cegeka\\Documents\\Reusable Assets\\Products\\scripts\\extract_html.py', 'C:\\Users\\koengo\\Cegeka\\Product Management - Product Management Library\\Business Line - Cloud and Digital Platforms\\[0.L] Cegeka OS Management\\[PRD.0.L.126] Cegeka OS Management Linux\\SD - Cegeka OS Management - Linux on Cegeka Cloud [PRD.0.L.126][PV1.0][DV1.0].docx']
[2026-03-18 01:33:10] [TID:28000] [DEBUG][stdout] EXTRACT ERROR: [Errno 2] No such file or directory: 'C:\\Users\\koengo\\Cegeka\\Product Management - Product Management Library\\Business Line - Cloud and Digital Platforms\\[0.L] Cegeka OS Management\\[PRD.0.L.126] Cegeka OS Management Linux\\SD - Cegeka OS Management - Linux on Cegeka Cloud [PRD.0.L.126][PV1.0][DV1.0].docx'

[2026-03-18 01:33:10] [TID:28000] ERROR SD - Cegeka OS Management - Linux on Cegeka Cloud [PRD.0.L.126][PV1.0][DV1.0].docx: [extract_html] FAILED with exit code 1
[2026-03-18 01:40:20] [TID:27512] START SD - Cegeka OS Management - Linux on Cegeka Cloud [PRD.0.L.126][PV1.0][DV1.0].docx
[2026-03-18 01:40:20] [TID:27512] [DEBUG] Running step: extract_html
[2026-03-18 01:40:20] [TID:27512] [DEBUG] Command: ['C:\\Users\\koengo\\AppData\\Local\\Programs\\Python\\Python312\\python.exe', 'C:\\Users\\koengo\\OneDrive - Cegeka\\Documents\\Reusable Assets\\Products\\scripts\\extract_html.py', 'C:\\Users\\koengo\\Cegeka\\Product Management - Product Management Library\\Business Line - Cloud and Digital Platforms\\[0.L] Cegeka OS Management\\[PRD.0.L.126] Cegeka OS Management Linux\\SD - Cegeka OS Management - Linux on Cegeka Cloud [PRD.0.L.126][PV1.0][DV1.0].docx']
[2026-03-18 01:40:21] [TID:27512] [DEBUG][stdout] EXTRACT ERROR: [Errno 2] No such file or directory: 'C:\\Users\\koengo\\Cegeka\\Product Management - Product Management Library\\Business Line - Cloud and Digital Platforms\\[0.L] Cegeka OS Management\\[PRD.0.L.126] Cegeka OS Management Linux\\SD - Cegeka OS Management - Linux on Cegeka Cloud [PRD.0.L.126][PV1.0][DV1.0].docx'

[2026-03-18 01:40:21] [TID:27512] ERROR SD - Cegeka OS Management - Linux on Cegeka Cloud [PRD.0.L.126][PV1.0][DV1.0].docx: [extract_html] FAILED with exit code 1
