[2026-03-18 14:43:00] START xml_to_docx_v3_fixed for: C:\Users\koengo\OneDrive - Cegeka\Documents\Reusable Assets\Products\output\xml\SD - Takensysteem Application Management [PRD.0.L.188][PV0.7][DV1.0]_mapped.xml
[2026-03-18 14:43:00] Filled SDT 'PRODUCT_SUMMARY' with XML section 'Service identification'
[2026-03-18 14:43:00] Filled SDT 'KEY_FEATURES' with XML section 'Application Management Services'
[2026-03-18 14:43:00] Filled SDT 'SCOPE' with XML section 'Out of scope'
[2026-03-18 14:43:00] Filled SDT 'TERMS_CONDITIONS' with XML section 'Conditions'
[2026-03-18 14:43:00] Filled SDT 'PRODUCT_SUMMARY' with XML section 'Service delivery location'
[2026-03-18 14:43:00] Filled SDT 'PRODUCT_SUMMARY' with XML section 'Service Reporting'
[2026-03-18 14:43:00] Filled SDT 'PRODUCT_SUMMARY' with XML section 'Service Window'
[2026-03-18 14:43:00] Filled SDT 'SLA_KPI' with XML section 'Service Level'
[2026-03-18 14:43:01] TOTAL SDT FIELDS FILLED: 8
[2026-03-18 14:43:01] XML→DOCX OK → output\docx\SD - Takensysteem Application Management [PRD.0.L.188][PV0.7][DV1.0]_mapped_FINAL.docx
[2026-03-18 14:48:37] START xml_to_docx_v3_fixed for: C:\Users\koengo\OneDrive - Cegeka\Documents\Reusable Assets\Products\output\xml\SD - Takensysteem Application Management [PRD.0.L.188][PV0.7][DV1.0]_mapped.xml
[2026-03-18 14:48:37] Filled SDT 'PRODUCT_SUMMARY' with XML section 'Service identification'
[2026-03-18 14:48:37] Filled SDT 'KEY_FEATURES' with XML section 'Application Management Services'
[2026-03-18 14:48:37] Filled SDT 'SCOPE' with XML section 'Out of scope'
[2026-03-18 14:48:37] Filled SDT 'TERMS_CONDITIONS' with XML section 'Conditions'
[2026-03-18 14:48:37] Filled SDT 'PRODUCT_SUMMARY' with XML section 'Service delivery location'
[2026-03-18 14:48:37] Filled SDT 'PRODUCT_SUMMARY' with XML section 'Service Reporting'
[2026-03-18 14:48:37] Filled SDT 'PRODUCT_SUMMARY' with XML section 'Service Window'
[2026-03-18 14:48:37] Filled SDT 'SLA_KPI' with XML section 'Service Level'
[2026-03-18 14:48:37] TOTAL SDT FIELDS FILLED: 8
[2026-03-18 14:48:37] XML→DOCX OK → output\docx\SD - Takensysteem Application Management [PRD.0.L.188][PV0.7][DV1.0]_mapped_FINAL.docx
[2026-03-18 15:02:25] START xml_to_docx_v3_fixed for: C:\Users\koengo\OneDrive - Cegeka\Documents\Reusable Assets\Products\output\xml\SD - Takensysteem Application Management [PRD.0.L.188][PV0.7][DV1.0]_mapped.xml
[2026-03-18 15:02:25] Filled SDT 'PRODUCT_SUMMARY' with XML section 'Service identification'
[2026-03-18 15:02:25] Filled SDT 'KEY_FEATURES' with XML section 'Application Management Services'
[2026-03-18 15:02:25] Filled SDT 'SCOPE' with XML section 'Out of scope'
[2026-03-18 15:02:25] Filled SDT 'TERMS_CONDITIONS' with XML section 'Conditions'
[2026-03-18 15:02:25] Filled SDT 'PRODUCT_SUMMARY' with XML section 'Service delivery location'
[2026-03-18 15:02:25] Filled SDT 'PRODUCT_SUMMARY' with XML section 'Service Reporting'
[2026-03-18 15:02:25] Filled SDT 'PRODUCT_SUMMARY' with XML section 'Service Window'
[2026-03-18 15:02:25] Filled SDT 'SLA_KPI' with XML section 'Service Level'
[2026-03-18 15:02:26] TOTAL SDT FIELDS FILLED: 8
[2026-03-18 15:02:26] XML→DOCX OK → output\docx\SD - Takensysteem Application Management [PRD.0.L.188][PV0.7][DV1.0]_mapped_FINAL.docx
