[2026-03-17 23:34:10] [TID:10644] Start processing SD: SD - Jenkins Managed Service [PRD.0.L.301][PV1.0][DV1.0].docx
[2026-03-17 23:34:10] [TID:10644] Extracting HTML...
[2026-03-17 23:34:11] [TID:10644] ERROR SD - Jenkins Managed Service [PRD.0.L.301][PV1.0][DV1.0].docx: Command '['C:\\Users\\koengo\\AppData\\Local\\Programs\\Python\\Python312\\python.exe', 'C:\\Users\\koengo\\OneDrive - Cegeka\\Documents\\Reusable Assets\\Products\\scripts\\extract_html.py', 'C:\\Users\\koengo\\Cegeka\\Product Management - Product Management Library\\Business Line - Cloud and Digital Platforms\\[0.L] Cegeka Cloud Services & Solutions\\[PRD.0.L.301] Jenkins Managed Service\\SD - Jenkins Managed Service [PRD.0.L.301][PV1.0][DV1.0].docx']' returned non-zero exit status 1.
[2026-03-17 23:39:31] [TID:7988] START SD - Jenkins Managed Service [PRD.0.L.301][PV1.0][DV1.0].docx
[2026-03-17 23:39:31] [TID:7988] Extracting HTML...
[2026-03-17 23:39:33] [TID:7988] ERROR SD - Jenkins Managed Service [PRD.0.L.301][PV1.0][DV1.0].docx: Command '['C:\\Users\\koengo\\AppData\\Local\\Programs\\Python\\Python312\\python.exe', 'C:\\Users\\koengo\\OneDrive - Cegeka\\Documents\\Reusable Assets\\Products\\scripts\\extract_html.py', 'C:\\Users\\koengo\\Cegeka\\Product Management - Product Management Library\\Business Line - Cloud and Digital Platforms\\[0.L] Cegeka Cloud Services & Solutions\\[PRD.0.L.301] Jenkins Managed Service\\SD - Jenkins Managed Service [PRD.0.L.301][PV1.0][DV1.0].docx']' returned non-zero exit status 1.
[2026-03-17 23:44:42] [TID:2816] START SD - Jenkins Managed Service [PRD.0.L.301][PV1.0][DV1.0].docx
[2026-03-17 23:44:43] [TID:2816] Extracting HTML...
[2026-03-17 23:44:44] [TID:2816] ERROR SD - Jenkins Managed Service [PRD.0.L.301][PV1.0][DV1.0].docx: Command '['C:\\Users\\koengo\\AppData\\Local\\Programs\\Python\\Python312\\python.exe', 'C:\\Users\\koengo\\OneDrive - Cegeka\\Documents\\Reusable Assets\\Products\\scripts\\extract_html.py', 'C:\\Users\\koengo\\Cegeka\\Product Management - Product Management Library\\Business Line - Cloud and Digital Platforms\\[0.L] Cegeka Cloud Services & Solutions\\[PRD.0.L.301] Jenkins Managed Service\\SD - Jenkins Managed Service [PRD.0.L.301][PV1.0][DV1.0].docx']' returned non-zero exit status 1.
[2026-03-17 23:47:11] [TID:25624] START SD - Jenkins Managed Service [PRD.0.L.301][PV1.0][DV1.0].docx
[2026-03-17 23:47:11] [TID:25624] Extracting HTML...
[2026-03-17 23:47:12] [TID:25624] ERROR SD - Jenkins Managed Service [PRD.0.L.301][PV1.0][DV1.0].docx: Command '['C:\\Users\\koengo\\AppData\\Local\\Programs\\Python\\Python312\\python.exe', 'C:\\Users\\koengo\\OneDrive - Cegeka\\Documents\\Reusable Assets\\Products\\scripts\\extract_html.py', 'C:\\Users\\koengo\\Cegeka\\Product Management - Product Management Library\\Business Line - Cloud and Digital Platforms\\[0.L] Cegeka Cloud Services & Solutions\\[PRD.0.L.301] Jenkins Managed Service\\SD - Jenkins Managed Service [PRD.0.L.301][PV1.0][DV1.0].docx']' returned non-zero exit status 1.
[2026-03-17 23:54:40] [TID:28188] START SD - Jenkins Managed Service [PRD.0.L.301][PV1.0][DV1.0].docx
[2026-03-17 23:54:40] [TID:28188] Extracting HTML...
[2026-03-17 23:54:42] [TID:28188] ERROR SD - Jenkins Managed Service [PRD.0.L.301][PV1.0][DV1.0].docx: Command '['C:\\Users\\koengo\\AppData\\Local\\Programs\\Python\\Python312\\python.exe', 'C:\\Users\\koengo\\OneDrive - Cegeka\\Documents\\Reusable Assets\\Products\\scripts\\extract_html.py', 'C:\\Users\\koengo\\Cegeka\\Product Management - Product Management Library\\Business Line - Cloud and Digital Platforms\\[0.L] Cegeka Cloud Services & Solutions\\[PRD.0.L.301] Jenkins Managed Service\\SD - Jenkins Managed Service [PRD.0.L.301][PV1.0][DV1.0].docx']' returned non-zero exit status 1.
[2026-03-18 00:02:05] [TID:29204] START SD - Jenkins Managed Service [PRD.0.L.301][PV1.0][DV1.0].docx
[2026-03-18 00:02:05] [TID:29204] Extracting HTML...
[2026-03-18 00:02:07] [TID:29204] ERROR SD - Jenkins Managed Service [PRD.0.L.301][PV1.0][DV1.0].docx: Command '['C:\\Users\\koengo\\AppData\\Local\\Programs\\Python\\Python312\\python.exe', 'C:\\Users\\koengo\\OneDrive - Cegeka\\Documents\\Reusable Assets\\Products\\scripts\\extract_html.py', 'C:\\Users\\koengo\\Cegeka\\Product Management - Product Management Library\\Business Line - Cloud and Digital Platforms\\[0.L] Cegeka Cloud Services & Solutions\\[PRD.0.L.301] Jenkins Managed Service\\SD - Jenkins Managed Service [PRD.0.L.301][PV1.0][DV1.0].docx']' returned non-zero exit status 1.
[2026-03-18 00:11:17] [TID:16360] START SD - Jenkins Managed Service [PRD.0.L.301][PV1.0][DV1.0].docx
[2026-03-18 00:11:18] [TID:16360] Extracting HTML...
[2026-03-18 00:11:19] [TID:16360] ERROR SD - Jenkins Managed Service [PRD.0.L.301][PV1.0][DV1.0].docx: Command '['C:\\Users\\koengo\\AppData\\Local\\Programs\\Python\\Python312\\python.exe', 'C:\\Users\\koengo\\OneDrive - Cegeka\\Documents\\Reusable Assets\\Products\\scripts\\extract_html.py', 'C:\\Users\\koengo\\Cegeka\\Product Management - Product Management Library\\Business Line - Cloud and Digital Platforms\\[0.L] Cegeka Cloud Services & Solutions\\[PRD.0.L.301] Jenkins Managed Service\\SD - Jenkins Managed Service [PRD.0.L.301][PV1.0][DV1.0].docx']' returned non-zero exit status 1.
[2026-03-18 00:24:38] [TID:14908] START SD - Jenkins Managed Service [PRD.0.L.301][PV1.0][DV1.0].docx
[2026-03-18 00:24:38] [TID:14908] [DEBUG] Running step: extract_html
[2026-03-18 00:24:38] [TID:14908] [DEBUG] Command: ['C:\\Users\\koengo\\AppData\\Local\\Programs\\Python\\Python312\\python.exe', 'C:\\Users\\koengo\\OneDrive - Cegeka\\Documents\\Reusable Assets\\Products\\scripts\\extract_html.py', 'C:\\Users\\koengo\\Cegeka\\Product Management - Product Management Library\\Business Line - Cloud and Digital Platforms\\[0.L] Cegeka Cloud Services & Solutions\\[PRD.0.L.301] Jenkins Managed Service\\SD - Jenkins Managed Service [PRD.0.L.301][PV1.0][DV1.0].docx']
[2026-03-18 00:24:39] [TID:14908] [DEBUG][stderr] Traceback (most recent call last):
  File "C:\Users\koengo\OneDrive - Cegeka\Documents\Reusable Assets\Products\scripts\extract_html.py", line 17, in <module>
    print(f"\u2714 HTML saved \u2192 {out_file}")
  File "C:\Users\koengo\AppData\Local\Programs\Python\Python312\Lib\encodings\cp1252.py", line 19, in encode
    return codecs.charmap_encode(input,self.errors,encoding_table)[0]
           ^^^^^^^^^^^^^^^^^^^^^^^^^^^^^^^^^^^^^^^^^^^^^^^^^^^^^^^
UnicodeEncodeError: 'charmap' codec can't encode character '\u2714' in position 0: character maps to <undefined>

[2026-03-18 00:24:39] [TID:14908] ERROR SD - Jenkins Managed Service [PRD.0.L.301][PV1.0][DV1.0].docx: [extract_html] FAILED with exit code 1
[2026-03-18 00:28:38] [TID:18548] START SD - Jenkins Managed Service [PRD.0.L.301][PV1.0][DV1.0].docx
[2026-03-18 00:28:38] [TID:18548] [DEBUG] Running step: extract_html
[2026-03-18 00:28:38] [TID:18548] [DEBUG] Command: ['C:\\Users\\koengo\\AppData\\Local\\Programs\\Python\\Python312\\python.exe', 'C:\\Users\\koengo\\OneDrive - Cegeka\\Documents\\Reusable Assets\\Products\\scripts\\extract_html.py', 'C:\\Users\\koengo\\Cegeka\\Product Management - Product Management Library\\Business Line - Cloud and Digital Platforms\\[0.L] Cegeka Cloud Services & Solutions\\[PRD.0.L.301] Jenkins Managed Service\\SD - Jenkins Managed Service [PRD.0.L.301][PV1.0][DV1.0].docx']
[2026-03-18 00:28:39] [TID:18548] [DEBUG][stderr] Traceback (most recent call last):
  File "C:\Users\koengo\OneDrive - Cegeka\Documents\Reusable Assets\Products\scripts\extract_html.py", line 17, in <module>
    print(f"\u2714 HTML saved \u2192 {out_file}")
  File "C:\Users\koengo\AppData\Local\Programs\Python\Python312\Lib\encodings\cp1252.py", line 19, in encode
    return codecs.charmap_encode(input,self.errors,encoding_table)[0]
           ^^^^^^^^^^^^^^^^^^^^^^^^^^^^^^^^^^^^^^^^^^^^^^^^^^^^^^^
UnicodeEncodeError: 'charmap' codec can't encode character '\u2714' in position 0: character maps to <undefined>

[2026-03-18 00:28:39] [TID:18548] ERROR SD - Jenkins Managed Service [PRD.0.L.301][PV1.0][DV1.0].docx: [extract_html] FAILED with exit code 1
[2026-03-18 00:39:38] [TID:3812] START SD - Jenkins Managed Service [PRD.0.L.301][PV1.0][DV1.0].docx
[2026-03-18 00:39:39] [TID:3812] [DEBUG] Running step: extract_html
[2026-03-18 00:39:39] [TID:3812] [DEBUG] Command: ['C:\\Users\\koengo\\AppData\\Local\\Programs\\Python\\Python312\\python.exe', 'C:\\Users\\koengo\\OneDrive - Cegeka\\Documents\\Reusable Assets\\Products\\scripts\\extract_html.py', 'C:\\Users\\koengo\\Cegeka\\Product Management - Product Management Library\\Business Line - Cloud and Digital Platforms\\[0.L] Cegeka Cloud Services & Solutions\\[PRD.0.L.301] Jenkins Managed Service\\SD - Jenkins Managed Service [PRD.0.L.301][PV1.0][DV1.0].docx']
[2026-03-18 00:39:39] [TID:3812] [DEBUG][stderr] Traceback (most recent call last):
  File "C:\Users\koengo\OneDrive - Cegeka\Documents\Reusable Assets\Products\scripts\extract_html.py", line 17, in <module>
    print(f"\u2714 HTML saved \u2192 {out_file}")
  File "C:\Users\koengo\AppData\Local\Programs\Python\Python312\Lib\encodings\cp1252.py", line 19, in encode
    return codecs.charmap_encode(input,self.errors,encoding_table)[0]
           ^^^^^^^^^^^^^^^^^^^^^^^^^^^^^^^^^^^^^^^^^^^^^^^^^^^^^^^
UnicodeEncodeError: 'charmap' codec can't encode character '\u2714' in position 0: character maps to <undefined>

[2026-03-18 00:39:40] [TID:3812] ERROR SD - Jenkins Managed Service [PRD.0.L.301][PV1.0][DV1.0].docx: [extract_html] FAILED with exit code 1
[2026-03-18 00:51:56] [TID:26580] START SD - Jenkins Managed Service [PRD.0.L.301][PV1.0][DV1.0].docx
[2026-03-18 00:51:56] [TID:26580] [DEBUG] Running step: extract_html
[2026-03-18 00:51:56] [TID:26580] [DEBUG] Command: ['C:\\Users\\koengo\\AppData\\Local\\Programs\\Python\\Python312\\python.exe', 'C:\\Users\\koengo\\OneDrive - Cegeka\\Documents\\Reusable Assets\\Products\\scripts\\extract_html.py', 'C:\\Users\\koengo\\Cegeka\\Product Management - Product Management Library\\Business Line - Cloud and Digital Platforms\\[0.L] Cegeka Cloud Services & Solutions\\[PRD.0.L.301] Jenkins Managed Service\\SD - Jenkins Managed Service [PRD.0.L.301][PV1.0][DV1.0].docx']
[2026-03-18 00:51:57] [TID:26580] [DEBUG][stdout] ✔ HTML saved for SD - Jenkins Managed Service [PRD.0.L.301][PV1.0][DV1.0].docx

[2026-03-18 00:51:57] [TID:26580] [DEBUG] Step 'extract_html' OK
[2026-03-18 00:51:57] [TID:26580] [DEBUG] Running step: parse_html
[2026-03-18 00:51:57] [TID:26580] [DEBUG] Command: ['C:\\Users\\koengo\\AppData\\Local\\Programs\\Python\\Python312\\python.exe', 'C:\\Users\\koengo\\OneDrive - Cegeka\\Documents\\Reusable Assets\\Products\\scripts\\parse_html_sections.py', 'extracted_html\\SD - Jenkins Managed Service [PRD.0.L.301][PV1.0][DV1.0].html']
[2026-03-18 00:51:57] [TID:26580] [DEBUG][stdout] ✔ Robust parsed → output\json\SD - Jenkins Managed Service [PRD.0.L.301][PV1.0][DV1.0].json

[2026-03-18 00:51:57] [TID:26580] [DEBUG] Step 'parse_html' OK
[2026-03-18 00:51:57] [TID:26580] [DEBUG] Running step: auto_map
[2026-03-18 00:51:57] [TID:26580] [DEBUG] Command: ['C:\\Users\\koengo\\AppData\\Local\\Programs\\Python\\Python312\\python.exe', 'C:\\Users\\koengo\\OneDrive - Cegeka\\Documents\\Reusable Assets\\Products\\scripts\\auto_map_sections.py', 'output\\json\\SD - Jenkins Managed Service [PRD.0.L.301][PV1.0][DV1.0].json']
[2026-03-18 00:51:57] [TID:26580] [DEBUG][stderr]   File "C:\Users\koengo\OneDrive - Cegeka\Documents\Reusable Assets\Products\scripts\auto_map_sections.py", line 26
    ``
    ^
SyntaxError: invalid syntax

[2026-03-18 00:51:57] [TID:26580] ERROR SD - Jenkins Managed Service [PRD.0.L.301][PV1.0][DV1.0].docx: [auto_map] FAILED with exit code 1
[2026-03-18 01:01:14] [TID:22128] START SD - Jenkins Managed Service [PRD.0.L.301][PV1.0][DV1.0].docx
[2026-03-18 01:01:14] [TID:22128] [DEBUG] Running step: extract_html
[2026-03-18 01:01:14] [TID:22128] [DEBUG] Command: ['C:\\Users\\koengo\\AppData\\Local\\Programs\\Python\\Python312\\python.exe', 'C:\\Users\\koengo\\OneDrive - Cegeka\\Documents\\Reusable Assets\\Products\\scripts\\extract_html.py', 'C:\\Users\\koengo\\Cegeka\\Product Management - Product Management Library\\Business Line - Cloud and Digital Platforms\\[0.L] Cegeka Cloud Services & Solutions\\[PRD.0.L.301] Jenkins Managed Service\\SD - Jenkins Managed Service [PRD.0.L.301][PV1.0][DV1.0].docx']
[2026-03-18 01:01:15] [TID:22128] [DEBUG][stdout] ✔ HTML saved for SD - Jenkins Managed Service [PRD.0.L.301][PV1.0][DV1.0].docx

[2026-03-18 01:01:15] [TID:22128] [DEBUG] Step 'extract_html' OK
[2026-03-18 01:01:15] [TID:22128] [DEBUG] Running step: parse_html
[2026-03-18 01:01:15] [TID:22128] [DEBUG] Command: ['C:\\Users\\koengo\\AppData\\Local\\Programs\\Python\\Python312\\python.exe', 'C:\\Users\\koengo\\OneDrive - Cegeka\\Documents\\Reusable Assets\\Products\\scripts\\parse_html_sections.py', 'extracted_html\\SD - Jenkins Managed Service [PRD.0.L.301][PV1.0][DV1.0].html']
[2026-03-18 01:01:15] [TID:22128] [DEBUG][stdout] ✔ Robust parsed → output\json\SD - Jenkins Managed Service [PRD.0.L.301][PV1.0][DV1.0].json

[2026-03-18 01:01:15] [TID:22128] [DEBUG] Step 'parse_html' OK
[2026-03-18 01:01:15] [TID:22128] [DEBUG] Running step: auto_map
[2026-03-18 01:01:15] [TID:22128] [DEBUG] Command: ['C:\\Users\\koengo\\AppData\\Local\\Programs\\Python\\Python312\\python.exe', 'C:\\Users\\koengo\\OneDrive - Cegeka\\Documents\\Reusable Assets\\Products\\scripts\\auto_map_sections.py', 'output\\json\\SD - Jenkins Managed Service [PRD.0.L.301][PV1.0][DV1.0].json']
[2026-03-18 01:01:15] [TID:22128] [DEBUG][stderr]   File "C:\Users\koengo\OneDrive - Cegeka\Documents\Reusable Assets\Products\scripts\auto_map_sections.py", line 26
    ``
    ^
SyntaxError: invalid syntax

[2026-03-18 01:01:15] [TID:22128] ERROR SD - Jenkins Managed Service [PRD.0.L.301][PV1.0][DV1.0].docx: [auto_map] FAILED with exit code 1
[2026-03-18 01:16:50] [TID:19856] START SD - Jenkins Managed Service [PRD.0.L.301][PV1.0][DV1.0].docx
[2026-03-18 01:16:50] [TID:19856] [DEBUG] Running step: extract_html
[2026-03-18 01:16:50] [TID:19856] [DEBUG] Command: ['C:\\Users\\koengo\\AppData\\Local\\Programs\\Python\\Python312\\python.exe', 'C:\\Users\\koengo\\OneDrive - Cegeka\\Documents\\Reusable Assets\\Products\\scripts\\extract_html.py', 'C:\\Users\\koengo\\Cegeka\\Product Management - Product Management Library\\Business Line - Cloud and Digital Platforms\\[0.L] Cegeka Cloud Services & Solutions\\[PRD.0.L.301] Jenkins Managed Service\\SD - Jenkins Managed Service [PRD.0.L.301][PV1.0][DV1.0].docx']
[2026-03-18 01:16:51] [TID:19856] [DEBUG][stdout] ✔ HTML saved for SD - Jenkins Managed Service [PRD.0.L.301][PV1.0][DV1.0].docx

[2026-03-18 01:16:51] [TID:19856] [DEBUG] Step 'extract_html' OK
[2026-03-18 01:16:51] [TID:19856] [DEBUG] Running step: parse_html
[2026-03-18 01:16:51] [TID:19856] [DEBUG] Command: ['C:\\Users\\koengo\\AppData\\Local\\Programs\\Python\\Python312\\python.exe', 'C:\\Users\\koengo\\OneDrive - Cegeka\\Documents\\Reusable Assets\\Products\\scripts\\parse_html_sections.py', 'extracted_html\\SD - Jenkins Managed Service [PRD.0.L.301][PV1.0][DV1.0].html']
[2026-03-18 01:16:51] [TID:19856] [DEBUG][stdout] ✔ Robust parsed → output\json\SD - Jenkins Managed Service [PRD.0.L.301][PV1.0][DV1.0].json

[2026-03-18 01:16:51] [TID:19856] [DEBUG] Step 'parse_html' OK
[2026-03-18 01:16:51] [TID:19856] [DEBUG] Running step: auto_map
[2026-03-18 01:16:51] [TID:19856] [DEBUG] Command: ['C:\\Users\\koengo\\AppData\\Local\\Programs\\Python\\Python312\\python.exe', 'C:\\Users\\koengo\\OneDrive - Cegeka\\Documents\\Reusable Assets\\Products\\scripts\\auto_map_sections.py', 'output\\json\\SD - Jenkins Managed Service [PRD.0.L.301][PV1.0][DV1.0].json']
[2026-03-18 01:16:51] [TID:19856] [DEBUG][stderr]   File "C:\Users\koengo\OneDrive - Cegeka\Documents\Reusable Assets\Products\scripts\auto_map_sections.py", line 26
    ``
    ^
SyntaxError: invalid syntax

[2026-03-18 01:16:51] [TID:19856] ERROR SD - Jenkins Managed Service [PRD.0.L.301][PV1.0][DV1.0].docx: [auto_map] FAILED with exit code 1
[2026-03-18 01:30:48] [TID:25364] START SD - Jenkins Managed Service [PRD.0.L.301][PV1.0][DV1.0].docx
[2026-03-18 01:30:48] [TID:25364] [DEBUG] Running step: extract_html
[2026-03-18 01:30:48] [TID:25364] [DEBUG] Command: ['C:\\Users\\koengo\\AppData\\Local\\Programs\\Python\\Python312\\python.exe', 'C:\\Users\\koengo\\OneDrive - Cegeka\\Documents\\Reusable Assets\\Products\\scripts\\extract_html.py', 'C:\\Users\\koengo\\Cegeka\\Product Management - Product Management Library\\Business Line - Cloud and Digital Platforms\\[0.L] Cegeka Cloud Services & Solutions\\[PRD.0.L.301] Jenkins Managed Service\\SD - Jenkins Managed Service [PRD.0.L.301][PV1.0][DV1.0].docx']
[2026-03-18 01:30:48] [TID:25364] [DEBUG][stderr]   File "C:\Users\koengo\OneDrive - Cegeka\Documents\Reusable Assets\Products\scripts\extract_html.py", line 31
    ``
    ^
SyntaxError: invalid syntax

[2026-03-18 01:30:48] [TID:25364] ERROR SD - Jenkins Managed Service [PRD.0.L.301][PV1.0][DV1.0].docx: [extract_html] FAILED with exit code 1
[2026-03-18 01:33:09] [TID:16984] START SD - Jenkins Managed Service [PRD.0.L.301][PV1.0][DV1.0].docx
[2026-03-18 01:33:09] [TID:16984] [DEBUG] Running step: extract_html
[2026-03-18 01:33:09] [TID:16984] [DEBUG] Command: ['C:\\Users\\koengo\\AppData\\Local\\Programs\\Python\\Python312\\python.exe', 'C:\\Users\\koengo\\OneDrive - Cegeka\\Documents\\Reusable Assets\\Products\\scripts\\extract_html.py', 'C:\\Users\\koengo\\Cegeka\\Product Management - Product Management Library\\Business Line - Cloud and Digital Platforms\\[0.L] Cegeka Cloud Services & Solutions\\[PRD.0.L.301] Jenkins Managed Service\\SD - Jenkins Managed Service [PRD.0.L.301][PV1.0][DV1.0].docx']
[2026-03-18 01:33:09] [TID:16984] [DEBUG][stdout] HTML saved: SD - Jenkins Managed Service [PRD.0.L.301][PV1.0][DV1.0].html

[2026-03-18 01:33:09] [TID:16984] [DEBUG] Step 'extract_html' OK
[2026-03-18 01:33:09] [TID:16984] [DEBUG] Running step: parse_html
[2026-03-18 01:33:09] [TID:16984] [DEBUG] Command: ['C:\\Users\\koengo\\AppData\\Local\\Programs\\Python\\Python312\\python.exe', 'C:\\Users\\koengo\\OneDrive - Cegeka\\Documents\\Reusable Assets\\Products\\scripts\\parse_html_sections.py', 'extracted_html\\SD - Jenkins Managed Service [PRD.0.L.301][PV1.0][DV1.0].html']
[2026-03-18 01:33:10] [TID:16984] [DEBUG][stdout] ✔ Robust parsed → output\json\SD - Jenkins Managed Service [PRD.0.L.301][PV1.0][DV1.0].json

[2026-03-18 01:33:10] [TID:16984] [DEBUG] Step 'parse_html' OK
[2026-03-18 01:33:10] [TID:16984] [DEBUG] Running step: auto_map
[2026-03-18 01:33:10] [TID:16984] [DEBUG] Command: ['C:\\Users\\koengo\\AppData\\Local\\Programs\\Python\\Python312\\python.exe', 'C:\\Users\\koengo\\OneDrive - Cegeka\\Documents\\Reusable Assets\\Products\\scripts\\auto_map_sections.py', 'output\\json\\SD - Jenkins Managed Service [PRD.0.L.301][PV1.0][DV1.0].json']
[2026-03-18 01:33:10] [TID:16984] [DEBUG][stderr]   File "C:\Users\koengo\OneDrive - Cegeka\Documents\Reusable Assets\Products\scripts\auto_map_sections.py", line 26
    ``
    ^
SyntaxError: invalid syntax

[2026-03-18 01:33:10] [TID:16984] ERROR SD - Jenkins Managed Service [PRD.0.L.301][PV1.0][DV1.0].docx: [auto_map] FAILED with exit code 1
[2026-03-18 01:40:20] [TID:23252] START SD - Jenkins Managed Service [PRD.0.L.301][PV1.0][DV1.0].docx
[2026-03-18 01:40:20] [TID:23252] [DEBUG] Running step: extract_html
[2026-03-18 01:40:20] [TID:23252] [DEBUG] Command: ['C:\\Users\\koengo\\AppData\\Local\\Programs\\Python\\Python312\\python.exe', 'C:\\Users\\koengo\\OneDrive - Cegeka\\Documents\\Reusable Assets\\Products\\scripts\\extract_html.py', 'C:\\Users\\koengo\\Cegeka\\Product Management - Product Management Library\\Business Line - Cloud and Digital Platforms\\[0.L] Cegeka Cloud Services & Solutions\\[PRD.0.L.301] Jenkins Managed Service\\SD - Jenkins Managed Service [PRD.0.L.301][PV1.0][DV1.0].docx']
[2026-03-18 01:40:20] [TID:23252] [DEBUG][stdout] HTML saved: SD - Jenkins Managed Service [PRD.0.L.301][PV1.0][DV1.0].html

[2026-03-18 01:40:20] [TID:23252] [DEBUG] Step 'extract_html' OK
[2026-03-18 01:40:20] [TID:23252] [DEBUG] Running step: parse_html
[2026-03-18 01:40:20] [TID:23252] [DEBUG] Command: ['C:\\Users\\koengo\\AppData\\Local\\Programs\\Python\\Python312\\python.exe', 'C:\\Users\\koengo\\OneDrive - Cegeka\\Documents\\Reusable Assets\\Products\\scripts\\parse_html_sections.py', 'extracted_html\\SD - Jenkins Managed Service [PRD.0.L.301][PV1.0][DV1.0].html']
[2026-03-18 01:40:21] [TID:23252] [DEBUG][stdout] ✔ Robust parsed → output\json\SD - Jenkins Managed Service [PRD.0.L.301][PV1.0][DV1.0].json

[2026-03-18 01:40:21] [TID:23252] [DEBUG] Step 'parse_html' OK
[2026-03-18 01:40:21] [TID:23252] [DEBUG] Running step: auto_map
[2026-03-18 01:40:21] [TID:23252] [DEBUG] Command: ['C:\\Users\\koengo\\AppData\\Local\\Programs\\Python\\Python312\\python.exe', 'C:\\Users\\koengo\\OneDrive - Cegeka\\Documents\\Reusable Assets\\Products\\scripts\\auto_map_sections.py', 'output\\json\\SD - Jenkins Managed Service [PRD.0.L.301][PV1.0][DV1.0].json']
[2026-03-18 01:40:21] [TID:23252] [DEBUG][stderr]   File "C:\Users\koengo\OneDrive - Cegeka\Documents\Reusable Assets\Products\scripts\auto_map_sections.py", line 26
    ``
    ^
SyntaxError: invalid syntax

[2026-03-18 01:40:21] [TID:23252] ERROR SD - Jenkins Managed Service [PRD.0.L.301][PV1.0][DV1.0].docx: [auto_map] FAILED with exit code 1
