[2026-03-17 23:34:01] [TID:25548] Start processing SD: SD - Cegeka Cloud Housing services [PRD.0.L.101][PV0.8][DV1.1].docx
[2026-03-17 23:34:01] [TID:25548] Extracting HTML...
[2026-03-17 23:34:03] [TID:25548] ERROR SD - Cegeka Cloud Housing services [PRD.0.L.101][PV0.8][DV1.1].docx: Command '['C:\\Users\\koengo\\AppData\\Local\\Programs\\Python\\Python312\\python.exe', 'C:\\Users\\koengo\\OneDrive - Cegeka\\Documents\\Reusable Assets\\Products\\scripts\\extract_html.py', 'C:\\Users\\koengo\\Cegeka\\Product Management - Product Management Library\\Business Line - Cloud and Digital Platforms\\[0.L] Outsourcing Services\\SD - Cegeka Cloud Housing services [PRD.0.L.101][PV0.8][DV1.1].docx']' returned non-zero exit status 1.
[2026-03-17 23:39:22] [TID:28696] START SD - Cegeka Cloud Housing services [PRD.0.L.101][PV0.8][DV1.1].docx
[2026-03-17 23:39:23] [TID:28696] Extracting HTML...
[2026-03-17 23:39:24] [TID:28696] ERROR SD - Cegeka Cloud Housing services [PRD.0.L.101][PV0.8][DV1.1].docx: Command '['C:\\Users\\koengo\\AppData\\Local\\Programs\\Python\\Python312\\python.exe', 'C:\\Users\\koengo\\OneDrive - Cegeka\\Documents\\Reusable Assets\\Products\\scripts\\extract_html.py', 'C:\\Users\\koengo\\Cegeka\\Product Management - Product Management Library\\Business Line - Cloud and Digital Platforms\\[0.L] Outsourcing Services\\SD - Cegeka Cloud Housing services [PRD.0.L.101][PV0.8][DV1.1].docx']' returned non-zero exit status 1.
[2026-03-17 23:44:35] [TID:23024] START SD - Cegeka Cloud Housing services [PRD.0.L.101][PV0.8][DV1.1].docx
[2026-03-17 23:44:35] [TID:23024] Extracting HTML...
[2026-03-17 23:44:36] [TID:23024] ERROR SD - Cegeka Cloud Housing services [PRD.0.L.101][PV0.8][DV1.1].docx: Command '['C:\\Users\\koengo\\AppData\\Local\\Programs\\Python\\Python312\\python.exe', 'C:\\Users\\koengo\\OneDrive - Cegeka\\Documents\\Reusable Assets\\Products\\scripts\\extract_html.py', 'C:\\Users\\koengo\\Cegeka\\Product Management - Product Management Library\\Business Line - Cloud and Digital Platforms\\[0.L] Outsourcing Services\\SD - Cegeka Cloud Housing services [PRD.0.L.101][PV0.8][DV1.1].docx']' returned non-zero exit status 1.
[2026-03-17 23:47:01] [TID:24732] START SD - Cegeka Cloud Housing services [PRD.0.L.101][PV0.8][DV1.1].docx
[2026-03-17 23:47:01] [TID:24732] Extracting HTML...
[2026-03-17 23:47:03] [TID:24732] ERROR SD - Cegeka Cloud Housing services [PRD.0.L.101][PV0.8][DV1.1].docx: Command '['C:\\Users\\koengo\\AppData\\Local\\Programs\\Python\\Python312\\python.exe', 'C:\\Users\\koengo\\OneDrive - Cegeka\\Documents\\Reusable Assets\\Products\\scripts\\extract_html.py', 'C:\\Users\\koengo\\Cegeka\\Product Management - Product Management Library\\Business Line - Cloud and Digital Platforms\\[0.L] Outsourcing Services\\SD - Cegeka Cloud Housing services [PRD.0.L.101][PV0.8][DV1.1].docx']' returned non-zero exit status 1.
[2026-03-17 23:54:32] [TID:8392] START SD - Cegeka Cloud Housing services [PRD.0.L.101][PV0.8][DV1.1].docx
[2026-03-17 23:54:32] [TID:8392] Extracting HTML...
[2026-03-17 23:54:33] [TID:8392] ERROR SD - Cegeka Cloud Housing services [PRD.0.L.101][PV0.8][DV1.1].docx: Command '['C:\\Users\\koengo\\AppData\\Local\\Programs\\Python\\Python312\\python.exe', 'C:\\Users\\koengo\\OneDrive - Cegeka\\Documents\\Reusable Assets\\Products\\scripts\\extract_html.py', 'C:\\Users\\koengo\\Cegeka\\Product Management - Product Management Library\\Business Line - Cloud and Digital Platforms\\[0.L] Outsourcing Services\\SD - Cegeka Cloud Housing services [PRD.0.L.101][PV0.8][DV1.1].docx']' returned non-zero exit status 1.
[2026-03-18 00:01:58] [TID:4276] START SD - Cegeka Cloud Housing services [PRD.0.L.101][PV0.8][DV1.1].docx
[2026-03-18 00:01:58] [TID:4276] Extracting HTML...
[2026-03-18 00:01:59] [TID:4276] ERROR SD - Cegeka Cloud Housing services [PRD.0.L.101][PV0.8][DV1.1].docx: Command '['C:\\Users\\koengo\\AppData\\Local\\Programs\\Python\\Python312\\python.exe', 'C:\\Users\\koengo\\OneDrive - Cegeka\\Documents\\Reusable Assets\\Products\\scripts\\extract_html.py', 'C:\\Users\\koengo\\Cegeka\\Product Management - Product Management Library\\Business Line - Cloud and Digital Platforms\\[0.L] Outsourcing Services\\SD - Cegeka Cloud Housing services [PRD.0.L.101][PV0.8][DV1.1].docx']' returned non-zero exit status 1.
[2026-03-18 00:11:09] [TID:16360] START SD - Cegeka Cloud Housing services [PRD.0.L.101][PV0.8][DV1.1].docx
[2026-03-18 00:11:09] [TID:16360] Extracting HTML...
[2026-03-18 00:11:10] [TID:16360] ERROR SD - Cegeka Cloud Housing services [PRD.0.L.101][PV0.8][DV1.1].docx: Command '['C:\\Users\\koengo\\AppData\\Local\\Programs\\Python\\Python312\\python.exe', 'C:\\Users\\koengo\\OneDrive - Cegeka\\Documents\\Reusable Assets\\Products\\scripts\\extract_html.py', 'C:\\Users\\koengo\\Cegeka\\Product Management - Product Management Library\\Business Line - Cloud and Digital Platforms\\[0.L] Outsourcing Services\\SD - Cegeka Cloud Housing services [PRD.0.L.101][PV0.8][DV1.1].docx']' returned non-zero exit status 1.
[2026-03-18 00:24:21] [TID:6152] START SD - Cegeka Cloud Housing services [PRD.0.L.101][PV0.8][DV1.1].docx
[2026-03-18 00:24:21] [TID:6152] [DEBUG] Running step: extract_html
[2026-03-18 00:24:21] [TID:6152] [DEBUG] Command: ['C:\\Users\\koengo\\AppData\\Local\\Programs\\Python\\Python312\\python.exe', 'C:\\Users\\koengo\\OneDrive - Cegeka\\Documents\\Reusable Assets\\Products\\scripts\\extract_html.py', 'C:\\Users\\koengo\\Cegeka\\Product Management - Product Management Library\\Business Line - Cloud and Digital Platforms\\[0.L] Outsourcing Services\\SD - Cegeka Cloud Housing services [PRD.0.L.101][PV0.8][DV1.1].docx']
[2026-03-18 00:24:22] [TID:6152] [DEBUG][stderr] Traceback (most recent call last):
  File "C:\Users\koengo\OneDrive - Cegeka\Documents\Reusable Assets\Products\scripts\extract_html.py", line 17, in <module>
    print(f"\u2714 HTML saved \u2192 {out_file}")
  File "C:\Users\koengo\AppData\Local\Programs\Python\Python312\Lib\encodings\cp1252.py", line 19, in encode
    return codecs.charmap_encode(input,self.errors,encoding_table)[0]
           ^^^^^^^^^^^^^^^^^^^^^^^^^^^^^^^^^^^^^^^^^^^^^^^^^^^^^^^
UnicodeEncodeError: 'charmap' codec can't encode character '\u2714' in position 0: character maps to <undefined>

[2026-03-18 00:24:23] [TID:6152] ERROR SD - Cegeka Cloud Housing services [PRD.0.L.101][PV0.8][DV1.1].docx: [extract_html] FAILED with exit code 1
[2026-03-18 00:28:23] [TID:12148] START SD - Cegeka Cloud Housing services [PRD.0.L.101][PV0.8][DV1.1].docx
[2026-03-18 00:28:23] [TID:12148] [DEBUG] Running step: extract_html
[2026-03-18 00:28:23] [TID:12148] [DEBUG] Command: ['C:\\Users\\koengo\\AppData\\Local\\Programs\\Python\\Python312\\python.exe', 'C:\\Users\\koengo\\OneDrive - Cegeka\\Documents\\Reusable Assets\\Products\\scripts\\extract_html.py', 'C:\\Users\\koengo\\Cegeka\\Product Management - Product Management Library\\Business Line - Cloud and Digital Platforms\\[0.L] Outsourcing Services\\SD - Cegeka Cloud Housing services [PRD.0.L.101][PV0.8][DV1.1].docx']
[2026-03-18 00:28:24] [TID:12148] [DEBUG][stderr] Traceback (most recent call last):
  File "C:\Users\koengo\OneDrive - Cegeka\Documents\Reusable Assets\Products\scripts\extract_html.py", line 17, in <module>
    print(f"\u2714 HTML saved \u2192 {out_file}")
  File "C:\Users\koengo\AppData\Local\Programs\Python\Python312\Lib\encodings\cp1252.py", line 19, in encode
    return codecs.charmap_encode(input,self.errors,encoding_table)[0]
           ^^^^^^^^^^^^^^^^^^^^^^^^^^^^^^^^^^^^^^^^^^^^^^^^^^^^^^^
UnicodeEncodeError: 'charmap' codec can't encode character '\u2714' in position 0: character maps to <undefined>

[2026-03-18 00:28:24] [TID:12148] ERROR SD - Cegeka Cloud Housing services [PRD.0.L.101][PV0.8][DV1.1].docx: [extract_html] FAILED with exit code 1
[2026-03-18 00:39:23] [TID:1172] START SD - Cegeka Cloud Housing services [PRD.0.L.101][PV0.8][DV1.1].docx
[2026-03-18 00:39:23] [TID:1172] [DEBUG] Running step: extract_html
[2026-03-18 00:39:23] [TID:1172] [DEBUG] Command: ['C:\\Users\\koengo\\AppData\\Local\\Programs\\Python\\Python312\\python.exe', 'C:\\Users\\koengo\\OneDrive - Cegeka\\Documents\\Reusable Assets\\Products\\scripts\\extract_html.py', 'C:\\Users\\koengo\\Cegeka\\Product Management - Product Management Library\\Business Line - Cloud and Digital Platforms\\[0.L] Outsourcing Services\\SD - Cegeka Cloud Housing services [PRD.0.L.101][PV0.8][DV1.1].docx']
[2026-03-18 00:39:24] [TID:1172] [DEBUG][stderr] Traceback (most recent call last):
  File "C:\Users\koengo\OneDrive - Cegeka\Documents\Reusable Assets\Products\scripts\extract_html.py", line 17, in <module>
    print(f"\u2714 HTML saved \u2192 {out_file}")
  File "C:\Users\koengo\AppData\Local\Programs\Python\Python312\Lib\encodings\cp1252.py", line 19, in encode
    return codecs.charmap_encode(input,self.errors,encoding_table)[0]
           ^^^^^^^^^^^^^^^^^^^^^^^^^^^^^^^^^^^^^^^^^^^^^^^^^^^^^^^
UnicodeEncodeError: 'charmap' codec can't encode character '\u2714' in position 0: character maps to <undefined>

[2026-03-18 00:39:24] [TID:1172] ERROR SD - Cegeka Cloud Housing services [PRD.0.L.101][PV0.8][DV1.1].docx: [extract_html] FAILED with exit code 1
[2026-03-18 00:51:43] [TID:18100] START SD - Cegeka Cloud Housing services [PRD.0.L.101][PV0.8][DV1.1].docx
[2026-03-18 00:51:43] [TID:18100] [DEBUG] Running step: extract_html
[2026-03-18 00:51:43] [TID:18100] [DEBUG] Command: ['C:\\Users\\koengo\\AppData\\Local\\Programs\\Python\\Python312\\python.exe', 'C:\\Users\\koengo\\OneDrive - Cegeka\\Documents\\Reusable Assets\\Products\\scripts\\extract_html.py', 'C:\\Users\\koengo\\Cegeka\\Product Management - Product Management Library\\Business Line - Cloud and Digital Platforms\\[0.L] Outsourcing Services\\SD - Cegeka Cloud Housing services [PRD.0.L.101][PV0.8][DV1.1].docx']
[2026-03-18 00:51:44] [TID:18100] [DEBUG][stdout] ✔ HTML saved for SD - Cegeka Cloud Housing services [PRD.0.L.101][PV0.8][DV1.1].docx

[2026-03-18 00:51:44] [TID:18100] [DEBUG] Step 'extract_html' OK
[2026-03-18 00:51:44] [TID:18100] [DEBUG] Running step: parse_html
[2026-03-18 00:51:44] [TID:18100] [DEBUG] Command: ['C:\\Users\\koengo\\AppData\\Local\\Programs\\Python\\Python312\\python.exe', 'C:\\Users\\koengo\\OneDrive - Cegeka\\Documents\\Reusable Assets\\Products\\scripts\\parse_html_sections.py', 'extracted_html\\SD - Cegeka Cloud Housing services [PRD.0.L.101][PV0.8][DV1.1].html']
[2026-03-18 00:51:44] [TID:18100] [DEBUG][stdout] ✔ Robust parsed → output\json\SD - Cegeka Cloud Housing services [PRD.0.L.101][PV0.8][DV1.1].json

[2026-03-18 00:51:44] [TID:18100] [DEBUG] Step 'parse_html' OK
[2026-03-18 00:51:44] [TID:18100] [DEBUG] Running step: auto_map
[2026-03-18 00:51:44] [TID:18100] [DEBUG] Command: ['C:\\Users\\koengo\\AppData\\Local\\Programs\\Python\\Python312\\python.exe', 'C:\\Users\\koengo\\OneDrive - Cegeka\\Documents\\Reusable Assets\\Products\\scripts\\auto_map_sections.py', 'output\\json\\SD - Cegeka Cloud Housing services [PRD.0.L.101][PV0.8][DV1.1].json']
[2026-03-18 00:51:44] [TID:18100] [DEBUG][stderr]   File "C:\Users\koengo\OneDrive - Cegeka\Documents\Reusable Assets\Products\scripts\auto_map_sections.py", line 26
    ``
    ^
SyntaxError: invalid syntax

[2026-03-18 00:51:44] [TID:18100] ERROR SD - Cegeka Cloud Housing services [PRD.0.L.101][PV0.8][DV1.1].docx: [auto_map] FAILED with exit code 1
[2026-03-18 01:01:00] [TID:22128] START SD - Cegeka Cloud Housing services [PRD.0.L.101][PV0.8][DV1.1].docx
[2026-03-18 01:01:00] [TID:22128] [DEBUG] Running step: extract_html
[2026-03-18 01:01:00] [TID:22128] [DEBUG] Command: ['C:\\Users\\koengo\\AppData\\Local\\Programs\\Python\\Python312\\python.exe', 'C:\\Users\\koengo\\OneDrive - Cegeka\\Documents\\Reusable Assets\\Products\\scripts\\extract_html.py', 'C:\\Users\\koengo\\Cegeka\\Product Management - Product Management Library\\Business Line - Cloud and Digital Platforms\\[0.L] Outsourcing Services\\SD - Cegeka Cloud Housing services [PRD.0.L.101][PV0.8][DV1.1].docx']
[2026-03-18 01:01:01] [TID:22128] [DEBUG][stdout] ✔ HTML saved for SD - Cegeka Cloud Housing services [PRD.0.L.101][PV0.8][DV1.1].docx

[2026-03-18 01:01:01] [TID:22128] [DEBUG] Step 'extract_html' OK
[2026-03-18 01:01:01] [TID:22128] [DEBUG] Running step: parse_html
[2026-03-18 01:01:01] [TID:22128] [DEBUG] Command: ['C:\\Users\\koengo\\AppData\\Local\\Programs\\Python\\Python312\\python.exe', 'C:\\Users\\koengo\\OneDrive - Cegeka\\Documents\\Reusable Assets\\Products\\scripts\\parse_html_sections.py', 'extracted_html\\SD - Cegeka Cloud Housing services [PRD.0.L.101][PV0.8][DV1.1].html']
[2026-03-18 01:01:01] [TID:22128] [DEBUG][stdout] ✔ Robust parsed → output\json\SD - Cegeka Cloud Housing services [PRD.0.L.101][PV0.8][DV1.1].json

[2026-03-18 01:01:01] [TID:22128] [DEBUG] Step 'parse_html' OK
[2026-03-18 01:01:01] [TID:22128] [DEBUG] Running step: auto_map
[2026-03-18 01:01:01] [TID:22128] [DEBUG] Command: ['C:\\Users\\koengo\\AppData\\Local\\Programs\\Python\\Python312\\python.exe', 'C:\\Users\\koengo\\OneDrive - Cegeka\\Documents\\Reusable Assets\\Products\\scripts\\auto_map_sections.py', 'output\\json\\SD - Cegeka Cloud Housing services [PRD.0.L.101][PV0.8][DV1.1].json']
[2026-03-18 01:01:01] [TID:22128] [DEBUG][stderr]   File "C:\Users\koengo\OneDrive - Cegeka\Documents\Reusable Assets\Products\scripts\auto_map_sections.py", line 26
    ``
    ^
SyntaxError: invalid syntax

[2026-03-18 01:01:01] [TID:22128] ERROR SD - Cegeka Cloud Housing services [PRD.0.L.101][PV0.8][DV1.1].docx: [auto_map] FAILED with exit code 1
[2026-03-18 01:16:36] [TID:18856] START SD - Cegeka Cloud Housing services [PRD.0.L.101][PV0.8][DV1.1].docx
[2026-03-18 01:16:36] [TID:18856] [DEBUG] Running step: extract_html
[2026-03-18 01:16:36] [TID:18856] [DEBUG] Command: ['C:\\Users\\koengo\\AppData\\Local\\Programs\\Python\\Python312\\python.exe', 'C:\\Users\\koengo\\OneDrive - Cegeka\\Documents\\Reusable Assets\\Products\\scripts\\extract_html.py', 'C:\\Users\\koengo\\Cegeka\\Product Management - Product Management Library\\Business Line - Cloud and Digital Platforms\\[0.L] Outsourcing Services\\SD - Cegeka Cloud Housing services [PRD.0.L.101][PV0.8][DV1.1].docx']
[2026-03-18 01:16:37] [TID:18856] [DEBUG][stdout] ✔ HTML saved for SD - Cegeka Cloud Housing services [PRD.0.L.101][PV0.8][DV1.1].docx

[2026-03-18 01:16:37] [TID:18856] [DEBUG] Step 'extract_html' OK
[2026-03-18 01:16:37] [TID:18856] [DEBUG] Running step: parse_html
[2026-03-18 01:16:37] [TID:18856] [DEBUG] Command: ['C:\\Users\\koengo\\AppData\\Local\\Programs\\Python\\Python312\\python.exe', 'C:\\Users\\koengo\\OneDrive - Cegeka\\Documents\\Reusable Assets\\Products\\scripts\\parse_html_sections.py', 'extracted_html\\SD - Cegeka Cloud Housing services [PRD.0.L.101][PV0.8][DV1.1].html']
[2026-03-18 01:16:38] [TID:18856] [DEBUG][stdout] ✔ Robust parsed → output\json\SD - Cegeka Cloud Housing services [PRD.0.L.101][PV0.8][DV1.1].json

[2026-03-18 01:16:38] [TID:18856] [DEBUG] Step 'parse_html' OK
[2026-03-18 01:16:38] [TID:18856] [DEBUG] Running step: auto_map
[2026-03-18 01:16:38] [TID:18856] [DEBUG] Command: ['C:\\Users\\koengo\\AppData\\Local\\Programs\\Python\\Python312\\python.exe', 'C:\\Users\\koengo\\OneDrive - Cegeka\\Documents\\Reusable Assets\\Products\\scripts\\auto_map_sections.py', 'output\\json\\SD - Cegeka Cloud Housing services [PRD.0.L.101][PV0.8][DV1.1].json']
[2026-03-18 01:16:38] [TID:18856] [DEBUG][stderr]   File "C:\Users\koengo\OneDrive - Cegeka\Documents\Reusable Assets\Products\scripts\auto_map_sections.py", line 26
    ``
    ^
SyntaxError: invalid syntax

[2026-03-18 01:16:38] [TID:18856] ERROR SD - Cegeka Cloud Housing services [PRD.0.L.101][PV0.8][DV1.1].docx: [auto_map] FAILED with exit code 1
[2026-03-18 01:30:47] [TID:2584] START SD - Cegeka Cloud Housing services [PRD.0.L.101][PV0.8][DV1.1].docx
[2026-03-18 01:30:47] [TID:2584] [DEBUG] Running step: extract_html
[2026-03-18 01:30:47] [TID:2584] [DEBUG] Command: ['C:\\Users\\koengo\\AppData\\Local\\Programs\\Python\\Python312\\python.exe', 'C:\\Users\\koengo\\OneDrive - Cegeka\\Documents\\Reusable Assets\\Products\\scripts\\extract_html.py', 'C:\\Users\\koengo\\Cegeka\\Product Management - Product Management Library\\Business Line - Cloud and Digital Platforms\\[0.L] Outsourcing Services\\SD - Cegeka Cloud Housing services [PRD.0.L.101][PV0.8][DV1.1].docx']
[2026-03-18 01:30:47] [TID:2584] [DEBUG][stderr]   File "C:\Users\koengo\OneDrive - Cegeka\Documents\Reusable Assets\Products\scripts\extract_html.py", line 31
    ``
    ^
SyntaxError: invalid syntax

[2026-03-18 01:30:47] [TID:2584] ERROR SD - Cegeka Cloud Housing services [PRD.0.L.101][PV0.8][DV1.1].docx: [extract_html] FAILED with exit code 1
[2026-03-18 01:32:55] [TID:16984] START SD - Cegeka Cloud Housing services [PRD.0.L.101][PV0.8][DV1.1].docx
[2026-03-18 01:32:55] [TID:16984] [DEBUG] Running step: extract_html
[2026-03-18 01:32:55] [TID:16984] [DEBUG] Command: ['C:\\Users\\koengo\\AppData\\Local\\Programs\\Python\\Python312\\python.exe', 'C:\\Users\\koengo\\OneDrive - Cegeka\\Documents\\Reusable Assets\\Products\\scripts\\extract_html.py', 'C:\\Users\\koengo\\Cegeka\\Product Management - Product Management Library\\Business Line - Cloud and Digital Platforms\\[0.L] Outsourcing Services\\SD - Cegeka Cloud Housing services [PRD.0.L.101][PV0.8][DV1.1].docx']
[2026-03-18 01:32:56] [TID:16984] [DEBUG][stdout] HTML saved: SD - Cegeka Cloud Housing services [PRD.0.L.101][PV0.8][DV1.1].html

[2026-03-18 01:32:56] [TID:16984] [DEBUG] Step 'extract_html' OK
[2026-03-18 01:32:56] [TID:16984] [DEBUG] Running step: parse_html
[2026-03-18 01:32:56] [TID:16984] [DEBUG] Command: ['C:\\Users\\koengo\\AppData\\Local\\Programs\\Python\\Python312\\python.exe', 'C:\\Users\\koengo\\OneDrive - Cegeka\\Documents\\Reusable Assets\\Products\\scripts\\parse_html_sections.py', 'extracted_html\\SD - Cegeka Cloud Housing services [PRD.0.L.101][PV0.8][DV1.1].html']
[2026-03-18 01:32:56] [TID:16984] [DEBUG][stdout] ✔ Robust parsed → output\json\SD - Cegeka Cloud Housing services [PRD.0.L.101][PV0.8][DV1.1].json

[2026-03-18 01:32:56] [TID:16984] [DEBUG] Step 'parse_html' OK
[2026-03-18 01:32:56] [TID:16984] [DEBUG] Running step: auto_map
[2026-03-18 01:32:56] [TID:16984] [DEBUG] Command: ['C:\\Users\\koengo\\AppData\\Local\\Programs\\Python\\Python312\\python.exe', 'C:\\Users\\koengo\\OneDrive - Cegeka\\Documents\\Reusable Assets\\Products\\scripts\\auto_map_sections.py', 'output\\json\\SD - Cegeka Cloud Housing services [PRD.0.L.101][PV0.8][DV1.1].json']
[2026-03-18 01:32:57] [TID:16984] [DEBUG][stderr]   File "C:\Users\koengo\OneDrive - Cegeka\Documents\Reusable Assets\Products\scripts\auto_map_sections.py", line 26
    ``
    ^
SyntaxError: invalid syntax

[2026-03-18 01:32:57] [TID:16984] ERROR SD - Cegeka Cloud Housing services [PRD.0.L.101][PV0.8][DV1.1].docx: [auto_map] FAILED with exit code 1
[2026-03-18 01:40:06] [TID:27512] START SD - Cegeka Cloud Housing services [PRD.0.L.101][PV0.8][DV1.1].docx
[2026-03-18 01:40:06] [TID:27512] [DEBUG] Running step: extract_html
[2026-03-18 01:40:06] [TID:27512] [DEBUG] Command: ['C:\\Users\\koengo\\AppData\\Local\\Programs\\Python\\Python312\\python.exe', 'C:\\Users\\koengo\\OneDrive - Cegeka\\Documents\\Reusable Assets\\Products\\scripts\\extract_html.py', 'C:\\Users\\koengo\\Cegeka\\Product Management - Product Management Library\\Business Line - Cloud and Digital Platforms\\[0.L] Outsourcing Services\\SD - Cegeka Cloud Housing services [PRD.0.L.101][PV0.8][DV1.1].docx']
[2026-03-18 01:40:07] [TID:27512] [DEBUG][stdout] HTML saved: SD - Cegeka Cloud Housing services [PRD.0.L.101][PV0.8][DV1.1].html

[2026-03-18 01:40:07] [TID:27512] [DEBUG] Step 'extract_html' OK
[2026-03-18 01:40:07] [TID:27512] [DEBUG] Running step: parse_html
[2026-03-18 01:40:07] [TID:27512] [DEBUG] Command: ['C:\\Users\\koengo\\AppData\\Local\\Programs\\Python\\Python312\\python.exe', 'C:\\Users\\koengo\\OneDrive - Cegeka\\Documents\\Reusable Assets\\Products\\scripts\\parse_html_sections.py', 'extracted_html\\SD - Cegeka Cloud Housing services [PRD.0.L.101][PV0.8][DV1.1].html']
[2026-03-18 01:40:07] [TID:27512] [DEBUG][stdout] ✔ Robust parsed → output\json\SD - Cegeka Cloud Housing services [PRD.0.L.101][PV0.8][DV1.1].json

[2026-03-18 01:40:07] [TID:27512] [DEBUG] Step 'parse_html' OK
[2026-03-18 01:40:07] [TID:27512] [DEBUG] Running step: auto_map
[2026-03-18 01:40:07] [TID:27512] [DEBUG] Command: ['C:\\Users\\koengo\\AppData\\Local\\Programs\\Python\\Python312\\python.exe', 'C:\\Users\\koengo\\OneDrive - Cegeka\\Documents\\Reusable Assets\\Products\\scripts\\auto_map_sections.py', 'output\\json\\SD - Cegeka Cloud Housing services [PRD.0.L.101][PV0.8][DV1.1].json']
[2026-03-18 01:40:07] [TID:27512] [DEBUG][stderr]   File "C:\Users\koengo\OneDrive - Cegeka\Documents\Reusable Assets\Products\scripts\auto_map_sections.py", line 26
    ``
    ^
SyntaxError: invalid syntax

[2026-03-18 01:40:07] [TID:27512] ERROR SD - Cegeka Cloud Housing services [PRD.0.L.101][PV0.8][DV1.1].docx: [auto_map] FAILED with exit code 1
