[2026-03-18 14:27:57] START extract_html for: C:\Users\koengo\Cegeka\Product Management - Product Management Library\Business Line - Digital Employee eXperience\[7.1] Cegeka Digital Workplace Solutions\[PRD.7.5.001] Teamwork\SD - Teamwork [PRD.7.5.001][PV1.0][DV1.0].docx
[2026-03-18 14:27:58] HTML saved: extracted_html\SD - Teamwork [PRD.7.5.001][PV1.0][DV1.0].html
[2026-03-18 14:27:58] extract_html OK
[2026-03-18 14:27:58] START parse_html for: extracted_html\SD - Teamwork [PRD.7.5.001][PV1.0][DV1.0].html
[2026-03-18 14:27:59] PARSE OK → output\json\SD - Teamwork [PRD.7.5.001][PV1.0][DV1.0].json
[2026-03-18 14:43:21] START PIPELINE for C:\Users\koengo\Cegeka\Product Management - Product Management Library\Business Line - Digital Employee eXperience\[7.1] Cegeka Digital Workplace Solutions\[PRD.7.5.001] Teamwork\SD - Teamwork [PRD.7.5.001][PV1.0][DV1.0].docx
[2026-03-18 14:43:21] RUN extract_html.py -> C:\Users\koengo\Cegeka\Product Management - Product Management Library\Business Line - Digital Employee eXperience\[7.1] Cegeka Digital Workplace Solutions\[PRD.7.5.001] Teamwork\SD - Teamwork [PRD.7.5.001][PV1.0][DV1.0].docx
[2026-03-18 14:43:22] START extract_html for: C:\Users\koengo\Cegeka\Product Management - Product Management Library\Business Line - Digital Employee eXperience\[7.1] Cegeka Digital Workplace Solutions\[PRD.7.5.001] Teamwork\SD - Teamwork [PRD.7.5.001][PV1.0][DV1.0].docx
[2026-03-18 14:43:22] HTML saved: extracted_html\SD - Teamwork [PRD.7.5.001][PV1.0][DV1.0].html
[2026-03-18 14:43:22] extract_html OK
[2026-03-18 14:43:23] RUN parse_html_sections.py -> C:\Users\koengo\OneDrive - Cegeka\Documents\Reusable Assets\Products\extracted_html\SD - Teamwork [PRD.7.5.001][PV1.0][DV1.0].html
[2026-03-18 14:43:23] START parse_html for: C:\Users\koengo\OneDrive - Cegeka\Documents\Reusable Assets\Products\extracted_html\SD - Teamwork [PRD.7.5.001][PV1.0][DV1.0].html
[2026-03-18 14:48:52] START PIPELINE for C:\Users\koengo\Cegeka\Product Management - Product Management Library\Business Line - Digital Employee eXperience\[7.1] Cegeka Digital Workplace Solutions\[PRD.7.5.001] Teamwork\SD - Teamwork [PRD.7.5.001][PV1.0][DV1.0].docx
[2026-03-18 14:48:52] RUN extract_html.py -> C:\Users\koengo\Cegeka\Product Management - Product Management Library\Business Line - Digital Employee eXperience\[7.1] Cegeka Digital Workplace Solutions\[PRD.7.5.001] Teamwork\SD - Teamwork [PRD.7.5.001][PV1.0][DV1.0].docx
[2026-03-18 14:48:52] START extract_html for: C:\Users\koengo\Cegeka\Product Management - Product Management Library\Business Line - Digital Employee eXperience\[7.1] Cegeka Digital Workplace Solutions\[PRD.7.5.001] Teamwork\SD - Teamwork [PRD.7.5.001][PV1.0][DV1.0].docx
[2026-03-18 14:48:52] HTML saved: extracted_html\SD - Teamwork [PRD.7.5.001][PV1.0][DV1.0].html
[2026-03-18 14:48:52] extract_html OK
[2026-03-18 14:48:52] RUN parse_html_sections.py -> C:\Users\koengo\OneDrive - Cegeka\Documents\Reusable Assets\Products\extracted_html\SD - Teamwork [PRD.7.5.001][PV1.0][DV1.0].html
[2026-03-18 14:48:53] START parse_html for: C:\Users\koengo\OneDrive - Cegeka\Documents\Reusable Assets\Products\extracted_html\SD - Teamwork [PRD.7.5.001][PV1.0][DV1.0].html
[2026-03-18 14:48:54] PARSE OK → output\json\SD - Teamwork [PRD.7.5.001][PV1.0][DV1.0].json
[2026-03-18 14:48:54] RUN auto_map_sections.py -> C:\Users\koengo\OneDrive - Cegeka\Documents\Reusable Assets\Products\output\json\SD - Teamwork [PRD.7.5.001][PV1.0][DV1.0].json
[2026-03-18 14:48:54] START auto_map for: C:\Users\koengo\OneDrive - Cegeka\Documents\Reusable Assets\Products\output\json\SD - Teamwork [PRD.7.5.001][PV1.0][DV1.0].json
[2026-03-18 14:48:54] auto_map OK → output\mapped\SD - Teamwork [PRD.7.5.001][PV1.0][DV1.0]_mapped.json
[2026-03-18 14:48:54] JSON->XML OK -> C:\Users\koengo\OneDrive - Cegeka\Documents\Reusable Assets\Products\output\xml\SD - Teamwork [PRD.7.5.001][PV1.0][DV1.0]_mapped.xml
[2026-03-18 14:48:54] RUN xml_to_docx.py -> C:\Users\koengo\OneDrive - Cegeka\Documents\Reusable Assets\Products\output\xml\SD - Teamwork [PRD.7.5.001][PV1.0][DV1.0]_mapped.xml
[2026-03-18 14:48:54] PIPELINE OK
[2026-03-18 15:02:40] START PIPELINE for C:\Users\koengo\Cegeka\Product Management - Product Management Library\Business Line - Digital Employee eXperience\[7.1] Cegeka Digital Workplace Solutions\[PRD.7.5.001] Teamwork\SD - Teamwork [PRD.7.5.001][PV1.0][DV1.0].docx
[2026-03-18 15:02:40] RUN extract_html.py -> C:\Users\koengo\Cegeka\Product Management - Product Management Library\Business Line - Digital Employee eXperience\[7.1] Cegeka Digital Workplace Solutions\[PRD.7.5.001] Teamwork\SD - Teamwork [PRD.7.5.001][PV1.0][DV1.0].docx
[2026-03-18 15:02:40] START extract_html for: C:\Users\koengo\Cegeka\Product Management - Product Management Library\Business Line - Digital Employee eXperience\[7.1] Cegeka Digital Workplace Solutions\[PRD.7.5.001] Teamwork\SD - Teamwork [PRD.7.5.001][PV1.0][DV1.0].docx
[2026-03-18 15:02:40] HTML saved: extracted_html\SD - Teamwork [PRD.7.5.001][PV1.0][DV1.0].html
[2026-03-18 15:02:40] extract_html OK
[2026-03-18 15:02:41] RUN parse_html_sections.py -> C:\Users\koengo\OneDrive - Cegeka\Documents\Reusable Assets\Products\extracted_html\SD - Teamwork [PRD.7.5.001][PV1.0][DV1.0].html
[2026-03-18 15:02:41] START parse_html for: C:\Users\koengo\OneDrive - Cegeka\Documents\Reusable Assets\Products\extracted_html\SD - Teamwork [PRD.7.5.001][PV1.0][DV1.0].html
[2026-03-18 15:02:42] PARSE OK → output\json\SD - Teamwork [PRD.7.5.001][PV1.0][DV1.0].json
[2026-03-18 15:02:42] RUN auto_map_sections.py -> C:\Users\koengo\OneDrive - Cegeka\Documents\Reusable Assets\Products\output\json\SD - Teamwork [PRD.7.5.001][PV1.0][DV1.0].json
[2026-03-18 15:02:42] START auto_map for: C:\Users\koengo\OneDrive - Cegeka\Documents\Reusable Assets\Products\output\json\SD - Teamwork [PRD.7.5.001][PV1.0][DV1.0].json
[2026-03-18 15:02:42] auto_map OK → output\mapped\SD - Teamwork [PRD.7.5.001][PV1.0][DV1.0]_mapped.json
[2026-03-18 15:02:42] JSON->XML OK -> C:\Users\koengo\OneDrive - Cegeka\Documents\Reusable Assets\Products\output\xml\SD - Teamwork [PRD.7.5.001][PV1.0][DV1.0]_mapped.xml
[2026-03-18 15:02:42] RUN xml_to_docx.py -> C:\Users\koengo\OneDrive - Cegeka\Documents\Reusable Assets\Products\output\xml\SD - Teamwork [PRD.7.5.001][PV1.0][DV1.0]_mapped.xml
[2026-03-18 15:02:43] PIPELINE OK
