[2026-03-17 23:34:08] [TID:10644] Start processing SD: SD - Cegeka OCI Managed Platform Services [PRD.0.4.001][PV1.0][DV1.0].docx
[2026-03-17 23:34:08] [TID:10644] Extracting HTML...
[2026-03-17 23:34:09] [TID:10644] ERROR SD - Cegeka OCI Managed Platform Services [PRD.0.4.001][PV1.0][DV1.0].docx: Command '['C:\\Users\\koengo\\AppData\\Local\\Programs\\Python\\Python312\\python.exe', 'C:\\Users\\koengo\\OneDrive - Cegeka\\Documents\\Reusable Assets\\Products\\scripts\\extract_html.py', 'C:\\Users\\koengo\\Cegeka\\Product Management - Product Management Library\\Business Line - Cloud and Digital Platforms\\[0.4] Cegeka Oracle Cloud Services & Solutions\\[PRD.0.4.001] Cegeka OCI Managed Platform Services\\SD - Cegeka OCI Managed Platform Services [PRD.0.4.001][PV1.0][DV1.0].docx']' returned non-zero exit status 1.
[2026-03-17 23:39:29] [TID:7988] START SD - Cegeka OCI Managed Platform Services [PRD.0.4.001][PV1.0][DV1.0].docx
[2026-03-17 23:39:29] [TID:7988] Extracting HTML...
[2026-03-17 23:39:30] [TID:7988] ERROR SD - Cegeka OCI Managed Platform Services [PRD.0.4.001][PV1.0][DV1.0].docx: Command '['C:\\Users\\koengo\\AppData\\Local\\Programs\\Python\\Python312\\python.exe', 'C:\\Users\\koengo\\OneDrive - Cegeka\\Documents\\Reusable Assets\\Products\\scripts\\extract_html.py', 'C:\\Users\\koengo\\Cegeka\\Product Management - Product Management Library\\Business Line - Cloud and Digital Platforms\\[0.4] Cegeka Oracle Cloud Services & Solutions\\[PRD.0.4.001] Cegeka OCI Managed Platform Services\\SD - Cegeka OCI Managed Platform Services [PRD.0.4.001][PV1.0][DV1.0].docx']' returned non-zero exit status 1.
[2026-03-17 23:44:41] [TID:22212] START SD - Cegeka OCI Managed Platform Services [PRD.0.4.001][PV1.0][DV1.0].docx
[2026-03-17 23:44:41] [TID:22212] Extracting HTML...
[2026-03-17 23:44:41] [TID:22212] ERROR SD - Cegeka OCI Managed Platform Services [PRD.0.4.001][PV1.0][DV1.0].docx: Command '['C:\\Users\\koengo\\AppData\\Local\\Programs\\Python\\Python312\\python.exe', 'C:\\Users\\koengo\\OneDrive - Cegeka\\Documents\\Reusable Assets\\Products\\scripts\\extract_html.py', 'C:\\Users\\koengo\\Cegeka\\Product Management - Product Management Library\\Business Line - Cloud and Digital Platforms\\[0.4] Cegeka Oracle Cloud Services & Solutions\\[PRD.0.4.001] Cegeka OCI Managed Platform Services\\SD - Cegeka OCI Managed Platform Services [PRD.0.4.001][PV1.0][DV1.0].docx']' returned non-zero exit status 1.
[2026-03-17 23:47:09] [TID:12148] START SD - Cegeka OCI Managed Platform Services [PRD.0.4.001][PV1.0][DV1.0].docx
[2026-03-17 23:47:09] [TID:12148] Extracting HTML...
[2026-03-17 23:47:10] [TID:12148] ERROR SD - Cegeka OCI Managed Platform Services [PRD.0.4.001][PV1.0][DV1.0].docx: Command '['C:\\Users\\koengo\\AppData\\Local\\Programs\\Python\\Python312\\python.exe', 'C:\\Users\\koengo\\OneDrive - Cegeka\\Documents\\Reusable Assets\\Products\\scripts\\extract_html.py', 'C:\\Users\\koengo\\Cegeka\\Product Management - Product Management Library\\Business Line - Cloud and Digital Platforms\\[0.4] Cegeka Oracle Cloud Services & Solutions\\[PRD.0.4.001] Cegeka OCI Managed Platform Services\\SD - Cegeka OCI Managed Platform Services [PRD.0.4.001][PV1.0][DV1.0].docx']' returned non-zero exit status 1.
[2026-03-17 23:54:38] [TID:4172] START SD - Cegeka OCI Managed Platform Services [PRD.0.4.001][PV1.0][DV1.0].docx
[2026-03-17 23:54:38] [TID:4172] Extracting HTML...
[2026-03-17 23:54:39] [TID:4172] ERROR SD - Cegeka OCI Managed Platform Services [PRD.0.4.001][PV1.0][DV1.0].docx: Command '['C:\\Users\\koengo\\AppData\\Local\\Programs\\Python\\Python312\\python.exe', 'C:\\Users\\koengo\\OneDrive - Cegeka\\Documents\\Reusable Assets\\Products\\scripts\\extract_html.py', 'C:\\Users\\koengo\\Cegeka\\Product Management - Product Management Library\\Business Line - Cloud and Digital Platforms\\[0.4] Cegeka Oracle Cloud Services & Solutions\\[PRD.0.4.001] Cegeka OCI Managed Platform Services\\SD - Cegeka OCI Managed Platform Services [PRD.0.4.001][PV1.0][DV1.0].docx']' returned non-zero exit status 1.
[2026-03-18 00:02:03] [TID:4276] START SD - Cegeka OCI Managed Platform Services [PRD.0.4.001][PV1.0][DV1.0].docx
[2026-03-18 00:02:04] [TID:4276] Extracting HTML...
[2026-03-18 00:02:04] [TID:4276] ERROR SD - Cegeka OCI Managed Platform Services [PRD.0.4.001][PV1.0][DV1.0].docx: Command '['C:\\Users\\koengo\\AppData\\Local\\Programs\\Python\\Python312\\python.exe', 'C:\\Users\\koengo\\OneDrive - Cegeka\\Documents\\Reusable Assets\\Products\\scripts\\extract_html.py', 'C:\\Users\\koengo\\Cegeka\\Product Management - Product Management Library\\Business Line - Cloud and Digital Platforms\\[0.4] Cegeka Oracle Cloud Services & Solutions\\[PRD.0.4.001] Cegeka OCI Managed Platform Services\\SD - Cegeka OCI Managed Platform Services [PRD.0.4.001][PV1.0][DV1.0].docx']' returned non-zero exit status 1.
[2026-03-18 00:11:15] [TID:19732] START SD - Cegeka OCI Managed Platform Services [PRD.0.4.001][PV1.0][DV1.0].docx
[2026-03-18 00:11:15] [TID:19732] Extracting HTML...
[2026-03-18 00:11:16] [TID:19732] ERROR SD - Cegeka OCI Managed Platform Services [PRD.0.4.001][PV1.0][DV1.0].docx: Command '['C:\\Users\\koengo\\AppData\\Local\\Programs\\Python\\Python312\\python.exe', 'C:\\Users\\koengo\\OneDrive - Cegeka\\Documents\\Reusable Assets\\Products\\scripts\\extract_html.py', 'C:\\Users\\koengo\\Cegeka\\Product Management - Product Management Library\\Business Line - Cloud and Digital Platforms\\[0.4] Cegeka Oracle Cloud Services & Solutions\\[PRD.0.4.001] Cegeka OCI Managed Platform Services\\SD - Cegeka OCI Managed Platform Services [PRD.0.4.001][PV1.0][DV1.0].docx']' returned non-zero exit status 1.
[2026-03-18 00:24:33] [TID:29648] START SD - Cegeka OCI Managed Platform Services [PRD.0.4.001][PV1.0][DV1.0].docx
[2026-03-18 00:24:33] [TID:29648] [DEBUG] Running step: extract_html
[2026-03-18 00:24:33] [TID:29648] [DEBUG] Command: ['C:\\Users\\koengo\\AppData\\Local\\Programs\\Python\\Python312\\python.exe', 'C:\\Users\\koengo\\OneDrive - Cegeka\\Documents\\Reusable Assets\\Products\\scripts\\extract_html.py', 'C:\\Users\\koengo\\Cegeka\\Product Management - Product Management Library\\Business Line - Cloud and Digital Platforms\\[0.4] Cegeka Oracle Cloud Services & Solutions\\[PRD.0.4.001] Cegeka OCI Managed Platform Services\\SD - Cegeka OCI Managed Platform Services [PRD.0.4.001][PV1.0][DV1.0].docx']
[2026-03-18 00:24:34] [TID:29648] [DEBUG][stderr] Traceback (most recent call last):
  File "C:\Users\koengo\OneDrive - Cegeka\Documents\Reusable Assets\Products\scripts\extract_html.py", line 12, in <module>
    with open(sd_file, "rb") as f:
         ^^^^^^^^^^^^^^^^^^^
FileNotFoundError: [Errno 2] No such file or directory: 'C:\\Users\\koengo\\Cegeka\\Product Management - Product Management Library\\Business Line - Cloud and Digital Platforms\\[0.4] Cegeka Oracle Cloud Services & Solutions\\[PRD.0.4.001] Cegeka OCI Managed Platform Services\\SD - Cegeka OCI Managed Platform Services [PRD.0.4.001][PV1.0][DV1.0].docx'

[2026-03-18 00:24:34] [TID:29648] ERROR SD - Cegeka OCI Managed Platform Services [PRD.0.4.001][PV1.0][DV1.0].docx: [extract_html] FAILED with exit code 1
[2026-03-18 00:28:33] [TID:12148] START SD - Cegeka OCI Managed Platform Services [PRD.0.4.001][PV1.0][DV1.0].docx
[2026-03-18 00:28:34] [TID:12148] [DEBUG] Running step: extract_html
[2026-03-18 00:28:34] [TID:12148] [DEBUG] Command: ['C:\\Users\\koengo\\AppData\\Local\\Programs\\Python\\Python312\\python.exe', 'C:\\Users\\koengo\\OneDrive - Cegeka\\Documents\\Reusable Assets\\Products\\scripts\\extract_html.py', 'C:\\Users\\koengo\\Cegeka\\Product Management - Product Management Library\\Business Line - Cloud and Digital Platforms\\[0.4] Cegeka Oracle Cloud Services & Solutions\\[PRD.0.4.001] Cegeka OCI Managed Platform Services\\SD - Cegeka OCI Managed Platform Services [PRD.0.4.001][PV1.0][DV1.0].docx']
[2026-03-18 00:28:34] [TID:12148] [DEBUG][stderr] Traceback (most recent call last):
  File "C:\Users\koengo\OneDrive - Cegeka\Documents\Reusable Assets\Products\scripts\extract_html.py", line 12, in <module>
    with open(sd_file, "rb") as f:
         ^^^^^^^^^^^^^^^^^^^
FileNotFoundError: [Errno 2] No such file or directory: 'C:\\Users\\koengo\\Cegeka\\Product Management - Product Management Library\\Business Line - Cloud and Digital Platforms\\[0.4] Cegeka Oracle Cloud Services & Solutions\\[PRD.0.4.001] Cegeka OCI Managed Platform Services\\SD - Cegeka OCI Managed Platform Services [PRD.0.4.001][PV1.0][DV1.0].docx'

[2026-03-18 00:28:34] [TID:12148] ERROR SD - Cegeka OCI Managed Platform Services [PRD.0.4.001][PV1.0][DV1.0].docx: [extract_html] FAILED with exit code 1
[2026-03-18 00:39:34] [TID:12044] START SD - Cegeka OCI Managed Platform Services [PRD.0.4.001][PV1.0][DV1.0].docx
[2026-03-18 00:39:34] [TID:12044] [DEBUG] Running step: extract_html
[2026-03-18 00:39:34] [TID:12044] [DEBUG] Command: ['C:\\Users\\koengo\\AppData\\Local\\Programs\\Python\\Python312\\python.exe', 'C:\\Users\\koengo\\OneDrive - Cegeka\\Documents\\Reusable Assets\\Products\\scripts\\extract_html.py', 'C:\\Users\\koengo\\Cegeka\\Product Management - Product Management Library\\Business Line - Cloud and Digital Platforms\\[0.4] Cegeka Oracle Cloud Services & Solutions\\[PRD.0.4.001] Cegeka OCI Managed Platform Services\\SD - Cegeka OCI Managed Platform Services [PRD.0.4.001][PV1.0][DV1.0].docx']
[2026-03-18 00:39:35] [TID:12044] [DEBUG][stderr] Traceback (most recent call last):
  File "C:\Users\koengo\OneDrive - Cegeka\Documents\Reusable Assets\Products\scripts\extract_html.py", line 12, in <module>
    with open(sd_file, "rb") as f:
         ^^^^^^^^^^^^^^^^^^^
FileNotFoundError: [Errno 2] No such file or directory: 'C:\\Users\\koengo\\Cegeka\\Product Management - Product Management Library\\Business Line - Cloud and Digital Platforms\\[0.4] Cegeka Oracle Cloud Services & Solutions\\[PRD.0.4.001] Cegeka OCI Managed Platform Services\\SD - Cegeka OCI Managed Platform Services [PRD.0.4.001][PV1.0][DV1.0].docx'

[2026-03-18 00:39:35] [TID:12044] ERROR SD - Cegeka OCI Managed Platform Services [PRD.0.4.001][PV1.0][DV1.0].docx: [extract_html] FAILED with exit code 1
[2026-03-18 00:51:54] [TID:5928] START SD - Cegeka OCI Managed Platform Services [PRD.0.4.001][PV1.0][DV1.0].docx
[2026-03-18 00:51:54] [TID:5928] [DEBUG] Running step: extract_html
[2026-03-18 00:51:54] [TID:5928] [DEBUG] Command: ['C:\\Users\\koengo\\AppData\\Local\\Programs\\Python\\Python312\\python.exe', 'C:\\Users\\koengo\\OneDrive - Cegeka\\Documents\\Reusable Assets\\Products\\scripts\\extract_html.py', 'C:\\Users\\koengo\\Cegeka\\Product Management - Product Management Library\\Business Line - Cloud and Digital Platforms\\[0.4] Cegeka Oracle Cloud Services & Solutions\\[PRD.0.4.001] Cegeka OCI Managed Platform Services\\SD - Cegeka OCI Managed Platform Services [PRD.0.4.001][PV1.0][DV1.0].docx']
[2026-03-18 00:51:55] [TID:5928] [DEBUG][stdout] EXTRACT ERROR: [Errno 2] No such file or directory: 'C:\\Users\\koengo\\Cegeka\\Product Management - Product Management Library\\Business Line - Cloud and Digital Platforms\\[0.4] Cegeka Oracle Cloud Services & Solutions\\[PRD.0.4.001] Cegeka OCI Managed Platform Services\\SD - Cegeka OCI Managed Platform Services [PRD.0.4.001][PV1.0][DV1.0].docx'

[2026-03-18 00:51:55] [TID:5928] ERROR SD - Cegeka OCI Managed Platform Services [PRD.0.4.001][PV1.0][DV1.0].docx: [extract_html] FAILED with exit code 1
[2026-03-18 01:01:13] [TID:19944] START SD - Cegeka OCI Managed Platform Services [PRD.0.4.001][PV1.0][DV1.0].docx
[2026-03-18 01:01:13] [TID:19944] [DEBUG] Running step: extract_html
[2026-03-18 01:01:13] [TID:19944] [DEBUG] Command: ['C:\\Users\\koengo\\AppData\\Local\\Programs\\Python\\Python312\\python.exe', 'C:\\Users\\koengo\\OneDrive - Cegeka\\Documents\\Reusable Assets\\Products\\scripts\\extract_html.py', 'C:\\Users\\koengo\\Cegeka\\Product Management - Product Management Library\\Business Line - Cloud and Digital Platforms\\[0.4] Cegeka Oracle Cloud Services & Solutions\\[PRD.0.4.001] Cegeka OCI Managed Platform Services\\SD - Cegeka OCI Managed Platform Services [PRD.0.4.001][PV1.0][DV1.0].docx']
[2026-03-18 01:01:13] [TID:19944] [DEBUG][stdout] EXTRACT ERROR: [Errno 2] No such file or directory: 'C:\\Users\\koengo\\Cegeka\\Product Management - Product Management Library\\Business Line - Cloud and Digital Platforms\\[0.4] Cegeka Oracle Cloud Services & Solutions\\[PRD.0.4.001] Cegeka OCI Managed Platform Services\\SD - Cegeka OCI Managed Platform Services [PRD.0.4.001][PV1.0][DV1.0].docx'

[2026-03-18 01:01:13] [TID:19944] ERROR SD - Cegeka OCI Managed Platform Services [PRD.0.4.001][PV1.0][DV1.0].docx: [extract_html] FAILED with exit code 1
[2026-03-18 01:16:48] [TID:18856] START SD - Cegeka OCI Managed Platform Services [PRD.0.4.001][PV1.0][DV1.0].docx
[2026-03-18 01:16:48] [TID:18856] [DEBUG] Running step: extract_html
[2026-03-18 01:16:48] [TID:18856] [DEBUG] Command: ['C:\\Users\\koengo\\AppData\\Local\\Programs\\Python\\Python312\\python.exe', 'C:\\Users\\koengo\\OneDrive - Cegeka\\Documents\\Reusable Assets\\Products\\scripts\\extract_html.py', 'C:\\Users\\koengo\\Cegeka\\Product Management - Product Management Library\\Business Line - Cloud and Digital Platforms\\[0.4] Cegeka Oracle Cloud Services & Solutions\\[PRD.0.4.001] Cegeka OCI Managed Platform Services\\SD - Cegeka OCI Managed Platform Services [PRD.0.4.001][PV1.0][DV1.0].docx']
[2026-03-18 01:16:49] [TID:18856] [DEBUG][stdout] EXTRACT ERROR: [Errno 2] No such file or directory: 'C:\\Users\\koengo\\Cegeka\\Product Management - Product Management Library\\Business Line - Cloud and Digital Platforms\\[0.4] Cegeka Oracle Cloud Services & Solutions\\[PRD.0.4.001] Cegeka OCI Managed Platform Services\\SD - Cegeka OCI Managed Platform Services [PRD.0.4.001][PV1.0][DV1.0].docx'

[2026-03-18 01:16:49] [TID:18856] ERROR SD - Cegeka OCI Managed Platform Services [PRD.0.4.001][PV1.0][DV1.0].docx: [extract_html] FAILED with exit code 1
[2026-03-18 01:30:47] [TID:24236] START SD - Cegeka OCI Managed Platform Services [PRD.0.4.001][PV1.0][DV1.0].docx
[2026-03-18 01:30:47] [TID:24236] [DEBUG] Running step: extract_html
[2026-03-18 01:30:47] [TID:24236] [DEBUG] Command: ['C:\\Users\\koengo\\AppData\\Local\\Programs\\Python\\Python312\\python.exe', 'C:\\Users\\koengo\\OneDrive - Cegeka\\Documents\\Reusable Assets\\Products\\scripts\\extract_html.py', 'C:\\Users\\koengo\\Cegeka\\Product Management - Product Management Library\\Business Line - Cloud and Digital Platforms\\[0.4] Cegeka Oracle Cloud Services & Solutions\\[PRD.0.4.001] Cegeka OCI Managed Platform Services\\SD - Cegeka OCI Managed Platform Services [PRD.0.4.001][PV1.0][DV1.0].docx']
[2026-03-18 01:30:47] [TID:24236] [DEBUG][stderr]   File "C:\Users\koengo\OneDrive - Cegeka\Documents\Reusable Assets\Products\scripts\extract_html.py", line 31
    ``
    ^
SyntaxError: invalid syntax

[2026-03-18 01:30:47] [TID:24236] ERROR SD - Cegeka OCI Managed Platform Services [PRD.0.4.001][PV1.0][DV1.0].docx: [extract_html] FAILED with exit code 1
[2026-03-18 01:33:07] [TID:28000] START SD - Cegeka OCI Managed Platform Services [PRD.0.4.001][PV1.0][DV1.0].docx
[2026-03-18 01:33:07] [TID:28000] [DEBUG] Running step: extract_html
[2026-03-18 01:33:07] [TID:28000] [DEBUG] Command: ['C:\\Users\\koengo\\AppData\\Local\\Programs\\Python\\Python312\\python.exe', 'C:\\Users\\koengo\\OneDrive - Cegeka\\Documents\\Reusable Assets\\Products\\scripts\\extract_html.py', 'C:\\Users\\koengo\\Cegeka\\Product Management - Product Management Library\\Business Line - Cloud and Digital Platforms\\[0.4] Cegeka Oracle Cloud Services & Solutions\\[PRD.0.4.001] Cegeka OCI Managed Platform Services\\SD - Cegeka OCI Managed Platform Services [PRD.0.4.001][PV1.0][DV1.0].docx']
[2026-03-18 01:33:07] [TID:28000] [DEBUG][stdout] EXTRACT ERROR: [Errno 2] No such file or directory: 'C:\\Users\\koengo\\Cegeka\\Product Management - Product Management Library\\Business Line - Cloud and Digital Platforms\\[0.4] Cegeka Oracle Cloud Services & Solutions\\[PRD.0.4.001] Cegeka OCI Managed Platform Services\\SD - Cegeka OCI Managed Platform Services [PRD.0.4.001][PV1.0][DV1.0].docx'

[2026-03-18 01:33:07] [TID:28000] ERROR SD - Cegeka OCI Managed Platform Services [PRD.0.4.001][PV1.0][DV1.0].docx: [extract_html] FAILED with exit code 1
[2026-03-18 01:40:18] [TID:28640] START SD - Cegeka OCI Managed Platform Services [PRD.0.4.001][PV1.0][DV1.0].docx
[2026-03-18 01:40:18] [TID:28640] [DEBUG] Running step: extract_html
[2026-03-18 01:40:18] [TID:28640] [DEBUG] Command: ['C:\\Users\\koengo\\AppData\\Local\\Programs\\Python\\Python312\\python.exe', 'C:\\Users\\koengo\\OneDrive - Cegeka\\Documents\\Reusable Assets\\Products\\scripts\\extract_html.py', 'C:\\Users\\koengo\\Cegeka\\Product Management - Product Management Library\\Business Line - Cloud and Digital Platforms\\[0.4] Cegeka Oracle Cloud Services & Solutions\\[PRD.0.4.001] Cegeka OCI Managed Platform Services\\SD - Cegeka OCI Managed Platform Services [PRD.0.4.001][PV1.0][DV1.0].docx']
[2026-03-18 01:40:18] [TID:28640] [DEBUG][stdout] EXTRACT ERROR: [Errno 2] No such file or directory: 'C:\\Users\\koengo\\Cegeka\\Product Management - Product Management Library\\Business Line - Cloud and Digital Platforms\\[0.4] Cegeka Oracle Cloud Services & Solutions\\[PRD.0.4.001] Cegeka OCI Managed Platform Services\\SD - Cegeka OCI Managed Platform Services [PRD.0.4.001][PV1.0][DV1.0].docx'

[2026-03-18 01:40:18] [TID:28640] ERROR SD - Cegeka OCI Managed Platform Services [PRD.0.4.001][PV1.0][DV1.0].docx: [extract_html] FAILED with exit code 1
