[2026-03-18 14:27:49] START extract_html for: C:\Users\koengo\Cegeka\Product Management - Product Management Library\Business Line - Cloud and Digital Platforms\[0.L] Outsourcing Services\SD - RedHat AMQ [PRD.0.L.136][PV0.8][DV1.0].docx
[2026-03-18 14:27:49] HTML saved: extracted_html\SD - RedHat AMQ [PRD.0.L.136][PV0.8][DV1.0].html
[2026-03-18 14:27:49] extract_html OK
[2026-03-18 14:27:49] START parse_html for: extracted_html\SD - RedHat AMQ [PRD.0.L.136][PV0.8][DV1.0].html
[2026-03-18 14:27:49] PARSE OK → output\json\SD - RedHat AMQ [PRD.0.L.136][PV0.8][DV1.0].json
[2026-03-18 14:42:54] START PIPELINE for C:\Users\koengo\Cegeka\Product Management - Product Management Library\Business Line - Cloud and Digital Platforms\[0.L] Outsourcing Services\SD - RedHat AMQ [PRD.0.L.136][PV0.8][DV1.0].docx
[2026-03-18 14:42:54] RUN extract_html.py -> C:\Users\koengo\Cegeka\Product Management - Product Management Library\Business Line - Cloud and Digital Platforms\[0.L] Outsourcing Services\SD - RedHat AMQ [PRD.0.L.136][PV0.8][DV1.0].docx
[2026-03-18 14:42:55] START extract_html for: C:\Users\koengo\Cegeka\Product Management - Product Management Library\Business Line - Cloud and Digital Platforms\[0.L] Outsourcing Services\SD - RedHat AMQ [PRD.0.L.136][PV0.8][DV1.0].docx
[2026-03-18 14:42:55] HTML saved: extracted_html\SD - RedHat AMQ [PRD.0.L.136][PV0.8][DV1.0].html
[2026-03-18 14:42:55] extract_html OK
[2026-03-18 14:42:55] RUN parse_html_sections.py -> C:\Users\koengo\OneDrive - Cegeka\Documents\Reusable Assets\Products\extracted_html\SD - RedHat AMQ [PRD.0.L.136][PV0.8][DV1.0].html
[2026-03-18 14:42:56] START parse_html for: C:\Users\koengo\OneDrive - Cegeka\Documents\Reusable Assets\Products\extracted_html\SD - RedHat AMQ [PRD.0.L.136][PV0.8][DV1.0].html
[2026-03-18 14:42:56] PARSE OK → output\json\SD - RedHat AMQ [PRD.0.L.136][PV0.8][DV1.0].json
[2026-03-18 14:42:56] RUN auto_map_sections.py -> C:\Users\koengo\OneDrive - Cegeka\Documents\Reusable Assets\Products\output\json\SD - RedHat AMQ [PRD.0.L.136][PV0.8][DV1.0].json
[2026-03-18 14:42:56] START auto_map for: C:\Users\koengo\OneDrive - Cegeka\Documents\Reusable Assets\Products\output\json\SD - RedHat AMQ [PRD.0.L.136][PV0.8][DV1.0].json
[2026-03-18 14:42:56] auto_map OK → output\mapped\SD - RedHat AMQ [PRD.0.L.136][PV0.8][DV1.0]_mapped.json
[2026-03-18 14:42:56] JSON->XML OK -> C:\Users\koengo\OneDrive - Cegeka\Documents\Reusable Assets\Products\output\xml\SD - RedHat AMQ [PRD.0.L.136][PV0.8][DV1.0]_mapped.xml
[2026-03-18 14:42:56] RUN xml_to_docx.py -> C:\Users\koengo\OneDrive - Cegeka\Documents\Reusable Assets\Products\output\xml\SD - RedHat AMQ [PRD.0.L.136][PV0.8][DV1.0]_mapped.xml
[2026-03-18 14:42:56] PIPELINE OK
[2026-03-18 14:48:31] START PIPELINE for C:\Users\koengo\Cegeka\Product Management - Product Management Library\Business Line - Cloud and Digital Platforms\[0.L] Outsourcing Services\SD - RedHat AMQ [PRD.0.L.136][PV0.8][DV1.0].docx
[2026-03-18 14:48:31] RUN extract_html.py -> C:\Users\koengo\Cegeka\Product Management - Product Management Library\Business Line - Cloud and Digital Platforms\[0.L] Outsourcing Services\SD - RedHat AMQ [PRD.0.L.136][PV0.8][DV1.0].docx
[2026-03-18 14:48:31] START extract_html for: C:\Users\koengo\Cegeka\Product Management - Product Management Library\Business Line - Cloud and Digital Platforms\[0.L] Outsourcing Services\SD - RedHat AMQ [PRD.0.L.136][PV0.8][DV1.0].docx
[2026-03-18 14:48:32] HTML saved: extracted_html\SD - RedHat AMQ [PRD.0.L.136][PV0.8][DV1.0].html
[2026-03-18 14:48:32] extract_html OK
[2026-03-18 14:48:32] RUN parse_html_sections.py -> C:\Users\koengo\OneDrive - Cegeka\Documents\Reusable Assets\Products\extracted_html\SD - RedHat AMQ [PRD.0.L.136][PV0.8][DV1.0].html
[2026-03-18 14:48:32] START parse_html for: C:\Users\koengo\OneDrive - Cegeka\Documents\Reusable Assets\Products\extracted_html\SD - RedHat AMQ [PRD.0.L.136][PV0.8][DV1.0].html
[2026-03-18 14:48:33] PARSE OK → output\json\SD - RedHat AMQ [PRD.0.L.136][PV0.8][DV1.0].json
[2026-03-18 14:48:33] RUN auto_map_sections.py -> C:\Users\koengo\OneDrive - Cegeka\Documents\Reusable Assets\Products\output\json\SD - RedHat AMQ [PRD.0.L.136][PV0.8][DV1.0].json
[2026-03-18 14:48:33] START auto_map for: C:\Users\koengo\OneDrive - Cegeka\Documents\Reusable Assets\Products\output\json\SD - RedHat AMQ [PRD.0.L.136][PV0.8][DV1.0].json
[2026-03-18 14:48:33] auto_map OK → output\mapped\SD - RedHat AMQ [PRD.0.L.136][PV0.8][DV1.0]_mapped.json
[2026-03-18 14:48:33] JSON->XML OK -> C:\Users\koengo\OneDrive - Cegeka\Documents\Reusable Assets\Products\output\xml\SD - RedHat AMQ [PRD.0.L.136][PV0.8][DV1.0]_mapped.xml
[2026-03-18 14:48:33] RUN xml_to_docx.py -> C:\Users\koengo\OneDrive - Cegeka\Documents\Reusable Assets\Products\output\xml\SD - RedHat AMQ [PRD.0.L.136][PV0.8][DV1.0]_mapped.xml
[2026-03-18 14:48:33] PIPELINE OK
[2026-03-18 15:02:21] START PIPELINE for C:\Users\koengo\Cegeka\Product Management - Product Management Library\Business Line - Cloud and Digital Platforms\[0.L] Outsourcing Services\SD - RedHat AMQ [PRD.0.L.136][PV0.8][DV1.0].docx
[2026-03-18 15:02:21] RUN extract_html.py -> C:\Users\koengo\Cegeka\Product Management - Product Management Library\Business Line - Cloud and Digital Platforms\[0.L] Outsourcing Services\SD - RedHat AMQ [PRD.0.L.136][PV0.8][DV1.0].docx
[2026-03-18 15:02:21] START extract_html for: C:\Users\koengo\Cegeka\Product Management - Product Management Library\Business Line - Cloud and Digital Platforms\[0.L] Outsourcing Services\SD - RedHat AMQ [PRD.0.L.136][PV0.8][DV1.0].docx
[2026-03-18 15:02:21] HTML saved: extracted_html\SD - RedHat AMQ [PRD.0.L.136][PV0.8][DV1.0].html
[2026-03-18 15:02:21] extract_html OK
[2026-03-18 15:02:21] RUN parse_html_sections.py -> C:\Users\koengo\OneDrive - Cegeka\Documents\Reusable Assets\Products\extracted_html\SD - RedHat AMQ [PRD.0.L.136][PV0.8][DV1.0].html
[2026-03-18 15:02:22] START parse_html for: C:\Users\koengo\OneDrive - Cegeka\Documents\Reusable Assets\Products\extracted_html\SD - RedHat AMQ [PRD.0.L.136][PV0.8][DV1.0].html
[2026-03-18 15:02:22] PARSE OK → output\json\SD - RedHat AMQ [PRD.0.L.136][PV0.8][DV1.0].json
[2026-03-18 15:02:22] RUN auto_map_sections.py -> C:\Users\koengo\OneDrive - Cegeka\Documents\Reusable Assets\Products\output\json\SD - RedHat AMQ [PRD.0.L.136][PV0.8][DV1.0].json
[2026-03-18 15:02:22] START auto_map for: C:\Users\koengo\OneDrive - Cegeka\Documents\Reusable Assets\Products\output\json\SD - RedHat AMQ [PRD.0.L.136][PV0.8][DV1.0].json
[2026-03-18 15:02:22] auto_map OK → output\mapped\SD - RedHat AMQ [PRD.0.L.136][PV0.8][DV1.0]_mapped.json
[2026-03-18 15:02:22] JSON->XML OK -> C:\Users\koengo\OneDrive - Cegeka\Documents\Reusable Assets\Products\output\xml\SD - RedHat AMQ [PRD.0.L.136][PV0.8][DV1.0]_mapped.xml
[2026-03-18 15:02:22] RUN xml_to_docx.py -> C:\Users\koengo\OneDrive - Cegeka\Documents\Reusable Assets\Products\output\xml\SD - RedHat AMQ [PRD.0.L.136][PV0.8][DV1.0]_mapped.xml
[2026-03-18 15:02:23] PIPELINE OK
