[2026-03-18 14:27:55] START extract_html for: C:\Users\koengo\Cegeka\Product Management - Product Management Library\Business Line - Cloud and Digital Platforms\[0.L] Cegeka Cloud Services & Solutions\[PRD.0.L.101] Cegeka Housing Services\SD - Cegeka Housing Services [PRD.0.L.101][PV0.8][DV1.3].docx
[2026-03-18 14:27:55] HTML saved: extracted_html\SD - Cegeka Housing Services [PRD.0.L.101][PV0.8][DV1.3].html
[2026-03-18 14:27:55] extract_html OK
[2026-03-18 14:27:56] START parse_html for: extracted_html\SD - Cegeka Housing Services [PRD.0.L.101][PV0.8][DV1.3].html
[2026-03-18 14:27:56] PARSE OK → output\json\SD - Cegeka Housing Services [PRD.0.L.101][PV0.8][DV1.3].json
[2026-03-18 14:42:12] START PIPELINE for C:\Users\koengo\Cegeka\Product Management - Product Management Library\Business Line - Cloud and Digital Platforms\[0.L] Cegeka Cloud Services & Solutions\[PRD.0.L.101] Cegeka Housing Services\SD - Cegeka Housing Services [PRD.0.L.101][PV0.8][DV1.3].docx
[2026-03-18 14:42:12] RUN extract_html.py -> C:\Users\koengo\Cegeka\Product Management - Product Management Library\Business Line - Cloud and Digital Platforms\[0.L] Cegeka Cloud Services & Solutions\[PRD.0.L.101] Cegeka Housing Services\SD - Cegeka Housing Services [PRD.0.L.101][PV0.8][DV1.3].docx
[2026-03-18 14:42:12] START extract_html for: C:\Users\koengo\Cegeka\Product Management - Product Management Library\Business Line - Cloud and Digital Platforms\[0.L] Cegeka Cloud Services & Solutions\[PRD.0.L.101] Cegeka Housing Services\SD - Cegeka Housing Services [PRD.0.L.101][PV0.8][DV1.3].docx
[2026-03-18 14:42:13] HTML saved: extracted_html\SD - Cegeka Housing Services [PRD.0.L.101][PV0.8][DV1.3].html
[2026-03-18 14:42:13] extract_html OK
[2026-03-18 14:42:13] RUN parse_html_sections.py -> C:\Users\koengo\OneDrive - Cegeka\Documents\Reusable Assets\Products\extracted_html\SD - Cegeka Housing Services [PRD.0.L.101][PV0.8][DV1.3].html
[2026-03-18 14:42:13] START parse_html for: C:\Users\koengo\OneDrive - Cegeka\Documents\Reusable Assets\Products\extracted_html\SD - Cegeka Housing Services [PRD.0.L.101][PV0.8][DV1.3].html
[2026-03-18 14:42:13] PARSE OK → output\json\SD - Cegeka Housing Services [PRD.0.L.101][PV0.8][DV1.3].json
[2026-03-18 14:42:13] RUN auto_map_sections.py -> C:\Users\koengo\OneDrive - Cegeka\Documents\Reusable Assets\Products\output\json\SD - Cegeka Housing Services [PRD.0.L.101][PV0.8][DV1.3].json
[2026-03-18 14:42:13] START auto_map for: C:\Users\koengo\OneDrive - Cegeka\Documents\Reusable Assets\Products\output\json\SD - Cegeka Housing Services [PRD.0.L.101][PV0.8][DV1.3].json
[2026-03-18 14:42:13] auto_map OK → output\mapped\SD - Cegeka Housing Services [PRD.0.L.101][PV0.8][DV1.3]_mapped.json
[2026-03-18 14:42:13] JSON->XML OK -> C:\Users\koengo\OneDrive - Cegeka\Documents\Reusable Assets\Products\output\xml\SD - Cegeka Housing Services [PRD.0.L.101][PV0.8][DV1.3]_mapped.xml
[2026-03-18 14:42:13] RUN xml_to_docx.py -> C:\Users\koengo\OneDrive - Cegeka\Documents\Reusable Assets\Products\output\xml\SD - Cegeka Housing Services [PRD.0.L.101][PV0.8][DV1.3]_mapped.xml
[2026-03-18 14:42:14] PIPELINE OK
[2026-03-18 14:47:58] START PIPELINE for C:\Users\koengo\Cegeka\Product Management - Product Management Library\Business Line - Cloud and Digital Platforms\[0.L] Cegeka Cloud Services & Solutions\[PRD.0.L.101] Cegeka Housing Services\SD - Cegeka Housing Services [PRD.0.L.101][PV0.8][DV1.3].docx
[2026-03-18 14:47:58] RUN extract_html.py -> C:\Users\koengo\Cegeka\Product Management - Product Management Library\Business Line - Cloud and Digital Platforms\[0.L] Cegeka Cloud Services & Solutions\[PRD.0.L.101] Cegeka Housing Services\SD - Cegeka Housing Services [PRD.0.L.101][PV0.8][DV1.3].docx
[2026-03-18 14:47:58] START extract_html for: C:\Users\koengo\Cegeka\Product Management - Product Management Library\Business Line - Cloud and Digital Platforms\[0.L] Cegeka Cloud Services & Solutions\[PRD.0.L.101] Cegeka Housing Services\SD - Cegeka Housing Services [PRD.0.L.101][PV0.8][DV1.3].docx
[2026-03-18 14:47:58] HTML saved: extracted_html\SD - Cegeka Housing Services [PRD.0.L.101][PV0.8][DV1.3].html
[2026-03-18 14:47:58] extract_html OK
[2026-03-18 14:47:58] RUN parse_html_sections.py -> C:\Users\koengo\OneDrive - Cegeka\Documents\Reusable Assets\Products\extracted_html\SD - Cegeka Housing Services [PRD.0.L.101][PV0.8][DV1.3].html
[2026-03-18 14:47:59] START parse_html for: C:\Users\koengo\OneDrive - Cegeka\Documents\Reusable Assets\Products\extracted_html\SD - Cegeka Housing Services [PRD.0.L.101][PV0.8][DV1.3].html
[2026-03-18 14:47:59] PARSE OK → output\json\SD - Cegeka Housing Services [PRD.0.L.101][PV0.8][DV1.3].json
[2026-03-18 14:47:59] RUN auto_map_sections.py -> C:\Users\koengo\OneDrive - Cegeka\Documents\Reusable Assets\Products\output\json\SD - Cegeka Housing Services [PRD.0.L.101][PV0.8][DV1.3].json
[2026-03-18 14:47:59] START auto_map for: C:\Users\koengo\OneDrive - Cegeka\Documents\Reusable Assets\Products\output\json\SD - Cegeka Housing Services [PRD.0.L.101][PV0.8][DV1.3].json
[2026-03-18 14:47:59] auto_map OK → output\mapped\SD - Cegeka Housing Services [PRD.0.L.101][PV0.8][DV1.3]_mapped.json
[2026-03-18 14:47:59] JSON->XML OK -> C:\Users\koengo\OneDrive - Cegeka\Documents\Reusable Assets\Products\output\xml\SD - Cegeka Housing Services [PRD.0.L.101][PV0.8][DV1.3]_mapped.xml
[2026-03-18 14:47:59] RUN xml_to_docx.py -> C:\Users\koengo\OneDrive - Cegeka\Documents\Reusable Assets\Products\output\xml\SD - Cegeka Housing Services [PRD.0.L.101][PV0.8][DV1.3]_mapped.xml
[2026-03-18 14:47:59] PIPELINE OK
[2026-03-18 15:01:47] START PIPELINE for C:\Users\koengo\Cegeka\Product Management - Product Management Library\Business Line - Cloud and Digital Platforms\[0.L] Cegeka Cloud Services & Solutions\[PRD.0.L.101] Cegeka Housing Services\SD - Cegeka Housing Services [PRD.0.L.101][PV0.8][DV1.3].docx
[2026-03-18 15:01:47] RUN extract_html.py -> C:\Users\koengo\Cegeka\Product Management - Product Management Library\Business Line - Cloud and Digital Platforms\[0.L] Cegeka Cloud Services & Solutions\[PRD.0.L.101] Cegeka Housing Services\SD - Cegeka Housing Services [PRD.0.L.101][PV0.8][DV1.3].docx
[2026-03-18 15:01:47] START extract_html for: C:\Users\koengo\Cegeka\Product Management - Product Management Library\Business Line - Cloud and Digital Platforms\[0.L] Cegeka Cloud Services & Solutions\[PRD.0.L.101] Cegeka Housing Services\SD - Cegeka Housing Services [PRD.0.L.101][PV0.8][DV1.3].docx
[2026-03-18 15:01:48] HTML saved: extracted_html\SD - Cegeka Housing Services [PRD.0.L.101][PV0.8][DV1.3].html
[2026-03-18 15:01:48] extract_html OK
[2026-03-18 15:01:48] RUN parse_html_sections.py -> C:\Users\koengo\OneDrive - Cegeka\Documents\Reusable Assets\Products\extracted_html\SD - Cegeka Housing Services [PRD.0.L.101][PV0.8][DV1.3].html
[2026-03-18 15:01:48] START parse_html for: C:\Users\koengo\OneDrive - Cegeka\Documents\Reusable Assets\Products\extracted_html\SD - Cegeka Housing Services [PRD.0.L.101][PV0.8][DV1.3].html
[2026-03-18 15:01:48] PARSE OK → output\json\SD - Cegeka Housing Services [PRD.0.L.101][PV0.8][DV1.3].json
[2026-03-18 15:01:48] RUN auto_map_sections.py -> C:\Users\koengo\OneDrive - Cegeka\Documents\Reusable Assets\Products\output\json\SD - Cegeka Housing Services [PRD.0.L.101][PV0.8][DV1.3].json
[2026-03-18 15:01:48] START auto_map for: C:\Users\koengo\OneDrive - Cegeka\Documents\Reusable Assets\Products\output\json\SD - Cegeka Housing Services [PRD.0.L.101][PV0.8][DV1.3].json
[2026-03-18 15:01:48] auto_map OK → output\mapped\SD - Cegeka Housing Services [PRD.0.L.101][PV0.8][DV1.3]_mapped.json
[2026-03-18 15:01:48] JSON->XML OK -> C:\Users\koengo\OneDrive - Cegeka\Documents\Reusable Assets\Products\output\xml\SD - Cegeka Housing Services [PRD.0.L.101][PV0.8][DV1.3]_mapped.xml
[2026-03-18 15:01:48] RUN xml_to_docx.py -> C:\Users\koengo\OneDrive - Cegeka\Documents\Reusable Assets\Products\output\xml\SD - Cegeka Housing Services [PRD.0.L.101][PV0.8][DV1.3]_mapped.xml
[2026-03-18 15:01:49] PIPELINE OK
