[2026-03-17 23:34:15] [TID:19352] Start processing SD: SD - Managed Application Delivery Controller F5 [PRD.4.5.006][PV0.8][DV1.0].docx
[2026-03-17 23:34:15] [TID:19352] Extracting HTML...
[2026-03-17 23:34:17] [TID:19352] ERROR SD - Managed Application Delivery Controller F5 [PRD.4.5.006][PV0.8][DV1.0].docx: Command '['C:\\Users\\koengo\\AppData\\Local\\Programs\\Python\\Python312\\python.exe', 'C:\\Users\\koengo\\OneDrive - Cegeka\\Documents\\Reusable Assets\\Products\\scripts\\extract_html.py', 'C:\\Users\\koengo\\Cegeka\\Product Management - Product Management Library\\Business Line - Security & Compliance\\[4.L] Outsourcing Services\\SD - Managed Application Delivery Controller F5 [PRD.4.5.006][PV0.8][DV1.0].docx']' returned non-zero exit status 1.
[2026-03-17 23:39:36] [TID:28696] START SD - Managed Application Delivery Controller F5 [PRD.4.5.006][PV0.8][DV1.0].docx
[2026-03-17 23:39:36] [TID:28696] Extracting HTML...
[2026-03-17 23:39:37] [TID:28696] ERROR SD - Managed Application Delivery Controller F5 [PRD.4.5.006][PV0.8][DV1.0].docx: Command '['C:\\Users\\koengo\\AppData\\Local\\Programs\\Python\\Python312\\python.exe', 'C:\\Users\\koengo\\OneDrive - Cegeka\\Documents\\Reusable Assets\\Products\\scripts\\extract_html.py', 'C:\\Users\\koengo\\Cegeka\\Product Management - Product Management Library\\Business Line - Security & Compliance\\[4.L] Outsourcing Services\\SD - Managed Application Delivery Controller F5 [PRD.4.5.006][PV0.8][DV1.0].docx']' returned non-zero exit status 1.
[2026-03-17 23:44:47] [TID:27780] START SD - Managed Application Delivery Controller F5 [PRD.4.5.006][PV0.8][DV1.0].docx
[2026-03-17 23:44:47] [TID:27780] Extracting HTML...
[2026-03-17 23:44:49] [TID:27780] ERROR SD - Managed Application Delivery Controller F5 [PRD.4.5.006][PV0.8][DV1.0].docx: Command '['C:\\Users\\koengo\\AppData\\Local\\Programs\\Python\\Python312\\python.exe', 'C:\\Users\\koengo\\OneDrive - Cegeka\\Documents\\Reusable Assets\\Products\\scripts\\extract_html.py', 'C:\\Users\\koengo\\Cegeka\\Product Management - Product Management Library\\Business Line - Security & Compliance\\[4.L] Outsourcing Services\\SD - Managed Application Delivery Controller F5 [PRD.4.5.006][PV0.8][DV1.0].docx']' returned non-zero exit status 1.
[2026-03-17 23:47:16] [TID:12148] START SD - Managed Application Delivery Controller F5 [PRD.4.5.006][PV0.8][DV1.0].docx
[2026-03-17 23:47:16] [TID:12148] Extracting HTML...
[2026-03-17 23:47:17] [TID:12148] ERROR SD - Managed Application Delivery Controller F5 [PRD.4.5.006][PV0.8][DV1.0].docx: Command '['C:\\Users\\koengo\\AppData\\Local\\Programs\\Python\\Python312\\python.exe', 'C:\\Users\\koengo\\OneDrive - Cegeka\\Documents\\Reusable Assets\\Products\\scripts\\extract_html.py', 'C:\\Users\\koengo\\Cegeka\\Product Management - Product Management Library\\Business Line - Security & Compliance\\[4.L] Outsourcing Services\\SD - Managed Application Delivery Controller F5 [PRD.4.5.006][PV0.8][DV1.0].docx']' returned non-zero exit status 1.
[2026-03-17 23:54:45] [TID:29564] START SD - Managed Application Delivery Controller F5 [PRD.4.5.006][PV0.8][DV1.0].docx
[2026-03-17 23:54:46] [TID:29564] Extracting HTML...
[2026-03-17 23:54:47] [TID:29564] ERROR SD - Managed Application Delivery Controller F5 [PRD.4.5.006][PV0.8][DV1.0].docx: Command '['C:\\Users\\koengo\\AppData\\Local\\Programs\\Python\\Python312\\python.exe', 'C:\\Users\\koengo\\OneDrive - Cegeka\\Documents\\Reusable Assets\\Products\\scripts\\extract_html.py', 'C:\\Users\\koengo\\Cegeka\\Product Management - Product Management Library\\Business Line - Security & Compliance\\[4.L] Outsourcing Services\\SD - Managed Application Delivery Controller F5 [PRD.4.5.006][PV0.8][DV1.0].docx']' returned non-zero exit status 1.
[2026-03-18 00:02:10] [TID:28120] START SD - Managed Application Delivery Controller F5 [PRD.4.5.006][PV0.8][DV1.0].docx
[2026-03-18 00:02:10] [TID:28120] Extracting HTML...
[2026-03-18 00:02:11] [TID:28120] ERROR SD - Managed Application Delivery Controller F5 [PRD.4.5.006][PV0.8][DV1.0].docx: Command '['C:\\Users\\koengo\\AppData\\Local\\Programs\\Python\\Python312\\python.exe', 'C:\\Users\\koengo\\OneDrive - Cegeka\\Documents\\Reusable Assets\\Products\\scripts\\extract_html.py', 'C:\\Users\\koengo\\Cegeka\\Product Management - Product Management Library\\Business Line - Security & Compliance\\[4.L] Outsourcing Services\\SD - Managed Application Delivery Controller F5 [PRD.4.5.006][PV0.8][DV1.0].docx']' returned non-zero exit status 1.
[2026-03-18 00:11:24] [TID:14484] START SD - Managed Application Delivery Controller F5 [PRD.4.5.006][PV0.8][DV1.0].docx
[2026-03-18 00:11:24] [TID:14484] Extracting HTML...
[2026-03-18 00:11:25] [TID:14484] ERROR SD - Managed Application Delivery Controller F5 [PRD.4.5.006][PV0.8][DV1.0].docx: Command '['C:\\Users\\koengo\\AppData\\Local\\Programs\\Python\\Python312\\python.exe', 'C:\\Users\\koengo\\OneDrive - Cegeka\\Documents\\Reusable Assets\\Products\\scripts\\extract_html.py', 'C:\\Users\\koengo\\Cegeka\\Product Management - Product Management Library\\Business Line - Security & Compliance\\[4.L] Outsourcing Services\\SD - Managed Application Delivery Controller F5 [PRD.4.5.006][PV0.8][DV1.0].docx']' returned non-zero exit status 1.
[2026-03-18 00:24:48] [TID:6152] START SD - Managed Application Delivery Controller F5 [PRD.4.5.006][PV0.8][DV1.0].docx
[2026-03-18 00:24:48] [TID:6152] [DEBUG] Running step: extract_html
[2026-03-18 00:24:48] [TID:6152] [DEBUG] Command: ['C:\\Users\\koengo\\AppData\\Local\\Programs\\Python\\Python312\\python.exe', 'C:\\Users\\koengo\\OneDrive - Cegeka\\Documents\\Reusable Assets\\Products\\scripts\\extract_html.py', 'C:\\Users\\koengo\\Cegeka\\Product Management - Product Management Library\\Business Line - Security & Compliance\\[4.L] Outsourcing Services\\SD - Managed Application Delivery Controller F5 [PRD.4.5.006][PV0.8][DV1.0].docx']
[2026-03-18 00:24:50] [TID:6152] [DEBUG][stderr] Traceback (most recent call last):
  File "C:\Users\koengo\OneDrive - Cegeka\Documents\Reusable Assets\Products\scripts\extract_html.py", line 17, in <module>
    print(f"\u2714 HTML saved \u2192 {out_file}")
  File "C:\Users\koengo\AppData\Local\Programs\Python\Python312\Lib\encodings\cp1252.py", line 19, in encode
    return codecs.charmap_encode(input,self.errors,encoding_table)[0]
           ^^^^^^^^^^^^^^^^^^^^^^^^^^^^^^^^^^^^^^^^^^^^^^^^^^^^^^^
UnicodeEncodeError: 'charmap' codec can't encode character '\u2714' in position 0: character maps to <undefined>

[2026-03-18 00:24:50] [TID:6152] ERROR SD - Managed Application Delivery Controller F5 [PRD.4.5.006][PV0.8][DV1.0].docx: [extract_html] FAILED with exit code 1
[2026-03-18 00:28:47] [TID:26240] START SD - Managed Application Delivery Controller F5 [PRD.4.5.006][PV0.8][DV1.0].docx
[2026-03-18 00:28:47] [TID:26240] [DEBUG] Running step: extract_html
[2026-03-18 00:28:47] [TID:26240] [DEBUG] Command: ['C:\\Users\\koengo\\AppData\\Local\\Programs\\Python\\Python312\\python.exe', 'C:\\Users\\koengo\\OneDrive - Cegeka\\Documents\\Reusable Assets\\Products\\scripts\\extract_html.py', 'C:\\Users\\koengo\\Cegeka\\Product Management - Product Management Library\\Business Line - Security & Compliance\\[4.L] Outsourcing Services\\SD - Managed Application Delivery Controller F5 [PRD.4.5.006][PV0.8][DV1.0].docx']
[2026-03-18 00:28:49] [TID:26240] [DEBUG][stderr] Traceback (most recent call last):
  File "C:\Users\koengo\OneDrive - Cegeka\Documents\Reusable Assets\Products\scripts\extract_html.py", line 17, in <module>
    print(f"\u2714 HTML saved \u2192 {out_file}")
  File "C:\Users\koengo\AppData\Local\Programs\Python\Python312\Lib\encodings\cp1252.py", line 19, in encode
    return codecs.charmap_encode(input,self.errors,encoding_table)[0]
           ^^^^^^^^^^^^^^^^^^^^^^^^^^^^^^^^^^^^^^^^^^^^^^^^^^^^^^^
UnicodeEncodeError: 'charmap' codec can't encode character '\u2714' in position 0: character maps to <undefined>

[2026-03-18 00:28:49] [TID:26240] ERROR SD - Managed Application Delivery Controller F5 [PRD.4.5.006][PV0.8][DV1.0].docx: [extract_html] FAILED with exit code 1
[2026-03-18 00:39:48] [TID:3812] START SD - Managed Application Delivery Controller F5 [PRD.4.5.006][PV0.8][DV1.0].docx
[2026-03-18 00:39:49] [TID:3812] [DEBUG] Running step: extract_html
[2026-03-18 00:39:49] [TID:3812] [DEBUG] Command: ['C:\\Users\\koengo\\AppData\\Local\\Programs\\Python\\Python312\\python.exe', 'C:\\Users\\koengo\\OneDrive - Cegeka\\Documents\\Reusable Assets\\Products\\scripts\\extract_html.py', 'C:\\Users\\koengo\\Cegeka\\Product Management - Product Management Library\\Business Line - Security & Compliance\\[4.L] Outsourcing Services\\SD - Managed Application Delivery Controller F5 [PRD.4.5.006][PV0.8][DV1.0].docx']
[2026-03-18 00:39:50] [TID:3812] [DEBUG][stderr] Traceback (most recent call last):
  File "C:\Users\koengo\OneDrive - Cegeka\Documents\Reusable Assets\Products\scripts\extract_html.py", line 17, in <module>
    print(f"\u2714 HTML saved \u2192 {out_file}")
  File "C:\Users\koengo\AppData\Local\Programs\Python\Python312\Lib\encodings\cp1252.py", line 19, in encode
    return codecs.charmap_encode(input,self.errors,encoding_table)[0]
           ^^^^^^^^^^^^^^^^^^^^^^^^^^^^^^^^^^^^^^^^^^^^^^^^^^^^^^^
UnicodeEncodeError: 'charmap' codec can't encode character '\u2714' in position 0: character maps to <undefined>

[2026-03-18 00:39:50] [TID:3812] ERROR SD - Managed Application Delivery Controller F5 [PRD.4.5.006][PV0.8][DV1.0].docx: [extract_html] FAILED with exit code 1
[2026-03-18 00:52:05] [TID:26580] START SD - Managed Application Delivery Controller F5 [PRD.4.5.006][PV0.8][DV1.0].docx
[2026-03-18 00:52:05] [TID:26580] [DEBUG] Running step: extract_html
[2026-03-18 00:52:05] [TID:26580] [DEBUG] Command: ['C:\\Users\\koengo\\AppData\\Local\\Programs\\Python\\Python312\\python.exe', 'C:\\Users\\koengo\\OneDrive - Cegeka\\Documents\\Reusable Assets\\Products\\scripts\\extract_html.py', 'C:\\Users\\koengo\\Cegeka\\Product Management - Product Management Library\\Business Line - Security & Compliance\\[4.L] Outsourcing Services\\SD - Managed Application Delivery Controller F5 [PRD.4.5.006][PV0.8][DV1.0].docx']
[2026-03-18 00:52:06] [TID:26580] [DEBUG][stdout] ✔ HTML saved for SD - Managed Application Delivery Controller F5 [PRD.4.5.006][PV0.8][DV1.0].docx

[2026-03-18 00:52:06] [TID:26580] [DEBUG] Step 'extract_html' OK
[2026-03-18 00:52:06] [TID:26580] [DEBUG] Running step: parse_html
[2026-03-18 00:52:06] [TID:26580] [DEBUG] Command: ['C:\\Users\\koengo\\AppData\\Local\\Programs\\Python\\Python312\\python.exe', 'C:\\Users\\koengo\\OneDrive - Cegeka\\Documents\\Reusable Assets\\Products\\scripts\\parse_html_sections.py', 'extracted_html\\SD - Managed Application Delivery Controller F5 [PRD.4.5.006][PV0.8][DV1.0].html']
[2026-03-18 00:52:07] [TID:26580] [DEBUG][stdout] ✔ Robust parsed → output\json\SD - Managed Application Delivery Controller F5 [PRD.4.5.006][PV0.8][DV1.0].json

[2026-03-18 00:52:07] [TID:26580] [DEBUG] Step 'parse_html' OK
[2026-03-18 00:52:07] [TID:26580] [DEBUG] Running step: auto_map
[2026-03-18 00:52:07] [TID:26580] [DEBUG] Command: ['C:\\Users\\koengo\\AppData\\Local\\Programs\\Python\\Python312\\python.exe', 'C:\\Users\\koengo\\OneDrive - Cegeka\\Documents\\Reusable Assets\\Products\\scripts\\auto_map_sections.py', 'output\\json\\SD - Managed Application Delivery Controller F5 [PRD.4.5.006][PV0.8][DV1.0].json']
[2026-03-18 00:52:07] [TID:26580] [DEBUG][stderr]   File "C:\Users\koengo\OneDrive - Cegeka\Documents\Reusable Assets\Products\scripts\auto_map_sections.py", line 26
    ``
    ^
SyntaxError: invalid syntax

[2026-03-18 00:52:07] [TID:26580] ERROR SD - Managed Application Delivery Controller F5 [PRD.4.5.006][PV0.8][DV1.0].docx: [auto_map] FAILED with exit code 1
[2026-03-18 01:01:23] [TID:19944] START SD - Managed Application Delivery Controller F5 [PRD.4.5.006][PV0.8][DV1.0].docx
[2026-03-18 01:01:23] [TID:19944] [DEBUG] Running step: extract_html
[2026-03-18 01:01:23] [TID:19944] [DEBUG] Command: ['C:\\Users\\koengo\\AppData\\Local\\Programs\\Python\\Python312\\python.exe', 'C:\\Users\\koengo\\OneDrive - Cegeka\\Documents\\Reusable Assets\\Products\\scripts\\extract_html.py', 'C:\\Users\\koengo\\Cegeka\\Product Management - Product Management Library\\Business Line - Security & Compliance\\[4.L] Outsourcing Services\\SD - Managed Application Delivery Controller F5 [PRD.4.5.006][PV0.8][DV1.0].docx']
[2026-03-18 01:01:24] [TID:19944] [DEBUG][stdout] ✔ HTML saved for SD - Managed Application Delivery Controller F5 [PRD.4.5.006][PV0.8][DV1.0].docx

[2026-03-18 01:01:24] [TID:19944] [DEBUG] Step 'extract_html' OK
[2026-03-18 01:01:24] [TID:19944] [DEBUG] Running step: parse_html
[2026-03-18 01:01:24] [TID:19944] [DEBUG] Command: ['C:\\Users\\koengo\\AppData\\Local\\Programs\\Python\\Python312\\python.exe', 'C:\\Users\\koengo\\OneDrive - Cegeka\\Documents\\Reusable Assets\\Products\\scripts\\parse_html_sections.py', 'extracted_html\\SD - Managed Application Delivery Controller F5 [PRD.4.5.006][PV0.8][DV1.0].html']
[2026-03-18 01:01:25] [TID:19944] [DEBUG][stdout] ✔ Robust parsed → output\json\SD - Managed Application Delivery Controller F5 [PRD.4.5.006][PV0.8][DV1.0].json

[2026-03-18 01:01:25] [TID:19944] [DEBUG] Step 'parse_html' OK
[2026-03-18 01:01:25] [TID:19944] [DEBUG] Running step: auto_map
[2026-03-18 01:01:25] [TID:19944] [DEBUG] Command: ['C:\\Users\\koengo\\AppData\\Local\\Programs\\Python\\Python312\\python.exe', 'C:\\Users\\koengo\\OneDrive - Cegeka\\Documents\\Reusable Assets\\Products\\scripts\\auto_map_sections.py', 'output\\json\\SD - Managed Application Delivery Controller F5 [PRD.4.5.006][PV0.8][DV1.0].json']
[2026-03-18 01:01:25] [TID:19944] [DEBUG][stderr]   File "C:\Users\koengo\OneDrive - Cegeka\Documents\Reusable Assets\Products\scripts\auto_map_sections.py", line 26
    ``
    ^
SyntaxError: invalid syntax

[2026-03-18 01:01:25] [TID:19944] ERROR SD - Managed Application Delivery Controller F5 [PRD.4.5.006][PV0.8][DV1.0].docx: [auto_map] FAILED with exit code 1
[2026-03-18 01:16:59] [TID:19856] START SD - Managed Application Delivery Controller F5 [PRD.4.5.006][PV0.8][DV1.0].docx
[2026-03-18 01:16:59] [TID:19856] [DEBUG] Running step: extract_html
[2026-03-18 01:16:59] [TID:19856] [DEBUG] Command: ['C:\\Users\\koengo\\AppData\\Local\\Programs\\Python\\Python312\\python.exe', 'C:\\Users\\koengo\\OneDrive - Cegeka\\Documents\\Reusable Assets\\Products\\scripts\\extract_html.py', 'C:\\Users\\koengo\\Cegeka\\Product Management - Product Management Library\\Business Line - Security & Compliance\\[4.L] Outsourcing Services\\SD - Managed Application Delivery Controller F5 [PRD.4.5.006][PV0.8][DV1.0].docx']
[2026-03-18 01:16:59] [TID:19856] [DEBUG][stdout] ✔ HTML saved for SD - Managed Application Delivery Controller F5 [PRD.4.5.006][PV0.8][DV1.0].docx

[2026-03-18 01:16:59] [TID:19856] [DEBUG] Step 'extract_html' OK
[2026-03-18 01:16:59] [TID:19856] [DEBUG] Running step: parse_html
[2026-03-18 01:16:59] [TID:19856] [DEBUG] Command: ['C:\\Users\\koengo\\AppData\\Local\\Programs\\Python\\Python312\\python.exe', 'C:\\Users\\koengo\\OneDrive - Cegeka\\Documents\\Reusable Assets\\Products\\scripts\\parse_html_sections.py', 'extracted_html\\SD - Managed Application Delivery Controller F5 [PRD.4.5.006][PV0.8][DV1.0].html']
[2026-03-18 01:17:00] [TID:19856] [DEBUG][stdout] ✔ Robust parsed → output\json\SD - Managed Application Delivery Controller F5 [PRD.4.5.006][PV0.8][DV1.0].json

[2026-03-18 01:17:00] [TID:19856] [DEBUG] Step 'parse_html' OK
[2026-03-18 01:17:00] [TID:19856] [DEBUG] Running step: auto_map
[2026-03-18 01:17:00] [TID:19856] [DEBUG] Command: ['C:\\Users\\koengo\\AppData\\Local\\Programs\\Python\\Python312\\python.exe', 'C:\\Users\\koengo\\OneDrive - Cegeka\\Documents\\Reusable Assets\\Products\\scripts\\auto_map_sections.py', 'output\\json\\SD - Managed Application Delivery Controller F5 [PRD.4.5.006][PV0.8][DV1.0].json']
[2026-03-18 01:17:00] [TID:19856] [DEBUG][stderr]   File "C:\Users\koengo\OneDrive - Cegeka\Documents\Reusable Assets\Products\scripts\auto_map_sections.py", line 26
    ``
    ^
SyntaxError: invalid syntax

[2026-03-18 01:17:00] [TID:19856] ERROR SD - Managed Application Delivery Controller F5 [PRD.4.5.006][PV0.8][DV1.0].docx: [auto_map] FAILED with exit code 1
[2026-03-18 01:30:48] [TID:24236] START SD - Managed Application Delivery Controller F5 [PRD.4.5.006][PV0.8][DV1.0].docx
[2026-03-18 01:30:48] [TID:24236] [DEBUG] Running step: extract_html
[2026-03-18 01:30:48] [TID:24236] [DEBUG] Command: ['C:\\Users\\koengo\\AppData\\Local\\Programs\\Python\\Python312\\python.exe', 'C:\\Users\\koengo\\OneDrive - Cegeka\\Documents\\Reusable Assets\\Products\\scripts\\extract_html.py', 'C:\\Users\\koengo\\Cegeka\\Product Management - Product Management Library\\Business Line - Security & Compliance\\[4.L] Outsourcing Services\\SD - Managed Application Delivery Controller F5 [PRD.4.5.006][PV0.8][DV1.0].docx']
[2026-03-18 01:30:48] [TID:24236] [DEBUG][stderr]   File "C:\Users\koengo\OneDrive - Cegeka\Documents\Reusable Assets\Products\scripts\extract_html.py", line 31
    ``
    ^
SyntaxError: invalid syntax

[2026-03-18 01:30:48] [TID:24236] ERROR SD - Managed Application Delivery Controller F5 [PRD.4.5.006][PV0.8][DV1.0].docx: [extract_html] FAILED with exit code 1
[2026-03-18 01:33:18] [TID:16984] START SD - Managed Application Delivery Controller F5 [PRD.4.5.006][PV0.8][DV1.0].docx
[2026-03-18 01:33:18] [TID:16984] [DEBUG] Running step: extract_html
[2026-03-18 01:33:18] [TID:16984] [DEBUG] Command: ['C:\\Users\\koengo\\AppData\\Local\\Programs\\Python\\Python312\\python.exe', 'C:\\Users\\koengo\\OneDrive - Cegeka\\Documents\\Reusable Assets\\Products\\scripts\\extract_html.py', 'C:\\Users\\koengo\\Cegeka\\Product Management - Product Management Library\\Business Line - Security & Compliance\\[4.L] Outsourcing Services\\SD - Managed Application Delivery Controller F5 [PRD.4.5.006][PV0.8][DV1.0].docx']
[2026-03-18 01:33:19] [TID:16984] [DEBUG][stdout] HTML saved: SD - Managed Application Delivery Controller F5 [PRD.4.5.006][PV0.8][DV1.0].html

[2026-03-18 01:33:19] [TID:16984] [DEBUG] Step 'extract_html' OK
[2026-03-18 01:33:19] [TID:16984] [DEBUG] Running step: parse_html
[2026-03-18 01:33:19] [TID:16984] [DEBUG] Command: ['C:\\Users\\koengo\\AppData\\Local\\Programs\\Python\\Python312\\python.exe', 'C:\\Users\\koengo\\OneDrive - Cegeka\\Documents\\Reusable Assets\\Products\\scripts\\parse_html_sections.py', 'extracted_html\\SD - Managed Application Delivery Controller F5 [PRD.4.5.006][PV0.8][DV1.0].html']
[2026-03-18 01:33:20] [TID:16984] [DEBUG][stdout] ✔ Robust parsed → output\json\SD - Managed Application Delivery Controller F5 [PRD.4.5.006][PV0.8][DV1.0].json

[2026-03-18 01:33:20] [TID:16984] [DEBUG] Step 'parse_html' OK
[2026-03-18 01:33:20] [TID:16984] [DEBUG] Running step: auto_map
[2026-03-18 01:33:20] [TID:16984] [DEBUG] Command: ['C:\\Users\\koengo\\AppData\\Local\\Programs\\Python\\Python312\\python.exe', 'C:\\Users\\koengo\\OneDrive - Cegeka\\Documents\\Reusable Assets\\Products\\scripts\\auto_map_sections.py', 'output\\json\\SD - Managed Application Delivery Controller F5 [PRD.4.5.006][PV0.8][DV1.0].json']
[2026-03-18 01:33:20] [TID:16984] [DEBUG][stderr]   File "C:\Users\koengo\OneDrive - Cegeka\Documents\Reusable Assets\Products\scripts\auto_map_sections.py", line 26
    ``
    ^
SyntaxError: invalid syntax

[2026-03-18 01:33:20] [TID:16984] ERROR SD - Managed Application Delivery Controller F5 [PRD.4.5.006][PV0.8][DV1.0].docx: [auto_map] FAILED with exit code 1
[2026-03-18 01:40:28] [TID:23252] START SD - Managed Application Delivery Controller F5 [PRD.4.5.006][PV0.8][DV1.0].docx
[2026-03-18 01:40:28] [TID:23252] [DEBUG] Running step: extract_html
[2026-03-18 01:40:28] [TID:23252] [DEBUG] Command: ['C:\\Users\\koengo\\AppData\\Local\\Programs\\Python\\Python312\\python.exe', 'C:\\Users\\koengo\\OneDrive - Cegeka\\Documents\\Reusable Assets\\Products\\scripts\\extract_html.py', 'C:\\Users\\koengo\\Cegeka\\Product Management - Product Management Library\\Business Line - Security & Compliance\\[4.L] Outsourcing Services\\SD - Managed Application Delivery Controller F5 [PRD.4.5.006][PV0.8][DV1.0].docx']
[2026-03-18 01:40:29] [TID:23252] [DEBUG][stdout] HTML saved: SD - Managed Application Delivery Controller F5 [PRD.4.5.006][PV0.8][DV1.0].html

[2026-03-18 01:40:29] [TID:23252] [DEBUG] Step 'extract_html' OK
[2026-03-18 01:40:29] [TID:23252] [DEBUG] Running step: parse_html
[2026-03-18 01:40:29] [TID:23252] [DEBUG] Command: ['C:\\Users\\koengo\\AppData\\Local\\Programs\\Python\\Python312\\python.exe', 'C:\\Users\\koengo\\OneDrive - Cegeka\\Documents\\Reusable Assets\\Products\\scripts\\parse_html_sections.py', 'extracted_html\\SD - Managed Application Delivery Controller F5 [PRD.4.5.006][PV0.8][DV1.0].html']
[2026-03-18 01:40:29] [TID:23252] [DEBUG][stdout] ✔ Robust parsed → output\json\SD - Managed Application Delivery Controller F5 [PRD.4.5.006][PV0.8][DV1.0].json

[2026-03-18 01:40:29] [TID:23252] [DEBUG] Step 'parse_html' OK
[2026-03-18 01:40:29] [TID:23252] [DEBUG] Running step: auto_map
[2026-03-18 01:40:29] [TID:23252] [DEBUG] Command: ['C:\\Users\\koengo\\AppData\\Local\\Programs\\Python\\Python312\\python.exe', 'C:\\Users\\koengo\\OneDrive - Cegeka\\Documents\\Reusable Assets\\Products\\scripts\\auto_map_sections.py', 'output\\json\\SD - Managed Application Delivery Controller F5 [PRD.4.5.006][PV0.8][DV1.0].json']
[2026-03-18 01:40:30] [TID:23252] [DEBUG][stderr]   File "C:\Users\koengo\OneDrive - Cegeka\Documents\Reusable Assets\Products\scripts\auto_map_sections.py", line 26
    ``
    ^
SyntaxError: invalid syntax

[2026-03-18 01:40:30] [TID:23252] ERROR SD - Managed Application Delivery Controller F5 [PRD.4.5.006][PV0.8][DV1.0].docx: [auto_map] FAILED with exit code 1
