[2026-03-18 14:42:31] START xml_to_docx_v3_fixed for: C:\Users\koengo\OneDrive - Cegeka\Documents\Reusable Assets\Products\output\xml\SD - Cegeka Cloud Shared NAS Services [PRD.0.L.109][PV0.8][DV1.3]_mapped.xml
[2026-03-18 14:42:31] Filled SDT 'KEY_FEATURES' with XML section 'Services'
[2026-03-18 14:42:31] Filled SDT 'SCOPE' with XML section 'Out of scope'
[2026-03-18 14:42:31] Filled SDT 'PRODUCT_SUMMARY' with XML section 'Service Windows'
[2026-03-18 14:42:31] Filled SDT 'SLA_KPI' with XML section 'Service Levels'
[2026-03-18 14:42:31] Filled SDT 'SLA_KPI' with XML section 'Service Billing'
[2026-03-18 14:42:31] Filled SDT 'PRODUCT_SUMMARY' with XML section 'Service Request Billing'
[2026-03-18 14:42:32] TOTAL SDT FIELDS FILLED: 6
[2026-03-18 14:42:32] XML→DOCX OK → output\docx\SD - Cegeka Cloud Shared NAS Services [PRD.0.L.109][PV0.8][DV1.3]_mapped_FINAL.docx
[2026-03-18 14:48:15] START xml_to_docx_v3_fixed for: C:\Users\koengo\OneDrive - Cegeka\Documents\Reusable Assets\Products\output\xml\SD - Cegeka Cloud Shared NAS Services [PRD.0.L.109][PV0.8][DV1.3]_mapped.xml
[2026-03-18 14:48:15] Filled SDT 'KEY_FEATURES' with XML section 'Services'
[2026-03-18 14:48:15] Filled SDT 'SCOPE' with XML section 'Out of scope'
[2026-03-18 14:48:15] Filled SDT 'PRODUCT_SUMMARY' with XML section 'Service Windows'
[2026-03-18 14:48:15] Filled SDT 'SLA_KPI' with XML section 'Service Levels'
[2026-03-18 14:48:15] Filled SDT 'SLA_KPI' with XML section 'Service Billing'
[2026-03-18 14:48:15] Filled SDT 'PRODUCT_SUMMARY' with XML section 'Service Request Billing'
[2026-03-18 14:48:15] TOTAL SDT FIELDS FILLED: 6
[2026-03-18 14:48:15] XML→DOCX OK → output\docx\SD - Cegeka Cloud Shared NAS Services [PRD.0.L.109][PV0.8][DV1.3]_mapped_FINAL.docx
[2026-03-18 15:02:05] START xml_to_docx_v3_fixed for: C:\Users\koengo\OneDrive - Cegeka\Documents\Reusable Assets\Products\output\xml\SD - Cegeka Cloud Shared NAS Services [PRD.0.L.109][PV0.8][DV1.3]_mapped.xml
[2026-03-18 15:02:05] Filled SDT 'KEY_FEATURES' with XML section 'Services'
[2026-03-18 15:02:05] Filled SDT 'SCOPE' with XML section 'Out of scope'
[2026-03-18 15:02:05] Filled SDT 'PRODUCT_SUMMARY' with XML section 'Service Windows'
[2026-03-18 15:02:05] Filled SDT 'SLA_KPI' with XML section 'Service Levels'
[2026-03-18 15:02:05] Filled SDT 'SLA_KPI' with XML section 'Service Billing'
[2026-03-18 15:02:05] Filled SDT 'PRODUCT_SUMMARY' with XML section 'Service Request Billing'
[2026-03-18 15:02:05] TOTAL SDT FIELDS FILLED: 6
[2026-03-18 15:02:05] XML→DOCX OK → output\docx\SD - Cegeka Cloud Shared NAS Services [PRD.0.L.109][PV0.8][DV1.3]_mapped_FINAL.docx
