[2026-03-17 23:34:05] [TID:22888] Start processing SD: SD - TAM IWS IBM Workload Scheduler [PRD.0.L.185][PV0.7][DV1.0].docx
[2026-03-17 23:34:05] [TID:22888] Extracting HTML...
[2026-03-17 23:34:06] [TID:22888] ERROR SD - TAM IWS IBM Workload Scheduler [PRD.0.L.185][PV0.7][DV1.0].docx: Command '['C:\\Users\\koengo\\AppData\\Local\\Programs\\Python\\Python312\\python.exe', 'C:\\Users\\koengo\\OneDrive - Cegeka\\Documents\\Reusable Assets\\Products\\scripts\\extract_html.py', 'C:\\Users\\koengo\\Cegeka\\Product Management - Product Management Library\\Business Line - Cloud and Digital Platforms\\[0.L] Outsourcing Services\\SD - TAM IWS IBM Workload Scheduler [PRD.0.L.185][PV0.7][DV1.0].docx']' returned non-zero exit status 1.
[2026-03-17 23:39:26] [TID:15860] START SD - TAM IWS IBM Workload Scheduler [PRD.0.L.185][PV0.7][DV1.0].docx
[2026-03-17 23:39:26] [TID:15860] Extracting HTML...
[2026-03-17 23:39:28] [TID:15860] ERROR SD - TAM IWS IBM Workload Scheduler [PRD.0.L.185][PV0.7][DV1.0].docx: Command '['C:\\Users\\koengo\\AppData\\Local\\Programs\\Python\\Python312\\python.exe', 'C:\\Users\\koengo\\OneDrive - Cegeka\\Documents\\Reusable Assets\\Products\\scripts\\extract_html.py', 'C:\\Users\\koengo\\Cegeka\\Product Management - Product Management Library\\Business Line - Cloud and Digital Platforms\\[0.L] Outsourcing Services\\SD - TAM IWS IBM Workload Scheduler [PRD.0.L.185][PV0.7][DV1.0].docx']' returned non-zero exit status 1.
[2026-03-17 23:44:38] [TID:27780] START SD - TAM IWS IBM Workload Scheduler [PRD.0.L.185][PV0.7][DV1.0].docx
[2026-03-17 23:44:38] [TID:27780] Extracting HTML...
[2026-03-17 23:44:39] [TID:27780] ERROR SD - TAM IWS IBM Workload Scheduler [PRD.0.L.185][PV0.7][DV1.0].docx: Command '['C:\\Users\\koengo\\AppData\\Local\\Programs\\Python\\Python312\\python.exe', 'C:\\Users\\koengo\\OneDrive - Cegeka\\Documents\\Reusable Assets\\Products\\scripts\\extract_html.py', 'C:\\Users\\koengo\\Cegeka\\Product Management - Product Management Library\\Business Line - Cloud and Digital Platforms\\[0.L] Outsourcing Services\\SD - TAM IWS IBM Workload Scheduler [PRD.0.L.185][PV0.7][DV1.0].docx']' returned non-zero exit status 1.
[2026-03-17 23:47:06] [TID:29672] START SD - TAM IWS IBM Workload Scheduler [PRD.0.L.185][PV0.7][DV1.0].docx
[2026-03-17 23:47:06] [TID:29672] Extracting HTML...
[2026-03-17 23:47:07] [TID:29672] ERROR SD - TAM IWS IBM Workload Scheduler [PRD.0.L.185][PV0.7][DV1.0].docx: Command '['C:\\Users\\koengo\\AppData\\Local\\Programs\\Python\\Python312\\python.exe', 'C:\\Users\\koengo\\OneDrive - Cegeka\\Documents\\Reusable Assets\\Products\\scripts\\extract_html.py', 'C:\\Users\\koengo\\Cegeka\\Product Management - Product Management Library\\Business Line - Cloud and Digital Platforms\\[0.L] Outsourcing Services\\SD - TAM IWS IBM Workload Scheduler [PRD.0.L.185][PV0.7][DV1.0].docx']' returned non-zero exit status 1.
[2026-03-17 23:54:35] [TID:8392] START SD - TAM IWS IBM Workload Scheduler [PRD.0.L.185][PV0.7][DV1.0].docx
[2026-03-17 23:54:35] [TID:8392] Extracting HTML...
[2026-03-17 23:54:37] [TID:8392] ERROR SD - TAM IWS IBM Workload Scheduler [PRD.0.L.185][PV0.7][DV1.0].docx: Command '['C:\\Users\\koengo\\AppData\\Local\\Programs\\Python\\Python312\\python.exe', 'C:\\Users\\koengo\\OneDrive - Cegeka\\Documents\\Reusable Assets\\Products\\scripts\\extract_html.py', 'C:\\Users\\koengo\\Cegeka\\Product Management - Product Management Library\\Business Line - Cloud and Digital Platforms\\[0.L] Outsourcing Services\\SD - TAM IWS IBM Workload Scheduler [PRD.0.L.185][PV0.7][DV1.0].docx']' returned non-zero exit status 1.
[2026-03-18 00:02:01] [TID:22876] START SD - TAM IWS IBM Workload Scheduler [PRD.0.L.185][PV0.7][DV1.0].docx
[2026-03-18 00:02:01] [TID:22876] Extracting HTML...
[2026-03-18 00:02:02] [TID:22876] ERROR SD - TAM IWS IBM Workload Scheduler [PRD.0.L.185][PV0.7][DV1.0].docx: Command '['C:\\Users\\koengo\\AppData\\Local\\Programs\\Python\\Python312\\python.exe', 'C:\\Users\\koengo\\OneDrive - Cegeka\\Documents\\Reusable Assets\\Products\\scripts\\extract_html.py', 'C:\\Users\\koengo\\Cegeka\\Product Management - Product Management Library\\Business Line - Cloud and Digital Platforms\\[0.L] Outsourcing Services\\SD - TAM IWS IBM Workload Scheduler [PRD.0.L.185][PV0.7][DV1.0].docx']' returned non-zero exit status 1.
[2026-03-18 00:11:13] [TID:14484] START SD - TAM IWS IBM Workload Scheduler [PRD.0.L.185][PV0.7][DV1.0].docx
[2026-03-18 00:11:13] [TID:14484] Extracting HTML...
[2026-03-18 00:11:14] [TID:14484] ERROR SD - TAM IWS IBM Workload Scheduler [PRD.0.L.185][PV0.7][DV1.0].docx: Command '['C:\\Users\\koengo\\AppData\\Local\\Programs\\Python\\Python312\\python.exe', 'C:\\Users\\koengo\\OneDrive - Cegeka\\Documents\\Reusable Assets\\Products\\scripts\\extract_html.py', 'C:\\Users\\koengo\\Cegeka\\Product Management - Product Management Library\\Business Line - Cloud and Digital Platforms\\[0.L] Outsourcing Services\\SD - TAM IWS IBM Workload Scheduler [PRD.0.L.185][PV0.7][DV1.0].docx']' returned non-zero exit status 1.
[2026-03-18 00:24:29] [TID:6152] START SD - TAM IWS IBM Workload Scheduler [PRD.0.L.185][PV0.7][DV1.0].docx
[2026-03-18 00:24:29] [TID:6152] [DEBUG] Running step: extract_html
[2026-03-18 00:24:29] [TID:6152] [DEBUG] Command: ['C:\\Users\\koengo\\AppData\\Local\\Programs\\Python\\Python312\\python.exe', 'C:\\Users\\koengo\\OneDrive - Cegeka\\Documents\\Reusable Assets\\Products\\scripts\\extract_html.py', 'C:\\Users\\koengo\\Cegeka\\Product Management - Product Management Library\\Business Line - Cloud and Digital Platforms\\[0.L] Outsourcing Services\\SD - TAM IWS IBM Workload Scheduler [PRD.0.L.185][PV0.7][DV1.0].docx']
[2026-03-18 00:24:30] [TID:6152] [DEBUG][stderr] Traceback (most recent call last):
  File "C:\Users\koengo\OneDrive - Cegeka\Documents\Reusable Assets\Products\scripts\extract_html.py", line 17, in <module>
    print(f"\u2714 HTML saved \u2192 {out_file}")
  File "C:\Users\koengo\AppData\Local\Programs\Python\Python312\Lib\encodings\cp1252.py", line 19, in encode
    return codecs.charmap_encode(input,self.errors,encoding_table)[0]
           ^^^^^^^^^^^^^^^^^^^^^^^^^^^^^^^^^^^^^^^^^^^^^^^^^^^^^^^
UnicodeEncodeError: 'charmap' codec can't encode character '\u2714' in position 0: character maps to <undefined>

[2026-03-18 00:24:30] [TID:6152] ERROR SD - TAM IWS IBM Workload Scheduler [PRD.0.L.185][PV0.7][DV1.0].docx: [extract_html] FAILED with exit code 1
[2026-03-18 00:28:29] [TID:18548] START SD - TAM IWS IBM Workload Scheduler [PRD.0.L.185][PV0.7][DV1.0].docx
[2026-03-18 00:28:29] [TID:18548] [DEBUG] Running step: extract_html
[2026-03-18 00:28:29] [TID:18548] [DEBUG] Command: ['C:\\Users\\koengo\\AppData\\Local\\Programs\\Python\\Python312\\python.exe', 'C:\\Users\\koengo\\OneDrive - Cegeka\\Documents\\Reusable Assets\\Products\\scripts\\extract_html.py', 'C:\\Users\\koengo\\Cegeka\\Product Management - Product Management Library\\Business Line - Cloud and Digital Platforms\\[0.L] Outsourcing Services\\SD - TAM IWS IBM Workload Scheduler [PRD.0.L.185][PV0.7][DV1.0].docx']
[2026-03-18 00:28:30] [TID:18548] [DEBUG][stderr] Traceback (most recent call last):
  File "C:\Users\koengo\OneDrive - Cegeka\Documents\Reusable Assets\Products\scripts\extract_html.py", line 17, in <module>
    print(f"\u2714 HTML saved \u2192 {out_file}")
  File "C:\Users\koengo\AppData\Local\Programs\Python\Python312\Lib\encodings\cp1252.py", line 19, in encode
    return codecs.charmap_encode(input,self.errors,encoding_table)[0]
           ^^^^^^^^^^^^^^^^^^^^^^^^^^^^^^^^^^^^^^^^^^^^^^^^^^^^^^^
UnicodeEncodeError: 'charmap' codec can't encode character '\u2714' in position 0: character maps to <undefined>

[2026-03-18 00:28:30] [TID:18548] ERROR SD - TAM IWS IBM Workload Scheduler [PRD.0.L.185][PV0.7][DV1.0].docx: [extract_html] FAILED with exit code 1
[2026-03-18 00:39:29] [TID:1172] START SD - TAM IWS IBM Workload Scheduler [PRD.0.L.185][PV0.7][DV1.0].docx
[2026-03-18 00:39:30] [TID:1172] [DEBUG] Running step: extract_html
[2026-03-18 00:39:30] [TID:1172] [DEBUG] Command: ['C:\\Users\\koengo\\AppData\\Local\\Programs\\Python\\Python312\\python.exe', 'C:\\Users\\koengo\\OneDrive - Cegeka\\Documents\\Reusable Assets\\Products\\scripts\\extract_html.py', 'C:\\Users\\koengo\\Cegeka\\Product Management - Product Management Library\\Business Line - Cloud and Digital Platforms\\[0.L] Outsourcing Services\\SD - TAM IWS IBM Workload Scheduler [PRD.0.L.185][PV0.7][DV1.0].docx']
[2026-03-18 00:39:31] [TID:1172] [DEBUG][stderr] Traceback (most recent call last):
  File "C:\Users\koengo\OneDrive - Cegeka\Documents\Reusable Assets\Products\scripts\extract_html.py", line 17, in <module>
    print(f"\u2714 HTML saved \u2192 {out_file}")
  File "C:\Users\koengo\AppData\Local\Programs\Python\Python312\Lib\encodings\cp1252.py", line 19, in encode
    return codecs.charmap_encode(input,self.errors,encoding_table)[0]
           ^^^^^^^^^^^^^^^^^^^^^^^^^^^^^^^^^^^^^^^^^^^^^^^^^^^^^^^
UnicodeEncodeError: 'charmap' codec can't encode character '\u2714' in position 0: character maps to <undefined>

[2026-03-18 00:39:31] [TID:1172] ERROR SD - TAM IWS IBM Workload Scheduler [PRD.0.L.185][PV0.7][DV1.0].docx: [extract_html] FAILED with exit code 1
[2026-03-18 00:51:50] [TID:26580] START SD - TAM IWS IBM Workload Scheduler [PRD.0.L.185][PV0.7][DV1.0].docx
[2026-03-18 00:51:50] [TID:26580] [DEBUG] Running step: extract_html
[2026-03-18 00:51:50] [TID:26580] [DEBUG] Command: ['C:\\Users\\koengo\\AppData\\Local\\Programs\\Python\\Python312\\python.exe', 'C:\\Users\\koengo\\OneDrive - Cegeka\\Documents\\Reusable Assets\\Products\\scripts\\extract_html.py', 'C:\\Users\\koengo\\Cegeka\\Product Management - Product Management Library\\Business Line - Cloud and Digital Platforms\\[0.L] Outsourcing Services\\SD - TAM IWS IBM Workload Scheduler [PRD.0.L.185][PV0.7][DV1.0].docx']
[2026-03-18 00:51:51] [TID:26580] [DEBUG][stdout] ✔ HTML saved for SD - TAM IWS IBM Workload Scheduler [PRD.0.L.185][PV0.7][DV1.0].docx

[2026-03-18 00:51:51] [TID:26580] [DEBUG] Step 'extract_html' OK
[2026-03-18 00:51:51] [TID:26580] [DEBUG] Running step: parse_html
[2026-03-18 00:51:51] [TID:26580] [DEBUG] Command: ['C:\\Users\\koengo\\AppData\\Local\\Programs\\Python\\Python312\\python.exe', 'C:\\Users\\koengo\\OneDrive - Cegeka\\Documents\\Reusable Assets\\Products\\scripts\\parse_html_sections.py', 'extracted_html\\SD - TAM IWS IBM Workload Scheduler [PRD.0.L.185][PV0.7][DV1.0].html']
[2026-03-18 00:51:52] [TID:26580] [DEBUG][stdout] ✔ Robust parsed → output\json\SD - TAM IWS IBM Workload Scheduler [PRD.0.L.185][PV0.7][DV1.0].json

[2026-03-18 00:51:52] [TID:26580] [DEBUG] Step 'parse_html' OK
[2026-03-18 00:51:52] [TID:26580] [DEBUG] Running step: auto_map
[2026-03-18 00:51:52] [TID:26580] [DEBUG] Command: ['C:\\Users\\koengo\\AppData\\Local\\Programs\\Python\\Python312\\python.exe', 'C:\\Users\\koengo\\OneDrive - Cegeka\\Documents\\Reusable Assets\\Products\\scripts\\auto_map_sections.py', 'output\\json\\SD - TAM IWS IBM Workload Scheduler [PRD.0.L.185][PV0.7][DV1.0].json']
[2026-03-18 00:51:52] [TID:26580] [DEBUG][stderr]   File "C:\Users\koengo\OneDrive - Cegeka\Documents\Reusable Assets\Products\scripts\auto_map_sections.py", line 26
    ``
    ^
SyntaxError: invalid syntax

[2026-03-18 00:51:52] [TID:26580] ERROR SD - TAM IWS IBM Workload Scheduler [PRD.0.L.185][PV0.7][DV1.0].docx: [auto_map] FAILED with exit code 1
[2026-03-18 01:01:09] [TID:19944] START SD - TAM IWS IBM Workload Scheduler [PRD.0.L.185][PV0.7][DV1.0].docx
[2026-03-18 01:01:09] [TID:19944] [DEBUG] Running step: extract_html
[2026-03-18 01:01:09] [TID:19944] [DEBUG] Command: ['C:\\Users\\koengo\\AppData\\Local\\Programs\\Python\\Python312\\python.exe', 'C:\\Users\\koengo\\OneDrive - Cegeka\\Documents\\Reusable Assets\\Products\\scripts\\extract_html.py', 'C:\\Users\\koengo\\Cegeka\\Product Management - Product Management Library\\Business Line - Cloud and Digital Platforms\\[0.L] Outsourcing Services\\SD - TAM IWS IBM Workload Scheduler [PRD.0.L.185][PV0.7][DV1.0].docx']
[2026-03-18 01:01:10] [TID:19944] [DEBUG][stdout] ✔ HTML saved for SD - TAM IWS IBM Workload Scheduler [PRD.0.L.185][PV0.7][DV1.0].docx

[2026-03-18 01:01:10] [TID:19944] [DEBUG] Step 'extract_html' OK
[2026-03-18 01:01:10] [TID:19944] [DEBUG] Running step: parse_html
[2026-03-18 01:01:10] [TID:19944] [DEBUG] Command: ['C:\\Users\\koengo\\AppData\\Local\\Programs\\Python\\Python312\\python.exe', 'C:\\Users\\koengo\\OneDrive - Cegeka\\Documents\\Reusable Assets\\Products\\scripts\\parse_html_sections.py', 'extracted_html\\SD - TAM IWS IBM Workload Scheduler [PRD.0.L.185][PV0.7][DV1.0].html']
[2026-03-18 01:01:10] [TID:19944] [DEBUG][stdout] ✔ Robust parsed → output\json\SD - TAM IWS IBM Workload Scheduler [PRD.0.L.185][PV0.7][DV1.0].json

[2026-03-18 01:01:10] [TID:19944] [DEBUG] Step 'parse_html' OK
[2026-03-18 01:01:10] [TID:19944] [DEBUG] Running step: auto_map
[2026-03-18 01:01:10] [TID:19944] [DEBUG] Command: ['C:\\Users\\koengo\\AppData\\Local\\Programs\\Python\\Python312\\python.exe', 'C:\\Users\\koengo\\OneDrive - Cegeka\\Documents\\Reusable Assets\\Products\\scripts\\auto_map_sections.py', 'output\\json\\SD - TAM IWS IBM Workload Scheduler [PRD.0.L.185][PV0.7][DV1.0].json']
[2026-03-18 01:01:10] [TID:19944] [DEBUG][stderr]   File "C:\Users\koengo\OneDrive - Cegeka\Documents\Reusable Assets\Products\scripts\auto_map_sections.py", line 26
    ``
    ^
SyntaxError: invalid syntax

[2026-03-18 01:01:10] [TID:19944] ERROR SD - TAM IWS IBM Workload Scheduler [PRD.0.L.185][PV0.7][DV1.0].docx: [auto_map] FAILED with exit code 1
[2026-03-18 01:16:45] [TID:19856] START SD - TAM IWS IBM Workload Scheduler [PRD.0.L.185][PV0.7][DV1.0].docx
[2026-03-18 01:16:45] [TID:19856] [DEBUG] Running step: extract_html
[2026-03-18 01:16:45] [TID:19856] [DEBUG] Command: ['C:\\Users\\koengo\\AppData\\Local\\Programs\\Python\\Python312\\python.exe', 'C:\\Users\\koengo\\OneDrive - Cegeka\\Documents\\Reusable Assets\\Products\\scripts\\extract_html.py', 'C:\\Users\\koengo\\Cegeka\\Product Management - Product Management Library\\Business Line - Cloud and Digital Platforms\\[0.L] Outsourcing Services\\SD - TAM IWS IBM Workload Scheduler [PRD.0.L.185][PV0.7][DV1.0].docx']
[2026-03-18 01:16:45] [TID:19856] [DEBUG][stdout] ✔ HTML saved for SD - TAM IWS IBM Workload Scheduler [PRD.0.L.185][PV0.7][DV1.0].docx

[2026-03-18 01:16:45] [TID:19856] [DEBUG] Step 'extract_html' OK
[2026-03-18 01:16:45] [TID:19856] [DEBUG] Running step: parse_html
[2026-03-18 01:16:45] [TID:19856] [DEBUG] Command: ['C:\\Users\\koengo\\AppData\\Local\\Programs\\Python\\Python312\\python.exe', 'C:\\Users\\koengo\\OneDrive - Cegeka\\Documents\\Reusable Assets\\Products\\scripts\\parse_html_sections.py', 'extracted_html\\SD - TAM IWS IBM Workload Scheduler [PRD.0.L.185][PV0.7][DV1.0].html']
[2026-03-18 01:16:46] [TID:19856] [DEBUG][stdout] ✔ Robust parsed → output\json\SD - TAM IWS IBM Workload Scheduler [PRD.0.L.185][PV0.7][DV1.0].json

[2026-03-18 01:16:46] [TID:19856] [DEBUG] Step 'parse_html' OK
[2026-03-18 01:16:46] [TID:19856] [DEBUG] Running step: auto_map
[2026-03-18 01:16:46] [TID:19856] [DEBUG] Command: ['C:\\Users\\koengo\\AppData\\Local\\Programs\\Python\\Python312\\python.exe', 'C:\\Users\\koengo\\OneDrive - Cegeka\\Documents\\Reusable Assets\\Products\\scripts\\auto_map_sections.py', 'output\\json\\SD - TAM IWS IBM Workload Scheduler [PRD.0.L.185][PV0.7][DV1.0].json']
[2026-03-18 01:16:46] [TID:19856] [DEBUG][stderr]   File "C:\Users\koengo\OneDrive - Cegeka\Documents\Reusable Assets\Products\scripts\auto_map_sections.py", line 26
    ``
    ^
SyntaxError: invalid syntax

[2026-03-18 01:16:46] [TID:19856] ERROR SD - TAM IWS IBM Workload Scheduler [PRD.0.L.185][PV0.7][DV1.0].docx: [auto_map] FAILED with exit code 1
[2026-03-18 01:30:47] [TID:2584] START SD - TAM IWS IBM Workload Scheduler [PRD.0.L.185][PV0.7][DV1.0].docx
[2026-03-18 01:30:47] [TID:2584] [DEBUG] Running step: extract_html
[2026-03-18 01:30:47] [TID:2584] [DEBUG] Command: ['C:\\Users\\koengo\\AppData\\Local\\Programs\\Python\\Python312\\python.exe', 'C:\\Users\\koengo\\OneDrive - Cegeka\\Documents\\Reusable Assets\\Products\\scripts\\extract_html.py', 'C:\\Users\\koengo\\Cegeka\\Product Management - Product Management Library\\Business Line - Cloud and Digital Platforms\\[0.L] Outsourcing Services\\SD - TAM IWS IBM Workload Scheduler [PRD.0.L.185][PV0.7][DV1.0].docx']
[2026-03-18 01:30:47] [TID:2584] [DEBUG][stderr]   File "C:\Users\koengo\OneDrive - Cegeka\Documents\Reusable Assets\Products\scripts\extract_html.py", line 31
    ``
    ^
SyntaxError: invalid syntax

[2026-03-18 01:30:47] [TID:2584] ERROR SD - TAM IWS IBM Workload Scheduler [PRD.0.L.185][PV0.7][DV1.0].docx: [extract_html] FAILED with exit code 1
[2026-03-18 01:33:03] [TID:28000] START SD - TAM IWS IBM Workload Scheduler [PRD.0.L.185][PV0.7][DV1.0].docx
[2026-03-18 01:33:03] [TID:28000] [DEBUG] Running step: extract_html
[2026-03-18 01:33:03] [TID:28000] [DEBUG] Command: ['C:\\Users\\koengo\\AppData\\Local\\Programs\\Python\\Python312\\python.exe', 'C:\\Users\\koengo\\OneDrive - Cegeka\\Documents\\Reusable Assets\\Products\\scripts\\extract_html.py', 'C:\\Users\\koengo\\Cegeka\\Product Management - Product Management Library\\Business Line - Cloud and Digital Platforms\\[0.L] Outsourcing Services\\SD - TAM IWS IBM Workload Scheduler [PRD.0.L.185][PV0.7][DV1.0].docx']
[2026-03-18 01:33:04] [TID:28000] [DEBUG][stdout] HTML saved: SD - TAM IWS IBM Workload Scheduler [PRD.0.L.185][PV0.7][DV1.0].html

[2026-03-18 01:33:04] [TID:28000] [DEBUG] Step 'extract_html' OK
[2026-03-18 01:33:04] [TID:28000] [DEBUG] Running step: parse_html
[2026-03-18 01:33:04] [TID:28000] [DEBUG] Command: ['C:\\Users\\koengo\\AppData\\Local\\Programs\\Python\\Python312\\python.exe', 'C:\\Users\\koengo\\OneDrive - Cegeka\\Documents\\Reusable Assets\\Products\\scripts\\parse_html_sections.py', 'extracted_html\\SD - TAM IWS IBM Workload Scheduler [PRD.0.L.185][PV0.7][DV1.0].html']
[2026-03-18 01:33:04] [TID:28000] [DEBUG][stdout] ✔ Robust parsed → output\json\SD - TAM IWS IBM Workload Scheduler [PRD.0.L.185][PV0.7][DV1.0].json

[2026-03-18 01:33:04] [TID:28000] [DEBUG] Step 'parse_html' OK
[2026-03-18 01:33:04] [TID:28000] [DEBUG] Running step: auto_map
[2026-03-18 01:33:04] [TID:28000] [DEBUG] Command: ['C:\\Users\\koengo\\AppData\\Local\\Programs\\Python\\Python312\\python.exe', 'C:\\Users\\koengo\\OneDrive - Cegeka\\Documents\\Reusable Assets\\Products\\scripts\\auto_map_sections.py', 'output\\json\\SD - TAM IWS IBM Workload Scheduler [PRD.0.L.185][PV0.7][DV1.0].json']
[2026-03-18 01:33:04] [TID:28000] [DEBUG][stderr]   File "C:\Users\koengo\OneDrive - Cegeka\Documents\Reusable Assets\Products\scripts\auto_map_sections.py", line 26
    ``
    ^
SyntaxError: invalid syntax

[2026-03-18 01:33:04] [TID:28000] ERROR SD - TAM IWS IBM Workload Scheduler [PRD.0.L.185][PV0.7][DV1.0].docx: [auto_map] FAILED with exit code 1
[2026-03-18 01:40:13] [TID:23252] START SD - TAM IWS IBM Workload Scheduler [PRD.0.L.185][PV0.7][DV1.0].docx
[2026-03-18 01:40:13] [TID:23252] [DEBUG] Running step: extract_html
[2026-03-18 01:40:13] [TID:23252] [DEBUG] Command: ['C:\\Users\\koengo\\AppData\\Local\\Programs\\Python\\Python312\\python.exe', 'C:\\Users\\koengo\\OneDrive - Cegeka\\Documents\\Reusable Assets\\Products\\scripts\\extract_html.py', 'C:\\Users\\koengo\\Cegeka\\Product Management - Product Management Library\\Business Line - Cloud and Digital Platforms\\[0.L] Outsourcing Services\\SD - TAM IWS IBM Workload Scheduler [PRD.0.L.185][PV0.7][DV1.0].docx']
[2026-03-18 01:40:14] [TID:23252] [DEBUG][stdout] HTML saved: SD - TAM IWS IBM Workload Scheduler [PRD.0.L.185][PV0.7][DV1.0].html

[2026-03-18 01:40:14] [TID:23252] [DEBUG] Step 'extract_html' OK
[2026-03-18 01:40:14] [TID:23252] [DEBUG] Running step: parse_html
[2026-03-18 01:40:14] [TID:23252] [DEBUG] Command: ['C:\\Users\\koengo\\AppData\\Local\\Programs\\Python\\Python312\\python.exe', 'C:\\Users\\koengo\\OneDrive - Cegeka\\Documents\\Reusable Assets\\Products\\scripts\\parse_html_sections.py', 'extracted_html\\SD - TAM IWS IBM Workload Scheduler [PRD.0.L.185][PV0.7][DV1.0].html']
[2026-03-18 01:40:15] [TID:23252] [DEBUG][stdout] ✔ Robust parsed → output\json\SD - TAM IWS IBM Workload Scheduler [PRD.0.L.185][PV0.7][DV1.0].json

[2026-03-18 01:40:15] [TID:23252] [DEBUG] Step 'parse_html' OK
[2026-03-18 01:40:15] [TID:23252] [DEBUG] Running step: auto_map
[2026-03-18 01:40:15] [TID:23252] [DEBUG] Command: ['C:\\Users\\koengo\\AppData\\Local\\Programs\\Python\\Python312\\python.exe', 'C:\\Users\\koengo\\OneDrive - Cegeka\\Documents\\Reusable Assets\\Products\\scripts\\auto_map_sections.py', 'output\\json\\SD - TAM IWS IBM Workload Scheduler [PRD.0.L.185][PV0.7][DV1.0].json']
[2026-03-18 01:40:15] [TID:23252] [DEBUG][stderr]   File "C:\Users\koengo\OneDrive - Cegeka\Documents\Reusable Assets\Products\scripts\auto_map_sections.py", line 26
    ``
    ^
SyntaxError: invalid syntax

[2026-03-18 01:40:15] [TID:23252] ERROR SD - TAM IWS IBM Workload Scheduler [PRD.0.L.185][PV0.7][DV1.0].docx: [auto_map] FAILED with exit code 1
