[2026-03-17 23:34:00] [TID:27000] Start processing SD: SD - Cegeka Cloud - Monitoring Services [PRD0.L.178][PV0.8][DV1.0].docx
[2026-03-17 23:34:00] [TID:27000] Extracting HTML...
[2026-03-17 23:34:01] [TID:27000] ERROR SD - Cegeka Cloud - Monitoring Services [PRD0.L.178][PV0.8][DV1.0].docx: Command '['C:\\Users\\koengo\\AppData\\Local\\Programs\\Python\\Python312\\python.exe', 'C:\\Users\\koengo\\OneDrive - Cegeka\\Documents\\Reusable Assets\\Products\\scripts\\extract_html.py', 'C:\\Users\\koengo\\Cegeka\\Product Management - Product Management Library\\Business Line - Cloud and Digital Platforms\\[0.L] Outsourcing Services\\SD - Cegeka Cloud - Monitoring Services [PRD0.L.178][PV0.8][DV1.0].docx']' returned non-zero exit status 1.
[2026-03-17 23:39:21] [TID:27424] START SD - Cegeka Cloud - Monitoring Services [PRD0.L.178][PV0.8][DV1.0].docx
[2026-03-17 23:39:21] [TID:27424] Extracting HTML...
[2026-03-17 23:39:22] [TID:27424] ERROR SD - Cegeka Cloud - Monitoring Services [PRD0.L.178][PV0.8][DV1.0].docx: Command '['C:\\Users\\koengo\\AppData\\Local\\Programs\\Python\\Python312\\python.exe', 'C:\\Users\\koengo\\OneDrive - Cegeka\\Documents\\Reusable Assets\\Products\\scripts\\extract_html.py', 'C:\\Users\\koengo\\Cegeka\\Product Management - Product Management Library\\Business Line - Cloud and Digital Platforms\\[0.L] Outsourcing Services\\SD - Cegeka Cloud - Monitoring Services [PRD0.L.178][PV0.8][DV1.0].docx']' returned non-zero exit status 1.
[2026-03-17 23:44:33] [TID:22212] START SD - Cegeka Cloud - Monitoring Services [PRD0.L.178][PV0.8][DV1.0].docx
[2026-03-17 23:44:34] [TID:22212] Extracting HTML...
[2026-03-17 23:44:35] [TID:22212] ERROR SD - Cegeka Cloud - Monitoring Services [PRD0.L.178][PV0.8][DV1.0].docx: Command '['C:\\Users\\koengo\\AppData\\Local\\Programs\\Python\\Python312\\python.exe', 'C:\\Users\\koengo\\OneDrive - Cegeka\\Documents\\Reusable Assets\\Products\\scripts\\extract_html.py', 'C:\\Users\\koengo\\Cegeka\\Product Management - Product Management Library\\Business Line - Cloud and Digital Platforms\\[0.L] Outsourcing Services\\SD - Cegeka Cloud - Monitoring Services [PRD0.L.178][PV0.8][DV1.0].docx']' returned non-zero exit status 1.
[2026-03-17 23:47:00] [TID:3024] START SD - Cegeka Cloud - Monitoring Services [PRD0.L.178][PV0.8][DV1.0].docx
[2026-03-17 23:47:00] [TID:3024] Extracting HTML...
[2026-03-17 23:47:01] [TID:3024] ERROR SD - Cegeka Cloud - Monitoring Services [PRD0.L.178][PV0.8][DV1.0].docx: Command '['C:\\Users\\koengo\\AppData\\Local\\Programs\\Python\\Python312\\python.exe', 'C:\\Users\\koengo\\OneDrive - Cegeka\\Documents\\Reusable Assets\\Products\\scripts\\extract_html.py', 'C:\\Users\\koengo\\Cegeka\\Product Management - Product Management Library\\Business Line - Cloud and Digital Platforms\\[0.L] Outsourcing Services\\SD - Cegeka Cloud - Monitoring Services [PRD0.L.178][PV0.8][DV1.0].docx']' returned non-zero exit status 1.
[2026-03-17 23:54:30] [TID:4172] START SD - Cegeka Cloud - Monitoring Services [PRD0.L.178][PV0.8][DV1.0].docx
[2026-03-17 23:54:31] [TID:4172] Extracting HTML...
[2026-03-17 23:54:32] [TID:4172] ERROR SD - Cegeka Cloud - Monitoring Services [PRD0.L.178][PV0.8][DV1.0].docx: Command '['C:\\Users\\koengo\\AppData\\Local\\Programs\\Python\\Python312\\python.exe', 'C:\\Users\\koengo\\OneDrive - Cegeka\\Documents\\Reusable Assets\\Products\\scripts\\extract_html.py', 'C:\\Users\\koengo\\Cegeka\\Product Management - Product Management Library\\Business Line - Cloud and Digital Platforms\\[0.L] Outsourcing Services\\SD - Cegeka Cloud - Monitoring Services [PRD0.L.178][PV0.8][DV1.0].docx']' returned non-zero exit status 1.
[2026-03-18 00:01:56] [TID:22624] START SD - Cegeka Cloud - Monitoring Services [PRD0.L.178][PV0.8][DV1.0].docx
[2026-03-18 00:01:57] [TID:22624] Extracting HTML...
[2026-03-18 00:01:58] [TID:22624] ERROR SD - Cegeka Cloud - Monitoring Services [PRD0.L.178][PV0.8][DV1.0].docx: Command '['C:\\Users\\koengo\\AppData\\Local\\Programs\\Python\\Python312\\python.exe', 'C:\\Users\\koengo\\OneDrive - Cegeka\\Documents\\Reusable Assets\\Products\\scripts\\extract_html.py', 'C:\\Users\\koengo\\Cegeka\\Product Management - Product Management Library\\Business Line - Cloud and Digital Platforms\\[0.L] Outsourcing Services\\SD - Cegeka Cloud - Monitoring Services [PRD0.L.178][PV0.8][DV1.0].docx']' returned non-zero exit status 1.
[2026-03-18 00:11:07] [TID:14484] START SD - Cegeka Cloud - Monitoring Services [PRD0.L.178][PV0.8][DV1.0].docx
[2026-03-18 00:11:08] [TID:14484] Extracting HTML...
[2026-03-18 00:11:09] [TID:14484] ERROR SD - Cegeka Cloud - Monitoring Services [PRD0.L.178][PV0.8][DV1.0].docx: Command '['C:\\Users\\koengo\\AppData\\Local\\Programs\\Python\\Python312\\python.exe', 'C:\\Users\\koengo\\OneDrive - Cegeka\\Documents\\Reusable Assets\\Products\\scripts\\extract_html.py', 'C:\\Users\\koengo\\Cegeka\\Product Management - Product Management Library\\Business Line - Cloud and Digital Platforms\\[0.L] Outsourcing Services\\SD - Cegeka Cloud - Monitoring Services [PRD0.L.178][PV0.8][DV1.0].docx']' returned non-zero exit status 1.
[2026-03-18 00:24:20] [TID:29648] START SD - Cegeka Cloud - Monitoring Services [PRD0.L.178][PV0.8][DV1.0].docx
[2026-03-18 00:24:20] [TID:29648] [DEBUG] Running step: extract_html
[2026-03-18 00:24:20] [TID:29648] [DEBUG] Command: ['C:\\Users\\koengo\\AppData\\Local\\Programs\\Python\\Python312\\python.exe', 'C:\\Users\\koengo\\OneDrive - Cegeka\\Documents\\Reusable Assets\\Products\\scripts\\extract_html.py', 'C:\\Users\\koengo\\Cegeka\\Product Management - Product Management Library\\Business Line - Cloud and Digital Platforms\\[0.L] Outsourcing Services\\SD - Cegeka Cloud - Monitoring Services [PRD0.L.178][PV0.8][DV1.0].docx']
[2026-03-18 00:24:21] [TID:29648] [DEBUG][stderr] Traceback (most recent call last):
  File "C:\Users\koengo\OneDrive - Cegeka\Documents\Reusable Assets\Products\scripts\extract_html.py", line 17, in <module>
    print(f"\u2714 HTML saved \u2192 {out_file}")
  File "C:\Users\koengo\AppData\Local\Programs\Python\Python312\Lib\encodings\cp1252.py", line 19, in encode
    return codecs.charmap_encode(input,self.errors,encoding_table)[0]
           ^^^^^^^^^^^^^^^^^^^^^^^^^^^^^^^^^^^^^^^^^^^^^^^^^^^^^^^
UnicodeEncodeError: 'charmap' codec can't encode character '\u2714' in position 0: character maps to <undefined>

[2026-03-18 00:24:21] [TID:29648] ERROR SD - Cegeka Cloud - Monitoring Services [PRD0.L.178][PV0.8][DV1.0].docx: [extract_html] FAILED with exit code 1
[2026-03-18 00:28:22] [TID:26240] START SD - Cegeka Cloud - Monitoring Services [PRD0.L.178][PV0.8][DV1.0].docx
[2026-03-18 00:28:22] [TID:26240] [DEBUG] Running step: extract_html
[2026-03-18 00:28:22] [TID:26240] [DEBUG] Command: ['C:\\Users\\koengo\\AppData\\Local\\Programs\\Python\\Python312\\python.exe', 'C:\\Users\\koengo\\OneDrive - Cegeka\\Documents\\Reusable Assets\\Products\\scripts\\extract_html.py', 'C:\\Users\\koengo\\Cegeka\\Product Management - Product Management Library\\Business Line - Cloud and Digital Platforms\\[0.L] Outsourcing Services\\SD - Cegeka Cloud - Monitoring Services [PRD0.L.178][PV0.8][DV1.0].docx']
[2026-03-18 00:28:23] [TID:26240] [DEBUG][stderr] Traceback (most recent call last):
  File "C:\Users\koengo\OneDrive - Cegeka\Documents\Reusable Assets\Products\scripts\extract_html.py", line 17, in <module>
    print(f"\u2714 HTML saved \u2192 {out_file}")
  File "C:\Users\koengo\AppData\Local\Programs\Python\Python312\Lib\encodings\cp1252.py", line 19, in encode
    return codecs.charmap_encode(input,self.errors,encoding_table)[0]
           ^^^^^^^^^^^^^^^^^^^^^^^^^^^^^^^^^^^^^^^^^^^^^^^^^^^^^^^
UnicodeEncodeError: 'charmap' codec can't encode character '\u2714' in position 0: character maps to <undefined>

[2026-03-18 00:28:23] [TID:26240] ERROR SD - Cegeka Cloud - Monitoring Services [PRD0.L.178][PV0.8][DV1.0].docx: [extract_html] FAILED with exit code 1
[2026-03-18 00:39:22] [TID:1172] START SD - Cegeka Cloud - Monitoring Services [PRD0.L.178][PV0.8][DV1.0].docx
[2026-03-18 00:39:22] [TID:1172] [DEBUG] Running step: extract_html
[2026-03-18 00:39:22] [TID:1172] [DEBUG] Command: ['C:\\Users\\koengo\\AppData\\Local\\Programs\\Python\\Python312\\python.exe', 'C:\\Users\\koengo\\OneDrive - Cegeka\\Documents\\Reusable Assets\\Products\\scripts\\extract_html.py', 'C:\\Users\\koengo\\Cegeka\\Product Management - Product Management Library\\Business Line - Cloud and Digital Platforms\\[0.L] Outsourcing Services\\SD - Cegeka Cloud - Monitoring Services [PRD0.L.178][PV0.8][DV1.0].docx']
[2026-03-18 00:39:23] [TID:1172] [DEBUG][stderr] Traceback (most recent call last):
  File "C:\Users\koengo\OneDrive - Cegeka\Documents\Reusable Assets\Products\scripts\extract_html.py", line 17, in <module>
    print(f"\u2714 HTML saved \u2192 {out_file}")
  File "C:\Users\koengo\AppData\Local\Programs\Python\Python312\Lib\encodings\cp1252.py", line 19, in encode
    return codecs.charmap_encode(input,self.errors,encoding_table)[0]
           ^^^^^^^^^^^^^^^^^^^^^^^^^^^^^^^^^^^^^^^^^^^^^^^^^^^^^^^
UnicodeEncodeError: 'charmap' codec can't encode character '\u2714' in position 0: character maps to <undefined>

[2026-03-18 00:39:23] [TID:1172] ERROR SD - Cegeka Cloud - Monitoring Services [PRD0.L.178][PV0.8][DV1.0].docx: [extract_html] FAILED with exit code 1
[2026-03-18 00:51:42] [TID:18100] START SD - Cegeka Cloud - Monitoring Services [PRD0.L.178][PV0.8][DV1.0].docx
[2026-03-18 00:51:42] [TID:18100] [DEBUG] Running step: extract_html
[2026-03-18 00:51:42] [TID:18100] [DEBUG] Command: ['C:\\Users\\koengo\\AppData\\Local\\Programs\\Python\\Python312\\python.exe', 'C:\\Users\\koengo\\OneDrive - Cegeka\\Documents\\Reusable Assets\\Products\\scripts\\extract_html.py', 'C:\\Users\\koengo\\Cegeka\\Product Management - Product Management Library\\Business Line - Cloud and Digital Platforms\\[0.L] Outsourcing Services\\SD - Cegeka Cloud - Monitoring Services [PRD0.L.178][PV0.8][DV1.0].docx']
[2026-03-18 00:51:42] [TID:18100] [DEBUG][stdout] ✔ HTML saved for SD - Cegeka Cloud - Monitoring Services [PRD0.L.178][PV0.8][DV1.0].docx

[2026-03-18 00:51:42] [TID:18100] [DEBUG] Step 'extract_html' OK
[2026-03-18 00:51:42] [TID:18100] [DEBUG] Running step: parse_html
[2026-03-18 00:51:42] [TID:18100] [DEBUG] Command: ['C:\\Users\\koengo\\AppData\\Local\\Programs\\Python\\Python312\\python.exe', 'C:\\Users\\koengo\\OneDrive - Cegeka\\Documents\\Reusable Assets\\Products\\scripts\\parse_html_sections.py', 'extracted_html\\SD - Cegeka Cloud - Monitoring Services [PRD0.L.178][PV0.8][DV1.0].html']
[2026-03-18 00:51:43] [TID:18100] [DEBUG][stdout] ✔ Robust parsed → output\json\SD - Cegeka Cloud - Monitoring Services [PRD0.L.178][PV0.8][DV1.0].json

[2026-03-18 00:51:43] [TID:18100] [DEBUG] Step 'parse_html' OK
[2026-03-18 00:51:43] [TID:18100] [DEBUG] Running step: auto_map
[2026-03-18 00:51:43] [TID:18100] [DEBUG] Command: ['C:\\Users\\koengo\\AppData\\Local\\Programs\\Python\\Python312\\python.exe', 'C:\\Users\\koengo\\OneDrive - Cegeka\\Documents\\Reusable Assets\\Products\\scripts\\auto_map_sections.py', 'output\\json\\SD - Cegeka Cloud - Monitoring Services [PRD0.L.178][PV0.8][DV1.0].json']
[2026-03-18 00:51:43] [TID:18100] [DEBUG][stderr]   File "C:\Users\koengo\OneDrive - Cegeka\Documents\Reusable Assets\Products\scripts\auto_map_sections.py", line 26
    ``
    ^
SyntaxError: invalid syntax

[2026-03-18 00:51:43] [TID:18100] ERROR SD - Cegeka Cloud - Monitoring Services [PRD0.L.178][PV0.8][DV1.0].docx: [auto_map] FAILED with exit code 1
[2026-03-18 01:00:59] [TID:14528] START SD - Cegeka Cloud - Monitoring Services [PRD0.L.178][PV0.8][DV1.0].docx
[2026-03-18 01:00:59] [TID:14528] [DEBUG] Running step: extract_html
[2026-03-18 01:00:59] [TID:14528] [DEBUG] Command: ['C:\\Users\\koengo\\AppData\\Local\\Programs\\Python\\Python312\\python.exe', 'C:\\Users\\koengo\\OneDrive - Cegeka\\Documents\\Reusable Assets\\Products\\scripts\\extract_html.py', 'C:\\Users\\koengo\\Cegeka\\Product Management - Product Management Library\\Business Line - Cloud and Digital Platforms\\[0.L] Outsourcing Services\\SD - Cegeka Cloud - Monitoring Services [PRD0.L.178][PV0.8][DV1.0].docx']
[2026-03-18 01:01:00] [TID:14528] [DEBUG][stdout] ✔ HTML saved for SD - Cegeka Cloud - Monitoring Services [PRD0.L.178][PV0.8][DV1.0].docx

[2026-03-18 01:01:00] [TID:14528] [DEBUG] Step 'extract_html' OK
[2026-03-18 01:01:00] [TID:14528] [DEBUG] Running step: parse_html
[2026-03-18 01:01:00] [TID:14528] [DEBUG] Command: ['C:\\Users\\koengo\\AppData\\Local\\Programs\\Python\\Python312\\python.exe', 'C:\\Users\\koengo\\OneDrive - Cegeka\\Documents\\Reusable Assets\\Products\\scripts\\parse_html_sections.py', 'extracted_html\\SD - Cegeka Cloud - Monitoring Services [PRD0.L.178][PV0.8][DV1.0].html']
[2026-03-18 01:01:00] [TID:14528] [DEBUG][stdout] ✔ Robust parsed → output\json\SD - Cegeka Cloud - Monitoring Services [PRD0.L.178][PV0.8][DV1.0].json

[2026-03-18 01:01:00] [TID:14528] [DEBUG] Step 'parse_html' OK
[2026-03-18 01:01:00] [TID:14528] [DEBUG] Running step: auto_map
[2026-03-18 01:01:00] [TID:14528] [DEBUG] Command: ['C:\\Users\\koengo\\AppData\\Local\\Programs\\Python\\Python312\\python.exe', 'C:\\Users\\koengo\\OneDrive - Cegeka\\Documents\\Reusable Assets\\Products\\scripts\\auto_map_sections.py', 'output\\json\\SD - Cegeka Cloud - Monitoring Services [PRD0.L.178][PV0.8][DV1.0].json']
[2026-03-18 01:01:00] [TID:14528] [DEBUG][stderr]   File "C:\Users\koengo\OneDrive - Cegeka\Documents\Reusable Assets\Products\scripts\auto_map_sections.py", line 26
    ``
    ^
SyntaxError: invalid syntax

[2026-03-18 01:01:00] [TID:14528] ERROR SD - Cegeka Cloud - Monitoring Services [PRD0.L.178][PV0.8][DV1.0].docx: [auto_map] FAILED with exit code 1
[2026-03-18 01:16:34] [TID:18856] START SD - Cegeka Cloud - Monitoring Services [PRD0.L.178][PV0.8][DV1.0].docx
[2026-03-18 01:16:34] [TID:18856] [DEBUG] Running step: extract_html
[2026-03-18 01:16:34] [TID:18856] [DEBUG] Command: ['C:\\Users\\koengo\\AppData\\Local\\Programs\\Python\\Python312\\python.exe', 'C:\\Users\\koengo\\OneDrive - Cegeka\\Documents\\Reusable Assets\\Products\\scripts\\extract_html.py', 'C:\\Users\\koengo\\Cegeka\\Product Management - Product Management Library\\Business Line - Cloud and Digital Platforms\\[0.L] Outsourcing Services\\SD - Cegeka Cloud - Monitoring Services [PRD0.L.178][PV0.8][DV1.0].docx']
[2026-03-18 01:16:35] [TID:18856] [DEBUG][stdout] ✔ HTML saved for SD - Cegeka Cloud - Monitoring Services [PRD0.L.178][PV0.8][DV1.0].docx

[2026-03-18 01:16:35] [TID:18856] [DEBUG] Step 'extract_html' OK
[2026-03-18 01:16:35] [TID:18856] [DEBUG] Running step: parse_html
[2026-03-18 01:16:35] [TID:18856] [DEBUG] Command: ['C:\\Users\\koengo\\AppData\\Local\\Programs\\Python\\Python312\\python.exe', 'C:\\Users\\koengo\\OneDrive - Cegeka\\Documents\\Reusable Assets\\Products\\scripts\\parse_html_sections.py', 'extracted_html\\SD - Cegeka Cloud - Monitoring Services [PRD0.L.178][PV0.8][DV1.0].html']
[2026-03-18 01:16:36] [TID:18856] [DEBUG][stdout] ✔ Robust parsed → output\json\SD - Cegeka Cloud - Monitoring Services [PRD0.L.178][PV0.8][DV1.0].json

[2026-03-18 01:16:36] [TID:18856] [DEBUG] Step 'parse_html' OK
[2026-03-18 01:16:36] [TID:18856] [DEBUG] Running step: auto_map
[2026-03-18 01:16:36] [TID:18856] [DEBUG] Command: ['C:\\Users\\koengo\\AppData\\Local\\Programs\\Python\\Python312\\python.exe', 'C:\\Users\\koengo\\OneDrive - Cegeka\\Documents\\Reusable Assets\\Products\\scripts\\auto_map_sections.py', 'output\\json\\SD - Cegeka Cloud - Monitoring Services [PRD0.L.178][PV0.8][DV1.0].json']
[2026-03-18 01:16:36] [TID:18856] [DEBUG][stderr]   File "C:\Users\koengo\OneDrive - Cegeka\Documents\Reusable Assets\Products\scripts\auto_map_sections.py", line 26
    ``
    ^
SyntaxError: invalid syntax

[2026-03-18 01:16:36] [TID:18856] ERROR SD - Cegeka Cloud - Monitoring Services [PRD0.L.178][PV0.8][DV1.0].docx: [auto_map] FAILED with exit code 1
[2026-03-18 01:30:47] [TID:2584] START SD - Cegeka Cloud - Monitoring Services [PRD0.L.178][PV0.8][DV1.0].docx
[2026-03-18 01:30:47] [TID:2584] [DEBUG] Running step: extract_html
[2026-03-18 01:30:47] [TID:2584] [DEBUG] Command: ['C:\\Users\\koengo\\AppData\\Local\\Programs\\Python\\Python312\\python.exe', 'C:\\Users\\koengo\\OneDrive - Cegeka\\Documents\\Reusable Assets\\Products\\scripts\\extract_html.py', 'C:\\Users\\koengo\\Cegeka\\Product Management - Product Management Library\\Business Line - Cloud and Digital Platforms\\[0.L] Outsourcing Services\\SD - Cegeka Cloud - Monitoring Services [PRD0.L.178][PV0.8][DV1.0].docx']
[2026-03-18 01:30:47] [TID:2584] [DEBUG][stderr]   File "C:\Users\koengo\OneDrive - Cegeka\Documents\Reusable Assets\Products\scripts\extract_html.py", line 31
    ``
    ^
SyntaxError: invalid syntax

[2026-03-18 01:30:47] [TID:2584] ERROR SD - Cegeka Cloud - Monitoring Services [PRD0.L.178][PV0.8][DV1.0].docx: [extract_html] FAILED with exit code 1
[2026-03-18 01:32:54] [TID:19504] START SD - Cegeka Cloud - Monitoring Services [PRD0.L.178][PV0.8][DV1.0].docx
[2026-03-18 01:32:54] [TID:19504] [DEBUG] Running step: extract_html
[2026-03-18 01:32:54] [TID:19504] [DEBUG] Command: ['C:\\Users\\koengo\\AppData\\Local\\Programs\\Python\\Python312\\python.exe', 'C:\\Users\\koengo\\OneDrive - Cegeka\\Documents\\Reusable Assets\\Products\\scripts\\extract_html.py', 'C:\\Users\\koengo\\Cegeka\\Product Management - Product Management Library\\Business Line - Cloud and Digital Platforms\\[0.L] Outsourcing Services\\SD - Cegeka Cloud - Monitoring Services [PRD0.L.178][PV0.8][DV1.0].docx']
[2026-03-18 01:32:54] [TID:19504] [DEBUG][stdout] HTML saved: SD - Cegeka Cloud - Monitoring Services [PRD0.L.178][PV0.8][DV1.0].html

[2026-03-18 01:32:54] [TID:19504] [DEBUG] Step 'extract_html' OK
[2026-03-18 01:32:54] [TID:19504] [DEBUG] Running step: parse_html
[2026-03-18 01:32:54] [TID:19504] [DEBUG] Command: ['C:\\Users\\koengo\\AppData\\Local\\Programs\\Python\\Python312\\python.exe', 'C:\\Users\\koengo\\OneDrive - Cegeka\\Documents\\Reusable Assets\\Products\\scripts\\parse_html_sections.py', 'extracted_html\\SD - Cegeka Cloud - Monitoring Services [PRD0.L.178][PV0.8][DV1.0].html']
[2026-03-18 01:32:55] [TID:19504] [DEBUG][stdout] ✔ Robust parsed → output\json\SD - Cegeka Cloud - Monitoring Services [PRD0.L.178][PV0.8][DV1.0].json

[2026-03-18 01:32:55] [TID:19504] [DEBUG] Step 'parse_html' OK
[2026-03-18 01:32:55] [TID:19504] [DEBUG] Running step: auto_map
[2026-03-18 01:32:55] [TID:19504] [DEBUG] Command: ['C:\\Users\\koengo\\AppData\\Local\\Programs\\Python\\Python312\\python.exe', 'C:\\Users\\koengo\\OneDrive - Cegeka\\Documents\\Reusable Assets\\Products\\scripts\\auto_map_sections.py', 'output\\json\\SD - Cegeka Cloud - Monitoring Services [PRD0.L.178][PV0.8][DV1.0].json']
[2026-03-18 01:32:55] [TID:19504] [DEBUG][stderr]   File "C:\Users\koengo\OneDrive - Cegeka\Documents\Reusable Assets\Products\scripts\auto_map_sections.py", line 26
    ``
    ^
SyntaxError: invalid syntax

[2026-03-18 01:32:55] [TID:19504] ERROR SD - Cegeka Cloud - Monitoring Services [PRD0.L.178][PV0.8][DV1.0].docx: [auto_map] FAILED with exit code 1
[2026-03-18 01:40:05] [TID:27512] START SD - Cegeka Cloud - Monitoring Services [PRD0.L.178][PV0.8][DV1.0].docx
[2026-03-18 01:40:05] [TID:27512] [DEBUG] Running step: extract_html
[2026-03-18 01:40:05] [TID:27512] [DEBUG] Command: ['C:\\Users\\koengo\\AppData\\Local\\Programs\\Python\\Python312\\python.exe', 'C:\\Users\\koengo\\OneDrive - Cegeka\\Documents\\Reusable Assets\\Products\\scripts\\extract_html.py', 'C:\\Users\\koengo\\Cegeka\\Product Management - Product Management Library\\Business Line - Cloud and Digital Platforms\\[0.L] Outsourcing Services\\SD - Cegeka Cloud - Monitoring Services [PRD0.L.178][PV0.8][DV1.0].docx']
[2026-03-18 01:40:05] [TID:27512] [DEBUG][stdout] HTML saved: SD - Cegeka Cloud - Monitoring Services [PRD0.L.178][PV0.8][DV1.0].html

[2026-03-18 01:40:05] [TID:27512] [DEBUG] Step 'extract_html' OK
[2026-03-18 01:40:05] [TID:27512] [DEBUG] Running step: parse_html
[2026-03-18 01:40:05] [TID:27512] [DEBUG] Command: ['C:\\Users\\koengo\\AppData\\Local\\Programs\\Python\\Python312\\python.exe', 'C:\\Users\\koengo\\OneDrive - Cegeka\\Documents\\Reusable Assets\\Products\\scripts\\parse_html_sections.py', 'extracted_html\\SD - Cegeka Cloud - Monitoring Services [PRD0.L.178][PV0.8][DV1.0].html']
[2026-03-18 01:40:06] [TID:27512] [DEBUG][stdout] ✔ Robust parsed → output\json\SD - Cegeka Cloud - Monitoring Services [PRD0.L.178][PV0.8][DV1.0].json

[2026-03-18 01:40:06] [TID:27512] [DEBUG] Step 'parse_html' OK
[2026-03-18 01:40:06] [TID:27512] [DEBUG] Running step: auto_map
[2026-03-18 01:40:06] [TID:27512] [DEBUG] Command: ['C:\\Users\\koengo\\AppData\\Local\\Programs\\Python\\Python312\\python.exe', 'C:\\Users\\koengo\\OneDrive - Cegeka\\Documents\\Reusable Assets\\Products\\scripts\\auto_map_sections.py', 'output\\json\\SD - Cegeka Cloud - Monitoring Services [PRD0.L.178][PV0.8][DV1.0].json']
[2026-03-18 01:40:06] [TID:27512] [DEBUG][stderr]   File "C:\Users\koengo\OneDrive - Cegeka\Documents\Reusable Assets\Products\scripts\auto_map_sections.py", line 26
    ``
    ^
SyntaxError: invalid syntax

[2026-03-18 01:40:06] [TID:27512] ERROR SD - Cegeka Cloud - Monitoring Services [PRD0.L.178][PV0.8][DV1.0].docx: [auto_map] FAILED with exit code 1
