[2026-03-18 14:42:23] START xml_to_docx_v3_fixed for: C:\Users\koengo\OneDrive - Cegeka\Documents\Reusable Assets\Products\output\xml\SD - Cegeka Cloud Compute IaaS Services [PRD.0.L.108][PV0.8][DV1.1]_mapped.xml
[2026-03-18 14:42:23] Filled SDT 'PRODUCT_SUMMARY' with XML section 'Service identification'
[2026-03-18 14:42:23] Filled SDT 'SCOPE' with XML section 'Out of scope'
[2026-03-18 14:42:23] Filled SDT 'PRODUCT_SUMMARY' with XML section 'Service delivery location'
[2026-03-18 14:42:23] Filled SDT 'PRODUCT_SUMMARY' with XML section 'Service Reporting'
[2026-03-18 14:42:23] Filled SDT 'PRODUCT_SUMMARY' with XML section 'Service Window'
[2026-03-18 14:42:23] Filled SDT 'SLA_KPI' with XML section 'Service Level'
[2026-03-18 14:42:23] TOTAL SDT FIELDS FILLED: 6
[2026-03-18 14:42:23] XML→DOCX OK → output\docx\SD - Cegeka Cloud Compute IaaS Services [PRD.0.L.108][PV0.8][DV1.1]_mapped_FINAL.docx
[2026-03-18 14:43:41] START xml_to_docx_v3_fixed for: C:\Users\koengo\OneDrive - Cegeka\Documents\Reusable Assets\Products\output\xml\SD - Cegeka Cloud Compute IaaS Services [PRD.0.L.108][PV0.8][DV1.1]_mapped.xml
[2026-03-18 14:43:41] Filled SDT 'PRODUCT_SUMMARY' with XML section 'Service identification'
[2026-03-18 14:43:41] Filled SDT 'SCOPE' with XML section 'Out of scope'
[2026-03-18 14:43:41] Filled SDT 'PRODUCT_SUMMARY' with XML section 'Service delivery location'
[2026-03-18 14:43:41] Filled SDT 'PRODUCT_SUMMARY' with XML section 'Service Reporting'
[2026-03-18 14:43:41] Filled SDT 'PRODUCT_SUMMARY' with XML section 'Service Window'
[2026-03-18 14:43:41] Filled SDT 'SLA_KPI' with XML section 'Service Level'
[2026-03-18 14:43:42] TOTAL SDT FIELDS FILLED: 6
[2026-03-18 14:43:42] XML→DOCX OK → output\docx\SD - Cegeka Cloud Compute IaaS Services [PRD.0.L.108][PV0.8][DV1.1]_mapped_FINAL.docx
[2026-03-18 14:48:07] START xml_to_docx_v3_fixed for: C:\Users\koengo\OneDrive - Cegeka\Documents\Reusable Assets\Products\output\xml\SD - Cegeka Cloud Compute IaaS Services [PRD.0.L.108][PV0.8][DV1.1]_mapped.xml
[2026-03-18 14:48:08] Filled SDT 'PRODUCT_SUMMARY' with XML section 'Service identification'
[2026-03-18 14:48:08] Filled SDT 'SCOPE' with XML section 'Out of scope'
[2026-03-18 14:48:08] Filled SDT 'PRODUCT_SUMMARY' with XML section 'Service delivery location'
[2026-03-18 14:48:08] Filled SDT 'PRODUCT_SUMMARY' with XML section 'Service Reporting'
[2026-03-18 14:48:08] Filled SDT 'PRODUCT_SUMMARY' with XML section 'Service Window'
[2026-03-18 14:48:08] Filled SDT 'SLA_KPI' with XML section 'Service Level'
[2026-03-18 14:48:08] TOTAL SDT FIELDS FILLED: 6
[2026-03-18 14:48:08] XML→DOCX OK → output\docx\SD - Cegeka Cloud Compute IaaS Services [PRD.0.L.108][PV0.8][DV1.1]_mapped_FINAL.docx
[2026-03-18 14:59:50] START xml_to_docx_v3_fixed for: C:\Users\koengo\OneDrive - Cegeka\Documents\Reusable Assets\Products\output\xml\SD - Cegeka Cloud Compute IaaS Services [PRD.0.L.108][PV0.8][DV1.1]_mapped.xml
[2026-03-18 14:59:50] Filled SDT 'PRODUCT_SUMMARY' with XML section 'Service identification'
[2026-03-18 14:59:50] Filled SDT 'SCOPE' with XML section 'Out of scope'
[2026-03-18 14:59:50] Filled SDT 'PRODUCT_SUMMARY' with XML section 'Service delivery location'
[2026-03-18 14:59:50] Filled SDT 'PRODUCT_SUMMARY' with XML section 'Service Reporting'
[2026-03-18 14:59:50] Filled SDT 'PRODUCT_SUMMARY' with XML section 'Service Window'
[2026-03-18 14:59:50] Filled SDT 'SLA_KPI' with XML section 'Service Level'
[2026-03-18 14:59:50] TOTAL SDT FIELDS FILLED: 6
[2026-03-18 14:59:50] XML→DOCX OK → output\docx\SD - Cegeka Cloud Compute IaaS Services [PRD.0.L.108][PV0.8][DV1.1]_mapped_FINAL.docx
[2026-03-18 15:01:58] START xml_to_docx_v3_fixed for: C:\Users\koengo\OneDrive - Cegeka\Documents\Reusable Assets\Products\output\xml\SD - Cegeka Cloud Compute IaaS Services [PRD.0.L.108][PV0.8][DV1.1]_mapped.xml
[2026-03-18 15:01:58] Filled SDT 'PRODUCT_SUMMARY' with XML section 'Service identification'
[2026-03-18 15:01:58] Filled SDT 'SCOPE' with XML section 'Out of scope'
[2026-03-18 15:01:58] Filled SDT 'PRODUCT_SUMMARY' with XML section 'Service delivery location'
[2026-03-18 15:01:58] Filled SDT 'PRODUCT_SUMMARY' with XML section 'Service Reporting'
[2026-03-18 15:01:58] Filled SDT 'PRODUCT_SUMMARY' with XML section 'Service Window'
[2026-03-18 15:01:58] Filled SDT 'SLA_KPI' with XML section 'Service Level'
[2026-03-18 15:01:58] TOTAL SDT FIELDS FILLED: 6
[2026-03-18 15:01:58] XML→DOCX OK → output\docx\SD - Cegeka Cloud Compute IaaS Services [PRD.0.L.108][PV0.8][DV1.1]_mapped_FINAL.docx
