[2026-03-18 14:27:49] START extract_html for: C:\Users\koengo\Cegeka\Product Management - Product Management Library\Business Line - Cloud and Digital Platforms\[0.L] Outsourcing Services\SD - Takensysteem Application Management [PRD.0.L.188][PV0.7][DV1.0].docx
[2026-03-18 14:27:50] HTML saved: extracted_html\SD - Takensysteem Application Management [PRD.0.L.188][PV0.7][DV1.0].html
[2026-03-18 14:27:50] extract_html OK
[2026-03-18 14:27:50] START parse_html for: extracted_html\SD - Takensysteem Application Management [PRD.0.L.188][PV0.7][DV1.0].html
[2026-03-18 14:27:50] PARSE OK → output\json\SD - Takensysteem Application Management [PRD.0.L.188][PV0.7][DV1.0].json
[2026-03-18 14:42:58] START PIPELINE for C:\Users\koengo\Cegeka\Product Management - Product Management Library\Business Line - Cloud and Digital Platforms\[0.L] Outsourcing Services\SD - Takensysteem Application Management [PRD.0.L.188][PV0.7][DV1.0].docx
[2026-03-18 14:42:58] RUN extract_html.py -> C:\Users\koengo\Cegeka\Product Management - Product Management Library\Business Line - Cloud and Digital Platforms\[0.L] Outsourcing Services\SD - Takensysteem Application Management [PRD.0.L.188][PV0.7][DV1.0].docx
[2026-03-18 14:42:59] START extract_html for: C:\Users\koengo\Cegeka\Product Management - Product Management Library\Business Line - Cloud and Digital Platforms\[0.L] Outsourcing Services\SD - Takensysteem Application Management [PRD.0.L.188][PV0.7][DV1.0].docx
[2026-03-18 14:42:59] HTML saved: extracted_html\SD - Takensysteem Application Management [PRD.0.L.188][PV0.7][DV1.0].html
[2026-03-18 14:42:59] extract_html OK
[2026-03-18 14:42:59] RUN parse_html_sections.py -> C:\Users\koengo\OneDrive - Cegeka\Documents\Reusable Assets\Products\extracted_html\SD - Takensysteem Application Management [PRD.0.L.188][PV0.7][DV1.0].html
[2026-03-18 14:43:00] START parse_html for: C:\Users\koengo\OneDrive - Cegeka\Documents\Reusable Assets\Products\extracted_html\SD - Takensysteem Application Management [PRD.0.L.188][PV0.7][DV1.0].html
[2026-03-18 14:43:00] PARSE OK → output\json\SD - Takensysteem Application Management [PRD.0.L.188][PV0.7][DV1.0].json
[2026-03-18 14:43:00] RUN auto_map_sections.py -> C:\Users\koengo\OneDrive - Cegeka\Documents\Reusable Assets\Products\output\json\SD - Takensysteem Application Management [PRD.0.L.188][PV0.7][DV1.0].json
[2026-03-18 14:43:00] START auto_map for: C:\Users\koengo\OneDrive - Cegeka\Documents\Reusable Assets\Products\output\json\SD - Takensysteem Application Management [PRD.0.L.188][PV0.7][DV1.0].json
[2026-03-18 14:43:00] auto_map OK → output\mapped\SD - Takensysteem Application Management [PRD.0.L.188][PV0.7][DV1.0]_mapped.json
[2026-03-18 14:43:00] JSON->XML OK -> C:\Users\koengo\OneDrive - Cegeka\Documents\Reusable Assets\Products\output\xml\SD - Takensysteem Application Management [PRD.0.L.188][PV0.7][DV1.0]_mapped.xml
[2026-03-18 14:43:00] RUN xml_to_docx.py -> C:\Users\koengo\OneDrive - Cegeka\Documents\Reusable Assets\Products\output\xml\SD - Takensysteem Application Management [PRD.0.L.188][PV0.7][DV1.0]_mapped.xml
[2026-03-18 14:43:01] PIPELINE OK
[2026-03-18 14:48:35] START PIPELINE for C:\Users\koengo\Cegeka\Product Management - Product Management Library\Business Line - Cloud and Digital Platforms\[0.L] Outsourcing Services\SD - Takensysteem Application Management [PRD.0.L.188][PV0.7][DV1.0].docx
[2026-03-18 14:48:35] RUN extract_html.py -> C:\Users\koengo\Cegeka\Product Management - Product Management Library\Business Line - Cloud and Digital Platforms\[0.L] Outsourcing Services\SD - Takensysteem Application Management [PRD.0.L.188][PV0.7][DV1.0].docx
[2026-03-18 14:48:36] START extract_html for: C:\Users\koengo\Cegeka\Product Management - Product Management Library\Business Line - Cloud and Digital Platforms\[0.L] Outsourcing Services\SD - Takensysteem Application Management [PRD.0.L.188][PV0.7][DV1.0].docx
[2026-03-18 14:48:36] HTML saved: extracted_html\SD - Takensysteem Application Management [PRD.0.L.188][PV0.7][DV1.0].html
[2026-03-18 14:48:36] extract_html OK
[2026-03-18 14:48:36] RUN parse_html_sections.py -> C:\Users\koengo\OneDrive - Cegeka\Documents\Reusable Assets\Products\extracted_html\SD - Takensysteem Application Management [PRD.0.L.188][PV0.7][DV1.0].html
[2026-03-18 14:48:36] START parse_html for: C:\Users\koengo\OneDrive - Cegeka\Documents\Reusable Assets\Products\extracted_html\SD - Takensysteem Application Management [PRD.0.L.188][PV0.7][DV1.0].html
[2026-03-18 14:48:36] PARSE OK → output\json\SD - Takensysteem Application Management [PRD.0.L.188][PV0.7][DV1.0].json
[2026-03-18 14:48:36] RUN auto_map_sections.py -> C:\Users\koengo\OneDrive - Cegeka\Documents\Reusable Assets\Products\output\json\SD - Takensysteem Application Management [PRD.0.L.188][PV0.7][DV1.0].json
[2026-03-18 14:48:37] START auto_map for: C:\Users\koengo\OneDrive - Cegeka\Documents\Reusable Assets\Products\output\json\SD - Takensysteem Application Management [PRD.0.L.188][PV0.7][DV1.0].json
[2026-03-18 14:48:37] auto_map OK → output\mapped\SD - Takensysteem Application Management [PRD.0.L.188][PV0.7][DV1.0]_mapped.json
[2026-03-18 14:48:37] JSON->XML OK -> C:\Users\koengo\OneDrive - Cegeka\Documents\Reusable Assets\Products\output\xml\SD - Takensysteem Application Management [PRD.0.L.188][PV0.7][DV1.0]_mapped.xml
[2026-03-18 14:48:37] RUN xml_to_docx.py -> C:\Users\koengo\OneDrive - Cegeka\Documents\Reusable Assets\Products\output\xml\SD - Takensysteem Application Management [PRD.0.L.188][PV0.7][DV1.0]_mapped.xml
[2026-03-18 14:48:37] PIPELINE OK
[2026-03-18 15:02:24] START PIPELINE for C:\Users\koengo\Cegeka\Product Management - Product Management Library\Business Line - Cloud and Digital Platforms\[0.L] Outsourcing Services\SD - Takensysteem Application Management [PRD.0.L.188][PV0.7][DV1.0].docx
[2026-03-18 15:02:24] RUN extract_html.py -> C:\Users\koengo\Cegeka\Product Management - Product Management Library\Business Line - Cloud and Digital Platforms\[0.L] Outsourcing Services\SD - Takensysteem Application Management [PRD.0.L.188][PV0.7][DV1.0].docx
[2026-03-18 15:02:24] START extract_html for: C:\Users\koengo\Cegeka\Product Management - Product Management Library\Business Line - Cloud and Digital Platforms\[0.L] Outsourcing Services\SD - Takensysteem Application Management [PRD.0.L.188][PV0.7][DV1.0].docx
[2026-03-18 15:02:25] HTML saved: extracted_html\SD - Takensysteem Application Management [PRD.0.L.188][PV0.7][DV1.0].html
[2026-03-18 15:02:25] extract_html OK
[2026-03-18 15:02:25] RUN parse_html_sections.py -> C:\Users\koengo\OneDrive - Cegeka\Documents\Reusable Assets\Products\extracted_html\SD - Takensysteem Application Management [PRD.0.L.188][PV0.7][DV1.0].html
[2026-03-18 15:02:25] START parse_html for: C:\Users\koengo\OneDrive - Cegeka\Documents\Reusable Assets\Products\extracted_html\SD - Takensysteem Application Management [PRD.0.L.188][PV0.7][DV1.0].html
[2026-03-18 15:02:25] PARSE OK → output\json\SD - Takensysteem Application Management [PRD.0.L.188][PV0.7][DV1.0].json
[2026-03-18 15:02:25] RUN auto_map_sections.py -> C:\Users\koengo\OneDrive - Cegeka\Documents\Reusable Assets\Products\output\json\SD - Takensysteem Application Management [PRD.0.L.188][PV0.7][DV1.0].json
[2026-03-18 15:02:25] START auto_map for: C:\Users\koengo\OneDrive - Cegeka\Documents\Reusable Assets\Products\output\json\SD - Takensysteem Application Management [PRD.0.L.188][PV0.7][DV1.0].json
[2026-03-18 15:02:25] auto_map OK → output\mapped\SD - Takensysteem Application Management [PRD.0.L.188][PV0.7][DV1.0]_mapped.json
[2026-03-18 15:02:25] JSON->XML OK -> C:\Users\koengo\OneDrive - Cegeka\Documents\Reusable Assets\Products\output\xml\SD - Takensysteem Application Management [PRD.0.L.188][PV0.7][DV1.0]_mapped.xml
[2026-03-18 15:02:25] RUN xml_to_docx.py -> C:\Users\koengo\OneDrive - Cegeka\Documents\Reusable Assets\Products\output\xml\SD - Takensysteem Application Management [PRD.0.L.188][PV0.7][DV1.0]_mapped.xml
[2026-03-18 15:02:26] PIPELINE OK
