[2026-03-18 14:27:57] START extract_html for: C:\Users\koengo\Cegeka\Product Management - Product Management Library\Business Line - Digital Employee eXperience\[7.1] Cegeka Digital Workplace Solutions\[PRD.7.4.007] Secure Workplace Access\SD - Secure Workplace Access [PRD.7.4.007][PV1.0][DV1.1].docx
[2026-03-18 14:27:58] HTML saved: extracted_html\SD - Secure Workplace Access [PRD.7.4.007][PV1.0][DV1.1].html
[2026-03-18 14:27:58] extract_html OK
[2026-03-18 14:27:58] START parse_html for: extracted_html\SD - Secure Workplace Access [PRD.7.4.007][PV1.0][DV1.1].html
[2026-03-18 14:27:59] PARSE OK → output\json\SD - Secure Workplace Access [PRD.7.4.007][PV1.0][DV1.1].json
[2026-03-18 14:43:18] START PIPELINE for C:\Users\koengo\Cegeka\Product Management - Product Management Library\Business Line - Digital Employee eXperience\[7.1] Cegeka Digital Workplace Solutions\[PRD.7.4.007] Secure Workplace Access\SD - Secure Workplace Access [PRD.7.4.007][PV1.0][DV1.1].docx
[2026-03-18 14:43:18] RUN extract_html.py -> C:\Users\koengo\Cegeka\Product Management - Product Management Library\Business Line - Digital Employee eXperience\[7.1] Cegeka Digital Workplace Solutions\[PRD.7.4.007] Secure Workplace Access\SD - Secure Workplace Access [PRD.7.4.007][PV1.0][DV1.1].docx
[2026-03-18 14:43:18] START extract_html for: C:\Users\koengo\Cegeka\Product Management - Product Management Library\Business Line - Digital Employee eXperience\[7.1] Cegeka Digital Workplace Solutions\[PRD.7.4.007] Secure Workplace Access\SD - Secure Workplace Access [PRD.7.4.007][PV1.0][DV1.1].docx
[2026-03-18 14:43:19] HTML saved: extracted_html\SD - Secure Workplace Access [PRD.7.4.007][PV1.0][DV1.1].html
[2026-03-18 14:43:19] extract_html OK
[2026-03-18 14:43:19] RUN parse_html_sections.py -> C:\Users\koengo\OneDrive - Cegeka\Documents\Reusable Assets\Products\extracted_html\SD - Secure Workplace Access [PRD.7.4.007][PV1.0][DV1.1].html
[2026-03-18 14:43:19] START parse_html for: C:\Users\koengo\OneDrive - Cegeka\Documents\Reusable Assets\Products\extracted_html\SD - Secure Workplace Access [PRD.7.4.007][PV1.0][DV1.1].html
[2026-03-18 14:43:20] PARSE OK → output\json\SD - Secure Workplace Access [PRD.7.4.007][PV1.0][DV1.1].json
[2026-03-18 14:43:20] RUN auto_map_sections.py -> C:\Users\koengo\OneDrive - Cegeka\Documents\Reusable Assets\Products\output\json\SD - Secure Workplace Access [PRD.7.4.007][PV1.0][DV1.1].json
[2026-03-18 14:43:21] START auto_map for: C:\Users\koengo\OneDrive - Cegeka\Documents\Reusable Assets\Products\output\json\SD - Secure Workplace Access [PRD.7.4.007][PV1.0][DV1.1].json
[2026-03-18 14:43:21] auto_map OK → output\mapped\SD - Secure Workplace Access [PRD.7.4.007][PV1.0][DV1.1]_mapped.json
[2026-03-18 14:43:21] JSON->XML OK -> C:\Users\koengo\OneDrive - Cegeka\Documents\Reusable Assets\Products\output\xml\SD - Secure Workplace Access [PRD.7.4.007][PV1.0][DV1.1]_mapped.xml
[2026-03-18 14:43:21] RUN xml_to_docx.py -> C:\Users\koengo\OneDrive - Cegeka\Documents\Reusable Assets\Products\output\xml\SD - Secure Workplace Access [PRD.7.4.007][PV1.0][DV1.1]_mapped.xml
[2026-03-18 14:43:21] PIPELINE OK
[2026-03-18 14:48:49] START PIPELINE for C:\Users\koengo\Cegeka\Product Management - Product Management Library\Business Line - Digital Employee eXperience\[7.1] Cegeka Digital Workplace Solutions\[PRD.7.4.007] Secure Workplace Access\SD - Secure Workplace Access [PRD.7.4.007][PV1.0][DV1.1].docx
[2026-03-18 14:48:49] RUN extract_html.py -> C:\Users\koengo\Cegeka\Product Management - Product Management Library\Business Line - Digital Employee eXperience\[7.1] Cegeka Digital Workplace Solutions\[PRD.7.4.007] Secure Workplace Access\SD - Secure Workplace Access [PRD.7.4.007][PV1.0][DV1.1].docx
[2026-03-18 14:48:50] START extract_html for: C:\Users\koengo\Cegeka\Product Management - Product Management Library\Business Line - Digital Employee eXperience\[7.1] Cegeka Digital Workplace Solutions\[PRD.7.4.007] Secure Workplace Access\SD - Secure Workplace Access [PRD.7.4.007][PV1.0][DV1.1].docx
[2026-03-18 14:48:50] HTML saved: extracted_html\SD - Secure Workplace Access [PRD.7.4.007][PV1.0][DV1.1].html
[2026-03-18 14:48:50] extract_html OK
[2026-03-18 14:48:50] RUN parse_html_sections.py -> C:\Users\koengo\OneDrive - Cegeka\Documents\Reusable Assets\Products\extracted_html\SD - Secure Workplace Access [PRD.7.4.007][PV1.0][DV1.1].html
[2026-03-18 14:48:50] START parse_html for: C:\Users\koengo\OneDrive - Cegeka\Documents\Reusable Assets\Products\extracted_html\SD - Secure Workplace Access [PRD.7.4.007][PV1.0][DV1.1].html
[2026-03-18 14:48:51] PARSE OK → output\json\SD - Secure Workplace Access [PRD.7.4.007][PV1.0][DV1.1].json
[2026-03-18 14:48:51] RUN auto_map_sections.py -> C:\Users\koengo\OneDrive - Cegeka\Documents\Reusable Assets\Products\output\json\SD - Secure Workplace Access [PRD.7.4.007][PV1.0][DV1.1].json
[2026-03-18 14:48:51] START auto_map for: C:\Users\koengo\OneDrive - Cegeka\Documents\Reusable Assets\Products\output\json\SD - Secure Workplace Access [PRD.7.4.007][PV1.0][DV1.1].json
[2026-03-18 14:48:51] auto_map OK → output\mapped\SD - Secure Workplace Access [PRD.7.4.007][PV1.0][DV1.1]_mapped.json
[2026-03-18 14:48:51] JSON->XML OK -> C:\Users\koengo\OneDrive - Cegeka\Documents\Reusable Assets\Products\output\xml\SD - Secure Workplace Access [PRD.7.4.007][PV1.0][DV1.1]_mapped.xml
[2026-03-18 14:48:51] RUN xml_to_docx.py -> C:\Users\koengo\OneDrive - Cegeka\Documents\Reusable Assets\Products\output\xml\SD - Secure Workplace Access [PRD.7.4.007][PV1.0][DV1.1]_mapped.xml
[2026-03-18 14:48:52] PIPELINE OK
[2026-03-18 15:02:38] START PIPELINE for C:\Users\koengo\Cegeka\Product Management - Product Management Library\Business Line - Digital Employee eXperience\[7.1] Cegeka Digital Workplace Solutions\[PRD.7.4.007] Secure Workplace Access\SD - Secure Workplace Access [PRD.7.4.007][PV1.0][DV1.1].docx
[2026-03-18 15:02:38] RUN extract_html.py -> C:\Users\koengo\Cegeka\Product Management - Product Management Library\Business Line - Digital Employee eXperience\[7.1] Cegeka Digital Workplace Solutions\[PRD.7.4.007] Secure Workplace Access\SD - Secure Workplace Access [PRD.7.4.007][PV1.0][DV1.1].docx
[2026-03-18 15:02:38] START extract_html for: C:\Users\koengo\Cegeka\Product Management - Product Management Library\Business Line - Digital Employee eXperience\[7.1] Cegeka Digital Workplace Solutions\[PRD.7.4.007] Secure Workplace Access\SD - Secure Workplace Access [PRD.7.4.007][PV1.0][DV1.1].docx
[2026-03-18 15:02:38] HTML saved: extracted_html\SD - Secure Workplace Access [PRD.7.4.007][PV1.0][DV1.1].html
[2026-03-18 15:02:38] extract_html OK
[2026-03-18 15:02:38] RUN parse_html_sections.py -> C:\Users\koengo\OneDrive - Cegeka\Documents\Reusable Assets\Products\extracted_html\SD - Secure Workplace Access [PRD.7.4.007][PV1.0][DV1.1].html
[2026-03-18 15:02:38] START parse_html for: C:\Users\koengo\OneDrive - Cegeka\Documents\Reusable Assets\Products\extracted_html\SD - Secure Workplace Access [PRD.7.4.007][PV1.0][DV1.1].html
[2026-03-18 15:02:39] PARSE OK → output\json\SD - Secure Workplace Access [PRD.7.4.007][PV1.0][DV1.1].json
[2026-03-18 15:02:39] RUN auto_map_sections.py -> C:\Users\koengo\OneDrive - Cegeka\Documents\Reusable Assets\Products\output\json\SD - Secure Workplace Access [PRD.7.4.007][PV1.0][DV1.1].json
[2026-03-18 15:02:39] START auto_map for: C:\Users\koengo\OneDrive - Cegeka\Documents\Reusable Assets\Products\output\json\SD - Secure Workplace Access [PRD.7.4.007][PV1.0][DV1.1].json
[2026-03-18 15:02:39] auto_map OK → output\mapped\SD - Secure Workplace Access [PRD.7.4.007][PV1.0][DV1.1]_mapped.json
[2026-03-18 15:02:39] JSON->XML OK -> C:\Users\koengo\OneDrive - Cegeka\Documents\Reusable Assets\Products\output\xml\SD - Secure Workplace Access [PRD.7.4.007][PV1.0][DV1.1]_mapped.xml
[2026-03-18 15:02:39] RUN xml_to_docx.py -> C:\Users\koengo\OneDrive - Cegeka\Documents\Reusable Assets\Products\output\xml\SD - Secure Workplace Access [PRD.7.4.007][PV1.0][DV1.1]_mapped.xml
[2026-03-18 15:02:40] PIPELINE OK
