[2026-03-18 14:28:07] START extract_html for: C:\Users\koengo\Cegeka\Product Management - Product Management Library\Business Line - Security & Compliance\[4.1] Cybersecurity\[PRD.4.3.008] Cegeka Modern SOC\SD - Cegeka Modern SOC - Recorded Future - EU [PRD.4.3.008][PV2.0][DV1.0].docx
[2026-03-18 14:28:08] HTML saved: extracted_html\SD - Cegeka Modern SOC - Recorded Future - EU [PRD.4.3.008][PV2.0][DV1.0].html
[2026-03-18 14:28:08] extract_html OK
[2026-03-18 14:28:08] START parse_html for: extracted_html\SD - Cegeka Modern SOC - Recorded Future - EU [PRD.4.3.008][PV2.0][DV1.0].html
[2026-03-18 14:28:08] PARSE OK → output\json\SD - Cegeka Modern SOC - Recorded Future - EU [PRD.4.3.008][PV2.0][DV1.0].json
[2026-03-18 14:49:30] START PIPELINE for C:\Users\koengo\Cegeka\Product Management - Product Management Library\Business Line - Security & Compliance\[4.1] Cybersecurity\[PRD.4.3.008] Cegeka Modern SOC\SD - Cegeka Modern SOC - Recorded Future - EU [PRD.4.3.008][PV2.0][DV1.0].docx
[2026-03-18 14:49:30] RUN extract_html.py -> C:\Users\koengo\Cegeka\Product Management - Product Management Library\Business Line - Security & Compliance\[4.1] Cybersecurity\[PRD.4.3.008] Cegeka Modern SOC\SD - Cegeka Modern SOC - Recorded Future - EU [PRD.4.3.008][PV2.0][DV1.0].docx
[2026-03-18 14:49:30] START extract_html for: C:\Users\koengo\Cegeka\Product Management - Product Management Library\Business Line - Security & Compliance\[4.1] Cybersecurity\[PRD.4.3.008] Cegeka Modern SOC\SD - Cegeka Modern SOC - Recorded Future - EU [PRD.4.3.008][PV2.0][DV1.0].docx
[2026-03-18 14:49:31] HTML saved: extracted_html\SD - Cegeka Modern SOC - Recorded Future - EU [PRD.4.3.008][PV2.0][DV1.0].html
[2026-03-18 14:49:31] extract_html OK
[2026-03-18 14:49:31] RUN parse_html_sections.py -> C:\Users\koengo\OneDrive - Cegeka\Documents\Reusable Assets\Products\extracted_html\SD - Cegeka Modern SOC - Recorded Future - EU [PRD.4.3.008][PV2.0][DV1.0].html
[2026-03-18 14:49:31] START parse_html for: C:\Users\koengo\OneDrive - Cegeka\Documents\Reusable Assets\Products\extracted_html\SD - Cegeka Modern SOC - Recorded Future - EU [PRD.4.3.008][PV2.0][DV1.0].html
[2026-03-18 14:49:31] PARSE OK → output\json\SD - Cegeka Modern SOC - Recorded Future - EU [PRD.4.3.008][PV2.0][DV1.0].json
[2026-03-18 14:49:31] RUN auto_map_sections.py -> C:\Users\koengo\OneDrive - Cegeka\Documents\Reusable Assets\Products\output\json\SD - Cegeka Modern SOC - Recorded Future - EU [PRD.4.3.008][PV2.0][DV1.0].json
[2026-03-18 14:49:32] START auto_map for: C:\Users\koengo\OneDrive - Cegeka\Documents\Reusable Assets\Products\output\json\SD - Cegeka Modern SOC - Recorded Future - EU [PRD.4.3.008][PV2.0][DV1.0].json
[2026-03-18 14:49:32] auto_map OK → output\mapped\SD - Cegeka Modern SOC - Recorded Future - EU [PRD.4.3.008][PV2.0][DV1.0]_mapped.json
[2026-03-18 14:49:32] JSON->XML OK -> C:\Users\koengo\OneDrive - Cegeka\Documents\Reusable Assets\Products\output\xml\SD - Cegeka Modern SOC - Recorded Future - EU [PRD.4.3.008][PV2.0][DV1.0]_mapped.xml
[2026-03-18 14:49:32] RUN xml_to_docx.py -> C:\Users\koengo\OneDrive - Cegeka\Documents\Reusable Assets\Products\output\xml\SD - Cegeka Modern SOC - Recorded Future - EU [PRD.4.3.008][PV2.0][DV1.0]_mapped.xml
[2026-03-18 14:49:32] PIPELINE OK
[2026-03-18 15:03:17] START PIPELINE for C:\Users\koengo\Cegeka\Product Management - Product Management Library\Business Line - Security & Compliance\[4.1] Cybersecurity\[PRD.4.3.008] Cegeka Modern SOC\SD - Cegeka Modern SOC - Recorded Future - EU [PRD.4.3.008][PV2.0][DV1.0].docx
[2026-03-18 15:03:17] RUN extract_html.py -> C:\Users\koengo\Cegeka\Product Management - Product Management Library\Business Line - Security & Compliance\[4.1] Cybersecurity\[PRD.4.3.008] Cegeka Modern SOC\SD - Cegeka Modern SOC - Recorded Future - EU [PRD.4.3.008][PV2.0][DV1.0].docx
[2026-03-18 15:03:17] START extract_html for: C:\Users\koengo\Cegeka\Product Management - Product Management Library\Business Line - Security & Compliance\[4.1] Cybersecurity\[PRD.4.3.008] Cegeka Modern SOC\SD - Cegeka Modern SOC - Recorded Future - EU [PRD.4.3.008][PV2.0][DV1.0].docx
[2026-03-18 15:03:18] HTML saved: extracted_html\SD - Cegeka Modern SOC - Recorded Future - EU [PRD.4.3.008][PV2.0][DV1.0].html
[2026-03-18 15:03:18] extract_html OK
[2026-03-18 15:03:18] RUN parse_html_sections.py -> C:\Users\koengo\OneDrive - Cegeka\Documents\Reusable Assets\Products\extracted_html\SD - Cegeka Modern SOC - Recorded Future - EU [PRD.4.3.008][PV2.0][DV1.0].html
[2026-03-18 15:03:18] START parse_html for: C:\Users\koengo\OneDrive - Cegeka\Documents\Reusable Assets\Products\extracted_html\SD - Cegeka Modern SOC - Recorded Future - EU [PRD.4.3.008][PV2.0][DV1.0].html
[2026-03-18 15:03:18] PARSE OK → output\json\SD - Cegeka Modern SOC - Recorded Future - EU [PRD.4.3.008][PV2.0][DV1.0].json
[2026-03-18 15:03:18] RUN auto_map_sections.py -> C:\Users\koengo\OneDrive - Cegeka\Documents\Reusable Assets\Products\output\json\SD - Cegeka Modern SOC - Recorded Future - EU [PRD.4.3.008][PV2.0][DV1.0].json
[2026-03-18 15:03:19] START auto_map for: C:\Users\koengo\OneDrive - Cegeka\Documents\Reusable Assets\Products\output\json\SD - Cegeka Modern SOC - Recorded Future - EU [PRD.4.3.008][PV2.0][DV1.0].json
[2026-03-18 15:03:19] auto_map OK → output\mapped\SD - Cegeka Modern SOC - Recorded Future - EU [PRD.4.3.008][PV2.0][DV1.0]_mapped.json
[2026-03-18 15:03:19] JSON->XML OK -> C:\Users\koengo\OneDrive - Cegeka\Documents\Reusable Assets\Products\output\xml\SD - Cegeka Modern SOC - Recorded Future - EU [PRD.4.3.008][PV2.0][DV1.0]_mapped.xml
[2026-03-18 15:03:19] RUN xml_to_docx.py -> C:\Users\koengo\OneDrive - Cegeka\Documents\Reusable Assets\Products\output\xml\SD - Cegeka Modern SOC - Recorded Future - EU [PRD.4.3.008][PV2.0][DV1.0]_mapped.xml
[2026-03-18 15:03:19] PIPELINE OK
