[2026-03-17 23:34:14] [TID:22228] Start processing SD: SD - Onsite Support [PRD.7.6.002][PV1.0][DV1.1].docx
[2026-03-17 23:34:14] [TID:22228] Extracting HTML...
[2026-03-17 23:34:17] [TID:22228] ERROR SD - Onsite Support [PRD.7.6.002][PV1.0][DV1.1].docx: Command '['C:\\Users\\koengo\\AppData\\Local\\Programs\\Python\\Python312\\python.exe', 'C:\\Users\\koengo\\OneDrive - Cegeka\\Documents\\Reusable Assets\\Products\\scripts\\extract_html.py', 'C:\\Users\\koengo\\Cegeka\\Product Management - Product Management Library\\Business Line - Digital Employee eXperience\\[7.4] Cegeka Support Solutions\\[PRD.7.6.002] Onsite Support\\SD - Onsite Support [PRD.7.6.002][PV1.0][DV1.1].docx']' returned non-zero exit status 1.
[2026-03-17 23:39:35] [TID:27424] START SD - Onsite Support [PRD.7.6.002][PV1.0][DV1.1].docx
[2026-03-17 23:39:36] [TID:27424] Extracting HTML...
[2026-03-17 23:39:37] [TID:27424] ERROR SD - Onsite Support [PRD.7.6.002][PV1.0][DV1.1].docx: Command '['C:\\Users\\koengo\\AppData\\Local\\Programs\\Python\\Python312\\python.exe', 'C:\\Users\\koengo\\OneDrive - Cegeka\\Documents\\Reusable Assets\\Products\\scripts\\extract_html.py', 'C:\\Users\\koengo\\Cegeka\\Product Management - Product Management Library\\Business Line - Digital Employee eXperience\\[7.4] Cegeka Support Solutions\\[PRD.7.6.002] Onsite Support\\SD - Onsite Support [PRD.7.6.002][PV1.0][DV1.1].docx']' returned non-zero exit status 1.
[2026-03-17 23:44:47] [TID:26032] START SD - Onsite Support [PRD.7.6.002][PV1.0][DV1.1].docx
[2026-03-17 23:44:47] [TID:26032] Extracting HTML...
[2026-03-17 23:44:48] [TID:26032] ERROR SD - Onsite Support [PRD.7.6.002][PV1.0][DV1.1].docx: Command '['C:\\Users\\koengo\\AppData\\Local\\Programs\\Python\\Python312\\python.exe', 'C:\\Users\\koengo\\OneDrive - Cegeka\\Documents\\Reusable Assets\\Products\\scripts\\extract_html.py', 'C:\\Users\\koengo\\Cegeka\\Product Management - Product Management Library\\Business Line - Digital Employee eXperience\\[7.4] Cegeka Support Solutions\\[PRD.7.6.002] Onsite Support\\SD - Onsite Support [PRD.7.6.002][PV1.0][DV1.1].docx']' returned non-zero exit status 1.
[2026-03-17 23:47:15] [TID:17696] START SD - Onsite Support [PRD.7.6.002][PV1.0][DV1.1].docx
[2026-03-17 23:47:15] [TID:17696] Extracting HTML...
[2026-03-17 23:47:17] [TID:17696] ERROR SD - Onsite Support [PRD.7.6.002][PV1.0][DV1.1].docx: Command '['C:\\Users\\koengo\\AppData\\Local\\Programs\\Python\\Python312\\python.exe', 'C:\\Users\\koengo\\OneDrive - Cegeka\\Documents\\Reusable Assets\\Products\\scripts\\extract_html.py', 'C:\\Users\\koengo\\Cegeka\\Product Management - Product Management Library\\Business Line - Digital Employee eXperience\\[7.4] Cegeka Support Solutions\\[PRD.7.6.002] Onsite Support\\SD - Onsite Support [PRD.7.6.002][PV1.0][DV1.1].docx']' returned non-zero exit status 1.
[2026-03-17 23:54:45] [TID:22136] START SD - Onsite Support [PRD.7.6.002][PV1.0][DV1.1].docx
[2026-03-17 23:54:45] [TID:22136] Extracting HTML...
[2026-03-17 23:54:47] [TID:22136] ERROR SD - Onsite Support [PRD.7.6.002][PV1.0][DV1.1].docx: Command '['C:\\Users\\koengo\\AppData\\Local\\Programs\\Python\\Python312\\python.exe', 'C:\\Users\\koengo\\OneDrive - Cegeka\\Documents\\Reusable Assets\\Products\\scripts\\extract_html.py', 'C:\\Users\\koengo\\Cegeka\\Product Management - Product Management Library\\Business Line - Digital Employee eXperience\\[7.4] Cegeka Support Solutions\\[PRD.7.6.002] Onsite Support\\SD - Onsite Support [PRD.7.6.002][PV1.0][DV1.1].docx']' returned non-zero exit status 1.
[2026-03-18 00:02:09] [TID:22624] START SD - Onsite Support [PRD.7.6.002][PV1.0][DV1.1].docx
[2026-03-18 00:02:09] [TID:22624] Extracting HTML...
[2026-03-18 00:02:11] [TID:22624] ERROR SD - Onsite Support [PRD.7.6.002][PV1.0][DV1.1].docx: Command '['C:\\Users\\koengo\\AppData\\Local\\Programs\\Python\\Python312\\python.exe', 'C:\\Users\\koengo\\OneDrive - Cegeka\\Documents\\Reusable Assets\\Products\\scripts\\extract_html.py', 'C:\\Users\\koengo\\Cegeka\\Product Management - Product Management Library\\Business Line - Digital Employee eXperience\\[7.4] Cegeka Support Solutions\\[PRD.7.6.002] Onsite Support\\SD - Onsite Support [PRD.7.6.002][PV1.0][DV1.1].docx']' returned non-zero exit status 1.
[2026-03-18 00:11:23] [TID:5760] START SD - Onsite Support [PRD.7.6.002][PV1.0][DV1.1].docx
[2026-03-18 00:11:23] [TID:5760] Extracting HTML...
[2026-03-18 00:11:25] [TID:5760] ERROR SD - Onsite Support [PRD.7.6.002][PV1.0][DV1.1].docx: Command '['C:\\Users\\koengo\\AppData\\Local\\Programs\\Python\\Python312\\python.exe', 'C:\\Users\\koengo\\OneDrive - Cegeka\\Documents\\Reusable Assets\\Products\\scripts\\extract_html.py', 'C:\\Users\\koengo\\Cegeka\\Product Management - Product Management Library\\Business Line - Digital Employee eXperience\\[7.4] Cegeka Support Solutions\\[PRD.7.6.002] Onsite Support\\SD - Onsite Support [PRD.7.6.002][PV1.0][DV1.1].docx']' returned non-zero exit status 1.
[2026-03-18 00:24:46] [TID:29648] START SD - Onsite Support [PRD.7.6.002][PV1.0][DV1.1].docx
[2026-03-18 00:24:47] [TID:29648] [DEBUG] Running step: extract_html
[2026-03-18 00:24:47] [TID:29648] [DEBUG] Command: ['C:\\Users\\koengo\\AppData\\Local\\Programs\\Python\\Python312\\python.exe', 'C:\\Users\\koengo\\OneDrive - Cegeka\\Documents\\Reusable Assets\\Products\\scripts\\extract_html.py', 'C:\\Users\\koengo\\Cegeka\\Product Management - Product Management Library\\Business Line - Digital Employee eXperience\\[7.4] Cegeka Support Solutions\\[PRD.7.6.002] Onsite Support\\SD - Onsite Support [PRD.7.6.002][PV1.0][DV1.1].docx']
[2026-03-18 00:24:48] [TID:29648] [DEBUG][stderr] Traceback (most recent call last):
  File "C:\Users\koengo\OneDrive - Cegeka\Documents\Reusable Assets\Products\scripts\extract_html.py", line 17, in <module>
    print(f"\u2714 HTML saved \u2192 {out_file}")
  File "C:\Users\koengo\AppData\Local\Programs\Python\Python312\Lib\encodings\cp1252.py", line 19, in encode
    return codecs.charmap_encode(input,self.errors,encoding_table)[0]
           ^^^^^^^^^^^^^^^^^^^^^^^^^^^^^^^^^^^^^^^^^^^^^^^^^^^^^^^
UnicodeEncodeError: 'charmap' codec can't encode character '\u2714' in position 0: character maps to <undefined>

[2026-03-18 00:24:48] [TID:29648] ERROR SD - Onsite Support [PRD.7.6.002][PV1.0][DV1.1].docx: [extract_html] FAILED with exit code 1
[2026-03-18 00:28:46] [TID:12148] START SD - Onsite Support [PRD.7.6.002][PV1.0][DV1.1].docx
[2026-03-18 00:28:46] [TID:12148] [DEBUG] Running step: extract_html
[2026-03-18 00:28:46] [TID:12148] [DEBUG] Command: ['C:\\Users\\koengo\\AppData\\Local\\Programs\\Python\\Python312\\python.exe', 'C:\\Users\\koengo\\OneDrive - Cegeka\\Documents\\Reusable Assets\\Products\\scripts\\extract_html.py', 'C:\\Users\\koengo\\Cegeka\\Product Management - Product Management Library\\Business Line - Digital Employee eXperience\\[7.4] Cegeka Support Solutions\\[PRD.7.6.002] Onsite Support\\SD - Onsite Support [PRD.7.6.002][PV1.0][DV1.1].docx']
[2026-03-18 00:28:47] [TID:12148] [DEBUG][stderr] Traceback (most recent call last):
  File "C:\Users\koengo\OneDrive - Cegeka\Documents\Reusable Assets\Products\scripts\extract_html.py", line 17, in <module>
    print(f"\u2714 HTML saved \u2192 {out_file}")
  File "C:\Users\koengo\AppData\Local\Programs\Python\Python312\Lib\encodings\cp1252.py", line 19, in encode
    return codecs.charmap_encode(input,self.errors,encoding_table)[0]
           ^^^^^^^^^^^^^^^^^^^^^^^^^^^^^^^^^^^^^^^^^^^^^^^^^^^^^^^
UnicodeEncodeError: 'charmap' codec can't encode character '\u2714' in position 0: character maps to <undefined>

[2026-03-18 00:28:47] [TID:12148] ERROR SD - Onsite Support [PRD.7.6.002][PV1.0][DV1.1].docx: [extract_html] FAILED with exit code 1
[2026-03-18 00:39:47] [TID:22268] START SD - Onsite Support [PRD.7.6.002][PV1.0][DV1.1].docx
[2026-03-18 00:39:47] [TID:22268] [DEBUG] Running step: extract_html
[2026-03-18 00:39:47] [TID:22268] [DEBUG] Command: ['C:\\Users\\koengo\\AppData\\Local\\Programs\\Python\\Python312\\python.exe', 'C:\\Users\\koengo\\OneDrive - Cegeka\\Documents\\Reusable Assets\\Products\\scripts\\extract_html.py', 'C:\\Users\\koengo\\Cegeka\\Product Management - Product Management Library\\Business Line - Digital Employee eXperience\\[7.4] Cegeka Support Solutions\\[PRD.7.6.002] Onsite Support\\SD - Onsite Support [PRD.7.6.002][PV1.0][DV1.1].docx']
[2026-03-18 00:39:48] [TID:22268] [DEBUG][stderr] Traceback (most recent call last):
  File "C:\Users\koengo\OneDrive - Cegeka\Documents\Reusable Assets\Products\scripts\extract_html.py", line 17, in <module>
    print(f"\u2714 HTML saved \u2192 {out_file}")
  File "C:\Users\koengo\AppData\Local\Programs\Python\Python312\Lib\encodings\cp1252.py", line 19, in encode
    return codecs.charmap_encode(input,self.errors,encoding_table)[0]
           ^^^^^^^^^^^^^^^^^^^^^^^^^^^^^^^^^^^^^^^^^^^^^^^^^^^^^^^
UnicodeEncodeError: 'charmap' codec can't encode character '\u2714' in position 0: character maps to <undefined>

[2026-03-18 00:39:49] [TID:22268] ERROR SD - Onsite Support [PRD.7.6.002][PV1.0][DV1.1].docx: [extract_html] FAILED with exit code 1
[2026-03-18 00:52:03] [TID:1204] START SD - Onsite Support [PRD.7.6.002][PV1.0][DV1.1].docx
[2026-03-18 00:52:03] [TID:1204] [DEBUG] Running step: extract_html
[2026-03-18 00:52:03] [TID:1204] [DEBUG] Command: ['C:\\Users\\koengo\\AppData\\Local\\Programs\\Python\\Python312\\python.exe', 'C:\\Users\\koengo\\OneDrive - Cegeka\\Documents\\Reusable Assets\\Products\\scripts\\extract_html.py', 'C:\\Users\\koengo\\Cegeka\\Product Management - Product Management Library\\Business Line - Digital Employee eXperience\\[7.4] Cegeka Support Solutions\\[PRD.7.6.002] Onsite Support\\SD - Onsite Support [PRD.7.6.002][PV1.0][DV1.1].docx']
[2026-03-18 00:52:04] [TID:1204] [DEBUG][stdout] ✔ HTML saved for SD - Onsite Support [PRD.7.6.002][PV1.0][DV1.1].docx

[2026-03-18 00:52:04] [TID:1204] [DEBUG] Step 'extract_html' OK
[2026-03-18 00:52:04] [TID:1204] [DEBUG] Running step: parse_html
[2026-03-18 00:52:04] [TID:1204] [DEBUG] Command: ['C:\\Users\\koengo\\AppData\\Local\\Programs\\Python\\Python312\\python.exe', 'C:\\Users\\koengo\\OneDrive - Cegeka\\Documents\\Reusable Assets\\Products\\scripts\\parse_html_sections.py', 'extracted_html\\SD - Onsite Support [PRD.7.6.002][PV1.0][DV1.1].html']
[2026-03-18 00:52:06] [TID:1204] [DEBUG][stdout] ✔ Robust parsed → output\json\SD - Onsite Support [PRD.7.6.002][PV1.0][DV1.1].json

[2026-03-18 00:52:06] [TID:1204] [DEBUG] Step 'parse_html' OK
[2026-03-18 00:52:06] [TID:1204] [DEBUG] Running step: auto_map
[2026-03-18 00:52:06] [TID:1204] [DEBUG] Command: ['C:\\Users\\koengo\\AppData\\Local\\Programs\\Python\\Python312\\python.exe', 'C:\\Users\\koengo\\OneDrive - Cegeka\\Documents\\Reusable Assets\\Products\\scripts\\auto_map_sections.py', 'output\\json\\SD - Onsite Support [PRD.7.6.002][PV1.0][DV1.1].json']
[2026-03-18 00:52:06] [TID:1204] [DEBUG][stderr]   File "C:\Users\koengo\OneDrive - Cegeka\Documents\Reusable Assets\Products\scripts\auto_map_sections.py", line 26
    ``
    ^
SyntaxError: invalid syntax

[2026-03-18 00:52:06] [TID:1204] ERROR SD - Onsite Support [PRD.7.6.002][PV1.0][DV1.1].docx: [auto_map] FAILED with exit code 1
[2026-03-18 01:01:21] [TID:14528] START SD - Onsite Support [PRD.7.6.002][PV1.0][DV1.1].docx
[2026-03-18 01:01:21] [TID:14528] [DEBUG] Running step: extract_html
[2026-03-18 01:01:21] [TID:14528] [DEBUG] Command: ['C:\\Users\\koengo\\AppData\\Local\\Programs\\Python\\Python312\\python.exe', 'C:\\Users\\koengo\\OneDrive - Cegeka\\Documents\\Reusable Assets\\Products\\scripts\\extract_html.py', 'C:\\Users\\koengo\\Cegeka\\Product Management - Product Management Library\\Business Line - Digital Employee eXperience\\[7.4] Cegeka Support Solutions\\[PRD.7.6.002] Onsite Support\\SD - Onsite Support [PRD.7.6.002][PV1.0][DV1.1].docx']
[2026-03-18 01:01:22] [TID:14528] [DEBUG][stdout] ✔ HTML saved for SD - Onsite Support [PRD.7.6.002][PV1.0][DV1.1].docx

[2026-03-18 01:01:22] [TID:14528] [DEBUG] Step 'extract_html' OK
[2026-03-18 01:01:22] [TID:14528] [DEBUG] Running step: parse_html
[2026-03-18 01:01:22] [TID:14528] [DEBUG] Command: ['C:\\Users\\koengo\\AppData\\Local\\Programs\\Python\\Python312\\python.exe', 'C:\\Users\\koengo\\OneDrive - Cegeka\\Documents\\Reusable Assets\\Products\\scripts\\parse_html_sections.py', 'extracted_html\\SD - Onsite Support [PRD.7.6.002][PV1.0][DV1.1].html']
[2026-03-18 01:01:24] [TID:14528] [DEBUG][stdout] ✔ Robust parsed → output\json\SD - Onsite Support [PRD.7.6.002][PV1.0][DV1.1].json

[2026-03-18 01:01:24] [TID:14528] [DEBUG] Step 'parse_html' OK
[2026-03-18 01:01:24] [TID:14528] [DEBUG] Running step: auto_map
[2026-03-18 01:01:24] [TID:14528] [DEBUG] Command: ['C:\\Users\\koengo\\AppData\\Local\\Programs\\Python\\Python312\\python.exe', 'C:\\Users\\koengo\\OneDrive - Cegeka\\Documents\\Reusable Assets\\Products\\scripts\\auto_map_sections.py', 'output\\json\\SD - Onsite Support [PRD.7.6.002][PV1.0][DV1.1].json']
[2026-03-18 01:01:24] [TID:14528] [DEBUG][stderr]   File "C:\Users\koengo\OneDrive - Cegeka\Documents\Reusable Assets\Products\scripts\auto_map_sections.py", line 26
    ``
    ^
SyntaxError: invalid syntax

[2026-03-18 01:01:24] [TID:14528] ERROR SD - Onsite Support [PRD.7.6.002][PV1.0][DV1.1].docx: [auto_map] FAILED with exit code 1
[2026-03-18 01:16:57] [TID:28776] START SD - Onsite Support [PRD.7.6.002][PV1.0][DV1.1].docx
[2026-03-18 01:16:57] [TID:28776] [DEBUG] Running step: extract_html
[2026-03-18 01:16:57] [TID:28776] [DEBUG] Command: ['C:\\Users\\koengo\\AppData\\Local\\Programs\\Python\\Python312\\python.exe', 'C:\\Users\\koengo\\OneDrive - Cegeka\\Documents\\Reusable Assets\\Products\\scripts\\extract_html.py', 'C:\\Users\\koengo\\Cegeka\\Product Management - Product Management Library\\Business Line - Digital Employee eXperience\\[7.4] Cegeka Support Solutions\\[PRD.7.6.002] Onsite Support\\SD - Onsite Support [PRD.7.6.002][PV1.0][DV1.1].docx']
[2026-03-18 01:16:57] [TID:28776] [DEBUG][stdout] ✔ HTML saved for SD - Onsite Support [PRD.7.6.002][PV1.0][DV1.1].docx

[2026-03-18 01:16:57] [TID:28776] [DEBUG] Step 'extract_html' OK
[2026-03-18 01:16:57] [TID:28776] [DEBUG] Running step: parse_html
[2026-03-18 01:16:57] [TID:28776] [DEBUG] Command: ['C:\\Users\\koengo\\AppData\\Local\\Programs\\Python\\Python312\\python.exe', 'C:\\Users\\koengo\\OneDrive - Cegeka\\Documents\\Reusable Assets\\Products\\scripts\\parse_html_sections.py', 'extracted_html\\SD - Onsite Support [PRD.7.6.002][PV1.0][DV1.1].html']
[2026-03-18 01:17:00] [TID:28776] [DEBUG][stdout] ✔ Robust parsed → output\json\SD - Onsite Support [PRD.7.6.002][PV1.0][DV1.1].json

[2026-03-18 01:17:00] [TID:28776] [DEBUG] Step 'parse_html' OK
[2026-03-18 01:17:00] [TID:28776] [DEBUG] Running step: auto_map
[2026-03-18 01:17:00] [TID:28776] [DEBUG] Command: ['C:\\Users\\koengo\\AppData\\Local\\Programs\\Python\\Python312\\python.exe', 'C:\\Users\\koengo\\OneDrive - Cegeka\\Documents\\Reusable Assets\\Products\\scripts\\auto_map_sections.py', 'output\\json\\SD - Onsite Support [PRD.7.6.002][PV1.0][DV1.1].json']
[2026-03-18 01:17:00] [TID:28776] [DEBUG][stderr]   File "C:\Users\koengo\OneDrive - Cegeka\Documents\Reusable Assets\Products\scripts\auto_map_sections.py", line 26
    ``
    ^
SyntaxError: invalid syntax

[2026-03-18 01:17:00] [TID:28776] ERROR SD - Onsite Support [PRD.7.6.002][PV1.0][DV1.1].docx: [auto_map] FAILED with exit code 1
[2026-03-18 01:30:48] [TID:24236] START SD - Onsite Support [PRD.7.6.002][PV1.0][DV1.1].docx
[2026-03-18 01:30:48] [TID:24236] [DEBUG] Running step: extract_html
[2026-03-18 01:30:48] [TID:24236] [DEBUG] Command: ['C:\\Users\\koengo\\AppData\\Local\\Programs\\Python\\Python312\\python.exe', 'C:\\Users\\koengo\\OneDrive - Cegeka\\Documents\\Reusable Assets\\Products\\scripts\\extract_html.py', 'C:\\Users\\koengo\\Cegeka\\Product Management - Product Management Library\\Business Line - Digital Employee eXperience\\[7.4] Cegeka Support Solutions\\[PRD.7.6.002] Onsite Support\\SD - Onsite Support [PRD.7.6.002][PV1.0][DV1.1].docx']
[2026-03-18 01:30:48] [TID:24236] [DEBUG][stderr]   File "C:\Users\koengo\OneDrive - Cegeka\Documents\Reusable Assets\Products\scripts\extract_html.py", line 31
    ``
    ^
SyntaxError: invalid syntax

[2026-03-18 01:30:48] [TID:24236] ERROR SD - Onsite Support [PRD.7.6.002][PV1.0][DV1.1].docx: [extract_html] FAILED with exit code 1
[2026-03-18 01:33:16] [TID:19504] START SD - Onsite Support [PRD.7.6.002][PV1.0][DV1.1].docx
[2026-03-18 01:33:16] [TID:19504] [DEBUG] Running step: extract_html
[2026-03-18 01:33:16] [TID:19504] [DEBUG] Command: ['C:\\Users\\koengo\\AppData\\Local\\Programs\\Python\\Python312\\python.exe', 'C:\\Users\\koengo\\OneDrive - Cegeka\\Documents\\Reusable Assets\\Products\\scripts\\extract_html.py', 'C:\\Users\\koengo\\Cegeka\\Product Management - Product Management Library\\Business Line - Digital Employee eXperience\\[7.4] Cegeka Support Solutions\\[PRD.7.6.002] Onsite Support\\SD - Onsite Support [PRD.7.6.002][PV1.0][DV1.1].docx']
[2026-03-18 01:33:17] [TID:19504] [DEBUG][stdout] HTML saved: SD - Onsite Support [PRD.7.6.002][PV1.0][DV1.1].html

[2026-03-18 01:33:17] [TID:19504] [DEBUG] Step 'extract_html' OK
[2026-03-18 01:33:17] [TID:19504] [DEBUG] Running step: parse_html
[2026-03-18 01:33:17] [TID:19504] [DEBUG] Command: ['C:\\Users\\koengo\\AppData\\Local\\Programs\\Python\\Python312\\python.exe', 'C:\\Users\\koengo\\OneDrive - Cegeka\\Documents\\Reusable Assets\\Products\\scripts\\parse_html_sections.py', 'extracted_html\\SD - Onsite Support [PRD.7.6.002][PV1.0][DV1.1].html']
[2026-03-18 01:33:19] [TID:19504] [DEBUG][stdout] ✔ Robust parsed → output\json\SD - Onsite Support [PRD.7.6.002][PV1.0][DV1.1].json

[2026-03-18 01:33:19] [TID:19504] [DEBUG] Step 'parse_html' OK
[2026-03-18 01:33:19] [TID:19504] [DEBUG] Running step: auto_map
[2026-03-18 01:33:19] [TID:19504] [DEBUG] Command: ['C:\\Users\\koengo\\AppData\\Local\\Programs\\Python\\Python312\\python.exe', 'C:\\Users\\koengo\\OneDrive - Cegeka\\Documents\\Reusable Assets\\Products\\scripts\\auto_map_sections.py', 'output\\json\\SD - Onsite Support [PRD.7.6.002][PV1.0][DV1.1].json']
[2026-03-18 01:33:19] [TID:19504] [DEBUG][stderr]   File "C:\Users\koengo\OneDrive - Cegeka\Documents\Reusable Assets\Products\scripts\auto_map_sections.py", line 26
    ``
    ^
SyntaxError: invalid syntax

[2026-03-18 01:33:19] [TID:19504] ERROR SD - Onsite Support [PRD.7.6.002][PV1.0][DV1.1].docx: [auto_map] FAILED with exit code 1
[2026-03-18 01:40:26] [TID:28640] START SD - Onsite Support [PRD.7.6.002][PV1.0][DV1.1].docx
[2026-03-18 01:40:26] [TID:28640] [DEBUG] Running step: extract_html
[2026-03-18 01:40:26] [TID:28640] [DEBUG] Command: ['C:\\Users\\koengo\\AppData\\Local\\Programs\\Python\\Python312\\python.exe', 'C:\\Users\\koengo\\OneDrive - Cegeka\\Documents\\Reusable Assets\\Products\\scripts\\extract_html.py', 'C:\\Users\\koengo\\Cegeka\\Product Management - Product Management Library\\Business Line - Digital Employee eXperience\\[7.4] Cegeka Support Solutions\\[PRD.7.6.002] Onsite Support\\SD - Onsite Support [PRD.7.6.002][PV1.0][DV1.1].docx']
[2026-03-18 01:40:27] [TID:28640] [DEBUG][stdout] HTML saved: SD - Onsite Support [PRD.7.6.002][PV1.0][DV1.1].html

[2026-03-18 01:40:27] [TID:28640] [DEBUG] Step 'extract_html' OK
[2026-03-18 01:40:27] [TID:28640] [DEBUG] Running step: parse_html
[2026-03-18 01:40:27] [TID:28640] [DEBUG] Command: ['C:\\Users\\koengo\\AppData\\Local\\Programs\\Python\\Python312\\python.exe', 'C:\\Users\\koengo\\OneDrive - Cegeka\\Documents\\Reusable Assets\\Products\\scripts\\parse_html_sections.py', 'extracted_html\\SD - Onsite Support [PRD.7.6.002][PV1.0][DV1.1].html']
[2026-03-18 01:40:29] [TID:28640] [DEBUG][stdout] ✔ Robust parsed → output\json\SD - Onsite Support [PRD.7.6.002][PV1.0][DV1.1].json

[2026-03-18 01:40:29] [TID:28640] [DEBUG] Step 'parse_html' OK
[2026-03-18 01:40:29] [TID:28640] [DEBUG] Running step: auto_map
[2026-03-18 01:40:29] [TID:28640] [DEBUG] Command: ['C:\\Users\\koengo\\AppData\\Local\\Programs\\Python\\Python312\\python.exe', 'C:\\Users\\koengo\\OneDrive - Cegeka\\Documents\\Reusable Assets\\Products\\scripts\\auto_map_sections.py', 'output\\json\\SD - Onsite Support [PRD.7.6.002][PV1.0][DV1.1].json']
[2026-03-18 01:40:29] [TID:28640] [DEBUG][stderr]   File "C:\Users\koengo\OneDrive - Cegeka\Documents\Reusable Assets\Products\scripts\auto_map_sections.py", line 26
    ``
    ^
SyntaxError: invalid syntax

[2026-03-18 01:40:29] [TID:28640] ERROR SD - Onsite Support [PRD.7.6.002][PV1.0][DV1.1].docx: [auto_map] FAILED with exit code 1
