[2026-03-18 14:28:09] START extract_html for: C:\Users\koengo\Cegeka\Product Management - Product Management Library\Business Line - Security & Compliance\[4.1] Cybersecurity\[PRD.4.3.008] Cegeka Modern SOC\SD - Cegeka Modern SOC - Vectra - EU [PRD.4.3.008][PV2.0][DV1.0].docx
[2026-03-18 14:28:09] HTML saved: extracted_html\SD - Cegeka Modern SOC - Vectra - EU [PRD.4.3.008][PV2.0][DV1.0].html
[2026-03-18 14:28:09] extract_html OK
[2026-03-18 14:28:10] START parse_html for: extracted_html\SD - Cegeka Modern SOC - Vectra - EU [PRD.4.3.008][PV2.0][DV1.0].html
[2026-03-18 14:28:10] PARSE OK → output\json\SD - Cegeka Modern SOC - Vectra - EU [PRD.4.3.008][PV2.0][DV1.0].json
[2026-03-18 14:49:36] START PIPELINE for C:\Users\koengo\Cegeka\Product Management - Product Management Library\Business Line - Security & Compliance\[4.1] Cybersecurity\[PRD.4.3.008] Cegeka Modern SOC\SD - Cegeka Modern SOC - Vectra - EU [PRD.4.3.008][PV2.0][DV1.0].docx
[2026-03-18 14:49:36] RUN extract_html.py -> C:\Users\koengo\Cegeka\Product Management - Product Management Library\Business Line - Security & Compliance\[4.1] Cybersecurity\[PRD.4.3.008] Cegeka Modern SOC\SD - Cegeka Modern SOC - Vectra - EU [PRD.4.3.008][PV2.0][DV1.0].docx
[2026-03-18 14:49:36] START extract_html for: C:\Users\koengo\Cegeka\Product Management - Product Management Library\Business Line - Security & Compliance\[4.1] Cybersecurity\[PRD.4.3.008] Cegeka Modern SOC\SD - Cegeka Modern SOC - Vectra - EU [PRD.4.3.008][PV2.0][DV1.0].docx
[2026-03-18 14:49:36] HTML saved: extracted_html\SD - Cegeka Modern SOC - Vectra - EU [PRD.4.3.008][PV2.0][DV1.0].html
[2026-03-18 14:49:36] extract_html OK
[2026-03-18 14:49:36] RUN parse_html_sections.py -> C:\Users\koengo\OneDrive - Cegeka\Documents\Reusable Assets\Products\extracted_html\SD - Cegeka Modern SOC - Vectra - EU [PRD.4.3.008][PV2.0][DV1.0].html
[2026-03-18 14:49:37] START parse_html for: C:\Users\koengo\OneDrive - Cegeka\Documents\Reusable Assets\Products\extracted_html\SD - Cegeka Modern SOC - Vectra - EU [PRD.4.3.008][PV2.0][DV1.0].html
[2026-03-18 14:49:37] PARSE OK → output\json\SD - Cegeka Modern SOC - Vectra - EU [PRD.4.3.008][PV2.0][DV1.0].json
[2026-03-18 14:49:37] RUN auto_map_sections.py -> C:\Users\koengo\OneDrive - Cegeka\Documents\Reusable Assets\Products\output\json\SD - Cegeka Modern SOC - Vectra - EU [PRD.4.3.008][PV2.0][DV1.0].json
[2026-03-18 14:49:37] START auto_map for: C:\Users\koengo\OneDrive - Cegeka\Documents\Reusable Assets\Products\output\json\SD - Cegeka Modern SOC - Vectra - EU [PRD.4.3.008][PV2.0][DV1.0].json
[2026-03-18 14:49:37] auto_map OK → output\mapped\SD - Cegeka Modern SOC - Vectra - EU [PRD.4.3.008][PV2.0][DV1.0]_mapped.json
[2026-03-18 14:49:37] JSON->XML OK -> C:\Users\koengo\OneDrive - Cegeka\Documents\Reusable Assets\Products\output\xml\SD - Cegeka Modern SOC - Vectra - EU [PRD.4.3.008][PV2.0][DV1.0]_mapped.xml
[2026-03-18 14:49:37] RUN xml_to_docx.py -> C:\Users\koengo\OneDrive - Cegeka\Documents\Reusable Assets\Products\output\xml\SD - Cegeka Modern SOC - Vectra - EU [PRD.4.3.008][PV2.0][DV1.0]_mapped.xml
[2026-03-18 14:49:38] PIPELINE OK
[2026-03-18 15:03:24] START PIPELINE for C:\Users\koengo\Cegeka\Product Management - Product Management Library\Business Line - Security & Compliance\[4.1] Cybersecurity\[PRD.4.3.008] Cegeka Modern SOC\SD - Cegeka Modern SOC - Vectra - EU [PRD.4.3.008][PV2.0][DV1.0].docx
[2026-03-18 15:03:24] RUN extract_html.py -> C:\Users\koengo\Cegeka\Product Management - Product Management Library\Business Line - Security & Compliance\[4.1] Cybersecurity\[PRD.4.3.008] Cegeka Modern SOC\SD - Cegeka Modern SOC - Vectra - EU [PRD.4.3.008][PV2.0][DV1.0].docx
[2026-03-18 15:03:24] START extract_html for: C:\Users\koengo\Cegeka\Product Management - Product Management Library\Business Line - Security & Compliance\[4.1] Cybersecurity\[PRD.4.3.008] Cegeka Modern SOC\SD - Cegeka Modern SOC - Vectra - EU [PRD.4.3.008][PV2.0][DV1.0].docx
[2026-03-18 15:03:24] HTML saved: extracted_html\SD - Cegeka Modern SOC - Vectra - EU [PRD.4.3.008][PV2.0][DV1.0].html
[2026-03-18 15:03:24] extract_html OK
[2026-03-18 15:03:25] RUN parse_html_sections.py -> C:\Users\koengo\OneDrive - Cegeka\Documents\Reusable Assets\Products\extracted_html\SD - Cegeka Modern SOC - Vectra - EU [PRD.4.3.008][PV2.0][DV1.0].html
[2026-03-18 15:03:25] START parse_html for: C:\Users\koengo\OneDrive - Cegeka\Documents\Reusable Assets\Products\extracted_html\SD - Cegeka Modern SOC - Vectra - EU [PRD.4.3.008][PV2.0][DV1.0].html
[2026-03-18 15:03:25] PARSE OK → output\json\SD - Cegeka Modern SOC - Vectra - EU [PRD.4.3.008][PV2.0][DV1.0].json
[2026-03-18 15:03:25] RUN auto_map_sections.py -> C:\Users\koengo\OneDrive - Cegeka\Documents\Reusable Assets\Products\output\json\SD - Cegeka Modern SOC - Vectra - EU [PRD.4.3.008][PV2.0][DV1.0].json
[2026-03-18 15:03:25] START auto_map for: C:\Users\koengo\OneDrive - Cegeka\Documents\Reusable Assets\Products\output\json\SD - Cegeka Modern SOC - Vectra - EU [PRD.4.3.008][PV2.0][DV1.0].json
[2026-03-18 15:03:25] auto_map OK → output\mapped\SD - Cegeka Modern SOC - Vectra - EU [PRD.4.3.008][PV2.0][DV1.0]_mapped.json
[2026-03-18 15:03:25] JSON->XML OK -> C:\Users\koengo\OneDrive - Cegeka\Documents\Reusable Assets\Products\output\xml\SD - Cegeka Modern SOC - Vectra - EU [PRD.4.3.008][PV2.0][DV1.0]_mapped.xml
[2026-03-18 15:03:25] RUN xml_to_docx.py -> C:\Users\koengo\OneDrive - Cegeka\Documents\Reusable Assets\Products\output\xml\SD - Cegeka Modern SOC - Vectra - EU [PRD.4.3.008][PV2.0][DV1.0]_mapped.xml
[2026-03-18 15:03:26] PIPELINE OK
