[2026-03-18 14:28:08] START extract_html for: C:\Users\koengo\Cegeka\Product Management - Product Management Library\Business Line - Security & Compliance\[4.1] Cybersecurity\[PRD.4.3.008] Cegeka Modern SOC\SD - Cegeka Modern SOC - Recorded Future - US [PRD.4.3.008][PV2.0][DV1.0].docx
[2026-03-18 14:28:08] HTML saved: extracted_html\SD - Cegeka Modern SOC - Recorded Future - US [PRD.4.3.008][PV2.0][DV1.0].html
[2026-03-18 14:28:08] extract_html OK
[2026-03-18 14:28:09] START parse_html for: extracted_html\SD - Cegeka Modern SOC - Recorded Future - US [PRD.4.3.008][PV2.0][DV1.0].html
[2026-03-18 14:28:09] PARSE OK → output\json\SD - Cegeka Modern SOC - Recorded Future - US [PRD.4.3.008][PV2.0][DV1.0].json
[2026-03-18 14:49:32] START PIPELINE for C:\Users\koengo\Cegeka\Product Management - Product Management Library\Business Line - Security & Compliance\[4.1] Cybersecurity\[PRD.4.3.008] Cegeka Modern SOC\SD - Cegeka Modern SOC - Recorded Future - US [PRD.4.3.008][PV2.0][DV1.0].docx
[2026-03-18 14:49:32] RUN extract_html.py -> C:\Users\koengo\Cegeka\Product Management - Product Management Library\Business Line - Security & Compliance\[4.1] Cybersecurity\[PRD.4.3.008] Cegeka Modern SOC\SD - Cegeka Modern SOC - Recorded Future - US [PRD.4.3.008][PV2.0][DV1.0].docx
[2026-03-18 14:49:32] START extract_html for: C:\Users\koengo\Cegeka\Product Management - Product Management Library\Business Line - Security & Compliance\[4.1] Cybersecurity\[PRD.4.3.008] Cegeka Modern SOC\SD - Cegeka Modern SOC - Recorded Future - US [PRD.4.3.008][PV2.0][DV1.0].docx
[2026-03-18 14:49:33] HTML saved: extracted_html\SD - Cegeka Modern SOC - Recorded Future - US [PRD.4.3.008][PV2.0][DV1.0].html
[2026-03-18 14:49:33] extract_html OK
[2026-03-18 14:49:33] RUN parse_html_sections.py -> C:\Users\koengo\OneDrive - Cegeka\Documents\Reusable Assets\Products\extracted_html\SD - Cegeka Modern SOC - Recorded Future - US [PRD.4.3.008][PV2.0][DV1.0].html
[2026-03-18 14:49:33] START parse_html for: C:\Users\koengo\OneDrive - Cegeka\Documents\Reusable Assets\Products\extracted_html\SD - Cegeka Modern SOC - Recorded Future - US [PRD.4.3.008][PV2.0][DV1.0].html
[2026-03-18 14:49:33] PARSE OK → output\json\SD - Cegeka Modern SOC - Recorded Future - US [PRD.4.3.008][PV2.0][DV1.0].json
[2026-03-18 14:49:33] RUN auto_map_sections.py -> C:\Users\koengo\OneDrive - Cegeka\Documents\Reusable Assets\Products\output\json\SD - Cegeka Modern SOC - Recorded Future - US [PRD.4.3.008][PV2.0][DV1.0].json
[2026-03-18 14:49:33] START auto_map for: C:\Users\koengo\OneDrive - Cegeka\Documents\Reusable Assets\Products\output\json\SD - Cegeka Modern SOC - Recorded Future - US [PRD.4.3.008][PV2.0][DV1.0].json
[2026-03-18 14:49:33] auto_map OK → output\mapped\SD - Cegeka Modern SOC - Recorded Future - US [PRD.4.3.008][PV2.0][DV1.0]_mapped.json
[2026-03-18 14:49:33] JSON->XML OK -> C:\Users\koengo\OneDrive - Cegeka\Documents\Reusable Assets\Products\output\xml\SD - Cegeka Modern SOC - Recorded Future - US [PRD.4.3.008][PV2.0][DV1.0]_mapped.xml
[2026-03-18 14:49:33] RUN xml_to_docx.py -> C:\Users\koengo\OneDrive - Cegeka\Documents\Reusable Assets\Products\output\xml\SD - Cegeka Modern SOC - Recorded Future - US [PRD.4.3.008][PV2.0][DV1.0]_mapped.xml
[2026-03-18 14:49:34] PIPELINE OK
[2026-03-18 15:03:19] START PIPELINE for C:\Users\koengo\Cegeka\Product Management - Product Management Library\Business Line - Security & Compliance\[4.1] Cybersecurity\[PRD.4.3.008] Cegeka Modern SOC\SD - Cegeka Modern SOC - Recorded Future - US [PRD.4.3.008][PV2.0][DV1.0].docx
[2026-03-18 15:03:19] RUN extract_html.py -> C:\Users\koengo\Cegeka\Product Management - Product Management Library\Business Line - Security & Compliance\[4.1] Cybersecurity\[PRD.4.3.008] Cegeka Modern SOC\SD - Cegeka Modern SOC - Recorded Future - US [PRD.4.3.008][PV2.0][DV1.0].docx
[2026-03-18 15:03:19] START extract_html for: C:\Users\koengo\Cegeka\Product Management - Product Management Library\Business Line - Security & Compliance\[4.1] Cybersecurity\[PRD.4.3.008] Cegeka Modern SOC\SD - Cegeka Modern SOC - Recorded Future - US [PRD.4.3.008][PV2.0][DV1.0].docx
[2026-03-18 15:03:20] HTML saved: extracted_html\SD - Cegeka Modern SOC - Recorded Future - US [PRD.4.3.008][PV2.0][DV1.0].html
[2026-03-18 15:03:20] extract_html OK
[2026-03-18 15:03:20] RUN parse_html_sections.py -> C:\Users\koengo\OneDrive - Cegeka\Documents\Reusable Assets\Products\extracted_html\SD - Cegeka Modern SOC - Recorded Future - US [PRD.4.3.008][PV2.0][DV1.0].html
[2026-03-18 15:03:20] START parse_html for: C:\Users\koengo\OneDrive - Cegeka\Documents\Reusable Assets\Products\extracted_html\SD - Cegeka Modern SOC - Recorded Future - US [PRD.4.3.008][PV2.0][DV1.0].html
[2026-03-18 15:03:20] PARSE OK → output\json\SD - Cegeka Modern SOC - Recorded Future - US [PRD.4.3.008][PV2.0][DV1.0].json
[2026-03-18 15:03:20] RUN auto_map_sections.py -> C:\Users\koengo\OneDrive - Cegeka\Documents\Reusable Assets\Products\output\json\SD - Cegeka Modern SOC - Recorded Future - US [PRD.4.3.008][PV2.0][DV1.0].json
[2026-03-18 15:03:21] START auto_map for: C:\Users\koengo\OneDrive - Cegeka\Documents\Reusable Assets\Products\output\json\SD - Cegeka Modern SOC - Recorded Future - US [PRD.4.3.008][PV2.0][DV1.0].json
[2026-03-18 15:03:21] auto_map OK → output\mapped\SD - Cegeka Modern SOC - Recorded Future - US [PRD.4.3.008][PV2.0][DV1.0]_mapped.json
[2026-03-18 15:03:21] JSON->XML OK -> C:\Users\koengo\OneDrive - Cegeka\Documents\Reusable Assets\Products\output\xml\SD - Cegeka Modern SOC - Recorded Future - US [PRD.4.3.008][PV2.0][DV1.0]_mapped.xml
[2026-03-18 15:03:21] RUN xml_to_docx.py -> C:\Users\koengo\OneDrive - Cegeka\Documents\Reusable Assets\Products\output\xml\SD - Cegeka Modern SOC - Recorded Future - US [PRD.4.3.008][PV2.0][DV1.0]_mapped.xml
[2026-03-18 15:03:22] PIPELINE OK
