[2026-03-18 14:43:08] START xml_to_docx_v3_fixed for: C:\Users\koengo\OneDrive - Cegeka\Documents\Reusable Assets\Products\output\xml\SD - TAM Oracle Goldengate [PRD.0.L.137][PV0.8][DV1.0]_mapped.xml
[2026-03-18 14:43:08] Filled SDT 'PRODUCT_SUMMARY' with XML section 'Service identification'
[2026-03-18 14:43:08] Filled SDT 'SCOPE' with XML section 'Out of scope'
[2026-03-18 14:43:08] Filled SDT 'TERMS_CONDITIONS' with XML section 'Conditions'
[2026-03-18 14:43:08] Filled SDT 'PRODUCT_SUMMARY' with XML section 'Service delivery location'
[2026-03-18 14:43:08] Filled SDT 'PRODUCT_SUMMARY' with XML section 'Service Reporting'
[2026-03-18 14:43:08] Filled SDT 'PRODUCT_SUMMARY' with XML section 'Service Window'
[2026-03-18 14:43:08] Filled SDT 'SLA_KPI' with XML section 'Service Level'
[2026-03-18 14:43:08] TOTAL SDT FIELDS FILLED: 7
[2026-03-18 14:43:08] XML→DOCX OK → output\docx\SD - TAM Oracle Goldengate [PRD.0.L.137][PV0.8][DV1.0]_mapped_FINAL.docx
[2026-03-18 14:48:42] START xml_to_docx_v3_fixed for: C:\Users\koengo\OneDrive - Cegeka\Documents\Reusable Assets\Products\output\xml\SD - TAM Oracle Goldengate [PRD.0.L.137][PV0.8][DV1.0]_mapped.xml
[2026-03-18 14:48:42] Filled SDT 'PRODUCT_SUMMARY' with XML section 'Service identification'
[2026-03-18 14:48:42] Filled SDT 'SCOPE' with XML section 'Out of scope'
[2026-03-18 14:48:42] Filled SDT 'TERMS_CONDITIONS' with XML section 'Conditions'
[2026-03-18 14:48:42] Filled SDT 'PRODUCT_SUMMARY' with XML section 'Service delivery location'
[2026-03-18 14:48:42] Filled SDT 'PRODUCT_SUMMARY' with XML section 'Service Reporting'
[2026-03-18 14:48:42] Filled SDT 'PRODUCT_SUMMARY' with XML section 'Service Window'
[2026-03-18 14:48:42] Filled SDT 'SLA_KPI' with XML section 'Service Level'
[2026-03-18 14:48:43] TOTAL SDT FIELDS FILLED: 7
[2026-03-18 14:48:43] XML→DOCX OK → output\docx\SD - TAM Oracle Goldengate [PRD.0.L.137][PV0.8][DV1.0]_mapped_FINAL.docx
[2026-03-18 15:02:30] START xml_to_docx_v3_fixed for: C:\Users\koengo\OneDrive - Cegeka\Documents\Reusable Assets\Products\output\xml\SD - TAM Oracle Goldengate [PRD.0.L.137][PV0.8][DV1.0]_mapped.xml
[2026-03-18 15:02:30] Filled SDT 'PRODUCT_SUMMARY' with XML section 'Service identification'
[2026-03-18 15:02:30] Filled SDT 'SCOPE' with XML section 'Out of scope'
[2026-03-18 15:02:30] Filled SDT 'TERMS_CONDITIONS' with XML section 'Conditions'
[2026-03-18 15:02:30] Filled SDT 'PRODUCT_SUMMARY' with XML section 'Service delivery location'
[2026-03-18 15:02:30] Filled SDT 'PRODUCT_SUMMARY' with XML section 'Service Reporting'
[2026-03-18 15:02:30] Filled SDT 'PRODUCT_SUMMARY' with XML section 'Service Window'
[2026-03-18 15:02:30] Filled SDT 'SLA_KPI' with XML section 'Service Level'
[2026-03-18 15:02:31] TOTAL SDT FIELDS FILLED: 7
[2026-03-18 15:02:31] XML→DOCX OK → output\docx\SD - TAM Oracle Goldengate [PRD.0.L.137][PV0.8][DV1.0]_mapped_FINAL.docx
