[2026-03-18 14:27:44] START extract_html for: C:\Users\koengo\Cegeka\Product Management - Product Management Library\Business Line - Cloud and Digital Platforms\[0.L] Outsourcing Services\SD - Cegeka Cloud - IBM license metric tool [PRD.0.L.179][PV0.8][DV1.0].docx
[2026-03-18 14:27:44] HTML saved: extracted_html\SD - Cegeka Cloud - IBM license metric tool [PRD.0.L.179][PV0.8][DV1.0].html
[2026-03-18 14:27:44] extract_html OK
[2026-03-18 14:27:45] START parse_html for: extracted_html\SD - Cegeka Cloud - IBM license metric tool [PRD.0.L.179][PV0.8][DV1.0].html
[2026-03-18 14:27:45] PARSE OK → output\json\SD - Cegeka Cloud - IBM license metric tool [PRD.0.L.179][PV0.8][DV1.0].json
[2026-03-18 14:42:19] START PIPELINE for C:\Users\koengo\Cegeka\Product Management - Product Management Library\Business Line - Cloud and Digital Platforms\[0.L] Outsourcing Services\SD - Cegeka Cloud - IBM license metric tool [PRD.0.L.179][PV0.8][DV1.0].docx
[2026-03-18 14:42:19] RUN extract_html.py -> C:\Users\koengo\Cegeka\Product Management - Product Management Library\Business Line - Cloud and Digital Platforms\[0.L] Outsourcing Services\SD - Cegeka Cloud - IBM license metric tool [PRD.0.L.179][PV0.8][DV1.0].docx
[2026-03-18 14:42:19] START extract_html for: C:\Users\koengo\Cegeka\Product Management - Product Management Library\Business Line - Cloud and Digital Platforms\[0.L] Outsourcing Services\SD - Cegeka Cloud - IBM license metric tool [PRD.0.L.179][PV0.8][DV1.0].docx
[2026-03-18 14:42:19] HTML saved: extracted_html\SD - Cegeka Cloud - IBM license metric tool [PRD.0.L.179][PV0.8][DV1.0].html
[2026-03-18 14:42:19] extract_html OK
[2026-03-18 14:42:19] RUN parse_html_sections.py -> C:\Users\koengo\OneDrive - Cegeka\Documents\Reusable Assets\Products\extracted_html\SD - Cegeka Cloud - IBM license metric tool [PRD.0.L.179][PV0.8][DV1.0].html
[2026-03-18 14:42:20] START parse_html for: C:\Users\koengo\OneDrive - Cegeka\Documents\Reusable Assets\Products\extracted_html\SD - Cegeka Cloud - IBM license metric tool [PRD.0.L.179][PV0.8][DV1.0].html
[2026-03-18 14:42:20] PARSE OK → output\json\SD - Cegeka Cloud - IBM license metric tool [PRD.0.L.179][PV0.8][DV1.0].json
[2026-03-18 14:42:20] RUN auto_map_sections.py -> C:\Users\koengo\OneDrive - Cegeka\Documents\Reusable Assets\Products\output\json\SD - Cegeka Cloud - IBM license metric tool [PRD.0.L.179][PV0.8][DV1.0].json
[2026-03-18 14:42:20] START auto_map for: C:\Users\koengo\OneDrive - Cegeka\Documents\Reusable Assets\Products\output\json\SD - Cegeka Cloud - IBM license metric tool [PRD.0.L.179][PV0.8][DV1.0].json
[2026-03-18 14:42:20] auto_map OK → output\mapped\SD - Cegeka Cloud - IBM license metric tool [PRD.0.L.179][PV0.8][DV1.0]_mapped.json
[2026-03-18 14:42:20] JSON->XML OK -> C:\Users\koengo\OneDrive - Cegeka\Documents\Reusable Assets\Products\output\xml\SD - Cegeka Cloud - IBM license metric tool [PRD.0.L.179][PV0.8][DV1.0]_mapped.xml
[2026-03-18 14:42:20] RUN xml_to_docx.py -> C:\Users\koengo\OneDrive - Cegeka\Documents\Reusable Assets\Products\output\xml\SD - Cegeka Cloud - IBM license metric tool [PRD.0.L.179][PV0.8][DV1.0]_mapped.xml
[2026-03-18 14:42:20] PIPELINE OK
[2026-03-18 14:48:04] START PIPELINE for C:\Users\koengo\Cegeka\Product Management - Product Management Library\Business Line - Cloud and Digital Platforms\[0.L] Outsourcing Services\SD - Cegeka Cloud - IBM license metric tool [PRD.0.L.179][PV0.8][DV1.0].docx
[2026-03-18 14:48:04] RUN extract_html.py -> C:\Users\koengo\Cegeka\Product Management - Product Management Library\Business Line - Cloud and Digital Platforms\[0.L] Outsourcing Services\SD - Cegeka Cloud - IBM license metric tool [PRD.0.L.179][PV0.8][DV1.0].docx
[2026-03-18 14:48:04] START extract_html for: C:\Users\koengo\Cegeka\Product Management - Product Management Library\Business Line - Cloud and Digital Platforms\[0.L] Outsourcing Services\SD - Cegeka Cloud - IBM license metric tool [PRD.0.L.179][PV0.8][DV1.0].docx
[2026-03-18 14:48:04] HTML saved: extracted_html\SD - Cegeka Cloud - IBM license metric tool [PRD.0.L.179][PV0.8][DV1.0].html
[2026-03-18 14:48:04] extract_html OK
[2026-03-18 14:48:04] RUN parse_html_sections.py -> C:\Users\koengo\OneDrive - Cegeka\Documents\Reusable Assets\Products\extracted_html\SD - Cegeka Cloud - IBM license metric tool [PRD.0.L.179][PV0.8][DV1.0].html
[2026-03-18 14:48:04] START parse_html for: C:\Users\koengo\OneDrive - Cegeka\Documents\Reusable Assets\Products\extracted_html\SD - Cegeka Cloud - IBM license metric tool [PRD.0.L.179][PV0.8][DV1.0].html
[2026-03-18 14:48:04] PARSE OK → output\json\SD - Cegeka Cloud - IBM license metric tool [PRD.0.L.179][PV0.8][DV1.0].json
[2026-03-18 14:48:04] RUN auto_map_sections.py -> C:\Users\koengo\OneDrive - Cegeka\Documents\Reusable Assets\Products\output\json\SD - Cegeka Cloud - IBM license metric tool [PRD.0.L.179][PV0.8][DV1.0].json
[2026-03-18 14:48:05] START auto_map for: C:\Users\koengo\OneDrive - Cegeka\Documents\Reusable Assets\Products\output\json\SD - Cegeka Cloud - IBM license metric tool [PRD.0.L.179][PV0.8][DV1.0].json
[2026-03-18 14:48:05] auto_map OK → output\mapped\SD - Cegeka Cloud - IBM license metric tool [PRD.0.L.179][PV0.8][DV1.0]_mapped.json
[2026-03-18 14:48:05] JSON->XML OK -> C:\Users\koengo\OneDrive - Cegeka\Documents\Reusable Assets\Products\output\xml\SD - Cegeka Cloud - IBM license metric tool [PRD.0.L.179][PV0.8][DV1.0]_mapped.xml
[2026-03-18 14:48:05] RUN xml_to_docx.py -> C:\Users\koengo\OneDrive - Cegeka\Documents\Reusable Assets\Products\output\xml\SD - Cegeka Cloud - IBM license metric tool [PRD.0.L.179][PV0.8][DV1.0]_mapped.xml
[2026-03-18 14:48:05] PIPELINE OK
[2026-03-18 15:01:54] START PIPELINE for C:\Users\koengo\Cegeka\Product Management - Product Management Library\Business Line - Cloud and Digital Platforms\[0.L] Outsourcing Services\SD - Cegeka Cloud - IBM license metric tool [PRD.0.L.179][PV0.8][DV1.0].docx
[2026-03-18 15:01:54] RUN extract_html.py -> C:\Users\koengo\Cegeka\Product Management - Product Management Library\Business Line - Cloud and Digital Platforms\[0.L] Outsourcing Services\SD - Cegeka Cloud - IBM license metric tool [PRD.0.L.179][PV0.8][DV1.0].docx
[2026-03-18 15:01:54] START extract_html for: C:\Users\koengo\Cegeka\Product Management - Product Management Library\Business Line - Cloud and Digital Platforms\[0.L] Outsourcing Services\SD - Cegeka Cloud - IBM license metric tool [PRD.0.L.179][PV0.8][DV1.0].docx
[2026-03-18 15:01:54] HTML saved: extracted_html\SD - Cegeka Cloud - IBM license metric tool [PRD.0.L.179][PV0.8][DV1.0].html
[2026-03-18 15:01:54] extract_html OK
[2026-03-18 15:01:54] RUN parse_html_sections.py -> C:\Users\koengo\OneDrive - Cegeka\Documents\Reusable Assets\Products\extracted_html\SD - Cegeka Cloud - IBM license metric tool [PRD.0.L.179][PV0.8][DV1.0].html
[2026-03-18 15:01:54] START parse_html for: C:\Users\koengo\OneDrive - Cegeka\Documents\Reusable Assets\Products\extracted_html\SD - Cegeka Cloud - IBM license metric tool [PRD.0.L.179][PV0.8][DV1.0].html
[2026-03-18 15:01:54] PARSE OK → output\json\SD - Cegeka Cloud - IBM license metric tool [PRD.0.L.179][PV0.8][DV1.0].json
[2026-03-18 15:01:54] RUN auto_map_sections.py -> C:\Users\koengo\OneDrive - Cegeka\Documents\Reusable Assets\Products\output\json\SD - Cegeka Cloud - IBM license metric tool [PRD.0.L.179][PV0.8][DV1.0].json
[2026-03-18 15:01:54] START auto_map for: C:\Users\koengo\OneDrive - Cegeka\Documents\Reusable Assets\Products\output\json\SD - Cegeka Cloud - IBM license metric tool [PRD.0.L.179][PV0.8][DV1.0].json
[2026-03-18 15:01:55] auto_map OK → output\mapped\SD - Cegeka Cloud - IBM license metric tool [PRD.0.L.179][PV0.8][DV1.0]_mapped.json
[2026-03-18 15:01:55] JSON->XML OK -> C:\Users\koengo\OneDrive - Cegeka\Documents\Reusable Assets\Products\output\xml\SD - Cegeka Cloud - IBM license metric tool [PRD.0.L.179][PV0.8][DV1.0]_mapped.xml
[2026-03-18 15:01:55] RUN xml_to_docx.py -> C:\Users\koengo\OneDrive - Cegeka\Documents\Reusable Assets\Products\output\xml\SD - Cegeka Cloud - IBM license metric tool [PRD.0.L.179][PV0.8][DV1.0]_mapped.xml
[2026-03-18 15:01:55] PIPELINE OK
