[2026-03-17 23:34:11] [TID:21548] Start processing SD: SD - Device Lifecycle Management [PRD.7.3.001][PV1.0][DV1.1].docx
[2026-03-17 23:34:12] [TID:21548] Extracting HTML...
[2026-03-17 23:34:12] [TID:21548] ERROR SD - Device Lifecycle Management [PRD.7.3.001][PV1.0][DV1.1].docx: Command '['C:\\Users\\koengo\\AppData\\Local\\Programs\\Python\\Python312\\python.exe', 'C:\\Users\\koengo\\OneDrive - Cegeka\\Documents\\Reusable Assets\\Products\\scripts\\extract_html.py', 'C:\\Users\\koengo\\Cegeka\\Product Management - Product Management Library\\Business Line - Digital Employee eXperience\\[7.1] Cegeka Digital Workplace Solutions\\[PRD.7.3.001] Device Lifecycle Management\\SD - Device Lifecycle Management [PRD.7.3.001][PV1.0][DV1.1].docx']' returned non-zero exit status 1.
[2026-03-17 23:39:33] [TID:24184] START SD - Device Lifecycle Management [PRD.7.3.001][PV1.0][DV1.1].docx
[2026-03-17 23:39:33] [TID:24184] Extracting HTML...
[2026-03-17 23:39:33] [TID:24184] ERROR SD - Device Lifecycle Management [PRD.7.3.001][PV1.0][DV1.1].docx: Command '['C:\\Users\\koengo\\AppData\\Local\\Programs\\Python\\Python312\\python.exe', 'C:\\Users\\koengo\\OneDrive - Cegeka\\Documents\\Reusable Assets\\Products\\scripts\\extract_html.py', 'C:\\Users\\koengo\\Cegeka\\Product Management - Product Management Library\\Business Line - Digital Employee eXperience\\[7.1] Cegeka Digital Workplace Solutions\\[PRD.7.3.001] Device Lifecycle Management\\SD - Device Lifecycle Management [PRD.7.3.001][PV1.0][DV1.1].docx']' returned non-zero exit status 1.
[2026-03-17 23:44:44] [TID:23024] START SD - Device Lifecycle Management [PRD.7.3.001][PV1.0][DV1.1].docx
[2026-03-17 23:44:44] [TID:23024] Extracting HTML...
[2026-03-17 23:44:45] [TID:23024] ERROR SD - Device Lifecycle Management [PRD.7.3.001][PV1.0][DV1.1].docx: Command '['C:\\Users\\koengo\\AppData\\Local\\Programs\\Python\\Python312\\python.exe', 'C:\\Users\\koengo\\OneDrive - Cegeka\\Documents\\Reusable Assets\\Products\\scripts\\extract_html.py', 'C:\\Users\\koengo\\Cegeka\\Product Management - Product Management Library\\Business Line - Digital Employee eXperience\\[7.1] Cegeka Digital Workplace Solutions\\[PRD.7.3.001] Device Lifecycle Management\\SD - Device Lifecycle Management [PRD.7.3.001][PV1.0][DV1.1].docx']' returned non-zero exit status 1.
[2026-03-17 23:47:12] [TID:29672] START SD - Device Lifecycle Management [PRD.7.3.001][PV1.0][DV1.1].docx
[2026-03-17 23:47:12] [TID:29672] Extracting HTML...
[2026-03-17 23:47:13] [TID:29672] ERROR SD - Device Lifecycle Management [PRD.7.3.001][PV1.0][DV1.1].docx: Command '['C:\\Users\\koengo\\AppData\\Local\\Programs\\Python\\Python312\\python.exe', 'C:\\Users\\koengo\\OneDrive - Cegeka\\Documents\\Reusable Assets\\Products\\scripts\\extract_html.py', 'C:\\Users\\koengo\\Cegeka\\Product Management - Product Management Library\\Business Line - Digital Employee eXperience\\[7.1] Cegeka Digital Workplace Solutions\\[PRD.7.3.001] Device Lifecycle Management\\SD - Device Lifecycle Management [PRD.7.3.001][PV1.0][DV1.1].docx']' returned non-zero exit status 1.
[2026-03-17 23:54:42] [TID:28188] START SD - Device Lifecycle Management [PRD.7.3.001][PV1.0][DV1.1].docx
[2026-03-17 23:54:42] [TID:28188] Extracting HTML...
[2026-03-17 23:54:43] [TID:28188] ERROR SD - Device Lifecycle Management [PRD.7.3.001][PV1.0][DV1.1].docx: Command '['C:\\Users\\koengo\\AppData\\Local\\Programs\\Python\\Python312\\python.exe', 'C:\\Users\\koengo\\OneDrive - Cegeka\\Documents\\Reusable Assets\\Products\\scripts\\extract_html.py', 'C:\\Users\\koengo\\Cegeka\\Product Management - Product Management Library\\Business Line - Digital Employee eXperience\\[7.1] Cegeka Digital Workplace Solutions\\[PRD.7.3.001] Device Lifecycle Management\\SD - Device Lifecycle Management [PRD.7.3.001][PV1.0][DV1.1].docx']' returned non-zero exit status 1.
[2026-03-18 00:02:07] [TID:29204] START SD - Device Lifecycle Management [PRD.7.3.001][PV1.0][DV1.1].docx
[2026-03-18 00:02:07] [TID:29204] Extracting HTML...
[2026-03-18 00:02:08] [TID:29204] ERROR SD - Device Lifecycle Management [PRD.7.3.001][PV1.0][DV1.1].docx: Command '['C:\\Users\\koengo\\AppData\\Local\\Programs\\Python\\Python312\\python.exe', 'C:\\Users\\koengo\\OneDrive - Cegeka\\Documents\\Reusable Assets\\Products\\scripts\\extract_html.py', 'C:\\Users\\koengo\\Cegeka\\Product Management - Product Management Library\\Business Line - Digital Employee eXperience\\[7.1] Cegeka Digital Workplace Solutions\\[PRD.7.3.001] Device Lifecycle Management\\SD - Device Lifecycle Management [PRD.7.3.001][PV1.0][DV1.1].docx']' returned non-zero exit status 1.
[2026-03-18 00:11:19] [TID:6988] START SD - Device Lifecycle Management [PRD.7.3.001][PV1.0][DV1.1].docx
[2026-03-18 00:11:20] [TID:6988] Extracting HTML...
[2026-03-18 00:11:20] [TID:6988] ERROR SD - Device Lifecycle Management [PRD.7.3.001][PV1.0][DV1.1].docx: Command '['C:\\Users\\koengo\\AppData\\Local\\Programs\\Python\\Python312\\python.exe', 'C:\\Users\\koengo\\OneDrive - Cegeka\\Documents\\Reusable Assets\\Products\\scripts\\extract_html.py', 'C:\\Users\\koengo\\Cegeka\\Product Management - Product Management Library\\Business Line - Digital Employee eXperience\\[7.1] Cegeka Digital Workplace Solutions\\[PRD.7.3.001] Device Lifecycle Management\\SD - Device Lifecycle Management [PRD.7.3.001][PV1.0][DV1.1].docx']' returned non-zero exit status 1.
[2026-03-18 00:24:41] [TID:6152] START SD - Device Lifecycle Management [PRD.7.3.001][PV1.0][DV1.1].docx
[2026-03-18 00:24:41] [TID:6152] [DEBUG] Running step: extract_html
[2026-03-18 00:24:41] [TID:6152] [DEBUG] Command: ['C:\\Users\\koengo\\AppData\\Local\\Programs\\Python\\Python312\\python.exe', 'C:\\Users\\koengo\\OneDrive - Cegeka\\Documents\\Reusable Assets\\Products\\scripts\\extract_html.py', 'C:\\Users\\koengo\\Cegeka\\Product Management - Product Management Library\\Business Line - Digital Employee eXperience\\[7.1] Cegeka Digital Workplace Solutions\\[PRD.7.3.001] Device Lifecycle Management\\SD - Device Lifecycle Management [PRD.7.3.001][PV1.0][DV1.1].docx']
[2026-03-18 00:24:41] [TID:6152] [DEBUG][stderr] Traceback (most recent call last):
  File "C:\Users\koengo\OneDrive - Cegeka\Documents\Reusable Assets\Products\scripts\extract_html.py", line 12, in <module>
    with open(sd_file, "rb") as f:
         ^^^^^^^^^^^^^^^^^^^
FileNotFoundError: [Errno 2] No such file or directory: 'C:\\Users\\koengo\\Cegeka\\Product Management - Product Management Library\\Business Line - Digital Employee eXperience\\[7.1] Cegeka Digital Workplace Solutions\\[PRD.7.3.001] Device Lifecycle Management\\SD - Device Lifecycle Management [PRD.7.3.001][PV1.0][DV1.1].docx'

[2026-03-18 00:24:42] [TID:6152] ERROR SD - Device Lifecycle Management [PRD.7.3.001][PV1.0][DV1.1].docx: [extract_html] FAILED with exit code 1
[2026-03-18 00:28:41] [TID:29492] START SD - Device Lifecycle Management [PRD.7.3.001][PV1.0][DV1.1].docx
[2026-03-18 00:28:41] [TID:29492] [DEBUG] Running step: extract_html
[2026-03-18 00:28:41] [TID:29492] [DEBUG] Command: ['C:\\Users\\koengo\\AppData\\Local\\Programs\\Python\\Python312\\python.exe', 'C:\\Users\\koengo\\OneDrive - Cegeka\\Documents\\Reusable Assets\\Products\\scripts\\extract_html.py', 'C:\\Users\\koengo\\Cegeka\\Product Management - Product Management Library\\Business Line - Digital Employee eXperience\\[7.1] Cegeka Digital Workplace Solutions\\[PRD.7.3.001] Device Lifecycle Management\\SD - Device Lifecycle Management [PRD.7.3.001][PV1.0][DV1.1].docx']
[2026-03-18 00:28:41] [TID:29492] [DEBUG][stderr] Traceback (most recent call last):
  File "C:\Users\koengo\OneDrive - Cegeka\Documents\Reusable Assets\Products\scripts\extract_html.py", line 12, in <module>
    with open(sd_file, "rb") as f:
         ^^^^^^^^^^^^^^^^^^^
FileNotFoundError: [Errno 2] No such file or directory: 'C:\\Users\\koengo\\Cegeka\\Product Management - Product Management Library\\Business Line - Digital Employee eXperience\\[7.1] Cegeka Digital Workplace Solutions\\[PRD.7.3.001] Device Lifecycle Management\\SD - Device Lifecycle Management [PRD.7.3.001][PV1.0][DV1.1].docx'

[2026-03-18 00:28:41] [TID:29492] ERROR SD - Device Lifecycle Management [PRD.7.3.001][PV1.0][DV1.1].docx: [extract_html] FAILED with exit code 1
[2026-03-18 00:39:42] [TID:12044] START SD - Device Lifecycle Management [PRD.7.3.001][PV1.0][DV1.1].docx
[2026-03-18 00:39:42] [TID:12044] [DEBUG] Running step: extract_html
[2026-03-18 00:39:42] [TID:12044] [DEBUG] Command: ['C:\\Users\\koengo\\AppData\\Local\\Programs\\Python\\Python312\\python.exe', 'C:\\Users\\koengo\\OneDrive - Cegeka\\Documents\\Reusable Assets\\Products\\scripts\\extract_html.py', 'C:\\Users\\koengo\\Cegeka\\Product Management - Product Management Library\\Business Line - Digital Employee eXperience\\[7.1] Cegeka Digital Workplace Solutions\\[PRD.7.3.001] Device Lifecycle Management\\SD - Device Lifecycle Management [PRD.7.3.001][PV1.0][DV1.1].docx']
[2026-03-18 00:39:42] [TID:12044] [DEBUG][stderr] Traceback (most recent call last):
  File "C:\Users\koengo\OneDrive - Cegeka\Documents\Reusable Assets\Products\scripts\extract_html.py", line 12, in <module>
    with open(sd_file, "rb") as f:
         ^^^^^^^^^^^^^^^^^^^
FileNotFoundError: [Errno 2] No such file or directory: 'C:\\Users\\koengo\\Cegeka\\Product Management - Product Management Library\\Business Line - Digital Employee eXperience\\[7.1] Cegeka Digital Workplace Solutions\\[PRD.7.3.001] Device Lifecycle Management\\SD - Device Lifecycle Management [PRD.7.3.001][PV1.0][DV1.1].docx'

[2026-03-18 00:39:43] [TID:12044] ERROR SD - Device Lifecycle Management [PRD.7.3.001][PV1.0][DV1.1].docx: [extract_html] FAILED with exit code 1
[2026-03-18 00:51:58] [TID:18100] START SD - Device Lifecycle Management [PRD.7.3.001][PV1.0][DV1.1].docx
[2026-03-18 00:51:58] [TID:18100] [DEBUG] Running step: extract_html
[2026-03-18 00:51:58] [TID:18100] [DEBUG] Command: ['C:\\Users\\koengo\\AppData\\Local\\Programs\\Python\\Python312\\python.exe', 'C:\\Users\\koengo\\OneDrive - Cegeka\\Documents\\Reusable Assets\\Products\\scripts\\extract_html.py', 'C:\\Users\\koengo\\Cegeka\\Product Management - Product Management Library\\Business Line - Digital Employee eXperience\\[7.1] Cegeka Digital Workplace Solutions\\[PRD.7.3.001] Device Lifecycle Management\\SD - Device Lifecycle Management [PRD.7.3.001][PV1.0][DV1.1].docx']
[2026-03-18 00:51:59] [TID:18100] [DEBUG][stdout] EXTRACT ERROR: [Errno 2] No such file or directory: 'C:\\Users\\koengo\\Cegeka\\Product Management - Product Management Library\\Business Line - Digital Employee eXperience\\[7.1] Cegeka Digital Workplace Solutions\\[PRD.7.3.001] Device Lifecycle Management\\SD - Device Lifecycle Management [PRD.7.3.001][PV1.0][DV1.1].docx'

[2026-03-18 00:51:59] [TID:18100] ERROR SD - Device Lifecycle Management [PRD.7.3.001][PV1.0][DV1.1].docx: [extract_html] FAILED with exit code 1
[2026-03-18 01:01:16] [TID:28604] START SD - Device Lifecycle Management [PRD.7.3.001][PV1.0][DV1.1].docx
[2026-03-18 01:01:16] [TID:28604] [DEBUG] Running step: extract_html
[2026-03-18 01:01:16] [TID:28604] [DEBUG] Command: ['C:\\Users\\koengo\\AppData\\Local\\Programs\\Python\\Python312\\python.exe', 'C:\\Users\\koengo\\OneDrive - Cegeka\\Documents\\Reusable Assets\\Products\\scripts\\extract_html.py', 'C:\\Users\\koengo\\Cegeka\\Product Management - Product Management Library\\Business Line - Digital Employee eXperience\\[7.1] Cegeka Digital Workplace Solutions\\[PRD.7.3.001] Device Lifecycle Management\\SD - Device Lifecycle Management [PRD.7.3.001][PV1.0][DV1.1].docx']
[2026-03-18 01:01:16] [TID:28604] [DEBUG][stdout] EXTRACT ERROR: [Errno 2] No such file or directory: 'C:\\Users\\koengo\\Cegeka\\Product Management - Product Management Library\\Business Line - Digital Employee eXperience\\[7.1] Cegeka Digital Workplace Solutions\\[PRD.7.3.001] Device Lifecycle Management\\SD - Device Lifecycle Management [PRD.7.3.001][PV1.0][DV1.1].docx'

[2026-03-18 01:01:16] [TID:28604] ERROR SD - Device Lifecycle Management [PRD.7.3.001][PV1.0][DV1.1].docx: [extract_html] FAILED with exit code 1
[2026-03-18 01:16:52] [TID:28236] START SD - Device Lifecycle Management [PRD.7.3.001][PV1.0][DV1.1].docx
[2026-03-18 01:16:52] [TID:28236] [DEBUG] Running step: extract_html
[2026-03-18 01:16:52] [TID:28236] [DEBUG] Command: ['C:\\Users\\koengo\\AppData\\Local\\Programs\\Python\\Python312\\python.exe', 'C:\\Users\\koengo\\OneDrive - Cegeka\\Documents\\Reusable Assets\\Products\\scripts\\extract_html.py', 'C:\\Users\\koengo\\Cegeka\\Product Management - Product Management Library\\Business Line - Digital Employee eXperience\\[7.1] Cegeka Digital Workplace Solutions\\[PRD.7.3.001] Device Lifecycle Management\\SD - Device Lifecycle Management [PRD.7.3.001][PV1.0][DV1.1].docx']
[2026-03-18 01:16:52] [TID:28236] [DEBUG][stdout] EXTRACT ERROR: [Errno 2] No such file or directory: 'C:\\Users\\koengo\\Cegeka\\Product Management - Product Management Library\\Business Line - Digital Employee eXperience\\[7.1] Cegeka Digital Workplace Solutions\\[PRD.7.3.001] Device Lifecycle Management\\SD - Device Lifecycle Management [PRD.7.3.001][PV1.0][DV1.1].docx'

[2026-03-18 01:16:52] [TID:28236] ERROR SD - Device Lifecycle Management [PRD.7.3.001][PV1.0][DV1.1].docx: [extract_html] FAILED with exit code 1
[2026-03-18 01:30:48] [TID:940] START SD - Device Lifecycle Management [PRD.7.3.001][PV1.0][DV1.1].docx
[2026-03-18 01:30:48] [TID:940] [DEBUG] Running step: extract_html
[2026-03-18 01:30:48] [TID:940] [DEBUG] Command: ['C:\\Users\\koengo\\AppData\\Local\\Programs\\Python\\Python312\\python.exe', 'C:\\Users\\koengo\\OneDrive - Cegeka\\Documents\\Reusable Assets\\Products\\scripts\\extract_html.py', 'C:\\Users\\koengo\\Cegeka\\Product Management - Product Management Library\\Business Line - Digital Employee eXperience\\[7.1] Cegeka Digital Workplace Solutions\\[PRD.7.3.001] Device Lifecycle Management\\SD - Device Lifecycle Management [PRD.7.3.001][PV1.0][DV1.1].docx']
[2026-03-18 01:30:48] [TID:940] [DEBUG][stderr]   File "C:\Users\koengo\OneDrive - Cegeka\Documents\Reusable Assets\Products\scripts\extract_html.py", line 31
    ``
    ^
SyntaxError: invalid syntax

[2026-03-18 01:30:48] [TID:940] ERROR SD - Device Lifecycle Management [PRD.7.3.001][PV1.0][DV1.1].docx: [extract_html] FAILED with exit code 1
[2026-03-18 01:33:11] [TID:19504] START SD - Device Lifecycle Management [PRD.7.3.001][PV1.0][DV1.1].docx
[2026-03-18 01:33:11] [TID:19504] [DEBUG] Running step: extract_html
[2026-03-18 01:33:11] [TID:19504] [DEBUG] Command: ['C:\\Users\\koengo\\AppData\\Local\\Programs\\Python\\Python312\\python.exe', 'C:\\Users\\koengo\\OneDrive - Cegeka\\Documents\\Reusable Assets\\Products\\scripts\\extract_html.py', 'C:\\Users\\koengo\\Cegeka\\Product Management - Product Management Library\\Business Line - Digital Employee eXperience\\[7.1] Cegeka Digital Workplace Solutions\\[PRD.7.3.001] Device Lifecycle Management\\SD - Device Lifecycle Management [PRD.7.3.001][PV1.0][DV1.1].docx']
[2026-03-18 01:33:11] [TID:19504] [DEBUG][stdout] EXTRACT ERROR: [Errno 2] No such file or directory: 'C:\\Users\\koengo\\Cegeka\\Product Management - Product Management Library\\Business Line - Digital Employee eXperience\\[7.1] Cegeka Digital Workplace Solutions\\[PRD.7.3.001] Device Lifecycle Management\\SD - Device Lifecycle Management [PRD.7.3.001][PV1.0][DV1.1].docx'

[2026-03-18 01:33:11] [TID:19504] ERROR SD - Device Lifecycle Management [PRD.7.3.001][PV1.0][DV1.1].docx: [extract_html] FAILED with exit code 1
[2026-03-18 01:40:21] [TID:28640] START SD - Device Lifecycle Management [PRD.7.3.001][PV1.0][DV1.1].docx
[2026-03-18 01:40:21] [TID:28640] [DEBUG] Running step: extract_html
[2026-03-18 01:40:21] [TID:28640] [DEBUG] Command: ['C:\\Users\\koengo\\AppData\\Local\\Programs\\Python\\Python312\\python.exe', 'C:\\Users\\koengo\\OneDrive - Cegeka\\Documents\\Reusable Assets\\Products\\scripts\\extract_html.py', 'C:\\Users\\koengo\\Cegeka\\Product Management - Product Management Library\\Business Line - Digital Employee eXperience\\[7.1] Cegeka Digital Workplace Solutions\\[PRD.7.3.001] Device Lifecycle Management\\SD - Device Lifecycle Management [PRD.7.3.001][PV1.0][DV1.1].docx']
[2026-03-18 01:40:22] [TID:28640] [DEBUG][stdout] EXTRACT ERROR: [Errno 2] No such file or directory: 'C:\\Users\\koengo\\Cegeka\\Product Management - Product Management Library\\Business Line - Digital Employee eXperience\\[7.1] Cegeka Digital Workplace Solutions\\[PRD.7.3.001] Device Lifecycle Management\\SD - Device Lifecycle Management [PRD.7.3.001][PV1.0][DV1.1].docx'

[2026-03-18 01:40:22] [TID:28640] ERROR SD - Device Lifecycle Management [PRD.7.3.001][PV1.0][DV1.1].docx: [extract_html] FAILED with exit code 1
