[2026-03-18 14:49:50] START xml_to_docx_v3_fixed for: C:\Users\koengo\OneDrive - Cegeka\Documents\Reusable Assets\Products\output\xml\SD - Managed Dedicated FW platform [PRD.4.2.001][PV0.8][DV1.1]_mapped.xml
[2026-03-18 14:49:50] Filled SDT 'PRODUCT_SUMMARY' with XML section 'Service identification'
[2026-03-18 14:49:50] Filled SDT 'SCOPE' with XML section 'Out of scope'
[2026-03-18 14:49:50] Filled SDT 'TERMS_CONDITIONS' with XML section 'Conditions'
[2026-03-18 14:49:50] Filled SDT 'PRODUCT_SUMMARY' with XML section 'Service delivery location'
[2026-03-18 14:49:50] Filled SDT 'PRODUCT_SUMMARY' with XML section 'Service Reporting'
[2026-03-18 14:49:50] Filled SDT 'PRODUCT_SUMMARY' with XML section 'Service Window'
[2026-03-18 14:49:50] Filled SDT 'SLA_KPI' with XML section 'Service Level'
[2026-03-18 14:49:51] TOTAL SDT FIELDS FILLED: 7
[2026-03-18 14:49:51] XML→DOCX OK → output\docx\SD - Managed Dedicated FW platform [PRD.4.2.001][PV0.8][DV1.1]_mapped_FINAL.docx
[2026-03-18 15:03:38] START xml_to_docx_v3_fixed for: C:\Users\koengo\OneDrive - Cegeka\Documents\Reusable Assets\Products\output\xml\SD - Managed Dedicated FW platform [PRD.4.2.001][PV0.8][DV1.1]_mapped.xml
[2026-03-18 15:03:38] Filled SDT 'PRODUCT_SUMMARY' with XML section 'Service identification'
[2026-03-18 15:03:38] Filled SDT 'SCOPE' with XML section 'Out of scope'
[2026-03-18 15:03:38] Filled SDT 'TERMS_CONDITIONS' with XML section 'Conditions'
[2026-03-18 15:03:38] Filled SDT 'PRODUCT_SUMMARY' with XML section 'Service delivery location'
[2026-03-18 15:03:38] Filled SDT 'PRODUCT_SUMMARY' with XML section 'Service Reporting'
[2026-03-18 15:03:38] Filled SDT 'PRODUCT_SUMMARY' with XML section 'Service Window'
[2026-03-18 15:03:38] Filled SDT 'SLA_KPI' with XML section 'Service Level'
[2026-03-18 15:03:38] TOTAL SDT FIELDS FILLED: 7
[2026-03-18 15:03:38] XML→DOCX OK → output\docx\SD - Managed Dedicated FW platform [PRD.4.2.001][PV0.8][DV1.1]_mapped_FINAL.docx
