[2026-03-18 14:43:05] START xml_to_docx_v3_fixed for: C:\Users\koengo\OneDrive - Cegeka\Documents\Reusable Assets\Products\output\xml\SD - TAM Oracle Data Integrator ODI [PRD.0.L.138][PV0.8][DV1.0]_mapped.xml
[2026-03-18 14:43:05] Filled SDT 'PRODUCT_SUMMARY' with XML section 'Service identification'
[2026-03-18 14:43:05] Filled SDT 'SCOPE' with XML section 'Out of scope'
[2026-03-18 14:43:05] Filled SDT 'TERMS_CONDITIONS' with XML section 'Conditions'
[2026-03-18 14:43:05] Filled SDT 'PRODUCT_SUMMARY' with XML section 'Service delivery location'
[2026-03-18 14:43:05] Filled SDT 'PRODUCT_SUMMARY' with XML section 'Service Reporting'
[2026-03-18 14:43:05] Filled SDT 'PRODUCT_SUMMARY' with XML section 'Service Window'
[2026-03-18 14:43:05] Filled SDT 'SLA_KPI' with XML section 'Service Level'
[2026-03-18 14:43:06] TOTAL SDT FIELDS FILLED: 7
[2026-03-18 14:43:06] XML→DOCX OK → output\docx\SD - TAM Oracle Data Integrator ODI [PRD.0.L.138][PV0.8][DV1.0]_mapped_FINAL.docx
[2026-03-18 14:48:40] START xml_to_docx_v3_fixed for: C:\Users\koengo\OneDrive - Cegeka\Documents\Reusable Assets\Products\output\xml\SD - TAM Oracle Data Integrator ODI [PRD.0.L.138][PV0.8][DV1.0]_mapped.xml
[2026-03-18 14:48:41] Filled SDT 'PRODUCT_SUMMARY' with XML section 'Service identification'
[2026-03-18 14:48:41] Filled SDT 'SCOPE' with XML section 'Out of scope'
[2026-03-18 14:48:41] Filled SDT 'TERMS_CONDITIONS' with XML section 'Conditions'
[2026-03-18 14:48:41] Filled SDT 'PRODUCT_SUMMARY' with XML section 'Service delivery location'
[2026-03-18 14:48:41] Filled SDT 'PRODUCT_SUMMARY' with XML section 'Service Reporting'
[2026-03-18 14:48:41] Filled SDT 'PRODUCT_SUMMARY' with XML section 'Service Window'
[2026-03-18 14:48:41] Filled SDT 'SLA_KPI' with XML section 'Service Level'
[2026-03-18 14:48:41] TOTAL SDT FIELDS FILLED: 7
[2026-03-18 14:48:41] XML→DOCX OK → output\docx\SD - TAM Oracle Data Integrator ODI [PRD.0.L.138][PV0.8][DV1.0]_mapped_FINAL.docx
[2026-03-18 15:02:29] START xml_to_docx_v3_fixed for: C:\Users\koengo\OneDrive - Cegeka\Documents\Reusable Assets\Products\output\xml\SD - TAM Oracle Data Integrator ODI [PRD.0.L.138][PV0.8][DV1.0]_mapped.xml
[2026-03-18 15:02:29] Filled SDT 'PRODUCT_SUMMARY' with XML section 'Service identification'
[2026-03-18 15:02:29] Filled SDT 'SCOPE' with XML section 'Out of scope'
[2026-03-18 15:02:29] Filled SDT 'TERMS_CONDITIONS' with XML section 'Conditions'
[2026-03-18 15:02:29] Filled SDT 'PRODUCT_SUMMARY' with XML section 'Service delivery location'
[2026-03-18 15:02:29] Filled SDT 'PRODUCT_SUMMARY' with XML section 'Service Reporting'
[2026-03-18 15:02:29] Filled SDT 'PRODUCT_SUMMARY' with XML section 'Service Window'
[2026-03-18 15:02:29] Filled SDT 'SLA_KPI' with XML section 'Service Level'
[2026-03-18 15:02:29] TOTAL SDT FIELDS FILLED: 7
[2026-03-18 15:02:29] XML→DOCX OK → output\docx\SD - TAM Oracle Data Integrator ODI [PRD.0.L.138][PV0.8][DV1.0]_mapped_FINAL.docx
