[2026-03-18 14:42:29] START xml_to_docx_v3_fixed for: C:\Users\koengo\OneDrive - Cegeka\Documents\Reusable Assets\Products\output\xml\SD - Cegeka Cloud Shared LAN Services [PRD.0.L.102][PV0.8][DV1.1]_mapped.xml
[2026-03-18 14:42:29] Filled SDT 'PRODUCT_SUMMARY' with XML section 'Service identification'
[2026-03-18 14:42:29] Filled SDT 'SCOPE' with XML section 'Out of scope'
[2026-03-18 14:42:29] Filled SDT 'PRODUCT_SUMMARY' with XML section 'Service delivery location'
[2026-03-18 14:42:29] Filled SDT 'PRODUCT_SUMMARY' with XML section 'Service Reporting'
[2026-03-18 14:42:29] Filled SDT 'PRODUCT_SUMMARY' with XML section 'Service Window'
[2026-03-18 14:42:29] Filled SDT 'SLA_KPI' with XML section 'Service Level'
[2026-03-18 14:42:29] TOTAL SDT FIELDS FILLED: 6
[2026-03-18 14:42:29] XML→DOCX OK → output\docx\SD - Cegeka Cloud Shared LAN Services [PRD.0.L.102][PV0.8][DV1.1]_mapped_FINAL.docx
[2026-03-18 14:48:13] START xml_to_docx_v3_fixed for: C:\Users\koengo\OneDrive - Cegeka\Documents\Reusable Assets\Products\output\xml\SD - Cegeka Cloud Shared LAN Services [PRD.0.L.102][PV0.8][DV1.1]_mapped.xml
[2026-03-18 14:48:13] Filled SDT 'PRODUCT_SUMMARY' with XML section 'Service identification'
[2026-03-18 14:48:13] Filled SDT 'SCOPE' with XML section 'Out of scope'
[2026-03-18 14:48:13] Filled SDT 'PRODUCT_SUMMARY' with XML section 'Service delivery location'
[2026-03-18 14:48:13] Filled SDT 'PRODUCT_SUMMARY' with XML section 'Service Reporting'
[2026-03-18 14:48:13] Filled SDT 'PRODUCT_SUMMARY' with XML section 'Service Window'
[2026-03-18 14:48:13] Filled SDT 'SLA_KPI' with XML section 'Service Level'
[2026-03-18 14:48:13] TOTAL SDT FIELDS FILLED: 6
[2026-03-18 14:48:14] XML→DOCX OK → output\docx\SD - Cegeka Cloud Shared LAN Services [PRD.0.L.102][PV0.8][DV1.1]_mapped_FINAL.docx
[2026-03-18 15:02:03] START xml_to_docx_v3_fixed for: C:\Users\koengo\OneDrive - Cegeka\Documents\Reusable Assets\Products\output\xml\SD - Cegeka Cloud Shared LAN Services [PRD.0.L.102][PV0.8][DV1.1]_mapped.xml
[2026-03-18 15:02:03] Filled SDT 'PRODUCT_SUMMARY' with XML section 'Service identification'
[2026-03-18 15:02:03] Filled SDT 'SCOPE' with XML section 'Out of scope'
[2026-03-18 15:02:03] Filled SDT 'PRODUCT_SUMMARY' with XML section 'Service delivery location'
[2026-03-18 15:02:03] Filled SDT 'PRODUCT_SUMMARY' with XML section 'Service Reporting'
[2026-03-18 15:02:03] Filled SDT 'PRODUCT_SUMMARY' with XML section 'Service Window'
[2026-03-18 15:02:03] Filled SDT 'SLA_KPI' with XML section 'Service Level'
[2026-03-18 15:02:03] TOTAL SDT FIELDS FILLED: 6
[2026-03-18 15:02:03] XML→DOCX OK → output\docx\SD - Cegeka Cloud Shared LAN Services [PRD.0.L.102][PV0.8][DV1.1]_mapped_FINAL.docx
