[2026-03-17 23:34:09] [TID:19352] Start processing SD: SD - Cegeka VM Cyber Protection & Recovery Service [PRD.0.8.001][PV1.0][DV1.0].docx
[2026-03-17 23:34:09] [TID:19352] Extracting HTML...
[2026-03-17 23:34:10] [TID:19352] ERROR SD - Cegeka VM Cyber Protection & Recovery Service [PRD.0.8.001][PV1.0][DV1.0].docx: Command '['C:\\Users\\koengo\\AppData\\Local\\Programs\\Python\\Python312\\python.exe', 'C:\\Users\\koengo\\OneDrive - Cegeka\\Documents\\Reusable Assets\\Products\\scripts\\extract_html.py', 'C:\\Users\\koengo\\Cegeka\\Product Management - Product Management Library\\Business Line - Cloud and Digital Platforms\\[0.8] Cegeka Cyber Recovery Services & Solutions\\[PRD.0.8.001] Cegeka VM Cyber Protection & Recovery Service\\SD - Cegeka VM Cyber Protection & Recovery Service [PRD.0.8.001][PV1.0][DV1.0].docx']' returned non-zero exit status 1.
[2026-03-17 23:39:30] [TID:28696] START SD - Cegeka VM Cyber Protection & Recovery Service [PRD.0.8.001][PV1.0][DV1.0].docx
[2026-03-17 23:39:30] [TID:28696] Extracting HTML...
[2026-03-17 23:39:31] [TID:28696] ERROR SD - Cegeka VM Cyber Protection & Recovery Service [PRD.0.8.001][PV1.0][DV1.0].docx: Command '['C:\\Users\\koengo\\AppData\\Local\\Programs\\Python\\Python312\\python.exe', 'C:\\Users\\koengo\\OneDrive - Cegeka\\Documents\\Reusable Assets\\Products\\scripts\\extract_html.py', 'C:\\Users\\koengo\\Cegeka\\Product Management - Product Management Library\\Business Line - Cloud and Digital Platforms\\[0.8] Cegeka Cyber Recovery Services & Solutions\\[PRD.0.8.001] Cegeka VM Cyber Protection & Recovery Service\\SD - Cegeka VM Cyber Protection & Recovery Service [PRD.0.8.001][PV1.0][DV1.0].docx']' returned non-zero exit status 1.
[2026-03-17 23:44:42] [TID:27780] START SD - Cegeka VM Cyber Protection & Recovery Service [PRD.0.8.001][PV1.0][DV1.0].docx
[2026-03-17 23:44:42] [TID:27780] Extracting HTML...
[2026-03-17 23:44:42] [TID:27780] ERROR SD - Cegeka VM Cyber Protection & Recovery Service [PRD.0.8.001][PV1.0][DV1.0].docx: Command '['C:\\Users\\koengo\\AppData\\Local\\Programs\\Python\\Python312\\python.exe', 'C:\\Users\\koengo\\OneDrive - Cegeka\\Documents\\Reusable Assets\\Products\\scripts\\extract_html.py', 'C:\\Users\\koengo\\Cegeka\\Product Management - Product Management Library\\Business Line - Cloud and Digital Platforms\\[0.8] Cegeka Cyber Recovery Services & Solutions\\[PRD.0.8.001] Cegeka VM Cyber Protection & Recovery Service\\SD - Cegeka VM Cyber Protection & Recovery Service [PRD.0.8.001][PV1.0][DV1.0].docx']' returned non-zero exit status 1.
[2026-03-17 23:47:10] [TID:12148] START SD - Cegeka VM Cyber Protection & Recovery Service [PRD.0.8.001][PV1.0][DV1.0].docx
[2026-03-17 23:47:10] [TID:12148] Extracting HTML...
[2026-03-17 23:47:11] [TID:12148] ERROR SD - Cegeka VM Cyber Protection & Recovery Service [PRD.0.8.001][PV1.0][DV1.0].docx: Command '['C:\\Users\\koengo\\AppData\\Local\\Programs\\Python\\Python312\\python.exe', 'C:\\Users\\koengo\\OneDrive - Cegeka\\Documents\\Reusable Assets\\Products\\scripts\\extract_html.py', 'C:\\Users\\koengo\\Cegeka\\Product Management - Product Management Library\\Business Line - Cloud and Digital Platforms\\[0.8] Cegeka Cyber Recovery Services & Solutions\\[PRD.0.8.001] Cegeka VM Cyber Protection & Recovery Service\\SD - Cegeka VM Cyber Protection & Recovery Service [PRD.0.8.001][PV1.0][DV1.0].docx']' returned non-zero exit status 1.
[2026-03-17 23:54:39] [TID:22136] START SD - Cegeka VM Cyber Protection & Recovery Service [PRD.0.8.001][PV1.0][DV1.0].docx
[2026-03-17 23:54:39] [TID:22136] Extracting HTML...
[2026-03-17 23:54:40] [TID:22136] ERROR SD - Cegeka VM Cyber Protection & Recovery Service [PRD.0.8.001][PV1.0][DV1.0].docx: Command '['C:\\Users\\koengo\\AppData\\Local\\Programs\\Python\\Python312\\python.exe', 'C:\\Users\\koengo\\OneDrive - Cegeka\\Documents\\Reusable Assets\\Products\\scripts\\extract_html.py', 'C:\\Users\\koengo\\Cegeka\\Product Management - Product Management Library\\Business Line - Cloud and Digital Platforms\\[0.8] Cegeka Cyber Recovery Services & Solutions\\[PRD.0.8.001] Cegeka VM Cyber Protection & Recovery Service\\SD - Cegeka VM Cyber Protection & Recovery Service [PRD.0.8.001][PV1.0][DV1.0].docx']' returned non-zero exit status 1.
[2026-03-18 00:02:04] [TID:4276] START SD - Cegeka VM Cyber Protection & Recovery Service [PRD.0.8.001][PV1.0][DV1.0].docx
[2026-03-18 00:02:05] [TID:4276] Extracting HTML...
[2026-03-18 00:02:05] [TID:4276] ERROR SD - Cegeka VM Cyber Protection & Recovery Service [PRD.0.8.001][PV1.0][DV1.0].docx: Command '['C:\\Users\\koengo\\AppData\\Local\\Programs\\Python\\Python312\\python.exe', 'C:\\Users\\koengo\\OneDrive - Cegeka\\Documents\\Reusable Assets\\Products\\scripts\\extract_html.py', 'C:\\Users\\koengo\\Cegeka\\Product Management - Product Management Library\\Business Line - Cloud and Digital Platforms\\[0.8] Cegeka Cyber Recovery Services & Solutions\\[PRD.0.8.001] Cegeka VM Cyber Protection & Recovery Service\\SD - Cegeka VM Cyber Protection & Recovery Service [PRD.0.8.001][PV1.0][DV1.0].docx']' returned non-zero exit status 1.
[2026-03-18 00:11:17] [TID:22472] START SD - Cegeka VM Cyber Protection & Recovery Service [PRD.0.8.001][PV1.0][DV1.0].docx
[2026-03-18 00:11:17] [TID:22472] Extracting HTML...
[2026-03-18 00:11:17] [TID:22472] ERROR SD - Cegeka VM Cyber Protection & Recovery Service [PRD.0.8.001][PV1.0][DV1.0].docx: Command '['C:\\Users\\koengo\\AppData\\Local\\Programs\\Python\\Python312\\python.exe', 'C:\\Users\\koengo\\OneDrive - Cegeka\\Documents\\Reusable Assets\\Products\\scripts\\extract_html.py', 'C:\\Users\\koengo\\Cegeka\\Product Management - Product Management Library\\Business Line - Cloud and Digital Platforms\\[0.8] Cegeka Cyber Recovery Services & Solutions\\[PRD.0.8.001] Cegeka VM Cyber Protection & Recovery Service\\SD - Cegeka VM Cyber Protection & Recovery Service [PRD.0.8.001][PV1.0][DV1.0].docx']' returned non-zero exit status 1.
[2026-03-18 00:24:35] [TID:29648] START SD - Cegeka VM Cyber Protection & Recovery Service [PRD.0.8.001][PV1.0][DV1.0].docx
[2026-03-18 00:24:36] [TID:29648] [DEBUG] Running step: extract_html
[2026-03-18 00:24:36] [TID:29648] [DEBUG] Command: ['C:\\Users\\koengo\\AppData\\Local\\Programs\\Python\\Python312\\python.exe', 'C:\\Users\\koengo\\OneDrive - Cegeka\\Documents\\Reusable Assets\\Products\\scripts\\extract_html.py', 'C:\\Users\\koengo\\Cegeka\\Product Management - Product Management Library\\Business Line - Cloud and Digital Platforms\\[0.8] Cegeka Cyber Recovery Services & Solutions\\[PRD.0.8.001] Cegeka VM Cyber Protection & Recovery Service\\SD - Cegeka VM Cyber Protection & Recovery Service [PRD.0.8.001][PV1.0][DV1.0].docx']
[2026-03-18 00:24:37] [TID:29648] [DEBUG][stderr] Traceback (most recent call last):
  File "C:\Users\koengo\OneDrive - Cegeka\Documents\Reusable Assets\Products\scripts\extract_html.py", line 12, in <module>
    with open(sd_file, "rb") as f:
         ^^^^^^^^^^^^^^^^^^^
FileNotFoundError: [Errno 2] No such file or directory: 'C:\\Users\\koengo\\Cegeka\\Product Management - Product Management Library\\Business Line - Cloud and Digital Platforms\\[0.8] Cegeka Cyber Recovery Services & Solutions\\[PRD.0.8.001] Cegeka VM Cyber Protection & Recovery Service\\SD - Cegeka VM Cyber Protection & Recovery Service [PRD.0.8.001][PV1.0][DV1.0].docx'

[2026-03-18 00:24:37] [TID:29648] ERROR SD - Cegeka VM Cyber Protection & Recovery Service [PRD.0.8.001][PV1.0][DV1.0].docx: [extract_html] FAILED with exit code 1
[2026-03-18 00:28:36] [TID:29492] START SD - Cegeka VM Cyber Protection & Recovery Service [PRD.0.8.001][PV1.0][DV1.0].docx
[2026-03-18 00:28:36] [TID:29492] [DEBUG] Running step: extract_html
[2026-03-18 00:28:36] [TID:29492] [DEBUG] Command: ['C:\\Users\\koengo\\AppData\\Local\\Programs\\Python\\Python312\\python.exe', 'C:\\Users\\koengo\\OneDrive - Cegeka\\Documents\\Reusable Assets\\Products\\scripts\\extract_html.py', 'C:\\Users\\koengo\\Cegeka\\Product Management - Product Management Library\\Business Line - Cloud and Digital Platforms\\[0.8] Cegeka Cyber Recovery Services & Solutions\\[PRD.0.8.001] Cegeka VM Cyber Protection & Recovery Service\\SD - Cegeka VM Cyber Protection & Recovery Service [PRD.0.8.001][PV1.0][DV1.0].docx']
[2026-03-18 00:28:37] [TID:29492] [DEBUG][stderr] Traceback (most recent call last):
  File "C:\Users\koengo\OneDrive - Cegeka\Documents\Reusable Assets\Products\scripts\extract_html.py", line 12, in <module>
    with open(sd_file, "rb") as f:
         ^^^^^^^^^^^^^^^^^^^
FileNotFoundError: [Errno 2] No such file or directory: 'C:\\Users\\koengo\\Cegeka\\Product Management - Product Management Library\\Business Line - Cloud and Digital Platforms\\[0.8] Cegeka Cyber Recovery Services & Solutions\\[PRD.0.8.001] Cegeka VM Cyber Protection & Recovery Service\\SD - Cegeka VM Cyber Protection & Recovery Service [PRD.0.8.001][PV1.0][DV1.0].docx'

[2026-03-18 00:28:37] [TID:29492] ERROR SD - Cegeka VM Cyber Protection & Recovery Service [PRD.0.8.001][PV1.0][DV1.0].docx: [extract_html] FAILED with exit code 1
[2026-03-18 00:39:36] [TID:12044] START SD - Cegeka VM Cyber Protection & Recovery Service [PRD.0.8.001][PV1.0][DV1.0].docx
[2026-03-18 00:39:37] [TID:12044] [DEBUG] Running step: extract_html
[2026-03-18 00:39:37] [TID:12044] [DEBUG] Command: ['C:\\Users\\koengo\\AppData\\Local\\Programs\\Python\\Python312\\python.exe', 'C:\\Users\\koengo\\OneDrive - Cegeka\\Documents\\Reusable Assets\\Products\\scripts\\extract_html.py', 'C:\\Users\\koengo\\Cegeka\\Product Management - Product Management Library\\Business Line - Cloud and Digital Platforms\\[0.8] Cegeka Cyber Recovery Services & Solutions\\[PRD.0.8.001] Cegeka VM Cyber Protection & Recovery Service\\SD - Cegeka VM Cyber Protection & Recovery Service [PRD.0.8.001][PV1.0][DV1.0].docx']
[2026-03-18 00:39:37] [TID:12044] [DEBUG][stderr] Traceback (most recent call last):
  File "C:\Users\koengo\OneDrive - Cegeka\Documents\Reusable Assets\Products\scripts\extract_html.py", line 12, in <module>
    with open(sd_file, "rb") as f:
         ^^^^^^^^^^^^^^^^^^^
FileNotFoundError: [Errno 2] No such file or directory: 'C:\\Users\\koengo\\Cegeka\\Product Management - Product Management Library\\Business Line - Cloud and Digital Platforms\\[0.8] Cegeka Cyber Recovery Services & Solutions\\[PRD.0.8.001] Cegeka VM Cyber Protection & Recovery Service\\SD - Cegeka VM Cyber Protection & Recovery Service [PRD.0.8.001][PV1.0][DV1.0].docx'

[2026-03-18 00:39:38] [TID:12044] ERROR SD - Cegeka VM Cyber Protection & Recovery Service [PRD.0.8.001][PV1.0][DV1.0].docx: [extract_html] FAILED with exit code 1
[2026-03-18 00:51:55] [TID:18100] START SD - Cegeka VM Cyber Protection & Recovery Service [PRD.0.8.001][PV1.0][DV1.0].docx
[2026-03-18 00:51:55] [TID:18100] [DEBUG] Running step: extract_html
[2026-03-18 00:51:55] [TID:18100] [DEBUG] Command: ['C:\\Users\\koengo\\AppData\\Local\\Programs\\Python\\Python312\\python.exe', 'C:\\Users\\koengo\\OneDrive - Cegeka\\Documents\\Reusable Assets\\Products\\scripts\\extract_html.py', 'C:\\Users\\koengo\\Cegeka\\Product Management - Product Management Library\\Business Line - Cloud and Digital Platforms\\[0.8] Cegeka Cyber Recovery Services & Solutions\\[PRD.0.8.001] Cegeka VM Cyber Protection & Recovery Service\\SD - Cegeka VM Cyber Protection & Recovery Service [PRD.0.8.001][PV1.0][DV1.0].docx']
[2026-03-18 00:51:56] [TID:18100] [DEBUG][stdout] EXTRACT ERROR: [Errno 2] No such file or directory: 'C:\\Users\\koengo\\Cegeka\\Product Management - Product Management Library\\Business Line - Cloud and Digital Platforms\\[0.8] Cegeka Cyber Recovery Services & Solutions\\[PRD.0.8.001] Cegeka VM Cyber Protection & Recovery Service\\SD - Cegeka VM Cyber Protection & Recovery Service [PRD.0.8.001][PV1.0][DV1.0].docx'

[2026-03-18 00:51:56] [TID:18100] ERROR SD - Cegeka VM Cyber Protection & Recovery Service [PRD.0.8.001][PV1.0][DV1.0].docx: [extract_html] FAILED with exit code 1
[2026-03-18 01:01:14] [TID:28604] START SD - Cegeka VM Cyber Protection & Recovery Service [PRD.0.8.001][PV1.0][DV1.0].docx
[2026-03-18 01:01:14] [TID:28604] [DEBUG] Running step: extract_html
[2026-03-18 01:01:14] [TID:28604] [DEBUG] Command: ['C:\\Users\\koengo\\AppData\\Local\\Programs\\Python\\Python312\\python.exe', 'C:\\Users\\koengo\\OneDrive - Cegeka\\Documents\\Reusable Assets\\Products\\scripts\\extract_html.py', 'C:\\Users\\koengo\\Cegeka\\Product Management - Product Management Library\\Business Line - Cloud and Digital Platforms\\[0.8] Cegeka Cyber Recovery Services & Solutions\\[PRD.0.8.001] Cegeka VM Cyber Protection & Recovery Service\\SD - Cegeka VM Cyber Protection & Recovery Service [PRD.0.8.001][PV1.0][DV1.0].docx']
[2026-03-18 01:01:14] [TID:28604] [DEBUG][stdout] EXTRACT ERROR: [Errno 2] No such file or directory: 'C:\\Users\\koengo\\Cegeka\\Product Management - Product Management Library\\Business Line - Cloud and Digital Platforms\\[0.8] Cegeka Cyber Recovery Services & Solutions\\[PRD.0.8.001] Cegeka VM Cyber Protection & Recovery Service\\SD - Cegeka VM Cyber Protection & Recovery Service [PRD.0.8.001][PV1.0][DV1.0].docx'

[2026-03-18 01:01:14] [TID:28604] ERROR SD - Cegeka VM Cyber Protection & Recovery Service [PRD.0.8.001][PV1.0][DV1.0].docx: [extract_html] FAILED with exit code 1
[2026-03-18 01:16:49] [TID:28236] START SD - Cegeka VM Cyber Protection & Recovery Service [PRD.0.8.001][PV1.0][DV1.0].docx
[2026-03-18 01:16:49] [TID:28236] [DEBUG] Running step: extract_html
[2026-03-18 01:16:49] [TID:28236] [DEBUG] Command: ['C:\\Users\\koengo\\AppData\\Local\\Programs\\Python\\Python312\\python.exe', 'C:\\Users\\koengo\\OneDrive - Cegeka\\Documents\\Reusable Assets\\Products\\scripts\\extract_html.py', 'C:\\Users\\koengo\\Cegeka\\Product Management - Product Management Library\\Business Line - Cloud and Digital Platforms\\[0.8] Cegeka Cyber Recovery Services & Solutions\\[PRD.0.8.001] Cegeka VM Cyber Protection & Recovery Service\\SD - Cegeka VM Cyber Protection & Recovery Service [PRD.0.8.001][PV1.0][DV1.0].docx']
[2026-03-18 01:16:50] [TID:28236] [DEBUG][stdout] EXTRACT ERROR: [Errno 2] No such file or directory: 'C:\\Users\\koengo\\Cegeka\\Product Management - Product Management Library\\Business Line - Cloud and Digital Platforms\\[0.8] Cegeka Cyber Recovery Services & Solutions\\[PRD.0.8.001] Cegeka VM Cyber Protection & Recovery Service\\SD - Cegeka VM Cyber Protection & Recovery Service [PRD.0.8.001][PV1.0][DV1.0].docx'

[2026-03-18 01:16:50] [TID:28236] ERROR SD - Cegeka VM Cyber Protection & Recovery Service [PRD.0.8.001][PV1.0][DV1.0].docx: [extract_html] FAILED with exit code 1
[2026-03-18 01:30:48] [TID:24236] START SD - Cegeka VM Cyber Protection & Recovery Service [PRD.0.8.001][PV1.0][DV1.0].docx
[2026-03-18 01:30:48] [TID:24236] [DEBUG] Running step: extract_html
[2026-03-18 01:30:48] [TID:24236] [DEBUG] Command: ['C:\\Users\\koengo\\AppData\\Local\\Programs\\Python\\Python312\\python.exe', 'C:\\Users\\koengo\\OneDrive - Cegeka\\Documents\\Reusable Assets\\Products\\scripts\\extract_html.py', 'C:\\Users\\koengo\\Cegeka\\Product Management - Product Management Library\\Business Line - Cloud and Digital Platforms\\[0.8] Cegeka Cyber Recovery Services & Solutions\\[PRD.0.8.001] Cegeka VM Cyber Protection & Recovery Service\\SD - Cegeka VM Cyber Protection & Recovery Service [PRD.0.8.001][PV1.0][DV1.0].docx']
[2026-03-18 01:30:48] [TID:24236] [DEBUG][stderr]   File "C:\Users\koengo\OneDrive - Cegeka\Documents\Reusable Assets\Products\scripts\extract_html.py", line 31
    ``
    ^
SyntaxError: invalid syntax

[2026-03-18 01:30:48] [TID:24236] ERROR SD - Cegeka VM Cyber Protection & Recovery Service [PRD.0.8.001][PV1.0][DV1.0].docx: [extract_html] FAILED with exit code 1
[2026-03-18 01:33:08] [TID:19504] START SD - Cegeka VM Cyber Protection & Recovery Service [PRD.0.8.001][PV1.0][DV1.0].docx
[2026-03-18 01:33:08] [TID:19504] [DEBUG] Running step: extract_html
[2026-03-18 01:33:08] [TID:19504] [DEBUG] Command: ['C:\\Users\\koengo\\AppData\\Local\\Programs\\Python\\Python312\\python.exe', 'C:\\Users\\koengo\\OneDrive - Cegeka\\Documents\\Reusable Assets\\Products\\scripts\\extract_html.py', 'C:\\Users\\koengo\\Cegeka\\Product Management - Product Management Library\\Business Line - Cloud and Digital Platforms\\[0.8] Cegeka Cyber Recovery Services & Solutions\\[PRD.0.8.001] Cegeka VM Cyber Protection & Recovery Service\\SD - Cegeka VM Cyber Protection & Recovery Service [PRD.0.8.001][PV1.0][DV1.0].docx']
[2026-03-18 01:33:09] [TID:19504] [DEBUG][stdout] EXTRACT ERROR: [Errno 2] No such file or directory: 'C:\\Users\\koengo\\Cegeka\\Product Management - Product Management Library\\Business Line - Cloud and Digital Platforms\\[0.8] Cegeka Cyber Recovery Services & Solutions\\[PRD.0.8.001] Cegeka VM Cyber Protection & Recovery Service\\SD - Cegeka VM Cyber Protection & Recovery Service [PRD.0.8.001][PV1.0][DV1.0].docx'

[2026-03-18 01:33:09] [TID:19504] ERROR SD - Cegeka VM Cyber Protection & Recovery Service [PRD.0.8.001][PV1.0][DV1.0].docx: [extract_html] FAILED with exit code 1
[2026-03-18 01:40:19] [TID:5648] START SD - Cegeka VM Cyber Protection & Recovery Service [PRD.0.8.001][PV1.0][DV1.0].docx
[2026-03-18 01:40:19] [TID:5648] [DEBUG] Running step: extract_html
[2026-03-18 01:40:19] [TID:5648] [DEBUG] Command: ['C:\\Users\\koengo\\AppData\\Local\\Programs\\Python\\Python312\\python.exe', 'C:\\Users\\koengo\\OneDrive - Cegeka\\Documents\\Reusable Assets\\Products\\scripts\\extract_html.py', 'C:\\Users\\koengo\\Cegeka\\Product Management - Product Management Library\\Business Line - Cloud and Digital Platforms\\[0.8] Cegeka Cyber Recovery Services & Solutions\\[PRD.0.8.001] Cegeka VM Cyber Protection & Recovery Service\\SD - Cegeka VM Cyber Protection & Recovery Service [PRD.0.8.001][PV1.0][DV1.0].docx']
[2026-03-18 01:40:19] [TID:5648] [DEBUG][stdout] EXTRACT ERROR: [Errno 2] No such file or directory: 'C:\\Users\\koengo\\Cegeka\\Product Management - Product Management Library\\Business Line - Cloud and Digital Platforms\\[0.8] Cegeka Cyber Recovery Services & Solutions\\[PRD.0.8.001] Cegeka VM Cyber Protection & Recovery Service\\SD - Cegeka VM Cyber Protection & Recovery Service [PRD.0.8.001][PV1.0][DV1.0].docx'

[2026-03-18 01:40:19] [TID:5648] ERROR SD - Cegeka VM Cyber Protection & Recovery Service [PRD.0.8.001][PV1.0][DV1.0].docx: [extract_html] FAILED with exit code 1
