[2026-03-18 14:49:49] START xml_to_docx_v3_fixed for: C:\Users\koengo\OneDrive - Cegeka\Documents\Reusable Assets\Products\output\xml\SD - Managed Application Delivery Controller F5 [PRD.4.5.006][PV0.8][DV1.0]_mapped.xml
[2026-03-18 14:49:49] Filled SDT 'PRODUCT_SUMMARY' with XML section 'Service identification'
[2026-03-18 14:49:49] Filled SDT 'SCOPE' with XML section 'Out of scope'
[2026-03-18 14:49:49] Filled SDT 'TERMS_CONDITIONS' with XML section 'Conditions'
[2026-03-18 14:49:49] Filled SDT 'PRODUCT_SUMMARY' with XML section 'Service delivery location'
[2026-03-18 14:49:49] Filled SDT 'PRODUCT_SUMMARY' with XML section 'Service Reporting'
[2026-03-18 14:49:49] Filled SDT 'PRODUCT_SUMMARY' with XML section 'Service Window'
[2026-03-18 14:49:49] Filled SDT 'SLA_KPI' with XML section 'Service Level'
[2026-03-18 14:49:49] TOTAL SDT FIELDS FILLED: 7
[2026-03-18 14:49:49] XML→DOCX OK → output\docx\SD - Managed Application Delivery Controller F5 [PRD.4.5.006][PV0.8][DV1.0]_mapped_FINAL.docx
[2026-03-18 15:03:36] START xml_to_docx_v3_fixed for: C:\Users\koengo\OneDrive - Cegeka\Documents\Reusable Assets\Products\output\xml\SD - Managed Application Delivery Controller F5 [PRD.4.5.006][PV0.8][DV1.0]_mapped.xml
[2026-03-18 15:03:36] Filled SDT 'PRODUCT_SUMMARY' with XML section 'Service identification'
[2026-03-18 15:03:36] Filled SDT 'SCOPE' with XML section 'Out of scope'
[2026-03-18 15:03:36] Filled SDT 'TERMS_CONDITIONS' with XML section 'Conditions'
[2026-03-18 15:03:36] Filled SDT 'PRODUCT_SUMMARY' with XML section 'Service delivery location'
[2026-03-18 15:03:36] Filled SDT 'PRODUCT_SUMMARY' with XML section 'Service Reporting'
[2026-03-18 15:03:36] Filled SDT 'PRODUCT_SUMMARY' with XML section 'Service Window'
[2026-03-18 15:03:36] Filled SDT 'SLA_KPI' with XML section 'Service Level'
[2026-03-18 15:03:36] TOTAL SDT FIELDS FILLED: 7
[2026-03-18 15:03:36] XML→DOCX OK → output\docx\SD - Managed Application Delivery Controller F5 [PRD.4.5.006][PV0.8][DV1.0]_mapped_FINAL.docx
