[2026-03-18 14:27:57] START extract_html for: C:\Users\koengo\Cegeka\Product Management - Product Management Library\Business Line - Digital Employee eXperience\[7.1] Cegeka Digital Workplace Solutions\[PRD.7.5.002] Meeting Room\SD - Meeting Room [PRD.7.5.002][PV1.0][DV1.1].docx
[2026-03-18 14:27:58] HTML saved: extracted_html\SD - Meeting Room [PRD.7.5.002][PV1.0][DV1.1].html
[2026-03-18 14:27:58] extract_html OK
[2026-03-18 14:27:58] START parse_html for: extracted_html\SD - Meeting Room [PRD.7.5.002][PV1.0][DV1.1].html
[2026-03-18 14:27:59] PARSE OK → output\json\SD - Meeting Room [PRD.7.5.002][PV1.0][DV1.1].json
[2026-03-18 14:48:54] START PIPELINE for C:\Users\koengo\Cegeka\Product Management - Product Management Library\Business Line - Digital Employee eXperience\[7.1] Cegeka Digital Workplace Solutions\[PRD.7.5.002] Meeting Room\SD - Meeting Room [PRD.7.5.002][PV1.0][DV1.1].docx
[2026-03-18 14:48:54] RUN extract_html.py -> C:\Users\koengo\Cegeka\Product Management - Product Management Library\Business Line - Digital Employee eXperience\[7.1] Cegeka Digital Workplace Solutions\[PRD.7.5.002] Meeting Room\SD - Meeting Room [PRD.7.5.002][PV1.0][DV1.1].docx
[2026-03-18 14:48:55] START extract_html for: C:\Users\koengo\Cegeka\Product Management - Product Management Library\Business Line - Digital Employee eXperience\[7.1] Cegeka Digital Workplace Solutions\[PRD.7.5.002] Meeting Room\SD - Meeting Room [PRD.7.5.002][PV1.0][DV1.1].docx
[2026-03-18 14:48:55] HTML saved: extracted_html\SD - Meeting Room [PRD.7.5.002][PV1.0][DV1.1].html
[2026-03-18 14:48:55] extract_html OK
[2026-03-18 14:48:55] RUN parse_html_sections.py -> C:\Users\koengo\OneDrive - Cegeka\Documents\Reusable Assets\Products\extracted_html\SD - Meeting Room [PRD.7.5.002][PV1.0][DV1.1].html
[2026-03-18 14:48:55] START parse_html for: C:\Users\koengo\OneDrive - Cegeka\Documents\Reusable Assets\Products\extracted_html\SD - Meeting Room [PRD.7.5.002][PV1.0][DV1.1].html
[2026-03-18 14:48:56] PARSE OK → output\json\SD - Meeting Room [PRD.7.5.002][PV1.0][DV1.1].json
[2026-03-18 14:48:56] RUN auto_map_sections.py -> C:\Users\koengo\OneDrive - Cegeka\Documents\Reusable Assets\Products\output\json\SD - Meeting Room [PRD.7.5.002][PV1.0][DV1.1].json
[2026-03-18 14:48:56] START auto_map for: C:\Users\koengo\OneDrive - Cegeka\Documents\Reusable Assets\Products\output\json\SD - Meeting Room [PRD.7.5.002][PV1.0][DV1.1].json
[2026-03-18 14:48:56] auto_map OK → output\mapped\SD - Meeting Room [PRD.7.5.002][PV1.0][DV1.1]_mapped.json
[2026-03-18 14:48:56] JSON->XML OK -> C:\Users\koengo\OneDrive - Cegeka\Documents\Reusable Assets\Products\output\xml\SD - Meeting Room [PRD.7.5.002][PV1.0][DV1.1]_mapped.xml
[2026-03-18 14:48:56] RUN xml_to_docx.py -> C:\Users\koengo\OneDrive - Cegeka\Documents\Reusable Assets\Products\output\xml\SD - Meeting Room [PRD.7.5.002][PV1.0][DV1.1]_mapped.xml
[2026-03-18 14:48:56] PIPELINE OK
[2026-03-18 15:02:43] START PIPELINE for C:\Users\koengo\Cegeka\Product Management - Product Management Library\Business Line - Digital Employee eXperience\[7.1] Cegeka Digital Workplace Solutions\[PRD.7.5.002] Meeting Room\SD - Meeting Room [PRD.7.5.002][PV1.0][DV1.1].docx
[2026-03-18 15:02:43] RUN extract_html.py -> C:\Users\koengo\Cegeka\Product Management - Product Management Library\Business Line - Digital Employee eXperience\[7.1] Cegeka Digital Workplace Solutions\[PRD.7.5.002] Meeting Room\SD - Meeting Room [PRD.7.5.002][PV1.0][DV1.1].docx
[2026-03-18 15:02:43] START extract_html for: C:\Users\koengo\Cegeka\Product Management - Product Management Library\Business Line - Digital Employee eXperience\[7.1] Cegeka Digital Workplace Solutions\[PRD.7.5.002] Meeting Room\SD - Meeting Room [PRD.7.5.002][PV1.0][DV1.1].docx
[2026-03-18 15:02:43] HTML saved: extracted_html\SD - Meeting Room [PRD.7.5.002][PV1.0][DV1.1].html
[2026-03-18 15:02:43] extract_html OK
[2026-03-18 15:02:43] RUN parse_html_sections.py -> C:\Users\koengo\OneDrive - Cegeka\Documents\Reusable Assets\Products\extracted_html\SD - Meeting Room [PRD.7.5.002][PV1.0][DV1.1].html
[2026-03-18 15:02:43] START parse_html for: C:\Users\koengo\OneDrive - Cegeka\Documents\Reusable Assets\Products\extracted_html\SD - Meeting Room [PRD.7.5.002][PV1.0][DV1.1].html
[2026-03-18 15:02:44] PARSE OK → output\json\SD - Meeting Room [PRD.7.5.002][PV1.0][DV1.1].json
[2026-03-18 15:02:44] RUN auto_map_sections.py -> C:\Users\koengo\OneDrive - Cegeka\Documents\Reusable Assets\Products\output\json\SD - Meeting Room [PRD.7.5.002][PV1.0][DV1.1].json
[2026-03-18 15:02:44] START auto_map for: C:\Users\koengo\OneDrive - Cegeka\Documents\Reusable Assets\Products\output\json\SD - Meeting Room [PRD.7.5.002][PV1.0][DV1.1].json
[2026-03-18 15:02:44] auto_map OK → output\mapped\SD - Meeting Room [PRD.7.5.002][PV1.0][DV1.1]_mapped.json
[2026-03-18 15:02:44] JSON->XML OK -> C:\Users\koengo\OneDrive - Cegeka\Documents\Reusable Assets\Products\output\xml\SD - Meeting Room [PRD.7.5.002][PV1.0][DV1.1]_mapped.xml
[2026-03-18 15:02:44] RUN xml_to_docx.py -> C:\Users\koengo\OneDrive - Cegeka\Documents\Reusable Assets\Products\output\xml\SD - Meeting Room [PRD.7.5.002][PV1.0][DV1.1]_mapped.xml
[2026-03-18 15:02:45] PIPELINE OK
