[2026-03-18 14:42:25] START xml_to_docx_v3_fixed for: C:\Users\koengo\OneDrive - Cegeka\Documents\Reusable Assets\Products\output\xml\SD - Cegeka Cloud Housing services [PRD.0.L.101][PV0.8][DV1.1]_mapped.xml
[2026-03-18 14:42:25] Filled SDT 'PRODUCT_SUMMARY' with XML section 'Service identification'
[2026-03-18 14:42:25] Filled SDT 'SCOPE' with XML section 'Out of scope'
[2026-03-18 14:42:25] Filled SDT 'PRODUCT_SUMMARY' with XML section 'Service delivery location'
[2026-03-18 14:42:25] Filled SDT 'PRODUCT_SUMMARY' with XML section 'Service Reporting'
[2026-03-18 14:42:25] Filled SDT 'PRODUCT_SUMMARY' with XML section 'Service Window'
[2026-03-18 14:42:25] Filled SDT 'SLA_KPI' with XML section 'Service Level'
[2026-03-18 14:42:25] TOTAL SDT FIELDS FILLED: 6
[2026-03-18 14:42:25] XML→DOCX OK → output\docx\SD - Cegeka Cloud Housing services [PRD.0.L.101][PV0.8][DV1.1]_mapped_FINAL.docx
[2026-03-18 14:48:10] START xml_to_docx_v3_fixed for: C:\Users\koengo\OneDrive - Cegeka\Documents\Reusable Assets\Products\output\xml\SD - Cegeka Cloud Housing services [PRD.0.L.101][PV0.8][DV1.1]_mapped.xml
[2026-03-18 14:48:10] Filled SDT 'PRODUCT_SUMMARY' with XML section 'Service identification'
[2026-03-18 14:48:10] Filled SDT 'SCOPE' with XML section 'Out of scope'
[2026-03-18 14:48:10] Filled SDT 'PRODUCT_SUMMARY' with XML section 'Service delivery location'
[2026-03-18 14:48:10] Filled SDT 'PRODUCT_SUMMARY' with XML section 'Service Reporting'
[2026-03-18 14:48:10] Filled SDT 'PRODUCT_SUMMARY' with XML section 'Service Window'
[2026-03-18 14:48:10] Filled SDT 'SLA_KPI' with XML section 'Service Level'
[2026-03-18 14:48:10] TOTAL SDT FIELDS FILLED: 6
[2026-03-18 14:48:10] XML→DOCX OK → output\docx\SD - Cegeka Cloud Housing services [PRD.0.L.101][PV0.8][DV1.1]_mapped_FINAL.docx
[2026-03-18 15:02:00] START xml_to_docx_v3_fixed for: C:\Users\koengo\OneDrive - Cegeka\Documents\Reusable Assets\Products\output\xml\SD - Cegeka Cloud Housing services [PRD.0.L.101][PV0.8][DV1.1]_mapped.xml
[2026-03-18 15:02:00] Filled SDT 'PRODUCT_SUMMARY' with XML section 'Service identification'
[2026-03-18 15:02:00] Filled SDT 'SCOPE' with XML section 'Out of scope'
[2026-03-18 15:02:00] Filled SDT 'PRODUCT_SUMMARY' with XML section 'Service delivery location'
[2026-03-18 15:02:00] Filled SDT 'PRODUCT_SUMMARY' with XML section 'Service Reporting'
[2026-03-18 15:02:00] Filled SDT 'PRODUCT_SUMMARY' with XML section 'Service Window'
[2026-03-18 15:02:00] Filled SDT 'SLA_KPI' with XML section 'Service Level'
[2026-03-18 15:02:00] TOTAL SDT FIELDS FILLED: 6
[2026-03-18 15:02:00] XML→DOCX OK → output\docx\SD - Cegeka Cloud Housing services [PRD.0.L.101][PV0.8][DV1.1]_mapped_FINAL.docx
