[2026-03-18 14:43:03] START xml_to_docx_v3_fixed for: C:\Users\koengo\OneDrive - Cegeka\Documents\Reusable Assets\Products\output\xml\SD - TAM IWS IBM Workload Scheduler [PRD.0.L.185][PV0.7][DV1.0]_mapped.xml
[2026-03-18 14:43:03] Filled SDT 'PRODUCT_SUMMARY' with XML section 'Service identification'
[2026-03-18 14:43:03] Filled SDT 'SCOPE' with XML section 'Out of scope'
[2026-03-18 14:43:03] Filled SDT 'TERMS_CONDITIONS' with XML section 'Conditions'
[2026-03-18 14:43:03] Filled SDT 'PRODUCT_SUMMARY' with XML section 'Service delivery location'
[2026-03-18 14:43:03] Filled SDT 'PRODUCT_SUMMARY' with XML section 'Service Reporting'
[2026-03-18 14:43:03] Filled SDT 'PRODUCT_SUMMARY' with XML section 'Service Window'
[2026-03-18 14:43:03] Filled SDT 'SLA_KPI' with XML section 'Service Level'
[2026-03-18 14:43:04] TOTAL SDT FIELDS FILLED: 7
[2026-03-18 14:43:04] XML→DOCX OK → output\docx\SD - TAM IWS IBM Workload Scheduler [PRD.0.L.185][PV0.7][DV1.0]_mapped_FINAL.docx
[2026-03-18 14:48:39] START xml_to_docx_v3_fixed for: C:\Users\koengo\OneDrive - Cegeka\Documents\Reusable Assets\Products\output\xml\SD - TAM IWS IBM Workload Scheduler [PRD.0.L.185][PV0.7][DV1.0]_mapped.xml
[2026-03-18 14:48:39] Filled SDT 'PRODUCT_SUMMARY' with XML section 'Service identification'
[2026-03-18 14:48:39] Filled SDT 'SCOPE' with XML section 'Out of scope'
[2026-03-18 14:48:39] Filled SDT 'TERMS_CONDITIONS' with XML section 'Conditions'
[2026-03-18 14:48:39] Filled SDT 'PRODUCT_SUMMARY' with XML section 'Service delivery location'
[2026-03-18 14:48:39] Filled SDT 'PRODUCT_SUMMARY' with XML section 'Service Reporting'
[2026-03-18 14:48:39] Filled SDT 'PRODUCT_SUMMARY' with XML section 'Service Window'
[2026-03-18 14:48:39] Filled SDT 'SLA_KPI' with XML section 'Service Level'
[2026-03-18 14:48:39] TOTAL SDT FIELDS FILLED: 7
[2026-03-18 14:48:39] XML→DOCX OK → output\docx\SD - TAM IWS IBM Workload Scheduler [PRD.0.L.185][PV0.7][DV1.0]_mapped_FINAL.docx
[2026-03-18 15:02:27] START xml_to_docx_v3_fixed for: C:\Users\koengo\OneDrive - Cegeka\Documents\Reusable Assets\Products\output\xml\SD - TAM IWS IBM Workload Scheduler [PRD.0.L.185][PV0.7][DV1.0]_mapped.xml
[2026-03-18 15:02:27] Filled SDT 'PRODUCT_SUMMARY' with XML section 'Service identification'
[2026-03-18 15:02:27] Filled SDT 'SCOPE' with XML section 'Out of scope'
[2026-03-18 15:02:27] Filled SDT 'TERMS_CONDITIONS' with XML section 'Conditions'
[2026-03-18 15:02:27] Filled SDT 'PRODUCT_SUMMARY' with XML section 'Service delivery location'
[2026-03-18 15:02:27] Filled SDT 'PRODUCT_SUMMARY' with XML section 'Service Reporting'
[2026-03-18 15:02:27] Filled SDT 'PRODUCT_SUMMARY' with XML section 'Service Window'
[2026-03-18 15:02:27] Filled SDT 'SLA_KPI' with XML section 'Service Level'
[2026-03-18 15:02:27] TOTAL SDT FIELDS FILLED: 7
[2026-03-18 15:02:27] XML→DOCX OK → output\docx\SD - TAM IWS IBM Workload Scheduler [PRD.0.L.185][PV0.7][DV1.0]_mapped_FINAL.docx
