[2026-03-17 23:34:09] [TID:22888] Start processing SD: SD - Cegeka Oracle Enterprise Manager [PRD.0.L.139][PV1.0][DV1.0].docx
[2026-03-17 23:34:09] [TID:22888] Extracting HTML...
[2026-03-17 23:34:10] [TID:22888] ERROR SD - Cegeka Oracle Enterprise Manager [PRD.0.L.139][PV1.0][DV1.0].docx: Command '['C:\\Users\\koengo\\AppData\\Local\\Programs\\Python\\Python312\\python.exe', 'C:\\Users\\koengo\\OneDrive - Cegeka\\Documents\\Reusable Assets\\Products\\scripts\\extract_html.py', 'C:\\Users\\koengo\\Cegeka\\Product Management - Product Management Library\\Business Line - Cloud and Digital Platforms\\[0.6] Cegeka Application & Integration Management\\[PRD.0.L.139] Cegeka Oracle Enterprise Manager\\SD - Cegeka Oracle Enterprise Manager [PRD.0.L.139][PV1.0][DV1.0].docx']' returned non-zero exit status 1.
[2026-03-17 23:39:30] [TID:27424] START SD - Cegeka Oracle Enterprise Manager [PRD.0.L.139][PV1.0][DV1.0].docx
[2026-03-17 23:39:30] [TID:27424] Extracting HTML...
[2026-03-17 23:39:31] [TID:27424] ERROR SD - Cegeka Oracle Enterprise Manager [PRD.0.L.139][PV1.0][DV1.0].docx: Command '['C:\\Users\\koengo\\AppData\\Local\\Programs\\Python\\Python312\\python.exe', 'C:\\Users\\koengo\\OneDrive - Cegeka\\Documents\\Reusable Assets\\Products\\scripts\\extract_html.py', 'C:\\Users\\koengo\\Cegeka\\Product Management - Product Management Library\\Business Line - Cloud and Digital Platforms\\[0.6] Cegeka Application & Integration Management\\[PRD.0.L.139] Cegeka Oracle Enterprise Manager\\SD - Cegeka Oracle Enterprise Manager [PRD.0.L.139][PV1.0][DV1.0].docx']' returned non-zero exit status 1.
[2026-03-17 23:44:41] [TID:22212] START SD - Cegeka Oracle Enterprise Manager [PRD.0.L.139][PV1.0][DV1.0].docx
[2026-03-17 23:44:42] [TID:22212] Extracting HTML...
[2026-03-17 23:44:42] [TID:22212] ERROR SD - Cegeka Oracle Enterprise Manager [PRD.0.L.139][PV1.0][DV1.0].docx: Command '['C:\\Users\\koengo\\AppData\\Local\\Programs\\Python\\Python312\\python.exe', 'C:\\Users\\koengo\\OneDrive - Cegeka\\Documents\\Reusable Assets\\Products\\scripts\\extract_html.py', 'C:\\Users\\koengo\\Cegeka\\Product Management - Product Management Library\\Business Line - Cloud and Digital Platforms\\[0.6] Cegeka Application & Integration Management\\[PRD.0.L.139] Cegeka Oracle Enterprise Manager\\SD - Cegeka Oracle Enterprise Manager [PRD.0.L.139][PV1.0][DV1.0].docx']' returned non-zero exit status 1.
[2026-03-17 23:47:10] [TID:16752] START SD - Cegeka Oracle Enterprise Manager [PRD.0.L.139][PV1.0][DV1.0].docx
[2026-03-17 23:47:10] [TID:16752] Extracting HTML...
[2026-03-17 23:47:11] [TID:16752] ERROR SD - Cegeka Oracle Enterprise Manager [PRD.0.L.139][PV1.0][DV1.0].docx: Command '['C:\\Users\\koengo\\AppData\\Local\\Programs\\Python\\Python312\\python.exe', 'C:\\Users\\koengo\\OneDrive - Cegeka\\Documents\\Reusable Assets\\Products\\scripts\\extract_html.py', 'C:\\Users\\koengo\\Cegeka\\Product Management - Product Management Library\\Business Line - Cloud and Digital Platforms\\[0.6] Cegeka Application & Integration Management\\[PRD.0.L.139] Cegeka Oracle Enterprise Manager\\SD - Cegeka Oracle Enterprise Manager [PRD.0.L.139][PV1.0][DV1.0].docx']' returned non-zero exit status 1.
[2026-03-17 23:54:39] [TID:4172] START SD - Cegeka Oracle Enterprise Manager [PRD.0.L.139][PV1.0][DV1.0].docx
[2026-03-17 23:54:39] [TID:4172] Extracting HTML...
[2026-03-17 23:54:40] [TID:4172] ERROR SD - Cegeka Oracle Enterprise Manager [PRD.0.L.139][PV1.0][DV1.0].docx: Command '['C:\\Users\\koengo\\AppData\\Local\\Programs\\Python\\Python312\\python.exe', 'C:\\Users\\koengo\\OneDrive - Cegeka\\Documents\\Reusable Assets\\Products\\scripts\\extract_html.py', 'C:\\Users\\koengo\\Cegeka\\Product Management - Product Management Library\\Business Line - Cloud and Digital Platforms\\[0.6] Cegeka Application & Integration Management\\[PRD.0.L.139] Cegeka Oracle Enterprise Manager\\SD - Cegeka Oracle Enterprise Manager [PRD.0.L.139][PV1.0][DV1.0].docx']' returned non-zero exit status 1.
[2026-03-18 00:02:04] [TID:24992] START SD - Cegeka Oracle Enterprise Manager [PRD.0.L.139][PV1.0][DV1.0].docx
[2026-03-18 00:02:04] [TID:24992] Extracting HTML...
[2026-03-18 00:02:05] [TID:24992] ERROR SD - Cegeka Oracle Enterprise Manager [PRD.0.L.139][PV1.0][DV1.0].docx: Command '['C:\\Users\\koengo\\AppData\\Local\\Programs\\Python\\Python312\\python.exe', 'C:\\Users\\koengo\\OneDrive - Cegeka\\Documents\\Reusable Assets\\Products\\scripts\\extract_html.py', 'C:\\Users\\koengo\\Cegeka\\Product Management - Product Management Library\\Business Line - Cloud and Digital Platforms\\[0.6] Cegeka Application & Integration Management\\[PRD.0.L.139] Cegeka Oracle Enterprise Manager\\SD - Cegeka Oracle Enterprise Manager [PRD.0.L.139][PV1.0][DV1.0].docx']' returned non-zero exit status 1.
[2026-03-18 00:11:16] [TID:19732] START SD - Cegeka Oracle Enterprise Manager [PRD.0.L.139][PV1.0][DV1.0].docx
[2026-03-18 00:11:17] [TID:19732] Extracting HTML...
[2026-03-18 00:11:17] [TID:19732] ERROR SD - Cegeka Oracle Enterprise Manager [PRD.0.L.139][PV1.0][DV1.0].docx: Command '['C:\\Users\\koengo\\AppData\\Local\\Programs\\Python\\Python312\\python.exe', 'C:\\Users\\koengo\\OneDrive - Cegeka\\Documents\\Reusable Assets\\Products\\scripts\\extract_html.py', 'C:\\Users\\koengo\\Cegeka\\Product Management - Product Management Library\\Business Line - Cloud and Digital Platforms\\[0.6] Cegeka Application & Integration Management\\[PRD.0.L.139] Cegeka Oracle Enterprise Manager\\SD - Cegeka Oracle Enterprise Manager [PRD.0.L.139][PV1.0][DV1.0].docx']' returned non-zero exit status 1.
[2026-03-18 00:24:35] [TID:4384] START SD - Cegeka Oracle Enterprise Manager [PRD.0.L.139][PV1.0][DV1.0].docx
[2026-03-18 00:24:36] [TID:4384] [DEBUG] Running step: extract_html
[2026-03-18 00:24:36] [TID:4384] [DEBUG] Command: ['C:\\Users\\koengo\\AppData\\Local\\Programs\\Python\\Python312\\python.exe', 'C:\\Users\\koengo\\OneDrive - Cegeka\\Documents\\Reusable Assets\\Products\\scripts\\extract_html.py', 'C:\\Users\\koengo\\Cegeka\\Product Management - Product Management Library\\Business Line - Cloud and Digital Platforms\\[0.6] Cegeka Application & Integration Management\\[PRD.0.L.139] Cegeka Oracle Enterprise Manager\\SD - Cegeka Oracle Enterprise Manager [PRD.0.L.139][PV1.0][DV1.0].docx']
[2026-03-18 00:24:36] [TID:4384] [DEBUG][stderr] Traceback (most recent call last):
  File "C:\Users\koengo\OneDrive - Cegeka\Documents\Reusable Assets\Products\scripts\extract_html.py", line 12, in <module>
    with open(sd_file, "rb") as f:
         ^^^^^^^^^^^^^^^^^^^
FileNotFoundError: [Errno 2] No such file or directory: 'C:\\Users\\koengo\\Cegeka\\Product Management - Product Management Library\\Business Line - Cloud and Digital Platforms\\[0.6] Cegeka Application & Integration Management\\[PRD.0.L.139] Cegeka Oracle Enterprise Manager\\SD - Cegeka Oracle Enterprise Manager [PRD.0.L.139][PV1.0][DV1.0].docx'

[2026-03-18 00:24:37] [TID:4384] ERROR SD - Cegeka Oracle Enterprise Manager [PRD.0.L.139][PV1.0][DV1.0].docx: [extract_html] FAILED with exit code 1
[2026-03-18 00:28:36] [TID:12148] START SD - Cegeka Oracle Enterprise Manager [PRD.0.L.139][PV1.0][DV1.0].docx
[2026-03-18 00:28:36] [TID:12148] [DEBUG] Running step: extract_html
[2026-03-18 00:28:36] [TID:12148] [DEBUG] Command: ['C:\\Users\\koengo\\AppData\\Local\\Programs\\Python\\Python312\\python.exe', 'C:\\Users\\koengo\\OneDrive - Cegeka\\Documents\\Reusable Assets\\Products\\scripts\\extract_html.py', 'C:\\Users\\koengo\\Cegeka\\Product Management - Product Management Library\\Business Line - Cloud and Digital Platforms\\[0.6] Cegeka Application & Integration Management\\[PRD.0.L.139] Cegeka Oracle Enterprise Manager\\SD - Cegeka Oracle Enterprise Manager [PRD.0.L.139][PV1.0][DV1.0].docx']
[2026-03-18 00:28:37] [TID:12148] [DEBUG][stderr] Traceback (most recent call last):
  File "C:\Users\koengo\OneDrive - Cegeka\Documents\Reusable Assets\Products\scripts\extract_html.py", line 12, in <module>
    with open(sd_file, "rb") as f:
         ^^^^^^^^^^^^^^^^^^^
FileNotFoundError: [Errno 2] No such file or directory: 'C:\\Users\\koengo\\Cegeka\\Product Management - Product Management Library\\Business Line - Cloud and Digital Platforms\\[0.6] Cegeka Application & Integration Management\\[PRD.0.L.139] Cegeka Oracle Enterprise Manager\\SD - Cegeka Oracle Enterprise Manager [PRD.0.L.139][PV1.0][DV1.0].docx'

[2026-03-18 00:28:37] [TID:12148] ERROR SD - Cegeka Oracle Enterprise Manager [PRD.0.L.139][PV1.0][DV1.0].docx: [extract_html] FAILED with exit code 1
[2026-03-18 00:39:36] [TID:1172] START SD - Cegeka Oracle Enterprise Manager [PRD.0.L.139][PV1.0][DV1.0].docx
[2026-03-18 00:39:37] [TID:1172] [DEBUG] Running step: extract_html
[2026-03-18 00:39:37] [TID:1172] [DEBUG] Command: ['C:\\Users\\koengo\\AppData\\Local\\Programs\\Python\\Python312\\python.exe', 'C:\\Users\\koengo\\OneDrive - Cegeka\\Documents\\Reusable Assets\\Products\\scripts\\extract_html.py', 'C:\\Users\\koengo\\Cegeka\\Product Management - Product Management Library\\Business Line - Cloud and Digital Platforms\\[0.6] Cegeka Application & Integration Management\\[PRD.0.L.139] Cegeka Oracle Enterprise Manager\\SD - Cegeka Oracle Enterprise Manager [PRD.0.L.139][PV1.0][DV1.0].docx']
[2026-03-18 00:39:37] [TID:1172] [DEBUG][stderr] Traceback (most recent call last):
  File "C:\Users\koengo\OneDrive - Cegeka\Documents\Reusable Assets\Products\scripts\extract_html.py", line 12, in <module>
    with open(sd_file, "rb") as f:
         ^^^^^^^^^^^^^^^^^^^
FileNotFoundError: [Errno 2] No such file or directory: 'C:\\Users\\koengo\\Cegeka\\Product Management - Product Management Library\\Business Line - Cloud and Digital Platforms\\[0.6] Cegeka Application & Integration Management\\[PRD.0.L.139] Cegeka Oracle Enterprise Manager\\SD - Cegeka Oracle Enterprise Manager [PRD.0.L.139][PV1.0][DV1.0].docx'

[2026-03-18 00:39:38] [TID:1172] ERROR SD - Cegeka Oracle Enterprise Manager [PRD.0.L.139][PV1.0][DV1.0].docx: [extract_html] FAILED with exit code 1
[2026-03-18 00:51:55] [TID:1204] START SD - Cegeka Oracle Enterprise Manager [PRD.0.L.139][PV1.0][DV1.0].docx
[2026-03-18 00:51:55] [TID:1204] [DEBUG] Running step: extract_html
[2026-03-18 00:51:55] [TID:1204] [DEBUG] Command: ['C:\\Users\\koengo\\AppData\\Local\\Programs\\Python\\Python312\\python.exe', 'C:\\Users\\koengo\\OneDrive - Cegeka\\Documents\\Reusable Assets\\Products\\scripts\\extract_html.py', 'C:\\Users\\koengo\\Cegeka\\Product Management - Product Management Library\\Business Line - Cloud and Digital Platforms\\[0.6] Cegeka Application & Integration Management\\[PRD.0.L.139] Cegeka Oracle Enterprise Manager\\SD - Cegeka Oracle Enterprise Manager [PRD.0.L.139][PV1.0][DV1.0].docx']
[2026-03-18 00:51:56] [TID:1204] [DEBUG][stdout] EXTRACT ERROR: [Errno 2] No such file or directory: 'C:\\Users\\koengo\\Cegeka\\Product Management - Product Management Library\\Business Line - Cloud and Digital Platforms\\[0.6] Cegeka Application & Integration Management\\[PRD.0.L.139] Cegeka Oracle Enterprise Manager\\SD - Cegeka Oracle Enterprise Manager [PRD.0.L.139][PV1.0][DV1.0].docx'

[2026-03-18 00:51:56] [TID:1204] ERROR SD - Cegeka Oracle Enterprise Manager [PRD.0.L.139][PV1.0][DV1.0].docx: [extract_html] FAILED with exit code 1
[2026-03-18 01:01:13] [TID:22128] START SD - Cegeka Oracle Enterprise Manager [PRD.0.L.139][PV1.0][DV1.0].docx
[2026-03-18 01:01:13] [TID:22128] [DEBUG] Running step: extract_html
[2026-03-18 01:01:14] [TID:22128] [DEBUG] Command: ['C:\\Users\\koengo\\AppData\\Local\\Programs\\Python\\Python312\\python.exe', 'C:\\Users\\koengo\\OneDrive - Cegeka\\Documents\\Reusable Assets\\Products\\scripts\\extract_html.py', 'C:\\Users\\koengo\\Cegeka\\Product Management - Product Management Library\\Business Line - Cloud and Digital Platforms\\[0.6] Cegeka Application & Integration Management\\[PRD.0.L.139] Cegeka Oracle Enterprise Manager\\SD - Cegeka Oracle Enterprise Manager [PRD.0.L.139][PV1.0][DV1.0].docx']
[2026-03-18 01:01:14] [TID:22128] [DEBUG][stdout] EXTRACT ERROR: [Errno 2] No such file or directory: 'C:\\Users\\koengo\\Cegeka\\Product Management - Product Management Library\\Business Line - Cloud and Digital Platforms\\[0.6] Cegeka Application & Integration Management\\[PRD.0.L.139] Cegeka Oracle Enterprise Manager\\SD - Cegeka Oracle Enterprise Manager [PRD.0.L.139][PV1.0][DV1.0].docx'

[2026-03-18 01:01:14] [TID:22128] ERROR SD - Cegeka Oracle Enterprise Manager [PRD.0.L.139][PV1.0][DV1.0].docx: [extract_html] FAILED with exit code 1
[2026-03-18 01:16:49] [TID:19856] START SD - Cegeka Oracle Enterprise Manager [PRD.0.L.139][PV1.0][DV1.0].docx
[2026-03-18 01:16:49] [TID:19856] [DEBUG] Running step: extract_html
[2026-03-18 01:16:49] [TID:19856] [DEBUG] Command: ['C:\\Users\\koengo\\AppData\\Local\\Programs\\Python\\Python312\\python.exe', 'C:\\Users\\koengo\\OneDrive - Cegeka\\Documents\\Reusable Assets\\Products\\scripts\\extract_html.py', 'C:\\Users\\koengo\\Cegeka\\Product Management - Product Management Library\\Business Line - Cloud and Digital Platforms\\[0.6] Cegeka Application & Integration Management\\[PRD.0.L.139] Cegeka Oracle Enterprise Manager\\SD - Cegeka Oracle Enterprise Manager [PRD.0.L.139][PV1.0][DV1.0].docx']
[2026-03-18 01:16:50] [TID:19856] [DEBUG][stdout] EXTRACT ERROR: [Errno 2] No such file or directory: 'C:\\Users\\koengo\\Cegeka\\Product Management - Product Management Library\\Business Line - Cloud and Digital Platforms\\[0.6] Cegeka Application & Integration Management\\[PRD.0.L.139] Cegeka Oracle Enterprise Manager\\SD - Cegeka Oracle Enterprise Manager [PRD.0.L.139][PV1.0][DV1.0].docx'

[2026-03-18 01:16:50] [TID:19856] ERROR SD - Cegeka Oracle Enterprise Manager [PRD.0.L.139][PV1.0][DV1.0].docx: [extract_html] FAILED with exit code 1
[2026-03-18 01:30:48] [TID:940] START SD - Cegeka Oracle Enterprise Manager [PRD.0.L.139][PV1.0][DV1.0].docx
[2026-03-18 01:30:48] [TID:940] [DEBUG] Running step: extract_html
[2026-03-18 01:30:48] [TID:940] [DEBUG] Command: ['C:\\Users\\koengo\\AppData\\Local\\Programs\\Python\\Python312\\python.exe', 'C:\\Users\\koengo\\OneDrive - Cegeka\\Documents\\Reusable Assets\\Products\\scripts\\extract_html.py', 'C:\\Users\\koengo\\Cegeka\\Product Management - Product Management Library\\Business Line - Cloud and Digital Platforms\\[0.6] Cegeka Application & Integration Management\\[PRD.0.L.139] Cegeka Oracle Enterprise Manager\\SD - Cegeka Oracle Enterprise Manager [PRD.0.L.139][PV1.0][DV1.0].docx']
[2026-03-18 01:30:48] [TID:940] [DEBUG][stderr]   File "C:\Users\koengo\OneDrive - Cegeka\Documents\Reusable Assets\Products\scripts\extract_html.py", line 31
    ``
    ^
SyntaxError: invalid syntax

[2026-03-18 01:30:48] [TID:940] ERROR SD - Cegeka Oracle Enterprise Manager [PRD.0.L.139][PV1.0][DV1.0].docx: [extract_html] FAILED with exit code 1
[2026-03-18 01:33:08] [TID:16984] START SD - Cegeka Oracle Enterprise Manager [PRD.0.L.139][PV1.0][DV1.0].docx
[2026-03-18 01:33:08] [TID:16984] [DEBUG] Running step: extract_html
[2026-03-18 01:33:08] [TID:16984] [DEBUG] Command: ['C:\\Users\\koengo\\AppData\\Local\\Programs\\Python\\Python312\\python.exe', 'C:\\Users\\koengo\\OneDrive - Cegeka\\Documents\\Reusable Assets\\Products\\scripts\\extract_html.py', 'C:\\Users\\koengo\\Cegeka\\Product Management - Product Management Library\\Business Line - Cloud and Digital Platforms\\[0.6] Cegeka Application & Integration Management\\[PRD.0.L.139] Cegeka Oracle Enterprise Manager\\SD - Cegeka Oracle Enterprise Manager [PRD.0.L.139][PV1.0][DV1.0].docx']
[2026-03-18 01:33:08] [TID:16984] [DEBUG][stdout] EXTRACT ERROR: [Errno 2] No such file or directory: 'C:\\Users\\koengo\\Cegeka\\Product Management - Product Management Library\\Business Line - Cloud and Digital Platforms\\[0.6] Cegeka Application & Integration Management\\[PRD.0.L.139] Cegeka Oracle Enterprise Manager\\SD - Cegeka Oracle Enterprise Manager [PRD.0.L.139][PV1.0][DV1.0].docx'

[2026-03-18 01:33:08] [TID:16984] ERROR SD - Cegeka Oracle Enterprise Manager [PRD.0.L.139][PV1.0][DV1.0].docx: [extract_html] FAILED with exit code 1
[2026-03-18 01:40:19] [TID:28640] START SD - Cegeka Oracle Enterprise Manager [PRD.0.L.139][PV1.0][DV1.0].docx
[2026-03-18 01:40:19] [TID:28640] [DEBUG] Running step: extract_html
[2026-03-18 01:40:19] [TID:28640] [DEBUG] Command: ['C:\\Users\\koengo\\AppData\\Local\\Programs\\Python\\Python312\\python.exe', 'C:\\Users\\koengo\\OneDrive - Cegeka\\Documents\\Reusable Assets\\Products\\scripts\\extract_html.py', 'C:\\Users\\koengo\\Cegeka\\Product Management - Product Management Library\\Business Line - Cloud and Digital Platforms\\[0.6] Cegeka Application & Integration Management\\[PRD.0.L.139] Cegeka Oracle Enterprise Manager\\SD - Cegeka Oracle Enterprise Manager [PRD.0.L.139][PV1.0][DV1.0].docx']
[2026-03-18 01:40:19] [TID:28640] [DEBUG][stdout] EXTRACT ERROR: [Errno 2] No such file or directory: 'C:\\Users\\koengo\\Cegeka\\Product Management - Product Management Library\\Business Line - Cloud and Digital Platforms\\[0.6] Cegeka Application & Integration Management\\[PRD.0.L.139] Cegeka Oracle Enterprise Manager\\SD - Cegeka Oracle Enterprise Manager [PRD.0.L.139][PV1.0][DV1.0].docx'

[2026-03-18 01:40:19] [TID:28640] ERROR SD - Cegeka Oracle Enterprise Manager [PRD.0.L.139][PV1.0][DV1.0].docx: [extract_html] FAILED with exit code 1
