[2026-03-17 23:34:03] [TID:21548] Start processing SD: SD - Generic Service Catalogue.docx
[2026-03-17 23:34:03] [TID:21548] Extracting HTML...
[2026-03-17 23:34:09] [TID:21548] ERROR SD - Generic Service Catalogue.docx: Command '['C:\\Users\\koengo\\AppData\\Local\\Programs\\Python\\Python312\\python.exe', 'C:\\Users\\koengo\\OneDrive - Cegeka\\Documents\\Reusable Assets\\Products\\scripts\\extract_html.py', 'C:\\Users\\koengo\\Cegeka\\Product Management - Product Management Library\\Business Line - Cloud and Digital Platforms\\[0.L] Outsourcing Services\\SD - Generic Service Catalogue.docx']' returned non-zero exit status 1.
[2026-03-17 23:39:24] [TID:28696] START SD - Generic Service Catalogue.docx
[2026-03-17 23:39:24] [TID:28696] Extracting HTML...
[2026-03-17 23:39:30] [TID:28696] ERROR SD - Generic Service Catalogue.docx: Command '['C:\\Users\\koengo\\AppData\\Local\\Programs\\Python\\Python312\\python.exe', 'C:\\Users\\koengo\\OneDrive - Cegeka\\Documents\\Reusable Assets\\Products\\scripts\\extract_html.py', 'C:\\Users\\koengo\\Cegeka\\Product Management - Product Management Library\\Business Line - Cloud and Digital Platforms\\[0.L] Outsourcing Services\\SD - Generic Service Catalogue.docx']' returned non-zero exit status 1.
[2026-03-17 23:44:36] [TID:23024] START SD - Generic Service Catalogue.docx
[2026-03-17 23:44:36] [TID:23024] Extracting HTML...
[2026-03-17 23:44:42] [TID:23024] ERROR SD - Generic Service Catalogue.docx: Command '['C:\\Users\\koengo\\AppData\\Local\\Programs\\Python\\Python312\\python.exe', 'C:\\Users\\koengo\\OneDrive - Cegeka\\Documents\\Reusable Assets\\Products\\scripts\\extract_html.py', 'C:\\Users\\koengo\\Cegeka\\Product Management - Product Management Library\\Business Line - Cloud and Digital Platforms\\[0.L] Outsourcing Services\\SD - Generic Service Catalogue.docx']' returned non-zero exit status 1.
[2026-03-17 23:47:03] [TID:17696] START SD - Generic Service Catalogue.docx
[2026-03-17 23:47:03] [TID:17696] Extracting HTML...
[2026-03-17 23:47:09] [TID:17696] ERROR SD - Generic Service Catalogue.docx: Command '['C:\\Users\\koengo\\AppData\\Local\\Programs\\Python\\Python312\\python.exe', 'C:\\Users\\koengo\\OneDrive - Cegeka\\Documents\\Reusable Assets\\Products\\scripts\\extract_html.py', 'C:\\Users\\koengo\\Cegeka\\Product Management - Product Management Library\\Business Line - Cloud and Digital Platforms\\[0.L] Outsourcing Services\\SD - Generic Service Catalogue.docx']' returned non-zero exit status 1.
[2026-03-17 23:54:33] [TID:14824] START SD - Generic Service Catalogue.docx
[2026-03-17 23:54:33] [TID:14824] Extracting HTML...
[2026-03-17 23:54:39] [TID:14824] ERROR SD - Generic Service Catalogue.docx: Command '['C:\\Users\\koengo\\AppData\\Local\\Programs\\Python\\Python312\\python.exe', 'C:\\Users\\koengo\\OneDrive - Cegeka\\Documents\\Reusable Assets\\Products\\scripts\\extract_html.py', 'C:\\Users\\koengo\\Cegeka\\Product Management - Product Management Library\\Business Line - Cloud and Digital Platforms\\[0.L] Outsourcing Services\\SD - Generic Service Catalogue.docx']' returned non-zero exit status 1.
[2026-03-18 00:01:59] [TID:24992] START SD - Generic Service Catalogue.docx
[2026-03-18 00:01:59] [TID:24992] Extracting HTML...
[2026-03-18 00:02:04] [TID:24992] ERROR SD - Generic Service Catalogue.docx: Command '['C:\\Users\\koengo\\AppData\\Local\\Programs\\Python\\Python312\\python.exe', 'C:\\Users\\koengo\\OneDrive - Cegeka\\Documents\\Reusable Assets\\Products\\scripts\\extract_html.py', 'C:\\Users\\koengo\\Cegeka\\Product Management - Product Management Library\\Business Line - Cloud and Digital Platforms\\[0.L] Outsourcing Services\\SD - Generic Service Catalogue.docx']' returned non-zero exit status 1.
[2026-03-18 00:11:11] [TID:22472] START SD - Generic Service Catalogue.docx
[2026-03-18 00:11:11] [TID:22472] Extracting HTML...
[2026-03-18 00:11:16] [TID:22472] ERROR SD - Generic Service Catalogue.docx: Command '['C:\\Users\\koengo\\AppData\\Local\\Programs\\Python\\Python312\\python.exe', 'C:\\Users\\koengo\\OneDrive - Cegeka\\Documents\\Reusable Assets\\Products\\scripts\\extract_html.py', 'C:\\Users\\koengo\\Cegeka\\Product Management - Product Management Library\\Business Line - Cloud and Digital Platforms\\[0.L] Outsourcing Services\\SD - Generic Service Catalogue.docx']' returned non-zero exit status 1.
[2026-03-18 00:24:24] [TID:6152] START SD - Generic Service Catalogue.docx
[2026-03-18 00:24:25] [TID:6152] [DEBUG] Running step: extract_html
[2026-03-18 00:24:25] [TID:6152] [DEBUG] Command: ['C:\\Users\\koengo\\AppData\\Local\\Programs\\Python\\Python312\\python.exe', 'C:\\Users\\koengo\\OneDrive - Cegeka\\Documents\\Reusable Assets\\Products\\scripts\\extract_html.py', 'C:\\Users\\koengo\\Cegeka\\Product Management - Product Management Library\\Business Line - Cloud and Digital Platforms\\[0.L] Outsourcing Services\\SD - Generic Service Catalogue.docx']
[2026-03-18 00:24:28] [TID:6152] [DEBUG][stderr] Traceback (most recent call last):
  File "C:\Users\koengo\OneDrive - Cegeka\Documents\Reusable Assets\Products\scripts\extract_html.py", line 17, in <module>
    print(f"\u2714 HTML saved \u2192 {out_file}")
  File "C:\Users\koengo\AppData\Local\Programs\Python\Python312\Lib\encodings\cp1252.py", line 19, in encode
    return codecs.charmap_encode(input,self.errors,encoding_table)[0]
           ^^^^^^^^^^^^^^^^^^^^^^^^^^^^^^^^^^^^^^^^^^^^^^^^^^^^^^^
UnicodeEncodeError: 'charmap' codec can't encode character '\u2714' in position 0: character maps to <undefined>

[2026-03-18 00:24:28] [TID:6152] ERROR SD - Generic Service Catalogue.docx: [extract_html] FAILED with exit code 1
[2026-03-18 00:28:25] [TID:12148] START SD - Generic Service Catalogue.docx
[2026-03-18 00:28:25] [TID:12148] [DEBUG] Running step: extract_html
[2026-03-18 00:28:25] [TID:12148] [DEBUG] Command: ['C:\\Users\\koengo\\AppData\\Local\\Programs\\Python\\Python312\\python.exe', 'C:\\Users\\koengo\\OneDrive - Cegeka\\Documents\\Reusable Assets\\Products\\scripts\\extract_html.py', 'C:\\Users\\koengo\\Cegeka\\Product Management - Product Management Library\\Business Line - Cloud and Digital Platforms\\[0.L] Outsourcing Services\\SD - Generic Service Catalogue.docx']
[2026-03-18 00:28:29] [TID:12148] [DEBUG][stderr] Traceback (most recent call last):
  File "C:\Users\koengo\OneDrive - Cegeka\Documents\Reusable Assets\Products\scripts\extract_html.py", line 17, in <module>
    print(f"\u2714 HTML saved \u2192 {out_file}")
  File "C:\Users\koengo\AppData\Local\Programs\Python\Python312\Lib\encodings\cp1252.py", line 19, in encode
    return codecs.charmap_encode(input,self.errors,encoding_table)[0]
           ^^^^^^^^^^^^^^^^^^^^^^^^^^^^^^^^^^^^^^^^^^^^^^^^^^^^^^^
UnicodeEncodeError: 'charmap' codec can't encode character '\u2714' in position 0: character maps to <undefined>

[2026-03-18 00:28:29] [TID:12148] ERROR SD - Generic Service Catalogue.docx: [extract_html] FAILED with exit code 1
[2026-03-18 00:39:26] [TID:1172] START SD - Generic Service Catalogue.docx
[2026-03-18 00:39:26] [TID:1172] [DEBUG] Running step: extract_html
[2026-03-18 00:39:26] [TID:1172] [DEBUG] Command: ['C:\\Users\\koengo\\AppData\\Local\\Programs\\Python\\Python312\\python.exe', 'C:\\Users\\koengo\\OneDrive - Cegeka\\Documents\\Reusable Assets\\Products\\scripts\\extract_html.py', 'C:\\Users\\koengo\\Cegeka\\Product Management - Product Management Library\\Business Line - Cloud and Digital Platforms\\[0.L] Outsourcing Services\\SD - Generic Service Catalogue.docx']
[2026-03-18 00:39:29] [TID:1172] [DEBUG][stderr] Traceback (most recent call last):
  File "C:\Users\koengo\OneDrive - Cegeka\Documents\Reusable Assets\Products\scripts\extract_html.py", line 17, in <module>
    print(f"\u2714 HTML saved \u2192 {out_file}")
  File "C:\Users\koengo\AppData\Local\Programs\Python\Python312\Lib\encodings\cp1252.py", line 19, in encode
    return codecs.charmap_encode(input,self.errors,encoding_table)[0]
           ^^^^^^^^^^^^^^^^^^^^^^^^^^^^^^^^^^^^^^^^^^^^^^^^^^^^^^^
UnicodeEncodeError: 'charmap' codec can't encode character '\u2714' in position 0: character maps to <undefined>

[2026-03-18 00:39:29] [TID:1172] ERROR SD - Generic Service Catalogue.docx: [extract_html] FAILED with exit code 1
[2026-03-18 00:51:46] [TID:26580] START SD - Generic Service Catalogue.docx
[2026-03-18 00:51:46] [TID:26580] [DEBUG] Running step: extract_html
[2026-03-18 00:51:46] [TID:26580] [DEBUG] Command: ['C:\\Users\\koengo\\AppData\\Local\\Programs\\Python\\Python312\\python.exe', 'C:\\Users\\koengo\\OneDrive - Cegeka\\Documents\\Reusable Assets\\Products\\scripts\\extract_html.py', 'C:\\Users\\koengo\\Cegeka\\Product Management - Product Management Library\\Business Line - Cloud and Digital Platforms\\[0.L] Outsourcing Services\\SD - Generic Service Catalogue.docx']
[2026-03-18 00:51:49] [TID:26580] [DEBUG][stdout] ✔ HTML saved for SD - Generic Service Catalogue.docx

[2026-03-18 00:51:49] [TID:26580] [DEBUG] Step 'extract_html' OK
[2026-03-18 00:51:49] [TID:26580] [DEBUG] Running step: parse_html
[2026-03-18 00:51:49] [TID:26580] [DEBUG] Command: ['C:\\Users\\koengo\\AppData\\Local\\Programs\\Python\\Python312\\python.exe', 'C:\\Users\\koengo\\OneDrive - Cegeka\\Documents\\Reusable Assets\\Products\\scripts\\parse_html_sections.py', 'extracted_html\\SD - Generic Service Catalogue.html']
[2026-03-18 00:51:50] [TID:26580] [DEBUG][stdout] ✔ Robust parsed → output\json\SD - Generic Service Catalogue.json

[2026-03-18 00:51:50] [TID:26580] [DEBUG] Step 'parse_html' OK
[2026-03-18 00:51:50] [TID:26580] [DEBUG] Running step: auto_map
[2026-03-18 00:51:50] [TID:26580] [DEBUG] Command: ['C:\\Users\\koengo\\AppData\\Local\\Programs\\Python\\Python312\\python.exe', 'C:\\Users\\koengo\\OneDrive - Cegeka\\Documents\\Reusable Assets\\Products\\scripts\\auto_map_sections.py', 'output\\json\\SD - Generic Service Catalogue.json']
[2026-03-18 00:51:50] [TID:26580] [DEBUG][stderr]   File "C:\Users\koengo\OneDrive - Cegeka\Documents\Reusable Assets\Products\scripts\auto_map_sections.py", line 26
    ``
    ^
SyntaxError: invalid syntax

[2026-03-18 00:51:50] [TID:26580] ERROR SD - Generic Service Catalogue.docx: [auto_map] FAILED with exit code 1
[2026-03-18 01:01:03] [TID:19944] START SD - Generic Service Catalogue.docx
[2026-03-18 01:01:03] [TID:19944] [DEBUG] Running step: extract_html
[2026-03-18 01:01:03] [TID:19944] [DEBUG] Command: ['C:\\Users\\koengo\\AppData\\Local\\Programs\\Python\\Python312\\python.exe', 'C:\\Users\\koengo\\OneDrive - Cegeka\\Documents\\Reusable Assets\\Products\\scripts\\extract_html.py', 'C:\\Users\\koengo\\Cegeka\\Product Management - Product Management Library\\Business Line - Cloud and Digital Platforms\\[0.L] Outsourcing Services\\SD - Generic Service Catalogue.docx']
[2026-03-18 01:01:08] [TID:19944] [DEBUG][stdout] ✔ HTML saved for SD - Generic Service Catalogue.docx

[2026-03-18 01:01:08] [TID:19944] [DEBUG] Step 'extract_html' OK
[2026-03-18 01:01:08] [TID:19944] [DEBUG] Running step: parse_html
[2026-03-18 01:01:08] [TID:19944] [DEBUG] Command: ['C:\\Users\\koengo\\AppData\\Local\\Programs\\Python\\Python312\\python.exe', 'C:\\Users\\koengo\\OneDrive - Cegeka\\Documents\\Reusable Assets\\Products\\scripts\\parse_html_sections.py', 'extracted_html\\SD - Generic Service Catalogue.html']
[2026-03-18 01:01:09] [TID:19944] [DEBUG][stdout] ✔ Robust parsed → output\json\SD - Generic Service Catalogue.json

[2026-03-18 01:01:09] [TID:19944] [DEBUG] Step 'parse_html' OK
[2026-03-18 01:01:09] [TID:19944] [DEBUG] Running step: auto_map
[2026-03-18 01:01:09] [TID:19944] [DEBUG] Command: ['C:\\Users\\koengo\\AppData\\Local\\Programs\\Python\\Python312\\python.exe', 'C:\\Users\\koengo\\OneDrive - Cegeka\\Documents\\Reusable Assets\\Products\\scripts\\auto_map_sections.py', 'output\\json\\SD - Generic Service Catalogue.json']
[2026-03-18 01:01:09] [TID:19944] [DEBUG][stderr]   File "C:\Users\koengo\OneDrive - Cegeka\Documents\Reusable Assets\Products\scripts\auto_map_sections.py", line 26
    ``
    ^
SyntaxError: invalid syntax

[2026-03-18 01:01:09] [TID:19944] ERROR SD - Generic Service Catalogue.docx: [auto_map] FAILED with exit code 1
[2026-03-18 01:16:39] [TID:19856] START SD - Generic Service Catalogue.docx
[2026-03-18 01:16:39] [TID:19856] [DEBUG] Running step: extract_html
[2026-03-18 01:16:39] [TID:19856] [DEBUG] Command: ['C:\\Users\\koengo\\AppData\\Local\\Programs\\Python\\Python312\\python.exe', 'C:\\Users\\koengo\\OneDrive - Cegeka\\Documents\\Reusable Assets\\Products\\scripts\\extract_html.py', 'C:\\Users\\koengo\\Cegeka\\Product Management - Product Management Library\\Business Line - Cloud and Digital Platforms\\[0.L] Outsourcing Services\\SD - Generic Service Catalogue.docx']
[2026-03-18 01:16:43] [TID:19856] [DEBUG][stdout] ✔ HTML saved for SD - Generic Service Catalogue.docx

[2026-03-18 01:16:43] [TID:19856] [DEBUG] Step 'extract_html' OK
[2026-03-18 01:16:43] [TID:19856] [DEBUG] Running step: parse_html
[2026-03-18 01:16:43] [TID:19856] [DEBUG] Command: ['C:\\Users\\koengo\\AppData\\Local\\Programs\\Python\\Python312\\python.exe', 'C:\\Users\\koengo\\OneDrive - Cegeka\\Documents\\Reusable Assets\\Products\\scripts\\parse_html_sections.py', 'extracted_html\\SD - Generic Service Catalogue.html']
[2026-03-18 01:16:44] [TID:19856] [DEBUG][stdout] ✔ Robust parsed → output\json\SD - Generic Service Catalogue.json

[2026-03-18 01:16:45] [TID:19856] [DEBUG] Step 'parse_html' OK
[2026-03-18 01:16:45] [TID:19856] [DEBUG] Running step: auto_map
[2026-03-18 01:16:45] [TID:19856] [DEBUG] Command: ['C:\\Users\\koengo\\AppData\\Local\\Programs\\Python\\Python312\\python.exe', 'C:\\Users\\koengo\\OneDrive - Cegeka\\Documents\\Reusable Assets\\Products\\scripts\\auto_map_sections.py', 'output\\json\\SD - Generic Service Catalogue.json']
[2026-03-18 01:16:45] [TID:19856] [DEBUG][stderr]   File "C:\Users\koengo\OneDrive - Cegeka\Documents\Reusable Assets\Products\scripts\auto_map_sections.py", line 26
    ``
    ^
SyntaxError: invalid syntax

[2026-03-18 01:16:45] [TID:19856] ERROR SD - Generic Service Catalogue.docx: [auto_map] FAILED with exit code 1
[2026-03-18 01:30:47] [TID:940] START SD - Generic Service Catalogue.docx
[2026-03-18 01:30:47] [TID:940] [DEBUG] Running step: extract_html
[2026-03-18 01:30:47] [TID:940] [DEBUG] Command: ['C:\\Users\\koengo\\AppData\\Local\\Programs\\Python\\Python312\\python.exe', 'C:\\Users\\koengo\\OneDrive - Cegeka\\Documents\\Reusable Assets\\Products\\scripts\\extract_html.py', 'C:\\Users\\koengo\\Cegeka\\Product Management - Product Management Library\\Business Line - Cloud and Digital Platforms\\[0.L] Outsourcing Services\\SD - Generic Service Catalogue.docx']
[2026-03-18 01:30:47] [TID:940] [DEBUG][stderr]   File "C:\Users\koengo\OneDrive - Cegeka\Documents\Reusable Assets\Products\scripts\extract_html.py", line 31
    ``
    ^
SyntaxError: invalid syntax

[2026-03-18 01:30:47] [TID:940] ERROR SD - Generic Service Catalogue.docx: [extract_html] FAILED with exit code 1
[2026-03-18 01:32:58] [TID:28000] START SD - Generic Service Catalogue.docx
[2026-03-18 01:32:58] [TID:28000] [DEBUG] Running step: extract_html
[2026-03-18 01:32:58] [TID:28000] [DEBUG] Command: ['C:\\Users\\koengo\\AppData\\Local\\Programs\\Python\\Python312\\python.exe', 'C:\\Users\\koengo\\OneDrive - Cegeka\\Documents\\Reusable Assets\\Products\\scripts\\extract_html.py', 'C:\\Users\\koengo\\Cegeka\\Product Management - Product Management Library\\Business Line - Cloud and Digital Platforms\\[0.L] Outsourcing Services\\SD - Generic Service Catalogue.docx']
[2026-03-18 01:33:02] [TID:28000] [DEBUG][stdout] HTML saved: SD - Generic Service Catalogue.html

[2026-03-18 01:33:02] [TID:28000] [DEBUG] Step 'extract_html' OK
[2026-03-18 01:33:02] [TID:28000] [DEBUG] Running step: parse_html
[2026-03-18 01:33:02] [TID:28000] [DEBUG] Command: ['C:\\Users\\koengo\\AppData\\Local\\Programs\\Python\\Python312\\python.exe', 'C:\\Users\\koengo\\OneDrive - Cegeka\\Documents\\Reusable Assets\\Products\\scripts\\parse_html_sections.py', 'extracted_html\\SD - Generic Service Catalogue.html']
[2026-03-18 01:33:03] [TID:28000] [DEBUG][stdout] ✔ Robust parsed → output\json\SD - Generic Service Catalogue.json

[2026-03-18 01:33:03] [TID:28000] [DEBUG] Step 'parse_html' OK
[2026-03-18 01:33:03] [TID:28000] [DEBUG] Running step: auto_map
[2026-03-18 01:33:03] [TID:28000] [DEBUG] Command: ['C:\\Users\\koengo\\AppData\\Local\\Programs\\Python\\Python312\\python.exe', 'C:\\Users\\koengo\\OneDrive - Cegeka\\Documents\\Reusable Assets\\Products\\scripts\\auto_map_sections.py', 'output\\json\\SD - Generic Service Catalogue.json']
[2026-03-18 01:33:03] [TID:28000] [DEBUG][stderr]   File "C:\Users\koengo\OneDrive - Cegeka\Documents\Reusable Assets\Products\scripts\auto_map_sections.py", line 26
    ``
    ^
SyntaxError: invalid syntax

[2026-03-18 01:33:03] [TID:28000] ERROR SD - Generic Service Catalogue.docx: [auto_map] FAILED with exit code 1
[2026-03-18 01:40:09] [TID:23252] START SD - Generic Service Catalogue.docx
[2026-03-18 01:40:09] [TID:23252] [DEBUG] Running step: extract_html
[2026-03-18 01:40:09] [TID:23252] [DEBUG] Command: ['C:\\Users\\koengo\\AppData\\Local\\Programs\\Python\\Python312\\python.exe', 'C:\\Users\\koengo\\OneDrive - Cegeka\\Documents\\Reusable Assets\\Products\\scripts\\extract_html.py', 'C:\\Users\\koengo\\Cegeka\\Product Management - Product Management Library\\Business Line - Cloud and Digital Platforms\\[0.L] Outsourcing Services\\SD - Generic Service Catalogue.docx']
[2026-03-18 01:40:12] [TID:23252] [DEBUG][stdout] HTML saved: SD - Generic Service Catalogue.html

[2026-03-18 01:40:12] [TID:23252] [DEBUG] Step 'extract_html' OK
[2026-03-18 01:40:12] [TID:23252] [DEBUG] Running step: parse_html
[2026-03-18 01:40:12] [TID:23252] [DEBUG] Command: ['C:\\Users\\koengo\\AppData\\Local\\Programs\\Python\\Python312\\python.exe', 'C:\\Users\\koengo\\OneDrive - Cegeka\\Documents\\Reusable Assets\\Products\\scripts\\parse_html_sections.py', 'extracted_html\\SD - Generic Service Catalogue.html']
[2026-03-18 01:40:13] [TID:23252] [DEBUG][stdout] ✔ Robust parsed → output\json\SD - Generic Service Catalogue.json

[2026-03-18 01:40:13] [TID:23252] [DEBUG] Step 'parse_html' OK
[2026-03-18 01:40:13] [TID:23252] [DEBUG] Running step: auto_map
[2026-03-18 01:40:13] [TID:23252] [DEBUG] Command: ['C:\\Users\\koengo\\AppData\\Local\\Programs\\Python\\Python312\\python.exe', 'C:\\Users\\koengo\\OneDrive - Cegeka\\Documents\\Reusable Assets\\Products\\scripts\\auto_map_sections.py', 'output\\json\\SD - Generic Service Catalogue.json']
[2026-03-18 01:40:13] [TID:23252] [DEBUG][stderr]   File "C:\Users\koengo\OneDrive - Cegeka\Documents\Reusable Assets\Products\scripts\auto_map_sections.py", line 26
    ``
    ^
SyntaxError: invalid syntax

[2026-03-18 01:40:13] [TID:23252] ERROR SD - Generic Service Catalogue.docx: [auto_map] FAILED with exit code 1
