[2026-03-18 14:28:00] START extract_html for: C:\Users\koengo\Cegeka\Product Management - Product Management Library\Business Line - Digital Employee eXperience\[7.2] Cegeka Employee Empowerment Solutions\[PRD.7.7.002] Workplace Assistant\SD - Workplace Assistant [PRD.7.7.002][PV1.0][DV1.0].docx
[2026-03-18 14:28:00] HTML saved: extracted_html\SD - Workplace Assistant [PRD.7.7.002][PV1.0][DV1.0].html
[2026-03-18 14:28:00] extract_html OK
[2026-03-18 14:28:01] START parse_html for: extracted_html\SD - Workplace Assistant [PRD.7.7.002][PV1.0][DV1.0].html
[2026-03-18 14:28:02] PARSE OK → output\json\SD - Workplace Assistant [PRD.7.7.002][PV1.0][DV1.0].json
[2026-03-18 14:49:05] START PIPELINE for C:\Users\koengo\Cegeka\Product Management - Product Management Library\Business Line - Digital Employee eXperience\[7.2] Cegeka Employee Empowerment Solutions\[PRD.7.7.002] Workplace Assistant\SD - Workplace Assistant [PRD.7.7.002][PV1.0][DV1.0].docx
[2026-03-18 14:49:05] RUN extract_html.py -> C:\Users\koengo\Cegeka\Product Management - Product Management Library\Business Line - Digital Employee eXperience\[7.2] Cegeka Employee Empowerment Solutions\[PRD.7.7.002] Workplace Assistant\SD - Workplace Assistant [PRD.7.7.002][PV1.0][DV1.0].docx
[2026-03-18 14:49:05] START extract_html for: C:\Users\koengo\Cegeka\Product Management - Product Management Library\Business Line - Digital Employee eXperience\[7.2] Cegeka Employee Empowerment Solutions\[PRD.7.7.002] Workplace Assistant\SD - Workplace Assistant [PRD.7.7.002][PV1.0][DV1.0].docx
[2026-03-18 14:49:05] HTML saved: extracted_html\SD - Workplace Assistant [PRD.7.7.002][PV1.0][DV1.0].html
[2026-03-18 14:49:05] extract_html OK
[2026-03-18 14:49:06] RUN parse_html_sections.py -> C:\Users\koengo\OneDrive - Cegeka\Documents\Reusable Assets\Products\extracted_html\SD - Workplace Assistant [PRD.7.7.002][PV1.0][DV1.0].html
[2026-03-18 14:49:06] START parse_html for: C:\Users\koengo\OneDrive - Cegeka\Documents\Reusable Assets\Products\extracted_html\SD - Workplace Assistant [PRD.7.7.002][PV1.0][DV1.0].html
[2026-03-18 14:49:07] PARSE OK → output\json\SD - Workplace Assistant [PRD.7.7.002][PV1.0][DV1.0].json
[2026-03-18 14:49:07] RUN auto_map_sections.py -> C:\Users\koengo\OneDrive - Cegeka\Documents\Reusable Assets\Products\output\json\SD - Workplace Assistant [PRD.7.7.002][PV1.0][DV1.0].json
[2026-03-18 14:49:07] START auto_map for: C:\Users\koengo\OneDrive - Cegeka\Documents\Reusable Assets\Products\output\json\SD - Workplace Assistant [PRD.7.7.002][PV1.0][DV1.0].json
[2026-03-18 14:49:07] auto_map OK → output\mapped\SD - Workplace Assistant [PRD.7.7.002][PV1.0][DV1.0]_mapped.json
[2026-03-18 14:49:07] JSON->XML OK -> C:\Users\koengo\OneDrive - Cegeka\Documents\Reusable Assets\Products\output\xml\SD - Workplace Assistant [PRD.7.7.002][PV1.0][DV1.0]_mapped.xml
[2026-03-18 14:49:07] RUN xml_to_docx.py -> C:\Users\koengo\OneDrive - Cegeka\Documents\Reusable Assets\Products\output\xml\SD - Workplace Assistant [PRD.7.7.002][PV1.0][DV1.0]_mapped.xml
[2026-03-18 14:49:08] PIPELINE OK
[2026-03-18 15:02:53] START PIPELINE for C:\Users\koengo\Cegeka\Product Management - Product Management Library\Business Line - Digital Employee eXperience\[7.2] Cegeka Employee Empowerment Solutions\[PRD.7.7.002] Workplace Assistant\SD - Workplace Assistant [PRD.7.7.002][PV1.0][DV1.0].docx
[2026-03-18 15:02:53] RUN extract_html.py -> C:\Users\koengo\Cegeka\Product Management - Product Management Library\Business Line - Digital Employee eXperience\[7.2] Cegeka Employee Empowerment Solutions\[PRD.7.7.002] Workplace Assistant\SD - Workplace Assistant [PRD.7.7.002][PV1.0][DV1.0].docx
[2026-03-18 15:02:53] START extract_html for: C:\Users\koengo\Cegeka\Product Management - Product Management Library\Business Line - Digital Employee eXperience\[7.2] Cegeka Employee Empowerment Solutions\[PRD.7.7.002] Workplace Assistant\SD - Workplace Assistant [PRD.7.7.002][PV1.0][DV1.0].docx
[2026-03-18 15:02:53] HTML saved: extracted_html\SD - Workplace Assistant [PRD.7.7.002][PV1.0][DV1.0].html
[2026-03-18 15:02:53] extract_html OK
[2026-03-18 15:02:53] RUN parse_html_sections.py -> C:\Users\koengo\OneDrive - Cegeka\Documents\Reusable Assets\Products\extracted_html\SD - Workplace Assistant [PRD.7.7.002][PV1.0][DV1.0].html
[2026-03-18 15:02:54] START parse_html for: C:\Users\koengo\OneDrive - Cegeka\Documents\Reusable Assets\Products\extracted_html\SD - Workplace Assistant [PRD.7.7.002][PV1.0][DV1.0].html
[2026-03-18 15:02:55] PARSE OK → output\json\SD - Workplace Assistant [PRD.7.7.002][PV1.0][DV1.0].json
[2026-03-18 15:02:55] RUN auto_map_sections.py -> C:\Users\koengo\OneDrive - Cegeka\Documents\Reusable Assets\Products\output\json\SD - Workplace Assistant [PRD.7.7.002][PV1.0][DV1.0].json
[2026-03-18 15:02:55] START auto_map for: C:\Users\koengo\OneDrive - Cegeka\Documents\Reusable Assets\Products\output\json\SD - Workplace Assistant [PRD.7.7.002][PV1.0][DV1.0].json
[2026-03-18 15:02:55] auto_map OK → output\mapped\SD - Workplace Assistant [PRD.7.7.002][PV1.0][DV1.0]_mapped.json
[2026-03-18 15:02:55] JSON->XML OK -> C:\Users\koengo\OneDrive - Cegeka\Documents\Reusable Assets\Products\output\xml\SD - Workplace Assistant [PRD.7.7.002][PV1.0][DV1.0]_mapped.xml
[2026-03-18 15:02:55] RUN xml_to_docx.py -> C:\Users\koengo\OneDrive - Cegeka\Documents\Reusable Assets\Products\output\xml\SD - Workplace Assistant [PRD.7.7.002][PV1.0][DV1.0]_mapped.xml
[2026-03-18 15:02:56] PIPELINE OK
