[2026-03-18 14:49:20] START xml_to_docx_v3_fixed for: C:\Users\koengo\OneDrive - Cegeka\Documents\Reusable Assets\Products\output\xml\SD -  Managed Security Infrastructure [PRD.4.2.001][PV1.0][DV1.0]_mapped.xml
[2026-03-18 14:49:20] Filled SDT 'PRODUCT_SUMMARY' with XML section 'Service Introduction'
[2026-03-18 14:49:20] Filled SDT 'CLIENT_NEEDS' with XML section 'Service Overview'
[2026-03-18 14:49:20] Filled SDT 'KEY_FEATURES' with XML section 'Transition Services'
[2026-03-18 14:49:20] Filled SDT 'ARCHITECTURAL_DESCRIPTION' with XML section 'Technical Implementation'
[2026-03-18 14:49:20] Filled SDT 'KEY_FEATURES' with XML section 'Operational Readiness'
[2026-03-18 14:49:20] Filled SDT 'KEY_FEATURES' with XML section 'Run Services'
[2026-03-18 14:49:20] Filled SDT 'KEY_FEATURES' with XML section 'Process'
[2026-03-18 14:49:20] TOTAL SDT FIELDS FILLED: 7
[2026-03-18 14:49:20] XML→DOCX OK → output\docx\SD -  Managed Security Infrastructure [PRD.4.2.001][PV1.0][DV1.0]_mapped_FINAL.docx
[2026-03-18 15:03:07] START xml_to_docx_v3_fixed for: C:\Users\koengo\OneDrive - Cegeka\Documents\Reusable Assets\Products\output\xml\SD -  Managed Security Infrastructure [PRD.4.2.001][PV1.0][DV1.0]_mapped.xml
[2026-03-18 15:03:07] Filled SDT 'PRODUCT_SUMMARY' with XML section 'Service Introduction'
[2026-03-18 15:03:07] Filled SDT 'CLIENT_NEEDS' with XML section 'Service Overview'
[2026-03-18 15:03:07] Filled SDT 'KEY_FEATURES' with XML section 'Transition Services'
[2026-03-18 15:03:07] Filled SDT 'ARCHITECTURAL_DESCRIPTION' with XML section 'Technical Implementation'
[2026-03-18 15:03:07] Filled SDT 'KEY_FEATURES' with XML section 'Operational Readiness'
[2026-03-18 15:03:07] Filled SDT 'KEY_FEATURES' with XML section 'Run Services'
[2026-03-18 15:03:07] Filled SDT 'KEY_FEATURES' with XML section 'Process'
[2026-03-18 15:03:08] TOTAL SDT FIELDS FILLED: 7
[2026-03-18 15:03:08] XML→DOCX OK → output\docx\SD -  Managed Security Infrastructure [PRD.4.2.001][PV1.0][DV1.0]_mapped_FINAL.docx
