[2026-03-17 23:34:07] [TID:22888] Start processing SD: SD - Cegeka IBM Power Cloud(Legacy) [PRD.0.1.003][PV0.7][DV1.0].docx
[2026-03-17 23:34:07] [TID:22888] Extracting HTML...
[2026-03-17 23:34:07] [TID:22888] ERROR SD - Cegeka IBM Power Cloud(Legacy) [PRD.0.1.003][PV0.7][DV1.0].docx: Command '['C:\\Users\\koengo\\AppData\\Local\\Programs\\Python\\Python312\\python.exe', 'C:\\Users\\koengo\\OneDrive - Cegeka\\Documents\\Reusable Assets\\Products\\scripts\\extract_html.py', 'C:\\Users\\koengo\\Cegeka\\Product Management - Product Management Library\\Business Line - Cloud and Digital Platforms\\[0.1] Cegeka IBM Power Services & Solutions\\[PRD.0.1.003] Cegeka IBM Power Cloud\\SD - Cegeka IBM Power Cloud(Legacy) [PRD.0.1.003][PV0.7][DV1.0].docx']' returned non-zero exit status 1.
[2026-03-17 23:39:29] [TID:27424] START SD - Cegeka IBM Power Cloud(Legacy) [PRD.0.1.003][PV0.7][DV1.0].docx
[2026-03-17 23:39:29] [TID:27424] Extracting HTML...
[2026-03-17 23:39:30] [TID:27424] ERROR SD - Cegeka IBM Power Cloud(Legacy) [PRD.0.1.003][PV0.7][DV1.0].docx: Command '['C:\\Users\\koengo\\AppData\\Local\\Programs\\Python\\Python312\\python.exe', 'C:\\Users\\koengo\\OneDrive - Cegeka\\Documents\\Reusable Assets\\Products\\scripts\\extract_html.py', 'C:\\Users\\koengo\\Cegeka\\Product Management - Product Management Library\\Business Line - Cloud and Digital Platforms\\[0.1] Cegeka IBM Power Services & Solutions\\[PRD.0.1.003] Cegeka IBM Power Cloud\\SD - Cegeka IBM Power Cloud(Legacy) [PRD.0.1.003][PV0.7][DV1.0].docx']' returned non-zero exit status 1.
[2026-03-17 23:44:40] [TID:16732] START SD - Cegeka IBM Power Cloud(Legacy) [PRD.0.1.003][PV0.7][DV1.0].docx
[2026-03-17 23:44:40] [TID:16732] Extracting HTML...
[2026-03-17 23:44:40] [TID:16732] ERROR SD - Cegeka IBM Power Cloud(Legacy) [PRD.0.1.003][PV0.7][DV1.0].docx: Command '['C:\\Users\\koengo\\AppData\\Local\\Programs\\Python\\Python312\\python.exe', 'C:\\Users\\koengo\\OneDrive - Cegeka\\Documents\\Reusable Assets\\Products\\scripts\\extract_html.py', 'C:\\Users\\koengo\\Cegeka\\Product Management - Product Management Library\\Business Line - Cloud and Digital Platforms\\[0.1] Cegeka IBM Power Services & Solutions\\[PRD.0.1.003] Cegeka IBM Power Cloud\\SD - Cegeka IBM Power Cloud(Legacy) [PRD.0.1.003][PV0.7][DV1.0].docx']' returned non-zero exit status 1.
[2026-03-17 23:47:07] [TID:25624] START SD - Cegeka IBM Power Cloud(Legacy) [PRD.0.1.003][PV0.7][DV1.0].docx
[2026-03-17 23:47:08] [TID:25624] Extracting HTML...
[2026-03-17 23:47:09] [TID:25624] ERROR SD - Cegeka IBM Power Cloud(Legacy) [PRD.0.1.003][PV0.7][DV1.0].docx: Command '['C:\\Users\\koengo\\AppData\\Local\\Programs\\Python\\Python312\\python.exe', 'C:\\Users\\koengo\\OneDrive - Cegeka\\Documents\\Reusable Assets\\Products\\scripts\\extract_html.py', 'C:\\Users\\koengo\\Cegeka\\Product Management - Product Management Library\\Business Line - Cloud and Digital Platforms\\[0.1] Cegeka IBM Power Services & Solutions\\[PRD.0.1.003] Cegeka IBM Power Cloud\\SD - Cegeka IBM Power Cloud(Legacy) [PRD.0.1.003][PV0.7][DV1.0].docx']' returned non-zero exit status 1.
[2026-03-17 23:54:37] [TID:28188] START SD - Cegeka IBM Power Cloud(Legacy) [PRD.0.1.003][PV0.7][DV1.0].docx
[2026-03-17 23:54:37] [TID:28188] Extracting HTML...
[2026-03-17 23:54:38] [TID:28188] ERROR SD - Cegeka IBM Power Cloud(Legacy) [PRD.0.1.003][PV0.7][DV1.0].docx: Command '['C:\\Users\\koengo\\AppData\\Local\\Programs\\Python\\Python312\\python.exe', 'C:\\Users\\koengo\\OneDrive - Cegeka\\Documents\\Reusable Assets\\Products\\scripts\\extract_html.py', 'C:\\Users\\koengo\\Cegeka\\Product Management - Product Management Library\\Business Line - Cloud and Digital Platforms\\[0.1] Cegeka IBM Power Services & Solutions\\[PRD.0.1.003] Cegeka IBM Power Cloud\\SD - Cegeka IBM Power Cloud(Legacy) [PRD.0.1.003][PV0.7][DV1.0].docx']' returned non-zero exit status 1.
[2026-03-18 00:02:03] [TID:28120] START SD - Cegeka IBM Power Cloud(Legacy) [PRD.0.1.003][PV0.7][DV1.0].docx
[2026-03-18 00:02:03] [TID:28120] Extracting HTML...
[2026-03-18 00:02:03] [TID:28120] ERROR SD - Cegeka IBM Power Cloud(Legacy) [PRD.0.1.003][PV0.7][DV1.0].docx: Command '['C:\\Users\\koengo\\AppData\\Local\\Programs\\Python\\Python312\\python.exe', 'C:\\Users\\koengo\\OneDrive - Cegeka\\Documents\\Reusable Assets\\Products\\scripts\\extract_html.py', 'C:\\Users\\koengo\\Cegeka\\Product Management - Product Management Library\\Business Line - Cloud and Digital Platforms\\[0.1] Cegeka IBM Power Services & Solutions\\[PRD.0.1.003] Cegeka IBM Power Cloud\\SD - Cegeka IBM Power Cloud(Legacy) [PRD.0.1.003][PV0.7][DV1.0].docx']' returned non-zero exit status 1.
[2026-03-18 00:11:14] [TID:5760] START SD - Cegeka IBM Power Cloud(Legacy) [PRD.0.1.003][PV0.7][DV1.0].docx
[2026-03-18 00:11:14] [TID:5760] Extracting HTML...
[2026-03-18 00:11:15] [TID:5760] ERROR SD - Cegeka IBM Power Cloud(Legacy) [PRD.0.1.003][PV0.7][DV1.0].docx: Command '['C:\\Users\\koengo\\AppData\\Local\\Programs\\Python\\Python312\\python.exe', 'C:\\Users\\koengo\\OneDrive - Cegeka\\Documents\\Reusable Assets\\Products\\scripts\\extract_html.py', 'C:\\Users\\koengo\\Cegeka\\Product Management - Product Management Library\\Business Line - Cloud and Digital Platforms\\[0.1] Cegeka IBM Power Services & Solutions\\[PRD.0.1.003] Cegeka IBM Power Cloud\\SD - Cegeka IBM Power Cloud(Legacy) [PRD.0.1.003][PV0.7][DV1.0].docx']' returned non-zero exit status 1.
[2026-03-18 00:24:31] [TID:14908] START SD - Cegeka IBM Power Cloud(Legacy) [PRD.0.1.003][PV0.7][DV1.0].docx
[2026-03-18 00:24:32] [TID:14908] [DEBUG] Running step: extract_html
[2026-03-18 00:24:32] [TID:14908] [DEBUG] Command: ['C:\\Users\\koengo\\AppData\\Local\\Programs\\Python\\Python312\\python.exe', 'C:\\Users\\koengo\\OneDrive - Cegeka\\Documents\\Reusable Assets\\Products\\scripts\\extract_html.py', 'C:\\Users\\koengo\\Cegeka\\Product Management - Product Management Library\\Business Line - Cloud and Digital Platforms\\[0.1] Cegeka IBM Power Services & Solutions\\[PRD.0.1.003] Cegeka IBM Power Cloud\\SD - Cegeka IBM Power Cloud(Legacy) [PRD.0.1.003][PV0.7][DV1.0].docx']
[2026-03-18 00:24:32] [TID:14908] [DEBUG][stderr] Traceback (most recent call last):
  File "C:\Users\koengo\OneDrive - Cegeka\Documents\Reusable Assets\Products\scripts\extract_html.py", line 12, in <module>
    with open(sd_file, "rb") as f:
         ^^^^^^^^^^^^^^^^^^^
FileNotFoundError: [Errno 2] No such file or directory: 'C:\\Users\\koengo\\Cegeka\\Product Management - Product Management Library\\Business Line - Cloud and Digital Platforms\\[0.1] Cegeka IBM Power Services & Solutions\\[PRD.0.1.003] Cegeka IBM Power Cloud\\SD - Cegeka IBM Power Cloud(Legacy) [PRD.0.1.003][PV0.7][DV1.0].docx'

[2026-03-18 00:24:32] [TID:14908] ERROR SD - Cegeka IBM Power Cloud(Legacy) [PRD.0.1.003][PV0.7][DV1.0].docx: [extract_html] FAILED with exit code 1
[2026-03-18 00:28:32] [TID:29492] START SD - Cegeka IBM Power Cloud(Legacy) [PRD.0.1.003][PV0.7][DV1.0].docx
[2026-03-18 00:28:32] [TID:29492] [DEBUG] Running step: extract_html
[2026-03-18 00:28:32] [TID:29492] [DEBUG] Command: ['C:\\Users\\koengo\\AppData\\Local\\Programs\\Python\\Python312\\python.exe', 'C:\\Users\\koengo\\OneDrive - Cegeka\\Documents\\Reusable Assets\\Products\\scripts\\extract_html.py', 'C:\\Users\\koengo\\Cegeka\\Product Management - Product Management Library\\Business Line - Cloud and Digital Platforms\\[0.1] Cegeka IBM Power Services & Solutions\\[PRD.0.1.003] Cegeka IBM Power Cloud\\SD - Cegeka IBM Power Cloud(Legacy) [PRD.0.1.003][PV0.7][DV1.0].docx']
[2026-03-18 00:28:32] [TID:29492] [DEBUG][stderr] Traceback (most recent call last):
  File "C:\Users\koengo\OneDrive - Cegeka\Documents\Reusable Assets\Products\scripts\extract_html.py", line 12, in <module>
    with open(sd_file, "rb") as f:
         ^^^^^^^^^^^^^^^^^^^
FileNotFoundError: [Errno 2] No such file or directory: 'C:\\Users\\koengo\\Cegeka\\Product Management - Product Management Library\\Business Line - Cloud and Digital Platforms\\[0.1] Cegeka IBM Power Services & Solutions\\[PRD.0.1.003] Cegeka IBM Power Cloud\\SD - Cegeka IBM Power Cloud(Legacy) [PRD.0.1.003][PV0.7][DV1.0].docx'

[2026-03-18 00:28:32] [TID:29492] ERROR SD - Cegeka IBM Power Cloud(Legacy) [PRD.0.1.003][PV0.7][DV1.0].docx: [extract_html] FAILED with exit code 1
[2026-03-18 00:39:32] [TID:22268] START SD - Cegeka IBM Power Cloud(Legacy) [PRD.0.1.003][PV0.7][DV1.0].docx
[2026-03-18 00:39:32] [TID:22268] [DEBUG] Running step: extract_html
[2026-03-18 00:39:32] [TID:22268] [DEBUG] Command: ['C:\\Users\\koengo\\AppData\\Local\\Programs\\Python\\Python312\\python.exe', 'C:\\Users\\koengo\\OneDrive - Cegeka\\Documents\\Reusable Assets\\Products\\scripts\\extract_html.py', 'C:\\Users\\koengo\\Cegeka\\Product Management - Product Management Library\\Business Line - Cloud and Digital Platforms\\[0.1] Cegeka IBM Power Services & Solutions\\[PRD.0.1.003] Cegeka IBM Power Cloud\\SD - Cegeka IBM Power Cloud(Legacy) [PRD.0.1.003][PV0.7][DV1.0].docx']
[2026-03-18 00:39:33] [TID:22268] [DEBUG][stderr] Traceback (most recent call last):
  File "C:\Users\koengo\OneDrive - Cegeka\Documents\Reusable Assets\Products\scripts\extract_html.py", line 12, in <module>
    with open(sd_file, "rb") as f:
         ^^^^^^^^^^^^^^^^^^^
FileNotFoundError: [Errno 2] No such file or directory: 'C:\\Users\\koengo\\Cegeka\\Product Management - Product Management Library\\Business Line - Cloud and Digital Platforms\\[0.1] Cegeka IBM Power Services & Solutions\\[PRD.0.1.003] Cegeka IBM Power Cloud\\SD - Cegeka IBM Power Cloud(Legacy) [PRD.0.1.003][PV0.7][DV1.0].docx'

[2026-03-18 00:39:33] [TID:22268] ERROR SD - Cegeka IBM Power Cloud(Legacy) [PRD.0.1.003][PV0.7][DV1.0].docx: [extract_html] FAILED with exit code 1
[2026-03-18 00:51:53] [TID:1204] START SD - Cegeka IBM Power Cloud(Legacy) [PRD.0.1.003][PV0.7][DV1.0].docx
[2026-03-18 00:51:53] [TID:1204] [DEBUG] Running step: extract_html
[2026-03-18 00:51:53] [TID:1204] [DEBUG] Command: ['C:\\Users\\koengo\\AppData\\Local\\Programs\\Python\\Python312\\python.exe', 'C:\\Users\\koengo\\OneDrive - Cegeka\\Documents\\Reusable Assets\\Products\\scripts\\extract_html.py', 'C:\\Users\\koengo\\Cegeka\\Product Management - Product Management Library\\Business Line - Cloud and Digital Platforms\\[0.1] Cegeka IBM Power Services & Solutions\\[PRD.0.1.003] Cegeka IBM Power Cloud\\SD - Cegeka IBM Power Cloud(Legacy) [PRD.0.1.003][PV0.7][DV1.0].docx']
[2026-03-18 00:51:54] [TID:1204] [DEBUG][stdout] EXTRACT ERROR: [Errno 2] No such file or directory: 'C:\\Users\\koengo\\Cegeka\\Product Management - Product Management Library\\Business Line - Cloud and Digital Platforms\\[0.1] Cegeka IBM Power Services & Solutions\\[PRD.0.1.003] Cegeka IBM Power Cloud\\SD - Cegeka IBM Power Cloud(Legacy) [PRD.0.1.003][PV0.7][DV1.0].docx'

[2026-03-18 00:51:54] [TID:1204] ERROR SD - Cegeka IBM Power Cloud(Legacy) [PRD.0.1.003][PV0.7][DV1.0].docx: [extract_html] FAILED with exit code 1
[2026-03-18 01:01:12] [TID:28604] START SD - Cegeka IBM Power Cloud(Legacy) [PRD.0.1.003][PV0.7][DV1.0].docx
[2026-03-18 01:01:12] [TID:28604] [DEBUG] Running step: extract_html
[2026-03-18 01:01:12] [TID:28604] [DEBUG] Command: ['C:\\Users\\koengo\\AppData\\Local\\Programs\\Python\\Python312\\python.exe', 'C:\\Users\\koengo\\OneDrive - Cegeka\\Documents\\Reusable Assets\\Products\\scripts\\extract_html.py', 'C:\\Users\\koengo\\Cegeka\\Product Management - Product Management Library\\Business Line - Cloud and Digital Platforms\\[0.1] Cegeka IBM Power Services & Solutions\\[PRD.0.1.003] Cegeka IBM Power Cloud\\SD - Cegeka IBM Power Cloud(Legacy) [PRD.0.1.003][PV0.7][DV1.0].docx']
[2026-03-18 01:01:12] [TID:28604] [DEBUG][stdout] EXTRACT ERROR: [Errno 2] No such file or directory: 'C:\\Users\\koengo\\Cegeka\\Product Management - Product Management Library\\Business Line - Cloud and Digital Platforms\\[0.1] Cegeka IBM Power Services & Solutions\\[PRD.0.1.003] Cegeka IBM Power Cloud\\SD - Cegeka IBM Power Cloud(Legacy) [PRD.0.1.003][PV0.7][DV1.0].docx'

[2026-03-18 01:01:12] [TID:28604] ERROR SD - Cegeka IBM Power Cloud(Legacy) [PRD.0.1.003][PV0.7][DV1.0].docx: [extract_html] FAILED with exit code 1
[2026-03-18 01:16:47] [TID:28776] START SD - Cegeka IBM Power Cloud(Legacy) [PRD.0.1.003][PV0.7][DV1.0].docx
[2026-03-18 01:16:47] [TID:28776] [DEBUG] Running step: extract_html
[2026-03-18 01:16:47] [TID:28776] [DEBUG] Command: ['C:\\Users\\koengo\\AppData\\Local\\Programs\\Python\\Python312\\python.exe', 'C:\\Users\\koengo\\OneDrive - Cegeka\\Documents\\Reusable Assets\\Products\\scripts\\extract_html.py', 'C:\\Users\\koengo\\Cegeka\\Product Management - Product Management Library\\Business Line - Cloud and Digital Platforms\\[0.1] Cegeka IBM Power Services & Solutions\\[PRD.0.1.003] Cegeka IBM Power Cloud\\SD - Cegeka IBM Power Cloud(Legacy) [PRD.0.1.003][PV0.7][DV1.0].docx']
[2026-03-18 01:16:48] [TID:28776] [DEBUG][stdout] EXTRACT ERROR: [Errno 2] No such file or directory: 'C:\\Users\\koengo\\Cegeka\\Product Management - Product Management Library\\Business Line - Cloud and Digital Platforms\\[0.1] Cegeka IBM Power Services & Solutions\\[PRD.0.1.003] Cegeka IBM Power Cloud\\SD - Cegeka IBM Power Cloud(Legacy) [PRD.0.1.003][PV0.7][DV1.0].docx'

[2026-03-18 01:16:48] [TID:28776] ERROR SD - Cegeka IBM Power Cloud(Legacy) [PRD.0.1.003][PV0.7][DV1.0].docx: [extract_html] FAILED with exit code 1
[2026-03-18 01:30:47] [TID:940] START SD - Cegeka IBM Power Cloud(Legacy) [PRD.0.1.003][PV0.7][DV1.0].docx
[2026-03-18 01:30:47] [TID:940] [DEBUG] Running step: extract_html
[2026-03-18 01:30:47] [TID:940] [DEBUG] Command: ['C:\\Users\\koengo\\AppData\\Local\\Programs\\Python\\Python312\\python.exe', 'C:\\Users\\koengo\\OneDrive - Cegeka\\Documents\\Reusable Assets\\Products\\scripts\\extract_html.py', 'C:\\Users\\koengo\\Cegeka\\Product Management - Product Management Library\\Business Line - Cloud and Digital Platforms\\[0.1] Cegeka IBM Power Services & Solutions\\[PRD.0.1.003] Cegeka IBM Power Cloud\\SD - Cegeka IBM Power Cloud(Legacy) [PRD.0.1.003][PV0.7][DV1.0].docx']
[2026-03-18 01:30:47] [TID:940] [DEBUG][stderr]   File "C:\Users\koengo\OneDrive - Cegeka\Documents\Reusable Assets\Products\scripts\extract_html.py", line 31
    ``
    ^
SyntaxError: invalid syntax

[2026-03-18 01:30:47] [TID:940] ERROR SD - Cegeka IBM Power Cloud(Legacy) [PRD.0.1.003][PV0.7][DV1.0].docx: [extract_html] FAILED with exit code 1
[2026-03-18 01:33:06] [TID:19504] START SD - Cegeka IBM Power Cloud(Legacy) [PRD.0.1.003][PV0.7][DV1.0].docx
[2026-03-18 01:33:06] [TID:19504] [DEBUG] Running step: extract_html
[2026-03-18 01:33:06] [TID:19504] [DEBUG] Command: ['C:\\Users\\koengo\\AppData\\Local\\Programs\\Python\\Python312\\python.exe', 'C:\\Users\\koengo\\OneDrive - Cegeka\\Documents\\Reusable Assets\\Products\\scripts\\extract_html.py', 'C:\\Users\\koengo\\Cegeka\\Product Management - Product Management Library\\Business Line - Cloud and Digital Platforms\\[0.1] Cegeka IBM Power Services & Solutions\\[PRD.0.1.003] Cegeka IBM Power Cloud\\SD - Cegeka IBM Power Cloud(Legacy) [PRD.0.1.003][PV0.7][DV1.0].docx']
[2026-03-18 01:33:06] [TID:19504] [DEBUG][stdout] EXTRACT ERROR: [Errno 2] No such file or directory: 'C:\\Users\\koengo\\Cegeka\\Product Management - Product Management Library\\Business Line - Cloud and Digital Platforms\\[0.1] Cegeka IBM Power Services & Solutions\\[PRD.0.1.003] Cegeka IBM Power Cloud\\SD - Cegeka IBM Power Cloud(Legacy) [PRD.0.1.003][PV0.7][DV1.0].docx'

[2026-03-18 01:33:06] [TID:19504] ERROR SD - Cegeka IBM Power Cloud(Legacy) [PRD.0.1.003][PV0.7][DV1.0].docx: [extract_html] FAILED with exit code 1
[2026-03-18 01:40:17] [TID:5648] START SD - Cegeka IBM Power Cloud(Legacy) [PRD.0.1.003][PV0.7][DV1.0].docx
[2026-03-18 01:40:17] [TID:5648] [DEBUG] Running step: extract_html
[2026-03-18 01:40:17] [TID:5648] [DEBUG] Command: ['C:\\Users\\koengo\\AppData\\Local\\Programs\\Python\\Python312\\python.exe', 'C:\\Users\\koengo\\OneDrive - Cegeka\\Documents\\Reusable Assets\\Products\\scripts\\extract_html.py', 'C:\\Users\\koengo\\Cegeka\\Product Management - Product Management Library\\Business Line - Cloud and Digital Platforms\\[0.1] Cegeka IBM Power Services & Solutions\\[PRD.0.1.003] Cegeka IBM Power Cloud\\SD - Cegeka IBM Power Cloud(Legacy) [PRD.0.1.003][PV0.7][DV1.0].docx']
[2026-03-18 01:40:17] [TID:5648] [DEBUG][stdout] EXTRACT ERROR: [Errno 2] No such file or directory: 'C:\\Users\\koengo\\Cegeka\\Product Management - Product Management Library\\Business Line - Cloud and Digital Platforms\\[0.1] Cegeka IBM Power Services & Solutions\\[PRD.0.1.003] Cegeka IBM Power Cloud\\SD - Cegeka IBM Power Cloud(Legacy) [PRD.0.1.003][PV0.7][DV1.0].docx'

[2026-03-18 01:40:17] [TID:5648] ERROR SD - Cegeka IBM Power Cloud(Legacy) [PRD.0.1.003][PV0.7][DV1.0].docx: [extract_html] FAILED with exit code 1
