[2026-03-17 23:34:05] [TID:27000] Start processing SD: SD - SAS Application Management [PRD.A.L.002][PV0.7][DV1.0].docx
[2026-03-17 23:34:05] [TID:27000] Extracting HTML...
[2026-03-17 23:34:06] [TID:27000] ERROR SD - SAS Application Management [PRD.A.L.002][PV0.7][DV1.0].docx: Command '['C:\\Users\\koengo\\AppData\\Local\\Programs\\Python\\Python312\\python.exe', 'C:\\Users\\koengo\\OneDrive - Cegeka\\Documents\\Reusable Assets\\Products\\scripts\\extract_html.py', 'C:\\Users\\koengo\\Cegeka\\Product Management - Product Management Library\\Business Line - Cloud and Digital Platforms\\[0.L] Outsourcing Services\\SD - SAS Application Management [PRD.A.L.002][PV0.7][DV1.0].docx']' returned non-zero exit status 1.
[2026-03-17 23:39:26] [TID:19068] START SD - SAS Application Management [PRD.A.L.002][PV0.7][DV1.0].docx
[2026-03-17 23:39:26] [TID:19068] Extracting HTML...
[2026-03-17 23:39:27] [TID:19068] ERROR SD - SAS Application Management [PRD.A.L.002][PV0.7][DV1.0].docx: Command '['C:\\Users\\koengo\\AppData\\Local\\Programs\\Python\\Python312\\python.exe', 'C:\\Users\\koengo\\OneDrive - Cegeka\\Documents\\Reusable Assets\\Products\\scripts\\extract_html.py', 'C:\\Users\\koengo\\Cegeka\\Product Management - Product Management Library\\Business Line - Cloud and Digital Platforms\\[0.L] Outsourcing Services\\SD - SAS Application Management [PRD.A.L.002][PV0.7][DV1.0].docx']' returned non-zero exit status 1.
[2026-03-17 23:44:37] [TID:22212] START SD - SAS Application Management [PRD.A.L.002][PV0.7][DV1.0].docx
[2026-03-17 23:44:37] [TID:22212] Extracting HTML...
[2026-03-17 23:44:39] [TID:22212] ERROR SD - SAS Application Management [PRD.A.L.002][PV0.7][DV1.0].docx: Command '['C:\\Users\\koengo\\AppData\\Local\\Programs\\Python\\Python312\\python.exe', 'C:\\Users\\koengo\\OneDrive - Cegeka\\Documents\\Reusable Assets\\Products\\scripts\\extract_html.py', 'C:\\Users\\koengo\\Cegeka\\Product Management - Product Management Library\\Business Line - Cloud and Digital Platforms\\[0.L] Outsourcing Services\\SD - SAS Application Management [PRD.A.L.002][PV0.7][DV1.0].docx']' returned non-zero exit status 1.
[2026-03-17 23:47:04] [TID:3024] START SD - SAS Application Management [PRD.A.L.002][PV0.7][DV1.0].docx
[2026-03-17 23:47:04] [TID:3024] Extracting HTML...
[2026-03-17 23:47:06] [TID:3024] ERROR SD - SAS Application Management [PRD.A.L.002][PV0.7][DV1.0].docx: Command '['C:\\Users\\koengo\\AppData\\Local\\Programs\\Python\\Python312\\python.exe', 'C:\\Users\\koengo\\OneDrive - Cegeka\\Documents\\Reusable Assets\\Products\\scripts\\extract_html.py', 'C:\\Users\\koengo\\Cegeka\\Product Management - Product Management Library\\Business Line - Cloud and Digital Platforms\\[0.L] Outsourcing Services\\SD - SAS Application Management [PRD.A.L.002][PV0.7][DV1.0].docx']' returned non-zero exit status 1.
[2026-03-17 23:54:35] [TID:20428] START SD - SAS Application Management [PRD.A.L.002][PV0.7][DV1.0].docx
[2026-03-17 23:54:35] [TID:20428] Extracting HTML...
[2026-03-17 23:54:36] [TID:20428] ERROR SD - SAS Application Management [PRD.A.L.002][PV0.7][DV1.0].docx: Command '['C:\\Users\\koengo\\AppData\\Local\\Programs\\Python\\Python312\\python.exe', 'C:\\Users\\koengo\\OneDrive - Cegeka\\Documents\\Reusable Assets\\Products\\scripts\\extract_html.py', 'C:\\Users\\koengo\\Cegeka\\Product Management - Product Management Library\\Business Line - Cloud and Digital Platforms\\[0.L] Outsourcing Services\\SD - SAS Application Management [PRD.A.L.002][PV0.7][DV1.0].docx']' returned non-zero exit status 1.
[2026-03-18 00:02:00] [TID:23568] START SD - SAS Application Management [PRD.A.L.002][PV0.7][DV1.0].docx
[2026-03-18 00:02:00] [TID:23568] Extracting HTML...
[2026-03-18 00:02:01] [TID:23568] ERROR SD - SAS Application Management [PRD.A.L.002][PV0.7][DV1.0].docx: Command '['C:\\Users\\koengo\\AppData\\Local\\Programs\\Python\\Python312\\python.exe', 'C:\\Users\\koengo\\OneDrive - Cegeka\\Documents\\Reusable Assets\\Products\\scripts\\extract_html.py', 'C:\\Users\\koengo\\Cegeka\\Product Management - Product Management Library\\Business Line - Cloud and Digital Platforms\\[0.L] Outsourcing Services\\SD - SAS Application Management [PRD.A.L.002][PV0.7][DV1.0].docx']' returned non-zero exit status 1.
[2026-03-18 00:11:12] [TID:11148] START SD - SAS Application Management [PRD.A.L.002][PV0.7][DV1.0].docx
[2026-03-18 00:11:12] [TID:11148] Extracting HTML...
[2026-03-18 00:11:13] [TID:11148] ERROR SD - SAS Application Management [PRD.A.L.002][PV0.7][DV1.0].docx: Command '['C:\\Users\\koengo\\AppData\\Local\\Programs\\Python\\Python312\\python.exe', 'C:\\Users\\koengo\\OneDrive - Cegeka\\Documents\\Reusable Assets\\Products\\scripts\\extract_html.py', 'C:\\Users\\koengo\\Cegeka\\Product Management - Product Management Library\\Business Line - Cloud and Digital Platforms\\[0.L] Outsourcing Services\\SD - SAS Application Management [PRD.A.L.002][PV0.7][DV1.0].docx']' returned non-zero exit status 1.
[2026-03-18 00:24:27] [TID:29648] START SD - SAS Application Management [PRD.A.L.002][PV0.7][DV1.0].docx
[2026-03-18 00:24:27] [TID:29648] [DEBUG] Running step: extract_html
[2026-03-18 00:24:27] [TID:29648] [DEBUG] Command: ['C:\\Users\\koengo\\AppData\\Local\\Programs\\Python\\Python312\\python.exe', 'C:\\Users\\koengo\\OneDrive - Cegeka\\Documents\\Reusable Assets\\Products\\scripts\\extract_html.py', 'C:\\Users\\koengo\\Cegeka\\Product Management - Product Management Library\\Business Line - Cloud and Digital Platforms\\[0.L] Outsourcing Services\\SD - SAS Application Management [PRD.A.L.002][PV0.7][DV1.0].docx']
[2026-03-18 00:24:28] [TID:29648] [DEBUG][stderr] Traceback (most recent call last):
  File "C:\Users\koengo\OneDrive - Cegeka\Documents\Reusable Assets\Products\scripts\extract_html.py", line 17, in <module>
    print(f"\u2714 HTML saved \u2192 {out_file}")
  File "C:\Users\koengo\AppData\Local\Programs\Python\Python312\Lib\encodings\cp1252.py", line 19, in encode
    return codecs.charmap_encode(input,self.errors,encoding_table)[0]
           ^^^^^^^^^^^^^^^^^^^^^^^^^^^^^^^^^^^^^^^^^^^^^^^^^^^^^^^
UnicodeEncodeError: 'charmap' codec can't encode character '\u2714' in position 0: character maps to <undefined>

[2026-03-18 00:24:28] [TID:29648] ERROR SD - SAS Application Management [PRD.A.L.002][PV0.7][DV1.0].docx: [extract_html] FAILED with exit code 1
[2026-03-18 00:28:28] [TID:18548] START SD - SAS Application Management [PRD.A.L.002][PV0.7][DV1.0].docx
[2026-03-18 00:28:28] [TID:18548] [DEBUG] Running step: extract_html
[2026-03-18 00:28:28] [TID:18548] [DEBUG] Command: ['C:\\Users\\koengo\\AppData\\Local\\Programs\\Python\\Python312\\python.exe', 'C:\\Users\\koengo\\OneDrive - Cegeka\\Documents\\Reusable Assets\\Products\\scripts\\extract_html.py', 'C:\\Users\\koengo\\Cegeka\\Product Management - Product Management Library\\Business Line - Cloud and Digital Platforms\\[0.L] Outsourcing Services\\SD - SAS Application Management [PRD.A.L.002][PV0.7][DV1.0].docx']
[2026-03-18 00:28:29] [TID:18548] [DEBUG][stderr] Traceback (most recent call last):
  File "C:\Users\koengo\OneDrive - Cegeka\Documents\Reusable Assets\Products\scripts\extract_html.py", line 17, in <module>
    print(f"\u2714 HTML saved \u2192 {out_file}")
  File "C:\Users\koengo\AppData\Local\Programs\Python\Python312\Lib\encodings\cp1252.py", line 19, in encode
    return codecs.charmap_encode(input,self.errors,encoding_table)[0]
           ^^^^^^^^^^^^^^^^^^^^^^^^^^^^^^^^^^^^^^^^^^^^^^^^^^^^^^^
UnicodeEncodeError: 'charmap' codec can't encode character '\u2714' in position 0: character maps to <undefined>

[2026-03-18 00:28:29] [TID:18548] ERROR SD - SAS Application Management [PRD.A.L.002][PV0.7][DV1.0].docx: [extract_html] FAILED with exit code 1
[2026-03-18 00:39:28] [TID:3812] START SD - SAS Application Management [PRD.A.L.002][PV0.7][DV1.0].docx
[2026-03-18 00:39:28] [TID:3812] [DEBUG] Running step: extract_html
[2026-03-18 00:39:28] [TID:3812] [DEBUG] Command: ['C:\\Users\\koengo\\AppData\\Local\\Programs\\Python\\Python312\\python.exe', 'C:\\Users\\koengo\\OneDrive - Cegeka\\Documents\\Reusable Assets\\Products\\scripts\\extract_html.py', 'C:\\Users\\koengo\\Cegeka\\Product Management - Product Management Library\\Business Line - Cloud and Digital Platforms\\[0.L] Outsourcing Services\\SD - SAS Application Management [PRD.A.L.002][PV0.7][DV1.0].docx']
[2026-03-18 00:39:29] [TID:3812] [DEBUG][stderr] Traceback (most recent call last):
  File "C:\Users\koengo\OneDrive - Cegeka\Documents\Reusable Assets\Products\scripts\extract_html.py", line 17, in <module>
    print(f"\u2714 HTML saved \u2192 {out_file}")
  File "C:\Users\koengo\AppData\Local\Programs\Python\Python312\Lib\encodings\cp1252.py", line 19, in encode
    return codecs.charmap_encode(input,self.errors,encoding_table)[0]
           ^^^^^^^^^^^^^^^^^^^^^^^^^^^^^^^^^^^^^^^^^^^^^^^^^^^^^^^
UnicodeEncodeError: 'charmap' codec can't encode character '\u2714' in position 0: character maps to <undefined>

[2026-03-18 00:39:29] [TID:3812] ERROR SD - SAS Application Management [PRD.A.L.002][PV0.7][DV1.0].docx: [extract_html] FAILED with exit code 1
[2026-03-18 00:51:48] [TID:5928] START SD - SAS Application Management [PRD.A.L.002][PV0.7][DV1.0].docx
[2026-03-18 00:51:48] [TID:5928] [DEBUG] Running step: extract_html
[2026-03-18 00:51:48] [TID:5928] [DEBUG] Command: ['C:\\Users\\koengo\\AppData\\Local\\Programs\\Python\\Python312\\python.exe', 'C:\\Users\\koengo\\OneDrive - Cegeka\\Documents\\Reusable Assets\\Products\\scripts\\extract_html.py', 'C:\\Users\\koengo\\Cegeka\\Product Management - Product Management Library\\Business Line - Cloud and Digital Platforms\\[0.L] Outsourcing Services\\SD - SAS Application Management [PRD.A.L.002][PV0.7][DV1.0].docx']
[2026-03-18 00:51:49] [TID:5928] [DEBUG][stdout] ✔ HTML saved for SD - SAS Application Management [PRD.A.L.002][PV0.7][DV1.0].docx

[2026-03-18 00:51:49] [TID:5928] [DEBUG] Step 'extract_html' OK
[2026-03-18 00:51:49] [TID:5928] [DEBUG] Running step: parse_html
[2026-03-18 00:51:49] [TID:5928] [DEBUG] Command: ['C:\\Users\\koengo\\AppData\\Local\\Programs\\Python\\Python312\\python.exe', 'C:\\Users\\koengo\\OneDrive - Cegeka\\Documents\\Reusable Assets\\Products\\scripts\\parse_html_sections.py', 'extracted_html\\SD - SAS Application Management [PRD.A.L.002][PV0.7][DV1.0].html']
[2026-03-18 00:51:50] [TID:5928] [DEBUG][stdout] ✔ Robust parsed → output\json\SD - SAS Application Management [PRD.A.L.002][PV0.7][DV1.0].json

[2026-03-18 00:51:50] [TID:5928] [DEBUG] Step 'parse_html' OK
[2026-03-18 00:51:50] [TID:5928] [DEBUG] Running step: auto_map
[2026-03-18 00:51:50] [TID:5928] [DEBUG] Command: ['C:\\Users\\koengo\\AppData\\Local\\Programs\\Python\\Python312\\python.exe', 'C:\\Users\\koengo\\OneDrive - Cegeka\\Documents\\Reusable Assets\\Products\\scripts\\auto_map_sections.py', 'output\\json\\SD - SAS Application Management [PRD.A.L.002][PV0.7][DV1.0].json']
[2026-03-18 00:51:50] [TID:5928] [DEBUG][stderr]   File "C:\Users\koengo\OneDrive - Cegeka\Documents\Reusable Assets\Products\scripts\auto_map_sections.py", line 26
    ``
    ^
SyntaxError: invalid syntax

[2026-03-18 00:51:50] [TID:5928] ERROR SD - SAS Application Management [PRD.A.L.002][PV0.7][DV1.0].docx: [auto_map] FAILED with exit code 1
[2026-03-18 01:01:07] [TID:14528] START SD - SAS Application Management [PRD.A.L.002][PV0.7][DV1.0].docx
[2026-03-18 01:01:07] [TID:14528] [DEBUG] Running step: extract_html
[2026-03-18 01:01:07] [TID:14528] [DEBUG] Command: ['C:\\Users\\koengo\\AppData\\Local\\Programs\\Python\\Python312\\python.exe', 'C:\\Users\\koengo\\OneDrive - Cegeka\\Documents\\Reusable Assets\\Products\\scripts\\extract_html.py', 'C:\\Users\\koengo\\Cegeka\\Product Management - Product Management Library\\Business Line - Cloud and Digital Platforms\\[0.L] Outsourcing Services\\SD - SAS Application Management [PRD.A.L.002][PV0.7][DV1.0].docx']
[2026-03-18 01:01:07] [TID:14528] [DEBUG][stdout] ✔ HTML saved for SD - SAS Application Management [PRD.A.L.002][PV0.7][DV1.0].docx

[2026-03-18 01:01:07] [TID:14528] [DEBUG] Step 'extract_html' OK
[2026-03-18 01:01:07] [TID:14528] [DEBUG] Running step: parse_html
[2026-03-18 01:01:07] [TID:14528] [DEBUG] Command: ['C:\\Users\\koengo\\AppData\\Local\\Programs\\Python\\Python312\\python.exe', 'C:\\Users\\koengo\\OneDrive - Cegeka\\Documents\\Reusable Assets\\Products\\scripts\\parse_html_sections.py', 'extracted_html\\SD - SAS Application Management [PRD.A.L.002][PV0.7][DV1.0].html']
[2026-03-18 01:01:08] [TID:14528] [DEBUG][stdout] ✔ Robust parsed → output\json\SD - SAS Application Management [PRD.A.L.002][PV0.7][DV1.0].json

[2026-03-18 01:01:08] [TID:14528] [DEBUG] Step 'parse_html' OK
[2026-03-18 01:01:08] [TID:14528] [DEBUG] Running step: auto_map
[2026-03-18 01:01:08] [TID:14528] [DEBUG] Command: ['C:\\Users\\koengo\\AppData\\Local\\Programs\\Python\\Python312\\python.exe', 'C:\\Users\\koengo\\OneDrive - Cegeka\\Documents\\Reusable Assets\\Products\\scripts\\auto_map_sections.py', 'output\\json\\SD - SAS Application Management [PRD.A.L.002][PV0.7][DV1.0].json']
[2026-03-18 01:01:08] [TID:14528] [DEBUG][stderr]   File "C:\Users\koengo\OneDrive - Cegeka\Documents\Reusable Assets\Products\scripts\auto_map_sections.py", line 26
    ``
    ^
SyntaxError: invalid syntax

[2026-03-18 01:01:08] [TID:14528] ERROR SD - SAS Application Management [PRD.A.L.002][PV0.7][DV1.0].docx: [auto_map] FAILED with exit code 1
[2026-03-18 01:16:42] [TID:18856] START SD - SAS Application Management [PRD.A.L.002][PV0.7][DV1.0].docx
[2026-03-18 01:16:42] [TID:18856] [DEBUG] Running step: extract_html
[2026-03-18 01:16:42] [TID:18856] [DEBUG] Command: ['C:\\Users\\koengo\\AppData\\Local\\Programs\\Python\\Python312\\python.exe', 'C:\\Users\\koengo\\OneDrive - Cegeka\\Documents\\Reusable Assets\\Products\\scripts\\extract_html.py', 'C:\\Users\\koengo\\Cegeka\\Product Management - Product Management Library\\Business Line - Cloud and Digital Platforms\\[0.L] Outsourcing Services\\SD - SAS Application Management [PRD.A.L.002][PV0.7][DV1.0].docx']
[2026-03-18 01:16:43] [TID:18856] [DEBUG][stdout] ✔ HTML saved for SD - SAS Application Management [PRD.A.L.002][PV0.7][DV1.0].docx

[2026-03-18 01:16:43] [TID:18856] [DEBUG] Step 'extract_html' OK
[2026-03-18 01:16:43] [TID:18856] [DEBUG] Running step: parse_html
[2026-03-18 01:16:43] [TID:18856] [DEBUG] Command: ['C:\\Users\\koengo\\AppData\\Local\\Programs\\Python\\Python312\\python.exe', 'C:\\Users\\koengo\\OneDrive - Cegeka\\Documents\\Reusable Assets\\Products\\scripts\\parse_html_sections.py', 'extracted_html\\SD - SAS Application Management [PRD.A.L.002][PV0.7][DV1.0].html']
[2026-03-18 01:16:44] [TID:18856] [DEBUG][stdout] ✔ Robust parsed → output\json\SD - SAS Application Management [PRD.A.L.002][PV0.7][DV1.0].json

[2026-03-18 01:16:44] [TID:18856] [DEBUG] Step 'parse_html' OK
[2026-03-18 01:16:44] [TID:18856] [DEBUG] Running step: auto_map
[2026-03-18 01:16:44] [TID:18856] [DEBUG] Command: ['C:\\Users\\koengo\\AppData\\Local\\Programs\\Python\\Python312\\python.exe', 'C:\\Users\\koengo\\OneDrive - Cegeka\\Documents\\Reusable Assets\\Products\\scripts\\auto_map_sections.py', 'output\\json\\SD - SAS Application Management [PRD.A.L.002][PV0.7][DV1.0].json']
[2026-03-18 01:16:44] [TID:18856] [DEBUG][stderr]   File "C:\Users\koengo\OneDrive - Cegeka\Documents\Reusable Assets\Products\scripts\auto_map_sections.py", line 26
    ``
    ^
SyntaxError: invalid syntax

[2026-03-18 01:16:44] [TID:18856] ERROR SD - SAS Application Management [PRD.A.L.002][PV0.7][DV1.0].docx: [auto_map] FAILED with exit code 1
[2026-03-18 01:30:47] [TID:940] START SD - SAS Application Management [PRD.A.L.002][PV0.7][DV1.0].docx
[2026-03-18 01:30:47] [TID:940] [DEBUG] Running step: extract_html
[2026-03-18 01:30:47] [TID:940] [DEBUG] Command: ['C:\\Users\\koengo\\AppData\\Local\\Programs\\Python\\Python312\\python.exe', 'C:\\Users\\koengo\\OneDrive - Cegeka\\Documents\\Reusable Assets\\Products\\scripts\\extract_html.py', 'C:\\Users\\koengo\\Cegeka\\Product Management - Product Management Library\\Business Line - Cloud and Digital Platforms\\[0.L] Outsourcing Services\\SD - SAS Application Management [PRD.A.L.002][PV0.7][DV1.0].docx']
[2026-03-18 01:30:47] [TID:940] [DEBUG][stderr]   File "C:\Users\koengo\OneDrive - Cegeka\Documents\Reusable Assets\Products\scripts\extract_html.py", line 31
    ``
    ^
SyntaxError: invalid syntax

[2026-03-18 01:30:47] [TID:940] ERROR SD - SAS Application Management [PRD.A.L.002][PV0.7][DV1.0].docx: [extract_html] FAILED with exit code 1
[2026-03-18 01:33:01] [TID:16984] START SD - SAS Application Management [PRD.A.L.002][PV0.7][DV1.0].docx
[2026-03-18 01:33:01] [TID:16984] [DEBUG] Running step: extract_html
[2026-03-18 01:33:01] [TID:16984] [DEBUG] Command: ['C:\\Users\\koengo\\AppData\\Local\\Programs\\Python\\Python312\\python.exe', 'C:\\Users\\koengo\\OneDrive - Cegeka\\Documents\\Reusable Assets\\Products\\scripts\\extract_html.py', 'C:\\Users\\koengo\\Cegeka\\Product Management - Product Management Library\\Business Line - Cloud and Digital Platforms\\[0.L] Outsourcing Services\\SD - SAS Application Management [PRD.A.L.002][PV0.7][DV1.0].docx']
[2026-03-18 01:33:02] [TID:16984] [DEBUG][stdout] HTML saved: SD - SAS Application Management [PRD.A.L.002][PV0.7][DV1.0].html

[2026-03-18 01:33:02] [TID:16984] [DEBUG] Step 'extract_html' OK
[2026-03-18 01:33:02] [TID:16984] [DEBUG] Running step: parse_html
[2026-03-18 01:33:02] [TID:16984] [DEBUG] Command: ['C:\\Users\\koengo\\AppData\\Local\\Programs\\Python\\Python312\\python.exe', 'C:\\Users\\koengo\\OneDrive - Cegeka\\Documents\\Reusable Assets\\Products\\scripts\\parse_html_sections.py', 'extracted_html\\SD - SAS Application Management [PRD.A.L.002][PV0.7][DV1.0].html']
[2026-03-18 01:33:03] [TID:16984] [DEBUG][stdout] ✔ Robust parsed → output\json\SD - SAS Application Management [PRD.A.L.002][PV0.7][DV1.0].json

[2026-03-18 01:33:03] [TID:16984] [DEBUG] Step 'parse_html' OK
[2026-03-18 01:33:03] [TID:16984] [DEBUG] Running step: auto_map
[2026-03-18 01:33:03] [TID:16984] [DEBUG] Command: ['C:\\Users\\koengo\\AppData\\Local\\Programs\\Python\\Python312\\python.exe', 'C:\\Users\\koengo\\OneDrive - Cegeka\\Documents\\Reusable Assets\\Products\\scripts\\auto_map_sections.py', 'output\\json\\SD - SAS Application Management [PRD.A.L.002][PV0.7][DV1.0].json']
[2026-03-18 01:33:03] [TID:16984] [DEBUG][stderr]   File "C:\Users\koengo\OneDrive - Cegeka\Documents\Reusable Assets\Products\scripts\auto_map_sections.py", line 26
    ``
    ^
SyntaxError: invalid syntax

[2026-03-18 01:33:03] [TID:16984] ERROR SD - SAS Application Management [PRD.A.L.002][PV0.7][DV1.0].docx: [auto_map] FAILED with exit code 1
[2026-03-18 01:40:11] [TID:28640] START SD - SAS Application Management [PRD.A.L.002][PV0.7][DV1.0].docx
[2026-03-18 01:40:11] [TID:28640] [DEBUG] Running step: extract_html
[2026-03-18 01:40:11] [TID:28640] [DEBUG] Command: ['C:\\Users\\koengo\\AppData\\Local\\Programs\\Python\\Python312\\python.exe', 'C:\\Users\\koengo\\OneDrive - Cegeka\\Documents\\Reusable Assets\\Products\\scripts\\extract_html.py', 'C:\\Users\\koengo\\Cegeka\\Product Management - Product Management Library\\Business Line - Cloud and Digital Platforms\\[0.L] Outsourcing Services\\SD - SAS Application Management [PRD.A.L.002][PV0.7][DV1.0].docx']
[2026-03-18 01:40:12] [TID:28640] [DEBUG][stdout] HTML saved: SD - SAS Application Management [PRD.A.L.002][PV0.7][DV1.0].html

[2026-03-18 01:40:12] [TID:28640] [DEBUG] Step 'extract_html' OK
[2026-03-18 01:40:12] [TID:28640] [DEBUG] Running step: parse_html
[2026-03-18 01:40:12] [TID:28640] [DEBUG] Command: ['C:\\Users\\koengo\\AppData\\Local\\Programs\\Python\\Python312\\python.exe', 'C:\\Users\\koengo\\OneDrive - Cegeka\\Documents\\Reusable Assets\\Products\\scripts\\parse_html_sections.py', 'extracted_html\\SD - SAS Application Management [PRD.A.L.002][PV0.7][DV1.0].html']
[2026-03-18 01:40:13] [TID:28640] [DEBUG][stdout] ✔ Robust parsed → output\json\SD - SAS Application Management [PRD.A.L.002][PV0.7][DV1.0].json

[2026-03-18 01:40:13] [TID:28640] [DEBUG] Step 'parse_html' OK
[2026-03-18 01:40:13] [TID:28640] [DEBUG] Running step: auto_map
[2026-03-18 01:40:13] [TID:28640] [DEBUG] Command: ['C:\\Users\\koengo\\AppData\\Local\\Programs\\Python\\Python312\\python.exe', 'C:\\Users\\koengo\\OneDrive - Cegeka\\Documents\\Reusable Assets\\Products\\scripts\\auto_map_sections.py', 'output\\json\\SD - SAS Application Management [PRD.A.L.002][PV0.7][DV1.0].json']
[2026-03-18 01:40:13] [TID:28640] [DEBUG][stderr]   File "C:\Users\koengo\OneDrive - Cegeka\Documents\Reusable Assets\Products\scripts\auto_map_sections.py", line 26
    ``
    ^
SyntaxError: invalid syntax

[2026-03-18 01:40:13] [TID:28640] ERROR SD - SAS Application Management [PRD.A.L.002][PV0.7][DV1.0].docx: [auto_map] FAILED with exit code 1
