[2026-03-18 14:49:35] START xml_to_docx_v3_fixed for: C:\Users\koengo\OneDrive - Cegeka\Documents\Reusable Assets\Products\output\xml\SD - Cegeka Modern SOC - Sentinel One - EU [PRD.4.3.008][PV2.0][DV1.0]_mapped.xml
[2026-03-18 14:49:35] Filled SDT 'CLIENT_NEEDS' with XML section 'Service Overview'
[2026-03-18 14:49:35] Filled SDT 'KEY_FEATURES' with XML section 'Transition Services'
[2026-03-18 14:49:35] Filled SDT 'ARCHITECTURAL_DESCRIPTION' with XML section 'Technical implementation'
[2026-03-18 14:49:35] Filled SDT 'KEY_FEATURES' with XML section 'Operational Readiness'
[2026-03-18 14:49:35] Filled SDT 'KEY_FEATURES' with XML section 'Managed Services'
[2026-03-18 14:49:36] Filled SDT 'KEY_FEATURES' with XML section 'Process'
[2026-03-18 14:49:36] Filled SDT 'SLA_KPI' with XML section 'Service Levels'
[2026-03-18 14:49:36] TOTAL SDT FIELDS FILLED: 7
[2026-03-18 14:49:36] XML→DOCX OK → output\docx\SD - Cegeka Modern SOC - Sentinel One - EU [PRD.4.3.008][PV2.0][DV1.0]_mapped_FINAL.docx
[2026-03-18 15:03:23] START xml_to_docx_v3_fixed for: C:\Users\koengo\OneDrive - Cegeka\Documents\Reusable Assets\Products\output\xml\SD - Cegeka Modern SOC - Sentinel One - EU [PRD.4.3.008][PV2.0][DV1.0]_mapped.xml
[2026-03-18 15:03:23] Filled SDT 'CLIENT_NEEDS' with XML section 'Service Overview'
[2026-03-18 15:03:23] Filled SDT 'KEY_FEATURES' with XML section 'Transition Services'
[2026-03-18 15:03:23] Filled SDT 'ARCHITECTURAL_DESCRIPTION' with XML section 'Technical implementation'
[2026-03-18 15:03:23] Filled SDT 'KEY_FEATURES' with XML section 'Operational Readiness'
[2026-03-18 15:03:23] Filled SDT 'KEY_FEATURES' with XML section 'Managed Services'
[2026-03-18 15:03:23] Filled SDT 'KEY_FEATURES' with XML section 'Process'
[2026-03-18 15:03:23] Filled SDT 'SLA_KPI' with XML section 'Service Levels'
[2026-03-18 15:03:23] TOTAL SDT FIELDS FILLED: 7
[2026-03-18 15:03:24] XML→DOCX OK → output\docx\SD - Cegeka Modern SOC - Sentinel One - EU [PRD.4.3.008][PV2.0][DV1.0]_mapped_FINAL.docx
