[2026-03-18 14:27:51] START extract_html for: C:\Users\koengo\Cegeka\Product Management - Product Management Library\Business Line - Cloud and Digital Platforms\[0.L] Outsourcing Services\SD - Technical Database management Microsoft SQL [PRD.0.L.129][PV0.8][DV1.1].docx
[2026-03-18 14:27:52] HTML saved: extracted_html\SD - Technical Database management Microsoft SQL [PRD.0.L.129][PV0.8][DV1.1].html
[2026-03-18 14:27:52] extract_html OK
[2026-03-18 14:27:52] START parse_html for: extracted_html\SD - Technical Database management Microsoft SQL [PRD.0.L.129][PV0.8][DV1.1].html
[2026-03-18 14:27:52] PARSE OK → output\json\SD - Technical Database management Microsoft SQL [PRD.0.L.129][PV0.8][DV1.1].json
[2026-03-18 14:43:08] START PIPELINE for C:\Users\koengo\Cegeka\Product Management - Product Management Library\Business Line - Cloud and Digital Platforms\[0.L] Outsourcing Services\SD - Technical Database management Microsoft SQL [PRD.0.L.129][PV0.8][DV1.1].docx
[2026-03-18 14:43:08] RUN extract_html.py -> C:\Users\koengo\Cegeka\Product Management - Product Management Library\Business Line - Cloud and Digital Platforms\[0.L] Outsourcing Services\SD - Technical Database management Microsoft SQL [PRD.0.L.129][PV0.8][DV1.1].docx
[2026-03-18 14:43:09] START extract_html for: C:\Users\koengo\Cegeka\Product Management - Product Management Library\Business Line - Cloud and Digital Platforms\[0.L] Outsourcing Services\SD - Technical Database management Microsoft SQL [PRD.0.L.129][PV0.8][DV1.1].docx
[2026-03-18 14:43:09] HTML saved: extracted_html\SD - Technical Database management Microsoft SQL [PRD.0.L.129][PV0.8][DV1.1].html
[2026-03-18 14:43:09] extract_html OK
[2026-03-18 14:43:09] RUN parse_html_sections.py -> C:\Users\koengo\OneDrive - Cegeka\Documents\Reusable Assets\Products\extracted_html\SD - Technical Database management Microsoft SQL [PRD.0.L.129][PV0.8][DV1.1].html
[2026-03-18 14:43:10] START parse_html for: C:\Users\koengo\OneDrive - Cegeka\Documents\Reusable Assets\Products\extracted_html\SD - Technical Database management Microsoft SQL [PRD.0.L.129][PV0.8][DV1.1].html
[2026-03-18 14:43:10] PARSE OK → output\json\SD - Technical Database management Microsoft SQL [PRD.0.L.129][PV0.8][DV1.1].json
[2026-03-18 14:43:10] RUN auto_map_sections.py -> C:\Users\koengo\OneDrive - Cegeka\Documents\Reusable Assets\Products\output\json\SD - Technical Database management Microsoft SQL [PRD.0.L.129][PV0.8][DV1.1].json
[2026-03-18 14:43:10] START auto_map for: C:\Users\koengo\OneDrive - Cegeka\Documents\Reusable Assets\Products\output\json\SD - Technical Database management Microsoft SQL [PRD.0.L.129][PV0.8][DV1.1].json
[2026-03-18 14:43:10] auto_map OK → output\mapped\SD - Technical Database management Microsoft SQL [PRD.0.L.129][PV0.8][DV1.1]_mapped.json
[2026-03-18 14:43:10] JSON->XML OK -> C:\Users\koengo\OneDrive - Cegeka\Documents\Reusable Assets\Products\output\xml\SD - Technical Database management Microsoft SQL [PRD.0.L.129][PV0.8][DV1.1]_mapped.xml
[2026-03-18 14:43:10] RUN xml_to_docx.py -> C:\Users\koengo\OneDrive - Cegeka\Documents\Reusable Assets\Products\output\xml\SD - Technical Database management Microsoft SQL [PRD.0.L.129][PV0.8][DV1.1]_mapped.xml
[2026-03-18 14:43:11] PIPELINE OK
[2026-03-18 14:48:43] START PIPELINE for C:\Users\koengo\Cegeka\Product Management - Product Management Library\Business Line - Cloud and Digital Platforms\[0.L] Outsourcing Services\SD - Technical Database management Microsoft SQL [PRD.0.L.129][PV0.8][DV1.1].docx
[2026-03-18 14:48:43] RUN extract_html.py -> C:\Users\koengo\Cegeka\Product Management - Product Management Library\Business Line - Cloud and Digital Platforms\[0.L] Outsourcing Services\SD - Technical Database management Microsoft SQL [PRD.0.L.129][PV0.8][DV1.1].docx
[2026-03-18 14:48:43] START extract_html for: C:\Users\koengo\Cegeka\Product Management - Product Management Library\Business Line - Cloud and Digital Platforms\[0.L] Outsourcing Services\SD - Technical Database management Microsoft SQL [PRD.0.L.129][PV0.8][DV1.1].docx
[2026-03-18 14:48:43] HTML saved: extracted_html\SD - Technical Database management Microsoft SQL [PRD.0.L.129][PV0.8][DV1.1].html
[2026-03-18 14:48:43] extract_html OK
[2026-03-18 14:48:43] RUN parse_html_sections.py -> C:\Users\koengo\OneDrive - Cegeka\Documents\Reusable Assets\Products\extracted_html\SD - Technical Database management Microsoft SQL [PRD.0.L.129][PV0.8][DV1.1].html
[2026-03-18 14:48:43] START parse_html for: C:\Users\koengo\OneDrive - Cegeka\Documents\Reusable Assets\Products\extracted_html\SD - Technical Database management Microsoft SQL [PRD.0.L.129][PV0.8][DV1.1].html
[2026-03-18 14:48:43] PARSE OK → output\json\SD - Technical Database management Microsoft SQL [PRD.0.L.129][PV0.8][DV1.1].json
[2026-03-18 14:48:43] RUN auto_map_sections.py -> C:\Users\koengo\OneDrive - Cegeka\Documents\Reusable Assets\Products\output\json\SD - Technical Database management Microsoft SQL [PRD.0.L.129][PV0.8][DV1.1].json
[2026-03-18 14:48:44] START auto_map for: C:\Users\koengo\OneDrive - Cegeka\Documents\Reusable Assets\Products\output\json\SD - Technical Database management Microsoft SQL [PRD.0.L.129][PV0.8][DV1.1].json
[2026-03-18 14:48:44] auto_map OK → output\mapped\SD - Technical Database management Microsoft SQL [PRD.0.L.129][PV0.8][DV1.1]_mapped.json
[2026-03-18 14:48:44] JSON->XML OK -> C:\Users\koengo\OneDrive - Cegeka\Documents\Reusable Assets\Products\output\xml\SD - Technical Database management Microsoft SQL [PRD.0.L.129][PV0.8][DV1.1]_mapped.xml
[2026-03-18 14:48:44] RUN xml_to_docx.py -> C:\Users\koengo\OneDrive - Cegeka\Documents\Reusable Assets\Products\output\xml\SD - Technical Database management Microsoft SQL [PRD.0.L.129][PV0.8][DV1.1]_mapped.xml
[2026-03-18 14:48:44] PIPELINE OK
[2026-03-18 15:02:31] START PIPELINE for C:\Users\koengo\Cegeka\Product Management - Product Management Library\Business Line - Cloud and Digital Platforms\[0.L] Outsourcing Services\SD - Technical Database management Microsoft SQL [PRD.0.L.129][PV0.8][DV1.1].docx
[2026-03-18 15:02:31] RUN extract_html.py -> C:\Users\koengo\Cegeka\Product Management - Product Management Library\Business Line - Cloud and Digital Platforms\[0.L] Outsourcing Services\SD - Technical Database management Microsoft SQL [PRD.0.L.129][PV0.8][DV1.1].docx
[2026-03-18 15:02:31] START extract_html for: C:\Users\koengo\Cegeka\Product Management - Product Management Library\Business Line - Cloud and Digital Platforms\[0.L] Outsourcing Services\SD - Technical Database management Microsoft SQL [PRD.0.L.129][PV0.8][DV1.1].docx
[2026-03-18 15:02:31] HTML saved: extracted_html\SD - Technical Database management Microsoft SQL [PRD.0.L.129][PV0.8][DV1.1].html
[2026-03-18 15:02:31] extract_html OK
[2026-03-18 15:02:31] RUN parse_html_sections.py -> C:\Users\koengo\OneDrive - Cegeka\Documents\Reusable Assets\Products\extracted_html\SD - Technical Database management Microsoft SQL [PRD.0.L.129][PV0.8][DV1.1].html
[2026-03-18 15:02:31] START parse_html for: C:\Users\koengo\OneDrive - Cegeka\Documents\Reusable Assets\Products\extracted_html\SD - Technical Database management Microsoft SQL [PRD.0.L.129][PV0.8][DV1.1].html
[2026-03-18 15:02:31] PARSE OK → output\json\SD - Technical Database management Microsoft SQL [PRD.0.L.129][PV0.8][DV1.1].json
[2026-03-18 15:02:31] RUN auto_map_sections.py -> C:\Users\koengo\OneDrive - Cegeka\Documents\Reusable Assets\Products\output\json\SD - Technical Database management Microsoft SQL [PRD.0.L.129][PV0.8][DV1.1].json
[2026-03-18 15:02:32] START auto_map for: C:\Users\koengo\OneDrive - Cegeka\Documents\Reusable Assets\Products\output\json\SD - Technical Database management Microsoft SQL [PRD.0.L.129][PV0.8][DV1.1].json
[2026-03-18 15:02:32] auto_map OK → output\mapped\SD - Technical Database management Microsoft SQL [PRD.0.L.129][PV0.8][DV1.1]_mapped.json
[2026-03-18 15:02:32] JSON->XML OK -> C:\Users\koengo\OneDrive - Cegeka\Documents\Reusable Assets\Products\output\xml\SD - Technical Database management Microsoft SQL [PRD.0.L.129][PV0.8][DV1.1]_mapped.xml
[2026-03-18 15:02:32] RUN xml_to_docx.py -> C:\Users\koengo\OneDrive - Cegeka\Documents\Reusable Assets\Products\output\xml\SD - Technical Database management Microsoft SQL [PRD.0.L.129][PV0.8][DV1.1]_mapped.xml
[2026-03-18 15:02:32] PIPELINE OK
