[2026-03-17 23:34:09] [TID:27000] Start processing SD: SD - Cegeka Cloud-Native Platform on Cegeka Cloud - Platform Engineering as a Service [PRD.0.5.001][PV2.2][DV1.0].docx
[2026-03-17 23:34:09] [TID:27000] Extracting HTML...
[2026-03-17 23:34:10] [TID:27000] ERROR SD - Cegeka Cloud-Native Platform on Cegeka Cloud - Platform Engineering as a Service [PRD.0.5.001][PV2.2][DV1.0].docx: Command '['C:\\Users\\koengo\\AppData\\Local\\Programs\\Python\\Python312\\python.exe', 'C:\\Users\\koengo\\OneDrive - Cegeka\\Documents\\Reusable Assets\\Products\\scripts\\extract_html.py', 'C:\\Users\\koengo\\Cegeka\\Product Management - Product Management Library\\Business Line - Cloud and Digital Platforms\\[0.5] Cegeka Digital Cloud Platforms\\[PRD.0.5.001] Cegeka Cloud-Native Platform on Cegeka Cloud\\SD - Cegeka Cloud-Native Platform on Cegeka Cloud - Platform Engineering as a Service [PRD.0.5.001][PV2.2][DV1.0].docx']' returned non-zero exit status 1.
[2026-03-17 23:39:30] [TID:27424] START SD - Cegeka Cloud-Native Platform on Cegeka Cloud - Platform Engineering as a Service [PRD.0.5.001][PV2.2][DV1.0].docx
[2026-03-17 23:39:30] [TID:27424] Extracting HTML...
[2026-03-17 23:39:30] [TID:27424] ERROR SD - Cegeka Cloud-Native Platform on Cegeka Cloud - Platform Engineering as a Service [PRD.0.5.001][PV2.2][DV1.0].docx: Command '['C:\\Users\\koengo\\AppData\\Local\\Programs\\Python\\Python312\\python.exe', 'C:\\Users\\koengo\\OneDrive - Cegeka\\Documents\\Reusable Assets\\Products\\scripts\\extract_html.py', 'C:\\Users\\koengo\\Cegeka\\Product Management - Product Management Library\\Business Line - Cloud and Digital Platforms\\[0.5] Cegeka Digital Cloud Platforms\\[PRD.0.5.001] Cegeka Cloud-Native Platform on Cegeka Cloud\\SD - Cegeka Cloud-Native Platform on Cegeka Cloud - Platform Engineering as a Service [PRD.0.5.001][PV2.2][DV1.0].docx']' returned non-zero exit status 1.
[2026-03-17 23:44:41] [TID:27780] START SD - Cegeka Cloud-Native Platform on Cegeka Cloud - Platform Engineering as a Service [PRD.0.5.001][PV2.2][DV1.0].docx
[2026-03-17 23:44:41] [TID:27780] Extracting HTML...
[2026-03-17 23:44:42] [TID:27780] ERROR SD - Cegeka Cloud-Native Platform on Cegeka Cloud - Platform Engineering as a Service [PRD.0.5.001][PV2.2][DV1.0].docx: Command '['C:\\Users\\koengo\\AppData\\Local\\Programs\\Python\\Python312\\python.exe', 'C:\\Users\\koengo\\OneDrive - Cegeka\\Documents\\Reusable Assets\\Products\\scripts\\extract_html.py', 'C:\\Users\\koengo\\Cegeka\\Product Management - Product Management Library\\Business Line - Cloud and Digital Platforms\\[0.5] Cegeka Digital Cloud Platforms\\[PRD.0.5.001] Cegeka Cloud-Native Platform on Cegeka Cloud\\SD - Cegeka Cloud-Native Platform on Cegeka Cloud - Platform Engineering as a Service [PRD.0.5.001][PV2.2][DV1.0].docx']' returned non-zero exit status 1.
[2026-03-17 23:47:09] [TID:25432] START SD - Cegeka Cloud-Native Platform on Cegeka Cloud - Platform Engineering as a Service [PRD.0.5.001][PV2.2][DV1.0].docx
[2026-03-17 23:47:09] [TID:25432] Extracting HTML...
[2026-03-17 23:47:10] [TID:25432] ERROR SD - Cegeka Cloud-Native Platform on Cegeka Cloud - Platform Engineering as a Service [PRD.0.5.001][PV2.2][DV1.0].docx: Command '['C:\\Users\\koengo\\AppData\\Local\\Programs\\Python\\Python312\\python.exe', 'C:\\Users\\koengo\\OneDrive - Cegeka\\Documents\\Reusable Assets\\Products\\scripts\\extract_html.py', 'C:\\Users\\koengo\\Cegeka\\Product Management - Product Management Library\\Business Line - Cloud and Digital Platforms\\[0.5] Cegeka Digital Cloud Platforms\\[PRD.0.5.001] Cegeka Cloud-Native Platform on Cegeka Cloud\\SD - Cegeka Cloud-Native Platform on Cegeka Cloud - Platform Engineering as a Service [PRD.0.5.001][PV2.2][DV1.0].docx']' returned non-zero exit status 1.
[2026-03-17 23:54:38] [TID:22136] START SD - Cegeka Cloud-Native Platform on Cegeka Cloud - Platform Engineering as a Service [PRD.0.5.001][PV2.2][DV1.0].docx
[2026-03-17 23:54:38] [TID:22136] Extracting HTML...
[2026-03-17 23:54:39] [TID:22136] ERROR SD - Cegeka Cloud-Native Platform on Cegeka Cloud - Platform Engineering as a Service [PRD.0.5.001][PV2.2][DV1.0].docx: Command '['C:\\Users\\koengo\\AppData\\Local\\Programs\\Python\\Python312\\python.exe', 'C:\\Users\\koengo\\OneDrive - Cegeka\\Documents\\Reusable Assets\\Products\\scripts\\extract_html.py', 'C:\\Users\\koengo\\Cegeka\\Product Management - Product Management Library\\Business Line - Cloud and Digital Platforms\\[0.5] Cegeka Digital Cloud Platforms\\[PRD.0.5.001] Cegeka Cloud-Native Platform on Cegeka Cloud\\SD - Cegeka Cloud-Native Platform on Cegeka Cloud - Platform Engineering as a Service [PRD.0.5.001][PV2.2][DV1.0].docx']' returned non-zero exit status 1.
[2026-03-18 00:02:04] [TID:27268] START SD - Cegeka Cloud-Native Platform on Cegeka Cloud - Platform Engineering as a Service [PRD.0.5.001][PV2.2][DV1.0].docx
[2026-03-18 00:02:04] [TID:27268] Extracting HTML...
[2026-03-18 00:02:04] [TID:27268] ERROR SD - Cegeka Cloud-Native Platform on Cegeka Cloud - Platform Engineering as a Service [PRD.0.5.001][PV2.2][DV1.0].docx: Command '['C:\\Users\\koengo\\AppData\\Local\\Programs\\Python\\Python312\\python.exe', 'C:\\Users\\koengo\\OneDrive - Cegeka\\Documents\\Reusable Assets\\Products\\scripts\\extract_html.py', 'C:\\Users\\koengo\\Cegeka\\Product Management - Product Management Library\\Business Line - Cloud and Digital Platforms\\[0.5] Cegeka Digital Cloud Platforms\\[PRD.0.5.001] Cegeka Cloud-Native Platform on Cegeka Cloud\\SD - Cegeka Cloud-Native Platform on Cegeka Cloud - Platform Engineering as a Service [PRD.0.5.001][PV2.2][DV1.0].docx']' returned non-zero exit status 1.
[2026-03-18 00:11:16] [TID:6988] START SD - Cegeka Cloud-Native Platform on Cegeka Cloud - Platform Engineering as a Service [PRD.0.5.001][PV2.2][DV1.0].docx
[2026-03-18 00:11:16] [TID:6988] Extracting HTML...
[2026-03-18 00:11:16] [TID:6988] ERROR SD - Cegeka Cloud-Native Platform on Cegeka Cloud - Platform Engineering as a Service [PRD.0.5.001][PV2.2][DV1.0].docx: Command '['C:\\Users\\koengo\\AppData\\Local\\Programs\\Python\\Python312\\python.exe', 'C:\\Users\\koengo\\OneDrive - Cegeka\\Documents\\Reusable Assets\\Products\\scripts\\extract_html.py', 'C:\\Users\\koengo\\Cegeka\\Product Management - Product Management Library\\Business Line - Cloud and Digital Platforms\\[0.5] Cegeka Digital Cloud Platforms\\[PRD.0.5.001] Cegeka Cloud-Native Platform on Cegeka Cloud\\SD - Cegeka Cloud-Native Platform on Cegeka Cloud - Platform Engineering as a Service [PRD.0.5.001][PV2.2][DV1.0].docx']' returned non-zero exit status 1.
[2026-03-18 00:24:34] [TID:14908] START SD - Cegeka Cloud-Native Platform on Cegeka Cloud - Platform Engineering as a Service [PRD.0.5.001][PV2.2][DV1.0].docx
[2026-03-18 00:24:34] [TID:14908] [DEBUG] Running step: extract_html
[2026-03-18 00:24:34] [TID:14908] [DEBUG] Command: ['C:\\Users\\koengo\\AppData\\Local\\Programs\\Python\\Python312\\python.exe', 'C:\\Users\\koengo\\OneDrive - Cegeka\\Documents\\Reusable Assets\\Products\\scripts\\extract_html.py', 'C:\\Users\\koengo\\Cegeka\\Product Management - Product Management Library\\Business Line - Cloud and Digital Platforms\\[0.5] Cegeka Digital Cloud Platforms\\[PRD.0.5.001] Cegeka Cloud-Native Platform on Cegeka Cloud\\SD - Cegeka Cloud-Native Platform on Cegeka Cloud - Platform Engineering as a Service [PRD.0.5.001][PV2.2][DV1.0].docx']
[2026-03-18 00:24:35] [TID:14908] [DEBUG][stderr] Traceback (most recent call last):
  File "C:\Users\koengo\OneDrive - Cegeka\Documents\Reusable Assets\Products\scripts\extract_html.py", line 12, in <module>
    with open(sd_file, "rb") as f:
         ^^^^^^^^^^^^^^^^^^^
FileNotFoundError: [Errno 2] No such file or directory: 'C:\\Users\\koengo\\Cegeka\\Product Management - Product Management Library\\Business Line - Cloud and Digital Platforms\\[0.5] Cegeka Digital Cloud Platforms\\[PRD.0.5.001] Cegeka Cloud-Native Platform on Cegeka Cloud\\SD - Cegeka Cloud-Native Platform on Cegeka Cloud - Platform Engineering as a Service [PRD.0.5.001][PV2.2][DV1.0].docx'

[2026-03-18 00:24:35] [TID:14908] ERROR SD - Cegeka Cloud-Native Platform on Cegeka Cloud - Platform Engineering as a Service [PRD.0.5.001][PV2.2][DV1.0].docx: [extract_html] FAILED with exit code 1
[2026-03-18 00:28:34] [TID:18548] START SD - Cegeka Cloud-Native Platform on Cegeka Cloud - Platform Engineering as a Service [PRD.0.5.001][PV2.2][DV1.0].docx
[2026-03-18 00:28:34] [TID:18548] [DEBUG] Running step: extract_html
[2026-03-18 00:28:34] [TID:18548] [DEBUG] Command: ['C:\\Users\\koengo\\AppData\\Local\\Programs\\Python\\Python312\\python.exe', 'C:\\Users\\koengo\\OneDrive - Cegeka\\Documents\\Reusable Assets\\Products\\scripts\\extract_html.py', 'C:\\Users\\koengo\\Cegeka\\Product Management - Product Management Library\\Business Line - Cloud and Digital Platforms\\[0.5] Cegeka Digital Cloud Platforms\\[PRD.0.5.001] Cegeka Cloud-Native Platform on Cegeka Cloud\\SD - Cegeka Cloud-Native Platform on Cegeka Cloud - Platform Engineering as a Service [PRD.0.5.001][PV2.2][DV1.0].docx']
[2026-03-18 00:28:35] [TID:18548] [DEBUG][stderr] Traceback (most recent call last):
  File "C:\Users\koengo\OneDrive - Cegeka\Documents\Reusable Assets\Products\scripts\extract_html.py", line 12, in <module>
    with open(sd_file, "rb") as f:
         ^^^^^^^^^^^^^^^^^^^
FileNotFoundError: [Errno 2] No such file or directory: 'C:\\Users\\koengo\\Cegeka\\Product Management - Product Management Library\\Business Line - Cloud and Digital Platforms\\[0.5] Cegeka Digital Cloud Platforms\\[PRD.0.5.001] Cegeka Cloud-Native Platform on Cegeka Cloud\\SD - Cegeka Cloud-Native Platform on Cegeka Cloud - Platform Engineering as a Service [PRD.0.5.001][PV2.2][DV1.0].docx'

[2026-03-18 00:28:35] [TID:18548] ERROR SD - Cegeka Cloud-Native Platform on Cegeka Cloud - Platform Engineering as a Service [PRD.0.5.001][PV2.2][DV1.0].docx: [extract_html] FAILED with exit code 1
[2026-03-18 00:39:35] [TID:22268] START SD - Cegeka Cloud-Native Platform on Cegeka Cloud - Platform Engineering as a Service [PRD.0.5.001][PV2.2][DV1.0].docx
[2026-03-18 00:39:35] [TID:22268] [DEBUG] Running step: extract_html
[2026-03-18 00:39:35] [TID:22268] [DEBUG] Command: ['C:\\Users\\koengo\\AppData\\Local\\Programs\\Python\\Python312\\python.exe', 'C:\\Users\\koengo\\OneDrive - Cegeka\\Documents\\Reusable Assets\\Products\\scripts\\extract_html.py', 'C:\\Users\\koengo\\Cegeka\\Product Management - Product Management Library\\Business Line - Cloud and Digital Platforms\\[0.5] Cegeka Digital Cloud Platforms\\[PRD.0.5.001] Cegeka Cloud-Native Platform on Cegeka Cloud\\SD - Cegeka Cloud-Native Platform on Cegeka Cloud - Platform Engineering as a Service [PRD.0.5.001][PV2.2][DV1.0].docx']
[2026-03-18 00:39:36] [TID:22268] [DEBUG][stderr] Traceback (most recent call last):
  File "C:\Users\koengo\OneDrive - Cegeka\Documents\Reusable Assets\Products\scripts\extract_html.py", line 12, in <module>
    with open(sd_file, "rb") as f:
         ^^^^^^^^^^^^^^^^^^^
FileNotFoundError: [Errno 2] No such file or directory: 'C:\\Users\\koengo\\Cegeka\\Product Management - Product Management Library\\Business Line - Cloud and Digital Platforms\\[0.5] Cegeka Digital Cloud Platforms\\[PRD.0.5.001] Cegeka Cloud-Native Platform on Cegeka Cloud\\SD - Cegeka Cloud-Native Platform on Cegeka Cloud - Platform Engineering as a Service [PRD.0.5.001][PV2.2][DV1.0].docx'

[2026-03-18 00:39:36] [TID:22268] ERROR SD - Cegeka Cloud-Native Platform on Cegeka Cloud - Platform Engineering as a Service [PRD.0.5.001][PV2.2][DV1.0].docx: [extract_html] FAILED with exit code 1
[2026-03-18 00:51:55] [TID:1204] START SD - Cegeka Cloud-Native Platform on Cegeka Cloud - Platform Engineering as a Service [PRD.0.5.001][PV2.2][DV1.0].docx
[2026-03-18 00:51:55] [TID:1204] [DEBUG] Running step: extract_html
[2026-03-18 00:51:55] [TID:1204] [DEBUG] Command: ['C:\\Users\\koengo\\AppData\\Local\\Programs\\Python\\Python312\\python.exe', 'C:\\Users\\koengo\\OneDrive - Cegeka\\Documents\\Reusable Assets\\Products\\scripts\\extract_html.py', 'C:\\Users\\koengo\\Cegeka\\Product Management - Product Management Library\\Business Line - Cloud and Digital Platforms\\[0.5] Cegeka Digital Cloud Platforms\\[PRD.0.5.001] Cegeka Cloud-Native Platform on Cegeka Cloud\\SD - Cegeka Cloud-Native Platform on Cegeka Cloud - Platform Engineering as a Service [PRD.0.5.001][PV2.2][DV1.0].docx']
[2026-03-18 00:51:55] [TID:1204] [DEBUG][stdout] EXTRACT ERROR: [Errno 2] No such file or directory: 'C:\\Users\\koengo\\Cegeka\\Product Management - Product Management Library\\Business Line - Cloud and Digital Platforms\\[0.5] Cegeka Digital Cloud Platforms\\[PRD.0.5.001] Cegeka Cloud-Native Platform on Cegeka Cloud\\SD - Cegeka Cloud-Native Platform on Cegeka Cloud - Platform Engineering as a Service [PRD.0.5.001][PV2.2][DV1.0].docx'

[2026-03-18 00:51:55] [TID:1204] ERROR SD - Cegeka Cloud-Native Platform on Cegeka Cloud - Platform Engineering as a Service [PRD.0.5.001][PV2.2][DV1.0].docx: [extract_html] FAILED with exit code 1
[2026-03-18 01:01:13] [TID:22128] START SD - Cegeka Cloud-Native Platform on Cegeka Cloud - Platform Engineering as a Service [PRD.0.5.001][PV2.2][DV1.0].docx
[2026-03-18 01:01:13] [TID:22128] [DEBUG] Running step: extract_html
[2026-03-18 01:01:13] [TID:22128] [DEBUG] Command: ['C:\\Users\\koengo\\AppData\\Local\\Programs\\Python\\Python312\\python.exe', 'C:\\Users\\koengo\\OneDrive - Cegeka\\Documents\\Reusable Assets\\Products\\scripts\\extract_html.py', 'C:\\Users\\koengo\\Cegeka\\Product Management - Product Management Library\\Business Line - Cloud and Digital Platforms\\[0.5] Cegeka Digital Cloud Platforms\\[PRD.0.5.001] Cegeka Cloud-Native Platform on Cegeka Cloud\\SD - Cegeka Cloud-Native Platform on Cegeka Cloud - Platform Engineering as a Service [PRD.0.5.001][PV2.2][DV1.0].docx']
[2026-03-18 01:01:13] [TID:22128] [DEBUG][stdout] EXTRACT ERROR: [Errno 2] No such file or directory: 'C:\\Users\\koengo\\Cegeka\\Product Management - Product Management Library\\Business Line - Cloud and Digital Platforms\\[0.5] Cegeka Digital Cloud Platforms\\[PRD.0.5.001] Cegeka Cloud-Native Platform on Cegeka Cloud\\SD - Cegeka Cloud-Native Platform on Cegeka Cloud - Platform Engineering as a Service [PRD.0.5.001][PV2.2][DV1.0].docx'

[2026-03-18 01:01:13] [TID:22128] ERROR SD - Cegeka Cloud-Native Platform on Cegeka Cloud - Platform Engineering as a Service [PRD.0.5.001][PV2.2][DV1.0].docx: [extract_html] FAILED with exit code 1
[2026-03-18 01:16:49] [TID:19856] START SD - Cegeka Cloud-Native Platform on Cegeka Cloud - Platform Engineering as a Service [PRD.0.5.001][PV2.2][DV1.0].docx
[2026-03-18 01:16:49] [TID:19856] [DEBUG] Running step: extract_html
[2026-03-18 01:16:49] [TID:19856] [DEBUG] Command: ['C:\\Users\\koengo\\AppData\\Local\\Programs\\Python\\Python312\\python.exe', 'C:\\Users\\koengo\\OneDrive - Cegeka\\Documents\\Reusable Assets\\Products\\scripts\\extract_html.py', 'C:\\Users\\koengo\\Cegeka\\Product Management - Product Management Library\\Business Line - Cloud and Digital Platforms\\[0.5] Cegeka Digital Cloud Platforms\\[PRD.0.5.001] Cegeka Cloud-Native Platform on Cegeka Cloud\\SD - Cegeka Cloud-Native Platform on Cegeka Cloud - Platform Engineering as a Service [PRD.0.5.001][PV2.2][DV1.0].docx']
[2026-03-18 01:16:49] [TID:19856] [DEBUG][stdout] EXTRACT ERROR: [Errno 2] No such file or directory: 'C:\\Users\\koengo\\Cegeka\\Product Management - Product Management Library\\Business Line - Cloud and Digital Platforms\\[0.5] Cegeka Digital Cloud Platforms\\[PRD.0.5.001] Cegeka Cloud-Native Platform on Cegeka Cloud\\SD - Cegeka Cloud-Native Platform on Cegeka Cloud - Platform Engineering as a Service [PRD.0.5.001][PV2.2][DV1.0].docx'

[2026-03-18 01:16:49] [TID:19856] ERROR SD - Cegeka Cloud-Native Platform on Cegeka Cloud - Platform Engineering as a Service [PRD.0.5.001][PV2.2][DV1.0].docx: [extract_html] FAILED with exit code 1
[2026-03-18 01:30:47] [TID:2584] START SD - Cegeka Cloud-Native Platform on Cegeka Cloud - Platform Engineering as a Service [PRD.0.5.001][PV2.2][DV1.0].docx
[2026-03-18 01:30:47] [TID:2584] [DEBUG] Running step: extract_html
[2026-03-18 01:30:47] [TID:2584] [DEBUG] Command: ['C:\\Users\\koengo\\AppData\\Local\\Programs\\Python\\Python312\\python.exe', 'C:\\Users\\koengo\\OneDrive - Cegeka\\Documents\\Reusable Assets\\Products\\scripts\\extract_html.py', 'C:\\Users\\koengo\\Cegeka\\Product Management - Product Management Library\\Business Line - Cloud and Digital Platforms\\[0.5] Cegeka Digital Cloud Platforms\\[PRD.0.5.001] Cegeka Cloud-Native Platform on Cegeka Cloud\\SD - Cegeka Cloud-Native Platform on Cegeka Cloud - Platform Engineering as a Service [PRD.0.5.001][PV2.2][DV1.0].docx']
[2026-03-18 01:30:47] [TID:2584] [DEBUG][stderr]   File "C:\Users\koengo\OneDrive - Cegeka\Documents\Reusable Assets\Products\scripts\extract_html.py", line 31
    ``
    ^
SyntaxError: invalid syntax

[2026-03-18 01:30:47] [TID:2584] ERROR SD - Cegeka Cloud-Native Platform on Cegeka Cloud - Platform Engineering as a Service [PRD.0.5.001][PV2.2][DV1.0].docx: [extract_html] FAILED with exit code 1
[2026-03-18 01:33:07] [TID:16984] START SD - Cegeka Cloud-Native Platform on Cegeka Cloud - Platform Engineering as a Service [PRD.0.5.001][PV2.2][DV1.0].docx
[2026-03-18 01:33:07] [TID:16984] [DEBUG] Running step: extract_html
[2026-03-18 01:33:07] [TID:16984] [DEBUG] Command: ['C:\\Users\\koengo\\AppData\\Local\\Programs\\Python\\Python312\\python.exe', 'C:\\Users\\koengo\\OneDrive - Cegeka\\Documents\\Reusable Assets\\Products\\scripts\\extract_html.py', 'C:\\Users\\koengo\\Cegeka\\Product Management - Product Management Library\\Business Line - Cloud and Digital Platforms\\[0.5] Cegeka Digital Cloud Platforms\\[PRD.0.5.001] Cegeka Cloud-Native Platform on Cegeka Cloud\\SD - Cegeka Cloud-Native Platform on Cegeka Cloud - Platform Engineering as a Service [PRD.0.5.001][PV2.2][DV1.0].docx']
[2026-03-18 01:33:08] [TID:16984] [DEBUG][stdout] EXTRACT ERROR: [Errno 2] No such file or directory: 'C:\\Users\\koengo\\Cegeka\\Product Management - Product Management Library\\Business Line - Cloud and Digital Platforms\\[0.5] Cegeka Digital Cloud Platforms\\[PRD.0.5.001] Cegeka Cloud-Native Platform on Cegeka Cloud\\SD - Cegeka Cloud-Native Platform on Cegeka Cloud - Platform Engineering as a Service [PRD.0.5.001][PV2.2][DV1.0].docx'

[2026-03-18 01:33:08] [TID:16984] ERROR SD - Cegeka Cloud-Native Platform on Cegeka Cloud - Platform Engineering as a Service [PRD.0.5.001][PV2.2][DV1.0].docx: [extract_html] FAILED with exit code 1
[2026-03-18 01:40:18] [TID:5648] START SD - Cegeka Cloud-Native Platform on Cegeka Cloud - Platform Engineering as a Service [PRD.0.5.001][PV2.2][DV1.0].docx
[2026-03-18 01:40:18] [TID:5648] [DEBUG] Running step: extract_html
[2026-03-18 01:40:18] [TID:5648] [DEBUG] Command: ['C:\\Users\\koengo\\AppData\\Local\\Programs\\Python\\Python312\\python.exe', 'C:\\Users\\koengo\\OneDrive - Cegeka\\Documents\\Reusable Assets\\Products\\scripts\\extract_html.py', 'C:\\Users\\koengo\\Cegeka\\Product Management - Product Management Library\\Business Line - Cloud and Digital Platforms\\[0.5] Cegeka Digital Cloud Platforms\\[PRD.0.5.001] Cegeka Cloud-Native Platform on Cegeka Cloud\\SD - Cegeka Cloud-Native Platform on Cegeka Cloud - Platform Engineering as a Service [PRD.0.5.001][PV2.2][DV1.0].docx']
[2026-03-18 01:40:18] [TID:5648] [DEBUG][stdout] EXTRACT ERROR: [Errno 2] No such file or directory: 'C:\\Users\\koengo\\Cegeka\\Product Management - Product Management Library\\Business Line - Cloud and Digital Platforms\\[0.5] Cegeka Digital Cloud Platforms\\[PRD.0.5.001] Cegeka Cloud-Native Platform on Cegeka Cloud\\SD - Cegeka Cloud-Native Platform on Cegeka Cloud - Platform Engineering as a Service [PRD.0.5.001][PV2.2][DV1.0].docx'

[2026-03-18 01:40:18] [TID:5648] ERROR SD - Cegeka Cloud-Native Platform on Cegeka Cloud - Platform Engineering as a Service [PRD.0.5.001][PV2.2][DV1.0].docx: [extract_html] FAILED with exit code 1
