[2026-03-17 23:34:14] [TID:21548] Start processing SD: SD - Adoption & Change Management - Skilling & Growth [PRD.7.8.001][PV1.0][DV1.0].docx
[2026-03-17 23:34:14] [TID:21548] Extracting HTML...
[2026-03-17 23:34:15] [TID:21548] ERROR SD - Adoption & Change Management - Skilling & Growth [PRD.7.8.001][PV1.0][DV1.0].docx: Command '['C:\\Users\\koengo\\AppData\\Local\\Programs\\Python\\Python312\\python.exe', 'C:\\Users\\koengo\\OneDrive - Cegeka\\Documents\\Reusable Assets\\Products\\scripts\\extract_html.py', 'C:\\Users\\koengo\\Cegeka\\Product Management - Product Management Library\\Business Line - Digital Employee eXperience\\[7.2] Cegeka Employee Empowerment Solutions\\[PRD.7.8.001] Adoption & Change Management\\SD - Adoption & Change Management - Skilling & Growth [PRD.7.8.001][PV1.0][DV1.0].docx']' returned non-zero exit status 1.
[2026-03-17 23:39:35] [TID:28696] START SD - Adoption & Change Management - Skilling & Growth [PRD.7.8.001][PV1.0][DV1.0].docx
[2026-03-17 23:39:35] [TID:28696] Extracting HTML...
[2026-03-17 23:39:36] [TID:28696] ERROR SD - Adoption & Change Management - Skilling & Growth [PRD.7.8.001][PV1.0][DV1.0].docx: Command '['C:\\Users\\koengo\\AppData\\Local\\Programs\\Python\\Python312\\python.exe', 'C:\\Users\\koengo\\OneDrive - Cegeka\\Documents\\Reusable Assets\\Products\\scripts\\extract_html.py', 'C:\\Users\\koengo\\Cegeka\\Product Management - Product Management Library\\Business Line - Digital Employee eXperience\\[7.2] Cegeka Employee Empowerment Solutions\\[PRD.7.8.001] Adoption & Change Management\\SD - Adoption & Change Management - Skilling & Growth [PRD.7.8.001][PV1.0][DV1.0].docx']' returned non-zero exit status 1.
[2026-03-17 23:44:46] [TID:27780] START SD - Adoption & Change Management - Skilling & Growth [PRD.7.8.001][PV1.0][DV1.0].docx
[2026-03-17 23:44:46] [TID:27780] Extracting HTML...
[2026-03-17 23:44:47] [TID:27780] ERROR SD - Adoption & Change Management - Skilling & Growth [PRD.7.8.001][PV1.0][DV1.0].docx: Command '['C:\\Users\\koengo\\AppData\\Local\\Programs\\Python\\Python312\\python.exe', 'C:\\Users\\koengo\\OneDrive - Cegeka\\Documents\\Reusable Assets\\Products\\scripts\\extract_html.py', 'C:\\Users\\koengo\\Cegeka\\Product Management - Product Management Library\\Business Line - Digital Employee eXperience\\[7.2] Cegeka Employee Empowerment Solutions\\[PRD.7.8.001] Adoption & Change Management\\SD - Adoption & Change Management - Skilling & Growth [PRD.7.8.001][PV1.0][DV1.0].docx']' returned non-zero exit status 1.
[2026-03-17 23:47:15] [TID:3024] START SD - Adoption & Change Management - Skilling & Growth [PRD.7.8.001][PV1.0][DV1.0].docx
[2026-03-17 23:47:15] [TID:3024] Extracting HTML...
[2026-03-17 23:47:15] [TID:3024] ERROR SD - Adoption & Change Management - Skilling & Growth [PRD.7.8.001][PV1.0][DV1.0].docx: Command '['C:\\Users\\koengo\\AppData\\Local\\Programs\\Python\\Python312\\python.exe', 'C:\\Users\\koengo\\OneDrive - Cegeka\\Documents\\Reusable Assets\\Products\\scripts\\extract_html.py', 'C:\\Users\\koengo\\Cegeka\\Product Management - Product Management Library\\Business Line - Digital Employee eXperience\\[7.2] Cegeka Employee Empowerment Solutions\\[PRD.7.8.001] Adoption & Change Management\\SD - Adoption & Change Management - Skilling & Growth [PRD.7.8.001][PV1.0][DV1.0].docx']' returned non-zero exit status 1.
[2026-03-17 23:54:45] [TID:29564] START SD - Adoption & Change Management - Skilling & Growth [PRD.7.8.001][PV1.0][DV1.0].docx
[2026-03-17 23:54:45] [TID:29564] Extracting HTML...
[2026-03-17 23:54:45] [TID:29564] ERROR SD - Adoption & Change Management - Skilling & Growth [PRD.7.8.001][PV1.0][DV1.0].docx: Command '['C:\\Users\\koengo\\AppData\\Local\\Programs\\Python\\Python312\\python.exe', 'C:\\Users\\koengo\\OneDrive - Cegeka\\Documents\\Reusable Assets\\Products\\scripts\\extract_html.py', 'C:\\Users\\koengo\\Cegeka\\Product Management - Product Management Library\\Business Line - Digital Employee eXperience\\[7.2] Cegeka Employee Empowerment Solutions\\[PRD.7.8.001] Adoption & Change Management\\SD - Adoption & Change Management - Skilling & Growth [PRD.7.8.001][PV1.0][DV1.0].docx']' returned non-zero exit status 1.
[2026-03-18 00:02:09] [TID:4276] START SD - Adoption & Change Management - Skilling & Growth [PRD.7.8.001][PV1.0][DV1.0].docx
[2026-03-18 00:02:09] [TID:4276] Extracting HTML...
[2026-03-18 00:02:10] [TID:4276] ERROR SD - Adoption & Change Management - Skilling & Growth [PRD.7.8.001][PV1.0][DV1.0].docx: Command '['C:\\Users\\koengo\\AppData\\Local\\Programs\\Python\\Python312\\python.exe', 'C:\\Users\\koengo\\OneDrive - Cegeka\\Documents\\Reusable Assets\\Products\\scripts\\extract_html.py', 'C:\\Users\\koengo\\Cegeka\\Product Management - Product Management Library\\Business Line - Digital Employee eXperience\\[7.2] Cegeka Employee Empowerment Solutions\\[PRD.7.8.001] Adoption & Change Management\\SD - Adoption & Change Management - Skilling & Growth [PRD.7.8.001][PV1.0][DV1.0].docx']' returned non-zero exit status 1.
[2026-03-18 00:11:23] [TID:11148] START SD - Adoption & Change Management - Skilling & Growth [PRD.7.8.001][PV1.0][DV1.0].docx
[2026-03-18 00:11:23] [TID:11148] Extracting HTML...
[2026-03-18 00:11:23] [TID:11148] ERROR SD - Adoption & Change Management - Skilling & Growth [PRD.7.8.001][PV1.0][DV1.0].docx: Command '['C:\\Users\\koengo\\AppData\\Local\\Programs\\Python\\Python312\\python.exe', 'C:\\Users\\koengo\\OneDrive - Cegeka\\Documents\\Reusable Assets\\Products\\scripts\\extract_html.py', 'C:\\Users\\koengo\\Cegeka\\Product Management - Product Management Library\\Business Line - Digital Employee eXperience\\[7.2] Cegeka Employee Empowerment Solutions\\[PRD.7.8.001] Adoption & Change Management\\SD - Adoption & Change Management - Skilling & Growth [PRD.7.8.001][PV1.0][DV1.0].docx']' returned non-zero exit status 1.
[2026-03-18 00:24:45] [TID:4384] START SD - Adoption & Change Management - Skilling & Growth [PRD.7.8.001][PV1.0][DV1.0].docx
[2026-03-18 00:24:45] [TID:4384] [DEBUG] Running step: extract_html
[2026-03-18 00:24:46] [TID:4384] [DEBUG] Command: ['C:\\Users\\koengo\\AppData\\Local\\Programs\\Python\\Python312\\python.exe', 'C:\\Users\\koengo\\OneDrive - Cegeka\\Documents\\Reusable Assets\\Products\\scripts\\extract_html.py', 'C:\\Users\\koengo\\Cegeka\\Product Management - Product Management Library\\Business Line - Digital Employee eXperience\\[7.2] Cegeka Employee Empowerment Solutions\\[PRD.7.8.001] Adoption & Change Management\\SD - Adoption & Change Management - Skilling & Growth [PRD.7.8.001][PV1.0][DV1.0].docx']
[2026-03-18 00:24:46] [TID:4384] [DEBUG][stderr] Traceback (most recent call last):
  File "C:\Users\koengo\OneDrive - Cegeka\Documents\Reusable Assets\Products\scripts\extract_html.py", line 12, in <module>
    with open(sd_file, "rb") as f:
         ^^^^^^^^^^^^^^^^^^^
FileNotFoundError: [Errno 2] No such file or directory: 'C:\\Users\\koengo\\Cegeka\\Product Management - Product Management Library\\Business Line - Digital Employee eXperience\\[7.2] Cegeka Employee Empowerment Solutions\\[PRD.7.8.001] Adoption & Change Management\\SD - Adoption & Change Management - Skilling & Growth [PRD.7.8.001][PV1.0][DV1.0].docx'

[2026-03-18 00:24:46] [TID:4384] ERROR SD - Adoption & Change Management - Skilling & Growth [PRD.7.8.001][PV1.0][DV1.0].docx: [extract_html] FAILED with exit code 1
[2026-03-18 00:28:45] [TID:18548] START SD - Adoption & Change Management - Skilling & Growth [PRD.7.8.001][PV1.0][DV1.0].docx
[2026-03-18 00:28:45] [TID:18548] [DEBUG] Running step: extract_html
[2026-03-18 00:28:45] [TID:18548] [DEBUG] Command: ['C:\\Users\\koengo\\AppData\\Local\\Programs\\Python\\Python312\\python.exe', 'C:\\Users\\koengo\\OneDrive - Cegeka\\Documents\\Reusable Assets\\Products\\scripts\\extract_html.py', 'C:\\Users\\koengo\\Cegeka\\Product Management - Product Management Library\\Business Line - Digital Employee eXperience\\[7.2] Cegeka Employee Empowerment Solutions\\[PRD.7.8.001] Adoption & Change Management\\SD - Adoption & Change Management - Skilling & Growth [PRD.7.8.001][PV1.0][DV1.0].docx']
[2026-03-18 00:28:45] [TID:18548] [DEBUG][stderr] Traceback (most recent call last):
  File "C:\Users\koengo\OneDrive - Cegeka\Documents\Reusable Assets\Products\scripts\extract_html.py", line 12, in <module>
    with open(sd_file, "rb") as f:
         ^^^^^^^^^^^^^^^^^^^
FileNotFoundError: [Errno 2] No such file or directory: 'C:\\Users\\koengo\\Cegeka\\Product Management - Product Management Library\\Business Line - Digital Employee eXperience\\[7.2] Cegeka Employee Empowerment Solutions\\[PRD.7.8.001] Adoption & Change Management\\SD - Adoption & Change Management - Skilling & Growth [PRD.7.8.001][PV1.0][DV1.0].docx'

[2026-03-18 00:28:45] [TID:18548] ERROR SD - Adoption & Change Management - Skilling & Growth [PRD.7.8.001][PV1.0][DV1.0].docx: [extract_html] FAILED with exit code 1
[2026-03-18 00:39:46] [TID:3812] START SD - Adoption & Change Management - Skilling & Growth [PRD.7.8.001][PV1.0][DV1.0].docx
[2026-03-18 00:39:46] [TID:3812] [DEBUG] Running step: extract_html
[2026-03-18 00:39:46] [TID:3812] [DEBUG] Command: ['C:\\Users\\koengo\\AppData\\Local\\Programs\\Python\\Python312\\python.exe', 'C:\\Users\\koengo\\OneDrive - Cegeka\\Documents\\Reusable Assets\\Products\\scripts\\extract_html.py', 'C:\\Users\\koengo\\Cegeka\\Product Management - Product Management Library\\Business Line - Digital Employee eXperience\\[7.2] Cegeka Employee Empowerment Solutions\\[PRD.7.8.001] Adoption & Change Management\\SD - Adoption & Change Management - Skilling & Growth [PRD.7.8.001][PV1.0][DV1.0].docx']
[2026-03-18 00:39:47] [TID:3812] [DEBUG][stderr] Traceback (most recent call last):
  File "C:\Users\koengo\OneDrive - Cegeka\Documents\Reusable Assets\Products\scripts\extract_html.py", line 12, in <module>
    with open(sd_file, "rb") as f:
         ^^^^^^^^^^^^^^^^^^^
FileNotFoundError: [Errno 2] No such file or directory: 'C:\\Users\\koengo\\Cegeka\\Product Management - Product Management Library\\Business Line - Digital Employee eXperience\\[7.2] Cegeka Employee Empowerment Solutions\\[PRD.7.8.001] Adoption & Change Management\\SD - Adoption & Change Management - Skilling & Growth [PRD.7.8.001][PV1.0][DV1.0].docx'

[2026-03-18 00:39:47] [TID:3812] ERROR SD - Adoption & Change Management - Skilling & Growth [PRD.7.8.001][PV1.0][DV1.0].docx: [extract_html] FAILED with exit code 1
[2026-03-18 00:52:03] [TID:1204] START SD - Adoption & Change Management - Skilling & Growth [PRD.7.8.001][PV1.0][DV1.0].docx
[2026-03-18 00:52:03] [TID:1204] [DEBUG] Running step: extract_html
[2026-03-18 00:52:03] [TID:1204] [DEBUG] Command: ['C:\\Users\\koengo\\AppData\\Local\\Programs\\Python\\Python312\\python.exe', 'C:\\Users\\koengo\\OneDrive - Cegeka\\Documents\\Reusable Assets\\Products\\scripts\\extract_html.py', 'C:\\Users\\koengo\\Cegeka\\Product Management - Product Management Library\\Business Line - Digital Employee eXperience\\[7.2] Cegeka Employee Empowerment Solutions\\[PRD.7.8.001] Adoption & Change Management\\SD - Adoption & Change Management - Skilling & Growth [PRD.7.8.001][PV1.0][DV1.0].docx']
[2026-03-18 00:52:03] [TID:1204] [DEBUG][stdout] EXTRACT ERROR: [Errno 2] No such file or directory: 'C:\\Users\\koengo\\Cegeka\\Product Management - Product Management Library\\Business Line - Digital Employee eXperience\\[7.2] Cegeka Employee Empowerment Solutions\\[PRD.7.8.001] Adoption & Change Management\\SD - Adoption & Change Management - Skilling & Growth [PRD.7.8.001][PV1.0][DV1.0].docx'

[2026-03-18 00:52:03] [TID:1204] ERROR SD - Adoption & Change Management - Skilling & Growth [PRD.7.8.001][PV1.0][DV1.0].docx: [extract_html] FAILED with exit code 1
[2026-03-18 01:01:21] [TID:14528] START SD - Adoption & Change Management - Skilling & Growth [PRD.7.8.001][PV1.0][DV1.0].docx
[2026-03-18 01:01:21] [TID:14528] [DEBUG] Running step: extract_html
[2026-03-18 01:01:21] [TID:14528] [DEBUG] Command: ['C:\\Users\\koengo\\AppData\\Local\\Programs\\Python\\Python312\\python.exe', 'C:\\Users\\koengo\\OneDrive - Cegeka\\Documents\\Reusable Assets\\Products\\scripts\\extract_html.py', 'C:\\Users\\koengo\\Cegeka\\Product Management - Product Management Library\\Business Line - Digital Employee eXperience\\[7.2] Cegeka Employee Empowerment Solutions\\[PRD.7.8.001] Adoption & Change Management\\SD - Adoption & Change Management - Skilling & Growth [PRD.7.8.001][PV1.0][DV1.0].docx']
[2026-03-18 01:01:21] [TID:14528] [DEBUG][stdout] EXTRACT ERROR: [Errno 2] No such file or directory: 'C:\\Users\\koengo\\Cegeka\\Product Management - Product Management Library\\Business Line - Digital Employee eXperience\\[7.2] Cegeka Employee Empowerment Solutions\\[PRD.7.8.001] Adoption & Change Management\\SD - Adoption & Change Management - Skilling & Growth [PRD.7.8.001][PV1.0][DV1.0].docx'

[2026-03-18 01:01:21] [TID:14528] ERROR SD - Adoption & Change Management - Skilling & Growth [PRD.7.8.001][PV1.0][DV1.0].docx: [extract_html] FAILED with exit code 1
[2026-03-18 01:16:56] [TID:28776] START SD - Adoption & Change Management - Skilling & Growth [PRD.7.8.001][PV1.0][DV1.0].docx
[2026-03-18 01:16:56] [TID:28776] [DEBUG] Running step: extract_html
[2026-03-18 01:16:56] [TID:28776] [DEBUG] Command: ['C:\\Users\\koengo\\AppData\\Local\\Programs\\Python\\Python312\\python.exe', 'C:\\Users\\koengo\\OneDrive - Cegeka\\Documents\\Reusable Assets\\Products\\scripts\\extract_html.py', 'C:\\Users\\koengo\\Cegeka\\Product Management - Product Management Library\\Business Line - Digital Employee eXperience\\[7.2] Cegeka Employee Empowerment Solutions\\[PRD.7.8.001] Adoption & Change Management\\SD - Adoption & Change Management - Skilling & Growth [PRD.7.8.001][PV1.0][DV1.0].docx']
[2026-03-18 01:16:57] [TID:28776] [DEBUG][stdout] EXTRACT ERROR: [Errno 2] No such file or directory: 'C:\\Users\\koengo\\Cegeka\\Product Management - Product Management Library\\Business Line - Digital Employee eXperience\\[7.2] Cegeka Employee Empowerment Solutions\\[PRD.7.8.001] Adoption & Change Management\\SD - Adoption & Change Management - Skilling & Growth [PRD.7.8.001][PV1.0][DV1.0].docx'

[2026-03-18 01:16:57] [TID:28776] ERROR SD - Adoption & Change Management - Skilling & Growth [PRD.7.8.001][PV1.0][DV1.0].docx: [extract_html] FAILED with exit code 1
[2026-03-18 01:30:48] [TID:25364] START SD - Adoption & Change Management - Skilling & Growth [PRD.7.8.001][PV1.0][DV1.0].docx
[2026-03-18 01:30:48] [TID:25364] [DEBUG] Running step: extract_html
[2026-03-18 01:30:48] [TID:25364] [DEBUG] Command: ['C:\\Users\\koengo\\AppData\\Local\\Programs\\Python\\Python312\\python.exe', 'C:\\Users\\koengo\\OneDrive - Cegeka\\Documents\\Reusable Assets\\Products\\scripts\\extract_html.py', 'C:\\Users\\koengo\\Cegeka\\Product Management - Product Management Library\\Business Line - Digital Employee eXperience\\[7.2] Cegeka Employee Empowerment Solutions\\[PRD.7.8.001] Adoption & Change Management\\SD - Adoption & Change Management - Skilling & Growth [PRD.7.8.001][PV1.0][DV1.0].docx']
[2026-03-18 01:30:48] [TID:25364] [DEBUG][stderr]   File "C:\Users\koengo\OneDrive - Cegeka\Documents\Reusable Assets\Products\scripts\extract_html.py", line 31
    ``
    ^
SyntaxError: invalid syntax

[2026-03-18 01:30:48] [TID:25364] ERROR SD - Adoption & Change Management - Skilling & Growth [PRD.7.8.001][PV1.0][DV1.0].docx: [extract_html] FAILED with exit code 1
[2026-03-18 01:33:15] [TID:19504] START SD - Adoption & Change Management - Skilling & Growth [PRD.7.8.001][PV1.0][DV1.0].docx
[2026-03-18 01:33:15] [TID:19504] [DEBUG] Running step: extract_html
[2026-03-18 01:33:15] [TID:19504] [DEBUG] Command: ['C:\\Users\\koengo\\AppData\\Local\\Programs\\Python\\Python312\\python.exe', 'C:\\Users\\koengo\\OneDrive - Cegeka\\Documents\\Reusable Assets\\Products\\scripts\\extract_html.py', 'C:\\Users\\koengo\\Cegeka\\Product Management - Product Management Library\\Business Line - Digital Employee eXperience\\[7.2] Cegeka Employee Empowerment Solutions\\[PRD.7.8.001] Adoption & Change Management\\SD - Adoption & Change Management - Skilling & Growth [PRD.7.8.001][PV1.0][DV1.0].docx']
[2026-03-18 01:33:16] [TID:19504] [DEBUG][stdout] EXTRACT ERROR: [Errno 2] No such file or directory: 'C:\\Users\\koengo\\Cegeka\\Product Management - Product Management Library\\Business Line - Digital Employee eXperience\\[7.2] Cegeka Employee Empowerment Solutions\\[PRD.7.8.001] Adoption & Change Management\\SD - Adoption & Change Management - Skilling & Growth [PRD.7.8.001][PV1.0][DV1.0].docx'

[2026-03-18 01:33:16] [TID:19504] ERROR SD - Adoption & Change Management - Skilling & Growth [PRD.7.8.001][PV1.0][DV1.0].docx: [extract_html] FAILED with exit code 1
[2026-03-18 01:40:25] [TID:28640] START SD - Adoption & Change Management - Skilling & Growth [PRD.7.8.001][PV1.0][DV1.0].docx
[2026-03-18 01:40:25] [TID:28640] [DEBUG] Running step: extract_html
[2026-03-18 01:40:25] [TID:28640] [DEBUG] Command: ['C:\\Users\\koengo\\AppData\\Local\\Programs\\Python\\Python312\\python.exe', 'C:\\Users\\koengo\\OneDrive - Cegeka\\Documents\\Reusable Assets\\Products\\scripts\\extract_html.py', 'C:\\Users\\koengo\\Cegeka\\Product Management - Product Management Library\\Business Line - Digital Employee eXperience\\[7.2] Cegeka Employee Empowerment Solutions\\[PRD.7.8.001] Adoption & Change Management\\SD - Adoption & Change Management - Skilling & Growth [PRD.7.8.001][PV1.0][DV1.0].docx']
[2026-03-18 01:40:26] [TID:28640] [DEBUG][stdout] EXTRACT ERROR: [Errno 2] No such file or directory: 'C:\\Users\\koengo\\Cegeka\\Product Management - Product Management Library\\Business Line - Digital Employee eXperience\\[7.2] Cegeka Employee Empowerment Solutions\\[PRD.7.8.001] Adoption & Change Management\\SD - Adoption & Change Management - Skilling & Growth [PRD.7.8.001][PV1.0][DV1.0].docx'

[2026-03-18 01:40:26] [TID:28640] ERROR SD - Adoption & Change Management - Skilling & Growth [PRD.7.8.001][PV1.0][DV1.0].docx: [extract_html] FAILED with exit code 1
