[2026-03-18 14:28:06] START extract_html for: C:\Users\koengo\Cegeka\Product Management - Product Management Library\Business Line - Security & Compliance\[4.1] Cybersecurity\[PRD.4.3.008] Cegeka Modern SOC\SD - Cegeka Modern SOC - CrowdStrike - US [PRD.4.3.008][PV2.0][DV1.0].docx
[2026-03-18 14:28:06] HTML saved: extracted_html\SD - Cegeka Modern SOC - CrowdStrike - US [PRD.4.3.008][PV2.0][DV1.0].html
[2026-03-18 14:28:06] extract_html OK
[2026-03-18 14:28:07] START parse_html for: extracted_html\SD - Cegeka Modern SOC - CrowdStrike - US [PRD.4.3.008][PV2.0][DV1.0].html
[2026-03-18 14:28:07] PARSE OK → output\json\SD - Cegeka Modern SOC - CrowdStrike - US [PRD.4.3.008][PV2.0][DV1.0].json
[2026-03-18 14:49:22] START PIPELINE for C:\Users\koengo\Cegeka\Product Management - Product Management Library\Business Line - Security & Compliance\[4.1] Cybersecurity\[PRD.4.3.008] Cegeka Modern SOC\SD - Cegeka Modern SOC - CrowdStrike - US [PRD.4.3.008][PV2.0][DV1.0].docx
[2026-03-18 14:49:22] RUN extract_html.py -> C:\Users\koengo\Cegeka\Product Management - Product Management Library\Business Line - Security & Compliance\[4.1] Cybersecurity\[PRD.4.3.008] Cegeka Modern SOC\SD - Cegeka Modern SOC - CrowdStrike - US [PRD.4.3.008][PV2.0][DV1.0].docx
[2026-03-18 14:49:22] START extract_html for: C:\Users\koengo\Cegeka\Product Management - Product Management Library\Business Line - Security & Compliance\[4.1] Cybersecurity\[PRD.4.3.008] Cegeka Modern SOC\SD - Cegeka Modern SOC - CrowdStrike - US [PRD.4.3.008][PV2.0][DV1.0].docx
[2026-03-18 14:49:23] HTML saved: extracted_html\SD - Cegeka Modern SOC - CrowdStrike - US [PRD.4.3.008][PV2.0][DV1.0].html
[2026-03-18 14:49:23] extract_html OK
[2026-03-18 14:49:23] RUN parse_html_sections.py -> C:\Users\koengo\OneDrive - Cegeka\Documents\Reusable Assets\Products\extracted_html\SD - Cegeka Modern SOC - CrowdStrike - US [PRD.4.3.008][PV2.0][DV1.0].html
[2026-03-18 14:49:23] START parse_html for: C:\Users\koengo\OneDrive - Cegeka\Documents\Reusable Assets\Products\extracted_html\SD - Cegeka Modern SOC - CrowdStrike - US [PRD.4.3.008][PV2.0][DV1.0].html
[2026-03-18 14:49:23] PARSE OK → output\json\SD - Cegeka Modern SOC - CrowdStrike - US [PRD.4.3.008][PV2.0][DV1.0].json
[2026-03-18 14:49:24] RUN auto_map_sections.py -> C:\Users\koengo\OneDrive - Cegeka\Documents\Reusable Assets\Products\output\json\SD - Cegeka Modern SOC - CrowdStrike - US [PRD.4.3.008][PV2.0][DV1.0].json
[2026-03-18 14:49:24] START auto_map for: C:\Users\koengo\OneDrive - Cegeka\Documents\Reusable Assets\Products\output\json\SD - Cegeka Modern SOC - CrowdStrike - US [PRD.4.3.008][PV2.0][DV1.0].json
[2026-03-18 14:49:24] auto_map OK → output\mapped\SD - Cegeka Modern SOC - CrowdStrike - US [PRD.4.3.008][PV2.0][DV1.0]_mapped.json
[2026-03-18 14:49:24] JSON->XML OK -> C:\Users\koengo\OneDrive - Cegeka\Documents\Reusable Assets\Products\output\xml\SD - Cegeka Modern SOC - CrowdStrike - US [PRD.4.3.008][PV2.0][DV1.0]_mapped.xml
[2026-03-18 14:49:24] RUN xml_to_docx.py -> C:\Users\koengo\OneDrive - Cegeka\Documents\Reusable Assets\Products\output\xml\SD - Cegeka Modern SOC - CrowdStrike - US [PRD.4.3.008][PV2.0][DV1.0]_mapped.xml
[2026-03-18 14:49:24] PIPELINE OK
[2026-03-18 15:03:09] START PIPELINE for C:\Users\koengo\Cegeka\Product Management - Product Management Library\Business Line - Security & Compliance\[4.1] Cybersecurity\[PRD.4.3.008] Cegeka Modern SOC\SD - Cegeka Modern SOC - CrowdStrike - US [PRD.4.3.008][PV2.0][DV1.0].docx
[2026-03-18 15:03:09] RUN extract_html.py -> C:\Users\koengo\Cegeka\Product Management - Product Management Library\Business Line - Security & Compliance\[4.1] Cybersecurity\[PRD.4.3.008] Cegeka Modern SOC\SD - Cegeka Modern SOC - CrowdStrike - US [PRD.4.3.008][PV2.0][DV1.0].docx
[2026-03-18 15:03:10] START extract_html for: C:\Users\koengo\Cegeka\Product Management - Product Management Library\Business Line - Security & Compliance\[4.1] Cybersecurity\[PRD.4.3.008] Cegeka Modern SOC\SD - Cegeka Modern SOC - CrowdStrike - US [PRD.4.3.008][PV2.0][DV1.0].docx
[2026-03-18 15:03:10] HTML saved: extracted_html\SD - Cegeka Modern SOC - CrowdStrike - US [PRD.4.3.008][PV2.0][DV1.0].html
[2026-03-18 15:03:10] extract_html OK
[2026-03-18 15:03:10] RUN parse_html_sections.py -> C:\Users\koengo\OneDrive - Cegeka\Documents\Reusable Assets\Products\extracted_html\SD - Cegeka Modern SOC - CrowdStrike - US [PRD.4.3.008][PV2.0][DV1.0].html
[2026-03-18 15:03:11] START parse_html for: C:\Users\koengo\OneDrive - Cegeka\Documents\Reusable Assets\Products\extracted_html\SD - Cegeka Modern SOC - CrowdStrike - US [PRD.4.3.008][PV2.0][DV1.0].html
[2026-03-18 15:03:11] PARSE OK → output\json\SD - Cegeka Modern SOC - CrowdStrike - US [PRD.4.3.008][PV2.0][DV1.0].json
[2026-03-18 15:03:11] RUN auto_map_sections.py -> C:\Users\koengo\OneDrive - Cegeka\Documents\Reusable Assets\Products\output\json\SD - Cegeka Modern SOC - CrowdStrike - US [PRD.4.3.008][PV2.0][DV1.0].json
[2026-03-18 15:03:11] START auto_map for: C:\Users\koengo\OneDrive - Cegeka\Documents\Reusable Assets\Products\output\json\SD - Cegeka Modern SOC - CrowdStrike - US [PRD.4.3.008][PV2.0][DV1.0].json
[2026-03-18 15:03:11] auto_map OK → output\mapped\SD - Cegeka Modern SOC - CrowdStrike - US [PRD.4.3.008][PV2.0][DV1.0]_mapped.json
[2026-03-18 15:03:11] JSON->XML OK -> C:\Users\koengo\OneDrive - Cegeka\Documents\Reusable Assets\Products\output\xml\SD - Cegeka Modern SOC - CrowdStrike - US [PRD.4.3.008][PV2.0][DV1.0]_mapped.xml
[2026-03-18 15:03:11] RUN xml_to_docx.py -> C:\Users\koengo\OneDrive - Cegeka\Documents\Reusable Assets\Products\output\xml\SD - Cegeka Modern SOC - CrowdStrike - US [PRD.4.3.008][PV2.0][DV1.0]_mapped.xml
[2026-03-18 15:03:11] PIPELINE OK
