[2026-03-17 23:34:00] [TID:10644] Start processing SD: SD - Cegeka Cloud-Native Platform [PV2.0][DV1.2].docx
[2026-03-17 23:34:00] [TID:10644] Extracting HTML...
[2026-03-17 23:34:03] [TID:10644] ERROR SD - Cegeka Cloud-Native Platform [PV2.0][DV1.2].docx: Command '['C:\\Users\\koengo\\AppData\\Local\\Programs\\Python\\Python312\\python.exe', 'C:\\Users\\koengo\\OneDrive - Cegeka\\Documents\\Reusable Assets\\Products\\scripts\\extract_html.py', 'C:\\Users\\koengo\\Cegeka\\Product Management - Product Management Library\\Business Line - Cloud and Digital Platforms\\[0.5] Cegeka Digital Cloud Platforms\\SD - Cegeka Cloud-Native Platform [PV2.0][DV1.2].docx']' returned non-zero exit status 1.
[2026-03-17 23:39:21] [TID:24184] START SD - Cegeka Cloud-Native Platform [PV2.0][DV1.2].docx
[2026-03-17 23:39:21] [TID:24184] Extracting HTML...
[2026-03-17 23:39:24] [TID:24184] ERROR SD - Cegeka Cloud-Native Platform [PV2.0][DV1.2].docx: Command '['C:\\Users\\koengo\\AppData\\Local\\Programs\\Python\\Python312\\python.exe', 'C:\\Users\\koengo\\OneDrive - Cegeka\\Documents\\Reusable Assets\\Products\\scripts\\extract_html.py', 'C:\\Users\\koengo\\Cegeka\\Product Management - Product Management Library\\Business Line - Cloud and Digital Platforms\\[0.5] Cegeka Digital Cloud Platforms\\SD - Cegeka Cloud-Native Platform [PV2.0][DV1.2].docx']' returned non-zero exit status 1.
[2026-03-17 23:44:33] [TID:27780] START SD - Cegeka Cloud-Native Platform [PV2.0][DV1.2].docx
[2026-03-17 23:44:33] [TID:27780] Extracting HTML...
[2026-03-17 23:44:36] [TID:27780] ERROR SD - Cegeka Cloud-Native Platform [PV2.0][DV1.2].docx: Command '['C:\\Users\\koengo\\AppData\\Local\\Programs\\Python\\Python312\\python.exe', 'C:\\Users\\koengo\\OneDrive - Cegeka\\Documents\\Reusable Assets\\Products\\scripts\\extract_html.py', 'C:\\Users\\koengo\\Cegeka\\Product Management - Product Management Library\\Business Line - Cloud and Digital Platforms\\[0.5] Cegeka Digital Cloud Platforms\\SD - Cegeka Cloud-Native Platform [PV2.0][DV1.2].docx']' returned non-zero exit status 1.
[2026-03-17 23:47:00] [TID:25624] START SD - Cegeka Cloud-Native Platform [PV2.0][DV1.2].docx
[2026-03-17 23:47:00] [TID:25624] Extracting HTML...
[2026-03-17 23:47:03] [TID:25624] ERROR SD - Cegeka Cloud-Native Platform [PV2.0][DV1.2].docx: Command '['C:\\Users\\koengo\\AppData\\Local\\Programs\\Python\\Python312\\python.exe', 'C:\\Users\\koengo\\OneDrive - Cegeka\\Documents\\Reusable Assets\\Products\\scripts\\extract_html.py', 'C:\\Users\\koengo\\Cegeka\\Product Management - Product Management Library\\Business Line - Cloud and Digital Platforms\\[0.5] Cegeka Digital Cloud Platforms\\SD - Cegeka Cloud-Native Platform [PV2.0][DV1.2].docx']' returned non-zero exit status 1.
[2026-03-17 23:54:30] [TID:14824] START SD - Cegeka Cloud-Native Platform [PV2.0][DV1.2].docx
[2026-03-17 23:54:31] [TID:14824] Extracting HTML...
[2026-03-17 23:54:33] [TID:14824] ERROR SD - Cegeka Cloud-Native Platform [PV2.0][DV1.2].docx: Command '['C:\\Users\\koengo\\AppData\\Local\\Programs\\Python\\Python312\\python.exe', 'C:\\Users\\koengo\\OneDrive - Cegeka\\Documents\\Reusable Assets\\Products\\scripts\\extract_html.py', 'C:\\Users\\koengo\\Cegeka\\Product Management - Product Management Library\\Business Line - Cloud and Digital Platforms\\[0.5] Cegeka Digital Cloud Platforms\\SD - Cegeka Cloud-Native Platform [PV2.0][DV1.2].docx']' returned non-zero exit status 1.
[2026-03-18 00:01:56] [TID:28120] START SD - Cegeka Cloud-Native Platform [PV2.0][DV1.2].docx
[2026-03-18 00:01:56] [TID:28120] Extracting HTML...
[2026-03-18 00:01:59] [TID:28120] ERROR SD - Cegeka Cloud-Native Platform [PV2.0][DV1.2].docx: Command '['C:\\Users\\koengo\\AppData\\Local\\Programs\\Python\\Python312\\python.exe', 'C:\\Users\\koengo\\OneDrive - Cegeka\\Documents\\Reusable Assets\\Products\\scripts\\extract_html.py', 'C:\\Users\\koengo\\Cegeka\\Product Management - Product Management Library\\Business Line - Cloud and Digital Platforms\\[0.5] Cegeka Digital Cloud Platforms\\SD - Cegeka Cloud-Native Platform [PV2.0][DV1.2].docx']' returned non-zero exit status 1.
[2026-03-18 00:11:07] [TID:19732] START SD - Cegeka Cloud-Native Platform [PV2.0][DV1.2].docx
[2026-03-18 00:11:07] [TID:19732] Extracting HTML...
[2026-03-18 00:11:11] [TID:19732] ERROR SD - Cegeka Cloud-Native Platform [PV2.0][DV1.2].docx: Command '['C:\\Users\\koengo\\AppData\\Local\\Programs\\Python\\Python312\\python.exe', 'C:\\Users\\koengo\\OneDrive - Cegeka\\Documents\\Reusable Assets\\Products\\scripts\\extract_html.py', 'C:\\Users\\koengo\\Cegeka\\Product Management - Product Management Library\\Business Line - Cloud and Digital Platforms\\[0.5] Cegeka Digital Cloud Platforms\\SD - Cegeka Cloud-Native Platform [PV2.0][DV1.2].docx']' returned non-zero exit status 1.
[2026-03-18 00:24:19] [TID:14908] START SD - Cegeka Cloud-Native Platform [PV2.0][DV1.2].docx
[2026-03-18 00:24:19] [TID:14908] [DEBUG] Running step: extract_html
[2026-03-18 00:24:19] [TID:14908] [DEBUG] Command: ['C:\\Users\\koengo\\AppData\\Local\\Programs\\Python\\Python312\\python.exe', 'C:\\Users\\koengo\\OneDrive - Cegeka\\Documents\\Reusable Assets\\Products\\scripts\\extract_html.py', 'C:\\Users\\koengo\\Cegeka\\Product Management - Product Management Library\\Business Line - Cloud and Digital Platforms\\[0.5] Cegeka Digital Cloud Platforms\\SD - Cegeka Cloud-Native Platform [PV2.0][DV1.2].docx']
[2026-03-18 00:24:21] [TID:14908] [DEBUG][stderr] Traceback (most recent call last):
  File "C:\Users\koengo\OneDrive - Cegeka\Documents\Reusable Assets\Products\scripts\extract_html.py", line 17, in <module>
    print(f"\u2714 HTML saved \u2192 {out_file}")
  File "C:\Users\koengo\AppData\Local\Programs\Python\Python312\Lib\encodings\cp1252.py", line 19, in encode
    return codecs.charmap_encode(input,self.errors,encoding_table)[0]
           ^^^^^^^^^^^^^^^^^^^^^^^^^^^^^^^^^^^^^^^^^^^^^^^^^^^^^^^
UnicodeEncodeError: 'charmap' codec can't encode character '\u2714' in position 0: character maps to <undefined>

[2026-03-18 00:24:21] [TID:14908] ERROR SD - Cegeka Cloud-Native Platform [PV2.0][DV1.2].docx: [extract_html] FAILED with exit code 1
[2026-03-18 00:28:20] [TID:12148] START SD - Cegeka Cloud-Native Platform [PV2.0][DV1.2].docx
[2026-03-18 00:28:20] [TID:12148] [DEBUG] Running step: extract_html
[2026-03-18 00:28:21] [TID:12148] [DEBUG] Command: ['C:\\Users\\koengo\\AppData\\Local\\Programs\\Python\\Python312\\python.exe', 'C:\\Users\\koengo\\OneDrive - Cegeka\\Documents\\Reusable Assets\\Products\\scripts\\extract_html.py', 'C:\\Users\\koengo\\Cegeka\\Product Management - Product Management Library\\Business Line - Cloud and Digital Platforms\\[0.5] Cegeka Digital Cloud Platforms\\SD - Cegeka Cloud-Native Platform [PV2.0][DV1.2].docx']
[2026-03-18 00:28:23] [TID:12148] [DEBUG][stderr] Traceback (most recent call last):
  File "C:\Users\koengo\OneDrive - Cegeka\Documents\Reusable Assets\Products\scripts\extract_html.py", line 17, in <module>
    print(f"\u2714 HTML saved \u2192 {out_file}")
  File "C:\Users\koengo\AppData\Local\Programs\Python\Python312\Lib\encodings\cp1252.py", line 19, in encode
    return codecs.charmap_encode(input,self.errors,encoding_table)[0]
           ^^^^^^^^^^^^^^^^^^^^^^^^^^^^^^^^^^^^^^^^^^^^^^^^^^^^^^^
UnicodeEncodeError: 'charmap' codec can't encode character '\u2714' in position 0: character maps to <undefined>

[2026-03-18 00:28:23] [TID:12148] ERROR SD - Cegeka Cloud-Native Platform [PV2.0][DV1.2].docx: [extract_html] FAILED with exit code 1
[2026-03-18 00:39:21] [TID:12044] START SD - Cegeka Cloud-Native Platform [PV2.0][DV1.2].docx
[2026-03-18 00:39:21] [TID:12044] [DEBUG] Running step: extract_html
[2026-03-18 00:39:21] [TID:12044] [DEBUG] Command: ['C:\\Users\\koengo\\AppData\\Local\\Programs\\Python\\Python312\\python.exe', 'C:\\Users\\koengo\\OneDrive - Cegeka\\Documents\\Reusable Assets\\Products\\scripts\\extract_html.py', 'C:\\Users\\koengo\\Cegeka\\Product Management - Product Management Library\\Business Line - Cloud and Digital Platforms\\[0.5] Cegeka Digital Cloud Platforms\\SD - Cegeka Cloud-Native Platform [PV2.0][DV1.2].docx']
[2026-03-18 00:39:23] [TID:12044] [DEBUG][stderr] Traceback (most recent call last):
  File "C:\Users\koengo\OneDrive - Cegeka\Documents\Reusable Assets\Products\scripts\extract_html.py", line 17, in <module>
    print(f"\u2714 HTML saved \u2192 {out_file}")
  File "C:\Users\koengo\AppData\Local\Programs\Python\Python312\Lib\encodings\cp1252.py", line 19, in encode
    return codecs.charmap_encode(input,self.errors,encoding_table)[0]
           ^^^^^^^^^^^^^^^^^^^^^^^^^^^^^^^^^^^^^^^^^^^^^^^^^^^^^^^
UnicodeEncodeError: 'charmap' codec can't encode character '\u2714' in position 0: character maps to <undefined>

[2026-03-18 00:39:23] [TID:12044] ERROR SD - Cegeka Cloud-Native Platform [PV2.0][DV1.2].docx: [extract_html] FAILED with exit code 1
[2026-03-18 00:46:53] [TID:17312] START SD - Cegeka Cloud-Native Platform [PV2.0][DV1.2].docx
[2026-03-18 00:46:53] [TID:17312] [DEBUG] Running step: extract_html
[2026-03-18 00:46:53] [TID:17312] [DEBUG] Command: ['C:\\Users\\koengo\\AppData\\Local\\Programs\\Python\\Python312\\python.exe', 'C:\\Users\\koengo\\OneDrive - Cegeka\\Documents\\Reusable Assets\\Products\\scripts\\extract_html.py', 'C:\\Users\\koengo\\Cegeka\\Product Management - Product Management Library\\Business Line - Cloud and Digital Platforms\\[0.5] Cegeka Digital Cloud Platforms\\SD - Cegeka Cloud-Native Platform [PV2.0][DV1.2].docx']
[2026-03-18 00:51:40] [TID:5928] START SD - Cegeka Cloud-Native Platform [PV2.0][DV1.2].docx
[2026-03-18 00:51:40] [TID:5928] [DEBUG] Running step: extract_html
[2026-03-18 00:51:40] [TID:5928] [DEBUG] Command: ['C:\\Users\\koengo\\AppData\\Local\\Programs\\Python\\Python312\\python.exe', 'C:\\Users\\koengo\\OneDrive - Cegeka\\Documents\\Reusable Assets\\Products\\scripts\\extract_html.py', 'C:\\Users\\koengo\\Cegeka\\Product Management - Product Management Library\\Business Line - Cloud and Digital Platforms\\[0.5] Cegeka Digital Cloud Platforms\\SD - Cegeka Cloud-Native Platform [PV2.0][DV1.2].docx']
[2026-03-18 00:51:42] [TID:5928] [DEBUG][stdout] ✔ HTML saved for SD - Cegeka Cloud-Native Platform [PV2.0][DV1.2].docx

[2026-03-18 00:51:42] [TID:5928] [DEBUG] Step 'extract_html' OK
[2026-03-18 00:51:42] [TID:5928] [DEBUG] Running step: parse_html
[2026-03-18 00:51:42] [TID:5928] [DEBUG] Command: ['C:\\Users\\koengo\\AppData\\Local\\Programs\\Python\\Python312\\python.exe', 'C:\\Users\\koengo\\OneDrive - Cegeka\\Documents\\Reusable Assets\\Products\\scripts\\parse_html_sections.py', 'extracted_html\\SD - Cegeka Cloud-Native Platform [PV2.0][DV1.2].html']
[2026-03-18 00:51:43] [TID:5928] [DEBUG][stdout] ✔ Robust parsed → output\json\SD - Cegeka Cloud-Native Platform [PV2.0][DV1.2].json

[2026-03-18 00:51:43] [TID:5928] [DEBUG] Step 'parse_html' OK
[2026-03-18 00:51:43] [TID:5928] [DEBUG] Running step: auto_map
[2026-03-18 00:51:43] [TID:5928] [DEBUG] Command: ['C:\\Users\\koengo\\AppData\\Local\\Programs\\Python\\Python312\\python.exe', 'C:\\Users\\koengo\\OneDrive - Cegeka\\Documents\\Reusable Assets\\Products\\scripts\\auto_map_sections.py', 'output\\json\\SD - Cegeka Cloud-Native Platform [PV2.0][DV1.2].json']
[2026-03-18 00:51:43] [TID:5928] [DEBUG][stderr]   File "C:\Users\koengo\OneDrive - Cegeka\Documents\Reusable Assets\Products\scripts\auto_map_sections.py", line 26
    ``
    ^
SyntaxError: invalid syntax

[2026-03-18 00:51:43] [TID:5928] ERROR SD - Cegeka Cloud-Native Platform [PV2.0][DV1.2].docx: [auto_map] FAILED with exit code 1
[2026-03-18 01:00:57] [TID:19944] START SD - Cegeka Cloud-Native Platform [PV2.0][DV1.2].docx
[2026-03-18 01:00:57] [TID:19944] [DEBUG] Running step: extract_html
[2026-03-18 01:00:57] [TID:19944] [DEBUG] Command: ['C:\\Users\\koengo\\AppData\\Local\\Programs\\Python\\Python312\\python.exe', 'C:\\Users\\koengo\\OneDrive - Cegeka\\Documents\\Reusable Assets\\Products\\scripts\\extract_html.py', 'C:\\Users\\koengo\\Cegeka\\Product Management - Product Management Library\\Business Line - Cloud and Digital Platforms\\[0.5] Cegeka Digital Cloud Platforms\\SD - Cegeka Cloud-Native Platform [PV2.0][DV1.2].docx']
[2026-03-18 01:00:59] [TID:19944] [DEBUG][stdout] ✔ HTML saved for SD - Cegeka Cloud-Native Platform [PV2.0][DV1.2].docx

[2026-03-18 01:00:59] [TID:19944] [DEBUG] Step 'extract_html' OK
[2026-03-18 01:00:59] [TID:19944] [DEBUG] Running step: parse_html
[2026-03-18 01:00:59] [TID:19944] [DEBUG] Command: ['C:\\Users\\koengo\\AppData\\Local\\Programs\\Python\\Python312\\python.exe', 'C:\\Users\\koengo\\OneDrive - Cegeka\\Documents\\Reusable Assets\\Products\\scripts\\parse_html_sections.py', 'extracted_html\\SD - Cegeka Cloud-Native Platform [PV2.0][DV1.2].html']
[2026-03-18 01:01:00] [TID:19944] [DEBUG][stdout] ✔ Robust parsed → output\json\SD - Cegeka Cloud-Native Platform [PV2.0][DV1.2].json

[2026-03-18 01:01:00] [TID:19944] [DEBUG] Step 'parse_html' OK
[2026-03-18 01:01:00] [TID:19944] [DEBUG] Running step: auto_map
[2026-03-18 01:01:00] [TID:19944] [DEBUG] Command: ['C:\\Users\\koengo\\AppData\\Local\\Programs\\Python\\Python312\\python.exe', 'C:\\Users\\koengo\\OneDrive - Cegeka\\Documents\\Reusable Assets\\Products\\scripts\\auto_map_sections.py', 'output\\json\\SD - Cegeka Cloud-Native Platform [PV2.0][DV1.2].json']
[2026-03-18 01:01:00] [TID:19944] [DEBUG][stderr]   File "C:\Users\koengo\OneDrive - Cegeka\Documents\Reusable Assets\Products\scripts\auto_map_sections.py", line 26
    ``
    ^
SyntaxError: invalid syntax

[2026-03-18 01:01:00] [TID:19944] ERROR SD - Cegeka Cloud-Native Platform [PV2.0][DV1.2].docx: [auto_map] FAILED with exit code 1
[2026-03-18 01:16:33] [TID:28236] START SD - Cegeka Cloud-Native Platform [PV2.0][DV1.2].docx
[2026-03-18 01:16:33] [TID:28236] [DEBUG] Running step: extract_html
[2026-03-18 01:16:33] [TID:28236] [DEBUG] Command: ['C:\\Users\\koengo\\AppData\\Local\\Programs\\Python\\Python312\\python.exe', 'C:\\Users\\koengo\\OneDrive - Cegeka\\Documents\\Reusable Assets\\Products\\scripts\\extract_html.py', 'C:\\Users\\koengo\\Cegeka\\Product Management - Product Management Library\\Business Line - Cloud and Digital Platforms\\[0.5] Cegeka Digital Cloud Platforms\\SD - Cegeka Cloud-Native Platform [PV2.0][DV1.2].docx']
[2026-03-18 01:16:35] [TID:28236] [DEBUG][stdout] ✔ HTML saved for SD - Cegeka Cloud-Native Platform [PV2.0][DV1.2].docx

[2026-03-18 01:16:35] [TID:28236] [DEBUG] Step 'extract_html' OK
[2026-03-18 01:16:35] [TID:28236] [DEBUG] Running step: parse_html
[2026-03-18 01:16:35] [TID:28236] [DEBUG] Command: ['C:\\Users\\koengo\\AppData\\Local\\Programs\\Python\\Python312\\python.exe', 'C:\\Users\\koengo\\OneDrive - Cegeka\\Documents\\Reusable Assets\\Products\\scripts\\parse_html_sections.py', 'extracted_html\\SD - Cegeka Cloud-Native Platform [PV2.0][DV1.2].html']
[2026-03-18 01:16:36] [TID:28236] [DEBUG][stdout] ✔ Robust parsed → output\json\SD - Cegeka Cloud-Native Platform [PV2.0][DV1.2].json

[2026-03-18 01:16:36] [TID:28236] [DEBUG] Step 'parse_html' OK
[2026-03-18 01:16:36] [TID:28236] [DEBUG] Running step: auto_map
[2026-03-18 01:16:36] [TID:28236] [DEBUG] Command: ['C:\\Users\\koengo\\AppData\\Local\\Programs\\Python\\Python312\\python.exe', 'C:\\Users\\koengo\\OneDrive - Cegeka\\Documents\\Reusable Assets\\Products\\scripts\\auto_map_sections.py', 'output\\json\\SD - Cegeka Cloud-Native Platform [PV2.0][DV1.2].json']
[2026-03-18 01:16:36] [TID:28236] [DEBUG][stderr]   File "C:\Users\koengo\OneDrive - Cegeka\Documents\Reusable Assets\Products\scripts\auto_map_sections.py", line 26
    ``
    ^
SyntaxError: invalid syntax

[2026-03-18 01:16:36] [TID:28236] ERROR SD - Cegeka Cloud-Native Platform [PV2.0][DV1.2].docx: [auto_map] FAILED with exit code 1
[2026-03-18 01:30:47] [TID:25364] START SD - Cegeka Cloud-Native Platform [PV2.0][DV1.2].docx
[2026-03-18 01:30:47] [TID:25364] [DEBUG] Running step: extract_html
[2026-03-18 01:30:47] [TID:25364] [DEBUG] Command: ['C:\\Users\\koengo\\AppData\\Local\\Programs\\Python\\Python312\\python.exe', 'C:\\Users\\koengo\\OneDrive - Cegeka\\Documents\\Reusable Assets\\Products\\scripts\\extract_html.py', 'C:\\Users\\koengo\\Cegeka\\Product Management - Product Management Library\\Business Line - Cloud and Digital Platforms\\[0.5] Cegeka Digital Cloud Platforms\\SD - Cegeka Cloud-Native Platform [PV2.0][DV1.2].docx']
[2026-03-18 01:30:47] [TID:25364] [DEBUG][stderr]   File "C:\Users\koengo\OneDrive - Cegeka\Documents\Reusable Assets\Products\scripts\extract_html.py", line 31
    ``
    ^
SyntaxError: invalid syntax

[2026-03-18 01:30:47] [TID:25364] ERROR SD - Cegeka Cloud-Native Platform [PV2.0][DV1.2].docx: [extract_html] FAILED with exit code 1
[2026-03-18 01:32:52] [TID:28596] START SD - Cegeka Cloud-Native Platform [PV2.0][DV1.2].docx
[2026-03-18 01:32:52] [TID:28596] [DEBUG] Running step: extract_html
[2026-03-18 01:32:52] [TID:28596] [DEBUG] Command: ['C:\\Users\\koengo\\AppData\\Local\\Programs\\Python\\Python312\\python.exe', 'C:\\Users\\koengo\\OneDrive - Cegeka\\Documents\\Reusable Assets\\Products\\scripts\\extract_html.py', 'C:\\Users\\koengo\\Cegeka\\Product Management - Product Management Library\\Business Line - Cloud and Digital Platforms\\[0.5] Cegeka Digital Cloud Platforms\\SD - Cegeka Cloud-Native Platform [PV2.0][DV1.2].docx']
[2026-03-18 01:32:54] [TID:28596] [DEBUG][stdout] HTML saved: SD - Cegeka Cloud-Native Platform [PV2.0][DV1.2].html

[2026-03-18 01:32:54] [TID:28596] [DEBUG] Step 'extract_html' OK
[2026-03-18 01:32:54] [TID:28596] [DEBUG] Running step: parse_html
[2026-03-18 01:32:54] [TID:28596] [DEBUG] Command: ['C:\\Users\\koengo\\AppData\\Local\\Programs\\Python\\Python312\\python.exe', 'C:\\Users\\koengo\\OneDrive - Cegeka\\Documents\\Reusable Assets\\Products\\scripts\\parse_html_sections.py', 'extracted_html\\SD - Cegeka Cloud-Native Platform [PV2.0][DV1.2].html']
[2026-03-18 01:32:56] [TID:28596] [DEBUG][stdout] ✔ Robust parsed → output\json\SD - Cegeka Cloud-Native Platform [PV2.0][DV1.2].json

[2026-03-18 01:32:56] [TID:28596] [DEBUG] Step 'parse_html' OK
[2026-03-18 01:32:56] [TID:28596] [DEBUG] Running step: auto_map
[2026-03-18 01:32:56] [TID:28596] [DEBUG] Command: ['C:\\Users\\koengo\\AppData\\Local\\Programs\\Python\\Python312\\python.exe', 'C:\\Users\\koengo\\OneDrive - Cegeka\\Documents\\Reusable Assets\\Products\\scripts\\auto_map_sections.py', 'output\\json\\SD - Cegeka Cloud-Native Platform [PV2.0][DV1.2].json']
[2026-03-18 01:32:56] [TID:28596] [DEBUG][stderr]   File "C:\Users\koengo\OneDrive - Cegeka\Documents\Reusable Assets\Products\scripts\auto_map_sections.py", line 26
    ``
    ^
SyntaxError: invalid syntax

[2026-03-18 01:32:56] [TID:28596] ERROR SD - Cegeka Cloud-Native Platform [PV2.0][DV1.2].docx: [auto_map] FAILED with exit code 1
[2026-03-18 01:40:04] [TID:28640] START SD - Cegeka Cloud-Native Platform [PV2.0][DV1.2].docx
[2026-03-18 01:40:04] [TID:28640] [DEBUG] Running step: extract_html
[2026-03-18 01:40:04] [TID:28640] [DEBUG] Command: ['C:\\Users\\koengo\\AppData\\Local\\Programs\\Python\\Python312\\python.exe', 'C:\\Users\\koengo\\OneDrive - Cegeka\\Documents\\Reusable Assets\\Products\\scripts\\extract_html.py', 'C:\\Users\\koengo\\Cegeka\\Product Management - Product Management Library\\Business Line - Cloud and Digital Platforms\\[0.5] Cegeka Digital Cloud Platforms\\SD - Cegeka Cloud-Native Platform [PV2.0][DV1.2].docx']
[2026-03-18 01:40:05] [TID:28640] [DEBUG][stdout] HTML saved: SD - Cegeka Cloud-Native Platform [PV2.0][DV1.2].html

[2026-03-18 01:40:05] [TID:28640] [DEBUG] Step 'extract_html' OK
[2026-03-18 01:40:05] [TID:28640] [DEBUG] Running step: parse_html
[2026-03-18 01:40:05] [TID:28640] [DEBUG] Command: ['C:\\Users\\koengo\\AppData\\Local\\Programs\\Python\\Python312\\python.exe', 'C:\\Users\\koengo\\OneDrive - Cegeka\\Documents\\Reusable Assets\\Products\\scripts\\parse_html_sections.py', 'extracted_html\\SD - Cegeka Cloud-Native Platform [PV2.0][DV1.2].html']
[2026-03-18 01:40:06] [TID:28640] [DEBUG][stdout] ✔ Robust parsed → output\json\SD - Cegeka Cloud-Native Platform [PV2.0][DV1.2].json

[2026-03-18 01:40:06] [TID:28640] [DEBUG] Step 'parse_html' OK
[2026-03-18 01:40:06] [TID:28640] [DEBUG] Running step: auto_map
[2026-03-18 01:40:06] [TID:28640] [DEBUG] Command: ['C:\\Users\\koengo\\AppData\\Local\\Programs\\Python\\Python312\\python.exe', 'C:\\Users\\koengo\\OneDrive - Cegeka\\Documents\\Reusable Assets\\Products\\scripts\\auto_map_sections.py', 'output\\json\\SD - Cegeka Cloud-Native Platform [PV2.0][DV1.2].json']
[2026-03-18 01:40:07] [TID:28640] [DEBUG][stderr]   File "C:\Users\koengo\OneDrive - Cegeka\Documents\Reusable Assets\Products\scripts\auto_map_sections.py", line 26
    ``
    ^
SyntaxError: invalid syntax

[2026-03-18 01:40:07] [TID:28640] ERROR SD - Cegeka Cloud-Native Platform [PV2.0][DV1.2].docx: [auto_map] FAILED with exit code 1
