[2026-03-17 23:34:12] [TID:25548] Start processing SD: SD - Application Packaging & Update Management [PRD.7.4.005][PV1.1][DV1.0].docx
[2026-03-17 23:34:12] [TID:25548] Extracting HTML...
[2026-03-17 23:34:13] [TID:25548] ERROR SD - Application Packaging & Update Management [PRD.7.4.005][PV1.1][DV1.0].docx: Command '['C:\\Users\\koengo\\AppData\\Local\\Programs\\Python\\Python312\\python.exe', 'C:\\Users\\koengo\\OneDrive - Cegeka\\Documents\\Reusable Assets\\Products\\scripts\\extract_html.py', 'C:\\Users\\koengo\\Cegeka\\Product Management - Product Management Library\\Business Line - Digital Employee eXperience\\[7.1] Cegeka Digital Workplace Solutions\\[PRD.7.4.005] Application Packaging & Update Management\\SD - Application Packaging & Update Management [PRD.7.4.005][PV1.1][DV1.0].docx']' returned non-zero exit status 1.
[2026-03-17 23:39:33] [TID:13704] START SD - Application Packaging & Update Management [PRD.7.4.005][PV1.1][DV1.0].docx
[2026-03-17 23:39:33] [TID:13704] Extracting HTML...
[2026-03-17 23:39:34] [TID:13704] ERROR SD - Application Packaging & Update Management [PRD.7.4.005][PV1.1][DV1.0].docx: Command '['C:\\Users\\koengo\\AppData\\Local\\Programs\\Python\\Python312\\python.exe', 'C:\\Users\\koengo\\OneDrive - Cegeka\\Documents\\Reusable Assets\\Products\\scripts\\extract_html.py', 'C:\\Users\\koengo\\Cegeka\\Product Management - Product Management Library\\Business Line - Digital Employee eXperience\\[7.1] Cegeka Digital Workplace Solutions\\[PRD.7.4.005] Application Packaging & Update Management\\SD - Application Packaging & Update Management [PRD.7.4.005][PV1.1][DV1.0].docx']' returned non-zero exit status 1.
[2026-03-17 23:44:44] [TID:16732] START SD - Application Packaging & Update Management [PRD.7.4.005][PV1.1][DV1.0].docx
[2026-03-17 23:44:45] [TID:16732] Extracting HTML...
[2026-03-17 23:44:45] [TID:16732] ERROR SD - Application Packaging & Update Management [PRD.7.4.005][PV1.1][DV1.0].docx: Command '['C:\\Users\\koengo\\AppData\\Local\\Programs\\Python\\Python312\\python.exe', 'C:\\Users\\koengo\\OneDrive - Cegeka\\Documents\\Reusable Assets\\Products\\scripts\\extract_html.py', 'C:\\Users\\koengo\\Cegeka\\Product Management - Product Management Library\\Business Line - Digital Employee eXperience\\[7.1] Cegeka Digital Workplace Solutions\\[PRD.7.4.005] Application Packaging & Update Management\\SD - Application Packaging & Update Management [PRD.7.4.005][PV1.1][DV1.0].docx']' returned non-zero exit status 1.
[2026-03-17 23:47:12] [TID:16752] START SD - Application Packaging & Update Management [PRD.7.4.005][PV1.1][DV1.0].docx
[2026-03-17 23:47:13] [TID:16752] Extracting HTML...
[2026-03-17 23:47:13] [TID:16752] ERROR SD - Application Packaging & Update Management [PRD.7.4.005][PV1.1][DV1.0].docx: Command '['C:\\Users\\koengo\\AppData\\Local\\Programs\\Python\\Python312\\python.exe', 'C:\\Users\\koengo\\OneDrive - Cegeka\\Documents\\Reusable Assets\\Products\\scripts\\extract_html.py', 'C:\\Users\\koengo\\Cegeka\\Product Management - Product Management Library\\Business Line - Digital Employee eXperience\\[7.1] Cegeka Digital Workplace Solutions\\[PRD.7.4.005] Application Packaging & Update Management\\SD - Application Packaging & Update Management [PRD.7.4.005][PV1.1][DV1.0].docx']' returned non-zero exit status 1.
[2026-03-17 23:54:42] [TID:21020] START SD - Application Packaging & Update Management [PRD.7.4.005][PV1.1][DV1.0].docx
[2026-03-17 23:54:42] [TID:21020] Extracting HTML...
[2026-03-17 23:54:43] [TID:21020] ERROR SD - Application Packaging & Update Management [PRD.7.4.005][PV1.1][DV1.0].docx: Command '['C:\\Users\\koengo\\AppData\\Local\\Programs\\Python\\Python312\\python.exe', 'C:\\Users\\koengo\\OneDrive - Cegeka\\Documents\\Reusable Assets\\Products\\scripts\\extract_html.py', 'C:\\Users\\koengo\\Cegeka\\Product Management - Product Management Library\\Business Line - Digital Employee eXperience\\[7.1] Cegeka Digital Workplace Solutions\\[PRD.7.4.005] Application Packaging & Update Management\\SD - Application Packaging & Update Management [PRD.7.4.005][PV1.1][DV1.0].docx']' returned non-zero exit status 1.
[2026-03-18 00:02:07] [TID:28120] START SD - Application Packaging & Update Management [PRD.7.4.005][PV1.1][DV1.0].docx
[2026-03-18 00:02:07] [TID:28120] Extracting HTML...
[2026-03-18 00:02:08] [TID:28120] ERROR SD - Application Packaging & Update Management [PRD.7.4.005][PV1.1][DV1.0].docx: Command '['C:\\Users\\koengo\\AppData\\Local\\Programs\\Python\\Python312\\python.exe', 'C:\\Users\\koengo\\OneDrive - Cegeka\\Documents\\Reusable Assets\\Products\\scripts\\extract_html.py', 'C:\\Users\\koengo\\Cegeka\\Product Management - Product Management Library\\Business Line - Digital Employee eXperience\\[7.1] Cegeka Digital Workplace Solutions\\[PRD.7.4.005] Application Packaging & Update Management\\SD - Application Packaging & Update Management [PRD.7.4.005][PV1.1][DV1.0].docx']' returned non-zero exit status 1.
[2026-03-18 00:11:20] [TID:14484] START SD - Application Packaging & Update Management [PRD.7.4.005][PV1.1][DV1.0].docx
[2026-03-18 00:11:20] [TID:14484] Extracting HTML...
[2026-03-18 00:11:21] [TID:14484] ERROR SD - Application Packaging & Update Management [PRD.7.4.005][PV1.1][DV1.0].docx: Command '['C:\\Users\\koengo\\AppData\\Local\\Programs\\Python\\Python312\\python.exe', 'C:\\Users\\koengo\\OneDrive - Cegeka\\Documents\\Reusable Assets\\Products\\scripts\\extract_html.py', 'C:\\Users\\koengo\\Cegeka\\Product Management - Product Management Library\\Business Line - Digital Employee eXperience\\[7.1] Cegeka Digital Workplace Solutions\\[PRD.7.4.005] Application Packaging & Update Management\\SD - Application Packaging & Update Management [PRD.7.4.005][PV1.1][DV1.0].docx']' returned non-zero exit status 1.
[2026-03-18 00:24:42] [TID:29648] START SD - Application Packaging & Update Management [PRD.7.4.005][PV1.1][DV1.0].docx
[2026-03-18 00:24:42] [TID:29648] [DEBUG] Running step: extract_html
[2026-03-18 00:24:42] [TID:29648] [DEBUG] Command: ['C:\\Users\\koengo\\AppData\\Local\\Programs\\Python\\Python312\\python.exe', 'C:\\Users\\koengo\\OneDrive - Cegeka\\Documents\\Reusable Assets\\Products\\scripts\\extract_html.py', 'C:\\Users\\koengo\\Cegeka\\Product Management - Product Management Library\\Business Line - Digital Employee eXperience\\[7.1] Cegeka Digital Workplace Solutions\\[PRD.7.4.005] Application Packaging & Update Management\\SD - Application Packaging & Update Management [PRD.7.4.005][PV1.1][DV1.0].docx']
[2026-03-18 00:24:43] [TID:29648] [DEBUG][stderr] Traceback (most recent call last):
  File "C:\Users\koengo\OneDrive - Cegeka\Documents\Reusable Assets\Products\scripts\extract_html.py", line 12, in <module>
    with open(sd_file, "rb") as f:
         ^^^^^^^^^^^^^^^^^^^
FileNotFoundError: [Errno 2] No such file or directory: 'C:\\Users\\koengo\\Cegeka\\Product Management - Product Management Library\\Business Line - Digital Employee eXperience\\[7.1] Cegeka Digital Workplace Solutions\\[PRD.7.4.005] Application Packaging & Update Management\\SD - Application Packaging & Update Management [PRD.7.4.005][PV1.1][DV1.0].docx'

[2026-03-18 00:24:43] [TID:29648] ERROR SD - Application Packaging & Update Management [PRD.7.4.005][PV1.1][DV1.0].docx: [extract_html] FAILED with exit code 1
[2026-03-18 00:28:42] [TID:26240] START SD - Application Packaging & Update Management [PRD.7.4.005][PV1.1][DV1.0].docx
[2026-03-18 00:28:42] [TID:26240] [DEBUG] Running step: extract_html
[2026-03-18 00:28:42] [TID:26240] [DEBUG] Command: ['C:\\Users\\koengo\\AppData\\Local\\Programs\\Python\\Python312\\python.exe', 'C:\\Users\\koengo\\OneDrive - Cegeka\\Documents\\Reusable Assets\\Products\\scripts\\extract_html.py', 'C:\\Users\\koengo\\Cegeka\\Product Management - Product Management Library\\Business Line - Digital Employee eXperience\\[7.1] Cegeka Digital Workplace Solutions\\[PRD.7.4.005] Application Packaging & Update Management\\SD - Application Packaging & Update Management [PRD.7.4.005][PV1.1][DV1.0].docx']
[2026-03-18 00:28:42] [TID:26240] [DEBUG][stderr] Traceback (most recent call last):
  File "C:\Users\koengo\OneDrive - Cegeka\Documents\Reusable Assets\Products\scripts\extract_html.py", line 12, in <module>
    with open(sd_file, "rb") as f:
         ^^^^^^^^^^^^^^^^^^^
FileNotFoundError: [Errno 2] No such file or directory: 'C:\\Users\\koengo\\Cegeka\\Product Management - Product Management Library\\Business Line - Digital Employee eXperience\\[7.1] Cegeka Digital Workplace Solutions\\[PRD.7.4.005] Application Packaging & Update Management\\SD - Application Packaging & Update Management [PRD.7.4.005][PV1.1][DV1.0].docx'

[2026-03-18 00:28:43] [TID:26240] ERROR SD - Application Packaging & Update Management [PRD.7.4.005][PV1.1][DV1.0].docx: [extract_html] FAILED with exit code 1
[2026-03-18 00:39:42] [TID:22268] START SD - Application Packaging & Update Management [PRD.7.4.005][PV1.1][DV1.0].docx
[2026-03-18 00:39:43] [TID:22268] [DEBUG] Running step: extract_html
[2026-03-18 00:39:43] [TID:22268] [DEBUG] Command: ['C:\\Users\\koengo\\AppData\\Local\\Programs\\Python\\Python312\\python.exe', 'C:\\Users\\koengo\\OneDrive - Cegeka\\Documents\\Reusable Assets\\Products\\scripts\\extract_html.py', 'C:\\Users\\koengo\\Cegeka\\Product Management - Product Management Library\\Business Line - Digital Employee eXperience\\[7.1] Cegeka Digital Workplace Solutions\\[PRD.7.4.005] Application Packaging & Update Management\\SD - Application Packaging & Update Management [PRD.7.4.005][PV1.1][DV1.0].docx']
[2026-03-18 00:39:43] [TID:22268] [DEBUG][stderr] Traceback (most recent call last):
  File "C:\Users\koengo\OneDrive - Cegeka\Documents\Reusable Assets\Products\scripts\extract_html.py", line 12, in <module>
    with open(sd_file, "rb") as f:
         ^^^^^^^^^^^^^^^^^^^
FileNotFoundError: [Errno 2] No such file or directory: 'C:\\Users\\koengo\\Cegeka\\Product Management - Product Management Library\\Business Line - Digital Employee eXperience\\[7.1] Cegeka Digital Workplace Solutions\\[PRD.7.4.005] Application Packaging & Update Management\\SD - Application Packaging & Update Management [PRD.7.4.005][PV1.1][DV1.0].docx'

[2026-03-18 00:39:44] [TID:22268] ERROR SD - Application Packaging & Update Management [PRD.7.4.005][PV1.1][DV1.0].docx: [extract_html] FAILED with exit code 1
[2026-03-18 00:51:59] [TID:26580] START SD - Application Packaging & Update Management [PRD.7.4.005][PV1.1][DV1.0].docx
[2026-03-18 00:51:59] [TID:26580] [DEBUG] Running step: extract_html
[2026-03-18 00:51:59] [TID:26580] [DEBUG] Command: ['C:\\Users\\koengo\\AppData\\Local\\Programs\\Python\\Python312\\python.exe', 'C:\\Users\\koengo\\OneDrive - Cegeka\\Documents\\Reusable Assets\\Products\\scripts\\extract_html.py', 'C:\\Users\\koengo\\Cegeka\\Product Management - Product Management Library\\Business Line - Digital Employee eXperience\\[7.1] Cegeka Digital Workplace Solutions\\[PRD.7.4.005] Application Packaging & Update Management\\SD - Application Packaging & Update Management [PRD.7.4.005][PV1.1][DV1.0].docx']
[2026-03-18 00:51:59] [TID:26580] [DEBUG][stdout] EXTRACT ERROR: [Errno 2] No such file or directory: 'C:\\Users\\koengo\\Cegeka\\Product Management - Product Management Library\\Business Line - Digital Employee eXperience\\[7.1] Cegeka Digital Workplace Solutions\\[PRD.7.4.005] Application Packaging & Update Management\\SD - Application Packaging & Update Management [PRD.7.4.005][PV1.1][DV1.0].docx'

[2026-03-18 00:51:59] [TID:26580] ERROR SD - Application Packaging & Update Management [PRD.7.4.005][PV1.1][DV1.0].docx: [extract_html] FAILED with exit code 1
[2026-03-18 01:01:16] [TID:19944] START SD - Application Packaging & Update Management [PRD.7.4.005][PV1.1][DV1.0].docx
[2026-03-18 01:01:16] [TID:19944] [DEBUG] Running step: extract_html
[2026-03-18 01:01:16] [TID:19944] [DEBUG] Command: ['C:\\Users\\koengo\\AppData\\Local\\Programs\\Python\\Python312\\python.exe', 'C:\\Users\\koengo\\OneDrive - Cegeka\\Documents\\Reusable Assets\\Products\\scripts\\extract_html.py', 'C:\\Users\\koengo\\Cegeka\\Product Management - Product Management Library\\Business Line - Digital Employee eXperience\\[7.1] Cegeka Digital Workplace Solutions\\[PRD.7.4.005] Application Packaging & Update Management\\SD - Application Packaging & Update Management [PRD.7.4.005][PV1.1][DV1.0].docx']
[2026-03-18 01:01:17] [TID:19944] [DEBUG][stdout] EXTRACT ERROR: [Errno 2] No such file or directory: 'C:\\Users\\koengo\\Cegeka\\Product Management - Product Management Library\\Business Line - Digital Employee eXperience\\[7.1] Cegeka Digital Workplace Solutions\\[PRD.7.4.005] Application Packaging & Update Management\\SD - Application Packaging & Update Management [PRD.7.4.005][PV1.1][DV1.0].docx'

[2026-03-18 01:01:17] [TID:19944] ERROR SD - Application Packaging & Update Management [PRD.7.4.005][PV1.1][DV1.0].docx: [extract_html] FAILED with exit code 1
[2026-03-18 01:16:52] [TID:28776] START SD - Application Packaging & Update Management [PRD.7.4.005][PV1.1][DV1.0].docx
[2026-03-18 01:16:52] [TID:28776] [DEBUG] Running step: extract_html
[2026-03-18 01:16:52] [TID:28776] [DEBUG] Command: ['C:\\Users\\koengo\\AppData\\Local\\Programs\\Python\\Python312\\python.exe', 'C:\\Users\\koengo\\OneDrive - Cegeka\\Documents\\Reusable Assets\\Products\\scripts\\extract_html.py', 'C:\\Users\\koengo\\Cegeka\\Product Management - Product Management Library\\Business Line - Digital Employee eXperience\\[7.1] Cegeka Digital Workplace Solutions\\[PRD.7.4.005] Application Packaging & Update Management\\SD - Application Packaging & Update Management [PRD.7.4.005][PV1.1][DV1.0].docx']
[2026-03-18 01:16:53] [TID:28776] [DEBUG][stdout] EXTRACT ERROR: [Errno 2] No such file or directory: 'C:\\Users\\koengo\\Cegeka\\Product Management - Product Management Library\\Business Line - Digital Employee eXperience\\[7.1] Cegeka Digital Workplace Solutions\\[PRD.7.4.005] Application Packaging & Update Management\\SD - Application Packaging & Update Management [PRD.7.4.005][PV1.1][DV1.0].docx'

[2026-03-18 01:16:53] [TID:28776] ERROR SD - Application Packaging & Update Management [PRD.7.4.005][PV1.1][DV1.0].docx: [extract_html] FAILED with exit code 1
[2026-03-18 01:30:48] [TID:2584] START SD - Application Packaging & Update Management [PRD.7.4.005][PV1.1][DV1.0].docx
[2026-03-18 01:30:48] [TID:2584] [DEBUG] Running step: extract_html
[2026-03-18 01:30:48] [TID:2584] [DEBUG] Command: ['C:\\Users\\koengo\\AppData\\Local\\Programs\\Python\\Python312\\python.exe', 'C:\\Users\\koengo\\OneDrive - Cegeka\\Documents\\Reusable Assets\\Products\\scripts\\extract_html.py', 'C:\\Users\\koengo\\Cegeka\\Product Management - Product Management Library\\Business Line - Digital Employee eXperience\\[7.1] Cegeka Digital Workplace Solutions\\[PRD.7.4.005] Application Packaging & Update Management\\SD - Application Packaging & Update Management [PRD.7.4.005][PV1.1][DV1.0].docx']
[2026-03-18 01:30:48] [TID:2584] [DEBUG][stderr]   File "C:\Users\koengo\OneDrive - Cegeka\Documents\Reusable Assets\Products\scripts\extract_html.py", line 31
    ``
    ^
SyntaxError: invalid syntax

[2026-03-18 01:30:48] [TID:2584] ERROR SD - Application Packaging & Update Management [PRD.7.4.005][PV1.1][DV1.0].docx: [extract_html] FAILED with exit code 1
[2026-03-18 01:33:11] [TID:28596] START SD - Application Packaging & Update Management [PRD.7.4.005][PV1.1][DV1.0].docx
[2026-03-18 01:33:11] [TID:28596] [DEBUG] Running step: extract_html
[2026-03-18 01:33:11] [TID:28596] [DEBUG] Command: ['C:\\Users\\koengo\\AppData\\Local\\Programs\\Python\\Python312\\python.exe', 'C:\\Users\\koengo\\OneDrive - Cegeka\\Documents\\Reusable Assets\\Products\\scripts\\extract_html.py', 'C:\\Users\\koengo\\Cegeka\\Product Management - Product Management Library\\Business Line - Digital Employee eXperience\\[7.1] Cegeka Digital Workplace Solutions\\[PRD.7.4.005] Application Packaging & Update Management\\SD - Application Packaging & Update Management [PRD.7.4.005][PV1.1][DV1.0].docx']
[2026-03-18 01:33:12] [TID:28596] [DEBUG][stdout] EXTRACT ERROR: [Errno 2] No such file or directory: 'C:\\Users\\koengo\\Cegeka\\Product Management - Product Management Library\\Business Line - Digital Employee eXperience\\[7.1] Cegeka Digital Workplace Solutions\\[PRD.7.4.005] Application Packaging & Update Management\\SD - Application Packaging & Update Management [PRD.7.4.005][PV1.1][DV1.0].docx'

[2026-03-18 01:33:12] [TID:28596] ERROR SD - Application Packaging & Update Management [PRD.7.4.005][PV1.1][DV1.0].docx: [extract_html] FAILED with exit code 1
[2026-03-18 01:40:22] [TID:5648] START SD - Application Packaging & Update Management [PRD.7.4.005][PV1.1][DV1.0].docx
[2026-03-18 01:40:22] [TID:5648] [DEBUG] Running step: extract_html
[2026-03-18 01:40:22] [TID:5648] [DEBUG] Command: ['C:\\Users\\koengo\\AppData\\Local\\Programs\\Python\\Python312\\python.exe', 'C:\\Users\\koengo\\OneDrive - Cegeka\\Documents\\Reusable Assets\\Products\\scripts\\extract_html.py', 'C:\\Users\\koengo\\Cegeka\\Product Management - Product Management Library\\Business Line - Digital Employee eXperience\\[7.1] Cegeka Digital Workplace Solutions\\[PRD.7.4.005] Application Packaging & Update Management\\SD - Application Packaging & Update Management [PRD.7.4.005][PV1.1][DV1.0].docx']
[2026-03-18 01:40:22] [TID:5648] [DEBUG][stdout] EXTRACT ERROR: [Errno 2] No such file or directory: 'C:\\Users\\koengo\\Cegeka\\Product Management - Product Management Library\\Business Line - Digital Employee eXperience\\[7.1] Cegeka Digital Workplace Solutions\\[PRD.7.4.005] Application Packaging & Update Management\\SD - Application Packaging & Update Management [PRD.7.4.005][PV1.1][DV1.0].docx'

[2026-03-18 01:40:22] [TID:5648] ERROR SD - Application Packaging & Update Management [PRD.7.4.005][PV1.1][DV1.0].docx: [extract_html] FAILED with exit code 1
