[2026-03-17 23:34:09] [TID:22228] Start processing SD: SD - Cegeka Technical Application Management [PRD.0.6.001][PV1.2][DV1.1].docx
[2026-03-17 23:34:09] [TID:22228] Extracting HTML...
[2026-03-17 23:34:10] [TID:22228] ERROR SD - Cegeka Technical Application Management [PRD.0.6.001][PV1.2][DV1.1].docx: Command '['C:\\Users\\koengo\\AppData\\Local\\Programs\\Python\\Python312\\python.exe', 'C:\\Users\\koengo\\OneDrive - Cegeka\\Documents\\Reusable Assets\\Products\\scripts\\extract_html.py', 'C:\\Users\\koengo\\Cegeka\\Product Management - Product Management Library\\Business Line - Cloud and Digital Platforms\\[0.6] Cegeka Application & Integration Management\\[PRD.0.6.001] Cegeka Technical Application Management\\SD - Cegeka Technical Application Management [PRD.0.6.001][PV1.2][DV1.1].docx']' returned non-zero exit status 1.
[2026-03-17 23:39:30] [TID:15860] START SD - Cegeka Technical Application Management [PRD.0.6.001][PV1.2][DV1.1].docx
[2026-03-17 23:39:30] [TID:15860] Extracting HTML...
[2026-03-17 23:39:31] [TID:15860] ERROR SD - Cegeka Technical Application Management [PRD.0.6.001][PV1.2][DV1.1].docx: Command '['C:\\Users\\koengo\\AppData\\Local\\Programs\\Python\\Python312\\python.exe', 'C:\\Users\\koengo\\OneDrive - Cegeka\\Documents\\Reusable Assets\\Products\\scripts\\extract_html.py', 'C:\\Users\\koengo\\Cegeka\\Product Management - Product Management Library\\Business Line - Cloud and Digital Platforms\\[0.6] Cegeka Application & Integration Management\\[PRD.0.6.001] Cegeka Technical Application Management\\SD - Cegeka Technical Application Management [PRD.0.6.001][PV1.2][DV1.1].docx']' returned non-zero exit status 1.
[2026-03-17 23:44:41] [TID:26032] START SD - Cegeka Technical Application Management [PRD.0.6.001][PV1.2][DV1.1].docx
[2026-03-17 23:44:41] [TID:26032] Extracting HTML...
[2026-03-17 23:44:42] [TID:26032] ERROR SD - Cegeka Technical Application Management [PRD.0.6.001][PV1.2][DV1.1].docx: Command '['C:\\Users\\koengo\\AppData\\Local\\Programs\\Python\\Python312\\python.exe', 'C:\\Users\\koengo\\OneDrive - Cegeka\\Documents\\Reusable Assets\\Products\\scripts\\extract_html.py', 'C:\\Users\\koengo\\Cegeka\\Product Management - Product Management Library\\Business Line - Cloud and Digital Platforms\\[0.6] Cegeka Application & Integration Management\\[PRD.0.6.001] Cegeka Technical Application Management\\SD - Cegeka Technical Application Management [PRD.0.6.001][PV1.2][DV1.1].docx']' returned non-zero exit status 1.
[2026-03-17 23:47:09] [TID:3024] START SD - Cegeka Technical Application Management [PRD.0.6.001][PV1.2][DV1.1].docx
[2026-03-17 23:47:09] [TID:3024] Extracting HTML...
[2026-03-17 23:47:10] [TID:3024] ERROR SD - Cegeka Technical Application Management [PRD.0.6.001][PV1.2][DV1.1].docx: Command '['C:\\Users\\koengo\\AppData\\Local\\Programs\\Python\\Python312\\python.exe', 'C:\\Users\\koengo\\OneDrive - Cegeka\\Documents\\Reusable Assets\\Products\\scripts\\extract_html.py', 'C:\\Users\\koengo\\Cegeka\\Product Management - Product Management Library\\Business Line - Cloud and Digital Platforms\\[0.6] Cegeka Application & Integration Management\\[PRD.0.6.001] Cegeka Technical Application Management\\SD - Cegeka Technical Application Management [PRD.0.6.001][PV1.2][DV1.1].docx']' returned non-zero exit status 1.
[2026-03-17 23:54:39] [TID:29564] START SD - Cegeka Technical Application Management [PRD.0.6.001][PV1.2][DV1.1].docx
[2026-03-17 23:54:39] [TID:29564] Extracting HTML...
[2026-03-17 23:54:39] [TID:29564] ERROR SD - Cegeka Technical Application Management [PRD.0.6.001][PV1.2][DV1.1].docx: Command '['C:\\Users\\koengo\\AppData\\Local\\Programs\\Python\\Python312\\python.exe', 'C:\\Users\\koengo\\OneDrive - Cegeka\\Documents\\Reusable Assets\\Products\\scripts\\extract_html.py', 'C:\\Users\\koengo\\Cegeka\\Product Management - Product Management Library\\Business Line - Cloud and Digital Platforms\\[0.6] Cegeka Application & Integration Management\\[PRD.0.6.001] Cegeka Technical Application Management\\SD - Cegeka Technical Application Management [PRD.0.6.001][PV1.2][DV1.1].docx']' returned non-zero exit status 1.
[2026-03-18 00:02:04] [TID:22876] START SD - Cegeka Technical Application Management [PRD.0.6.001][PV1.2][DV1.1].docx
[2026-03-18 00:02:04] [TID:22876] Extracting HTML...
[2026-03-18 00:02:05] [TID:22876] ERROR SD - Cegeka Technical Application Management [PRD.0.6.001][PV1.2][DV1.1].docx: Command '['C:\\Users\\koengo\\AppData\\Local\\Programs\\Python\\Python312\\python.exe', 'C:\\Users\\koengo\\OneDrive - Cegeka\\Documents\\Reusable Assets\\Products\\scripts\\extract_html.py', 'C:\\Users\\koengo\\Cegeka\\Product Management - Product Management Library\\Business Line - Cloud and Digital Platforms\\[0.6] Cegeka Application & Integration Management\\[PRD.0.6.001] Cegeka Technical Application Management\\SD - Cegeka Technical Application Management [PRD.0.6.001][PV1.2][DV1.1].docx']' returned non-zero exit status 1.
[2026-03-18 00:11:16] [TID:5760] START SD - Cegeka Technical Application Management [PRD.0.6.001][PV1.2][DV1.1].docx
[2026-03-18 00:11:16] [TID:5760] Extracting HTML...
[2026-03-18 00:11:17] [TID:5760] ERROR SD - Cegeka Technical Application Management [PRD.0.6.001][PV1.2][DV1.1].docx: Command '['C:\\Users\\koengo\\AppData\\Local\\Programs\\Python\\Python312\\python.exe', 'C:\\Users\\koengo\\OneDrive - Cegeka\\Documents\\Reusable Assets\\Products\\scripts\\extract_html.py', 'C:\\Users\\koengo\\Cegeka\\Product Management - Product Management Library\\Business Line - Cloud and Digital Platforms\\[0.6] Cegeka Application & Integration Management\\[PRD.0.6.001] Cegeka Technical Application Management\\SD - Cegeka Technical Application Management [PRD.0.6.001][PV1.2][DV1.1].docx']' returned non-zero exit status 1.
[2026-03-18 00:24:34] [TID:29648] START SD - Cegeka Technical Application Management [PRD.0.6.001][PV1.2][DV1.1].docx
[2026-03-18 00:24:34] [TID:29648] [DEBUG] Running step: extract_html
[2026-03-18 00:24:34] [TID:29648] [DEBUG] Command: ['C:\\Users\\koengo\\AppData\\Local\\Programs\\Python\\Python312\\python.exe', 'C:\\Users\\koengo\\OneDrive - Cegeka\\Documents\\Reusable Assets\\Products\\scripts\\extract_html.py', 'C:\\Users\\koengo\\Cegeka\\Product Management - Product Management Library\\Business Line - Cloud and Digital Platforms\\[0.6] Cegeka Application & Integration Management\\[PRD.0.6.001] Cegeka Technical Application Management\\SD - Cegeka Technical Application Management [PRD.0.6.001][PV1.2][DV1.1].docx']
[2026-03-18 00:24:35] [TID:29648] [DEBUG][stderr] Traceback (most recent call last):
  File "C:\Users\koengo\OneDrive - Cegeka\Documents\Reusable Assets\Products\scripts\extract_html.py", line 12, in <module>
    with open(sd_file, "rb") as f:
         ^^^^^^^^^^^^^^^^^^^
FileNotFoundError: [Errno 2] No such file or directory: 'C:\\Users\\koengo\\Cegeka\\Product Management - Product Management Library\\Business Line - Cloud and Digital Platforms\\[0.6] Cegeka Application & Integration Management\\[PRD.0.6.001] Cegeka Technical Application Management\\SD - Cegeka Technical Application Management [PRD.0.6.001][PV1.2][DV1.1].docx'

[2026-03-18 00:24:35] [TID:29648] ERROR SD - Cegeka Technical Application Management [PRD.0.6.001][PV1.2][DV1.1].docx: [extract_html] FAILED with exit code 1
[2026-03-18 00:28:35] [TID:12148] START SD - Cegeka Technical Application Management [PRD.0.6.001][PV1.2][DV1.1].docx
[2026-03-18 00:28:35] [TID:12148] [DEBUG] Running step: extract_html
[2026-03-18 00:28:35] [TID:12148] [DEBUG] Command: ['C:\\Users\\koengo\\AppData\\Local\\Programs\\Python\\Python312\\python.exe', 'C:\\Users\\koengo\\OneDrive - Cegeka\\Documents\\Reusable Assets\\Products\\scripts\\extract_html.py', 'C:\\Users\\koengo\\Cegeka\\Product Management - Product Management Library\\Business Line - Cloud and Digital Platforms\\[0.6] Cegeka Application & Integration Management\\[PRD.0.6.001] Cegeka Technical Application Management\\SD - Cegeka Technical Application Management [PRD.0.6.001][PV1.2][DV1.1].docx']
[2026-03-18 00:28:35] [TID:12148] [DEBUG][stderr] Traceback (most recent call last):
  File "C:\Users\koengo\OneDrive - Cegeka\Documents\Reusable Assets\Products\scripts\extract_html.py", line 12, in <module>
    with open(sd_file, "rb") as f:
         ^^^^^^^^^^^^^^^^^^^
FileNotFoundError: [Errno 2] No such file or directory: 'C:\\Users\\koengo\\Cegeka\\Product Management - Product Management Library\\Business Line - Cloud and Digital Platforms\\[0.6] Cegeka Application & Integration Management\\[PRD.0.6.001] Cegeka Technical Application Management\\SD - Cegeka Technical Application Management [PRD.0.6.001][PV1.2][DV1.1].docx'

[2026-03-18 00:28:35] [TID:12148] ERROR SD - Cegeka Technical Application Management [PRD.0.6.001][PV1.2][DV1.1].docx: [extract_html] FAILED with exit code 1
[2026-03-18 00:39:35] [TID:12044] START SD - Cegeka Technical Application Management [PRD.0.6.001][PV1.2][DV1.1].docx
[2026-03-18 00:39:35] [TID:12044] [DEBUG] Running step: extract_html
[2026-03-18 00:39:35] [TID:12044] [DEBUG] Command: ['C:\\Users\\koengo\\AppData\\Local\\Programs\\Python\\Python312\\python.exe', 'C:\\Users\\koengo\\OneDrive - Cegeka\\Documents\\Reusable Assets\\Products\\scripts\\extract_html.py', 'C:\\Users\\koengo\\Cegeka\\Product Management - Product Management Library\\Business Line - Cloud and Digital Platforms\\[0.6] Cegeka Application & Integration Management\\[PRD.0.6.001] Cegeka Technical Application Management\\SD - Cegeka Technical Application Management [PRD.0.6.001][PV1.2][DV1.1].docx']
[2026-03-18 00:39:36] [TID:12044] [DEBUG][stderr] Traceback (most recent call last):
  File "C:\Users\koengo\OneDrive - Cegeka\Documents\Reusable Assets\Products\scripts\extract_html.py", line 12, in <module>
    with open(sd_file, "rb") as f:
         ^^^^^^^^^^^^^^^^^^^
FileNotFoundError: [Errno 2] No such file or directory: 'C:\\Users\\koengo\\Cegeka\\Product Management - Product Management Library\\Business Line - Cloud and Digital Platforms\\[0.6] Cegeka Application & Integration Management\\[PRD.0.6.001] Cegeka Technical Application Management\\SD - Cegeka Technical Application Management [PRD.0.6.001][PV1.2][DV1.1].docx'

[2026-03-18 00:39:36] [TID:12044] ERROR SD - Cegeka Technical Application Management [PRD.0.6.001][PV1.2][DV1.1].docx: [extract_html] FAILED with exit code 1
[2026-03-18 00:51:55] [TID:1204] START SD - Cegeka Technical Application Management [PRD.0.6.001][PV1.2][DV1.1].docx
[2026-03-18 00:51:55] [TID:1204] [DEBUG] Running step: extract_html
[2026-03-18 00:51:55] [TID:1204] [DEBUG] Command: ['C:\\Users\\koengo\\AppData\\Local\\Programs\\Python\\Python312\\python.exe', 'C:\\Users\\koengo\\OneDrive - Cegeka\\Documents\\Reusable Assets\\Products\\scripts\\extract_html.py', 'C:\\Users\\koengo\\Cegeka\\Product Management - Product Management Library\\Business Line - Cloud and Digital Platforms\\[0.6] Cegeka Application & Integration Management\\[PRD.0.6.001] Cegeka Technical Application Management\\SD - Cegeka Technical Application Management [PRD.0.6.001][PV1.2][DV1.1].docx']
[2026-03-18 00:51:55] [TID:1204] [DEBUG][stdout] EXTRACT ERROR: [Errno 2] No such file or directory: 'C:\\Users\\koengo\\Cegeka\\Product Management - Product Management Library\\Business Line - Cloud and Digital Platforms\\[0.6] Cegeka Application & Integration Management\\[PRD.0.6.001] Cegeka Technical Application Management\\SD - Cegeka Technical Application Management [PRD.0.6.001][PV1.2][DV1.1].docx'

[2026-03-18 00:51:55] [TID:1204] ERROR SD - Cegeka Technical Application Management [PRD.0.6.001][PV1.2][DV1.1].docx: [extract_html] FAILED with exit code 1
[2026-03-18 01:01:13] [TID:22128] START SD - Cegeka Technical Application Management [PRD.0.6.001][PV1.2][DV1.1].docx
[2026-03-18 01:01:13] [TID:22128] [DEBUG] Running step: extract_html
[2026-03-18 01:01:13] [TID:22128] [DEBUG] Command: ['C:\\Users\\koengo\\AppData\\Local\\Programs\\Python\\Python312\\python.exe', 'C:\\Users\\koengo\\OneDrive - Cegeka\\Documents\\Reusable Assets\\Products\\scripts\\extract_html.py', 'C:\\Users\\koengo\\Cegeka\\Product Management - Product Management Library\\Business Line - Cloud and Digital Platforms\\[0.6] Cegeka Application & Integration Management\\[PRD.0.6.001] Cegeka Technical Application Management\\SD - Cegeka Technical Application Management [PRD.0.6.001][PV1.2][DV1.1].docx']
[2026-03-18 01:01:13] [TID:22128] [DEBUG][stdout] EXTRACT ERROR: [Errno 2] No such file or directory: 'C:\\Users\\koengo\\Cegeka\\Product Management - Product Management Library\\Business Line - Cloud and Digital Platforms\\[0.6] Cegeka Application & Integration Management\\[PRD.0.6.001] Cegeka Technical Application Management\\SD - Cegeka Technical Application Management [PRD.0.6.001][PV1.2][DV1.1].docx'

[2026-03-18 01:01:13] [TID:22128] ERROR SD - Cegeka Technical Application Management [PRD.0.6.001][PV1.2][DV1.1].docx: [extract_html] FAILED with exit code 1
[2026-03-18 01:16:49] [TID:19856] START SD - Cegeka Technical Application Management [PRD.0.6.001][PV1.2][DV1.1].docx
[2026-03-18 01:16:49] [TID:19856] [DEBUG] Running step: extract_html
[2026-03-18 01:16:49] [TID:19856] [DEBUG] Command: ['C:\\Users\\koengo\\AppData\\Local\\Programs\\Python\\Python312\\python.exe', 'C:\\Users\\koengo\\OneDrive - Cegeka\\Documents\\Reusable Assets\\Products\\scripts\\extract_html.py', 'C:\\Users\\koengo\\Cegeka\\Product Management - Product Management Library\\Business Line - Cloud and Digital Platforms\\[0.6] Cegeka Application & Integration Management\\[PRD.0.6.001] Cegeka Technical Application Management\\SD - Cegeka Technical Application Management [PRD.0.6.001][PV1.2][DV1.1].docx']
[2026-03-18 01:16:49] [TID:19856] [DEBUG][stdout] EXTRACT ERROR: [Errno 2] No such file or directory: 'C:\\Users\\koengo\\Cegeka\\Product Management - Product Management Library\\Business Line - Cloud and Digital Platforms\\[0.6] Cegeka Application & Integration Management\\[PRD.0.6.001] Cegeka Technical Application Management\\SD - Cegeka Technical Application Management [PRD.0.6.001][PV1.2][DV1.1].docx'

[2026-03-18 01:16:49] [TID:19856] ERROR SD - Cegeka Technical Application Management [PRD.0.6.001][PV1.2][DV1.1].docx: [extract_html] FAILED with exit code 1
[2026-03-18 01:30:47] [TID:25364] START SD - Cegeka Technical Application Management [PRD.0.6.001][PV1.2][DV1.1].docx
[2026-03-18 01:30:47] [TID:25364] [DEBUG] Running step: extract_html
[2026-03-18 01:30:47] [TID:25364] [DEBUG] Command: ['C:\\Users\\koengo\\AppData\\Local\\Programs\\Python\\Python312\\python.exe', 'C:\\Users\\koengo\\OneDrive - Cegeka\\Documents\\Reusable Assets\\Products\\scripts\\extract_html.py', 'C:\\Users\\koengo\\Cegeka\\Product Management - Product Management Library\\Business Line - Cloud and Digital Platforms\\[0.6] Cegeka Application & Integration Management\\[PRD.0.6.001] Cegeka Technical Application Management\\SD - Cegeka Technical Application Management [PRD.0.6.001][PV1.2][DV1.1].docx']
[2026-03-18 01:30:48] [TID:25364] [DEBUG][stderr]   File "C:\Users\koengo\OneDrive - Cegeka\Documents\Reusable Assets\Products\scripts\extract_html.py", line 31
    ``
    ^
SyntaxError: invalid syntax

[2026-03-18 01:30:48] [TID:25364] ERROR SD - Cegeka Technical Application Management [PRD.0.6.001][PV1.2][DV1.1].docx: [extract_html] FAILED with exit code 1
[2026-03-18 01:33:08] [TID:16984] START SD - Cegeka Technical Application Management [PRD.0.6.001][PV1.2][DV1.1].docx
[2026-03-18 01:33:08] [TID:16984] [DEBUG] Running step: extract_html
[2026-03-18 01:33:08] [TID:16984] [DEBUG] Command: ['C:\\Users\\koengo\\AppData\\Local\\Programs\\Python\\Python312\\python.exe', 'C:\\Users\\koengo\\OneDrive - Cegeka\\Documents\\Reusable Assets\\Products\\scripts\\extract_html.py', 'C:\\Users\\koengo\\Cegeka\\Product Management - Product Management Library\\Business Line - Cloud and Digital Platforms\\[0.6] Cegeka Application & Integration Management\\[PRD.0.6.001] Cegeka Technical Application Management\\SD - Cegeka Technical Application Management [PRD.0.6.001][PV1.2][DV1.1].docx']
[2026-03-18 01:33:08] [TID:16984] [DEBUG][stdout] EXTRACT ERROR: [Errno 2] No such file or directory: 'C:\\Users\\koengo\\Cegeka\\Product Management - Product Management Library\\Business Line - Cloud and Digital Platforms\\[0.6] Cegeka Application & Integration Management\\[PRD.0.6.001] Cegeka Technical Application Management\\SD - Cegeka Technical Application Management [PRD.0.6.001][PV1.2][DV1.1].docx'

[2026-03-18 01:33:08] [TID:16984] ERROR SD - Cegeka Technical Application Management [PRD.0.6.001][PV1.2][DV1.1].docx: [extract_html] FAILED with exit code 1
[2026-03-18 01:40:18] [TID:28640] START SD - Cegeka Technical Application Management [PRD.0.6.001][PV1.2][DV1.1].docx
[2026-03-18 01:40:18] [TID:28640] [DEBUG] Running step: extract_html
[2026-03-18 01:40:18] [TID:28640] [DEBUG] Command: ['C:\\Users\\koengo\\AppData\\Local\\Programs\\Python\\Python312\\python.exe', 'C:\\Users\\koengo\\OneDrive - Cegeka\\Documents\\Reusable Assets\\Products\\scripts\\extract_html.py', 'C:\\Users\\koengo\\Cegeka\\Product Management - Product Management Library\\Business Line - Cloud and Digital Platforms\\[0.6] Cegeka Application & Integration Management\\[PRD.0.6.001] Cegeka Technical Application Management\\SD - Cegeka Technical Application Management [PRD.0.6.001][PV1.2][DV1.1].docx']
[2026-03-18 01:40:19] [TID:28640] [DEBUG][stdout] EXTRACT ERROR: [Errno 2] No such file or directory: 'C:\\Users\\koengo\\Cegeka\\Product Management - Product Management Library\\Business Line - Cloud and Digital Platforms\\[0.6] Cegeka Application & Integration Management\\[PRD.0.6.001] Cegeka Technical Application Management\\SD - Cegeka Technical Application Management [PRD.0.6.001][PV1.2][DV1.1].docx'

[2026-03-18 01:40:19] [TID:28640] ERROR SD - Cegeka Technical Application Management [PRD.0.6.001][PV1.2][DV1.1].docx: [extract_html] FAILED with exit code 1
