[2026-03-18 14:27:52] START extract_html for: C:\Users\koengo\Cegeka\Product Management - Product Management Library\Business Line - Cloud and Digital Platforms\[0.L] Outsourcing Services\SD - Technical Database management Oracle [PRD.0.L.130][PV0.8][DV1.1].docx
[2026-03-18 14:27:52] HTML saved: extracted_html\SD - Technical Database management Oracle [PRD.0.L.130][PV0.8][DV1.1].html
[2026-03-18 14:27:52] extract_html OK
[2026-03-18 14:27:53] START parse_html for: extracted_html\SD - Technical Database management Oracle [PRD.0.L.130][PV0.8][DV1.1].html
[2026-03-18 14:27:53] PARSE OK → output\json\SD - Technical Database management Oracle [PRD.0.L.130][PV0.8][DV1.1].json
[2026-03-18 14:43:11] START PIPELINE for C:\Users\koengo\Cegeka\Product Management - Product Management Library\Business Line - Cloud and Digital Platforms\[0.L] Outsourcing Services\SD - Technical Database management Oracle [PRD.0.L.130][PV0.8][DV1.1].docx
[2026-03-18 14:43:11] RUN extract_html.py -> C:\Users\koengo\Cegeka\Product Management - Product Management Library\Business Line - Cloud and Digital Platforms\[0.L] Outsourcing Services\SD - Technical Database management Oracle [PRD.0.L.130][PV0.8][DV1.1].docx
[2026-03-18 14:43:12] START extract_html for: C:\Users\koengo\Cegeka\Product Management - Product Management Library\Business Line - Cloud and Digital Platforms\[0.L] Outsourcing Services\SD - Technical Database management Oracle [PRD.0.L.130][PV0.8][DV1.1].docx
[2026-03-18 14:43:12] HTML saved: extracted_html\SD - Technical Database management Oracle [PRD.0.L.130][PV0.8][DV1.1].html
[2026-03-18 14:43:12] extract_html OK
[2026-03-18 14:43:12] RUN parse_html_sections.py -> C:\Users\koengo\OneDrive - Cegeka\Documents\Reusable Assets\Products\extracted_html\SD - Technical Database management Oracle [PRD.0.L.130][PV0.8][DV1.1].html
[2026-03-18 14:43:13] START parse_html for: C:\Users\koengo\OneDrive - Cegeka\Documents\Reusable Assets\Products\extracted_html\SD - Technical Database management Oracle [PRD.0.L.130][PV0.8][DV1.1].html
[2026-03-18 14:43:13] PARSE OK → output\json\SD - Technical Database management Oracle [PRD.0.L.130][PV0.8][DV1.1].json
[2026-03-18 14:43:13] RUN auto_map_sections.py -> C:\Users\koengo\OneDrive - Cegeka\Documents\Reusable Assets\Products\output\json\SD - Technical Database management Oracle [PRD.0.L.130][PV0.8][DV1.1].json
[2026-03-18 14:43:13] START auto_map for: C:\Users\koengo\OneDrive - Cegeka\Documents\Reusable Assets\Products\output\json\SD - Technical Database management Oracle [PRD.0.L.130][PV0.8][DV1.1].json
[2026-03-18 14:43:13] auto_map OK → output\mapped\SD - Technical Database management Oracle [PRD.0.L.130][PV0.8][DV1.1]_mapped.json
[2026-03-18 14:43:13] JSON->XML OK -> C:\Users\koengo\OneDrive - Cegeka\Documents\Reusable Assets\Products\output\xml\SD - Technical Database management Oracle [PRD.0.L.130][PV0.8][DV1.1]_mapped.xml
[2026-03-18 14:43:13] RUN xml_to_docx.py -> C:\Users\koengo\OneDrive - Cegeka\Documents\Reusable Assets\Products\output\xml\SD - Technical Database management Oracle [PRD.0.L.130][PV0.8][DV1.1]_mapped.xml
[2026-03-18 14:43:14] PIPELINE OK
[2026-03-18 14:48:44] START PIPELINE for C:\Users\koengo\Cegeka\Product Management - Product Management Library\Business Line - Cloud and Digital Platforms\[0.L] Outsourcing Services\SD - Technical Database management Oracle [PRD.0.L.130][PV0.8][DV1.1].docx
[2026-03-18 14:48:44] RUN extract_html.py -> C:\Users\koengo\Cegeka\Product Management - Product Management Library\Business Line - Cloud and Digital Platforms\[0.L] Outsourcing Services\SD - Technical Database management Oracle [PRD.0.L.130][PV0.8][DV1.1].docx
[2026-03-18 14:48:44] START extract_html for: C:\Users\koengo\Cegeka\Product Management - Product Management Library\Business Line - Cloud and Digital Platforms\[0.L] Outsourcing Services\SD - Technical Database management Oracle [PRD.0.L.130][PV0.8][DV1.1].docx
[2026-03-18 14:48:45] HTML saved: extracted_html\SD - Technical Database management Oracle [PRD.0.L.130][PV0.8][DV1.1].html
[2026-03-18 14:48:45] extract_html OK
[2026-03-18 14:48:45] RUN parse_html_sections.py -> C:\Users\koengo\OneDrive - Cegeka\Documents\Reusable Assets\Products\extracted_html\SD - Technical Database management Oracle [PRD.0.L.130][PV0.8][DV1.1].html
[2026-03-18 14:48:45] START parse_html for: C:\Users\koengo\OneDrive - Cegeka\Documents\Reusable Assets\Products\extracted_html\SD - Technical Database management Oracle [PRD.0.L.130][PV0.8][DV1.1].html
[2026-03-18 14:48:45] PARSE OK → output\json\SD - Technical Database management Oracle [PRD.0.L.130][PV0.8][DV1.1].json
[2026-03-18 14:48:45] RUN auto_map_sections.py -> C:\Users\koengo\OneDrive - Cegeka\Documents\Reusable Assets\Products\output\json\SD - Technical Database management Oracle [PRD.0.L.130][PV0.8][DV1.1].json
[2026-03-18 14:48:45] START auto_map for: C:\Users\koengo\OneDrive - Cegeka\Documents\Reusable Assets\Products\output\json\SD - Technical Database management Oracle [PRD.0.L.130][PV0.8][DV1.1].json
[2026-03-18 14:48:45] auto_map OK → output\mapped\SD - Technical Database management Oracle [PRD.0.L.130][PV0.8][DV1.1]_mapped.json
[2026-03-18 14:48:46] JSON->XML OK -> C:\Users\koengo\OneDrive - Cegeka\Documents\Reusable Assets\Products\output\xml\SD - Technical Database management Oracle [PRD.0.L.130][PV0.8][DV1.1]_mapped.xml
[2026-03-18 14:48:46] RUN xml_to_docx.py -> C:\Users\koengo\OneDrive - Cegeka\Documents\Reusable Assets\Products\output\xml\SD - Technical Database management Oracle [PRD.0.L.130][PV0.8][DV1.1]_mapped.xml
[2026-03-18 14:48:46] PIPELINE OK
[2026-03-18 15:02:32] START PIPELINE for C:\Users\koengo\Cegeka\Product Management - Product Management Library\Business Line - Cloud and Digital Platforms\[0.L] Outsourcing Services\SD - Technical Database management Oracle [PRD.0.L.130][PV0.8][DV1.1].docx
[2026-03-18 15:02:32] RUN extract_html.py -> C:\Users\koengo\Cegeka\Product Management - Product Management Library\Business Line - Cloud and Digital Platforms\[0.L] Outsourcing Services\SD - Technical Database management Oracle [PRD.0.L.130][PV0.8][DV1.1].docx
[2026-03-18 15:02:32] START extract_html for: C:\Users\koengo\Cegeka\Product Management - Product Management Library\Business Line - Cloud and Digital Platforms\[0.L] Outsourcing Services\SD - Technical Database management Oracle [PRD.0.L.130][PV0.8][DV1.1].docx
[2026-03-18 15:02:33] HTML saved: extracted_html\SD - Technical Database management Oracle [PRD.0.L.130][PV0.8][DV1.1].html
[2026-03-18 15:02:33] extract_html OK
[2026-03-18 15:02:33] RUN parse_html_sections.py -> C:\Users\koengo\OneDrive - Cegeka\Documents\Reusable Assets\Products\extracted_html\SD - Technical Database management Oracle [PRD.0.L.130][PV0.8][DV1.1].html
[2026-03-18 15:02:33] START parse_html for: C:\Users\koengo\OneDrive - Cegeka\Documents\Reusable Assets\Products\extracted_html\SD - Technical Database management Oracle [PRD.0.L.130][PV0.8][DV1.1].html
[2026-03-18 15:02:33] PARSE OK → output\json\SD - Technical Database management Oracle [PRD.0.L.130][PV0.8][DV1.1].json
[2026-03-18 15:02:33] RUN auto_map_sections.py -> C:\Users\koengo\OneDrive - Cegeka\Documents\Reusable Assets\Products\output\json\SD - Technical Database management Oracle [PRD.0.L.130][PV0.8][DV1.1].json
[2026-03-18 15:02:33] START auto_map for: C:\Users\koengo\OneDrive - Cegeka\Documents\Reusable Assets\Products\output\json\SD - Technical Database management Oracle [PRD.0.L.130][PV0.8][DV1.1].json
[2026-03-18 15:02:33] auto_map OK → output\mapped\SD - Technical Database management Oracle [PRD.0.L.130][PV0.8][DV1.1]_mapped.json
[2026-03-18 15:02:33] JSON->XML OK -> C:\Users\koengo\OneDrive - Cegeka\Documents\Reusable Assets\Products\output\xml\SD - Technical Database management Oracle [PRD.0.L.130][PV0.8][DV1.1]_mapped.xml
[2026-03-18 15:02:34] RUN xml_to_docx.py -> C:\Users\koengo\OneDrive - Cegeka\Documents\Reusable Assets\Products\output\xml\SD - Technical Database management Oracle [PRD.0.L.130][PV0.8][DV1.1]_mapped.xml
[2026-03-18 15:02:34] PIPELINE OK
