[2026-03-18 14:42:27] START xml_to_docx_v3_fixed for: C:\Users\koengo\OneDrive - Cegeka\Documents\Reusable Assets\Products\output\xml\SD - Cegeka Cloud Shared Backup Services [PRD.0.L.133][PV0.8][DV1.3]_mapped.xml
[2026-03-18 14:42:27] Filled SDT 'KEY_FEATURES' with XML section 'Services'
[2026-03-18 14:42:27] Filled SDT 'SCOPE' with XML section 'Out of scope'
[2026-03-18 14:42:27] Filled SDT 'PRODUCT_SUMMARY' with XML section 'Service Windows'
[2026-03-18 14:42:27] Filled SDT 'SLA_KPI' with XML section 'Service Levels'
[2026-03-18 14:42:27] Filled SDT 'SLA_KPI' with XML section 'Service Billing'
[2026-03-18 14:42:27] Filled SDT 'PRODUCT_SUMMARY' with XML section 'Service Request Billing'
[2026-03-18 14:42:28] TOTAL SDT FIELDS FILLED: 6
[2026-03-18 14:42:28] XML→DOCX OK → output\docx\SD - Cegeka Cloud Shared Backup Services [PRD.0.L.133][PV0.8][DV1.3]_mapped_FINAL.docx
[2026-03-18 14:48:11] START xml_to_docx_v3_fixed for: C:\Users\koengo\OneDrive - Cegeka\Documents\Reusable Assets\Products\output\xml\SD - Cegeka Cloud Shared Backup Services [PRD.0.L.133][PV0.8][DV1.3]_mapped.xml
[2026-03-18 14:48:12] Filled SDT 'KEY_FEATURES' with XML section 'Services'
[2026-03-18 14:48:12] Filled SDT 'SCOPE' with XML section 'Out of scope'
[2026-03-18 14:48:12] Filled SDT 'PRODUCT_SUMMARY' with XML section 'Service Windows'
[2026-03-18 14:48:12] Filled SDT 'SLA_KPI' with XML section 'Service Levels'
[2026-03-18 14:48:12] Filled SDT 'SLA_KPI' with XML section 'Service Billing'
[2026-03-18 14:48:12] Filled SDT 'PRODUCT_SUMMARY' with XML section 'Service Request Billing'
[2026-03-18 14:48:12] TOTAL SDT FIELDS FILLED: 6
[2026-03-18 14:48:12] XML→DOCX OK → output\docx\SD - Cegeka Cloud Shared Backup Services [PRD.0.L.133][PV0.8][DV1.3]_mapped_FINAL.docx
[2026-03-18 15:02:01] START xml_to_docx_v3_fixed for: C:\Users\koengo\OneDrive - Cegeka\Documents\Reusable Assets\Products\output\xml\SD - Cegeka Cloud Shared Backup Services [PRD.0.L.133][PV0.8][DV1.3]_mapped.xml
[2026-03-18 15:02:01] Filled SDT 'KEY_FEATURES' with XML section 'Services'
[2026-03-18 15:02:01] Filled SDT 'SCOPE' with XML section 'Out of scope'
[2026-03-18 15:02:01] Filled SDT 'PRODUCT_SUMMARY' with XML section 'Service Windows'
[2026-03-18 15:02:01] Filled SDT 'SLA_KPI' with XML section 'Service Levels'
[2026-03-18 15:02:01] Filled SDT 'SLA_KPI' with XML section 'Service Billing'
[2026-03-18 15:02:01] Filled SDT 'PRODUCT_SUMMARY' with XML section 'Service Request Billing'
[2026-03-18 15:02:02] TOTAL SDT FIELDS FILLED: 6
[2026-03-18 15:02:02] XML→DOCX OK → output\docx\SD - Cegeka Cloud Shared Backup Services [PRD.0.L.133][PV0.8][DV1.3]_mapped_FINAL.docx
