[2026-03-17 23:34:00] [TID:1284] Start processing SD: SD - Cegeka Cloud Compute IaaS Services [PRD.0.L.108][PV0.8][DV1.1].docx
[2026-03-17 23:34:00] [TID:1284] Extracting HTML...
[2026-03-17 23:34:02] [TID:1284] ERROR SD - Cegeka Cloud Compute IaaS Services [PRD.0.L.108][PV0.8][DV1.1].docx: Command '['C:\\Users\\koengo\\AppData\\Local\\Programs\\Python\\Python312\\python.exe', 'C:\\Users\\koengo\\OneDrive - Cegeka\\Documents\\Reusable Assets\\Products\\scripts\\extract_html.py', 'C:\\Users\\koengo\\Cegeka\\Product Management - Product Management Library\\Business Line - Cloud and Digital Platforms\\[0.L] Outsourcing Services\\SD - Cegeka Cloud Compute IaaS Services [PRD.0.L.108][PV0.8][DV1.1].docx']' returned non-zero exit status 1.
[2026-03-17 23:39:21] [TID:19068] START SD - Cegeka Cloud Compute IaaS Services [PRD.0.L.108][PV0.8][DV1.1].docx
[2026-03-17 23:39:22] [TID:19068] Extracting HTML...
[2026-03-17 23:39:23] [TID:19068] ERROR SD - Cegeka Cloud Compute IaaS Services [PRD.0.L.108][PV0.8][DV1.1].docx: Command '['C:\\Users\\koengo\\AppData\\Local\\Programs\\Python\\Python312\\python.exe', 'C:\\Users\\koengo\\OneDrive - Cegeka\\Documents\\Reusable Assets\\Products\\scripts\\extract_html.py', 'C:\\Users\\koengo\\Cegeka\\Product Management - Product Management Library\\Business Line - Cloud and Digital Platforms\\[0.L] Outsourcing Services\\SD - Cegeka Cloud Compute IaaS Services [PRD.0.L.108][PV0.8][DV1.1].docx']' returned non-zero exit status 1.
[2026-03-17 23:44:33] [TID:2816] START SD - Cegeka Cloud Compute IaaS Services [PRD.0.L.108][PV0.8][DV1.1].docx
[2026-03-17 23:44:34] [TID:2816] Extracting HTML...
[2026-03-17 23:44:35] [TID:2816] ERROR SD - Cegeka Cloud Compute IaaS Services [PRD.0.L.108][PV0.8][DV1.1].docx: Command '['C:\\Users\\koengo\\AppData\\Local\\Programs\\Python\\Python312\\python.exe', 'C:\\Users\\koengo\\OneDrive - Cegeka\\Documents\\Reusable Assets\\Products\\scripts\\extract_html.py', 'C:\\Users\\koengo\\Cegeka\\Product Management - Product Management Library\\Business Line - Cloud and Digital Platforms\\[0.L] Outsourcing Services\\SD - Cegeka Cloud Compute IaaS Services [PRD.0.L.108][PV0.8][DV1.1].docx']' returned non-zero exit status 1.
[2026-03-17 23:47:00] [TID:25432] START SD - Cegeka Cloud Compute IaaS Services [PRD.0.L.108][PV0.8][DV1.1].docx
[2026-03-17 23:47:01] [TID:25432] Extracting HTML...
[2026-03-17 23:47:02] [TID:25432] ERROR SD - Cegeka Cloud Compute IaaS Services [PRD.0.L.108][PV0.8][DV1.1].docx: Command '['C:\\Users\\koengo\\AppData\\Local\\Programs\\Python\\Python312\\python.exe', 'C:\\Users\\koengo\\OneDrive - Cegeka\\Documents\\Reusable Assets\\Products\\scripts\\extract_html.py', 'C:\\Users\\koengo\\Cegeka\\Product Management - Product Management Library\\Business Line - Cloud and Digital Platforms\\[0.L] Outsourcing Services\\SD - Cegeka Cloud Compute IaaS Services [PRD.0.L.108][PV0.8][DV1.1].docx']' returned non-zero exit status 1.
[2026-03-17 23:54:30] [TID:20428] START SD - Cegeka Cloud Compute IaaS Services [PRD.0.L.108][PV0.8][DV1.1].docx
[2026-03-17 23:54:31] [TID:20428] Extracting HTML...
[2026-03-17 23:54:32] [TID:20428] ERROR SD - Cegeka Cloud Compute IaaS Services [PRD.0.L.108][PV0.8][DV1.1].docx: Command '['C:\\Users\\koengo\\AppData\\Local\\Programs\\Python\\Python312\\python.exe', 'C:\\Users\\koengo\\OneDrive - Cegeka\\Documents\\Reusable Assets\\Products\\scripts\\extract_html.py', 'C:\\Users\\koengo\\Cegeka\\Product Management - Product Management Library\\Business Line - Cloud and Digital Platforms\\[0.L] Outsourcing Services\\SD - Cegeka Cloud Compute IaaS Services [PRD.0.L.108][PV0.8][DV1.1].docx']' returned non-zero exit status 1.
[2026-03-18 00:01:56] [TID:29204] START SD - Cegeka Cloud Compute IaaS Services [PRD.0.L.108][PV0.8][DV1.1].docx
[2026-03-18 00:01:57] [TID:29204] Extracting HTML...
[2026-03-18 00:01:58] [TID:29204] ERROR SD - Cegeka Cloud Compute IaaS Services [PRD.0.L.108][PV0.8][DV1.1].docx: Command '['C:\\Users\\koengo\\AppData\\Local\\Programs\\Python\\Python312\\python.exe', 'C:\\Users\\koengo\\OneDrive - Cegeka\\Documents\\Reusable Assets\\Products\\scripts\\extract_html.py', 'C:\\Users\\koengo\\Cegeka\\Product Management - Product Management Library\\Business Line - Cloud and Digital Platforms\\[0.L] Outsourcing Services\\SD - Cegeka Cloud Compute IaaS Services [PRD.0.L.108][PV0.8][DV1.1].docx']' returned non-zero exit status 1.
[2026-03-18 00:11:07] [TID:11148] START SD - Cegeka Cloud Compute IaaS Services [PRD.0.L.108][PV0.8][DV1.1].docx
[2026-03-18 00:11:08] [TID:11148] Extracting HTML...
[2026-03-18 00:11:09] [TID:11148] ERROR SD - Cegeka Cloud Compute IaaS Services [PRD.0.L.108][PV0.8][DV1.1].docx: Command '['C:\\Users\\koengo\\AppData\\Local\\Programs\\Python\\Python312\\python.exe', 'C:\\Users\\koengo\\OneDrive - Cegeka\\Documents\\Reusable Assets\\Products\\scripts\\extract_html.py', 'C:\\Users\\koengo\\Cegeka\\Product Management - Product Management Library\\Business Line - Cloud and Digital Platforms\\[0.L] Outsourcing Services\\SD - Cegeka Cloud Compute IaaS Services [PRD.0.L.108][PV0.8][DV1.1].docx']' returned non-zero exit status 1.
[2026-03-18 00:24:21] [TID:14908] START SD - Cegeka Cloud Compute IaaS Services [PRD.0.L.108][PV0.8][DV1.1].docx
[2026-03-18 00:24:21] [TID:14908] [DEBUG] Running step: extract_html
[2026-03-18 00:24:21] [TID:14908] [DEBUG] Command: ['C:\\Users\\koengo\\AppData\\Local\\Programs\\Python\\Python312\\python.exe', 'C:\\Users\\koengo\\OneDrive - Cegeka\\Documents\\Reusable Assets\\Products\\scripts\\extract_html.py', 'C:\\Users\\koengo\\Cegeka\\Product Management - Product Management Library\\Business Line - Cloud and Digital Platforms\\[0.L] Outsourcing Services\\SD - Cegeka Cloud Compute IaaS Services [PRD.0.L.108][PV0.8][DV1.1].docx']
[2026-03-18 00:24:22] [TID:14908] [DEBUG][stderr] Traceback (most recent call last):
  File "C:\Users\koengo\OneDrive - Cegeka\Documents\Reusable Assets\Products\scripts\extract_html.py", line 17, in <module>
    print(f"\u2714 HTML saved \u2192 {out_file}")
  File "C:\Users\koengo\AppData\Local\Programs\Python\Python312\Lib\encodings\cp1252.py", line 19, in encode
    return codecs.charmap_encode(input,self.errors,encoding_table)[0]
           ^^^^^^^^^^^^^^^^^^^^^^^^^^^^^^^^^^^^^^^^^^^^^^^^^^^^^^^
UnicodeEncodeError: 'charmap' codec can't encode character '\u2714' in position 0: character maps to <undefined>

[2026-03-18 00:24:22] [TID:14908] ERROR SD - Cegeka Cloud Compute IaaS Services [PRD.0.L.108][PV0.8][DV1.1].docx: [extract_html] FAILED with exit code 1
[2026-03-18 00:28:23] [TID:29492] START SD - Cegeka Cloud Compute IaaS Services [PRD.0.L.108][PV0.8][DV1.1].docx
[2026-03-18 00:28:23] [TID:29492] [DEBUG] Running step: extract_html
[2026-03-18 00:28:23] [TID:29492] [DEBUG] Command: ['C:\\Users\\koengo\\AppData\\Local\\Programs\\Python\\Python312\\python.exe', 'C:\\Users\\koengo\\OneDrive - Cegeka\\Documents\\Reusable Assets\\Products\\scripts\\extract_html.py', 'C:\\Users\\koengo\\Cegeka\\Product Management - Product Management Library\\Business Line - Cloud and Digital Platforms\\[0.L] Outsourcing Services\\SD - Cegeka Cloud Compute IaaS Services [PRD.0.L.108][PV0.8][DV1.1].docx']
[2026-03-18 00:28:24] [TID:29492] [DEBUG][stderr] Traceback (most recent call last):
  File "C:\Users\koengo\OneDrive - Cegeka\Documents\Reusable Assets\Products\scripts\extract_html.py", line 17, in <module>
    print(f"\u2714 HTML saved \u2192 {out_file}")
  File "C:\Users\koengo\AppData\Local\Programs\Python\Python312\Lib\encodings\cp1252.py", line 19, in encode
    return codecs.charmap_encode(input,self.errors,encoding_table)[0]
           ^^^^^^^^^^^^^^^^^^^^^^^^^^^^^^^^^^^^^^^^^^^^^^^^^^^^^^^
UnicodeEncodeError: 'charmap' codec can't encode character '\u2714' in position 0: character maps to <undefined>

[2026-03-18 00:28:24] [TID:29492] ERROR SD - Cegeka Cloud Compute IaaS Services [PRD.0.L.108][PV0.8][DV1.1].docx: [extract_html] FAILED with exit code 1
[2026-03-18 00:39:23] [TID:22268] START SD - Cegeka Cloud Compute IaaS Services [PRD.0.L.108][PV0.8][DV1.1].docx
[2026-03-18 00:39:23] [TID:22268] [DEBUG] Running step: extract_html
[2026-03-18 00:39:23] [TID:22268] [DEBUG] Command: ['C:\\Users\\koengo\\AppData\\Local\\Programs\\Python\\Python312\\python.exe', 'C:\\Users\\koengo\\OneDrive - Cegeka\\Documents\\Reusable Assets\\Products\\scripts\\extract_html.py', 'C:\\Users\\koengo\\Cegeka\\Product Management - Product Management Library\\Business Line - Cloud and Digital Platforms\\[0.L] Outsourcing Services\\SD - Cegeka Cloud Compute IaaS Services [PRD.0.L.108][PV0.8][DV1.1].docx']
[2026-03-18 00:39:24] [TID:22268] [DEBUG][stderr] Traceback (most recent call last):
  File "C:\Users\koengo\OneDrive - Cegeka\Documents\Reusable Assets\Products\scripts\extract_html.py", line 17, in <module>
    print(f"\u2714 HTML saved \u2192 {out_file}")
  File "C:\Users\koengo\AppData\Local\Programs\Python\Python312\Lib\encodings\cp1252.py", line 19, in encode
    return codecs.charmap_encode(input,self.errors,encoding_table)[0]
           ^^^^^^^^^^^^^^^^^^^^^^^^^^^^^^^^^^^^^^^^^^^^^^^^^^^^^^^
UnicodeEncodeError: 'charmap' codec can't encode character '\u2714' in position 0: character maps to <undefined>

[2026-03-18 00:39:24] [TID:22268] ERROR SD - Cegeka Cloud Compute IaaS Services [PRD.0.L.108][PV0.8][DV1.1].docx: [extract_html] FAILED with exit code 1
[2026-03-18 00:51:43] [TID:26580] START SD - Cegeka Cloud Compute IaaS Services [PRD.0.L.108][PV0.8][DV1.1].docx
[2026-03-18 00:51:43] [TID:26580] [DEBUG] Running step: extract_html
[2026-03-18 00:51:43] [TID:26580] [DEBUG] Command: ['C:\\Users\\koengo\\AppData\\Local\\Programs\\Python\\Python312\\python.exe', 'C:\\Users\\koengo\\OneDrive - Cegeka\\Documents\\Reusable Assets\\Products\\scripts\\extract_html.py', 'C:\\Users\\koengo\\Cegeka\\Product Management - Product Management Library\\Business Line - Cloud and Digital Platforms\\[0.L] Outsourcing Services\\SD - Cegeka Cloud Compute IaaS Services [PRD.0.L.108][PV0.8][DV1.1].docx']
[2026-03-18 00:51:44] [TID:26580] [DEBUG][stdout] ✔ HTML saved for SD - Cegeka Cloud Compute IaaS Services [PRD.0.L.108][PV0.8][DV1.1].docx

[2026-03-18 00:51:44] [TID:26580] [DEBUG] Step 'extract_html' OK
[2026-03-18 00:51:44] [TID:26580] [DEBUG] Running step: parse_html
[2026-03-18 00:51:44] [TID:26580] [DEBUG] Command: ['C:\\Users\\koengo\\AppData\\Local\\Programs\\Python\\Python312\\python.exe', 'C:\\Users\\koengo\\OneDrive - Cegeka\\Documents\\Reusable Assets\\Products\\scripts\\parse_html_sections.py', 'extracted_html\\SD - Cegeka Cloud Compute IaaS Services [PRD.0.L.108][PV0.8][DV1.1].html']
[2026-03-18 00:51:44] [TID:26580] [DEBUG][stdout] ✔ Robust parsed → output\json\SD - Cegeka Cloud Compute IaaS Services [PRD.0.L.108][PV0.8][DV1.1].json

[2026-03-18 00:51:44] [TID:26580] [DEBUG] Step 'parse_html' OK
[2026-03-18 00:51:44] [TID:26580] [DEBUG] Running step: auto_map
[2026-03-18 00:51:44] [TID:26580] [DEBUG] Command: ['C:\\Users\\koengo\\AppData\\Local\\Programs\\Python\\Python312\\python.exe', 'C:\\Users\\koengo\\OneDrive - Cegeka\\Documents\\Reusable Assets\\Products\\scripts\\auto_map_sections.py', 'output\\json\\SD - Cegeka Cloud Compute IaaS Services [PRD.0.L.108][PV0.8][DV1.1].json']
[2026-03-18 00:51:44] [TID:26580] [DEBUG][stderr]   File "C:\Users\koengo\OneDrive - Cegeka\Documents\Reusable Assets\Products\scripts\auto_map_sections.py", line 26
    ``
    ^
SyntaxError: invalid syntax

[2026-03-18 00:51:44] [TID:26580] ERROR SD - Cegeka Cloud Compute IaaS Services [PRD.0.L.108][PV0.8][DV1.1].docx: [auto_map] FAILED with exit code 1
[2026-03-18 01:01:00] [TID:28604] START SD - Cegeka Cloud Compute IaaS Services [PRD.0.L.108][PV0.8][DV1.1].docx
[2026-03-18 01:01:00] [TID:28604] [DEBUG] Running step: extract_html
[2026-03-18 01:01:00] [TID:28604] [DEBUG] Command: ['C:\\Users\\koengo\\AppData\\Local\\Programs\\Python\\Python312\\python.exe', 'C:\\Users\\koengo\\OneDrive - Cegeka\\Documents\\Reusable Assets\\Products\\scripts\\extract_html.py', 'C:\\Users\\koengo\\Cegeka\\Product Management - Product Management Library\\Business Line - Cloud and Digital Platforms\\[0.L] Outsourcing Services\\SD - Cegeka Cloud Compute IaaS Services [PRD.0.L.108][PV0.8][DV1.1].docx']
[2026-03-18 01:01:01] [TID:28604] [DEBUG][stdout] ✔ HTML saved for SD - Cegeka Cloud Compute IaaS Services [PRD.0.L.108][PV0.8][DV1.1].docx

[2026-03-18 01:01:01] [TID:28604] [DEBUG] Step 'extract_html' OK
[2026-03-18 01:01:01] [TID:28604] [DEBUG] Running step: parse_html
[2026-03-18 01:01:01] [TID:28604] [DEBUG] Command: ['C:\\Users\\koengo\\AppData\\Local\\Programs\\Python\\Python312\\python.exe', 'C:\\Users\\koengo\\OneDrive - Cegeka\\Documents\\Reusable Assets\\Products\\scripts\\parse_html_sections.py', 'extracted_html\\SD - Cegeka Cloud Compute IaaS Services [PRD.0.L.108][PV0.8][DV1.1].html']
[2026-03-18 01:01:02] [TID:28604] [DEBUG][stdout] ✔ Robust parsed → output\json\SD - Cegeka Cloud Compute IaaS Services [PRD.0.L.108][PV0.8][DV1.1].json

[2026-03-18 01:01:02] [TID:28604] [DEBUG] Step 'parse_html' OK
[2026-03-18 01:01:02] [TID:28604] [DEBUG] Running step: auto_map
[2026-03-18 01:01:02] [TID:28604] [DEBUG] Command: ['C:\\Users\\koengo\\AppData\\Local\\Programs\\Python\\Python312\\python.exe', 'C:\\Users\\koengo\\OneDrive - Cegeka\\Documents\\Reusable Assets\\Products\\scripts\\auto_map_sections.py', 'output\\json\\SD - Cegeka Cloud Compute IaaS Services [PRD.0.L.108][PV0.8][DV1.1].json']
[2026-03-18 01:01:02] [TID:28604] [DEBUG][stderr]   File "C:\Users\koengo\OneDrive - Cegeka\Documents\Reusable Assets\Products\scripts\auto_map_sections.py", line 26
    ``
    ^
SyntaxError: invalid syntax

[2026-03-18 01:01:02] [TID:28604] ERROR SD - Cegeka Cloud Compute IaaS Services [PRD.0.L.108][PV0.8][DV1.1].docx: [auto_map] FAILED with exit code 1
[2026-03-18 01:16:36] [TID:28776] START SD - Cegeka Cloud Compute IaaS Services [PRD.0.L.108][PV0.8][DV1.1].docx
[2026-03-18 01:16:36] [TID:28776] [DEBUG] Running step: extract_html
[2026-03-18 01:16:36] [TID:28776] [DEBUG] Command: ['C:\\Users\\koengo\\AppData\\Local\\Programs\\Python\\Python312\\python.exe', 'C:\\Users\\koengo\\OneDrive - Cegeka\\Documents\\Reusable Assets\\Products\\scripts\\extract_html.py', 'C:\\Users\\koengo\\Cegeka\\Product Management - Product Management Library\\Business Line - Cloud and Digital Platforms\\[0.L] Outsourcing Services\\SD - Cegeka Cloud Compute IaaS Services [PRD.0.L.108][PV0.8][DV1.1].docx']
[2026-03-18 01:16:37] [TID:28776] [DEBUG][stdout] ✔ HTML saved for SD - Cegeka Cloud Compute IaaS Services [PRD.0.L.108][PV0.8][DV1.1].docx

[2026-03-18 01:16:37] [TID:28776] [DEBUG] Step 'extract_html' OK
[2026-03-18 01:16:37] [TID:28776] [DEBUG] Running step: parse_html
[2026-03-18 01:16:37] [TID:28776] [DEBUG] Command: ['C:\\Users\\koengo\\AppData\\Local\\Programs\\Python\\Python312\\python.exe', 'C:\\Users\\koengo\\OneDrive - Cegeka\\Documents\\Reusable Assets\\Products\\scripts\\parse_html_sections.py', 'extracted_html\\SD - Cegeka Cloud Compute IaaS Services [PRD.0.L.108][PV0.8][DV1.1].html']
[2026-03-18 01:16:38] [TID:28776] [DEBUG][stdout] ✔ Robust parsed → output\json\SD - Cegeka Cloud Compute IaaS Services [PRD.0.L.108][PV0.8][DV1.1].json

[2026-03-18 01:16:38] [TID:28776] [DEBUG] Step 'parse_html' OK
[2026-03-18 01:16:38] [TID:28776] [DEBUG] Running step: auto_map
[2026-03-18 01:16:38] [TID:28776] [DEBUG] Command: ['C:\\Users\\koengo\\AppData\\Local\\Programs\\Python\\Python312\\python.exe', 'C:\\Users\\koengo\\OneDrive - Cegeka\\Documents\\Reusable Assets\\Products\\scripts\\auto_map_sections.py', 'output\\json\\SD - Cegeka Cloud Compute IaaS Services [PRD.0.L.108][PV0.8][DV1.1].json']
[2026-03-18 01:16:38] [TID:28776] [DEBUG][stderr]   File "C:\Users\koengo\OneDrive - Cegeka\Documents\Reusable Assets\Products\scripts\auto_map_sections.py", line 26
    ``
    ^
SyntaxError: invalid syntax

[2026-03-18 01:16:38] [TID:28776] ERROR SD - Cegeka Cloud Compute IaaS Services [PRD.0.L.108][PV0.8][DV1.1].docx: [auto_map] FAILED with exit code 1
[2026-03-18 01:30:47] [TID:24236] START SD - Cegeka Cloud Compute IaaS Services [PRD.0.L.108][PV0.8][DV1.1].docx
[2026-03-18 01:30:47] [TID:24236] [DEBUG] Running step: extract_html
[2026-03-18 01:30:47] [TID:24236] [DEBUG] Command: ['C:\\Users\\koengo\\AppData\\Local\\Programs\\Python\\Python312\\python.exe', 'C:\\Users\\koengo\\OneDrive - Cegeka\\Documents\\Reusable Assets\\Products\\scripts\\extract_html.py', 'C:\\Users\\koengo\\Cegeka\\Product Management - Product Management Library\\Business Line - Cloud and Digital Platforms\\[0.L] Outsourcing Services\\SD - Cegeka Cloud Compute IaaS Services [PRD.0.L.108][PV0.8][DV1.1].docx']
[2026-03-18 01:30:47] [TID:24236] [DEBUG][stderr]   File "C:\Users\koengo\OneDrive - Cegeka\Documents\Reusable Assets\Products\scripts\extract_html.py", line 31
    ``
    ^
SyntaxError: invalid syntax

[2026-03-18 01:30:47] [TID:24236] ERROR SD - Cegeka Cloud Compute IaaS Services [PRD.0.L.108][PV0.8][DV1.1].docx: [extract_html] FAILED with exit code 1
[2026-03-18 01:32:55] [TID:28000] START SD - Cegeka Cloud Compute IaaS Services [PRD.0.L.108][PV0.8][DV1.1].docx
[2026-03-18 01:32:55] [TID:28000] [DEBUG] Running step: extract_html
[2026-03-18 01:32:55] [TID:28000] [DEBUG] Command: ['C:\\Users\\koengo\\AppData\\Local\\Programs\\Python\\Python312\\python.exe', 'C:\\Users\\koengo\\OneDrive - Cegeka\\Documents\\Reusable Assets\\Products\\scripts\\extract_html.py', 'C:\\Users\\koengo\\Cegeka\\Product Management - Product Management Library\\Business Line - Cloud and Digital Platforms\\[0.L] Outsourcing Services\\SD - Cegeka Cloud Compute IaaS Services [PRD.0.L.108][PV0.8][DV1.1].docx']
[2026-03-18 01:32:56] [TID:28000] [DEBUG][stdout] HTML saved: SD - Cegeka Cloud Compute IaaS Services [PRD.0.L.108][PV0.8][DV1.1].html

[2026-03-18 01:32:56] [TID:28000] [DEBUG] Step 'extract_html' OK
[2026-03-18 01:32:56] [TID:28000] [DEBUG] Running step: parse_html
[2026-03-18 01:32:56] [TID:28000] [DEBUG] Command: ['C:\\Users\\koengo\\AppData\\Local\\Programs\\Python\\Python312\\python.exe', 'C:\\Users\\koengo\\OneDrive - Cegeka\\Documents\\Reusable Assets\\Products\\scripts\\parse_html_sections.py', 'extracted_html\\SD - Cegeka Cloud Compute IaaS Services [PRD.0.L.108][PV0.8][DV1.1].html']
[2026-03-18 01:32:57] [TID:28000] [DEBUG][stdout] ✔ Robust parsed → output\json\SD - Cegeka Cloud Compute IaaS Services [PRD.0.L.108][PV0.8][DV1.1].json

[2026-03-18 01:32:57] [TID:28000] [DEBUG] Step 'parse_html' OK
[2026-03-18 01:32:57] [TID:28000] [DEBUG] Running step: auto_map
[2026-03-18 01:32:57] [TID:28000] [DEBUG] Command: ['C:\\Users\\koengo\\AppData\\Local\\Programs\\Python\\Python312\\python.exe', 'C:\\Users\\koengo\\OneDrive - Cegeka\\Documents\\Reusable Assets\\Products\\scripts\\auto_map_sections.py', 'output\\json\\SD - Cegeka Cloud Compute IaaS Services [PRD.0.L.108][PV0.8][DV1.1].json']
[2026-03-18 01:32:57] [TID:28000] [DEBUG][stderr]   File "C:\Users\koengo\OneDrive - Cegeka\Documents\Reusable Assets\Products\scripts\auto_map_sections.py", line 26
    ``
    ^
SyntaxError: invalid syntax

[2026-03-18 01:32:57] [TID:28000] ERROR SD - Cegeka Cloud Compute IaaS Services [PRD.0.L.108][PV0.8][DV1.1].docx: [auto_map] FAILED with exit code 1
[2026-03-18 01:40:06] [TID:5648] START SD - Cegeka Cloud Compute IaaS Services [PRD.0.L.108][PV0.8][DV1.1].docx
[2026-03-18 01:40:06] [TID:5648] [DEBUG] Running step: extract_html
[2026-03-18 01:40:06] [TID:5648] [DEBUG] Command: ['C:\\Users\\koengo\\AppData\\Local\\Programs\\Python\\Python312\\python.exe', 'C:\\Users\\koengo\\OneDrive - Cegeka\\Documents\\Reusable Assets\\Products\\scripts\\extract_html.py', 'C:\\Users\\koengo\\Cegeka\\Product Management - Product Management Library\\Business Line - Cloud and Digital Platforms\\[0.L] Outsourcing Services\\SD - Cegeka Cloud Compute IaaS Services [PRD.0.L.108][PV0.8][DV1.1].docx']
[2026-03-18 01:40:07] [TID:5648] [DEBUG][stdout] HTML saved: SD - Cegeka Cloud Compute IaaS Services [PRD.0.L.108][PV0.8][DV1.1].html

[2026-03-18 01:40:07] [TID:5648] [DEBUG] Step 'extract_html' OK
[2026-03-18 01:40:07] [TID:5648] [DEBUG] Running step: parse_html
[2026-03-18 01:40:07] [TID:5648] [DEBUG] Command: ['C:\\Users\\koengo\\AppData\\Local\\Programs\\Python\\Python312\\python.exe', 'C:\\Users\\koengo\\OneDrive - Cegeka\\Documents\\Reusable Assets\\Products\\scripts\\parse_html_sections.py', 'extracted_html\\SD - Cegeka Cloud Compute IaaS Services [PRD.0.L.108][PV0.8][DV1.1].html']
[2026-03-18 01:40:07] [TID:5648] [DEBUG][stdout] ✔ Robust parsed → output\json\SD - Cegeka Cloud Compute IaaS Services [PRD.0.L.108][PV0.8][DV1.1].json

[2026-03-18 01:40:07] [TID:5648] [DEBUG] Step 'parse_html' OK
[2026-03-18 01:40:07] [TID:5648] [DEBUG] Running step: auto_map
[2026-03-18 01:40:07] [TID:5648] [DEBUG] Command: ['C:\\Users\\koengo\\AppData\\Local\\Programs\\Python\\Python312\\python.exe', 'C:\\Users\\koengo\\OneDrive - Cegeka\\Documents\\Reusable Assets\\Products\\scripts\\auto_map_sections.py', 'output\\json\\SD - Cegeka Cloud Compute IaaS Services [PRD.0.L.108][PV0.8][DV1.1].json']
[2026-03-18 01:40:07] [TID:5648] [DEBUG][stderr]   File "C:\Users\koengo\OneDrive - Cegeka\Documents\Reusable Assets\Products\scripts\auto_map_sections.py", line 26
    ``
    ^
SyntaxError: invalid syntax

[2026-03-18 01:40:07] [TID:5648] ERROR SD - Cegeka Cloud Compute IaaS Services [PRD.0.L.108][PV0.8][DV1.1].docx: [auto_map] FAILED with exit code 1
