[2026-03-18 14:27:48] START extract_html for: C:\Users\koengo\Cegeka\Product Management - Product Management Library\Business Line - Cloud and Digital Platforms\[0.L] Outsourcing Services\SD - Oracle Engineered System Management [PRD.0.L.202][PV0.8][DV1.0].docx
[2026-03-18 14:27:49] HTML saved: extracted_html\SD - Oracle Engineered System Management [PRD.0.L.202][PV0.8][DV1.0].html
[2026-03-18 14:27:49] extract_html OK
[2026-03-18 14:27:49] START parse_html for: extracted_html\SD - Oracle Engineered System Management [PRD.0.L.202][PV0.8][DV1.0].html
[2026-03-18 14:27:49] PARSE OK → output\json\SD - Oracle Engineered System Management [PRD.0.L.202][PV0.8][DV1.0].json
[2026-03-18 14:42:50] START PIPELINE for C:\Users\koengo\Cegeka\Product Management - Product Management Library\Business Line - Cloud and Digital Platforms\[0.L] Outsourcing Services\SD - Oracle Engineered System Management [PRD.0.L.202][PV0.8][DV1.0].docx
[2026-03-18 14:42:50] RUN extract_html.py -> C:\Users\koengo\Cegeka\Product Management - Product Management Library\Business Line - Cloud and Digital Platforms\[0.L] Outsourcing Services\SD - Oracle Engineered System Management [PRD.0.L.202][PV0.8][DV1.0].docx
[2026-03-18 14:42:51] START extract_html for: C:\Users\koengo\Cegeka\Product Management - Product Management Library\Business Line - Cloud and Digital Platforms\[0.L] Outsourcing Services\SD - Oracle Engineered System Management [PRD.0.L.202][PV0.8][DV1.0].docx
[2026-03-18 14:42:51] HTML saved: extracted_html\SD - Oracle Engineered System Management [PRD.0.L.202][PV0.8][DV1.0].html
[2026-03-18 14:42:51] extract_html OK
[2026-03-18 14:42:51] RUN parse_html_sections.py -> C:\Users\koengo\OneDrive - Cegeka\Documents\Reusable Assets\Products\extracted_html\SD - Oracle Engineered System Management [PRD.0.L.202][PV0.8][DV1.0].html
[2026-03-18 14:42:52] START parse_html for: C:\Users\koengo\OneDrive - Cegeka\Documents\Reusable Assets\Products\extracted_html\SD - Oracle Engineered System Management [PRD.0.L.202][PV0.8][DV1.0].html
[2026-03-18 14:42:52] PARSE OK → output\json\SD - Oracle Engineered System Management [PRD.0.L.202][PV0.8][DV1.0].json
[2026-03-18 14:42:52] RUN auto_map_sections.py -> C:\Users\koengo\OneDrive - Cegeka\Documents\Reusable Assets\Products\output\json\SD - Oracle Engineered System Management [PRD.0.L.202][PV0.8][DV1.0].json
[2026-03-18 14:42:52] START auto_map for: C:\Users\koengo\OneDrive - Cegeka\Documents\Reusable Assets\Products\output\json\SD - Oracle Engineered System Management [PRD.0.L.202][PV0.8][DV1.0].json
[2026-03-18 14:42:52] auto_map OK → output\mapped\SD - Oracle Engineered System Management [PRD.0.L.202][PV0.8][DV1.0]_mapped.json
[2026-03-18 14:42:52] JSON->XML OK -> C:\Users\koengo\OneDrive - Cegeka\Documents\Reusable Assets\Products\output\xml\SD - Oracle Engineered System Management [PRD.0.L.202][PV0.8][DV1.0]_mapped.xml
[2026-03-18 14:42:52] RUN xml_to_docx.py -> C:\Users\koengo\OneDrive - Cegeka\Documents\Reusable Assets\Products\output\xml\SD - Oracle Engineered System Management [PRD.0.L.202][PV0.8][DV1.0]_mapped.xml
[2026-03-18 14:42:53] PIPELINE OK
[2026-03-18 14:48:28] START PIPELINE for C:\Users\koengo\Cegeka\Product Management - Product Management Library\Business Line - Cloud and Digital Platforms\[0.L] Outsourcing Services\SD - Oracle Engineered System Management [PRD.0.L.202][PV0.8][DV1.0].docx
[2026-03-18 14:48:28] RUN extract_html.py -> C:\Users\koengo\Cegeka\Product Management - Product Management Library\Business Line - Cloud and Digital Platforms\[0.L] Outsourcing Services\SD - Oracle Engineered System Management [PRD.0.L.202][PV0.8][DV1.0].docx
[2026-03-18 14:48:28] START extract_html for: C:\Users\koengo\Cegeka\Product Management - Product Management Library\Business Line - Cloud and Digital Platforms\[0.L] Outsourcing Services\SD - Oracle Engineered System Management [PRD.0.L.202][PV0.8][DV1.0].docx
[2026-03-18 14:48:29] HTML saved: extracted_html\SD - Oracle Engineered System Management [PRD.0.L.202][PV0.8][DV1.0].html
[2026-03-18 14:48:29] extract_html OK
[2026-03-18 14:48:29] RUN parse_html_sections.py -> C:\Users\koengo\OneDrive - Cegeka\Documents\Reusable Assets\Products\extracted_html\SD - Oracle Engineered System Management [PRD.0.L.202][PV0.8][DV1.0].html
[2026-03-18 14:48:29] START parse_html for: C:\Users\koengo\OneDrive - Cegeka\Documents\Reusable Assets\Products\extracted_html\SD - Oracle Engineered System Management [PRD.0.L.202][PV0.8][DV1.0].html
[2026-03-18 14:48:29] PARSE OK → output\json\SD - Oracle Engineered System Management [PRD.0.L.202][PV0.8][DV1.0].json
[2026-03-18 14:48:29] RUN auto_map_sections.py -> C:\Users\koengo\OneDrive - Cegeka\Documents\Reusable Assets\Products\output\json\SD - Oracle Engineered System Management [PRD.0.L.202][PV0.8][DV1.0].json
[2026-03-18 14:48:29] START auto_map for: C:\Users\koengo\OneDrive - Cegeka\Documents\Reusable Assets\Products\output\json\SD - Oracle Engineered System Management [PRD.0.L.202][PV0.8][DV1.0].json
[2026-03-18 14:48:29] auto_map OK → output\mapped\SD - Oracle Engineered System Management [PRD.0.L.202][PV0.8][DV1.0]_mapped.json
[2026-03-18 14:48:29] JSON->XML OK -> C:\Users\koengo\OneDrive - Cegeka\Documents\Reusable Assets\Products\output\xml\SD - Oracle Engineered System Management [PRD.0.L.202][PV0.8][DV1.0]_mapped.xml
[2026-03-18 14:48:29] RUN xml_to_docx.py -> C:\Users\koengo\OneDrive - Cegeka\Documents\Reusable Assets\Products\output\xml\SD - Oracle Engineered System Management [PRD.0.L.202][PV0.8][DV1.0]_mapped.xml
[2026-03-18 14:48:30] PIPELINE OK
[2026-03-18 15:02:18] START PIPELINE for C:\Users\koengo\Cegeka\Product Management - Product Management Library\Business Line - Cloud and Digital Platforms\[0.L] Outsourcing Services\SD - Oracle Engineered System Management [PRD.0.L.202][PV0.8][DV1.0].docx
[2026-03-18 15:02:18] RUN extract_html.py -> C:\Users\koengo\Cegeka\Product Management - Product Management Library\Business Line - Cloud and Digital Platforms\[0.L] Outsourcing Services\SD - Oracle Engineered System Management [PRD.0.L.202][PV0.8][DV1.0].docx
[2026-03-18 15:02:18] START extract_html for: C:\Users\koengo\Cegeka\Product Management - Product Management Library\Business Line - Cloud and Digital Platforms\[0.L] Outsourcing Services\SD - Oracle Engineered System Management [PRD.0.L.202][PV0.8][DV1.0].docx
[2026-03-18 15:02:18] HTML saved: extracted_html\SD - Oracle Engineered System Management [PRD.0.L.202][PV0.8][DV1.0].html
[2026-03-18 15:02:18] extract_html OK
[2026-03-18 15:02:18] RUN parse_html_sections.py -> C:\Users\koengo\OneDrive - Cegeka\Documents\Reusable Assets\Products\extracted_html\SD - Oracle Engineered System Management [PRD.0.L.202][PV0.8][DV1.0].html
[2026-03-18 15:02:18] START parse_html for: C:\Users\koengo\OneDrive - Cegeka\Documents\Reusable Assets\Products\extracted_html\SD - Oracle Engineered System Management [PRD.0.L.202][PV0.8][DV1.0].html
[2026-03-18 15:02:18] PARSE OK → output\json\SD - Oracle Engineered System Management [PRD.0.L.202][PV0.8][DV1.0].json
[2026-03-18 15:02:18] RUN auto_map_sections.py -> C:\Users\koengo\OneDrive - Cegeka\Documents\Reusable Assets\Products\output\json\SD - Oracle Engineered System Management [PRD.0.L.202][PV0.8][DV1.0].json
[2026-03-18 15:02:19] START auto_map for: C:\Users\koengo\OneDrive - Cegeka\Documents\Reusable Assets\Products\output\json\SD - Oracle Engineered System Management [PRD.0.L.202][PV0.8][DV1.0].json
[2026-03-18 15:02:19] auto_map OK → output\mapped\SD - Oracle Engineered System Management [PRD.0.L.202][PV0.8][DV1.0]_mapped.json
[2026-03-18 15:02:19] JSON->XML OK -> C:\Users\koengo\OneDrive - Cegeka\Documents\Reusable Assets\Products\output\xml\SD - Oracle Engineered System Management [PRD.0.L.202][PV0.8][DV1.0]_mapped.xml
[2026-03-18 15:02:19] RUN xml_to_docx.py -> C:\Users\koengo\OneDrive - Cegeka\Documents\Reusable Assets\Products\output\xml\SD - Oracle Engineered System Management [PRD.0.L.202][PV0.8][DV1.0]_mapped.xml
[2026-03-18 15:02:19] PIPELINE OK
