[2026-03-17 23:34:07] [TID:19352] Start processing SD: SD - Cegeka Azure Advisory Services - Cloud Configuration, Security & Risk Optimization Assessment [PRD.0.2.002][PV1.0][DV1.0].docx
[2026-03-17 23:34:08] [TID:19352] Extracting HTML...
[2026-03-17 23:34:09] [TID:19352] ERROR SD - Cegeka Azure Advisory Services - Cloud Configuration, Security & Risk Optimization Assessment [PRD.0.2.002][PV1.0][DV1.0].docx: Command '['C:\\Users\\koengo\\AppData\\Local\\Programs\\Python\\Python312\\python.exe', 'C:\\Users\\koengo\\OneDrive - Cegeka\\Documents\\Reusable Assets\\Products\\scripts\\extract_html.py', 'C:\\Users\\koengo\\Cegeka\\Product Management - Product Management Library\\Business Line - Cloud and Digital Platforms\\[0.2] Cegeka Azure Services & Solutions\\[PRD.0.2.002] Cegeka Azure Advisory Services\\SD - Cegeka Azure Advisory Services - Cloud Configuration, Security & Risk Optimization Assessment [PRD.0.2.002][PV1.0][DV1.0].docx']' returned non-zero exit status 1.
[2026-03-17 23:39:29] [TID:22428] START SD - Cegeka Azure Advisory Services - Cloud Configuration, Security & Risk Optimization Assessment [PRD.0.2.002][PV1.0][DV1.0].docx
[2026-03-17 23:39:29] [TID:22428] Extracting HTML...
[2026-03-17 23:39:30] [TID:22428] ERROR SD - Cegeka Azure Advisory Services - Cloud Configuration, Security & Risk Optimization Assessment [PRD.0.2.002][PV1.0][DV1.0].docx: Command '['C:\\Users\\koengo\\AppData\\Local\\Programs\\Python\\Python312\\python.exe', 'C:\\Users\\koengo\\OneDrive - Cegeka\\Documents\\Reusable Assets\\Products\\scripts\\extract_html.py', 'C:\\Users\\koengo\\Cegeka\\Product Management - Product Management Library\\Business Line - Cloud and Digital Platforms\\[0.2] Cegeka Azure Services & Solutions\\[PRD.0.2.002] Cegeka Azure Advisory Services\\SD - Cegeka Azure Advisory Services - Cloud Configuration, Security & Risk Optimization Assessment [PRD.0.2.002][PV1.0][DV1.0].docx']' returned non-zero exit status 1.
[2026-03-17 23:44:40] [TID:22212] START SD - Cegeka Azure Advisory Services - Cloud Configuration, Security & Risk Optimization Assessment [PRD.0.2.002][PV1.0][DV1.0].docx
[2026-03-17 23:44:40] [TID:22212] Extracting HTML...
[2026-03-17 23:44:41] [TID:22212] ERROR SD - Cegeka Azure Advisory Services - Cloud Configuration, Security & Risk Optimization Assessment [PRD.0.2.002][PV1.0][DV1.0].docx: Command '['C:\\Users\\koengo\\AppData\\Local\\Programs\\Python\\Python312\\python.exe', 'C:\\Users\\koengo\\OneDrive - Cegeka\\Documents\\Reusable Assets\\Products\\scripts\\extract_html.py', 'C:\\Users\\koengo\\Cegeka\\Product Management - Product Management Library\\Business Line - Cloud and Digital Platforms\\[0.2] Cegeka Azure Services & Solutions\\[PRD.0.2.002] Cegeka Azure Advisory Services\\SD - Cegeka Azure Advisory Services - Cloud Configuration, Security & Risk Optimization Assessment [PRD.0.2.002][PV1.0][DV1.0].docx']' returned non-zero exit status 1.
[2026-03-17 23:47:08] [TID:12148] START SD - Cegeka Azure Advisory Services - Cloud Configuration, Security & Risk Optimization Assessment [PRD.0.2.002][PV1.0][DV1.0].docx
[2026-03-17 23:47:08] [TID:12148] Extracting HTML...
[2026-03-17 23:47:09] [TID:12148] ERROR SD - Cegeka Azure Advisory Services - Cloud Configuration, Security & Risk Optimization Assessment [PRD.0.2.002][PV1.0][DV1.0].docx: Command '['C:\\Users\\koengo\\AppData\\Local\\Programs\\Python\\Python312\\python.exe', 'C:\\Users\\koengo\\OneDrive - Cegeka\\Documents\\Reusable Assets\\Products\\scripts\\extract_html.py', 'C:\\Users\\koengo\\Cegeka\\Product Management - Product Management Library\\Business Line - Cloud and Digital Platforms\\[0.2] Cegeka Azure Services & Solutions\\[PRD.0.2.002] Cegeka Azure Advisory Services\\SD - Cegeka Azure Advisory Services - Cloud Configuration, Security & Risk Optimization Assessment [PRD.0.2.002][PV1.0][DV1.0].docx']' returned non-zero exit status 1.
[2026-03-17 23:54:37] [TID:20428] START SD - Cegeka Azure Advisory Services - Cloud Configuration, Security & Risk Optimization Assessment [PRD.0.2.002][PV1.0][DV1.0].docx
[2026-03-17 23:54:37] [TID:20428] Extracting HTML...
[2026-03-17 23:54:38] [TID:20428] ERROR SD - Cegeka Azure Advisory Services - Cloud Configuration, Security & Risk Optimization Assessment [PRD.0.2.002][PV1.0][DV1.0].docx: Command '['C:\\Users\\koengo\\AppData\\Local\\Programs\\Python\\Python312\\python.exe', 'C:\\Users\\koengo\\OneDrive - Cegeka\\Documents\\Reusable Assets\\Products\\scripts\\extract_html.py', 'C:\\Users\\koengo\\Cegeka\\Product Management - Product Management Library\\Business Line - Cloud and Digital Platforms\\[0.2] Cegeka Azure Services & Solutions\\[PRD.0.2.002] Cegeka Azure Advisory Services\\SD - Cegeka Azure Advisory Services - Cloud Configuration, Security & Risk Optimization Assessment [PRD.0.2.002][PV1.0][DV1.0].docx']' returned non-zero exit status 1.
[2026-03-18 00:02:03] [TID:23568] START SD - Cegeka Azure Advisory Services - Cloud Configuration, Security & Risk Optimization Assessment [PRD.0.2.002][PV1.0][DV1.0].docx
[2026-03-18 00:02:03] [TID:23568] Extracting HTML...
[2026-03-18 00:02:03] [TID:23568] ERROR SD - Cegeka Azure Advisory Services - Cloud Configuration, Security & Risk Optimization Assessment [PRD.0.2.002][PV1.0][DV1.0].docx: Command '['C:\\Users\\koengo\\AppData\\Local\\Programs\\Python\\Python312\\python.exe', 'C:\\Users\\koengo\\OneDrive - Cegeka\\Documents\\Reusable Assets\\Products\\scripts\\extract_html.py', 'C:\\Users\\koengo\\Cegeka\\Product Management - Product Management Library\\Business Line - Cloud and Digital Platforms\\[0.2] Cegeka Azure Services & Solutions\\[PRD.0.2.002] Cegeka Azure Advisory Services\\SD - Cegeka Azure Advisory Services - Cloud Configuration, Security & Risk Optimization Assessment [PRD.0.2.002][PV1.0][DV1.0].docx']' returned non-zero exit status 1.
[2026-03-18 00:11:15] [TID:11148] START SD - Cegeka Azure Advisory Services - Cloud Configuration, Security & Risk Optimization Assessment [PRD.0.2.002][PV1.0][DV1.0].docx
[2026-03-18 00:11:15] [TID:11148] Extracting HTML...
[2026-03-18 00:11:15] [TID:11148] ERROR SD - Cegeka Azure Advisory Services - Cloud Configuration, Security & Risk Optimization Assessment [PRD.0.2.002][PV1.0][DV1.0].docx: Command '['C:\\Users\\koengo\\AppData\\Local\\Programs\\Python\\Python312\\python.exe', 'C:\\Users\\koengo\\OneDrive - Cegeka\\Documents\\Reusable Assets\\Products\\scripts\\extract_html.py', 'C:\\Users\\koengo\\Cegeka\\Product Management - Product Management Library\\Business Line - Cloud and Digital Platforms\\[0.2] Cegeka Azure Services & Solutions\\[PRD.0.2.002] Cegeka Azure Advisory Services\\SD - Cegeka Azure Advisory Services - Cloud Configuration, Security & Risk Optimization Assessment [PRD.0.2.002][PV1.0][DV1.0].docx']' returned non-zero exit status 1.
[2026-03-18 00:24:32] [TID:29648] START SD - Cegeka Azure Advisory Services - Cloud Configuration, Security & Risk Optimization Assessment [PRD.0.2.002][PV1.0][DV1.0].docx
[2026-03-18 00:24:32] [TID:29648] [DEBUG] Running step: extract_html
[2026-03-18 00:24:32] [TID:29648] [DEBUG] Command: ['C:\\Users\\koengo\\AppData\\Local\\Programs\\Python\\Python312\\python.exe', 'C:\\Users\\koengo\\OneDrive - Cegeka\\Documents\\Reusable Assets\\Products\\scripts\\extract_html.py', 'C:\\Users\\koengo\\Cegeka\\Product Management - Product Management Library\\Business Line - Cloud and Digital Platforms\\[0.2] Cegeka Azure Services & Solutions\\[PRD.0.2.002] Cegeka Azure Advisory Services\\SD - Cegeka Azure Advisory Services - Cloud Configuration, Security & Risk Optimization Assessment [PRD.0.2.002][PV1.0][DV1.0].docx']
[2026-03-18 00:24:33] [TID:29648] [DEBUG][stderr] Traceback (most recent call last):
  File "C:\Users\koengo\OneDrive - Cegeka\Documents\Reusable Assets\Products\scripts\extract_html.py", line 12, in <module>
    with open(sd_file, "rb") as f:
         ^^^^^^^^^^^^^^^^^^^
FileNotFoundError: [Errno 2] No such file or directory: 'C:\\Users\\koengo\\Cegeka\\Product Management - Product Management Library\\Business Line - Cloud and Digital Platforms\\[0.2] Cegeka Azure Services & Solutions\\[PRD.0.2.002] Cegeka Azure Advisory Services\\SD - Cegeka Azure Advisory Services - Cloud Configuration, Security & Risk Optimization Assessment [PRD.0.2.002][PV1.0][DV1.0].docx'

[2026-03-18 00:24:33] [TID:29648] ERROR SD - Cegeka Azure Advisory Services - Cloud Configuration, Security & Risk Optimization Assessment [PRD.0.2.002][PV1.0][DV1.0].docx: [extract_html] FAILED with exit code 1
[2026-03-18 00:28:33] [TID:29492] START SD - Cegeka Azure Advisory Services - Cloud Configuration, Security & Risk Optimization Assessment [PRD.0.2.002][PV1.0][DV1.0].docx
[2026-03-18 00:28:33] [TID:29492] [DEBUG] Running step: extract_html
[2026-03-18 00:28:33] [TID:29492] [DEBUG] Command: ['C:\\Users\\koengo\\AppData\\Local\\Programs\\Python\\Python312\\python.exe', 'C:\\Users\\koengo\\OneDrive - Cegeka\\Documents\\Reusable Assets\\Products\\scripts\\extract_html.py', 'C:\\Users\\koengo\\Cegeka\\Product Management - Product Management Library\\Business Line - Cloud and Digital Platforms\\[0.2] Cegeka Azure Services & Solutions\\[PRD.0.2.002] Cegeka Azure Advisory Services\\SD - Cegeka Azure Advisory Services - Cloud Configuration, Security & Risk Optimization Assessment [PRD.0.2.002][PV1.0][DV1.0].docx']
[2026-03-18 00:28:34] [TID:29492] [DEBUG][stderr] Traceback (most recent call last):
  File "C:\Users\koengo\OneDrive - Cegeka\Documents\Reusable Assets\Products\scripts\extract_html.py", line 12, in <module>
    with open(sd_file, "rb") as f:
         ^^^^^^^^^^^^^^^^^^^
FileNotFoundError: [Errno 2] No such file or directory: 'C:\\Users\\koengo\\Cegeka\\Product Management - Product Management Library\\Business Line - Cloud and Digital Platforms\\[0.2] Cegeka Azure Services & Solutions\\[PRD.0.2.002] Cegeka Azure Advisory Services\\SD - Cegeka Azure Advisory Services - Cloud Configuration, Security & Risk Optimization Assessment [PRD.0.2.002][PV1.0][DV1.0].docx'

[2026-03-18 00:28:34] [TID:29492] ERROR SD - Cegeka Azure Advisory Services - Cloud Configuration, Security & Risk Optimization Assessment [PRD.0.2.002][PV1.0][DV1.0].docx: [extract_html] FAILED with exit code 1
[2026-03-18 00:39:33] [TID:3812] START SD - Cegeka Azure Advisory Services - Cloud Configuration, Security & Risk Optimization Assessment [PRD.0.2.002][PV1.0][DV1.0].docx
[2026-03-18 00:39:33] [TID:3812] [DEBUG] Running step: extract_html
[2026-03-18 00:39:33] [TID:3812] [DEBUG] Command: ['C:\\Users\\koengo\\AppData\\Local\\Programs\\Python\\Python312\\python.exe', 'C:\\Users\\koengo\\OneDrive - Cegeka\\Documents\\Reusable Assets\\Products\\scripts\\extract_html.py', 'C:\\Users\\koengo\\Cegeka\\Product Management - Product Management Library\\Business Line - Cloud and Digital Platforms\\[0.2] Cegeka Azure Services & Solutions\\[PRD.0.2.002] Cegeka Azure Advisory Services\\SD - Cegeka Azure Advisory Services - Cloud Configuration, Security & Risk Optimization Assessment [PRD.0.2.002][PV1.0][DV1.0].docx']
[2026-03-18 00:39:34] [TID:3812] [DEBUG][stderr] Traceback (most recent call last):
  File "C:\Users\koengo\OneDrive - Cegeka\Documents\Reusable Assets\Products\scripts\extract_html.py", line 12, in <module>
    with open(sd_file, "rb") as f:
         ^^^^^^^^^^^^^^^^^^^
FileNotFoundError: [Errno 2] No such file or directory: 'C:\\Users\\koengo\\Cegeka\\Product Management - Product Management Library\\Business Line - Cloud and Digital Platforms\\[0.2] Cegeka Azure Services & Solutions\\[PRD.0.2.002] Cegeka Azure Advisory Services\\SD - Cegeka Azure Advisory Services - Cloud Configuration, Security & Risk Optimization Assessment [PRD.0.2.002][PV1.0][DV1.0].docx'

[2026-03-18 00:39:34] [TID:3812] ERROR SD - Cegeka Azure Advisory Services - Cloud Configuration, Security & Risk Optimization Assessment [PRD.0.2.002][PV1.0][DV1.0].docx: [extract_html] FAILED with exit code 1
[2026-03-18 00:51:54] [TID:1204] START SD - Cegeka Azure Advisory Services - Cloud Configuration, Security & Risk Optimization Assessment [PRD.0.2.002][PV1.0][DV1.0].docx
[2026-03-18 00:51:54] [TID:1204] [DEBUG] Running step: extract_html
[2026-03-18 00:51:54] [TID:1204] [DEBUG] Command: ['C:\\Users\\koengo\\AppData\\Local\\Programs\\Python\\Python312\\python.exe', 'C:\\Users\\koengo\\OneDrive - Cegeka\\Documents\\Reusable Assets\\Products\\scripts\\extract_html.py', 'C:\\Users\\koengo\\Cegeka\\Product Management - Product Management Library\\Business Line - Cloud and Digital Platforms\\[0.2] Cegeka Azure Services & Solutions\\[PRD.0.2.002] Cegeka Azure Advisory Services\\SD - Cegeka Azure Advisory Services - Cloud Configuration, Security & Risk Optimization Assessment [PRD.0.2.002][PV1.0][DV1.0].docx']
[2026-03-18 00:51:54] [TID:1204] [DEBUG][stdout] EXTRACT ERROR: [Errno 2] No such file or directory: 'C:\\Users\\koengo\\Cegeka\\Product Management - Product Management Library\\Business Line - Cloud and Digital Platforms\\[0.2] Cegeka Azure Services & Solutions\\[PRD.0.2.002] Cegeka Azure Advisory Services\\SD - Cegeka Azure Advisory Services - Cloud Configuration, Security & Risk Optimization Assessment [PRD.0.2.002][PV1.0][DV1.0].docx'

[2026-03-18 00:51:54] [TID:1204] ERROR SD - Cegeka Azure Advisory Services - Cloud Configuration, Security & Risk Optimization Assessment [PRD.0.2.002][PV1.0][DV1.0].docx: [extract_html] FAILED with exit code 1
[2026-03-18 01:01:12] [TID:22128] START SD - Cegeka Azure Advisory Services - Cloud Configuration, Security & Risk Optimization Assessment [PRD.0.2.002][PV1.0][DV1.0].docx
[2026-03-18 01:01:12] [TID:22128] [DEBUG] Running step: extract_html
[2026-03-18 01:01:12] [TID:22128] [DEBUG] Command: ['C:\\Users\\koengo\\AppData\\Local\\Programs\\Python\\Python312\\python.exe', 'C:\\Users\\koengo\\OneDrive - Cegeka\\Documents\\Reusable Assets\\Products\\scripts\\extract_html.py', 'C:\\Users\\koengo\\Cegeka\\Product Management - Product Management Library\\Business Line - Cloud and Digital Platforms\\[0.2] Cegeka Azure Services & Solutions\\[PRD.0.2.002] Cegeka Azure Advisory Services\\SD - Cegeka Azure Advisory Services - Cloud Configuration, Security & Risk Optimization Assessment [PRD.0.2.002][PV1.0][DV1.0].docx']
[2026-03-18 01:01:12] [TID:22128] [DEBUG][stdout] EXTRACT ERROR: [Errno 2] No such file or directory: 'C:\\Users\\koengo\\Cegeka\\Product Management - Product Management Library\\Business Line - Cloud and Digital Platforms\\[0.2] Cegeka Azure Services & Solutions\\[PRD.0.2.002] Cegeka Azure Advisory Services\\SD - Cegeka Azure Advisory Services - Cloud Configuration, Security & Risk Optimization Assessment [PRD.0.2.002][PV1.0][DV1.0].docx'

[2026-03-18 01:01:12] [TID:22128] ERROR SD - Cegeka Azure Advisory Services - Cloud Configuration, Security & Risk Optimization Assessment [PRD.0.2.002][PV1.0][DV1.0].docx: [extract_html] FAILED with exit code 1
[2026-03-18 01:16:48] [TID:28776] START SD - Cegeka Azure Advisory Services - Cloud Configuration, Security & Risk Optimization Assessment [PRD.0.2.002][PV1.0][DV1.0].docx
[2026-03-18 01:16:48] [TID:28776] [DEBUG] Running step: extract_html
[2026-03-18 01:16:48] [TID:28776] [DEBUG] Command: ['C:\\Users\\koengo\\AppData\\Local\\Programs\\Python\\Python312\\python.exe', 'C:\\Users\\koengo\\OneDrive - Cegeka\\Documents\\Reusable Assets\\Products\\scripts\\extract_html.py', 'C:\\Users\\koengo\\Cegeka\\Product Management - Product Management Library\\Business Line - Cloud and Digital Platforms\\[0.2] Cegeka Azure Services & Solutions\\[PRD.0.2.002] Cegeka Azure Advisory Services\\SD - Cegeka Azure Advisory Services - Cloud Configuration, Security & Risk Optimization Assessment [PRD.0.2.002][PV1.0][DV1.0].docx']
[2026-03-18 01:16:48] [TID:28776] [DEBUG][stdout] EXTRACT ERROR: [Errno 2] No such file or directory: 'C:\\Users\\koengo\\Cegeka\\Product Management - Product Management Library\\Business Line - Cloud and Digital Platforms\\[0.2] Cegeka Azure Services & Solutions\\[PRD.0.2.002] Cegeka Azure Advisory Services\\SD - Cegeka Azure Advisory Services - Cloud Configuration, Security & Risk Optimization Assessment [PRD.0.2.002][PV1.0][DV1.0].docx'

[2026-03-18 01:16:48] [TID:28776] ERROR SD - Cegeka Azure Advisory Services - Cloud Configuration, Security & Risk Optimization Assessment [PRD.0.2.002][PV1.0][DV1.0].docx: [extract_html] FAILED with exit code 1
[2026-03-18 01:30:47] [TID:25364] START SD - Cegeka Azure Advisory Services - Cloud Configuration, Security & Risk Optimization Assessment [PRD.0.2.002][PV1.0][DV1.0].docx
[2026-03-18 01:30:47] [TID:25364] [DEBUG] Running step: extract_html
[2026-03-18 01:30:47] [TID:25364] [DEBUG] Command: ['C:\\Users\\koengo\\AppData\\Local\\Programs\\Python\\Python312\\python.exe', 'C:\\Users\\koengo\\OneDrive - Cegeka\\Documents\\Reusable Assets\\Products\\scripts\\extract_html.py', 'C:\\Users\\koengo\\Cegeka\\Product Management - Product Management Library\\Business Line - Cloud and Digital Platforms\\[0.2] Cegeka Azure Services & Solutions\\[PRD.0.2.002] Cegeka Azure Advisory Services\\SD - Cegeka Azure Advisory Services - Cloud Configuration, Security & Risk Optimization Assessment [PRD.0.2.002][PV1.0][DV1.0].docx']
[2026-03-18 01:30:47] [TID:25364] [DEBUG][stderr]   File "C:\Users\koengo\OneDrive - Cegeka\Documents\Reusable Assets\Products\scripts\extract_html.py", line 31
    ``
    ^
SyntaxError: invalid syntax

[2026-03-18 01:30:47] [TID:25364] ERROR SD - Cegeka Azure Advisory Services - Cloud Configuration, Security & Risk Optimization Assessment [PRD.0.2.002][PV1.0][DV1.0].docx: [extract_html] FAILED with exit code 1
[2026-03-18 01:33:06] [TID:28596] START SD - Cegeka Azure Advisory Services - Cloud Configuration, Security & Risk Optimization Assessment [PRD.0.2.002][PV1.0][DV1.0].docx
[2026-03-18 01:33:06] [TID:28596] [DEBUG] Running step: extract_html
[2026-03-18 01:33:06] [TID:28596] [DEBUG] Command: ['C:\\Users\\koengo\\AppData\\Local\\Programs\\Python\\Python312\\python.exe', 'C:\\Users\\koengo\\OneDrive - Cegeka\\Documents\\Reusable Assets\\Products\\scripts\\extract_html.py', 'C:\\Users\\koengo\\Cegeka\\Product Management - Product Management Library\\Business Line - Cloud and Digital Platforms\\[0.2] Cegeka Azure Services & Solutions\\[PRD.0.2.002] Cegeka Azure Advisory Services\\SD - Cegeka Azure Advisory Services - Cloud Configuration, Security & Risk Optimization Assessment [PRD.0.2.002][PV1.0][DV1.0].docx']
[2026-03-18 01:33:07] [TID:28596] [DEBUG][stdout] EXTRACT ERROR: [Errno 2] No such file or directory: 'C:\\Users\\koengo\\Cegeka\\Product Management - Product Management Library\\Business Line - Cloud and Digital Platforms\\[0.2] Cegeka Azure Services & Solutions\\[PRD.0.2.002] Cegeka Azure Advisory Services\\SD - Cegeka Azure Advisory Services - Cloud Configuration, Security & Risk Optimization Assessment [PRD.0.2.002][PV1.0][DV1.0].docx'

[2026-03-18 01:33:07] [TID:28596] ERROR SD - Cegeka Azure Advisory Services - Cloud Configuration, Security & Risk Optimization Assessment [PRD.0.2.002][PV1.0][DV1.0].docx: [extract_html] FAILED with exit code 1
[2026-03-18 01:40:17] [TID:5648] START SD - Cegeka Azure Advisory Services - Cloud Configuration, Security & Risk Optimization Assessment [PRD.0.2.002][PV1.0][DV1.0].docx
[2026-03-18 01:40:17] [TID:5648] [DEBUG] Running step: extract_html
[2026-03-18 01:40:17] [TID:5648] [DEBUG] Command: ['C:\\Users\\koengo\\AppData\\Local\\Programs\\Python\\Python312\\python.exe', 'C:\\Users\\koengo\\OneDrive - Cegeka\\Documents\\Reusable Assets\\Products\\scripts\\extract_html.py', 'C:\\Users\\koengo\\Cegeka\\Product Management - Product Management Library\\Business Line - Cloud and Digital Platforms\\[0.2] Cegeka Azure Services & Solutions\\[PRD.0.2.002] Cegeka Azure Advisory Services\\SD - Cegeka Azure Advisory Services - Cloud Configuration, Security & Risk Optimization Assessment [PRD.0.2.002][PV1.0][DV1.0].docx']
[2026-03-18 01:40:18] [TID:5648] [DEBUG][stdout] EXTRACT ERROR: [Errno 2] No such file or directory: 'C:\\Users\\koengo\\Cegeka\\Product Management - Product Management Library\\Business Line - Cloud and Digital Platforms\\[0.2] Cegeka Azure Services & Solutions\\[PRD.0.2.002] Cegeka Azure Advisory Services\\SD - Cegeka Azure Advisory Services - Cloud Configuration, Security & Risk Optimization Assessment [PRD.0.2.002][PV1.0][DV1.0].docx'

[2026-03-18 01:40:18] [TID:5648] ERROR SD - Cegeka Azure Advisory Services - Cloud Configuration, Security & Risk Optimization Assessment [PRD.0.2.002][PV1.0][DV1.0].docx: [extract_html] FAILED with exit code 1
