[2026-03-17 23:34:03] [TID:19352] Start processing SD: SD - JBaas for Argenta [PRD.0.L.145][PV0.7][DV1.0].docx
[2026-03-17 23:34:03] [TID:19352] Extracting HTML...
[2026-03-17 23:34:05] [TID:19352] ERROR SD - JBaas for Argenta [PRD.0.L.145][PV0.7][DV1.0].docx: Command '['C:\\Users\\koengo\\AppData\\Local\\Programs\\Python\\Python312\\python.exe', 'C:\\Users\\koengo\\OneDrive - Cegeka\\Documents\\Reusable Assets\\Products\\scripts\\extract_html.py', 'C:\\Users\\koengo\\Cegeka\\Product Management - Product Management Library\\Business Line - Cloud and Digital Platforms\\[0.L] Outsourcing Services\\SD - JBaas for Argenta [PRD.0.L.145][PV0.7][DV1.0].docx']' returned non-zero exit status 1.
[2026-03-17 23:39:24] [TID:7988] START SD - JBaas for Argenta [PRD.0.L.145][PV0.7][DV1.0].docx
[2026-03-17 23:39:24] [TID:7988] Extracting HTML...
[2026-03-17 23:39:26] [TID:7988] ERROR SD - JBaas for Argenta [PRD.0.L.145][PV0.7][DV1.0].docx: Command '['C:\\Users\\koengo\\AppData\\Local\\Programs\\Python\\Python312\\python.exe', 'C:\\Users\\koengo\\OneDrive - Cegeka\\Documents\\Reusable Assets\\Products\\scripts\\extract_html.py', 'C:\\Users\\koengo\\Cegeka\\Product Management - Product Management Library\\Business Line - Cloud and Digital Platforms\\[0.L] Outsourcing Services\\SD - JBaas for Argenta [PRD.0.L.145][PV0.7][DV1.0].docx']' returned non-zero exit status 1.
[2026-03-17 23:44:36] [TID:26032] START SD - JBaas for Argenta [PRD.0.L.145][PV0.7][DV1.0].docx
[2026-03-17 23:44:36] [TID:26032] Extracting HTML...
[2026-03-17 23:44:38] [TID:26032] ERROR SD - JBaas for Argenta [PRD.0.L.145][PV0.7][DV1.0].docx: Command '['C:\\Users\\koengo\\AppData\\Local\\Programs\\Python\\Python312\\python.exe', 'C:\\Users\\koengo\\OneDrive - Cegeka\\Documents\\Reusable Assets\\Products\\scripts\\extract_html.py', 'C:\\Users\\koengo\\Cegeka\\Product Management - Product Management Library\\Business Line - Cloud and Digital Platforms\\[0.L] Outsourcing Services\\SD - JBaas for Argenta [PRD.0.L.145][PV0.7][DV1.0].docx']' returned non-zero exit status 1.
[2026-03-17 23:47:03] [TID:12148] START SD - JBaas for Argenta [PRD.0.L.145][PV0.7][DV1.0].docx
[2026-03-17 23:47:03] [TID:12148] Extracting HTML...
[2026-03-17 23:47:05] [TID:12148] ERROR SD - JBaas for Argenta [PRD.0.L.145][PV0.7][DV1.0].docx: Command '['C:\\Users\\koengo\\AppData\\Local\\Programs\\Python\\Python312\\python.exe', 'C:\\Users\\koengo\\OneDrive - Cegeka\\Documents\\Reusable Assets\\Products\\scripts\\extract_html.py', 'C:\\Users\\koengo\\Cegeka\\Product Management - Product Management Library\\Business Line - Cloud and Digital Platforms\\[0.L] Outsourcing Services\\SD - JBaas for Argenta [PRD.0.L.145][PV0.7][DV1.0].docx']' returned non-zero exit status 1.
[2026-03-17 23:54:33] [TID:29564] START SD - JBaas for Argenta [PRD.0.L.145][PV0.7][DV1.0].docx
[2026-03-17 23:54:34] [TID:29564] Extracting HTML...
[2026-03-17 23:54:35] [TID:29564] ERROR SD - JBaas for Argenta [PRD.0.L.145][PV0.7][DV1.0].docx: Command '['C:\\Users\\koengo\\AppData\\Local\\Programs\\Python\\Python312\\python.exe', 'C:\\Users\\koengo\\OneDrive - Cegeka\\Documents\\Reusable Assets\\Products\\scripts\\extract_html.py', 'C:\\Users\\koengo\\Cegeka\\Product Management - Product Management Library\\Business Line - Cloud and Digital Platforms\\[0.L] Outsourcing Services\\SD - JBaas for Argenta [PRD.0.L.145][PV0.7][DV1.0].docx']' returned non-zero exit status 1.
[2026-03-18 00:01:59] [TID:23568] START SD - JBaas for Argenta [PRD.0.L.145][PV0.7][DV1.0].docx
[2026-03-18 00:01:59] [TID:23568] Extracting HTML...
[2026-03-18 00:02:00] [TID:23568] ERROR SD - JBaas for Argenta [PRD.0.L.145][PV0.7][DV1.0].docx: Command '['C:\\Users\\koengo\\AppData\\Local\\Programs\\Python\\Python312\\python.exe', 'C:\\Users\\koengo\\OneDrive - Cegeka\\Documents\\Reusable Assets\\Products\\scripts\\extract_html.py', 'C:\\Users\\koengo\\Cegeka\\Product Management - Product Management Library\\Business Line - Cloud and Digital Platforms\\[0.L] Outsourcing Services\\SD - JBaas for Argenta [PRD.0.L.145][PV0.7][DV1.0].docx']' returned non-zero exit status 1.
[2026-03-18 00:11:11] [TID:15816] START SD - JBaas for Argenta [PRD.0.L.145][PV0.7][DV1.0].docx
[2026-03-18 00:11:11] [TID:15816] Extracting HTML...
[2026-03-18 00:11:12] [TID:15816] ERROR SD - JBaas for Argenta [PRD.0.L.145][PV0.7][DV1.0].docx: Command '['C:\\Users\\koengo\\AppData\\Local\\Programs\\Python\\Python312\\python.exe', 'C:\\Users\\koengo\\OneDrive - Cegeka\\Documents\\Reusable Assets\\Products\\scripts\\extract_html.py', 'C:\\Users\\koengo\\Cegeka\\Product Management - Product Management Library\\Business Line - Cloud and Digital Platforms\\[0.L] Outsourcing Services\\SD - JBaas for Argenta [PRD.0.L.145][PV0.7][DV1.0].docx']' returned non-zero exit status 1.
[2026-03-18 00:24:24] [TID:4384] START SD - JBaas for Argenta [PRD.0.L.145][PV0.7][DV1.0].docx
[2026-03-18 00:24:25] [TID:4384] [DEBUG] Running step: extract_html
[2026-03-18 00:24:25] [TID:4384] [DEBUG] Command: ['C:\\Users\\koengo\\AppData\\Local\\Programs\\Python\\Python312\\python.exe', 'C:\\Users\\koengo\\OneDrive - Cegeka\\Documents\\Reusable Assets\\Products\\scripts\\extract_html.py', 'C:\\Users\\koengo\\Cegeka\\Product Management - Product Management Library\\Business Line - Cloud and Digital Platforms\\[0.L] Outsourcing Services\\SD - JBaas for Argenta [PRD.0.L.145][PV0.7][DV1.0].docx']
[2026-03-18 00:24:26] [TID:4384] [DEBUG][stderr] Traceback (most recent call last):
  File "C:\Users\koengo\OneDrive - Cegeka\Documents\Reusable Assets\Products\scripts\extract_html.py", line 17, in <module>
    print(f"\u2714 HTML saved \u2192 {out_file}")
  File "C:\Users\koengo\AppData\Local\Programs\Python\Python312\Lib\encodings\cp1252.py", line 19, in encode
    return codecs.charmap_encode(input,self.errors,encoding_table)[0]
           ^^^^^^^^^^^^^^^^^^^^^^^^^^^^^^^^^^^^^^^^^^^^^^^^^^^^^^^
UnicodeEncodeError: 'charmap' codec can't encode character '\u2714' in position 0: character maps to <undefined>

[2026-03-18 00:24:26] [TID:4384] ERROR SD - JBaas for Argenta [PRD.0.L.145][PV0.7][DV1.0].docx: [extract_html] FAILED with exit code 1
[2026-03-18 00:28:26] [TID:18548] START SD - JBaas for Argenta [PRD.0.L.145][PV0.7][DV1.0].docx
[2026-03-18 00:28:26] [TID:18548] [DEBUG] Running step: extract_html
[2026-03-18 00:28:26] [TID:18548] [DEBUG] Command: ['C:\\Users\\koengo\\AppData\\Local\\Programs\\Python\\Python312\\python.exe', 'C:\\Users\\koengo\\OneDrive - Cegeka\\Documents\\Reusable Assets\\Products\\scripts\\extract_html.py', 'C:\\Users\\koengo\\Cegeka\\Product Management - Product Management Library\\Business Line - Cloud and Digital Platforms\\[0.L] Outsourcing Services\\SD - JBaas for Argenta [PRD.0.L.145][PV0.7][DV1.0].docx']
[2026-03-18 00:28:27] [TID:18548] [DEBUG][stderr] Traceback (most recent call last):
  File "C:\Users\koengo\OneDrive - Cegeka\Documents\Reusable Assets\Products\scripts\extract_html.py", line 17, in <module>
    print(f"\u2714 HTML saved \u2192 {out_file}")
  File "C:\Users\koengo\AppData\Local\Programs\Python\Python312\Lib\encodings\cp1252.py", line 19, in encode
    return codecs.charmap_encode(input,self.errors,encoding_table)[0]
           ^^^^^^^^^^^^^^^^^^^^^^^^^^^^^^^^^^^^^^^^^^^^^^^^^^^^^^^
UnicodeEncodeError: 'charmap' codec can't encode character '\u2714' in position 0: character maps to <undefined>

[2026-03-18 00:28:27] [TID:18548] ERROR SD - JBaas for Argenta [PRD.0.L.145][PV0.7][DV1.0].docx: [extract_html] FAILED with exit code 1
[2026-03-18 00:39:26] [TID:3812] START SD - JBaas for Argenta [PRD.0.L.145][PV0.7][DV1.0].docx
[2026-03-18 00:39:26] [TID:3812] [DEBUG] Running step: extract_html
[2026-03-18 00:39:26] [TID:3812] [DEBUG] Command: ['C:\\Users\\koengo\\AppData\\Local\\Programs\\Python\\Python312\\python.exe', 'C:\\Users\\koengo\\OneDrive - Cegeka\\Documents\\Reusable Assets\\Products\\scripts\\extract_html.py', 'C:\\Users\\koengo\\Cegeka\\Product Management - Product Management Library\\Business Line - Cloud and Digital Platforms\\[0.L] Outsourcing Services\\SD - JBaas for Argenta [PRD.0.L.145][PV0.7][DV1.0].docx']
[2026-03-18 00:39:27] [TID:3812] [DEBUG][stderr] Traceback (most recent call last):
  File "C:\Users\koengo\OneDrive - Cegeka\Documents\Reusable Assets\Products\scripts\extract_html.py", line 17, in <module>
    print(f"\u2714 HTML saved \u2192 {out_file}")
  File "C:\Users\koengo\AppData\Local\Programs\Python\Python312\Lib\encodings\cp1252.py", line 19, in encode
    return codecs.charmap_encode(input,self.errors,encoding_table)[0]
           ^^^^^^^^^^^^^^^^^^^^^^^^^^^^^^^^^^^^^^^^^^^^^^^^^^^^^^^
UnicodeEncodeError: 'charmap' codec can't encode character '\u2714' in position 0: character maps to <undefined>

[2026-03-18 00:39:27] [TID:3812] ERROR SD - JBaas for Argenta [PRD.0.L.145][PV0.7][DV1.0].docx: [extract_html] FAILED with exit code 1
[2026-03-18 00:51:46] [TID:5928] START SD - JBaas for Argenta [PRD.0.L.145][PV0.7][DV1.0].docx
[2026-03-18 00:51:46] [TID:5928] [DEBUG] Running step: extract_html
[2026-03-18 00:51:46] [TID:5928] [DEBUG] Command: ['C:\\Users\\koengo\\AppData\\Local\\Programs\\Python\\Python312\\python.exe', 'C:\\Users\\koengo\\OneDrive - Cegeka\\Documents\\Reusable Assets\\Products\\scripts\\extract_html.py', 'C:\\Users\\koengo\\Cegeka\\Product Management - Product Management Library\\Business Line - Cloud and Digital Platforms\\[0.L] Outsourcing Services\\SD - JBaas for Argenta [PRD.0.L.145][PV0.7][DV1.0].docx']
[2026-03-18 00:51:47] [TID:5928] [DEBUG][stdout] ✔ HTML saved for SD - JBaas for Argenta [PRD.0.L.145][PV0.7][DV1.0].docx

[2026-03-18 00:51:47] [TID:5928] [DEBUG] Step 'extract_html' OK
[2026-03-18 00:51:47] [TID:5928] [DEBUG] Running step: parse_html
[2026-03-18 00:51:47] [TID:5928] [DEBUG] Command: ['C:\\Users\\koengo\\AppData\\Local\\Programs\\Python\\Python312\\python.exe', 'C:\\Users\\koengo\\OneDrive - Cegeka\\Documents\\Reusable Assets\\Products\\scripts\\parse_html_sections.py', 'extracted_html\\SD - JBaas for Argenta [PRD.0.L.145][PV0.7][DV1.0].html']
[2026-03-18 00:51:47] [TID:5928] [DEBUG][stdout] ✔ Robust parsed → output\json\SD - JBaas for Argenta [PRD.0.L.145][PV0.7][DV1.0].json

[2026-03-18 00:51:47] [TID:5928] [DEBUG] Step 'parse_html' OK
[2026-03-18 00:51:47] [TID:5928] [DEBUG] Running step: auto_map
[2026-03-18 00:51:47] [TID:5928] [DEBUG] Command: ['C:\\Users\\koengo\\AppData\\Local\\Programs\\Python\\Python312\\python.exe', 'C:\\Users\\koengo\\OneDrive - Cegeka\\Documents\\Reusable Assets\\Products\\scripts\\auto_map_sections.py', 'output\\json\\SD - JBaas for Argenta [PRD.0.L.145][PV0.7][DV1.0].json']
[2026-03-18 00:51:47] [TID:5928] [DEBUG][stderr]   File "C:\Users\koengo\OneDrive - Cegeka\Documents\Reusable Assets\Products\scripts\auto_map_sections.py", line 26
    ``
    ^
SyntaxError: invalid syntax

[2026-03-18 00:51:47] [TID:5928] ERROR SD - JBaas for Argenta [PRD.0.L.145][PV0.7][DV1.0].docx: [auto_map] FAILED with exit code 1
[2026-03-18 01:01:03] [TID:14528] START SD - JBaas for Argenta [PRD.0.L.145][PV0.7][DV1.0].docx
[2026-03-18 01:01:03] [TID:14528] [DEBUG] Running step: extract_html
[2026-03-18 01:01:03] [TID:14528] [DEBUG] Command: ['C:\\Users\\koengo\\AppData\\Local\\Programs\\Python\\Python312\\python.exe', 'C:\\Users\\koengo\\OneDrive - Cegeka\\Documents\\Reusable Assets\\Products\\scripts\\extract_html.py', 'C:\\Users\\koengo\\Cegeka\\Product Management - Product Management Library\\Business Line - Cloud and Digital Platforms\\[0.L] Outsourcing Services\\SD - JBaas for Argenta [PRD.0.L.145][PV0.7][DV1.0].docx']
[2026-03-18 01:01:04] [TID:14528] [DEBUG][stdout] ✔ HTML saved for SD - JBaas for Argenta [PRD.0.L.145][PV0.7][DV1.0].docx

[2026-03-18 01:01:04] [TID:14528] [DEBUG] Step 'extract_html' OK
[2026-03-18 01:01:04] [TID:14528] [DEBUG] Running step: parse_html
[2026-03-18 01:01:04] [TID:14528] [DEBUG] Command: ['C:\\Users\\koengo\\AppData\\Local\\Programs\\Python\\Python312\\python.exe', 'C:\\Users\\koengo\\OneDrive - Cegeka\\Documents\\Reusable Assets\\Products\\scripts\\parse_html_sections.py', 'extracted_html\\SD - JBaas for Argenta [PRD.0.L.145][PV0.7][DV1.0].html']
[2026-03-18 01:01:05] [TID:14528] [DEBUG][stdout] ✔ Robust parsed → output\json\SD - JBaas for Argenta [PRD.0.L.145][PV0.7][DV1.0].json

[2026-03-18 01:01:05] [TID:14528] [DEBUG] Step 'parse_html' OK
[2026-03-18 01:01:05] [TID:14528] [DEBUG] Running step: auto_map
[2026-03-18 01:01:05] [TID:14528] [DEBUG] Command: ['C:\\Users\\koengo\\AppData\\Local\\Programs\\Python\\Python312\\python.exe', 'C:\\Users\\koengo\\OneDrive - Cegeka\\Documents\\Reusable Assets\\Products\\scripts\\auto_map_sections.py', 'output\\json\\SD - JBaas for Argenta [PRD.0.L.145][PV0.7][DV1.0].json']
[2026-03-18 01:01:05] [TID:14528] [DEBUG][stderr]   File "C:\Users\koengo\OneDrive - Cegeka\Documents\Reusable Assets\Products\scripts\auto_map_sections.py", line 26
    ``
    ^
SyntaxError: invalid syntax

[2026-03-18 01:01:05] [TID:14528] ERROR SD - JBaas for Argenta [PRD.0.L.145][PV0.7][DV1.0].docx: [auto_map] FAILED with exit code 1
[2026-03-18 01:16:39] [TID:18856] START SD - JBaas for Argenta [PRD.0.L.145][PV0.7][DV1.0].docx
[2026-03-18 01:16:39] [TID:18856] [DEBUG] Running step: extract_html
[2026-03-18 01:16:39] [TID:18856] [DEBUG] Command: ['C:\\Users\\koengo\\AppData\\Local\\Programs\\Python\\Python312\\python.exe', 'C:\\Users\\koengo\\OneDrive - Cegeka\\Documents\\Reusable Assets\\Products\\scripts\\extract_html.py', 'C:\\Users\\koengo\\Cegeka\\Product Management - Product Management Library\\Business Line - Cloud and Digital Platforms\\[0.L] Outsourcing Services\\SD - JBaas for Argenta [PRD.0.L.145][PV0.7][DV1.0].docx']
[2026-03-18 01:16:40] [TID:18856] [DEBUG][stdout] ✔ HTML saved for SD - JBaas for Argenta [PRD.0.L.145][PV0.7][DV1.0].docx

[2026-03-18 01:16:40] [TID:18856] [DEBUG] Step 'extract_html' OK
[2026-03-18 01:16:40] [TID:18856] [DEBUG] Running step: parse_html
[2026-03-18 01:16:40] [TID:18856] [DEBUG] Command: ['C:\\Users\\koengo\\AppData\\Local\\Programs\\Python\\Python312\\python.exe', 'C:\\Users\\koengo\\OneDrive - Cegeka\\Documents\\Reusable Assets\\Products\\scripts\\parse_html_sections.py', 'extracted_html\\SD - JBaas for Argenta [PRD.0.L.145][PV0.7][DV1.0].html']
[2026-03-18 01:16:41] [TID:18856] [DEBUG][stdout] ✔ Robust parsed → output\json\SD - JBaas for Argenta [PRD.0.L.145][PV0.7][DV1.0].json

[2026-03-18 01:16:41] [TID:18856] [DEBUG] Step 'parse_html' OK
[2026-03-18 01:16:41] [TID:18856] [DEBUG] Running step: auto_map
[2026-03-18 01:16:41] [TID:18856] [DEBUG] Command: ['C:\\Users\\koengo\\AppData\\Local\\Programs\\Python\\Python312\\python.exe', 'C:\\Users\\koengo\\OneDrive - Cegeka\\Documents\\Reusable Assets\\Products\\scripts\\auto_map_sections.py', 'output\\json\\SD - JBaas for Argenta [PRD.0.L.145][PV0.7][DV1.0].json']
[2026-03-18 01:16:41] [TID:18856] [DEBUG][stderr]   File "C:\Users\koengo\OneDrive - Cegeka\Documents\Reusable Assets\Products\scripts\auto_map_sections.py", line 26
    ``
    ^
SyntaxError: invalid syntax

[2026-03-18 01:16:41] [TID:18856] ERROR SD - JBaas for Argenta [PRD.0.L.145][PV0.7][DV1.0].docx: [auto_map] FAILED with exit code 1
[2026-03-18 01:30:47] [TID:2584] START SD - JBaas for Argenta [PRD.0.L.145][PV0.7][DV1.0].docx
[2026-03-18 01:30:47] [TID:2584] [DEBUG] Running step: extract_html
[2026-03-18 01:30:47] [TID:2584] [DEBUG] Command: ['C:\\Users\\koengo\\AppData\\Local\\Programs\\Python\\Python312\\python.exe', 'C:\\Users\\koengo\\OneDrive - Cegeka\\Documents\\Reusable Assets\\Products\\scripts\\extract_html.py', 'C:\\Users\\koengo\\Cegeka\\Product Management - Product Management Library\\Business Line - Cloud and Digital Platforms\\[0.L] Outsourcing Services\\SD - JBaas for Argenta [PRD.0.L.145][PV0.7][DV1.0].docx']
[2026-03-18 01:30:47] [TID:2584] [DEBUG][stderr]   File "C:\Users\koengo\OneDrive - Cegeka\Documents\Reusable Assets\Products\scripts\extract_html.py", line 31
    ``
    ^
SyntaxError: invalid syntax

[2026-03-18 01:30:47] [TID:2584] ERROR SD - JBaas for Argenta [PRD.0.L.145][PV0.7][DV1.0].docx: [extract_html] FAILED with exit code 1
[2026-03-18 01:32:58] [TID:16984] START SD - JBaas for Argenta [PRD.0.L.145][PV0.7][DV1.0].docx
[2026-03-18 01:32:58] [TID:16984] [DEBUG] Running step: extract_html
[2026-03-18 01:32:58] [TID:16984] [DEBUG] Command: ['C:\\Users\\koengo\\AppData\\Local\\Programs\\Python\\Python312\\python.exe', 'C:\\Users\\koengo\\OneDrive - Cegeka\\Documents\\Reusable Assets\\Products\\scripts\\extract_html.py', 'C:\\Users\\koengo\\Cegeka\\Product Management - Product Management Library\\Business Line - Cloud and Digital Platforms\\[0.L] Outsourcing Services\\SD - JBaas for Argenta [PRD.0.L.145][PV0.7][DV1.0].docx']
[2026-03-18 01:32:59] [TID:16984] [DEBUG][stdout] HTML saved: SD - JBaas for Argenta [PRD.0.L.145][PV0.7][DV1.0].html

[2026-03-18 01:32:59] [TID:16984] [DEBUG] Step 'extract_html' OK
[2026-03-18 01:32:59] [TID:16984] [DEBUG] Running step: parse_html
[2026-03-18 01:32:59] [TID:16984] [DEBUG] Command: ['C:\\Users\\koengo\\AppData\\Local\\Programs\\Python\\Python312\\python.exe', 'C:\\Users\\koengo\\OneDrive - Cegeka\\Documents\\Reusable Assets\\Products\\scripts\\parse_html_sections.py', 'extracted_html\\SD - JBaas for Argenta [PRD.0.L.145][PV0.7][DV1.0].html']
[2026-03-18 01:33:00] [TID:16984] [DEBUG][stdout] ✔ Robust parsed → output\json\SD - JBaas for Argenta [PRD.0.L.145][PV0.7][DV1.0].json

[2026-03-18 01:33:00] [TID:16984] [DEBUG] Step 'parse_html' OK
[2026-03-18 01:33:00] [TID:16984] [DEBUG] Running step: auto_map
[2026-03-18 01:33:00] [TID:16984] [DEBUG] Command: ['C:\\Users\\koengo\\AppData\\Local\\Programs\\Python\\Python312\\python.exe', 'C:\\Users\\koengo\\OneDrive - Cegeka\\Documents\\Reusable Assets\\Products\\scripts\\auto_map_sections.py', 'output\\json\\SD - JBaas for Argenta [PRD.0.L.145][PV0.7][DV1.0].json']
[2026-03-18 01:33:00] [TID:16984] [DEBUG][stderr]   File "C:\Users\koengo\OneDrive - Cegeka\Documents\Reusable Assets\Products\scripts\auto_map_sections.py", line 26
    ``
    ^
SyntaxError: invalid syntax

[2026-03-18 01:33:00] [TID:16984] ERROR SD - JBaas for Argenta [PRD.0.L.145][PV0.7][DV1.0].docx: [auto_map] FAILED with exit code 1
[2026-03-18 01:40:09] [TID:5648] START SD - JBaas for Argenta [PRD.0.L.145][PV0.7][DV1.0].docx
[2026-03-18 01:40:09] [TID:5648] [DEBUG] Running step: extract_html
[2026-03-18 01:40:09] [TID:5648] [DEBUG] Command: ['C:\\Users\\koengo\\AppData\\Local\\Programs\\Python\\Python312\\python.exe', 'C:\\Users\\koengo\\OneDrive - Cegeka\\Documents\\Reusable Assets\\Products\\scripts\\extract_html.py', 'C:\\Users\\koengo\\Cegeka\\Product Management - Product Management Library\\Business Line - Cloud and Digital Platforms\\[0.L] Outsourcing Services\\SD - JBaas for Argenta [PRD.0.L.145][PV0.7][DV1.0].docx']
[2026-03-18 01:40:10] [TID:5648] [DEBUG][stdout] HTML saved: SD - JBaas for Argenta [PRD.0.L.145][PV0.7][DV1.0].html

[2026-03-18 01:40:10] [TID:5648] [DEBUG] Step 'extract_html' OK
[2026-03-18 01:40:10] [TID:5648] [DEBUG] Running step: parse_html
[2026-03-18 01:40:10] [TID:5648] [DEBUG] Command: ['C:\\Users\\koengo\\AppData\\Local\\Programs\\Python\\Python312\\python.exe', 'C:\\Users\\koengo\\OneDrive - Cegeka\\Documents\\Reusable Assets\\Products\\scripts\\parse_html_sections.py', 'extracted_html\\SD - JBaas for Argenta [PRD.0.L.145][PV0.7][DV1.0].html']
[2026-03-18 01:40:10] [TID:5648] [DEBUG][stdout] ✔ Robust parsed → output\json\SD - JBaas for Argenta [PRD.0.L.145][PV0.7][DV1.0].json

[2026-03-18 01:40:10] [TID:5648] [DEBUG] Step 'parse_html' OK
[2026-03-18 01:40:10] [TID:5648] [DEBUG] Running step: auto_map
[2026-03-18 01:40:10] [TID:5648] [DEBUG] Command: ['C:\\Users\\koengo\\AppData\\Local\\Programs\\Python\\Python312\\python.exe', 'C:\\Users\\koengo\\OneDrive - Cegeka\\Documents\\Reusable Assets\\Products\\scripts\\auto_map_sections.py', 'output\\json\\SD - JBaas for Argenta [PRD.0.L.145][PV0.7][DV1.0].json']
[2026-03-18 01:40:10] [TID:5648] [DEBUG][stderr]   File "C:\Users\koengo\OneDrive - Cegeka\Documents\Reusable Assets\Products\scripts\auto_map_sections.py", line 26
    ``
    ^
SyntaxError: invalid syntax

[2026-03-18 01:40:10] [TID:5648] ERROR SD - JBaas for Argenta [PRD.0.L.145][PV0.7][DV1.0].docx: [auto_map] FAILED with exit code 1
