[2026-03-17 23:34:08] [TID:22228] Start processing SD: SD - Cegeka Azure Advisory Services - Microsoft Azure Cloud Solution Provider [PRD.0.2.002][PV1.0][DV1.0].docx
[2026-03-17 23:34:08] [TID:22228] Extracting HTML...
[2026-03-17 23:34:09] [TID:22228] ERROR SD - Cegeka Azure Advisory Services - Microsoft Azure Cloud Solution Provider [PRD.0.2.002][PV1.0][DV1.0].docx: Command '['C:\\Users\\koengo\\AppData\\Local\\Programs\\Python\\Python312\\python.exe', 'C:\\Users\\koengo\\OneDrive - Cegeka\\Documents\\Reusable Assets\\Products\\scripts\\extract_html.py', 'C:\\Users\\koengo\\Cegeka\\Product Management - Product Management Library\\Business Line - Cloud and Digital Platforms\\[0.2] Cegeka Azure Services & Solutions\\[PRD.0.2.002] Cegeka Azure Advisory Services\\SD - Cegeka Azure Advisory Services - Microsoft Azure Cloud Solution Provider [PRD.0.2.002][PV1.0][DV1.0].docx']' returned non-zero exit status 1.
[2026-03-17 23:39:29] [TID:19068] START SD - Cegeka Azure Advisory Services - Microsoft Azure Cloud Solution Provider [PRD.0.2.002][PV1.0][DV1.0].docx
[2026-03-17 23:39:29] [TID:19068] Extracting HTML...
[2026-03-17 23:39:30] [TID:19068] ERROR SD - Cegeka Azure Advisory Services - Microsoft Azure Cloud Solution Provider [PRD.0.2.002][PV1.0][DV1.0].docx: Command '['C:\\Users\\koengo\\AppData\\Local\\Programs\\Python\\Python312\\python.exe', 'C:\\Users\\koengo\\OneDrive - Cegeka\\Documents\\Reusable Assets\\Products\\scripts\\extract_html.py', 'C:\\Users\\koengo\\Cegeka\\Product Management - Product Management Library\\Business Line - Cloud and Digital Platforms\\[0.2] Cegeka Azure Services & Solutions\\[PRD.0.2.002] Cegeka Azure Advisory Services\\SD - Cegeka Azure Advisory Services - Microsoft Azure Cloud Solution Provider [PRD.0.2.002][PV1.0][DV1.0].docx']' returned non-zero exit status 1.
[2026-03-17 23:44:40] [TID:22760] START SD - Cegeka Azure Advisory Services - Microsoft Azure Cloud Solution Provider [PRD.0.2.002][PV1.0][DV1.0].docx
[2026-03-17 23:44:40] [TID:22760] Extracting HTML...
[2026-03-17 23:44:41] [TID:22760] ERROR SD - Cegeka Azure Advisory Services - Microsoft Azure Cloud Solution Provider [PRD.0.2.002][PV1.0][DV1.0].docx: Command '['C:\\Users\\koengo\\AppData\\Local\\Programs\\Python\\Python312\\python.exe', 'C:\\Users\\koengo\\OneDrive - Cegeka\\Documents\\Reusable Assets\\Products\\scripts\\extract_html.py', 'C:\\Users\\koengo\\Cegeka\\Product Management - Product Management Library\\Business Line - Cloud and Digital Platforms\\[0.2] Cegeka Azure Services & Solutions\\[PRD.0.2.002] Cegeka Azure Advisory Services\\SD - Cegeka Azure Advisory Services - Microsoft Azure Cloud Solution Provider [PRD.0.2.002][PV1.0][DV1.0].docx']' returned non-zero exit status 1.
[2026-03-17 23:47:09] [TID:16752] START SD - Cegeka Azure Advisory Services - Microsoft Azure Cloud Solution Provider [PRD.0.2.002][PV1.0][DV1.0].docx
[2026-03-17 23:47:09] [TID:16752] Extracting HTML...
[2026-03-17 23:47:10] [TID:16752] ERROR SD - Cegeka Azure Advisory Services - Microsoft Azure Cloud Solution Provider [PRD.0.2.002][PV1.0][DV1.0].docx: Command '['C:\\Users\\koengo\\AppData\\Local\\Programs\\Python\\Python312\\python.exe', 'C:\\Users\\koengo\\OneDrive - Cegeka\\Documents\\Reusable Assets\\Products\\scripts\\extract_html.py', 'C:\\Users\\koengo\\Cegeka\\Product Management - Product Management Library\\Business Line - Cloud and Digital Platforms\\[0.2] Cegeka Azure Services & Solutions\\[PRD.0.2.002] Cegeka Azure Advisory Services\\SD - Cegeka Azure Advisory Services - Microsoft Azure Cloud Solution Provider [PRD.0.2.002][PV1.0][DV1.0].docx']' returned non-zero exit status 1.
[2026-03-17 23:54:37] [TID:21020] START SD - Cegeka Azure Advisory Services - Microsoft Azure Cloud Solution Provider [PRD.0.2.002][PV1.0][DV1.0].docx
[2026-03-17 23:54:37] [TID:21020] Extracting HTML...
[2026-03-17 23:54:38] [TID:21020] ERROR SD - Cegeka Azure Advisory Services - Microsoft Azure Cloud Solution Provider [PRD.0.2.002][PV1.0][DV1.0].docx: Command '['C:\\Users\\koengo\\AppData\\Local\\Programs\\Python\\Python312\\python.exe', 'C:\\Users\\koengo\\OneDrive - Cegeka\\Documents\\Reusable Assets\\Products\\scripts\\extract_html.py', 'C:\\Users\\koengo\\Cegeka\\Product Management - Product Management Library\\Business Line - Cloud and Digital Platforms\\[0.2] Cegeka Azure Services & Solutions\\[PRD.0.2.002] Cegeka Azure Advisory Services\\SD - Cegeka Azure Advisory Services - Microsoft Azure Cloud Solution Provider [PRD.0.2.002][PV1.0][DV1.0].docx']' returned non-zero exit status 1.
[2026-03-18 00:02:03] [TID:27268] START SD - Cegeka Azure Advisory Services - Microsoft Azure Cloud Solution Provider [PRD.0.2.002][PV1.0][DV1.0].docx
[2026-03-18 00:02:03] [TID:27268] Extracting HTML...
[2026-03-18 00:02:04] [TID:27268] ERROR SD - Cegeka Azure Advisory Services - Microsoft Azure Cloud Solution Provider [PRD.0.2.002][PV1.0][DV1.0].docx: Command '['C:\\Users\\koengo\\AppData\\Local\\Programs\\Python\\Python312\\python.exe', 'C:\\Users\\koengo\\OneDrive - Cegeka\\Documents\\Reusable Assets\\Products\\scripts\\extract_html.py', 'C:\\Users\\koengo\\Cegeka\\Product Management - Product Management Library\\Business Line - Cloud and Digital Platforms\\[0.2] Cegeka Azure Services & Solutions\\[PRD.0.2.002] Cegeka Azure Advisory Services\\SD - Cegeka Azure Advisory Services - Microsoft Azure Cloud Solution Provider [PRD.0.2.002][PV1.0][DV1.0].docx']' returned non-zero exit status 1.
[2026-03-18 00:11:15] [TID:6988] START SD - Cegeka Azure Advisory Services - Microsoft Azure Cloud Solution Provider [PRD.0.2.002][PV1.0][DV1.0].docx
[2026-03-18 00:11:15] [TID:6988] Extracting HTML...
[2026-03-18 00:11:16] [TID:6988] ERROR SD - Cegeka Azure Advisory Services - Microsoft Azure Cloud Solution Provider [PRD.0.2.002][PV1.0][DV1.0].docx: Command '['C:\\Users\\koengo\\AppData\\Local\\Programs\\Python\\Python312\\python.exe', 'C:\\Users\\koengo\\OneDrive - Cegeka\\Documents\\Reusable Assets\\Products\\scripts\\extract_html.py', 'C:\\Users\\koengo\\Cegeka\\Product Management - Product Management Library\\Business Line - Cloud and Digital Platforms\\[0.2] Cegeka Azure Services & Solutions\\[PRD.0.2.002] Cegeka Azure Advisory Services\\SD - Cegeka Azure Advisory Services - Microsoft Azure Cloud Solution Provider [PRD.0.2.002][PV1.0][DV1.0].docx']' returned non-zero exit status 1.
[2026-03-18 00:24:33] [TID:14908] START SD - Cegeka Azure Advisory Services - Microsoft Azure Cloud Solution Provider [PRD.0.2.002][PV1.0][DV1.0].docx
[2026-03-18 00:24:33] [TID:14908] [DEBUG] Running step: extract_html
[2026-03-18 00:24:33] [TID:14908] [DEBUG] Command: ['C:\\Users\\koengo\\AppData\\Local\\Programs\\Python\\Python312\\python.exe', 'C:\\Users\\koengo\\OneDrive - Cegeka\\Documents\\Reusable Assets\\Products\\scripts\\extract_html.py', 'C:\\Users\\koengo\\Cegeka\\Product Management - Product Management Library\\Business Line - Cloud and Digital Platforms\\[0.2] Cegeka Azure Services & Solutions\\[PRD.0.2.002] Cegeka Azure Advisory Services\\SD - Cegeka Azure Advisory Services - Microsoft Azure Cloud Solution Provider [PRD.0.2.002][PV1.0][DV1.0].docx']
[2026-03-18 00:24:33] [TID:14908] [DEBUG][stderr] Traceback (most recent call last):
  File "C:\Users\koengo\OneDrive - Cegeka\Documents\Reusable Assets\Products\scripts\extract_html.py", line 12, in <module>
    with open(sd_file, "rb") as f:
         ^^^^^^^^^^^^^^^^^^^
FileNotFoundError: [Errno 2] No such file or directory: 'C:\\Users\\koengo\\Cegeka\\Product Management - Product Management Library\\Business Line - Cloud and Digital Platforms\\[0.2] Cegeka Azure Services & Solutions\\[PRD.0.2.002] Cegeka Azure Advisory Services\\SD - Cegeka Azure Advisory Services - Microsoft Azure Cloud Solution Provider [PRD.0.2.002][PV1.0][DV1.0].docx'

[2026-03-18 00:24:34] [TID:14908] ERROR SD - Cegeka Azure Advisory Services - Microsoft Azure Cloud Solution Provider [PRD.0.2.002][PV1.0][DV1.0].docx: [extract_html] FAILED with exit code 1
[2026-03-18 00:28:33] [TID:18548] START SD - Cegeka Azure Advisory Services - Microsoft Azure Cloud Solution Provider [PRD.0.2.002][PV1.0][DV1.0].docx
[2026-03-18 00:28:33] [TID:18548] [DEBUG] Running step: extract_html
[2026-03-18 00:28:33] [TID:18548] [DEBUG] Command: ['C:\\Users\\koengo\\AppData\\Local\\Programs\\Python\\Python312\\python.exe', 'C:\\Users\\koengo\\OneDrive - Cegeka\\Documents\\Reusable Assets\\Products\\scripts\\extract_html.py', 'C:\\Users\\koengo\\Cegeka\\Product Management - Product Management Library\\Business Line - Cloud and Digital Platforms\\[0.2] Cegeka Azure Services & Solutions\\[PRD.0.2.002] Cegeka Azure Advisory Services\\SD - Cegeka Azure Advisory Services - Microsoft Azure Cloud Solution Provider [PRD.0.2.002][PV1.0][DV1.0].docx']
[2026-03-18 00:28:34] [TID:18548] [DEBUG][stderr] Traceback (most recent call last):
  File "C:\Users\koengo\OneDrive - Cegeka\Documents\Reusable Assets\Products\scripts\extract_html.py", line 12, in <module>
    with open(sd_file, "rb") as f:
         ^^^^^^^^^^^^^^^^^^^
FileNotFoundError: [Errno 2] No such file or directory: 'C:\\Users\\koengo\\Cegeka\\Product Management - Product Management Library\\Business Line - Cloud and Digital Platforms\\[0.2] Cegeka Azure Services & Solutions\\[PRD.0.2.002] Cegeka Azure Advisory Services\\SD - Cegeka Azure Advisory Services - Microsoft Azure Cloud Solution Provider [PRD.0.2.002][PV1.0][DV1.0].docx'

[2026-03-18 00:28:34] [TID:18548] ERROR SD - Cegeka Azure Advisory Services - Microsoft Azure Cloud Solution Provider [PRD.0.2.002][PV1.0][DV1.0].docx: [extract_html] FAILED with exit code 1
[2026-03-18 00:39:33] [TID:22268] START SD - Cegeka Azure Advisory Services - Microsoft Azure Cloud Solution Provider [PRD.0.2.002][PV1.0][DV1.0].docx
[2026-03-18 00:39:33] [TID:22268] [DEBUG] Running step: extract_html
[2026-03-18 00:39:34] [TID:22268] [DEBUG] Command: ['C:\\Users\\koengo\\AppData\\Local\\Programs\\Python\\Python312\\python.exe', 'C:\\Users\\koengo\\OneDrive - Cegeka\\Documents\\Reusable Assets\\Products\\scripts\\extract_html.py', 'C:\\Users\\koengo\\Cegeka\\Product Management - Product Management Library\\Business Line - Cloud and Digital Platforms\\[0.2] Cegeka Azure Services & Solutions\\[PRD.0.2.002] Cegeka Azure Advisory Services\\SD - Cegeka Azure Advisory Services - Microsoft Azure Cloud Solution Provider [PRD.0.2.002][PV1.0][DV1.0].docx']
[2026-03-18 00:39:34] [TID:22268] [DEBUG][stderr] Traceback (most recent call last):
  File "C:\Users\koengo\OneDrive - Cegeka\Documents\Reusable Assets\Products\scripts\extract_html.py", line 12, in <module>
    with open(sd_file, "rb") as f:
         ^^^^^^^^^^^^^^^^^^^
FileNotFoundError: [Errno 2] No such file or directory: 'C:\\Users\\koengo\\Cegeka\\Product Management - Product Management Library\\Business Line - Cloud and Digital Platforms\\[0.2] Cegeka Azure Services & Solutions\\[PRD.0.2.002] Cegeka Azure Advisory Services\\SD - Cegeka Azure Advisory Services - Microsoft Azure Cloud Solution Provider [PRD.0.2.002][PV1.0][DV1.0].docx'

[2026-03-18 00:39:34] [TID:22268] ERROR SD - Cegeka Azure Advisory Services - Microsoft Azure Cloud Solution Provider [PRD.0.2.002][PV1.0][DV1.0].docx: [extract_html] FAILED with exit code 1
[2026-03-18 00:51:54] [TID:5928] START SD - Cegeka Azure Advisory Services - Microsoft Azure Cloud Solution Provider [PRD.0.2.002][PV1.0][DV1.0].docx
[2026-03-18 00:51:54] [TID:5928] [DEBUG] Running step: extract_html
[2026-03-18 00:51:54] [TID:5928] [DEBUG] Command: ['C:\\Users\\koengo\\AppData\\Local\\Programs\\Python\\Python312\\python.exe', 'C:\\Users\\koengo\\OneDrive - Cegeka\\Documents\\Reusable Assets\\Products\\scripts\\extract_html.py', 'C:\\Users\\koengo\\Cegeka\\Product Management - Product Management Library\\Business Line - Cloud and Digital Platforms\\[0.2] Cegeka Azure Services & Solutions\\[PRD.0.2.002] Cegeka Azure Advisory Services\\SD - Cegeka Azure Advisory Services - Microsoft Azure Cloud Solution Provider [PRD.0.2.002][PV1.0][DV1.0].docx']
[2026-03-18 00:51:54] [TID:5928] [DEBUG][stdout] EXTRACT ERROR: [Errno 2] No such file or directory: 'C:\\Users\\koengo\\Cegeka\\Product Management - Product Management Library\\Business Line - Cloud and Digital Platforms\\[0.2] Cegeka Azure Services & Solutions\\[PRD.0.2.002] Cegeka Azure Advisory Services\\SD - Cegeka Azure Advisory Services - Microsoft Azure Cloud Solution Provider [PRD.0.2.002][PV1.0][DV1.0].docx'

[2026-03-18 00:51:54] [TID:5928] ERROR SD - Cegeka Azure Advisory Services - Microsoft Azure Cloud Solution Provider [PRD.0.2.002][PV1.0][DV1.0].docx: [extract_html] FAILED with exit code 1
[2026-03-18 01:01:12] [TID:14528] START SD - Cegeka Azure Advisory Services - Microsoft Azure Cloud Solution Provider [PRD.0.2.002][PV1.0][DV1.0].docx
[2026-03-18 01:01:12] [TID:14528] [DEBUG] Running step: extract_html
[2026-03-18 01:01:12] [TID:14528] [DEBUG] Command: ['C:\\Users\\koengo\\AppData\\Local\\Programs\\Python\\Python312\\python.exe', 'C:\\Users\\koengo\\OneDrive - Cegeka\\Documents\\Reusable Assets\\Products\\scripts\\extract_html.py', 'C:\\Users\\koengo\\Cegeka\\Product Management - Product Management Library\\Business Line - Cloud and Digital Platforms\\[0.2] Cegeka Azure Services & Solutions\\[PRD.0.2.002] Cegeka Azure Advisory Services\\SD - Cegeka Azure Advisory Services - Microsoft Azure Cloud Solution Provider [PRD.0.2.002][PV1.0][DV1.0].docx']
[2026-03-18 01:01:13] [TID:14528] [DEBUG][stdout] EXTRACT ERROR: [Errno 2] No such file or directory: 'C:\\Users\\koengo\\Cegeka\\Product Management - Product Management Library\\Business Line - Cloud and Digital Platforms\\[0.2] Cegeka Azure Services & Solutions\\[PRD.0.2.002] Cegeka Azure Advisory Services\\SD - Cegeka Azure Advisory Services - Microsoft Azure Cloud Solution Provider [PRD.0.2.002][PV1.0][DV1.0].docx'

[2026-03-18 01:01:13] [TID:14528] ERROR SD - Cegeka Azure Advisory Services - Microsoft Azure Cloud Solution Provider [PRD.0.2.002][PV1.0][DV1.0].docx: [extract_html] FAILED with exit code 1
[2026-03-18 01:16:48] [TID:18856] START SD - Cegeka Azure Advisory Services - Microsoft Azure Cloud Solution Provider [PRD.0.2.002][PV1.0][DV1.0].docx
[2026-03-18 01:16:48] [TID:18856] [DEBUG] Running step: extract_html
[2026-03-18 01:16:48] [TID:18856] [DEBUG] Command: ['C:\\Users\\koengo\\AppData\\Local\\Programs\\Python\\Python312\\python.exe', 'C:\\Users\\koengo\\OneDrive - Cegeka\\Documents\\Reusable Assets\\Products\\scripts\\extract_html.py', 'C:\\Users\\koengo\\Cegeka\\Product Management - Product Management Library\\Business Line - Cloud and Digital Platforms\\[0.2] Cegeka Azure Services & Solutions\\[PRD.0.2.002] Cegeka Azure Advisory Services\\SD - Cegeka Azure Advisory Services - Microsoft Azure Cloud Solution Provider [PRD.0.2.002][PV1.0][DV1.0].docx']
[2026-03-18 01:16:48] [TID:18856] [DEBUG][stdout] EXTRACT ERROR: [Errno 2] No such file or directory: 'C:\\Users\\koengo\\Cegeka\\Product Management - Product Management Library\\Business Line - Cloud and Digital Platforms\\[0.2] Cegeka Azure Services & Solutions\\[PRD.0.2.002] Cegeka Azure Advisory Services\\SD - Cegeka Azure Advisory Services - Microsoft Azure Cloud Solution Provider [PRD.0.2.002][PV1.0][DV1.0].docx'

[2026-03-18 01:16:48] [TID:18856] ERROR SD - Cegeka Azure Advisory Services - Microsoft Azure Cloud Solution Provider [PRD.0.2.002][PV1.0][DV1.0].docx: [extract_html] FAILED with exit code 1
[2026-03-18 01:30:47] [TID:2584] START SD - Cegeka Azure Advisory Services - Microsoft Azure Cloud Solution Provider [PRD.0.2.002][PV1.0][DV1.0].docx
[2026-03-18 01:30:47] [TID:2584] [DEBUG] Running step: extract_html
[2026-03-18 01:30:47] [TID:2584] [DEBUG] Command: ['C:\\Users\\koengo\\AppData\\Local\\Programs\\Python\\Python312\\python.exe', 'C:\\Users\\koengo\\OneDrive - Cegeka\\Documents\\Reusable Assets\\Products\\scripts\\extract_html.py', 'C:\\Users\\koengo\\Cegeka\\Product Management - Product Management Library\\Business Line - Cloud and Digital Platforms\\[0.2] Cegeka Azure Services & Solutions\\[PRD.0.2.002] Cegeka Azure Advisory Services\\SD - Cegeka Azure Advisory Services - Microsoft Azure Cloud Solution Provider [PRD.0.2.002][PV1.0][DV1.0].docx']
[2026-03-18 01:30:47] [TID:2584] [DEBUG][stderr]   File "C:\Users\koengo\OneDrive - Cegeka\Documents\Reusable Assets\Products\scripts\extract_html.py", line 31
    ``
    ^
SyntaxError: invalid syntax

[2026-03-18 01:30:47] [TID:2584] ERROR SD - Cegeka Azure Advisory Services - Microsoft Azure Cloud Solution Provider [PRD.0.2.002][PV1.0][DV1.0].docx: [extract_html] FAILED with exit code 1
[2026-03-18 01:33:07] [TID:28596] START SD - Cegeka Azure Advisory Services - Microsoft Azure Cloud Solution Provider [PRD.0.2.002][PV1.0][DV1.0].docx
[2026-03-18 01:33:07] [TID:28596] [DEBUG] Running step: extract_html
[2026-03-18 01:33:07] [TID:28596] [DEBUG] Command: ['C:\\Users\\koengo\\AppData\\Local\\Programs\\Python\\Python312\\python.exe', 'C:\\Users\\koengo\\OneDrive - Cegeka\\Documents\\Reusable Assets\\Products\\scripts\\extract_html.py', 'C:\\Users\\koengo\\Cegeka\\Product Management - Product Management Library\\Business Line - Cloud and Digital Platforms\\[0.2] Cegeka Azure Services & Solutions\\[PRD.0.2.002] Cegeka Azure Advisory Services\\SD - Cegeka Azure Advisory Services - Microsoft Azure Cloud Solution Provider [PRD.0.2.002][PV1.0][DV1.0].docx']
[2026-03-18 01:33:07] [TID:28596] [DEBUG][stdout] EXTRACT ERROR: [Errno 2] No such file or directory: 'C:\\Users\\koengo\\Cegeka\\Product Management - Product Management Library\\Business Line - Cloud and Digital Platforms\\[0.2] Cegeka Azure Services & Solutions\\[PRD.0.2.002] Cegeka Azure Advisory Services\\SD - Cegeka Azure Advisory Services - Microsoft Azure Cloud Solution Provider [PRD.0.2.002][PV1.0][DV1.0].docx'

[2026-03-18 01:33:07] [TID:28596] ERROR SD - Cegeka Azure Advisory Services - Microsoft Azure Cloud Solution Provider [PRD.0.2.002][PV1.0][DV1.0].docx: [extract_html] FAILED with exit code 1
[2026-03-18 01:40:17] [TID:28640] START SD - Cegeka Azure Advisory Services - Microsoft Azure Cloud Solution Provider [PRD.0.2.002][PV1.0][DV1.0].docx
[2026-03-18 01:40:17] [TID:28640] [DEBUG] Running step: extract_html
[2026-03-18 01:40:17] [TID:28640] [DEBUG] Command: ['C:\\Users\\koengo\\AppData\\Local\\Programs\\Python\\Python312\\python.exe', 'C:\\Users\\koengo\\OneDrive - Cegeka\\Documents\\Reusable Assets\\Products\\scripts\\extract_html.py', 'C:\\Users\\koengo\\Cegeka\\Product Management - Product Management Library\\Business Line - Cloud and Digital Platforms\\[0.2] Cegeka Azure Services & Solutions\\[PRD.0.2.002] Cegeka Azure Advisory Services\\SD - Cegeka Azure Advisory Services - Microsoft Azure Cloud Solution Provider [PRD.0.2.002][PV1.0][DV1.0].docx']
[2026-03-18 01:40:18] [TID:28640] [DEBUG][stdout] EXTRACT ERROR: [Errno 2] No such file or directory: 'C:\\Users\\koengo\\Cegeka\\Product Management - Product Management Library\\Business Line - Cloud and Digital Platforms\\[0.2] Cegeka Azure Services & Solutions\\[PRD.0.2.002] Cegeka Azure Advisory Services\\SD - Cegeka Azure Advisory Services - Microsoft Azure Cloud Solution Provider [PRD.0.2.002][PV1.0][DV1.0].docx'

[2026-03-18 01:40:18] [TID:28640] ERROR SD - Cegeka Azure Advisory Services - Microsoft Azure Cloud Solution Provider [PRD.0.2.002][PV1.0][DV1.0].docx: [extract_html] FAILED with exit code 1
