[2026-03-18 14:27:58] START extract_html for: C:\Users\koengo\Cegeka\Product Management - Product Management Library\Business Line - Digital Employee eXperience\[7.1] Cegeka Digital Workplace Solutions\[PRD.7.5.005] Digital Identity Services\SD - Digital Identity Services [PRD.7.5.005][PV1.0][DV1.1].docx
[2026-03-18 14:27:58] HTML saved: extracted_html\SD - Digital Identity Services [PRD.7.5.005][PV1.0][DV1.1].html
[2026-03-18 14:27:58] extract_html OK
[2026-03-18 14:27:59] START parse_html for: extracted_html\SD - Digital Identity Services [PRD.7.5.005][PV1.0][DV1.1].html
[2026-03-18 14:27:59] PARSE OK → output\json\SD - Digital Identity Services [PRD.7.5.005][PV1.0][DV1.1].json
[2026-03-18 14:48:56] START PIPELINE for C:\Users\koengo\Cegeka\Product Management - Product Management Library\Business Line - Digital Employee eXperience\[7.1] Cegeka Digital Workplace Solutions\[PRD.7.5.005] Digital Identity Services\SD - Digital Identity Services [PRD.7.5.005][PV1.0][DV1.1].docx
[2026-03-18 14:48:56] RUN extract_html.py -> C:\Users\koengo\Cegeka\Product Management - Product Management Library\Business Line - Digital Employee eXperience\[7.1] Cegeka Digital Workplace Solutions\[PRD.7.5.005] Digital Identity Services\SD - Digital Identity Services [PRD.7.5.005][PV1.0][DV1.1].docx
[2026-03-18 14:48:57] START extract_html for: C:\Users\koengo\Cegeka\Product Management - Product Management Library\Business Line - Digital Employee eXperience\[7.1] Cegeka Digital Workplace Solutions\[PRD.7.5.005] Digital Identity Services\SD - Digital Identity Services [PRD.7.5.005][PV1.0][DV1.1].docx
[2026-03-18 14:48:57] HTML saved: extracted_html\SD - Digital Identity Services [PRD.7.5.005][PV1.0][DV1.1].html
[2026-03-18 14:48:57] extract_html OK
[2026-03-18 14:48:57] RUN parse_html_sections.py -> C:\Users\koengo\OneDrive - Cegeka\Documents\Reusable Assets\Products\extracted_html\SD - Digital Identity Services [PRD.7.5.005][PV1.0][DV1.1].html
[2026-03-18 14:48:57] START parse_html for: C:\Users\koengo\OneDrive - Cegeka\Documents\Reusable Assets\Products\extracted_html\SD - Digital Identity Services [PRD.7.5.005][PV1.0][DV1.1].html
[2026-03-18 14:48:58] PARSE OK → output\json\SD - Digital Identity Services [PRD.7.5.005][PV1.0][DV1.1].json
[2026-03-18 14:48:58] RUN auto_map_sections.py -> C:\Users\koengo\OneDrive - Cegeka\Documents\Reusable Assets\Products\output\json\SD - Digital Identity Services [PRD.7.5.005][PV1.0][DV1.1].json
[2026-03-18 14:48:58] START auto_map for: C:\Users\koengo\OneDrive - Cegeka\Documents\Reusable Assets\Products\output\json\SD - Digital Identity Services [PRD.7.5.005][PV1.0][DV1.1].json
[2026-03-18 14:48:58] auto_map OK → output\mapped\SD - Digital Identity Services [PRD.7.5.005][PV1.0][DV1.1]_mapped.json
[2026-03-18 14:48:58] JSON->XML OK -> C:\Users\koengo\OneDrive - Cegeka\Documents\Reusable Assets\Products\output\xml\SD - Digital Identity Services [PRD.7.5.005][PV1.0][DV1.1]_mapped.xml
[2026-03-18 14:48:58] RUN xml_to_docx.py -> C:\Users\koengo\OneDrive - Cegeka\Documents\Reusable Assets\Products\output\xml\SD - Digital Identity Services [PRD.7.5.005][PV1.0][DV1.1]_mapped.xml
[2026-03-18 14:48:59] PIPELINE OK
[2026-03-18 15:02:45] START PIPELINE for C:\Users\koengo\Cegeka\Product Management - Product Management Library\Business Line - Digital Employee eXperience\[7.1] Cegeka Digital Workplace Solutions\[PRD.7.5.005] Digital Identity Services\SD - Digital Identity Services [PRD.7.5.005][PV1.0][DV1.1].docx
[2026-03-18 15:02:45] RUN extract_html.py -> C:\Users\koengo\Cegeka\Product Management - Product Management Library\Business Line - Digital Employee eXperience\[7.1] Cegeka Digital Workplace Solutions\[PRD.7.5.005] Digital Identity Services\SD - Digital Identity Services [PRD.7.5.005][PV1.0][DV1.1].docx
[2026-03-18 15:02:45] START extract_html for: C:\Users\koengo\Cegeka\Product Management - Product Management Library\Business Line - Digital Employee eXperience\[7.1] Cegeka Digital Workplace Solutions\[PRD.7.5.005] Digital Identity Services\SD - Digital Identity Services [PRD.7.5.005][PV1.0][DV1.1].docx
[2026-03-18 15:02:45] HTML saved: extracted_html\SD - Digital Identity Services [PRD.7.5.005][PV1.0][DV1.1].html
[2026-03-18 15:02:45] extract_html OK
[2026-03-18 15:02:45] RUN parse_html_sections.py -> C:\Users\koengo\OneDrive - Cegeka\Documents\Reusable Assets\Products\extracted_html\SD - Digital Identity Services [PRD.7.5.005][PV1.0][DV1.1].html
[2026-03-18 15:02:46] START parse_html for: C:\Users\koengo\OneDrive - Cegeka\Documents\Reusable Assets\Products\extracted_html\SD - Digital Identity Services [PRD.7.5.005][PV1.0][DV1.1].html
[2026-03-18 15:02:46] PARSE OK → output\json\SD - Digital Identity Services [PRD.7.5.005][PV1.0][DV1.1].json
[2026-03-18 15:02:46] RUN auto_map_sections.py -> C:\Users\koengo\OneDrive - Cegeka\Documents\Reusable Assets\Products\output\json\SD - Digital Identity Services [PRD.7.5.005][PV1.0][DV1.1].json
[2026-03-18 15:02:46] START auto_map for: C:\Users\koengo\OneDrive - Cegeka\Documents\Reusable Assets\Products\output\json\SD - Digital Identity Services [PRD.7.5.005][PV1.0][DV1.1].json
[2026-03-18 15:02:46] auto_map OK → output\mapped\SD - Digital Identity Services [PRD.7.5.005][PV1.0][DV1.1]_mapped.json
[2026-03-18 15:02:46] JSON->XML OK -> C:\Users\koengo\OneDrive - Cegeka\Documents\Reusable Assets\Products\output\xml\SD - Digital Identity Services [PRD.7.5.005][PV1.0][DV1.1]_mapped.xml
[2026-03-18 15:02:46] RUN xml_to_docx.py -> C:\Users\koengo\OneDrive - Cegeka\Documents\Reusable Assets\Products\output\xml\SD - Digital Identity Services [PRD.7.5.005][PV1.0][DV1.1]_mapped.xml
[2026-03-18 15:02:47] PIPELINE OK
