[2026-03-17 23:34:16] [TID:22888] Start processing SD: SD - Cegeka Security Advisory Framework - CISO Office as a Service [PRD.4.1.004][PV1.0][DV1.1].docx
[2026-03-17 23:34:16] [TID:22888] Extracting HTML...
[2026-03-17 23:34:17] [TID:22888] ERROR SD - Cegeka Security Advisory Framework - CISO Office as a Service [PRD.4.1.004][PV1.0][DV1.1].docx: Command '['C:\\Users\\koengo\\AppData\\Local\\Programs\\Python\\Python312\\python.exe', 'C:\\Users\\koengo\\OneDrive - Cegeka\\Documents\\Reusable Assets\\Products\\scripts\\extract_html.py', 'C:\\Users\\koengo\\Cegeka\\Product Management - Product Management Library\\Business Line - Security & Compliance\\[4.1] Cybersecurity\\[PRD.4.1.004] Cegeka Security Advisory Framework\\SD - Cegeka Security Advisory Framework - CISO Office as a Service [PRD.4.1.004][PV1.0][DV1.1].docx']' returned non-zero exit status 1.
[2026-03-17 23:39:36] [TID:24184] START SD - Cegeka Security Advisory Framework - CISO Office as a Service [PRD.4.1.004][PV1.0][DV1.1].docx
[2026-03-17 23:39:36] [TID:24184] Extracting HTML...
[2026-03-17 23:39:37] [TID:24184] ERROR SD - Cegeka Security Advisory Framework - CISO Office as a Service [PRD.4.1.004][PV1.0][DV1.1].docx: Command '['C:\\Users\\koengo\\AppData\\Local\\Programs\\Python\\Python312\\python.exe', 'C:\\Users\\koengo\\OneDrive - Cegeka\\Documents\\Reusable Assets\\Products\\scripts\\extract_html.py', 'C:\\Users\\koengo\\Cegeka\\Product Management - Product Management Library\\Business Line - Security & Compliance\\[4.1] Cybersecurity\\[PRD.4.1.004] Cegeka Security Advisory Framework\\SD - Cegeka Security Advisory Framework - CISO Office as a Service [PRD.4.1.004][PV1.0][DV1.1].docx']' returned non-zero exit status 1.
[2026-03-17 23:44:48] [TID:22212] START SD - Cegeka Security Advisory Framework - CISO Office as a Service [PRD.4.1.004][PV1.0][DV1.1].docx
[2026-03-17 23:44:48] [TID:22212] Extracting HTML...
[2026-03-17 23:44:48] [TID:22212] ERROR SD - Cegeka Security Advisory Framework - CISO Office as a Service [PRD.4.1.004][PV1.0][DV1.1].docx: Command '['C:\\Users\\koengo\\AppData\\Local\\Programs\\Python\\Python312\\python.exe', 'C:\\Users\\koengo\\OneDrive - Cegeka\\Documents\\Reusable Assets\\Products\\scripts\\extract_html.py', 'C:\\Users\\koengo\\Cegeka\\Product Management - Product Management Library\\Business Line - Security & Compliance\\[4.1] Cybersecurity\\[PRD.4.1.004] Cegeka Security Advisory Framework\\SD - Cegeka Security Advisory Framework - CISO Office as a Service [PRD.4.1.004][PV1.0][DV1.1].docx']' returned non-zero exit status 1.
[2026-03-17 23:47:16] [TID:29672] START SD - Cegeka Security Advisory Framework - CISO Office as a Service [PRD.4.1.004][PV1.0][DV1.1].docx
[2026-03-17 23:47:16] [TID:29672] Extracting HTML...
[2026-03-17 23:47:17] [TID:29672] ERROR SD - Cegeka Security Advisory Framework - CISO Office as a Service [PRD.4.1.004][PV1.0][DV1.1].docx: Command '['C:\\Users\\koengo\\AppData\\Local\\Programs\\Python\\Python312\\python.exe', 'C:\\Users\\koengo\\OneDrive - Cegeka\\Documents\\Reusable Assets\\Products\\scripts\\extract_html.py', 'C:\\Users\\koengo\\Cegeka\\Product Management - Product Management Library\\Business Line - Security & Compliance\\[4.1] Cybersecurity\\[PRD.4.1.004] Cegeka Security Advisory Framework\\SD - Cegeka Security Advisory Framework - CISO Office as a Service [PRD.4.1.004][PV1.0][DV1.1].docx']' returned non-zero exit status 1.
[2026-03-17 23:54:47] [TID:28188] START SD - Cegeka Security Advisory Framework - CISO Office as a Service [PRD.4.1.004][PV1.0][DV1.1].docx
[2026-03-17 23:54:47] [TID:28188] Extracting HTML...
[2026-03-17 23:54:47] [TID:28188] ERROR SD - Cegeka Security Advisory Framework - CISO Office as a Service [PRD.4.1.004][PV1.0][DV1.1].docx: Command '['C:\\Users\\koengo\\AppData\\Local\\Programs\\Python\\Python312\\python.exe', 'C:\\Users\\koengo\\OneDrive - Cegeka\\Documents\\Reusable Assets\\Products\\scripts\\extract_html.py', 'C:\\Users\\koengo\\Cegeka\\Product Management - Product Management Library\\Business Line - Security & Compliance\\[4.1] Cybersecurity\\[PRD.4.1.004] Cegeka Security Advisory Framework\\SD - Cegeka Security Advisory Framework - CISO Office as a Service [PRD.4.1.004][PV1.0][DV1.1].docx']' returned non-zero exit status 1.
[2026-03-18 00:02:10] [TID:29204] START SD - Cegeka Security Advisory Framework - CISO Office as a Service [PRD.4.1.004][PV1.0][DV1.1].docx
[2026-03-18 00:02:11] [TID:29204] Extracting HTML...
[2026-03-18 00:02:11] [TID:29204] ERROR SD - Cegeka Security Advisory Framework - CISO Office as a Service [PRD.4.1.004][PV1.0][DV1.1].docx: Command '['C:\\Users\\koengo\\AppData\\Local\\Programs\\Python\\Python312\\python.exe', 'C:\\Users\\koengo\\OneDrive - Cegeka\\Documents\\Reusable Assets\\Products\\scripts\\extract_html.py', 'C:\\Users\\koengo\\Cegeka\\Product Management - Product Management Library\\Business Line - Security & Compliance\\[4.1] Cybersecurity\\[PRD.4.1.004] Cegeka Security Advisory Framework\\SD - Cegeka Security Advisory Framework - CISO Office as a Service [PRD.4.1.004][PV1.0][DV1.1].docx']' returned non-zero exit status 1.
[2026-03-18 00:11:24] [TID:22472] START SD - Cegeka Security Advisory Framework - CISO Office as a Service [PRD.4.1.004][PV1.0][DV1.1].docx
[2026-03-18 00:11:24] [TID:22472] Extracting HTML...
[2026-03-18 00:11:25] [TID:22472] ERROR SD - Cegeka Security Advisory Framework - CISO Office as a Service [PRD.4.1.004][PV1.0][DV1.1].docx: Command '['C:\\Users\\koengo\\AppData\\Local\\Programs\\Python\\Python312\\python.exe', 'C:\\Users\\koengo\\OneDrive - Cegeka\\Documents\\Reusable Assets\\Products\\scripts\\extract_html.py', 'C:\\Users\\koengo\\Cegeka\\Product Management - Product Management Library\\Business Line - Security & Compliance\\[4.1] Cybersecurity\\[PRD.4.1.004] Cegeka Security Advisory Framework\\SD - Cegeka Security Advisory Framework - CISO Office as a Service [PRD.4.1.004][PV1.0][DV1.1].docx']' returned non-zero exit status 1.
[2026-03-18 00:24:49] [TID:4384] START SD - Cegeka Security Advisory Framework - CISO Office as a Service [PRD.4.1.004][PV1.0][DV1.1].docx
[2026-03-18 00:24:49] [TID:4384] [DEBUG] Running step: extract_html
[2026-03-18 00:24:49] [TID:4384] [DEBUG] Command: ['C:\\Users\\koengo\\AppData\\Local\\Programs\\Python\\Python312\\python.exe', 'C:\\Users\\koengo\\OneDrive - Cegeka\\Documents\\Reusable Assets\\Products\\scripts\\extract_html.py', 'C:\\Users\\koengo\\Cegeka\\Product Management - Product Management Library\\Business Line - Security & Compliance\\[4.1] Cybersecurity\\[PRD.4.1.004] Cegeka Security Advisory Framework\\SD - Cegeka Security Advisory Framework - CISO Office as a Service [PRD.4.1.004][PV1.0][DV1.1].docx']
[2026-03-18 00:24:50] [TID:4384] [DEBUG][stderr] Traceback (most recent call last):
  File "C:\Users\koengo\OneDrive - Cegeka\Documents\Reusable Assets\Products\scripts\extract_html.py", line 12, in <module>
    with open(sd_file, "rb") as f:
         ^^^^^^^^^^^^^^^^^^^
FileNotFoundError: [Errno 2] No such file or directory: 'C:\\Users\\koengo\\Cegeka\\Product Management - Product Management Library\\Business Line - Security & Compliance\\[4.1] Cybersecurity\\[PRD.4.1.004] Cegeka Security Advisory Framework\\SD - Cegeka Security Advisory Framework - CISO Office as a Service [PRD.4.1.004][PV1.0][DV1.1].docx'

[2026-03-18 00:24:50] [TID:4384] ERROR SD - Cegeka Security Advisory Framework - CISO Office as a Service [PRD.4.1.004][PV1.0][DV1.1].docx: [extract_html] FAILED with exit code 1
[2026-03-18 00:28:48] [TID:18548] START SD - Cegeka Security Advisory Framework - CISO Office as a Service [PRD.4.1.004][PV1.0][DV1.1].docx
[2026-03-18 00:28:48] [TID:18548] [DEBUG] Running step: extract_html
[2026-03-18 00:28:48] [TID:18548] [DEBUG] Command: ['C:\\Users\\koengo\\AppData\\Local\\Programs\\Python\\Python312\\python.exe', 'C:\\Users\\koengo\\OneDrive - Cegeka\\Documents\\Reusable Assets\\Products\\scripts\\extract_html.py', 'C:\\Users\\koengo\\Cegeka\\Product Management - Product Management Library\\Business Line - Security & Compliance\\[4.1] Cybersecurity\\[PRD.4.1.004] Cegeka Security Advisory Framework\\SD - Cegeka Security Advisory Framework - CISO Office as a Service [PRD.4.1.004][PV1.0][DV1.1].docx']
[2026-03-18 00:28:48] [TID:18548] [DEBUG][stderr] Traceback (most recent call last):
  File "C:\Users\koengo\OneDrive - Cegeka\Documents\Reusable Assets\Products\scripts\extract_html.py", line 12, in <module>
    with open(sd_file, "rb") as f:
         ^^^^^^^^^^^^^^^^^^^
FileNotFoundError: [Errno 2] No such file or directory: 'C:\\Users\\koengo\\Cegeka\\Product Management - Product Management Library\\Business Line - Security & Compliance\\[4.1] Cybersecurity\\[PRD.4.1.004] Cegeka Security Advisory Framework\\SD - Cegeka Security Advisory Framework - CISO Office as a Service [PRD.4.1.004][PV1.0][DV1.1].docx'

[2026-03-18 00:28:49] [TID:18548] ERROR SD - Cegeka Security Advisory Framework - CISO Office as a Service [PRD.4.1.004][PV1.0][DV1.1].docx: [extract_html] FAILED with exit code 1
[2026-03-18 00:39:50] [TID:1172] START SD - Cegeka Security Advisory Framework - CISO Office as a Service [PRD.4.1.004][PV1.0][DV1.1].docx
[2026-03-18 00:39:50] [TID:1172] [DEBUG] Running step: extract_html
[2026-03-18 00:39:50] [TID:1172] [DEBUG] Command: ['C:\\Users\\koengo\\AppData\\Local\\Programs\\Python\\Python312\\python.exe', 'C:\\Users\\koengo\\OneDrive - Cegeka\\Documents\\Reusable Assets\\Products\\scripts\\extract_html.py', 'C:\\Users\\koengo\\Cegeka\\Product Management - Product Management Library\\Business Line - Security & Compliance\\[4.1] Cybersecurity\\[PRD.4.1.004] Cegeka Security Advisory Framework\\SD - Cegeka Security Advisory Framework - CISO Office as a Service [PRD.4.1.004][PV1.0][DV1.1].docx']
[2026-03-18 00:39:50] [TID:1172] [DEBUG][stderr] Traceback (most recent call last):
  File "C:\Users\koengo\OneDrive - Cegeka\Documents\Reusable Assets\Products\scripts\extract_html.py", line 12, in <module>
    with open(sd_file, "rb") as f:
         ^^^^^^^^^^^^^^^^^^^
FileNotFoundError: [Errno 2] No such file or directory: 'C:\\Users\\koengo\\Cegeka\\Product Management - Product Management Library\\Business Line - Security & Compliance\\[4.1] Cybersecurity\\[PRD.4.1.004] Cegeka Security Advisory Framework\\SD - Cegeka Security Advisory Framework - CISO Office as a Service [PRD.4.1.004][PV1.0][DV1.1].docx'

[2026-03-18 00:39:50] [TID:1172] ERROR SD - Cegeka Security Advisory Framework - CISO Office as a Service [PRD.4.1.004][PV1.0][DV1.1].docx: [extract_html] FAILED with exit code 1
[2026-03-18 00:52:06] [TID:5928] START SD - Cegeka Security Advisory Framework - CISO Office as a Service [PRD.4.1.004][PV1.0][DV1.1].docx
[2026-03-18 00:52:06] [TID:5928] [DEBUG] Running step: extract_html
[2026-03-18 00:52:06] [TID:5928] [DEBUG] Command: ['C:\\Users\\koengo\\AppData\\Local\\Programs\\Python\\Python312\\python.exe', 'C:\\Users\\koengo\\OneDrive - Cegeka\\Documents\\Reusable Assets\\Products\\scripts\\extract_html.py', 'C:\\Users\\koengo\\Cegeka\\Product Management - Product Management Library\\Business Line - Security & Compliance\\[4.1] Cybersecurity\\[PRD.4.1.004] Cegeka Security Advisory Framework\\SD - Cegeka Security Advisory Framework - CISO Office as a Service [PRD.4.1.004][PV1.0][DV1.1].docx']
[2026-03-18 00:52:07] [TID:5928] [DEBUG][stdout] EXTRACT ERROR: [Errno 2] No such file or directory: 'C:\\Users\\koengo\\Cegeka\\Product Management - Product Management Library\\Business Line - Security & Compliance\\[4.1] Cybersecurity\\[PRD.4.1.004] Cegeka Security Advisory Framework\\SD - Cegeka Security Advisory Framework - CISO Office as a Service [PRD.4.1.004][PV1.0][DV1.1].docx'

[2026-03-18 00:52:07] [TID:5928] ERROR SD - Cegeka Security Advisory Framework - CISO Office as a Service [PRD.4.1.004][PV1.0][DV1.1].docx: [extract_html] FAILED with exit code 1
[2026-03-18 01:01:24] [TID:28604] START SD - Cegeka Security Advisory Framework - CISO Office as a Service [PRD.4.1.004][PV1.0][DV1.1].docx
[2026-03-18 01:01:24] [TID:28604] [DEBUG] Running step: extract_html
[2026-03-18 01:01:24] [TID:28604] [DEBUG] Command: ['C:\\Users\\koengo\\AppData\\Local\\Programs\\Python\\Python312\\python.exe', 'C:\\Users\\koengo\\OneDrive - Cegeka\\Documents\\Reusable Assets\\Products\\scripts\\extract_html.py', 'C:\\Users\\koengo\\Cegeka\\Product Management - Product Management Library\\Business Line - Security & Compliance\\[4.1] Cybersecurity\\[PRD.4.1.004] Cegeka Security Advisory Framework\\SD - Cegeka Security Advisory Framework - CISO Office as a Service [PRD.4.1.004][PV1.0][DV1.1].docx']
[2026-03-18 01:01:25] [TID:28604] [DEBUG][stdout] EXTRACT ERROR: [Errno 2] No such file or directory: 'C:\\Users\\koengo\\Cegeka\\Product Management - Product Management Library\\Business Line - Security & Compliance\\[4.1] Cybersecurity\\[PRD.4.1.004] Cegeka Security Advisory Framework\\SD - Cegeka Security Advisory Framework - CISO Office as a Service [PRD.4.1.004][PV1.0][DV1.1].docx'

[2026-03-18 01:01:25] [TID:28604] ERROR SD - Cegeka Security Advisory Framework - CISO Office as a Service [PRD.4.1.004][PV1.0][DV1.1].docx: [extract_html] FAILED with exit code 1
[2026-03-18 01:17:00] [TID:28776] START SD - Cegeka Security Advisory Framework - CISO Office as a Service [PRD.4.1.004][PV1.0][DV1.1].docx
[2026-03-18 01:17:00] [TID:28776] [DEBUG] Running step: extract_html
[2026-03-18 01:17:00] [TID:28776] [DEBUG] Command: ['C:\\Users\\koengo\\AppData\\Local\\Programs\\Python\\Python312\\python.exe', 'C:\\Users\\koengo\\OneDrive - Cegeka\\Documents\\Reusable Assets\\Products\\scripts\\extract_html.py', 'C:\\Users\\koengo\\Cegeka\\Product Management - Product Management Library\\Business Line - Security & Compliance\\[4.1] Cybersecurity\\[PRD.4.1.004] Cegeka Security Advisory Framework\\SD - Cegeka Security Advisory Framework - CISO Office as a Service [PRD.4.1.004][PV1.0][DV1.1].docx']
[2026-03-18 01:17:00] [TID:28776] [DEBUG][stdout] EXTRACT ERROR: [Errno 2] No such file or directory: 'C:\\Users\\koengo\\Cegeka\\Product Management - Product Management Library\\Business Line - Security & Compliance\\[4.1] Cybersecurity\\[PRD.4.1.004] Cegeka Security Advisory Framework\\SD - Cegeka Security Advisory Framework - CISO Office as a Service [PRD.4.1.004][PV1.0][DV1.1].docx'

[2026-03-18 01:17:00] [TID:28776] ERROR SD - Cegeka Security Advisory Framework - CISO Office as a Service [PRD.4.1.004][PV1.0][DV1.1].docx: [extract_html] FAILED with exit code 1
[2026-03-18 01:30:48] [TID:940] START SD - Cegeka Security Advisory Framework - CISO Office as a Service [PRD.4.1.004][PV1.0][DV1.1].docx
[2026-03-18 01:30:48] [TID:940] [DEBUG] Running step: extract_html
[2026-03-18 01:30:48] [TID:940] [DEBUG] Command: ['C:\\Users\\koengo\\AppData\\Local\\Programs\\Python\\Python312\\python.exe', 'C:\\Users\\koengo\\OneDrive - Cegeka\\Documents\\Reusable Assets\\Products\\scripts\\extract_html.py', 'C:\\Users\\koengo\\Cegeka\\Product Management - Product Management Library\\Business Line - Security & Compliance\\[4.1] Cybersecurity\\[PRD.4.1.004] Cegeka Security Advisory Framework\\SD - Cegeka Security Advisory Framework - CISO Office as a Service [PRD.4.1.004][PV1.0][DV1.1].docx']
[2026-03-18 01:30:48] [TID:940] [DEBUG][stderr]   File "C:\Users\koengo\OneDrive - Cegeka\Documents\Reusable Assets\Products\scripts\extract_html.py", line 31
    ``
    ^
SyntaxError: invalid syntax

[2026-03-18 01:30:48] [TID:940] ERROR SD - Cegeka Security Advisory Framework - CISO Office as a Service [PRD.4.1.004][PV1.0][DV1.1].docx: [extract_html] FAILED with exit code 1
[2026-03-18 01:33:19] [TID:28000] START SD - Cegeka Security Advisory Framework - CISO Office as a Service [PRD.4.1.004][PV1.0][DV1.1].docx
[2026-03-18 01:33:19] [TID:28000] [DEBUG] Running step: extract_html
[2026-03-18 01:33:19] [TID:28000] [DEBUG] Command: ['C:\\Users\\koengo\\AppData\\Local\\Programs\\Python\\Python312\\python.exe', 'C:\\Users\\koengo\\OneDrive - Cegeka\\Documents\\Reusable Assets\\Products\\scripts\\extract_html.py', 'C:\\Users\\koengo\\Cegeka\\Product Management - Product Management Library\\Business Line - Security & Compliance\\[4.1] Cybersecurity\\[PRD.4.1.004] Cegeka Security Advisory Framework\\SD - Cegeka Security Advisory Framework - CISO Office as a Service [PRD.4.1.004][PV1.0][DV1.1].docx']
[2026-03-18 01:33:20] [TID:28000] [DEBUG][stdout] EXTRACT ERROR: [Errno 2] No such file or directory: 'C:\\Users\\koengo\\Cegeka\\Product Management - Product Management Library\\Business Line - Security & Compliance\\[4.1] Cybersecurity\\[PRD.4.1.004] Cegeka Security Advisory Framework\\SD - Cegeka Security Advisory Framework - CISO Office as a Service [PRD.4.1.004][PV1.0][DV1.1].docx'

[2026-03-18 01:33:20] [TID:28000] ERROR SD - Cegeka Security Advisory Framework - CISO Office as a Service [PRD.4.1.004][PV1.0][DV1.1].docx: [extract_html] FAILED with exit code 1
[2026-03-18 01:40:29] [TID:28640] START SD - Cegeka Security Advisory Framework - CISO Office as a Service [PRD.4.1.004][PV1.0][DV1.1].docx
[2026-03-18 01:40:29] [TID:28640] [DEBUG] Running step: extract_html
[2026-03-18 01:40:29] [TID:28640] [DEBUG] Command: ['C:\\Users\\koengo\\AppData\\Local\\Programs\\Python\\Python312\\python.exe', 'C:\\Users\\koengo\\OneDrive - Cegeka\\Documents\\Reusable Assets\\Products\\scripts\\extract_html.py', 'C:\\Users\\koengo\\Cegeka\\Product Management - Product Management Library\\Business Line - Security & Compliance\\[4.1] Cybersecurity\\[PRD.4.1.004] Cegeka Security Advisory Framework\\SD - Cegeka Security Advisory Framework - CISO Office as a Service [PRD.4.1.004][PV1.0][DV1.1].docx']
[2026-03-18 01:40:30] [TID:28640] [DEBUG][stdout] EXTRACT ERROR: [Errno 2] No such file or directory: 'C:\\Users\\koengo\\Cegeka\\Product Management - Product Management Library\\Business Line - Security & Compliance\\[4.1] Cybersecurity\\[PRD.4.1.004] Cegeka Security Advisory Framework\\SD - Cegeka Security Advisory Framework - CISO Office as a Service [PRD.4.1.004][PV1.0][DV1.1].docx'

[2026-03-18 01:40:30] [TID:28640] ERROR SD - Cegeka Security Advisory Framework - CISO Office as a Service [PRD.4.1.004][PV1.0][DV1.1].docx: [extract_html] FAILED with exit code 1
