[2026-03-17 23:34:16] [TID:10644] Start processing SD: SD - Cegeka Security Advisory Framework - Active Directory Security Scan - PingCastle [PRD.4.1.004][PV1.0][DV1.0].docx
[2026-03-17 23:34:16] [TID:10644] Extracting HTML...
[2026-03-17 23:34:16] [TID:10644] ERROR SD - Cegeka Security Advisory Framework - Active Directory Security Scan - PingCastle [PRD.4.1.004][PV1.0][DV1.0].docx: Command '['C:\\Users\\koengo\\AppData\\Local\\Programs\\Python\\Python312\\python.exe', 'C:\\Users\\koengo\\OneDrive - Cegeka\\Documents\\Reusable Assets\\Products\\scripts\\extract_html.py', 'C:\\Users\\koengo\\Cegeka\\Product Management - Product Management Library\\Business Line - Security & Compliance\\[4.1] Cybersecurity\\[PRD.4.1.004] Cegeka Security Advisory Framework\\SD - Cegeka Security Advisory Framework - Active Directory Security Scan - PingCastle [PRD.4.1.004][PV1.0][DV1.0].docx']' returned non-zero exit status 1.
[2026-03-17 23:39:36] [TID:15860] START SD - Cegeka Security Advisory Framework - Active Directory Security Scan - PingCastle [PRD.4.1.004][PV1.0][DV1.0].docx
[2026-03-17 23:39:36] [TID:15860] Extracting HTML...
[2026-03-17 23:39:37] [TID:15860] ERROR SD - Cegeka Security Advisory Framework - Active Directory Security Scan - PingCastle [PRD.4.1.004][PV1.0][DV1.0].docx: Command '['C:\\Users\\koengo\\AppData\\Local\\Programs\\Python\\Python312\\python.exe', 'C:\\Users\\koengo\\OneDrive - Cegeka\\Documents\\Reusable Assets\\Products\\scripts\\extract_html.py', 'C:\\Users\\koengo\\Cegeka\\Product Management - Product Management Library\\Business Line - Security & Compliance\\[4.1] Cybersecurity\\[PRD.4.1.004] Cegeka Security Advisory Framework\\SD - Cegeka Security Advisory Framework - Active Directory Security Scan - PingCastle [PRD.4.1.004][PV1.0][DV1.0].docx']' returned non-zero exit status 1.
[2026-03-17 23:44:47] [TID:2816] START SD - Cegeka Security Advisory Framework - Active Directory Security Scan - PingCastle [PRD.4.1.004][PV1.0][DV1.0].docx
[2026-03-17 23:44:48] [TID:2816] Extracting HTML...
[2026-03-17 23:44:48] [TID:2816] ERROR SD - Cegeka Security Advisory Framework - Active Directory Security Scan - PingCastle [PRD.4.1.004][PV1.0][DV1.0].docx: Command '['C:\\Users\\koengo\\AppData\\Local\\Programs\\Python\\Python312\\python.exe', 'C:\\Users\\koengo\\OneDrive - Cegeka\\Documents\\Reusable Assets\\Products\\scripts\\extract_html.py', 'C:\\Users\\koengo\\Cegeka\\Product Management - Product Management Library\\Business Line - Security & Compliance\\[4.1] Cybersecurity\\[PRD.4.1.004] Cegeka Security Advisory Framework\\SD - Cegeka Security Advisory Framework - Active Directory Security Scan - PingCastle [PRD.4.1.004][PV1.0][DV1.0].docx']' returned non-zero exit status 1.
[2026-03-17 23:47:16] [TID:16752] START SD - Cegeka Security Advisory Framework - Active Directory Security Scan - PingCastle [PRD.4.1.004][PV1.0][DV1.0].docx
[2026-03-17 23:47:16] [TID:16752] Extracting HTML...
[2026-03-17 23:47:17] [TID:16752] ERROR SD - Cegeka Security Advisory Framework - Active Directory Security Scan - PingCastle [PRD.4.1.004][PV1.0][DV1.0].docx: Command '['C:\\Users\\koengo\\AppData\\Local\\Programs\\Python\\Python312\\python.exe', 'C:\\Users\\koengo\\OneDrive - Cegeka\\Documents\\Reusable Assets\\Products\\scripts\\extract_html.py', 'C:\\Users\\koengo\\Cegeka\\Product Management - Product Management Library\\Business Line - Security & Compliance\\[4.1] Cybersecurity\\[PRD.4.1.004] Cegeka Security Advisory Framework\\SD - Cegeka Security Advisory Framework - Active Directory Security Scan - PingCastle [PRD.4.1.004][PV1.0][DV1.0].docx']' returned non-zero exit status 1.
[2026-03-17 23:54:46] [TID:4172] START SD - Cegeka Security Advisory Framework - Active Directory Security Scan - PingCastle [PRD.4.1.004][PV1.0][DV1.0].docx
[2026-03-17 23:54:46] [TID:4172] Extracting HTML...
[2026-03-17 23:54:47] [TID:4172] ERROR SD - Cegeka Security Advisory Framework - Active Directory Security Scan - PingCastle [PRD.4.1.004][PV1.0][DV1.0].docx: Command '['C:\\Users\\koengo\\AppData\\Local\\Programs\\Python\\Python312\\python.exe', 'C:\\Users\\koengo\\OneDrive - Cegeka\\Documents\\Reusable Assets\\Products\\scripts\\extract_html.py', 'C:\\Users\\koengo\\Cegeka\\Product Management - Product Management Library\\Business Line - Security & Compliance\\[4.1] Cybersecurity\\[PRD.4.1.004] Cegeka Security Advisory Framework\\SD - Cegeka Security Advisory Framework - Active Directory Security Scan - PingCastle [PRD.4.1.004][PV1.0][DV1.0].docx']' returned non-zero exit status 1.
[2026-03-18 00:02:10] [TID:27268] START SD - Cegeka Security Advisory Framework - Active Directory Security Scan - PingCastle [PRD.4.1.004][PV1.0][DV1.0].docx
[2026-03-18 00:02:10] [TID:27268] Extracting HTML...
[2026-03-18 00:02:11] [TID:27268] ERROR SD - Cegeka Security Advisory Framework - Active Directory Security Scan - PingCastle [PRD.4.1.004][PV1.0][DV1.0].docx: Command '['C:\\Users\\koengo\\AppData\\Local\\Programs\\Python\\Python312\\python.exe', 'C:\\Users\\koengo\\OneDrive - Cegeka\\Documents\\Reusable Assets\\Products\\scripts\\extract_html.py', 'C:\\Users\\koengo\\Cegeka\\Product Management - Product Management Library\\Business Line - Security & Compliance\\[4.1] Cybersecurity\\[PRD.4.1.004] Cegeka Security Advisory Framework\\SD - Cegeka Security Advisory Framework - Active Directory Security Scan - PingCastle [PRD.4.1.004][PV1.0][DV1.0].docx']' returned non-zero exit status 1.
[2026-03-18 00:11:24] [TID:19732] START SD - Cegeka Security Advisory Framework - Active Directory Security Scan - PingCastle [PRD.4.1.004][PV1.0][DV1.0].docx
[2026-03-18 00:11:24] [TID:19732] Extracting HTML...
[2026-03-18 00:11:25] [TID:19732] ERROR SD - Cegeka Security Advisory Framework - Active Directory Security Scan - PingCastle [PRD.4.1.004][PV1.0][DV1.0].docx: Command '['C:\\Users\\koengo\\AppData\\Local\\Programs\\Python\\Python312\\python.exe', 'C:\\Users\\koengo\\OneDrive - Cegeka\\Documents\\Reusable Assets\\Products\\scripts\\extract_html.py', 'C:\\Users\\koengo\\Cegeka\\Product Management - Product Management Library\\Business Line - Security & Compliance\\[4.1] Cybersecurity\\[PRD.4.1.004] Cegeka Security Advisory Framework\\SD - Cegeka Security Advisory Framework - Active Directory Security Scan - PingCastle [PRD.4.1.004][PV1.0][DV1.0].docx']' returned non-zero exit status 1.
[2026-03-18 00:24:49] [TID:14908] START SD - Cegeka Security Advisory Framework - Active Directory Security Scan - PingCastle [PRD.4.1.004][PV1.0][DV1.0].docx
[2026-03-18 00:24:49] [TID:14908] [DEBUG] Running step: extract_html
[2026-03-18 00:24:49] [TID:14908] [DEBUG] Command: ['C:\\Users\\koengo\\AppData\\Local\\Programs\\Python\\Python312\\python.exe', 'C:\\Users\\koengo\\OneDrive - Cegeka\\Documents\\Reusable Assets\\Products\\scripts\\extract_html.py', 'C:\\Users\\koengo\\Cegeka\\Product Management - Product Management Library\\Business Line - Security & Compliance\\[4.1] Cybersecurity\\[PRD.4.1.004] Cegeka Security Advisory Framework\\SD - Cegeka Security Advisory Framework - Active Directory Security Scan - PingCastle [PRD.4.1.004][PV1.0][DV1.0].docx']
[2026-03-18 00:24:50] [TID:14908] [DEBUG][stderr] Traceback (most recent call last):
  File "C:\Users\koengo\OneDrive - Cegeka\Documents\Reusable Assets\Products\scripts\extract_html.py", line 12, in <module>
    with open(sd_file, "rb") as f:
         ^^^^^^^^^^^^^^^^^^^
FileNotFoundError: [Errno 2] No such file or directory: 'C:\\Users\\koengo\\Cegeka\\Product Management - Product Management Library\\Business Line - Security & Compliance\\[4.1] Cybersecurity\\[PRD.4.1.004] Cegeka Security Advisory Framework\\SD - Cegeka Security Advisory Framework - Active Directory Security Scan - PingCastle [PRD.4.1.004][PV1.0][DV1.0].docx'

[2026-03-18 00:24:50] [TID:14908] ERROR SD - Cegeka Security Advisory Framework - Active Directory Security Scan - PingCastle [PRD.4.1.004][PV1.0][DV1.0].docx: [extract_html] FAILED with exit code 1
[2026-03-18 00:28:47] [TID:29492] START SD - Cegeka Security Advisory Framework - Active Directory Security Scan - PingCastle [PRD.4.1.004][PV1.0][DV1.0].docx
[2026-03-18 00:28:48] [TID:29492] [DEBUG] Running step: extract_html
[2026-03-18 00:28:48] [TID:29492] [DEBUG] Command: ['C:\\Users\\koengo\\AppData\\Local\\Programs\\Python\\Python312\\python.exe', 'C:\\Users\\koengo\\OneDrive - Cegeka\\Documents\\Reusable Assets\\Products\\scripts\\extract_html.py', 'C:\\Users\\koengo\\Cegeka\\Product Management - Product Management Library\\Business Line - Security & Compliance\\[4.1] Cybersecurity\\[PRD.4.1.004] Cegeka Security Advisory Framework\\SD - Cegeka Security Advisory Framework - Active Directory Security Scan - PingCastle [PRD.4.1.004][PV1.0][DV1.0].docx']
[2026-03-18 00:28:48] [TID:29492] [DEBUG][stderr] Traceback (most recent call last):
  File "C:\Users\koengo\OneDrive - Cegeka\Documents\Reusable Assets\Products\scripts\extract_html.py", line 12, in <module>
    with open(sd_file, "rb") as f:
         ^^^^^^^^^^^^^^^^^^^
FileNotFoundError: [Errno 2] No such file or directory: 'C:\\Users\\koengo\\Cegeka\\Product Management - Product Management Library\\Business Line - Security & Compliance\\[4.1] Cybersecurity\\[PRD.4.1.004] Cegeka Security Advisory Framework\\SD - Cegeka Security Advisory Framework - Active Directory Security Scan - PingCastle [PRD.4.1.004][PV1.0][DV1.0].docx'

[2026-03-18 00:28:48] [TID:29492] ERROR SD - Cegeka Security Advisory Framework - Active Directory Security Scan - PingCastle [PRD.4.1.004][PV1.0][DV1.0].docx: [extract_html] FAILED with exit code 1
[2026-03-18 00:39:49] [TID:12044] START SD - Cegeka Security Advisory Framework - Active Directory Security Scan - PingCastle [PRD.4.1.004][PV1.0][DV1.0].docx
[2026-03-18 00:39:49] [TID:12044] [DEBUG] Running step: extract_html
[2026-03-18 00:39:49] [TID:12044] [DEBUG] Command: ['C:\\Users\\koengo\\AppData\\Local\\Programs\\Python\\Python312\\python.exe', 'C:\\Users\\koengo\\OneDrive - Cegeka\\Documents\\Reusable Assets\\Products\\scripts\\extract_html.py', 'C:\\Users\\koengo\\Cegeka\\Product Management - Product Management Library\\Business Line - Security & Compliance\\[4.1] Cybersecurity\\[PRD.4.1.004] Cegeka Security Advisory Framework\\SD - Cegeka Security Advisory Framework - Active Directory Security Scan - PingCastle [PRD.4.1.004][PV1.0][DV1.0].docx']
[2026-03-18 00:39:50] [TID:12044] [DEBUG][stderr] Traceback (most recent call last):
  File "C:\Users\koengo\OneDrive - Cegeka\Documents\Reusable Assets\Products\scripts\extract_html.py", line 12, in <module>
    with open(sd_file, "rb") as f:
         ^^^^^^^^^^^^^^^^^^^
FileNotFoundError: [Errno 2] No such file or directory: 'C:\\Users\\koengo\\Cegeka\\Product Management - Product Management Library\\Business Line - Security & Compliance\\[4.1] Cybersecurity\\[PRD.4.1.004] Cegeka Security Advisory Framework\\SD - Cegeka Security Advisory Framework - Active Directory Security Scan - PingCastle [PRD.4.1.004][PV1.0][DV1.0].docx'

[2026-03-18 00:39:50] [TID:12044] ERROR SD - Cegeka Security Advisory Framework - Active Directory Security Scan - PingCastle [PRD.4.1.004][PV1.0][DV1.0].docx: [extract_html] FAILED with exit code 1
[2026-03-18 00:52:06] [TID:5928] START SD - Cegeka Security Advisory Framework - Active Directory Security Scan - PingCastle [PRD.4.1.004][PV1.0][DV1.0].docx
[2026-03-18 00:52:06] [TID:5928] [DEBUG] Running step: extract_html
[2026-03-18 00:52:06] [TID:5928] [DEBUG] Command: ['C:\\Users\\koengo\\AppData\\Local\\Programs\\Python\\Python312\\python.exe', 'C:\\Users\\koengo\\OneDrive - Cegeka\\Documents\\Reusable Assets\\Products\\scripts\\extract_html.py', 'C:\\Users\\koengo\\Cegeka\\Product Management - Product Management Library\\Business Line - Security & Compliance\\[4.1] Cybersecurity\\[PRD.4.1.004] Cegeka Security Advisory Framework\\SD - Cegeka Security Advisory Framework - Active Directory Security Scan - PingCastle [PRD.4.1.004][PV1.0][DV1.0].docx']
[2026-03-18 00:52:06] [TID:5928] [DEBUG][stdout] EXTRACT ERROR: [Errno 2] No such file or directory: 'C:\\Users\\koengo\\Cegeka\\Product Management - Product Management Library\\Business Line - Security & Compliance\\[4.1] Cybersecurity\\[PRD.4.1.004] Cegeka Security Advisory Framework\\SD - Cegeka Security Advisory Framework - Active Directory Security Scan - PingCastle [PRD.4.1.004][PV1.0][DV1.0].docx'

[2026-03-18 00:52:06] [TID:5928] ERROR SD - Cegeka Security Advisory Framework - Active Directory Security Scan - PingCastle [PRD.4.1.004][PV1.0][DV1.0].docx: [extract_html] FAILED with exit code 1
[2026-03-18 01:01:24] [TID:28604] START SD - Cegeka Security Advisory Framework - Active Directory Security Scan - PingCastle [PRD.4.1.004][PV1.0][DV1.0].docx
[2026-03-18 01:01:24] [TID:28604] [DEBUG] Running step: extract_html
[2026-03-18 01:01:24] [TID:28604] [DEBUG] Command: ['C:\\Users\\koengo\\AppData\\Local\\Programs\\Python\\Python312\\python.exe', 'C:\\Users\\koengo\\OneDrive - Cegeka\\Documents\\Reusable Assets\\Products\\scripts\\extract_html.py', 'C:\\Users\\koengo\\Cegeka\\Product Management - Product Management Library\\Business Line - Security & Compliance\\[4.1] Cybersecurity\\[PRD.4.1.004] Cegeka Security Advisory Framework\\SD - Cegeka Security Advisory Framework - Active Directory Security Scan - PingCastle [PRD.4.1.004][PV1.0][DV1.0].docx']
[2026-03-18 01:01:24] [TID:28604] [DEBUG][stdout] EXTRACT ERROR: [Errno 2] No such file or directory: 'C:\\Users\\koengo\\Cegeka\\Product Management - Product Management Library\\Business Line - Security & Compliance\\[4.1] Cybersecurity\\[PRD.4.1.004] Cegeka Security Advisory Framework\\SD - Cegeka Security Advisory Framework - Active Directory Security Scan - PingCastle [PRD.4.1.004][PV1.0][DV1.0].docx'

[2026-03-18 01:01:24] [TID:28604] ERROR SD - Cegeka Security Advisory Framework - Active Directory Security Scan - PingCastle [PRD.4.1.004][PV1.0][DV1.0].docx: [extract_html] FAILED with exit code 1
[2026-03-18 01:16:59] [TID:18856] START SD - Cegeka Security Advisory Framework - Active Directory Security Scan - PingCastle [PRD.4.1.004][PV1.0][DV1.0].docx
[2026-03-18 01:16:59] [TID:18856] [DEBUG] Running step: extract_html
[2026-03-18 01:17:00] [TID:18856] [DEBUG] Command: ['C:\\Users\\koengo\\AppData\\Local\\Programs\\Python\\Python312\\python.exe', 'C:\\Users\\koengo\\OneDrive - Cegeka\\Documents\\Reusable Assets\\Products\\scripts\\extract_html.py', 'C:\\Users\\koengo\\Cegeka\\Product Management - Product Management Library\\Business Line - Security & Compliance\\[4.1] Cybersecurity\\[PRD.4.1.004] Cegeka Security Advisory Framework\\SD - Cegeka Security Advisory Framework - Active Directory Security Scan - PingCastle [PRD.4.1.004][PV1.0][DV1.0].docx']
[2026-03-18 01:17:00] [TID:18856] [DEBUG][stdout] EXTRACT ERROR: [Errno 2] No such file or directory: 'C:\\Users\\koengo\\Cegeka\\Product Management - Product Management Library\\Business Line - Security & Compliance\\[4.1] Cybersecurity\\[PRD.4.1.004] Cegeka Security Advisory Framework\\SD - Cegeka Security Advisory Framework - Active Directory Security Scan - PingCastle [PRD.4.1.004][PV1.0][DV1.0].docx'

[2026-03-18 01:17:00] [TID:18856] ERROR SD - Cegeka Security Advisory Framework - Active Directory Security Scan - PingCastle [PRD.4.1.004][PV1.0][DV1.0].docx: [extract_html] FAILED with exit code 1
[2026-03-18 01:30:48] [TID:2584] START SD - Cegeka Security Advisory Framework - Active Directory Security Scan - PingCastle [PRD.4.1.004][PV1.0][DV1.0].docx
[2026-03-18 01:30:48] [TID:2584] [DEBUG] Running step: extract_html
[2026-03-18 01:30:48] [TID:2584] [DEBUG] Command: ['C:\\Users\\koengo\\AppData\\Local\\Programs\\Python\\Python312\\python.exe', 'C:\\Users\\koengo\\OneDrive - Cegeka\\Documents\\Reusable Assets\\Products\\scripts\\extract_html.py', 'C:\\Users\\koengo\\Cegeka\\Product Management - Product Management Library\\Business Line - Security & Compliance\\[4.1] Cybersecurity\\[PRD.4.1.004] Cegeka Security Advisory Framework\\SD - Cegeka Security Advisory Framework - Active Directory Security Scan - PingCastle [PRD.4.1.004][PV1.0][DV1.0].docx']
[2026-03-18 01:30:48] [TID:2584] [DEBUG][stderr]   File "C:\Users\koengo\OneDrive - Cegeka\Documents\Reusable Assets\Products\scripts\extract_html.py", line 31
    ``
    ^
SyntaxError: invalid syntax

[2026-03-18 01:30:48] [TID:2584] ERROR SD - Cegeka Security Advisory Framework - Active Directory Security Scan - PingCastle [PRD.4.1.004][PV1.0][DV1.0].docx: [extract_html] FAILED with exit code 1
[2026-03-18 01:33:19] [TID:28000] START SD - Cegeka Security Advisory Framework - Active Directory Security Scan - PingCastle [PRD.4.1.004][PV1.0][DV1.0].docx
[2026-03-18 01:33:19] [TID:28000] [DEBUG] Running step: extract_html
[2026-03-18 01:33:19] [TID:28000] [DEBUG] Command: ['C:\\Users\\koengo\\AppData\\Local\\Programs\\Python\\Python312\\python.exe', 'C:\\Users\\koengo\\OneDrive - Cegeka\\Documents\\Reusable Assets\\Products\\scripts\\extract_html.py', 'C:\\Users\\koengo\\Cegeka\\Product Management - Product Management Library\\Business Line - Security & Compliance\\[4.1] Cybersecurity\\[PRD.4.1.004] Cegeka Security Advisory Framework\\SD - Cegeka Security Advisory Framework - Active Directory Security Scan - PingCastle [PRD.4.1.004][PV1.0][DV1.0].docx']
[2026-03-18 01:33:19] [TID:28000] [DEBUG][stdout] EXTRACT ERROR: [Errno 2] No such file or directory: 'C:\\Users\\koengo\\Cegeka\\Product Management - Product Management Library\\Business Line - Security & Compliance\\[4.1] Cybersecurity\\[PRD.4.1.004] Cegeka Security Advisory Framework\\SD - Cegeka Security Advisory Framework - Active Directory Security Scan - PingCastle [PRD.4.1.004][PV1.0][DV1.0].docx'

[2026-03-18 01:33:19] [TID:28000] ERROR SD - Cegeka Security Advisory Framework - Active Directory Security Scan - PingCastle [PRD.4.1.004][PV1.0][DV1.0].docx: [extract_html] FAILED with exit code 1
[2026-03-18 01:40:29] [TID:5648] START SD - Cegeka Security Advisory Framework - Active Directory Security Scan - PingCastle [PRD.4.1.004][PV1.0][DV1.0].docx
[2026-03-18 01:40:29] [TID:5648] [DEBUG] Running step: extract_html
[2026-03-18 01:40:29] [TID:5648] [DEBUG] Command: ['C:\\Users\\koengo\\AppData\\Local\\Programs\\Python\\Python312\\python.exe', 'C:\\Users\\koengo\\OneDrive - Cegeka\\Documents\\Reusable Assets\\Products\\scripts\\extract_html.py', 'C:\\Users\\koengo\\Cegeka\\Product Management - Product Management Library\\Business Line - Security & Compliance\\[4.1] Cybersecurity\\[PRD.4.1.004] Cegeka Security Advisory Framework\\SD - Cegeka Security Advisory Framework - Active Directory Security Scan - PingCastle [PRD.4.1.004][PV1.0][DV1.0].docx']
[2026-03-18 01:40:29] [TID:5648] [DEBUG][stdout] EXTRACT ERROR: [Errno 2] No such file or directory: 'C:\\Users\\koengo\\Cegeka\\Product Management - Product Management Library\\Business Line - Security & Compliance\\[4.1] Cybersecurity\\[PRD.4.1.004] Cegeka Security Advisory Framework\\SD - Cegeka Security Advisory Framework - Active Directory Security Scan - PingCastle [PRD.4.1.004][PV1.0][DV1.0].docx'

[2026-03-18 01:40:29] [TID:5648] ERROR SD - Cegeka Security Advisory Framework - Active Directory Security Scan - PingCastle [PRD.4.1.004][PV1.0][DV1.0].docx: [extract_html] FAILED with exit code 1
