[2026-03-18 14:43:21] START xml_to_docx_v3_fixed for: C:\Users\koengo\OneDrive - Cegeka\Documents\Reusable Assets\Products\output\xml\SD - Secure Workplace Access [PRD.7.4.007][PV1.0][DV1.1]_mapped.xml
[2026-03-18 14:43:21] Filled SDT 'SLA_KPI' with XML section 'Service Request'
[2026-03-18 14:43:21] Filled SDT 'SCOPE' with XML section 'Out of scope'
[2026-03-18 14:43:21] Filled SDT 'PRODUCT_SUMMARY' with XML section 'Service Window'
[2026-03-18 14:43:21] Filled SDT 'SLA_KPI' with XML section 'Service Level'
[2026-03-18 14:43:21] Filled SDT 'SLA_KPI' with XML section 'Service Billing'
[2026-03-18 14:43:21] Filled SDT 'PRODUCT_SUMMARY' with XML section 'Service Request Billing'
[2026-03-18 14:43:21] TOTAL SDT FIELDS FILLED: 6
[2026-03-18 14:43:21] XML→DOCX OK → output\docx\SD - Secure Workplace Access [PRD.7.4.007][PV1.0][DV1.1]_mapped_FINAL.docx
[2026-03-18 14:48:51] START xml_to_docx_v3_fixed for: C:\Users\koengo\OneDrive - Cegeka\Documents\Reusable Assets\Products\output\xml\SD - Secure Workplace Access [PRD.7.4.007][PV1.0][DV1.1]_mapped.xml
[2026-03-18 14:48:52] Filled SDT 'SLA_KPI' with XML section 'Service Request'
[2026-03-18 14:48:52] Filled SDT 'SCOPE' with XML section 'Out of scope'
[2026-03-18 14:48:52] Filled SDT 'PRODUCT_SUMMARY' with XML section 'Service Window'
[2026-03-18 14:48:52] Filled SDT 'SLA_KPI' with XML section 'Service Level'
[2026-03-18 14:48:52] Filled SDT 'SLA_KPI' with XML section 'Service Billing'
[2026-03-18 14:48:52] Filled SDT 'PRODUCT_SUMMARY' with XML section 'Service Request Billing'
[2026-03-18 14:48:52] TOTAL SDT FIELDS FILLED: 6
[2026-03-18 14:48:52] XML→DOCX OK → output\docx\SD - Secure Workplace Access [PRD.7.4.007][PV1.0][DV1.1]_mapped_FINAL.docx
[2026-03-18 15:02:40] START xml_to_docx_v3_fixed for: C:\Users\koengo\OneDrive - Cegeka\Documents\Reusable Assets\Products\output\xml\SD - Secure Workplace Access [PRD.7.4.007][PV1.0][DV1.1]_mapped.xml
[2026-03-18 15:02:40] Filled SDT 'SLA_KPI' with XML section 'Service Request'
[2026-03-18 15:02:40] Filled SDT 'SCOPE' with XML section 'Out of scope'
[2026-03-18 15:02:40] Filled SDT 'PRODUCT_SUMMARY' with XML section 'Service Window'
[2026-03-18 15:02:40] Filled SDT 'SLA_KPI' with XML section 'Service Level'
[2026-03-18 15:02:40] Filled SDT 'SLA_KPI' with XML section 'Service Billing'
[2026-03-18 15:02:40] Filled SDT 'PRODUCT_SUMMARY' with XML section 'Service Request Billing'
[2026-03-18 15:02:40] TOTAL SDT FIELDS FILLED: 6
[2026-03-18 15:02:40] XML→DOCX OK → output\docx\SD - Secure Workplace Access [PRD.7.4.007][PV1.0][DV1.1]_mapped_FINAL.docx
