[2026-03-18 14:27:46] START extract_html for: C:\Users\koengo\Cegeka\Product Management - Product Management Library\Business Line - Cloud and Digital Platforms\[0.L] Outsourcing Services\SD - Cegeka Cloud Shared NAS Services [PRD.0.L.109][PV0.8][DV1.3].docx
[2026-03-18 14:27:47] HTML saved: extracted_html\SD - Cegeka Cloud Shared NAS Services [PRD.0.L.109][PV0.8][DV1.3].html
[2026-03-18 14:27:47] extract_html OK
[2026-03-18 14:27:47] START parse_html for: extracted_html\SD - Cegeka Cloud Shared NAS Services [PRD.0.L.109][PV0.8][DV1.3].html
[2026-03-18 14:27:47] PARSE OK → output\json\SD - Cegeka Cloud Shared NAS Services [PRD.0.L.109][PV0.8][DV1.3].json
[2026-03-18 14:42:29] START PIPELINE for C:\Users\koengo\Cegeka\Product Management - Product Management Library\Business Line - Cloud and Digital Platforms\[0.L] Outsourcing Services\SD - Cegeka Cloud Shared NAS Services [PRD.0.L.109][PV0.8][DV1.3].docx
[2026-03-18 14:42:29] RUN extract_html.py -> C:\Users\koengo\Cegeka\Product Management - Product Management Library\Business Line - Cloud and Digital Platforms\[0.L] Outsourcing Services\SD - Cegeka Cloud Shared NAS Services [PRD.0.L.109][PV0.8][DV1.3].docx
[2026-03-18 14:42:30] START extract_html for: C:\Users\koengo\Cegeka\Product Management - Product Management Library\Business Line - Cloud and Digital Platforms\[0.L] Outsourcing Services\SD - Cegeka Cloud Shared NAS Services [PRD.0.L.109][PV0.8][DV1.3].docx
[2026-03-18 14:42:30] HTML saved: extracted_html\SD - Cegeka Cloud Shared NAS Services [PRD.0.L.109][PV0.8][DV1.3].html
[2026-03-18 14:42:30] extract_html OK
[2026-03-18 14:42:30] RUN parse_html_sections.py -> C:\Users\koengo\OneDrive - Cegeka\Documents\Reusable Assets\Products\extracted_html\SD - Cegeka Cloud Shared NAS Services [PRD.0.L.109][PV0.8][DV1.3].html
[2026-03-18 14:42:30] START parse_html for: C:\Users\koengo\OneDrive - Cegeka\Documents\Reusable Assets\Products\extracted_html\SD - Cegeka Cloud Shared NAS Services [PRD.0.L.109][PV0.8][DV1.3].html
[2026-03-18 14:42:31] PARSE OK → output\json\SD - Cegeka Cloud Shared NAS Services [PRD.0.L.109][PV0.8][DV1.3].json
[2026-03-18 14:42:31] RUN auto_map_sections.py -> C:\Users\koengo\OneDrive - Cegeka\Documents\Reusable Assets\Products\output\json\SD - Cegeka Cloud Shared NAS Services [PRD.0.L.109][PV0.8][DV1.3].json
[2026-03-18 14:42:31] START auto_map for: C:\Users\koengo\OneDrive - Cegeka\Documents\Reusable Assets\Products\output\json\SD - Cegeka Cloud Shared NAS Services [PRD.0.L.109][PV0.8][DV1.3].json
[2026-03-18 14:42:31] auto_map OK → output\mapped\SD - Cegeka Cloud Shared NAS Services [PRD.0.L.109][PV0.8][DV1.3]_mapped.json
[2026-03-18 14:42:31] JSON->XML OK -> C:\Users\koengo\OneDrive - Cegeka\Documents\Reusable Assets\Products\output\xml\SD - Cegeka Cloud Shared NAS Services [PRD.0.L.109][PV0.8][DV1.3]_mapped.xml
[2026-03-18 14:42:31] RUN xml_to_docx.py -> C:\Users\koengo\OneDrive - Cegeka\Documents\Reusable Assets\Products\output\xml\SD - Cegeka Cloud Shared NAS Services [PRD.0.L.109][PV0.8][DV1.3]_mapped.xml
[2026-03-18 14:42:32] PIPELINE OK
[2026-03-18 14:48:14] START PIPELINE for C:\Users\koengo\Cegeka\Product Management - Product Management Library\Business Line - Cloud and Digital Platforms\[0.L] Outsourcing Services\SD - Cegeka Cloud Shared NAS Services [PRD.0.L.109][PV0.8][DV1.3].docx
[2026-03-18 14:48:14] RUN extract_html.py -> C:\Users\koengo\Cegeka\Product Management - Product Management Library\Business Line - Cloud and Digital Platforms\[0.L] Outsourcing Services\SD - Cegeka Cloud Shared NAS Services [PRD.0.L.109][PV0.8][DV1.3].docx
[2026-03-18 14:48:14] START extract_html for: C:\Users\koengo\Cegeka\Product Management - Product Management Library\Business Line - Cloud and Digital Platforms\[0.L] Outsourcing Services\SD - Cegeka Cloud Shared NAS Services [PRD.0.L.109][PV0.8][DV1.3].docx
[2026-03-18 14:48:14] HTML saved: extracted_html\SD - Cegeka Cloud Shared NAS Services [PRD.0.L.109][PV0.8][DV1.3].html
[2026-03-18 14:48:14] extract_html OK
[2026-03-18 14:48:14] RUN parse_html_sections.py -> C:\Users\koengo\OneDrive - Cegeka\Documents\Reusable Assets\Products\extracted_html\SD - Cegeka Cloud Shared NAS Services [PRD.0.L.109][PV0.8][DV1.3].html
[2026-03-18 14:48:14] START parse_html for: C:\Users\koengo\OneDrive - Cegeka\Documents\Reusable Assets\Products\extracted_html\SD - Cegeka Cloud Shared NAS Services [PRD.0.L.109][PV0.8][DV1.3].html
[2026-03-18 14:48:15] PARSE OK → output\json\SD - Cegeka Cloud Shared NAS Services [PRD.0.L.109][PV0.8][DV1.3].json
[2026-03-18 14:48:15] RUN auto_map_sections.py -> C:\Users\koengo\OneDrive - Cegeka\Documents\Reusable Assets\Products\output\json\SD - Cegeka Cloud Shared NAS Services [PRD.0.L.109][PV0.8][DV1.3].json
[2026-03-18 14:48:15] START auto_map for: C:\Users\koengo\OneDrive - Cegeka\Documents\Reusable Assets\Products\output\json\SD - Cegeka Cloud Shared NAS Services [PRD.0.L.109][PV0.8][DV1.3].json
[2026-03-18 14:48:15] auto_map OK → output\mapped\SD - Cegeka Cloud Shared NAS Services [PRD.0.L.109][PV0.8][DV1.3]_mapped.json
[2026-03-18 14:48:15] JSON->XML OK -> C:\Users\koengo\OneDrive - Cegeka\Documents\Reusable Assets\Products\output\xml\SD - Cegeka Cloud Shared NAS Services [PRD.0.L.109][PV0.8][DV1.3]_mapped.xml
[2026-03-18 14:48:15] RUN xml_to_docx.py -> C:\Users\koengo\OneDrive - Cegeka\Documents\Reusable Assets\Products\output\xml\SD - Cegeka Cloud Shared NAS Services [PRD.0.L.109][PV0.8][DV1.3]_mapped.xml
[2026-03-18 14:48:15] PIPELINE OK
[2026-03-18 15:02:03] START PIPELINE for C:\Users\koengo\Cegeka\Product Management - Product Management Library\Business Line - Cloud and Digital Platforms\[0.L] Outsourcing Services\SD - Cegeka Cloud Shared NAS Services [PRD.0.L.109][PV0.8][DV1.3].docx
[2026-03-18 15:02:03] RUN extract_html.py -> C:\Users\koengo\Cegeka\Product Management - Product Management Library\Business Line - Cloud and Digital Platforms\[0.L] Outsourcing Services\SD - Cegeka Cloud Shared NAS Services [PRD.0.L.109][PV0.8][DV1.3].docx
[2026-03-18 15:02:04] START extract_html for: C:\Users\koengo\Cegeka\Product Management - Product Management Library\Business Line - Cloud and Digital Platforms\[0.L] Outsourcing Services\SD - Cegeka Cloud Shared NAS Services [PRD.0.L.109][PV0.8][DV1.3].docx
[2026-03-18 15:02:04] HTML saved: extracted_html\SD - Cegeka Cloud Shared NAS Services [PRD.0.L.109][PV0.8][DV1.3].html
[2026-03-18 15:02:04] extract_html OK
[2026-03-18 15:02:04] RUN parse_html_sections.py -> C:\Users\koengo\OneDrive - Cegeka\Documents\Reusable Assets\Products\extracted_html\SD - Cegeka Cloud Shared NAS Services [PRD.0.L.109][PV0.8][DV1.3].html
[2026-03-18 15:02:04] START parse_html for: C:\Users\koengo\OneDrive - Cegeka\Documents\Reusable Assets\Products\extracted_html\SD - Cegeka Cloud Shared NAS Services [PRD.0.L.109][PV0.8][DV1.3].html
[2026-03-18 15:02:05] PARSE OK → output\json\SD - Cegeka Cloud Shared NAS Services [PRD.0.L.109][PV0.8][DV1.3].json
[2026-03-18 15:02:05] RUN auto_map_sections.py -> C:\Users\koengo\OneDrive - Cegeka\Documents\Reusable Assets\Products\output\json\SD - Cegeka Cloud Shared NAS Services [PRD.0.L.109][PV0.8][DV1.3].json
[2026-03-18 15:02:05] START auto_map for: C:\Users\koengo\OneDrive - Cegeka\Documents\Reusable Assets\Products\output\json\SD - Cegeka Cloud Shared NAS Services [PRD.0.L.109][PV0.8][DV1.3].json
[2026-03-18 15:02:05] auto_map OK → output\mapped\SD - Cegeka Cloud Shared NAS Services [PRD.0.L.109][PV0.8][DV1.3]_mapped.json
[2026-03-18 15:02:05] JSON->XML OK -> C:\Users\koengo\OneDrive - Cegeka\Documents\Reusable Assets\Products\output\xml\SD - Cegeka Cloud Shared NAS Services [PRD.0.L.109][PV0.8][DV1.3]_mapped.xml
[2026-03-18 15:02:05] RUN xml_to_docx.py -> C:\Users\koengo\OneDrive - Cegeka\Documents\Reusable Assets\Products\output\xml\SD - Cegeka Cloud Shared NAS Services [PRD.0.L.109][PV0.8][DV1.3]_mapped.xml
[2026-03-18 15:02:05] PIPELINE OK
