[2026-03-17 23:34:06] [TID:22228] Start processing SD: SD - TAM Secure File Transfer Liquidfiles [PRD.0.L.187][PV0.7][DV1.0].docx
[2026-03-17 23:34:06] [TID:22228] Extracting HTML...
[2026-03-17 23:34:08] [TID:22228] ERROR SD - TAM Secure File Transfer Liquidfiles [PRD.0.L.187][PV0.7][DV1.0].docx: Command '['C:\\Users\\koengo\\AppData\\Local\\Programs\\Python\\Python312\\python.exe', 'C:\\Users\\koengo\\OneDrive - Cegeka\\Documents\\Reusable Assets\\Products\\scripts\\extract_html.py', 'C:\\Users\\koengo\\Cegeka\\Product Management - Product Management Library\\Business Line - Cloud and Digital Platforms\\[0.L] Outsourcing Services\\SD - TAM Secure File Transfer Liquidfiles [PRD.0.L.187][PV0.7][DV1.0].docx']' returned non-zero exit status 1.
[2026-03-17 23:39:27] [TID:22428] START SD - TAM Secure File Transfer Liquidfiles [PRD.0.L.187][PV0.7][DV1.0].docx
[2026-03-17 23:39:27] [TID:22428] Extracting HTML...
[2026-03-17 23:39:29] [TID:22428] ERROR SD - TAM Secure File Transfer Liquidfiles [PRD.0.L.187][PV0.7][DV1.0].docx: Command '['C:\\Users\\koengo\\AppData\\Local\\Programs\\Python\\Python312\\python.exe', 'C:\\Users\\koengo\\OneDrive - Cegeka\\Documents\\Reusable Assets\\Products\\scripts\\extract_html.py', 'C:\\Users\\koengo\\Cegeka\\Product Management - Product Management Library\\Business Line - Cloud and Digital Platforms\\[0.L] Outsourcing Services\\SD - TAM Secure File Transfer Liquidfiles [PRD.0.L.187][PV0.7][DV1.0].docx']' returned non-zero exit status 1.
[2026-03-17 23:44:39] [TID:22760] START SD - TAM Secure File Transfer Liquidfiles [PRD.0.L.187][PV0.7][DV1.0].docx
[2026-03-17 23:44:39] [TID:22760] Extracting HTML...
[2026-03-17 23:44:40] [TID:22760] ERROR SD - TAM Secure File Transfer Liquidfiles [PRD.0.L.187][PV0.7][DV1.0].docx: Command '['C:\\Users\\koengo\\AppData\\Local\\Programs\\Python\\Python312\\python.exe', 'C:\\Users\\koengo\\OneDrive - Cegeka\\Documents\\Reusable Assets\\Products\\scripts\\extract_html.py', 'C:\\Users\\koengo\\Cegeka\\Product Management - Product Management Library\\Business Line - Cloud and Digital Platforms\\[0.L] Outsourcing Services\\SD - TAM Secure File Transfer Liquidfiles [PRD.0.L.187][PV0.7][DV1.0].docx']' returned non-zero exit status 1.
[2026-03-17 23:47:07] [TID:16752] START SD - TAM Secure File Transfer Liquidfiles [PRD.0.L.187][PV0.7][DV1.0].docx
[2026-03-17 23:47:07] [TID:16752] Extracting HTML...
[2026-03-17 23:47:09] [TID:16752] ERROR SD - TAM Secure File Transfer Liquidfiles [PRD.0.L.187][PV0.7][DV1.0].docx: Command '['C:\\Users\\koengo\\AppData\\Local\\Programs\\Python\\Python312\\python.exe', 'C:\\Users\\koengo\\OneDrive - Cegeka\\Documents\\Reusable Assets\\Products\\scripts\\extract_html.py', 'C:\\Users\\koengo\\Cegeka\\Product Management - Product Management Library\\Business Line - Cloud and Digital Platforms\\[0.L] Outsourcing Services\\SD - TAM Secure File Transfer Liquidfiles [PRD.0.L.187][PV0.7][DV1.0].docx']' returned non-zero exit status 1.
[2026-03-17 23:54:36] [TID:21020] START SD - TAM Secure File Transfer Liquidfiles [PRD.0.L.187][PV0.7][DV1.0].docx
[2026-03-17 23:54:36] [TID:21020] Extracting HTML...
[2026-03-17 23:54:37] [TID:21020] ERROR SD - TAM Secure File Transfer Liquidfiles [PRD.0.L.187][PV0.7][DV1.0].docx: Command '['C:\\Users\\koengo\\AppData\\Local\\Programs\\Python\\Python312\\python.exe', 'C:\\Users\\koengo\\OneDrive - Cegeka\\Documents\\Reusable Assets\\Products\\scripts\\extract_html.py', 'C:\\Users\\koengo\\Cegeka\\Product Management - Product Management Library\\Business Line - Cloud and Digital Platforms\\[0.L] Outsourcing Services\\SD - TAM Secure File Transfer Liquidfiles [PRD.0.L.187][PV0.7][DV1.0].docx']' returned non-zero exit status 1.
[2026-03-18 00:02:02] [TID:27268] START SD - TAM Secure File Transfer Liquidfiles [PRD.0.L.187][PV0.7][DV1.0].docx
[2026-03-18 00:02:02] [TID:27268] Extracting HTML...
[2026-03-18 00:02:03] [TID:27268] ERROR SD - TAM Secure File Transfer Liquidfiles [PRD.0.L.187][PV0.7][DV1.0].docx: Command '['C:\\Users\\koengo\\AppData\\Local\\Programs\\Python\\Python312\\python.exe', 'C:\\Users\\koengo\\OneDrive - Cegeka\\Documents\\Reusable Assets\\Products\\scripts\\extract_html.py', 'C:\\Users\\koengo\\Cegeka\\Product Management - Product Management Library\\Business Line - Cloud and Digital Platforms\\[0.L] Outsourcing Services\\SD - TAM Secure File Transfer Liquidfiles [PRD.0.L.187][PV0.7][DV1.0].docx']' returned non-zero exit status 1.
[2026-03-18 00:11:14] [TID:6988] START SD - TAM Secure File Transfer Liquidfiles [PRD.0.L.187][PV0.7][DV1.0].docx
[2026-03-18 00:11:14] [TID:6988] Extracting HTML...
[2026-03-18 00:11:15] [TID:6988] ERROR SD - TAM Secure File Transfer Liquidfiles [PRD.0.L.187][PV0.7][DV1.0].docx: Command '['C:\\Users\\koengo\\AppData\\Local\\Programs\\Python\\Python312\\python.exe', 'C:\\Users\\koengo\\OneDrive - Cegeka\\Documents\\Reusable Assets\\Products\\scripts\\extract_html.py', 'C:\\Users\\koengo\\Cegeka\\Product Management - Product Management Library\\Business Line - Cloud and Digital Platforms\\[0.L] Outsourcing Services\\SD - TAM Secure File Transfer Liquidfiles [PRD.0.L.187][PV0.7][DV1.0].docx']' returned non-zero exit status 1.
[2026-03-18 00:24:30] [TID:14908] START SD - TAM Secure File Transfer Liquidfiles [PRD.0.L.187][PV0.7][DV1.0].docx
[2026-03-18 00:24:30] [TID:14908] [DEBUG] Running step: extract_html
[2026-03-18 00:24:30] [TID:14908] [DEBUG] Command: ['C:\\Users\\koengo\\AppData\\Local\\Programs\\Python\\Python312\\python.exe', 'C:\\Users\\koengo\\OneDrive - Cegeka\\Documents\\Reusable Assets\\Products\\scripts\\extract_html.py', 'C:\\Users\\koengo\\Cegeka\\Product Management - Product Management Library\\Business Line - Cloud and Digital Platforms\\[0.L] Outsourcing Services\\SD - TAM Secure File Transfer Liquidfiles [PRD.0.L.187][PV0.7][DV1.0].docx']
[2026-03-18 00:24:31] [TID:14908] [DEBUG][stderr] Traceback (most recent call last):
  File "C:\Users\koengo\OneDrive - Cegeka\Documents\Reusable Assets\Products\scripts\extract_html.py", line 17, in <module>
    print(f"\u2714 HTML saved \u2192 {out_file}")
  File "C:\Users\koengo\AppData\Local\Programs\Python\Python312\Lib\encodings\cp1252.py", line 19, in encode
    return codecs.charmap_encode(input,self.errors,encoding_table)[0]
           ^^^^^^^^^^^^^^^^^^^^^^^^^^^^^^^^^^^^^^^^^^^^^^^^^^^^^^^
UnicodeEncodeError: 'charmap' codec can't encode character '\u2714' in position 0: character maps to <undefined>

[2026-03-18 00:24:31] [TID:14908] ERROR SD - TAM Secure File Transfer Liquidfiles [PRD.0.L.187][PV0.7][DV1.0].docx: [extract_html] FAILED with exit code 1
[2026-03-18 00:28:31] [TID:29492] START SD - TAM Secure File Transfer Liquidfiles [PRD.0.L.187][PV0.7][DV1.0].docx
[2026-03-18 00:28:31] [TID:29492] [DEBUG] Running step: extract_html
[2026-03-18 00:28:31] [TID:29492] [DEBUG] Command: ['C:\\Users\\koengo\\AppData\\Local\\Programs\\Python\\Python312\\python.exe', 'C:\\Users\\koengo\\OneDrive - Cegeka\\Documents\\Reusable Assets\\Products\\scripts\\extract_html.py', 'C:\\Users\\koengo\\Cegeka\\Product Management - Product Management Library\\Business Line - Cloud and Digital Platforms\\[0.L] Outsourcing Services\\SD - TAM Secure File Transfer Liquidfiles [PRD.0.L.187][PV0.7][DV1.0].docx']
[2026-03-18 00:28:32] [TID:29492] [DEBUG][stderr] Traceback (most recent call last):
  File "C:\Users\koengo\OneDrive - Cegeka\Documents\Reusable Assets\Products\scripts\extract_html.py", line 17, in <module>
    print(f"\u2714 HTML saved \u2192 {out_file}")
  File "C:\Users\koengo\AppData\Local\Programs\Python\Python312\Lib\encodings\cp1252.py", line 19, in encode
    return codecs.charmap_encode(input,self.errors,encoding_table)[0]
           ^^^^^^^^^^^^^^^^^^^^^^^^^^^^^^^^^^^^^^^^^^^^^^^^^^^^^^^
UnicodeEncodeError: 'charmap' codec can't encode character '\u2714' in position 0: character maps to <undefined>

[2026-03-18 00:28:32] [TID:29492] ERROR SD - TAM Secure File Transfer Liquidfiles [PRD.0.L.187][PV0.7][DV1.0].docx: [extract_html] FAILED with exit code 1
[2026-03-18 00:39:31] [TID:22268] START SD - TAM Secure File Transfer Liquidfiles [PRD.0.L.187][PV0.7][DV1.0].docx
[2026-03-18 00:39:31] [TID:22268] [DEBUG] Running step: extract_html
[2026-03-18 00:39:31] [TID:22268] [DEBUG] Command: ['C:\\Users\\koengo\\AppData\\Local\\Programs\\Python\\Python312\\python.exe', 'C:\\Users\\koengo\\OneDrive - Cegeka\\Documents\\Reusable Assets\\Products\\scripts\\extract_html.py', 'C:\\Users\\koengo\\Cegeka\\Product Management - Product Management Library\\Business Line - Cloud and Digital Platforms\\[0.L] Outsourcing Services\\SD - TAM Secure File Transfer Liquidfiles [PRD.0.L.187][PV0.7][DV1.0].docx']
[2026-03-18 00:39:32] [TID:22268] [DEBUG][stderr] Traceback (most recent call last):
  File "C:\Users\koengo\OneDrive - Cegeka\Documents\Reusable Assets\Products\scripts\extract_html.py", line 17, in <module>
    print(f"\u2714 HTML saved \u2192 {out_file}")
  File "C:\Users\koengo\AppData\Local\Programs\Python\Python312\Lib\encodings\cp1252.py", line 19, in encode
    return codecs.charmap_encode(input,self.errors,encoding_table)[0]
           ^^^^^^^^^^^^^^^^^^^^^^^^^^^^^^^^^^^^^^^^^^^^^^^^^^^^^^^
UnicodeEncodeError: 'charmap' codec can't encode character '\u2714' in position 0: character maps to <undefined>

[2026-03-18 00:39:32] [TID:22268] ERROR SD - TAM Secure File Transfer Liquidfiles [PRD.0.L.187][PV0.7][DV1.0].docx: [extract_html] FAILED with exit code 1
[2026-03-18 00:51:52] [TID:1204] START SD - TAM Secure File Transfer Liquidfiles [PRD.0.L.187][PV0.7][DV1.0].docx
[2026-03-18 00:51:52] [TID:1204] [DEBUG] Running step: extract_html
[2026-03-18 00:51:52] [TID:1204] [DEBUG] Command: ['C:\\Users\\koengo\\AppData\\Local\\Programs\\Python\\Python312\\python.exe', 'C:\\Users\\koengo\\OneDrive - Cegeka\\Documents\\Reusable Assets\\Products\\scripts\\extract_html.py', 'C:\\Users\\koengo\\Cegeka\\Product Management - Product Management Library\\Business Line - Cloud and Digital Platforms\\[0.L] Outsourcing Services\\SD - TAM Secure File Transfer Liquidfiles [PRD.0.L.187][PV0.7][DV1.0].docx']
[2026-03-18 00:51:53] [TID:1204] [DEBUG][stdout] ✔ HTML saved for SD - TAM Secure File Transfer Liquidfiles [PRD.0.L.187][PV0.7][DV1.0].docx

[2026-03-18 00:51:53] [TID:1204] [DEBUG] Step 'extract_html' OK
[2026-03-18 00:51:53] [TID:1204] [DEBUG] Running step: parse_html
[2026-03-18 00:51:53] [TID:1204] [DEBUG] Command: ['C:\\Users\\koengo\\AppData\\Local\\Programs\\Python\\Python312\\python.exe', 'C:\\Users\\koengo\\OneDrive - Cegeka\\Documents\\Reusable Assets\\Products\\scripts\\parse_html_sections.py', 'extracted_html\\SD - TAM Secure File Transfer Liquidfiles [PRD.0.L.187][PV0.7][DV1.0].html']
[2026-03-18 00:51:53] [TID:1204] [DEBUG][stdout] ✔ Robust parsed → output\json\SD - TAM Secure File Transfer Liquidfiles [PRD.0.L.187][PV0.7][DV1.0].json

[2026-03-18 00:51:53] [TID:1204] [DEBUG] Step 'parse_html' OK
[2026-03-18 00:51:53] [TID:1204] [DEBUG] Running step: auto_map
[2026-03-18 00:51:53] [TID:1204] [DEBUG] Command: ['C:\\Users\\koengo\\AppData\\Local\\Programs\\Python\\Python312\\python.exe', 'C:\\Users\\koengo\\OneDrive - Cegeka\\Documents\\Reusable Assets\\Products\\scripts\\auto_map_sections.py', 'output\\json\\SD - TAM Secure File Transfer Liquidfiles [PRD.0.L.187][PV0.7][DV1.0].json']
[2026-03-18 00:51:53] [TID:1204] [DEBUG][stderr]   File "C:\Users\koengo\OneDrive - Cegeka\Documents\Reusable Assets\Products\scripts\auto_map_sections.py", line 26
    ``
    ^
SyntaxError: invalid syntax

[2026-03-18 00:51:53] [TID:1204] ERROR SD - TAM Secure File Transfer Liquidfiles [PRD.0.L.187][PV0.7][DV1.0].docx: [auto_map] FAILED with exit code 1
[2026-03-18 01:01:10] [TID:28604] START SD - TAM Secure File Transfer Liquidfiles [PRD.0.L.187][PV0.7][DV1.0].docx
[2026-03-18 01:01:10] [TID:28604] [DEBUG] Running step: extract_html
[2026-03-18 01:01:10] [TID:28604] [DEBUG] Command: ['C:\\Users\\koengo\\AppData\\Local\\Programs\\Python\\Python312\\python.exe', 'C:\\Users\\koengo\\OneDrive - Cegeka\\Documents\\Reusable Assets\\Products\\scripts\\extract_html.py', 'C:\\Users\\koengo\\Cegeka\\Product Management - Product Management Library\\Business Line - Cloud and Digital Platforms\\[0.L] Outsourcing Services\\SD - TAM Secure File Transfer Liquidfiles [PRD.0.L.187][PV0.7][DV1.0].docx']
[2026-03-18 01:01:11] [TID:28604] [DEBUG][stdout] ✔ HTML saved for SD - TAM Secure File Transfer Liquidfiles [PRD.0.L.187][PV0.7][DV1.0].docx

[2026-03-18 01:01:11] [TID:28604] [DEBUG] Step 'extract_html' OK
[2026-03-18 01:01:11] [TID:28604] [DEBUG] Running step: parse_html
[2026-03-18 01:01:11] [TID:28604] [DEBUG] Command: ['C:\\Users\\koengo\\AppData\\Local\\Programs\\Python\\Python312\\python.exe', 'C:\\Users\\koengo\\OneDrive - Cegeka\\Documents\\Reusable Assets\\Products\\scripts\\parse_html_sections.py', 'extracted_html\\SD - TAM Secure File Transfer Liquidfiles [PRD.0.L.187][PV0.7][DV1.0].html']
[2026-03-18 01:01:11] [TID:28604] [DEBUG][stdout] ✔ Robust parsed → output\json\SD - TAM Secure File Transfer Liquidfiles [PRD.0.L.187][PV0.7][DV1.0].json

[2026-03-18 01:01:11] [TID:28604] [DEBUG] Step 'parse_html' OK
[2026-03-18 01:01:11] [TID:28604] [DEBUG] Running step: auto_map
[2026-03-18 01:01:12] [TID:28604] [DEBUG] Command: ['C:\\Users\\koengo\\AppData\\Local\\Programs\\Python\\Python312\\python.exe', 'C:\\Users\\koengo\\OneDrive - Cegeka\\Documents\\Reusable Assets\\Products\\scripts\\auto_map_sections.py', 'output\\json\\SD - TAM Secure File Transfer Liquidfiles [PRD.0.L.187][PV0.7][DV1.0].json']
[2026-03-18 01:01:12] [TID:28604] [DEBUG][stderr]   File "C:\Users\koengo\OneDrive - Cegeka\Documents\Reusable Assets\Products\scripts\auto_map_sections.py", line 26
    ``
    ^
SyntaxError: invalid syntax

[2026-03-18 01:01:12] [TID:28604] ERROR SD - TAM Secure File Transfer Liquidfiles [PRD.0.L.187][PV0.7][DV1.0].docx: [auto_map] FAILED with exit code 1
[2026-03-18 01:16:46] [TID:28776] START SD - TAM Secure File Transfer Liquidfiles [PRD.0.L.187][PV0.7][DV1.0].docx
[2026-03-18 01:16:46] [TID:28776] [DEBUG] Running step: extract_html
[2026-03-18 01:16:46] [TID:28776] [DEBUG] Command: ['C:\\Users\\koengo\\AppData\\Local\\Programs\\Python\\Python312\\python.exe', 'C:\\Users\\koengo\\OneDrive - Cegeka\\Documents\\Reusable Assets\\Products\\scripts\\extract_html.py', 'C:\\Users\\koengo\\Cegeka\\Product Management - Product Management Library\\Business Line - Cloud and Digital Platforms\\[0.L] Outsourcing Services\\SD - TAM Secure File Transfer Liquidfiles [PRD.0.L.187][PV0.7][DV1.0].docx']
[2026-03-18 01:16:47] [TID:28776] [DEBUG][stdout] ✔ HTML saved for SD - TAM Secure File Transfer Liquidfiles [PRD.0.L.187][PV0.7][DV1.0].docx

[2026-03-18 01:16:47] [TID:28776] [DEBUG] Step 'extract_html' OK
[2026-03-18 01:16:47] [TID:28776] [DEBUG] Running step: parse_html
[2026-03-18 01:16:47] [TID:28776] [DEBUG] Command: ['C:\\Users\\koengo\\AppData\\Local\\Programs\\Python\\Python312\\python.exe', 'C:\\Users\\koengo\\OneDrive - Cegeka\\Documents\\Reusable Assets\\Products\\scripts\\parse_html_sections.py', 'extracted_html\\SD - TAM Secure File Transfer Liquidfiles [PRD.0.L.187][PV0.7][DV1.0].html']
[2026-03-18 01:16:47] [TID:28776] [DEBUG][stdout] ✔ Robust parsed → output\json\SD - TAM Secure File Transfer Liquidfiles [PRD.0.L.187][PV0.7][DV1.0].json

[2026-03-18 01:16:47] [TID:28776] [DEBUG] Step 'parse_html' OK
[2026-03-18 01:16:47] [TID:28776] [DEBUG] Running step: auto_map
[2026-03-18 01:16:47] [TID:28776] [DEBUG] Command: ['C:\\Users\\koengo\\AppData\\Local\\Programs\\Python\\Python312\\python.exe', 'C:\\Users\\koengo\\OneDrive - Cegeka\\Documents\\Reusable Assets\\Products\\scripts\\auto_map_sections.py', 'output\\json\\SD - TAM Secure File Transfer Liquidfiles [PRD.0.L.187][PV0.7][DV1.0].json']
[2026-03-18 01:16:47] [TID:28776] [DEBUG][stderr]   File "C:\Users\koengo\OneDrive - Cegeka\Documents\Reusable Assets\Products\scripts\auto_map_sections.py", line 26
    ``
    ^
SyntaxError: invalid syntax

[2026-03-18 01:16:47] [TID:28776] ERROR SD - TAM Secure File Transfer Liquidfiles [PRD.0.L.187][PV0.7][DV1.0].docx: [auto_map] FAILED with exit code 1
[2026-03-18 01:30:47] [TID:940] START SD - TAM Secure File Transfer Liquidfiles [PRD.0.L.187][PV0.7][DV1.0].docx
[2026-03-18 01:30:47] [TID:940] [DEBUG] Running step: extract_html
[2026-03-18 01:30:47] [TID:940] [DEBUG] Command: ['C:\\Users\\koengo\\AppData\\Local\\Programs\\Python\\Python312\\python.exe', 'C:\\Users\\koengo\\OneDrive - Cegeka\\Documents\\Reusable Assets\\Products\\scripts\\extract_html.py', 'C:\\Users\\koengo\\Cegeka\\Product Management - Product Management Library\\Business Line - Cloud and Digital Platforms\\[0.L] Outsourcing Services\\SD - TAM Secure File Transfer Liquidfiles [PRD.0.L.187][PV0.7][DV1.0].docx']
[2026-03-18 01:30:47] [TID:940] [DEBUG][stderr]   File "C:\Users\koengo\OneDrive - Cegeka\Documents\Reusable Assets\Products\scripts\extract_html.py", line 31
    ``
    ^
SyntaxError: invalid syntax

[2026-03-18 01:30:47] [TID:940] ERROR SD - TAM Secure File Transfer Liquidfiles [PRD.0.L.187][PV0.7][DV1.0].docx: [extract_html] FAILED with exit code 1
[2026-03-18 01:33:05] [TID:19504] START SD - TAM Secure File Transfer Liquidfiles [PRD.0.L.187][PV0.7][DV1.0].docx
[2026-03-18 01:33:05] [TID:19504] [DEBUG] Running step: extract_html
[2026-03-18 01:33:05] [TID:19504] [DEBUG] Command: ['C:\\Users\\koengo\\AppData\\Local\\Programs\\Python\\Python312\\python.exe', 'C:\\Users\\koengo\\OneDrive - Cegeka\\Documents\\Reusable Assets\\Products\\scripts\\extract_html.py', 'C:\\Users\\koengo\\Cegeka\\Product Management - Product Management Library\\Business Line - Cloud and Digital Platforms\\[0.L] Outsourcing Services\\SD - TAM Secure File Transfer Liquidfiles [PRD.0.L.187][PV0.7][DV1.0].docx']
[2026-03-18 01:33:05] [TID:19504] [DEBUG][stdout] HTML saved: SD - TAM Secure File Transfer Liquidfiles [PRD.0.L.187][PV0.7][DV1.0].html

[2026-03-18 01:33:05] [TID:19504] [DEBUG] Step 'extract_html' OK
[2026-03-18 01:33:05] [TID:19504] [DEBUG] Running step: parse_html
[2026-03-18 01:33:05] [TID:19504] [DEBUG] Command: ['C:\\Users\\koengo\\AppData\\Local\\Programs\\Python\\Python312\\python.exe', 'C:\\Users\\koengo\\OneDrive - Cegeka\\Documents\\Reusable Assets\\Products\\scripts\\parse_html_sections.py', 'extracted_html\\SD - TAM Secure File Transfer Liquidfiles [PRD.0.L.187][PV0.7][DV1.0].html']
[2026-03-18 01:33:06] [TID:19504] [DEBUG][stdout] ✔ Robust parsed → output\json\SD - TAM Secure File Transfer Liquidfiles [PRD.0.L.187][PV0.7][DV1.0].json

[2026-03-18 01:33:06] [TID:19504] [DEBUG] Step 'parse_html' OK
[2026-03-18 01:33:06] [TID:19504] [DEBUG] Running step: auto_map
[2026-03-18 01:33:06] [TID:19504] [DEBUG] Command: ['C:\\Users\\koengo\\AppData\\Local\\Programs\\Python\\Python312\\python.exe', 'C:\\Users\\koengo\\OneDrive - Cegeka\\Documents\\Reusable Assets\\Products\\scripts\\auto_map_sections.py', 'output\\json\\SD - TAM Secure File Transfer Liquidfiles [PRD.0.L.187][PV0.7][DV1.0].json']
[2026-03-18 01:33:06] [TID:19504] [DEBUG][stderr]   File "C:\Users\koengo\OneDrive - Cegeka\Documents\Reusable Assets\Products\scripts\auto_map_sections.py", line 26
    ``
    ^
SyntaxError: invalid syntax

[2026-03-18 01:33:06] [TID:19504] ERROR SD - TAM Secure File Transfer Liquidfiles [PRD.0.L.187][PV0.7][DV1.0].docx: [auto_map] FAILED with exit code 1
[2026-03-18 01:40:15] [TID:5648] START SD - TAM Secure File Transfer Liquidfiles [PRD.0.L.187][PV0.7][DV1.0].docx
[2026-03-18 01:40:15] [TID:5648] [DEBUG] Running step: extract_html
[2026-03-18 01:40:15] [TID:5648] [DEBUG] Command: ['C:\\Users\\koengo\\AppData\\Local\\Programs\\Python\\Python312\\python.exe', 'C:\\Users\\koengo\\OneDrive - Cegeka\\Documents\\Reusable Assets\\Products\\scripts\\extract_html.py', 'C:\\Users\\koengo\\Cegeka\\Product Management - Product Management Library\\Business Line - Cloud and Digital Platforms\\[0.L] Outsourcing Services\\SD - TAM Secure File Transfer Liquidfiles [PRD.0.L.187][PV0.7][DV1.0].docx']
[2026-03-18 01:40:16] [TID:5648] [DEBUG][stdout] HTML saved: SD - TAM Secure File Transfer Liquidfiles [PRD.0.L.187][PV0.7][DV1.0].html

[2026-03-18 01:40:16] [TID:5648] [DEBUG] Step 'extract_html' OK
[2026-03-18 01:40:16] [TID:5648] [DEBUG] Running step: parse_html
[2026-03-18 01:40:16] [TID:5648] [DEBUG] Command: ['C:\\Users\\koengo\\AppData\\Local\\Programs\\Python\\Python312\\python.exe', 'C:\\Users\\koengo\\OneDrive - Cegeka\\Documents\\Reusable Assets\\Products\\scripts\\parse_html_sections.py', 'extracted_html\\SD - TAM Secure File Transfer Liquidfiles [PRD.0.L.187][PV0.7][DV1.0].html']
[2026-03-18 01:40:17] [TID:5648] [DEBUG][stdout] ✔ Robust parsed → output\json\SD - TAM Secure File Transfer Liquidfiles [PRD.0.L.187][PV0.7][DV1.0].json

[2026-03-18 01:40:17] [TID:5648] [DEBUG] Step 'parse_html' OK
[2026-03-18 01:40:17] [TID:5648] [DEBUG] Running step: auto_map
[2026-03-18 01:40:17] [TID:5648] [DEBUG] Command: ['C:\\Users\\koengo\\AppData\\Local\\Programs\\Python\\Python312\\python.exe', 'C:\\Users\\koengo\\OneDrive - Cegeka\\Documents\\Reusable Assets\\Products\\scripts\\auto_map_sections.py', 'output\\json\\SD - TAM Secure File Transfer Liquidfiles [PRD.0.L.187][PV0.7][DV1.0].json']
[2026-03-18 01:40:17] [TID:5648] [DEBUG][stderr]   File "C:\Users\koengo\OneDrive - Cegeka\Documents\Reusable Assets\Products\scripts\auto_map_sections.py", line 26
    ``
    ^
SyntaxError: invalid syntax

[2026-03-18 01:40:17] [TID:5648] ERROR SD - TAM Secure File Transfer Liquidfiles [PRD.0.L.187][PV0.7][DV1.0].docx: [auto_map] FAILED with exit code 1
